[2024-09-20T00:00:15.187+0000] {processor.py:186} INFO - Started process (PID=463) to work on /opt/airflow/dags/collect_jw_ocl_data.py
[2024-09-20T00:00:15.188+0000] {processor.py:914} INFO - Processing file /opt/airflow/dags/collect_jw_ocl_data.py for tasks to queue
[2024-09-20T00:00:15.193+0000] {logging_mixin.py:190} INFO - [2024-09-20T00:00:15.192+0000] {dagbag.py:587} INFO - Filling up the DagBag from /opt/airflow/dags/collect_jw_ocl_data.py
[2024-09-20T00:00:15.216+0000] {processor.py:925} INFO - DAG(s) 'jw_ocl_guide' retrieved from /opt/airflow/dags/collect_jw_ocl_data.py
[2024-09-20T00:00:15.264+0000] {logging_mixin.py:190} INFO - [2024-09-20T00:00:15.264+0000] {dag.py:3211} INFO - Sync 1 DAGs
[2024-09-20T00:00:15.405+0000] {processor.py:208} INFO - Processing /opt/airflow/dags/collect_jw_ocl_data.py took 0.231 seconds
[2024-09-20T00:00:45.861+0000] {processor.py:186} INFO - Started process (PID=473) to work on /opt/airflow/dags/collect_jw_ocl_data.py
[2024-09-20T00:00:45.862+0000] {processor.py:914} INFO - Processing file /opt/airflow/dags/collect_jw_ocl_data.py for tasks to queue
[2024-09-20T00:00:45.869+0000] {logging_mixin.py:190} INFO - [2024-09-20T00:00:45.867+0000] {dagbag.py:587} INFO - Filling up the DagBag from /opt/airflow/dags/collect_jw_ocl_data.py
[2024-09-20T00:00:45.893+0000] {processor.py:925} INFO - DAG(s) 'jw_ocl_guide' retrieved from /opt/airflow/dags/collect_jw_ocl_data.py
[2024-09-20T00:00:45.927+0000] {logging_mixin.py:190} INFO - [2024-09-20T00:00:45.927+0000] {dag.py:3211} INFO - Sync 1 DAGs
[2024-09-20T00:00:45.995+0000] {processor.py:208} INFO - Processing /opt/airflow/dags/collect_jw_ocl_data.py took 0.149 seconds
[2024-09-20T00:01:16.521+0000] {processor.py:186} INFO - Started process (PID=483) to work on /opt/airflow/dags/collect_jw_ocl_data.py
[2024-09-20T00:01:16.523+0000] {processor.py:914} INFO - Processing file /opt/airflow/dags/collect_jw_ocl_data.py for tasks to queue
[2024-09-20T00:01:16.528+0000] {logging_mixin.py:190} INFO - [2024-09-20T00:01:16.528+0000] {dagbag.py:587} INFO - Filling up the DagBag from /opt/airflow/dags/collect_jw_ocl_data.py
[2024-09-20T00:01:16.549+0000] {processor.py:925} INFO - DAG(s) 'jw_ocl_guide' retrieved from /opt/airflow/dags/collect_jw_ocl_data.py
[2024-09-20T00:01:16.583+0000] {logging_mixin.py:190} INFO - [2024-09-20T00:01:16.583+0000] {dag.py:3211} INFO - Sync 1 DAGs
[2024-09-20T00:01:16.660+0000] {processor.py:208} INFO - Processing /opt/airflow/dags/collect_jw_ocl_data.py took 0.150 seconds
[2024-09-20T00:01:47.338+0000] {processor.py:186} INFO - Started process (PID=493) to work on /opt/airflow/dags/collect_jw_ocl_data.py
[2024-09-20T00:01:47.340+0000] {processor.py:914} INFO - Processing file /opt/airflow/dags/collect_jw_ocl_data.py for tasks to queue
[2024-09-20T00:01:47.345+0000] {logging_mixin.py:190} INFO - [2024-09-20T00:01:47.344+0000] {dagbag.py:587} INFO - Filling up the DagBag from /opt/airflow/dags/collect_jw_ocl_data.py
[2024-09-20T00:01:47.385+0000] {processor.py:925} INFO - DAG(s) 'jw_ocl_guide' retrieved from /opt/airflow/dags/collect_jw_ocl_data.py
[2024-09-20T00:01:47.435+0000] {logging_mixin.py:190} INFO - [2024-09-20T00:01:47.435+0000] {dag.py:3211} INFO - Sync 1 DAGs
[2024-09-20T00:01:47.533+0000] {processor.py:208} INFO - Processing /opt/airflow/dags/collect_jw_ocl_data.py took 0.211 seconds
[2024-09-20T00:02:18.080+0000] {processor.py:186} INFO - Started process (PID=503) to work on /opt/airflow/dags/collect_jw_ocl_data.py
[2024-09-20T00:02:18.081+0000] {processor.py:914} INFO - Processing file /opt/airflow/dags/collect_jw_ocl_data.py for tasks to queue
[2024-09-20T00:02:18.085+0000] {logging_mixin.py:190} INFO - [2024-09-20T00:02:18.084+0000] {dagbag.py:587} INFO - Filling up the DagBag from /opt/airflow/dags/collect_jw_ocl_data.py
[2024-09-20T00:02:18.102+0000] {processor.py:925} INFO - DAG(s) 'jw_ocl_guide' retrieved from /opt/airflow/dags/collect_jw_ocl_data.py
[2024-09-20T00:02:18.137+0000] {logging_mixin.py:190} INFO - [2024-09-20T00:02:18.137+0000] {dag.py:3211} INFO - Sync 1 DAGs
[2024-09-20T00:02:18.207+0000] {processor.py:208} INFO - Processing /opt/airflow/dags/collect_jw_ocl_data.py took 0.140 seconds
[2024-09-20T00:02:48.710+0000] {processor.py:186} INFO - Started process (PID=513) to work on /opt/airflow/dags/collect_jw_ocl_data.py
[2024-09-20T00:02:48.711+0000] {processor.py:914} INFO - Processing file /opt/airflow/dags/collect_jw_ocl_data.py for tasks to queue
[2024-09-20T00:02:48.717+0000] {logging_mixin.py:190} INFO - [2024-09-20T00:02:48.716+0000] {dagbag.py:587} INFO - Filling up the DagBag from /opt/airflow/dags/collect_jw_ocl_data.py
[2024-09-20T00:02:48.740+0000] {processor.py:925} INFO - DAG(s) 'jw_ocl_guide' retrieved from /opt/airflow/dags/collect_jw_ocl_data.py
[2024-09-20T00:02:48.786+0000] {logging_mixin.py:190} INFO - [2024-09-20T00:02:48.785+0000] {dag.py:3211} INFO - Sync 1 DAGs
[2024-09-20T00:02:48.871+0000] {processor.py:208} INFO - Processing /opt/airflow/dags/collect_jw_ocl_data.py took 0.173 seconds
[2024-09-20T00:03:19.371+0000] {processor.py:186} INFO - Started process (PID=523) to work on /opt/airflow/dags/collect_jw_ocl_data.py
[2024-09-20T00:03:19.373+0000] {processor.py:914} INFO - Processing file /opt/airflow/dags/collect_jw_ocl_data.py for tasks to queue
[2024-09-20T00:03:19.378+0000] {logging_mixin.py:190} INFO - [2024-09-20T00:03:19.378+0000] {dagbag.py:587} INFO - Filling up the DagBag from /opt/airflow/dags/collect_jw_ocl_data.py
[2024-09-20T00:03:19.401+0000] {processor.py:925} INFO - DAG(s) 'jw_ocl_guide' retrieved from /opt/airflow/dags/collect_jw_ocl_data.py
[2024-09-20T00:03:19.446+0000] {logging_mixin.py:190} INFO - [2024-09-20T00:03:19.445+0000] {dag.py:3211} INFO - Sync 1 DAGs
[2024-09-20T00:03:19.547+0000] {processor.py:208} INFO - Processing /opt/airflow/dags/collect_jw_ocl_data.py took 0.190 seconds
[2024-09-20T00:03:50.191+0000] {processor.py:186} INFO - Started process (PID=533) to work on /opt/airflow/dags/collect_jw_ocl_data.py
[2024-09-20T00:03:50.192+0000] {processor.py:914} INFO - Processing file /opt/airflow/dags/collect_jw_ocl_data.py for tasks to queue
[2024-09-20T00:03:50.197+0000] {logging_mixin.py:190} INFO - [2024-09-20T00:03:50.196+0000] {dagbag.py:587} INFO - Filling up the DagBag from /opt/airflow/dags/collect_jw_ocl_data.py
[2024-09-20T00:03:50.215+0000] {processor.py:925} INFO - DAG(s) 'jw_ocl_guide' retrieved from /opt/airflow/dags/collect_jw_ocl_data.py
[2024-09-20T00:03:50.251+0000] {logging_mixin.py:190} INFO - [2024-09-20T00:03:50.250+0000] {dag.py:3211} INFO - Sync 1 DAGs
[2024-09-20T00:03:50.322+0000] {processor.py:208} INFO - Processing /opt/airflow/dags/collect_jw_ocl_data.py took 0.140 seconds
[2024-09-20T00:04:20.799+0000] {processor.py:186} INFO - Started process (PID=543) to work on /opt/airflow/dags/collect_jw_ocl_data.py
[2024-09-20T00:04:20.800+0000] {processor.py:914} INFO - Processing file /opt/airflow/dags/collect_jw_ocl_data.py for tasks to queue
[2024-09-20T00:04:20.804+0000] {logging_mixin.py:190} INFO - [2024-09-20T00:04:20.804+0000] {dagbag.py:587} INFO - Filling up the DagBag from /opt/airflow/dags/collect_jw_ocl_data.py
[2024-09-20T00:04:20.824+0000] {processor.py:925} INFO - DAG(s) 'jw_ocl_guide' retrieved from /opt/airflow/dags/collect_jw_ocl_data.py
[2024-09-20T00:04:20.857+0000] {logging_mixin.py:190} INFO - [2024-09-20T00:04:20.857+0000] {dag.py:3211} INFO - Sync 1 DAGs
[2024-09-20T00:04:20.928+0000] {processor.py:208} INFO - Processing /opt/airflow/dags/collect_jw_ocl_data.py took 0.139 seconds
[2024-09-20T00:04:51.389+0000] {processor.py:186} INFO - Started process (PID=552) to work on /opt/airflow/dags/collect_jw_ocl_data.py
[2024-09-20T00:04:51.396+0000] {processor.py:914} INFO - Processing file /opt/airflow/dags/collect_jw_ocl_data.py for tasks to queue
[2024-09-20T00:04:51.402+0000] {logging_mixin.py:190} INFO - [2024-09-20T00:04:51.401+0000] {dagbag.py:587} INFO - Filling up the DagBag from /opt/airflow/dags/collect_jw_ocl_data.py
[2024-09-20T00:04:51.440+0000] {processor.py:925} INFO - DAG(s) 'jw_ocl_guide' retrieved from /opt/airflow/dags/collect_jw_ocl_data.py
[2024-09-20T00:04:51.497+0000] {logging_mixin.py:190} INFO - [2024-09-20T00:04:51.497+0000] {dag.py:3211} INFO - Sync 1 DAGs
[2024-09-20T00:04:51.627+0000] {processor.py:208} INFO - Processing /opt/airflow/dags/collect_jw_ocl_data.py took 0.252 seconds
[2024-09-20T00:05:22.289+0000] {processor.py:186} INFO - Started process (PID=561) to work on /opt/airflow/dags/collect_jw_ocl_data.py
[2024-09-20T00:05:22.290+0000] {processor.py:914} INFO - Processing file /opt/airflow/dags/collect_jw_ocl_data.py for tasks to queue
[2024-09-20T00:05:22.296+0000] {logging_mixin.py:190} INFO - [2024-09-20T00:05:22.295+0000] {dagbag.py:587} INFO - Filling up the DagBag from /opt/airflow/dags/collect_jw_ocl_data.py
[2024-09-20T00:05:22.319+0000] {processor.py:925} INFO - DAG(s) 'jw_ocl_guide' retrieved from /opt/airflow/dags/collect_jw_ocl_data.py
[2024-09-20T00:05:22.367+0000] {logging_mixin.py:190} INFO - [2024-09-20T00:05:22.366+0000] {dag.py:3211} INFO - Sync 1 DAGs
[2024-09-20T00:05:22.460+0000] {processor.py:208} INFO - Processing /opt/airflow/dags/collect_jw_ocl_data.py took 0.184 seconds
[2024-09-20T00:05:52.954+0000] {processor.py:186} INFO - Started process (PID=571) to work on /opt/airflow/dags/collect_jw_ocl_data.py
[2024-09-20T00:05:52.956+0000] {processor.py:914} INFO - Processing file /opt/airflow/dags/collect_jw_ocl_data.py for tasks to queue
[2024-09-20T00:05:52.960+0000] {logging_mixin.py:190} INFO - [2024-09-20T00:05:52.959+0000] {dagbag.py:587} INFO - Filling up the DagBag from /opt/airflow/dags/collect_jw_ocl_data.py
[2024-09-20T00:05:52.979+0000] {processor.py:925} INFO - DAG(s) 'jw_ocl_guide' retrieved from /opt/airflow/dags/collect_jw_ocl_data.py
[2024-09-20T00:05:53.014+0000] {logging_mixin.py:190} INFO - [2024-09-20T00:05:53.013+0000] {dag.py:3211} INFO - Sync 1 DAGs
[2024-09-20T00:05:53.084+0000] {processor.py:208} INFO - Processing /opt/airflow/dags/collect_jw_ocl_data.py took 0.142 seconds
[2024-09-20T00:06:23.934+0000] {processor.py:186} INFO - Started process (PID=581) to work on /opt/airflow/dags/collect_jw_ocl_data.py
[2024-09-20T00:06:23.935+0000] {processor.py:914} INFO - Processing file /opt/airflow/dags/collect_jw_ocl_data.py for tasks to queue
[2024-09-20T00:06:23.940+0000] {logging_mixin.py:190} INFO - [2024-09-20T00:06:23.939+0000] {dagbag.py:587} INFO - Filling up the DagBag from /opt/airflow/dags/collect_jw_ocl_data.py
[2024-09-20T00:06:23.964+0000] {processor.py:925} INFO - DAG(s) 'jw_ocl_guide' retrieved from /opt/airflow/dags/collect_jw_ocl_data.py
[2024-09-20T00:06:24.010+0000] {logging_mixin.py:190} INFO - [2024-09-20T00:06:24.009+0000] {dag.py:3211} INFO - Sync 1 DAGs
[2024-09-20T00:06:24.116+0000] {processor.py:208} INFO - Processing /opt/airflow/dags/collect_jw_ocl_data.py took 0.196 seconds
[2024-09-20T00:06:54.727+0000] {processor.py:186} INFO - Started process (PID=590) to work on /opt/airflow/dags/collect_jw_ocl_data.py
[2024-09-20T00:06:54.729+0000] {processor.py:914} INFO - Processing file /opt/airflow/dags/collect_jw_ocl_data.py for tasks to queue
[2024-09-20T00:06:54.740+0000] {logging_mixin.py:190} INFO - [2024-09-20T00:06:54.739+0000] {dagbag.py:587} INFO - Filling up the DagBag from /opt/airflow/dags/collect_jw_ocl_data.py
[2024-09-20T00:06:54.769+0000] {processor.py:925} INFO - DAG(s) 'jw_ocl_guide' retrieved from /opt/airflow/dags/collect_jw_ocl_data.py
[2024-09-20T00:06:54.813+0000] {logging_mixin.py:190} INFO - [2024-09-20T00:06:54.813+0000] {dag.py:3211} INFO - Sync 1 DAGs
[2024-09-20T00:06:54.881+0000] {processor.py:208} INFO - Processing /opt/airflow/dags/collect_jw_ocl_data.py took 0.170 seconds
[2024-09-20T00:07:25.290+0000] {processor.py:186} INFO - Started process (PID=600) to work on /opt/airflow/dags/collect_jw_ocl_data.py
[2024-09-20T00:07:25.292+0000] {processor.py:914} INFO - Processing file /opt/airflow/dags/collect_jw_ocl_data.py for tasks to queue
[2024-09-20T00:07:25.298+0000] {logging_mixin.py:190} INFO - [2024-09-20T00:07:25.297+0000] {dagbag.py:587} INFO - Filling up the DagBag from /opt/airflow/dags/collect_jw_ocl_data.py
[2024-09-20T00:07:25.321+0000] {processor.py:925} INFO - DAG(s) 'jw_ocl_guide' retrieved from /opt/airflow/dags/collect_jw_ocl_data.py
[2024-09-20T00:07:25.366+0000] {logging_mixin.py:190} INFO - [2024-09-20T00:07:25.366+0000] {dag.py:3211} INFO - Sync 1 DAGs
[2024-09-20T00:07:25.472+0000] {processor.py:208} INFO - Processing /opt/airflow/dags/collect_jw_ocl_data.py took 0.196 seconds
[2024-09-20T00:07:55.971+0000] {processor.py:186} INFO - Started process (PID=610) to work on /opt/airflow/dags/collect_jw_ocl_data.py
[2024-09-20T00:07:55.987+0000] {processor.py:914} INFO - Processing file /opt/airflow/dags/collect_jw_ocl_data.py for tasks to queue
[2024-09-20T00:07:55.995+0000] {logging_mixin.py:190} INFO - [2024-09-20T00:07:55.994+0000] {dagbag.py:587} INFO - Filling up the DagBag from /opt/airflow/dags/collect_jw_ocl_data.py
[2024-09-20T00:07:56.022+0000] {processor.py:925} INFO - DAG(s) 'jw_ocl_guide' retrieved from /opt/airflow/dags/collect_jw_ocl_data.py
[2024-09-20T00:07:56.088+0000] {logging_mixin.py:190} INFO - [2024-09-20T00:07:56.087+0000] {dag.py:3211} INFO - Sync 1 DAGs
[2024-09-20T00:07:56.204+0000] {processor.py:208} INFO - Processing /opt/airflow/dags/collect_jw_ocl_data.py took 0.248 seconds
[2024-09-20T00:08:26.456+0000] {processor.py:186} INFO - Started process (PID=619) to work on /opt/airflow/dags/collect_jw_ocl_data.py
[2024-09-20T00:08:26.478+0000] {processor.py:914} INFO - Processing file /opt/airflow/dags/collect_jw_ocl_data.py for tasks to queue
[2024-09-20T00:08:26.482+0000] {logging_mixin.py:190} INFO - [2024-09-20T00:08:26.481+0000] {dagbag.py:587} INFO - Filling up the DagBag from /opt/airflow/dags/collect_jw_ocl_data.py
[2024-09-20T00:08:26.502+0000] {processor.py:925} INFO - DAG(s) 'jw_ocl_guide' retrieved from /opt/airflow/dags/collect_jw_ocl_data.py
[2024-09-20T00:08:26.537+0000] {logging_mixin.py:190} INFO - [2024-09-20T00:08:26.537+0000] {dag.py:3211} INFO - Sync 1 DAGs
[2024-09-20T00:08:26.624+0000] {processor.py:208} INFO - Processing /opt/airflow/dags/collect_jw_ocl_data.py took 0.180 seconds
[2024-09-20T00:08:57.099+0000] {processor.py:186} INFO - Started process (PID=629) to work on /opt/airflow/dags/collect_jw_ocl_data.py
[2024-09-20T00:08:57.101+0000] {processor.py:914} INFO - Processing file /opt/airflow/dags/collect_jw_ocl_data.py for tasks to queue
[2024-09-20T00:08:57.107+0000] {logging_mixin.py:190} INFO - [2024-09-20T00:08:57.106+0000] {dagbag.py:587} INFO - Filling up the DagBag from /opt/airflow/dags/collect_jw_ocl_data.py
[2024-09-20T00:08:57.138+0000] {processor.py:925} INFO - DAG(s) 'jw_ocl_guide' retrieved from /opt/airflow/dags/collect_jw_ocl_data.py
[2024-09-20T00:08:57.210+0000] {logging_mixin.py:190} INFO - [2024-09-20T00:08:57.209+0000] {dag.py:3211} INFO - Sync 1 DAGs
[2024-09-20T00:08:57.324+0000] {processor.py:208} INFO - Processing /opt/airflow/dags/collect_jw_ocl_data.py took 0.241 seconds
[2024-09-20T00:09:27.973+0000] {processor.py:186} INFO - Started process (PID=639) to work on /opt/airflow/dags/collect_jw_ocl_data.py
[2024-09-20T00:09:27.993+0000] {processor.py:914} INFO - Processing file /opt/airflow/dags/collect_jw_ocl_data.py for tasks to queue
[2024-09-20T00:09:28.000+0000] {logging_mixin.py:190} INFO - [2024-09-20T00:09:28.000+0000] {dagbag.py:587} INFO - Filling up the DagBag from /opt/airflow/dags/collect_jw_ocl_data.py
[2024-09-20T00:09:28.028+0000] {processor.py:925} INFO - DAG(s) 'jw_ocl_guide' retrieved from /opt/airflow/dags/collect_jw_ocl_data.py
[2024-09-20T00:09:28.090+0000] {logging_mixin.py:190} INFO - [2024-09-20T00:09:28.090+0000] {dag.py:3211} INFO - Sync 1 DAGs
[2024-09-20T00:09:28.202+0000] {processor.py:208} INFO - Processing /opt/airflow/dags/collect_jw_ocl_data.py took 0.253 seconds
[2024-09-20T00:09:58.518+0000] {processor.py:186} INFO - Started process (PID=649) to work on /opt/airflow/dags/collect_jw_ocl_data.py
[2024-09-20T00:09:58.520+0000] {processor.py:914} INFO - Processing file /opt/airflow/dags/collect_jw_ocl_data.py for tasks to queue
[2024-09-20T00:09:58.528+0000] {logging_mixin.py:190} INFO - [2024-09-20T00:09:58.527+0000] {dagbag.py:587} INFO - Filling up the DagBag from /opt/airflow/dags/collect_jw_ocl_data.py
[2024-09-20T00:09:58.559+0000] {processor.py:925} INFO - DAG(s) 'jw_ocl_guide' retrieved from /opt/airflow/dags/collect_jw_ocl_data.py
[2024-09-20T00:09:58.620+0000] {logging_mixin.py:190} INFO - [2024-09-20T00:09:58.619+0000] {dag.py:3211} INFO - Sync 1 DAGs
[2024-09-20T00:09:58.733+0000] {processor.py:208} INFO - Processing /opt/airflow/dags/collect_jw_ocl_data.py took 0.242 seconds
[2024-09-20T00:10:29.259+0000] {processor.py:186} INFO - Started process (PID=659) to work on /opt/airflow/dags/collect_jw_ocl_data.py
[2024-09-20T00:10:29.260+0000] {processor.py:914} INFO - Processing file /opt/airflow/dags/collect_jw_ocl_data.py for tasks to queue
[2024-09-20T00:10:29.264+0000] {logging_mixin.py:190} INFO - [2024-09-20T00:10:29.263+0000] {dagbag.py:587} INFO - Filling up the DagBag from /opt/airflow/dags/collect_jw_ocl_data.py
[2024-09-20T00:10:29.282+0000] {processor.py:925} INFO - DAG(s) 'jw_ocl_guide' retrieved from /opt/airflow/dags/collect_jw_ocl_data.py
[2024-09-20T00:10:29.315+0000] {logging_mixin.py:190} INFO - [2024-09-20T00:10:29.314+0000] {dag.py:3211} INFO - Sync 1 DAGs
[2024-09-20T00:10:29.392+0000] {processor.py:208} INFO - Processing /opt/airflow/dags/collect_jw_ocl_data.py took 0.145 seconds
[2024-09-20T00:10:59.842+0000] {processor.py:186} INFO - Started process (PID=669) to work on /opt/airflow/dags/collect_jw_ocl_data.py
[2024-09-20T00:10:59.844+0000] {processor.py:914} INFO - Processing file /opt/airflow/dags/collect_jw_ocl_data.py for tasks to queue
[2024-09-20T00:10:59.850+0000] {logging_mixin.py:190} INFO - [2024-09-20T00:10:59.849+0000] {dagbag.py:587} INFO - Filling up the DagBag from /opt/airflow/dags/collect_jw_ocl_data.py
[2024-09-20T00:10:59.871+0000] {processor.py:925} INFO - DAG(s) 'jw_ocl_guide' retrieved from /opt/airflow/dags/collect_jw_ocl_data.py
[2024-09-20T00:10:59.905+0000] {logging_mixin.py:190} INFO - [2024-09-20T00:10:59.904+0000] {dag.py:3211} INFO - Sync 1 DAGs
[2024-09-20T00:10:59.973+0000] {processor.py:208} INFO - Processing /opt/airflow/dags/collect_jw_ocl_data.py took 0.144 seconds
[2024-09-20T00:11:30.494+0000] {processor.py:186} INFO - Started process (PID=678) to work on /opt/airflow/dags/collect_jw_ocl_data.py
[2024-09-20T00:11:30.495+0000] {processor.py:914} INFO - Processing file /opt/airflow/dags/collect_jw_ocl_data.py for tasks to queue
[2024-09-20T00:11:30.503+0000] {logging_mixin.py:190} INFO - [2024-09-20T00:11:30.502+0000] {dagbag.py:587} INFO - Filling up the DagBag from /opt/airflow/dags/collect_jw_ocl_data.py
[2024-09-20T00:11:30.526+0000] {processor.py:925} INFO - DAG(s) 'jw_ocl_guide' retrieved from /opt/airflow/dags/collect_jw_ocl_data.py
[2024-09-20T00:11:30.579+0000] {logging_mixin.py:190} INFO - [2024-09-20T00:11:30.579+0000] {dag.py:3211} INFO - Sync 1 DAGs
[2024-09-20T00:11:30.671+0000] {processor.py:208} INFO - Processing /opt/airflow/dags/collect_jw_ocl_data.py took 0.192 seconds
[2024-09-20T00:12:01.591+0000] {processor.py:186} INFO - Started process (PID=691) to work on /opt/airflow/dags/collect_jw_ocl_data.py
[2024-09-20T00:12:01.622+0000] {processor.py:914} INFO - Processing file /opt/airflow/dags/collect_jw_ocl_data.py for tasks to queue
[2024-09-20T00:12:01.629+0000] {logging_mixin.py:190} INFO - [2024-09-20T00:12:01.627+0000] {dagbag.py:587} INFO - Filling up the DagBag from /opt/airflow/dags/collect_jw_ocl_data.py
[2024-09-20T00:12:01.655+0000] {processor.py:925} INFO - DAG(s) 'jw_ocl_guide' retrieved from /opt/airflow/dags/collect_jw_ocl_data.py
[2024-09-20T00:12:01.704+0000] {logging_mixin.py:190} INFO - [2024-09-20T00:12:01.704+0000] {dag.py:3211} INFO - Sync 1 DAGs
[2024-09-20T00:12:01.809+0000] {processor.py:208} INFO - Processing /opt/airflow/dags/collect_jw_ocl_data.py took 0.235 seconds
[2024-09-20T00:12:32.490+0000] {processor.py:186} INFO - Started process (PID=701) to work on /opt/airflow/dags/collect_jw_ocl_data.py
[2024-09-20T00:12:32.491+0000] {processor.py:914} INFO - Processing file /opt/airflow/dags/collect_jw_ocl_data.py for tasks to queue
[2024-09-20T00:12:32.495+0000] {logging_mixin.py:190} INFO - [2024-09-20T00:12:32.495+0000] {dagbag.py:587} INFO - Filling up the DagBag from /opt/airflow/dags/collect_jw_ocl_data.py
[2024-09-20T00:12:32.513+0000] {processor.py:925} INFO - DAG(s) 'jw_ocl_guide' retrieved from /opt/airflow/dags/collect_jw_ocl_data.py
[2024-09-20T00:12:32.552+0000] {logging_mixin.py:190} INFO - [2024-09-20T00:12:32.551+0000] {dag.py:3211} INFO - Sync 1 DAGs
[2024-09-20T00:12:32.642+0000] {processor.py:208} INFO - Processing /opt/airflow/dags/collect_jw_ocl_data.py took 0.162 seconds
[2024-09-20T00:13:02.989+0000] {processor.py:186} INFO - Started process (PID=711) to work on /opt/airflow/dags/collect_jw_ocl_data.py
[2024-09-20T00:13:03.006+0000] {processor.py:914} INFO - Processing file /opt/airflow/dags/collect_jw_ocl_data.py for tasks to queue
[2024-09-20T00:13:03.012+0000] {logging_mixin.py:190} INFO - [2024-09-20T00:13:03.011+0000] {dagbag.py:587} INFO - Filling up the DagBag from /opt/airflow/dags/collect_jw_ocl_data.py
[2024-09-20T00:13:03.031+0000] {processor.py:925} INFO - DAG(s) 'jw_ocl_guide' retrieved from /opt/airflow/dags/collect_jw_ocl_data.py
[2024-09-20T00:13:03.066+0000] {logging_mixin.py:190} INFO - [2024-09-20T00:13:03.065+0000] {dag.py:3211} INFO - Sync 1 DAGs
[2024-09-20T00:13:03.162+0000] {processor.py:208} INFO - Processing /opt/airflow/dags/collect_jw_ocl_data.py took 0.183 seconds
