[2024-09-20T00:00:27.312+0000] {processor.py:186} INFO - Started process (PID=464) to work on /opt/airflow/dags/project-beginning.py
[2024-09-20T00:00:27.313+0000] {processor.py:914} INFO - Processing file /opt/airflow/dags/project-beginning.py for tasks to queue
[2024-09-20T00:00:27.317+0000] {logging_mixin.py:190} INFO - [2024-09-20T00:00:27.317+0000] {dagbag.py:587} INFO - Filling up the DagBag from /opt/airflow/dags/project-beginning.py
[2024-09-20T00:00:27.339+0000] {processor.py:925} INFO - DAG(s) 'project_satelite' retrieved from /opt/airflow/dags/project-beginning.py
[2024-09-20T00:00:27.383+0000] {logging_mixin.py:190} INFO - [2024-09-20T00:00:27.383+0000] {dag.py:3211} INFO - Sync 1 DAGs
[2024-09-20T00:00:27.456+0000] {processor.py:208} INFO - Processing /opt/airflow/dags/project-beginning.py took 0.158 seconds
[2024-09-20T00:00:58.014+0000] {processor.py:186} INFO - Started process (PID=474) to work on /opt/airflow/dags/project-beginning.py
[2024-09-20T00:00:58.015+0000] {processor.py:914} INFO - Processing file /opt/airflow/dags/project-beginning.py for tasks to queue
[2024-09-20T00:00:58.019+0000] {logging_mixin.py:190} INFO - [2024-09-20T00:00:58.019+0000] {dagbag.py:587} INFO - Filling up the DagBag from /opt/airflow/dags/project-beginning.py
[2024-09-20T00:00:58.041+0000] {processor.py:925} INFO - DAG(s) 'project_satelite' retrieved from /opt/airflow/dags/project-beginning.py
[2024-09-20T00:00:58.079+0000] {logging_mixin.py:190} INFO - [2024-09-20T00:00:58.079+0000] {dag.py:3211} INFO - Sync 1 DAGs
[2024-09-20T00:00:58.175+0000] {processor.py:208} INFO - Processing /opt/airflow/dags/project-beginning.py took 0.171 seconds
[2024-09-20T00:01:28.640+0000] {processor.py:186} INFO - Started process (PID=484) to work on /opt/airflow/dags/project-beginning.py
[2024-09-20T00:01:28.656+0000] {processor.py:914} INFO - Processing file /opt/airflow/dags/project-beginning.py for tasks to queue
[2024-09-20T00:01:28.661+0000] {logging_mixin.py:190} INFO - [2024-09-20T00:01:28.660+0000] {dagbag.py:587} INFO - Filling up the DagBag from /opt/airflow/dags/project-beginning.py
[2024-09-20T00:01:28.700+0000] {processor.py:925} INFO - DAG(s) 'project_satelite' retrieved from /opt/airflow/dags/project-beginning.py
[2024-09-20T00:01:28.810+0000] {logging_mixin.py:190} INFO - [2024-09-20T00:01:28.810+0000] {dag.py:3211} INFO - Sync 1 DAGs
[2024-09-20T00:01:28.965+0000] {processor.py:208} INFO - Processing /opt/airflow/dags/project-beginning.py took 0.338 seconds
[2024-09-20T00:01:59.483+0000] {processor.py:186} INFO - Started process (PID=494) to work on /opt/airflow/dags/project-beginning.py
[2024-09-20T00:01:59.485+0000] {processor.py:914} INFO - Processing file /opt/airflow/dags/project-beginning.py for tasks to queue
[2024-09-20T00:01:59.490+0000] {logging_mixin.py:190} INFO - [2024-09-20T00:01:59.489+0000] {dagbag.py:587} INFO - Filling up the DagBag from /opt/airflow/dags/project-beginning.py
[2024-09-20T00:01:59.508+0000] {processor.py:925} INFO - DAG(s) 'project_satelite' retrieved from /opt/airflow/dags/project-beginning.py
[2024-09-20T00:01:59.555+0000] {logging_mixin.py:190} INFO - [2024-09-20T00:01:59.554+0000] {dag.py:3211} INFO - Sync 1 DAGs
[2024-09-20T00:01:59.708+0000] {processor.py:208} INFO - Processing /opt/airflow/dags/project-beginning.py took 0.237 seconds
[2024-09-20T00:02:30.189+0000] {processor.py:186} INFO - Started process (PID=504) to work on /opt/airflow/dags/project-beginning.py
[2024-09-20T00:02:30.191+0000] {processor.py:914} INFO - Processing file /opt/airflow/dags/project-beginning.py for tasks to queue
[2024-09-20T00:02:30.195+0000] {logging_mixin.py:190} INFO - [2024-09-20T00:02:30.194+0000] {dagbag.py:587} INFO - Filling up the DagBag from /opt/airflow/dags/project-beginning.py
[2024-09-20T00:02:30.213+0000] {processor.py:925} INFO - DAG(s) 'project_satelite' retrieved from /opt/airflow/dags/project-beginning.py
[2024-09-20T00:02:30.252+0000] {logging_mixin.py:190} INFO - [2024-09-20T00:02:30.251+0000] {dag.py:3211} INFO - Sync 1 DAGs
[2024-09-20T00:02:30.338+0000] {processor.py:208} INFO - Processing /opt/airflow/dags/project-beginning.py took 0.158 seconds
[2024-09-20T00:03:00.823+0000] {processor.py:186} INFO - Started process (PID=514) to work on /opt/airflow/dags/project-beginning.py
[2024-09-20T00:03:00.840+0000] {processor.py:914} INFO - Processing file /opt/airflow/dags/project-beginning.py for tasks to queue
[2024-09-20T00:03:00.844+0000] {logging_mixin.py:190} INFO - [2024-09-20T00:03:00.844+0000] {dagbag.py:587} INFO - Filling up the DagBag from /opt/airflow/dags/project-beginning.py
[2024-09-20T00:03:00.871+0000] {processor.py:925} INFO - DAG(s) 'project_satelite' retrieved from /opt/airflow/dags/project-beginning.py
[2024-09-20T00:03:00.918+0000] {logging_mixin.py:190} INFO - [2024-09-20T00:03:00.918+0000] {dag.py:3211} INFO - Sync 1 DAGs
[2024-09-20T00:03:01.026+0000] {processor.py:208} INFO - Processing /opt/airflow/dags/project-beginning.py took 0.219 seconds
[2024-09-20T00:03:31.496+0000] {processor.py:186} INFO - Started process (PID=524) to work on /opt/airflow/dags/project-beginning.py
[2024-09-20T00:03:31.497+0000] {processor.py:914} INFO - Processing file /opt/airflow/dags/project-beginning.py for tasks to queue
[2024-09-20T00:03:31.503+0000] {logging_mixin.py:190} INFO - [2024-09-20T00:03:31.502+0000] {dagbag.py:587} INFO - Filling up the DagBag from /opt/airflow/dags/project-beginning.py
[2024-09-20T00:03:31.528+0000] {processor.py:925} INFO - DAG(s) 'project_satelite' retrieved from /opt/airflow/dags/project-beginning.py
[2024-09-20T00:03:31.592+0000] {logging_mixin.py:190} INFO - [2024-09-20T00:03:31.591+0000] {dag.py:3211} INFO - Sync 1 DAGs
[2024-09-20T00:03:31.719+0000] {processor.py:208} INFO - Processing /opt/airflow/dags/project-beginning.py took 0.234 seconds
[2024-09-20T00:04:02.427+0000] {processor.py:186} INFO - Started process (PID=534) to work on /opt/airflow/dags/project-beginning.py
[2024-09-20T00:04:02.444+0000] {processor.py:914} INFO - Processing file /opt/airflow/dags/project-beginning.py for tasks to queue
[2024-09-20T00:04:02.449+0000] {logging_mixin.py:190} INFO - [2024-09-20T00:04:02.448+0000] {dagbag.py:587} INFO - Filling up the DagBag from /opt/airflow/dags/project-beginning.py
[2024-09-20T00:04:02.474+0000] {processor.py:925} INFO - DAG(s) 'project_satelite' retrieved from /opt/airflow/dags/project-beginning.py
[2024-09-20T00:04:02.520+0000] {logging_mixin.py:190} INFO - [2024-09-20T00:04:02.519+0000] {dag.py:3211} INFO - Sync 1 DAGs
[2024-09-20T00:04:02.618+0000] {processor.py:208} INFO - Processing /opt/airflow/dags/project-beginning.py took 0.206 seconds
[2024-09-20T00:04:32.992+0000] {processor.py:186} INFO - Started process (PID=544) to work on /opt/airflow/dags/project-beginning.py
[2024-09-20T00:04:32.993+0000] {processor.py:914} INFO - Processing file /opt/airflow/dags/project-beginning.py for tasks to queue
[2024-09-20T00:04:32.998+0000] {logging_mixin.py:190} INFO - [2024-09-20T00:04:32.998+0000] {dagbag.py:587} INFO - Filling up the DagBag from /opt/airflow/dags/project-beginning.py
[2024-09-20T00:04:33.025+0000] {processor.py:925} INFO - DAG(s) 'project_satelite' retrieved from /opt/airflow/dags/project-beginning.py
[2024-09-20T00:04:33.077+0000] {logging_mixin.py:190} INFO - [2024-09-20T00:04:33.076+0000] {dag.py:3211} INFO - Sync 1 DAGs
[2024-09-20T00:04:33.184+0000] {processor.py:208} INFO - Processing /opt/airflow/dags/project-beginning.py took 0.207 seconds
[2024-09-20T00:05:03.599+0000] {processor.py:186} INFO - Started process (PID=553) to work on /opt/airflow/dags/project-beginning.py
[2024-09-20T00:05:03.601+0000] {processor.py:914} INFO - Processing file /opt/airflow/dags/project-beginning.py for tasks to queue
[2024-09-20T00:05:03.606+0000] {logging_mixin.py:190} INFO - [2024-09-20T00:05:03.605+0000] {dagbag.py:587} INFO - Filling up the DagBag from /opt/airflow/dags/project-beginning.py
[2024-09-20T00:05:03.627+0000] {processor.py:925} INFO - DAG(s) 'project_satelite' retrieved from /opt/airflow/dags/project-beginning.py
[2024-09-20T00:05:03.661+0000] {logging_mixin.py:190} INFO - [2024-09-20T00:05:03.661+0000] {dag.py:3211} INFO - Sync 1 DAGs
[2024-09-20T00:05:03.751+0000] {processor.py:208} INFO - Processing /opt/airflow/dags/project-beginning.py took 0.162 seconds
[2024-09-20T00:05:34.425+0000] {processor.py:186} INFO - Started process (PID=562) to work on /opt/airflow/dags/project-beginning.py
[2024-09-20T00:05:34.427+0000] {processor.py:914} INFO - Processing file /opt/airflow/dags/project-beginning.py for tasks to queue
[2024-09-20T00:05:34.432+0000] {logging_mixin.py:190} INFO - [2024-09-20T00:05:34.431+0000] {dagbag.py:587} INFO - Filling up the DagBag from /opt/airflow/dags/project-beginning.py
[2024-09-20T00:05:34.450+0000] {processor.py:925} INFO - DAG(s) 'project_satelite' retrieved from /opt/airflow/dags/project-beginning.py
[2024-09-20T00:05:34.493+0000] {logging_mixin.py:190} INFO - [2024-09-20T00:05:34.493+0000] {dag.py:3211} INFO - Sync 1 DAGs
[2024-09-20T00:05:34.586+0000] {processor.py:208} INFO - Processing /opt/airflow/dags/project-beginning.py took 0.173 seconds
[2024-09-20T00:06:05.073+0000] {processor.py:186} INFO - Started process (PID=572) to work on /opt/airflow/dags/project-beginning.py
[2024-09-20T00:06:05.076+0000] {processor.py:914} INFO - Processing file /opt/airflow/dags/project-beginning.py for tasks to queue
[2024-09-20T00:06:05.081+0000] {logging_mixin.py:190} INFO - [2024-09-20T00:06:05.081+0000] {dagbag.py:587} INFO - Filling up the DagBag from /opt/airflow/dags/project-beginning.py
[2024-09-20T00:06:05.110+0000] {processor.py:925} INFO - DAG(s) 'project_satelite' retrieved from /opt/airflow/dags/project-beginning.py
[2024-09-20T00:06:05.171+0000] {logging_mixin.py:190} INFO - [2024-09-20T00:06:05.171+0000] {dag.py:3211} INFO - Sync 1 DAGs
[2024-09-20T00:06:05.288+0000] {processor.py:208} INFO - Processing /opt/airflow/dags/project-beginning.py took 0.234 seconds
[2024-09-20T00:06:36.033+0000] {processor.py:186} INFO - Started process (PID=582) to work on /opt/airflow/dags/project-beginning.py
[2024-09-20T00:06:36.034+0000] {processor.py:914} INFO - Processing file /opt/airflow/dags/project-beginning.py for tasks to queue
[2024-09-20T00:06:36.040+0000] {logging_mixin.py:190} INFO - [2024-09-20T00:06:36.039+0000] {dagbag.py:587} INFO - Filling up the DagBag from /opt/airflow/dags/project-beginning.py
[2024-09-20T00:06:36.058+0000] {processor.py:925} INFO - DAG(s) 'project_satelite' retrieved from /opt/airflow/dags/project-beginning.py
[2024-09-20T00:06:36.100+0000] {logging_mixin.py:190} INFO - [2024-09-20T00:06:36.099+0000] {dag.py:3211} INFO - Sync 1 DAGs
[2024-09-20T00:06:36.208+0000] {processor.py:208} INFO - Processing /opt/airflow/dags/project-beginning.py took 0.186 seconds
[2024-09-20T00:07:06.881+0000] {processor.py:186} INFO - Started process (PID=597) to work on /opt/airflow/dags/project-beginning.py
[2024-09-20T00:07:06.883+0000] {processor.py:914} INFO - Processing file /opt/airflow/dags/project-beginning.py for tasks to queue
[2024-09-20T00:07:06.888+0000] {logging_mixin.py:190} INFO - [2024-09-20T00:07:06.887+0000] {dagbag.py:587} INFO - Filling up the DagBag from /opt/airflow/dags/project-beginning.py
[2024-09-20T00:07:06.919+0000] {processor.py:925} INFO - DAG(s) 'project_satelite' retrieved from /opt/airflow/dags/project-beginning.py
[2024-09-20T00:07:06.980+0000] {logging_mixin.py:190} INFO - [2024-09-20T00:07:06.980+0000] {dag.py:3211} INFO - Sync 1 DAGs
[2024-09-20T00:07:07.101+0000] {processor.py:208} INFO - Processing /opt/airflow/dags/project-beginning.py took 0.246 seconds
[2024-09-20T00:07:37.568+0000] {processor.py:186} INFO - Started process (PID=607) to work on /opt/airflow/dags/project-beginning.py
[2024-09-20T00:07:37.586+0000] {processor.py:914} INFO - Processing file /opt/airflow/dags/project-beginning.py for tasks to queue
[2024-09-20T00:07:37.592+0000] {logging_mixin.py:190} INFO - [2024-09-20T00:07:37.591+0000] {dagbag.py:587} INFO - Filling up the DagBag from /opt/airflow/dags/project-beginning.py
[2024-09-20T00:07:37.620+0000] {processor.py:925} INFO - DAG(s) 'project_satelite' retrieved from /opt/airflow/dags/project-beginning.py
[2024-09-20T00:07:37.662+0000] {logging_mixin.py:190} INFO - [2024-09-20T00:07:37.661+0000] {dag.py:3211} INFO - Sync 1 DAGs
[2024-09-20T00:07:37.738+0000] {processor.py:208} INFO - Processing /opt/airflow/dags/project-beginning.py took 0.181 seconds
[2024-09-20T00:08:08.077+0000] {processor.py:186} INFO - Started process (PID=616) to work on /opt/airflow/dags/project-beginning.py
[2024-09-20T00:08:08.078+0000] {processor.py:914} INFO - Processing file /opt/airflow/dags/project-beginning.py for tasks to queue
[2024-09-20T00:08:08.085+0000] {logging_mixin.py:190} INFO - [2024-09-20T00:08:08.084+0000] {dagbag.py:587} INFO - Filling up the DagBag from /opt/airflow/dags/project-beginning.py
[2024-09-20T00:08:08.112+0000] {processor.py:925} INFO - DAG(s) 'project_satelite' retrieved from /opt/airflow/dags/project-beginning.py
[2024-09-20T00:08:08.164+0000] {logging_mixin.py:190} INFO - [2024-09-20T00:08:08.163+0000] {dag.py:3211} INFO - Sync 1 DAGs
[2024-09-20T00:08:08.258+0000] {processor.py:208} INFO - Processing /opt/airflow/dags/project-beginning.py took 0.192 seconds
[2024-09-20T00:08:38.567+0000] {processor.py:186} INFO - Started process (PID=626) to work on /opt/airflow/dags/project-beginning.py
[2024-09-20T00:08:38.568+0000] {processor.py:914} INFO - Processing file /opt/airflow/dags/project-beginning.py for tasks to queue
[2024-09-20T00:08:38.574+0000] {logging_mixin.py:190} INFO - [2024-09-20T00:08:38.573+0000] {dagbag.py:587} INFO - Filling up the DagBag from /opt/airflow/dags/project-beginning.py
[2024-09-20T00:08:38.598+0000] {processor.py:925} INFO - DAG(s) 'project_satelite' retrieved from /opt/airflow/dags/project-beginning.py
[2024-09-20T00:08:38.642+0000] {logging_mixin.py:190} INFO - [2024-09-20T00:08:38.641+0000] {dag.py:3211} INFO - Sync 1 DAGs
[2024-09-20T00:08:38.720+0000] {processor.py:208} INFO - Processing /opt/airflow/dags/project-beginning.py took 0.168 seconds
[2024-09-20T00:09:09.275+0000] {processor.py:186} INFO - Started process (PID=636) to work on /opt/airflow/dags/project-beginning.py
[2024-09-20T00:09:09.278+0000] {processor.py:914} INFO - Processing file /opt/airflow/dags/project-beginning.py for tasks to queue
[2024-09-20T00:09:09.283+0000] {logging_mixin.py:190} INFO - [2024-09-20T00:09:09.282+0000] {dagbag.py:587} INFO - Filling up the DagBag from /opt/airflow/dags/project-beginning.py
[2024-09-20T00:09:09.310+0000] {processor.py:925} INFO - DAG(s) 'project_satelite' retrieved from /opt/airflow/dags/project-beginning.py
[2024-09-20T00:09:09.359+0000] {logging_mixin.py:190} INFO - [2024-09-20T00:09:09.359+0000] {dag.py:3211} INFO - Sync 1 DAGs
[2024-09-20T00:09:09.487+0000] {processor.py:208} INFO - Processing /opt/airflow/dags/project-beginning.py took 0.227 seconds
[2024-09-20T00:09:40.086+0000] {processor.py:186} INFO - Started process (PID=646) to work on /opt/airflow/dags/project-beginning.py
[2024-09-20T00:09:40.087+0000] {processor.py:914} INFO - Processing file /opt/airflow/dags/project-beginning.py for tasks to queue
[2024-09-20T00:09:40.093+0000] {logging_mixin.py:190} INFO - [2024-09-20T00:09:40.093+0000] {dagbag.py:587} INFO - Filling up the DagBag from /opt/airflow/dags/project-beginning.py
[2024-09-20T00:09:40.118+0000] {processor.py:925} INFO - DAG(s) 'project_satelite' retrieved from /opt/airflow/dags/project-beginning.py
[2024-09-20T00:09:40.160+0000] {logging_mixin.py:190} INFO - [2024-09-20T00:09:40.160+0000] {dag.py:3211} INFO - Sync 1 DAGs
[2024-09-20T00:09:40.255+0000] {processor.py:208} INFO - Processing /opt/airflow/dags/project-beginning.py took 0.180 seconds
[2024-09-20T00:10:10.751+0000] {processor.py:186} INFO - Started process (PID=656) to work on /opt/airflow/dags/project-beginning.py
[2024-09-20T00:10:10.753+0000] {processor.py:914} INFO - Processing file /opt/airflow/dags/project-beginning.py for tasks to queue
[2024-09-20T00:10:10.759+0000] {logging_mixin.py:190} INFO - [2024-09-20T00:10:10.759+0000] {dagbag.py:587} INFO - Filling up the DagBag from /opt/airflow/dags/project-beginning.py
[2024-09-20T00:10:10.789+0000] {processor.py:925} INFO - DAG(s) 'project_satelite' retrieved from /opt/airflow/dags/project-beginning.py
[2024-09-20T00:10:10.840+0000] {logging_mixin.py:190} INFO - [2024-09-20T00:10:10.840+0000] {dag.py:3211} INFO - Sync 1 DAGs
[2024-09-20T00:10:10.966+0000] {processor.py:208} INFO - Processing /opt/airflow/dags/project-beginning.py took 0.232 seconds
[2024-09-20T00:10:41.368+0000] {processor.py:186} INFO - Started process (PID=666) to work on /opt/airflow/dags/project-beginning.py
[2024-09-20T00:10:41.369+0000] {processor.py:914} INFO - Processing file /opt/airflow/dags/project-beginning.py for tasks to queue
[2024-09-20T00:10:41.374+0000] {logging_mixin.py:190} INFO - [2024-09-20T00:10:41.373+0000] {dagbag.py:587} INFO - Filling up the DagBag from /opt/airflow/dags/project-beginning.py
[2024-09-20T00:10:41.396+0000] {processor.py:925} INFO - DAG(s) 'project_satelite' retrieved from /opt/airflow/dags/project-beginning.py
[2024-09-20T00:10:41.437+0000] {logging_mixin.py:190} INFO - [2024-09-20T00:10:41.437+0000] {dag.py:3211} INFO - Sync 1 DAGs
[2024-09-20T00:10:41.513+0000] {processor.py:208} INFO - Processing /opt/airflow/dags/project-beginning.py took 0.156 seconds
[2024-09-20T00:11:12.002+0000] {processor.py:186} INFO - Started process (PID=675) to work on /opt/airflow/dags/project-beginning.py
[2024-09-20T00:11:12.003+0000] {processor.py:914} INFO - Processing file /opt/airflow/dags/project-beginning.py for tasks to queue
[2024-09-20T00:11:12.010+0000] {logging_mixin.py:190} INFO - [2024-09-20T00:11:12.009+0000] {dagbag.py:587} INFO - Filling up the DagBag from /opt/airflow/dags/project-beginning.py
[2024-09-20T00:11:12.040+0000] {processor.py:925} INFO - DAG(s) 'project_satelite' retrieved from /opt/airflow/dags/project-beginning.py
[2024-09-20T00:11:12.106+0000] {logging_mixin.py:190} INFO - [2024-09-20T00:11:12.105+0000] {dag.py:3211} INFO - Sync 1 DAGs
[2024-09-20T00:11:12.264+0000] {processor.py:208} INFO - Processing /opt/airflow/dags/project-beginning.py took 0.288 seconds
[2024-09-20T00:11:42.629+0000] {processor.py:186} INFO - Started process (PID=684) to work on /opt/airflow/dags/project-beginning.py
[2024-09-20T00:11:42.631+0000] {processor.py:914} INFO - Processing file /opt/airflow/dags/project-beginning.py for tasks to queue
[2024-09-20T00:11:42.638+0000] {logging_mixin.py:190} INFO - [2024-09-20T00:11:42.637+0000] {dagbag.py:587} INFO - Filling up the DagBag from /opt/airflow/dags/project-beginning.py
[2024-09-20T00:11:42.667+0000] {processor.py:925} INFO - DAG(s) 'project_satelite' retrieved from /opt/airflow/dags/project-beginning.py
[2024-09-20T00:11:42.718+0000] {logging_mixin.py:190} INFO - [2024-09-20T00:11:42.717+0000] {dag.py:3211} INFO - Sync 1 DAGs
[2024-09-20T00:11:42.843+0000] {processor.py:208} INFO - Processing /opt/airflow/dags/project-beginning.py took 0.231 seconds
[2024-09-20T00:12:12.951+0000] {processor.py:186} INFO - Started process (PID=698) to work on /opt/airflow/dags/project-beginning.py
[2024-09-20T00:12:12.955+0000] {processor.py:914} INFO - Processing file /opt/airflow/dags/project-beginning.py for tasks to queue
[2024-09-20T00:12:12.963+0000] {logging_mixin.py:190} INFO - [2024-09-20T00:12:12.962+0000] {dagbag.py:587} INFO - Filling up the DagBag from /opt/airflow/dags/project-beginning.py
[2024-09-20T00:12:12.993+0000] {processor.py:925} INFO - DAG(s) 'project_satelite' retrieved from /opt/airflow/dags/project-beginning.py
[2024-09-20T00:12:13.046+0000] {logging_mixin.py:190} INFO - [2024-09-20T00:12:13.046+0000] {dag.py:3211} INFO - Sync 1 DAGs
[2024-09-20T00:12:13.161+0000] {processor.py:208} INFO - Processing /opt/airflow/dags/project-beginning.py took 0.228 seconds
[2024-09-20T00:12:43.594+0000] {processor.py:186} INFO - Started process (PID=708) to work on /opt/airflow/dags/project-beginning.py
[2024-09-20T00:12:43.596+0000] {processor.py:914} INFO - Processing file /opt/airflow/dags/project-beginning.py for tasks to queue
[2024-09-20T00:12:43.601+0000] {logging_mixin.py:190} INFO - [2024-09-20T00:12:43.600+0000] {dagbag.py:587} INFO - Filling up the DagBag from /opt/airflow/dags/project-beginning.py
[2024-09-20T00:12:43.623+0000] {processor.py:925} INFO - DAG(s) 'project_satelite' retrieved from /opt/airflow/dags/project-beginning.py
[2024-09-20T00:12:43.669+0000] {logging_mixin.py:190} INFO - [2024-09-20T00:12:43.668+0000] {dag.py:3211} INFO - Sync 1 DAGs
[2024-09-20T00:12:43.766+0000] {processor.py:208} INFO - Processing /opt/airflow/dags/project-beginning.py took 0.182 seconds
