[2024-08-28T10:22:26.751+0000] {processor.py:186} INFO - Started process (PID=68) to work on /opt/airflow/dags/1-bashoperator.py
[2024-08-28T10:22:26.752+0000] {processor.py:914} INFO - Processing file /opt/airflow/dags/1-bashoperator.py for tasks to queue
[2024-08-28T10:22:26.757+0000] {logging_mixin.py:190} INFO - [2024-08-28T10:22:26.756+0000] {dagbag.py:587} INFO - Filling up the DagBag from /opt/airflow/dags/1-bashoperator.py
[2024-08-28T10:22:26.775+0000] {processor.py:925} INFO - DAG(s) 'basoperator' retrieved from /opt/airflow/dags/1-bashoperator.py
[2024-08-28T10:22:26.830+0000] {logging_mixin.py:190} INFO - [2024-08-28T10:22:26.830+0000] {dag.py:3211} INFO - Sync 1 DAGs
[2024-08-28T10:22:26.892+0000] {logging_mixin.py:190} INFO - [2024-08-28T10:22:26.891+0000] {dag.py:4138} INFO - Setting next_dagrun for basoperator to 2024-08-24 00:00:00+00:00, run_after=2024-08-25 00:00:00+00:00
[2024-08-28T10:22:26.928+0000] {processor.py:208} INFO - Processing /opt/airflow/dags/1-bashoperator.py took 0.187 seconds
[2024-08-28T10:22:57.552+0000] {processor.py:186} INFO - Started process (PID=79) to work on /opt/airflow/dags/1-bashoperator.py
[2024-08-28T10:22:57.553+0000] {processor.py:914} INFO - Processing file /opt/airflow/dags/1-bashoperator.py for tasks to queue
[2024-08-28T10:22:57.555+0000] {logging_mixin.py:190} INFO - [2024-08-28T10:22:57.555+0000] {dagbag.py:587} INFO - Filling up the DagBag from /opt/airflow/dags/1-bashoperator.py
[2024-08-28T10:22:57.572+0000] {processor.py:925} INFO - DAG(s) 'basoperator' retrieved from /opt/airflow/dags/1-bashoperator.py
[2024-08-28T10:22:57.619+0000] {logging_mixin.py:190} INFO - [2024-08-28T10:22:57.618+0000] {dag.py:3211} INFO - Sync 1 DAGs
[2024-08-28T10:22:57.667+0000] {logging_mixin.py:190} INFO - [2024-08-28T10:22:57.667+0000] {dag.py:4138} INFO - Setting next_dagrun for basoperator to 2024-08-24 00:00:00+00:00, run_after=2024-08-25 00:00:00+00:00
[2024-08-28T10:22:57.693+0000] {processor.py:208} INFO - Processing /opt/airflow/dags/1-bashoperator.py took 0.160 seconds
[2024-08-28T10:23:28.388+0000] {processor.py:186} INFO - Started process (PID=91) to work on /opt/airflow/dags/1-bashoperator.py
[2024-08-28T10:23:28.389+0000] {processor.py:914} INFO - Processing file /opt/airflow/dags/1-bashoperator.py for tasks to queue
[2024-08-28T10:23:28.392+0000] {logging_mixin.py:190} INFO - [2024-08-28T10:23:28.391+0000] {dagbag.py:587} INFO - Filling up the DagBag from /opt/airflow/dags/1-bashoperator.py
[2024-08-28T10:23:28.411+0000] {processor.py:925} INFO - DAG(s) 'basoperator' retrieved from /opt/airflow/dags/1-bashoperator.py
[2024-08-28T10:23:28.451+0000] {logging_mixin.py:190} INFO - [2024-08-28T10:23:28.450+0000] {dag.py:3211} INFO - Sync 1 DAGs
[2024-08-28T10:23:28.498+0000] {logging_mixin.py:190} INFO - [2024-08-28T10:23:28.497+0000] {dag.py:4138} INFO - Setting next_dagrun for basoperator to 2024-08-24 00:00:00+00:00, run_after=2024-08-25 00:00:00+00:00
[2024-08-28T10:23:28.526+0000] {processor.py:208} INFO - Processing /opt/airflow/dags/1-bashoperator.py took 0.148 seconds
[2024-08-28T10:23:59.215+0000] {processor.py:186} INFO - Started process (PID=103) to work on /opt/airflow/dags/1-bashoperator.py
[2024-08-28T10:23:59.216+0000] {processor.py:914} INFO - Processing file /opt/airflow/dags/1-bashoperator.py for tasks to queue
[2024-08-28T10:23:59.218+0000] {logging_mixin.py:190} INFO - [2024-08-28T10:23:59.218+0000] {dagbag.py:587} INFO - Filling up the DagBag from /opt/airflow/dags/1-bashoperator.py
[2024-08-28T10:23:59.231+0000] {processor.py:925} INFO - DAG(s) 'basoperator' retrieved from /opt/airflow/dags/1-bashoperator.py
[2024-08-28T10:23:59.273+0000] {logging_mixin.py:190} INFO - [2024-08-28T10:23:59.272+0000] {dag.py:3211} INFO - Sync 1 DAGs
[2024-08-28T10:23:59.318+0000] {logging_mixin.py:190} INFO - [2024-08-28T10:23:59.318+0000] {dag.py:4138} INFO - Setting next_dagrun for basoperator to 2024-08-24 00:00:00+00:00, run_after=2024-08-25 00:00:00+00:00
[2024-08-28T10:23:59.343+0000] {processor.py:208} INFO - Processing /opt/airflow/dags/1-bashoperator.py took 0.139 seconds
[2024-08-28T10:24:30.082+0000] {processor.py:186} INFO - Started process (PID=115) to work on /opt/airflow/dags/1-bashoperator.py
[2024-08-28T10:24:30.083+0000] {processor.py:914} INFO - Processing file /opt/airflow/dags/1-bashoperator.py for tasks to queue
[2024-08-28T10:24:30.086+0000] {logging_mixin.py:190} INFO - [2024-08-28T10:24:30.086+0000] {dagbag.py:587} INFO - Filling up the DagBag from /opt/airflow/dags/1-bashoperator.py
[2024-08-28T10:24:30.098+0000] {processor.py:925} INFO - DAG(s) 'basoperator' retrieved from /opt/airflow/dags/1-bashoperator.py
[2024-08-28T10:24:30.141+0000] {logging_mixin.py:190} INFO - [2024-08-28T10:24:30.140+0000] {dag.py:3211} INFO - Sync 1 DAGs
[2024-08-28T10:24:30.192+0000] {logging_mixin.py:190} INFO - [2024-08-28T10:24:30.191+0000] {dag.py:4138} INFO - Setting next_dagrun for basoperator to 2024-08-24 00:00:00+00:00, run_after=2024-08-25 00:00:00+00:00
[2024-08-28T10:24:30.227+0000] {processor.py:208} INFO - Processing /opt/airflow/dags/1-bashoperator.py took 0.153 seconds
[2024-08-28T10:25:01.269+0000] {processor.py:186} INFO - Started process (PID=126) to work on /opt/airflow/dags/1-bashoperator.py
[2024-08-28T10:25:01.270+0000] {processor.py:914} INFO - Processing file /opt/airflow/dags/1-bashoperator.py for tasks to queue
[2024-08-28T10:25:01.273+0000] {logging_mixin.py:190} INFO - [2024-08-28T10:25:01.273+0000] {dagbag.py:587} INFO - Filling up the DagBag from /opt/airflow/dags/1-bashoperator.py
[2024-08-28T10:25:01.287+0000] {processor.py:925} INFO - DAG(s) 'basoperator' retrieved from /opt/airflow/dags/1-bashoperator.py
[2024-08-28T10:25:01.323+0000] {logging_mixin.py:190} INFO - [2024-08-28T10:25:01.323+0000] {dag.py:3211} INFO - Sync 1 DAGs
[2024-08-28T10:25:01.523+0000] {logging_mixin.py:190} INFO - [2024-08-28T10:25:01.523+0000] {dag.py:4138} INFO - Setting next_dagrun for basoperator to 2024-08-24 00:00:00+00:00, run_after=2024-08-25 00:00:00+00:00
[2024-08-28T10:25:01.552+0000] {processor.py:208} INFO - Processing /opt/airflow/dags/1-bashoperator.py took 0.292 seconds
[2024-08-28T10:25:31.721+0000] {processor.py:186} INFO - Started process (PID=138) to work on /opt/airflow/dags/1-bashoperator.py
[2024-08-28T10:25:31.722+0000] {processor.py:914} INFO - Processing file /opt/airflow/dags/1-bashoperator.py for tasks to queue
[2024-08-28T10:25:31.725+0000] {logging_mixin.py:190} INFO - [2024-08-28T10:25:31.724+0000] {dagbag.py:587} INFO - Filling up the DagBag from /opt/airflow/dags/1-bashoperator.py
[2024-08-28T10:25:31.737+0000] {processor.py:925} INFO - DAG(s) 'basoperator' retrieved from /opt/airflow/dags/1-bashoperator.py
[2024-08-28T10:25:31.773+0000] {logging_mixin.py:190} INFO - [2024-08-28T10:25:31.773+0000] {dag.py:3211} INFO - Sync 1 DAGs
[2024-08-28T10:25:31.994+0000] {logging_mixin.py:190} INFO - [2024-08-28T10:25:31.994+0000] {dag.py:4138} INFO - Setting next_dagrun for basoperator to 2024-08-24 00:00:00+00:00, run_after=2024-08-25 00:00:00+00:00
[2024-08-28T10:25:32.068+0000] {processor.py:208} INFO - Processing /opt/airflow/dags/1-bashoperator.py took 0.356 seconds
[2024-08-28T10:26:02.423+0000] {processor.py:186} INFO - Started process (PID=150) to work on /opt/airflow/dags/1-bashoperator.py
[2024-08-28T10:26:02.424+0000] {processor.py:914} INFO - Processing file /opt/airflow/dags/1-bashoperator.py for tasks to queue
[2024-08-28T10:26:02.427+0000] {logging_mixin.py:190} INFO - [2024-08-28T10:26:02.427+0000] {dagbag.py:587} INFO - Filling up the DagBag from /opt/airflow/dags/1-bashoperator.py
[2024-08-28T10:26:02.442+0000] {processor.py:925} INFO - DAG(s) 'basoperator' retrieved from /opt/airflow/dags/1-bashoperator.py
[2024-08-28T10:26:02.687+0000] {logging_mixin.py:190} INFO - [2024-08-28T10:26:02.687+0000] {dag.py:3211} INFO - Sync 1 DAGs
[2024-08-28T10:26:02.721+0000] {logging_mixin.py:190} INFO - [2024-08-28T10:26:02.721+0000] {dag.py:4138} INFO - Setting next_dagrun for basoperator to 2024-08-24 00:00:00+00:00, run_after=2024-08-25 00:00:00+00:00
[2024-08-28T10:26:02.744+0000] {processor.py:208} INFO - Processing /opt/airflow/dags/1-bashoperator.py took 0.330 seconds
[2024-08-28T10:26:33.066+0000] {processor.py:186} INFO - Started process (PID=162) to work on /opt/airflow/dags/1-bashoperator.py
[2024-08-28T10:26:33.067+0000] {processor.py:914} INFO - Processing file /opt/airflow/dags/1-bashoperator.py for tasks to queue
[2024-08-28T10:26:33.071+0000] {logging_mixin.py:190} INFO - [2024-08-28T10:26:33.070+0000] {dagbag.py:587} INFO - Filling up the DagBag from /opt/airflow/dags/1-bashoperator.py
[2024-08-28T10:26:33.263+0000] {processor.py:925} INFO - DAG(s) 'basoperator' retrieved from /opt/airflow/dags/1-bashoperator.py
[2024-08-28T10:26:33.308+0000] {logging_mixin.py:190} INFO - [2024-08-28T10:26:33.308+0000] {dag.py:3211} INFO - Sync 1 DAGs
[2024-08-28T10:26:33.357+0000] {logging_mixin.py:190} INFO - [2024-08-28T10:26:33.357+0000] {dag.py:4138} INFO - Setting next_dagrun for basoperator to 2024-08-24 00:00:00+00:00, run_after=2024-08-25 00:00:00+00:00
[2024-08-28T10:26:33.410+0000] {processor.py:208} INFO - Processing /opt/airflow/dags/1-bashoperator.py took 0.353 seconds
[2024-08-28T10:27:03.495+0000] {processor.py:186} INFO - Started process (PID=174) to work on /opt/airflow/dags/1-bashoperator.py
[2024-08-28T10:27:03.496+0000] {processor.py:914} INFO - Processing file /opt/airflow/dags/1-bashoperator.py for tasks to queue
[2024-08-28T10:27:03.499+0000] {logging_mixin.py:190} INFO - [2024-08-28T10:27:03.498+0000] {dagbag.py:587} INFO - Filling up the DagBag from /opt/airflow/dags/1-bashoperator.py
[2024-08-28T10:27:03.513+0000] {processor.py:925} INFO - DAG(s) 'basoperator' retrieved from /opt/airflow/dags/1-bashoperator.py
[2024-08-28T10:27:03.548+0000] {logging_mixin.py:190} INFO - [2024-08-28T10:27:03.548+0000] {dag.py:3211} INFO - Sync 1 DAGs
[2024-08-28T10:27:03.587+0000] {logging_mixin.py:190} INFO - [2024-08-28T10:27:03.586+0000] {dag.py:4138} INFO - Setting next_dagrun for basoperator to 2024-08-24 00:00:00+00:00, run_after=2024-08-25 00:00:00+00:00
[2024-08-28T10:27:03.617+0000] {processor.py:208} INFO - Processing /opt/airflow/dags/1-bashoperator.py took 0.131 seconds
[2024-08-28T10:27:34.502+0000] {processor.py:186} INFO - Started process (PID=185) to work on /opt/airflow/dags/1-bashoperator.py
[2024-08-28T10:27:34.508+0000] {processor.py:914} INFO - Processing file /opt/airflow/dags/1-bashoperator.py for tasks to queue
[2024-08-28T10:27:34.511+0000] {logging_mixin.py:190} INFO - [2024-08-28T10:27:34.510+0000] {dagbag.py:587} INFO - Filling up the DagBag from /opt/airflow/dags/1-bashoperator.py
[2024-08-28T10:27:34.522+0000] {processor.py:925} INFO - DAG(s) 'basoperator' retrieved from /opt/airflow/dags/1-bashoperator.py
[2024-08-28T10:27:34.561+0000] {logging_mixin.py:190} INFO - [2024-08-28T10:27:34.561+0000] {dag.py:3211} INFO - Sync 1 DAGs
[2024-08-28T10:27:34.614+0000] {logging_mixin.py:190} INFO - [2024-08-28T10:27:34.613+0000] {dag.py:4138} INFO - Setting next_dagrun for basoperator to 2024-08-24 00:00:00+00:00, run_after=2024-08-25 00:00:00+00:00
[2024-08-28T10:27:34.646+0000] {processor.py:208} INFO - Processing /opt/airflow/dags/1-bashoperator.py took 0.156 seconds
[2024-08-28T10:28:05.369+0000] {processor.py:186} INFO - Started process (PID=196) to work on /opt/airflow/dags/1-bashoperator.py
[2024-08-28T10:28:05.370+0000] {processor.py:914} INFO - Processing file /opt/airflow/dags/1-bashoperator.py for tasks to queue
[2024-08-28T10:28:05.372+0000] {logging_mixin.py:190} INFO - [2024-08-28T10:28:05.372+0000] {dagbag.py:587} INFO - Filling up the DagBag from /opt/airflow/dags/1-bashoperator.py
[2024-08-28T10:28:05.385+0000] {processor.py:925} INFO - DAG(s) 'basoperator' retrieved from /opt/airflow/dags/1-bashoperator.py
[2024-08-28T10:28:05.421+0000] {logging_mixin.py:190} INFO - [2024-08-28T10:28:05.421+0000] {dag.py:3211} INFO - Sync 1 DAGs
[2024-08-28T10:28:05.463+0000] {logging_mixin.py:190} INFO - [2024-08-28T10:28:05.462+0000] {dag.py:4138} INFO - Setting next_dagrun for basoperator to 2024-08-24 00:00:00+00:00, run_after=2024-08-25 00:00:00+00:00
[2024-08-28T10:28:05.505+0000] {processor.py:208} INFO - Processing /opt/airflow/dags/1-bashoperator.py took 0.149 seconds
[2024-08-28T10:28:36.211+0000] {processor.py:186} INFO - Started process (PID=208) to work on /opt/airflow/dags/1-bashoperator.py
[2024-08-28T10:28:36.212+0000] {processor.py:914} INFO - Processing file /opt/airflow/dags/1-bashoperator.py for tasks to queue
[2024-08-28T10:28:36.215+0000] {logging_mixin.py:190} INFO - [2024-08-28T10:28:36.215+0000] {dagbag.py:587} INFO - Filling up the DagBag from /opt/airflow/dags/1-bashoperator.py
[2024-08-28T10:28:36.227+0000] {processor.py:925} INFO - DAG(s) 'basoperator' retrieved from /opt/airflow/dags/1-bashoperator.py
[2024-08-28T10:28:36.264+0000] {logging_mixin.py:190} INFO - [2024-08-28T10:28:36.263+0000] {dag.py:3211} INFO - Sync 1 DAGs
[2024-08-28T10:28:36.311+0000] {logging_mixin.py:190} INFO - [2024-08-28T10:28:36.311+0000] {dag.py:4138} INFO - Setting next_dagrun for basoperator to 2024-08-24 00:00:00+00:00, run_after=2024-08-25 00:00:00+00:00
[2024-08-28T10:28:36.342+0000] {processor.py:208} INFO - Processing /opt/airflow/dags/1-bashoperator.py took 0.140 seconds
[2024-08-28T10:29:06.952+0000] {processor.py:186} INFO - Started process (PID=219) to work on /opt/airflow/dags/1-bashoperator.py
[2024-08-28T10:29:06.953+0000] {processor.py:914} INFO - Processing file /opt/airflow/dags/1-bashoperator.py for tasks to queue
[2024-08-28T10:29:06.958+0000] {logging_mixin.py:190} INFO - [2024-08-28T10:29:06.958+0000] {dagbag.py:587} INFO - Filling up the DagBag from /opt/airflow/dags/1-bashoperator.py
[2024-08-28T10:29:06.977+0000] {processor.py:925} INFO - DAG(s) 'basoperator' retrieved from /opt/airflow/dags/1-bashoperator.py
[2024-08-28T10:29:07.019+0000] {logging_mixin.py:190} INFO - [2024-08-28T10:29:07.018+0000] {dag.py:3211} INFO - Sync 1 DAGs
[2024-08-28T10:29:07.071+0000] {logging_mixin.py:190} INFO - [2024-08-28T10:29:07.070+0000] {dag.py:4138} INFO - Setting next_dagrun for basoperator to 2024-08-24 00:00:00+00:00, run_after=2024-08-25 00:00:00+00:00
[2024-08-28T10:29:07.103+0000] {processor.py:208} INFO - Processing /opt/airflow/dags/1-bashoperator.py took 0.165 seconds
[2024-08-28T10:29:37.949+0000] {processor.py:186} INFO - Started process (PID=230) to work on /opt/airflow/dags/1-bashoperator.py
[2024-08-28T10:29:37.951+0000] {processor.py:914} INFO - Processing file /opt/airflow/dags/1-bashoperator.py for tasks to queue
[2024-08-28T10:29:37.956+0000] {logging_mixin.py:190} INFO - [2024-08-28T10:29:37.955+0000] {dagbag.py:587} INFO - Filling up the DagBag from /opt/airflow/dags/1-bashoperator.py
[2024-08-28T10:29:37.974+0000] {processor.py:925} INFO - DAG(s) 'basoperator' retrieved from /opt/airflow/dags/1-bashoperator.py
[2024-08-28T10:29:38.033+0000] {logging_mixin.py:190} INFO - [2024-08-28T10:29:38.033+0000] {dag.py:3211} INFO - Sync 1 DAGs
[2024-08-28T10:29:38.095+0000] {logging_mixin.py:190} INFO - [2024-08-28T10:29:38.094+0000] {dag.py:4138} INFO - Setting next_dagrun for basoperator to 2024-08-24 00:00:00+00:00, run_after=2024-08-25 00:00:00+00:00
[2024-08-28T10:29:38.148+0000] {processor.py:208} INFO - Processing /opt/airflow/dags/1-bashoperator.py took 0.213 seconds
[2024-08-28T10:30:09.061+0000] {processor.py:186} INFO - Started process (PID=248) to work on /opt/airflow/dags/1-bashoperator.py
[2024-08-28T10:30:09.062+0000] {processor.py:914} INFO - Processing file /opt/airflow/dags/1-bashoperator.py for tasks to queue
[2024-08-28T10:30:09.067+0000] {logging_mixin.py:190} INFO - [2024-08-28T10:30:09.066+0000] {dagbag.py:587} INFO - Filling up the DagBag from /opt/airflow/dags/1-bashoperator.py
[2024-08-28T10:30:09.087+0000] {processor.py:925} INFO - DAG(s) 'basoperator' retrieved from /opt/airflow/dags/1-bashoperator.py
[2024-08-28T10:30:09.133+0000] {logging_mixin.py:190} INFO - [2024-08-28T10:30:09.132+0000] {dag.py:3211} INFO - Sync 1 DAGs
[2024-08-28T10:30:09.175+0000] {logging_mixin.py:190} INFO - [2024-08-28T10:30:09.174+0000] {dag.py:4138} INFO - Setting next_dagrun for basoperator to 2024-08-24 00:00:00+00:00, run_after=2024-08-25 00:00:00+00:00
[2024-08-28T10:30:09.204+0000] {processor.py:208} INFO - Processing /opt/airflow/dags/1-bashoperator.py took 0.156 seconds
[2024-08-28T10:30:39.961+0000] {processor.py:186} INFO - Started process (PID=260) to work on /opt/airflow/dags/1-bashoperator.py
[2024-08-28T10:30:39.963+0000] {processor.py:914} INFO - Processing file /opt/airflow/dags/1-bashoperator.py for tasks to queue
[2024-08-28T10:30:39.966+0000] {logging_mixin.py:190} INFO - [2024-08-28T10:30:39.966+0000] {dagbag.py:587} INFO - Filling up the DagBag from /opt/airflow/dags/1-bashoperator.py
[2024-08-28T10:30:39.978+0000] {processor.py:925} INFO - DAG(s) 'basoperator' retrieved from /opt/airflow/dags/1-bashoperator.py
[2024-08-28T10:30:40.022+0000] {logging_mixin.py:190} INFO - [2024-08-28T10:30:40.022+0000] {dag.py:3211} INFO - Sync 1 DAGs
[2024-08-28T10:30:40.071+0000] {logging_mixin.py:190} INFO - [2024-08-28T10:30:40.071+0000] {dag.py:4138} INFO - Setting next_dagrun for basoperator to 2024-08-24 00:00:00+00:00, run_after=2024-08-25 00:00:00+00:00
[2024-08-28T10:30:40.098+0000] {processor.py:208} INFO - Processing /opt/airflow/dags/1-bashoperator.py took 0.145 seconds
[2024-08-28T10:31:10.803+0000] {processor.py:186} INFO - Started process (PID=272) to work on /opt/airflow/dags/1-bashoperator.py
[2024-08-28T10:31:10.803+0000] {processor.py:914} INFO - Processing file /opt/airflow/dags/1-bashoperator.py for tasks to queue
[2024-08-28T10:31:10.807+0000] {logging_mixin.py:190} INFO - [2024-08-28T10:31:10.807+0000] {dagbag.py:587} INFO - Filling up the DagBag from /opt/airflow/dags/1-bashoperator.py
[2024-08-28T10:31:10.819+0000] {processor.py:925} INFO - DAG(s) 'basoperator' retrieved from /opt/airflow/dags/1-bashoperator.py
[2024-08-28T10:31:10.861+0000] {logging_mixin.py:190} INFO - [2024-08-28T10:31:10.861+0000] {dag.py:3211} INFO - Sync 1 DAGs
[2024-08-28T10:31:10.908+0000] {logging_mixin.py:190} INFO - [2024-08-28T10:31:10.908+0000] {dag.py:4138} INFO - Setting next_dagrun for basoperator to 2024-08-24 00:00:00+00:00, run_after=2024-08-25 00:00:00+00:00
[2024-08-28T10:31:10.935+0000] {processor.py:208} INFO - Processing /opt/airflow/dags/1-bashoperator.py took 0.141 seconds
[2024-08-28T10:31:41.659+0000] {processor.py:186} INFO - Started process (PID=284) to work on /opt/airflow/dags/1-bashoperator.py
[2024-08-28T10:31:41.660+0000] {processor.py:914} INFO - Processing file /opt/airflow/dags/1-bashoperator.py for tasks to queue
[2024-08-28T10:31:41.663+0000] {logging_mixin.py:190} INFO - [2024-08-28T10:31:41.662+0000] {dagbag.py:587} INFO - Filling up the DagBag from /opt/airflow/dags/1-bashoperator.py
[2024-08-28T10:31:41.679+0000] {processor.py:925} INFO - DAG(s) 'basoperator' retrieved from /opt/airflow/dags/1-bashoperator.py
[2024-08-28T10:31:41.718+0000] {logging_mixin.py:190} INFO - [2024-08-28T10:31:41.718+0000] {dag.py:3211} INFO - Sync 1 DAGs
[2024-08-28T10:31:41.767+0000] {logging_mixin.py:190} INFO - [2024-08-28T10:31:41.767+0000] {dag.py:4138} INFO - Setting next_dagrun for basoperator to 2024-08-24 00:00:00+00:00, run_after=2024-08-25 00:00:00+00:00
[2024-08-28T10:31:41.795+0000] {processor.py:208} INFO - Processing /opt/airflow/dags/1-bashoperator.py took 0.149 seconds
[2024-08-28T10:32:12.475+0000] {processor.py:186} INFO - Started process (PID=297) to work on /opt/airflow/dags/1-bashoperator.py
[2024-08-28T10:32:12.476+0000] {processor.py:914} INFO - Processing file /opt/airflow/dags/1-bashoperator.py for tasks to queue
[2024-08-28T10:32:12.479+0000] {logging_mixin.py:190} INFO - [2024-08-28T10:32:12.478+0000] {dagbag.py:587} INFO - Filling up the DagBag from /opt/airflow/dags/1-bashoperator.py
[2024-08-28T10:32:12.491+0000] {processor.py:925} INFO - DAG(s) 'basoperator' retrieved from /opt/airflow/dags/1-bashoperator.py
[2024-08-28T10:32:12.539+0000] {logging_mixin.py:190} INFO - [2024-08-28T10:32:12.539+0000] {dag.py:3211} INFO - Sync 1 DAGs
[2024-08-28T10:32:12.585+0000] {logging_mixin.py:190} INFO - [2024-08-28T10:32:12.584+0000] {dag.py:4138} INFO - Setting next_dagrun for basoperator to 2024-08-24 00:00:00+00:00, run_after=2024-08-25 00:00:00+00:00
[2024-08-28T10:32:12.614+0000] {processor.py:208} INFO - Processing /opt/airflow/dags/1-bashoperator.py took 0.149 seconds
[2024-08-28T10:32:43.337+0000] {processor.py:186} INFO - Started process (PID=310) to work on /opt/airflow/dags/1-bashoperator.py
[2024-08-28T10:32:43.338+0000] {processor.py:914} INFO - Processing file /opt/airflow/dags/1-bashoperator.py for tasks to queue
[2024-08-28T10:32:43.341+0000] {logging_mixin.py:190} INFO - [2024-08-28T10:32:43.340+0000] {dagbag.py:587} INFO - Filling up the DagBag from /opt/airflow/dags/1-bashoperator.py
[2024-08-28T10:32:43.353+0000] {processor.py:925} INFO - DAG(s) 'basoperator' retrieved from /opt/airflow/dags/1-bashoperator.py
[2024-08-28T10:32:43.408+0000] {logging_mixin.py:190} INFO - [2024-08-28T10:32:43.407+0000] {dag.py:3211} INFO - Sync 1 DAGs
[2024-08-28T10:32:43.455+0000] {logging_mixin.py:190} INFO - [2024-08-28T10:32:43.454+0000] {dag.py:4138} INFO - Setting next_dagrun for basoperator to 2024-08-24 00:00:00+00:00, run_after=2024-08-25 00:00:00+00:00
[2024-08-28T10:32:43.482+0000] {processor.py:208} INFO - Processing /opt/airflow/dags/1-bashoperator.py took 0.155 seconds
[2024-08-28T10:33:14.139+0000] {processor.py:186} INFO - Started process (PID=322) to work on /opt/airflow/dags/1-bashoperator.py
[2024-08-28T10:33:14.141+0000] {processor.py:914} INFO - Processing file /opt/airflow/dags/1-bashoperator.py for tasks to queue
[2024-08-28T10:33:14.144+0000] {logging_mixin.py:190} INFO - [2024-08-28T10:33:14.144+0000] {dagbag.py:587} INFO - Filling up the DagBag from /opt/airflow/dags/1-bashoperator.py
[2024-08-28T10:33:14.156+0000] {processor.py:925} INFO - DAG(s) 'basoperator' retrieved from /opt/airflow/dags/1-bashoperator.py
[2024-08-28T10:33:14.199+0000] {logging_mixin.py:190} INFO - [2024-08-28T10:33:14.199+0000] {dag.py:3211} INFO - Sync 1 DAGs
[2024-08-28T10:33:14.245+0000] {logging_mixin.py:190} INFO - [2024-08-28T10:33:14.245+0000] {dag.py:4138} INFO - Setting next_dagrun for basoperator to 2024-08-24 00:00:00+00:00, run_after=2024-08-25 00:00:00+00:00
[2024-08-28T10:33:14.274+0000] {processor.py:208} INFO - Processing /opt/airflow/dags/1-bashoperator.py took 0.148 seconds
[2024-08-28T10:33:45.138+0000] {processor.py:186} INFO - Started process (PID=333) to work on /opt/airflow/dags/1-bashoperator.py
[2024-08-28T10:33:45.172+0000] {processor.py:914} INFO - Processing file /opt/airflow/dags/1-bashoperator.py for tasks to queue
[2024-08-28T10:33:45.177+0000] {logging_mixin.py:190} INFO - [2024-08-28T10:33:45.176+0000] {dagbag.py:587} INFO - Filling up the DagBag from /opt/airflow/dags/1-bashoperator.py
[2024-08-28T10:33:45.202+0000] {processor.py:925} INFO - DAG(s) 'basoperator' retrieved from /opt/airflow/dags/1-bashoperator.py
[2024-08-28T10:33:45.257+0000] {logging_mixin.py:190} INFO - [2024-08-28T10:33:45.256+0000] {dag.py:3211} INFO - Sync 1 DAGs
[2024-08-28T10:33:45.322+0000] {logging_mixin.py:190} INFO - [2024-08-28T10:33:45.321+0000] {dag.py:4138} INFO - Setting next_dagrun for basoperator to 2024-08-24 00:00:00+00:00, run_after=2024-08-25 00:00:00+00:00
[2024-08-28T10:33:45.361+0000] {processor.py:208} INFO - Processing /opt/airflow/dags/1-bashoperator.py took 0.239 seconds
[2024-08-28T10:34:16.345+0000] {processor.py:186} INFO - Started process (PID=344) to work on /opt/airflow/dags/1-bashoperator.py
[2024-08-28T10:34:16.346+0000] {processor.py:914} INFO - Processing file /opt/airflow/dags/1-bashoperator.py for tasks to queue
[2024-08-28T10:34:16.350+0000] {logging_mixin.py:190} INFO - [2024-08-28T10:34:16.350+0000] {dagbag.py:587} INFO - Filling up the DagBag from /opt/airflow/dags/1-bashoperator.py
[2024-08-28T10:34:16.367+0000] {processor.py:925} INFO - DAG(s) 'basoperator' retrieved from /opt/airflow/dags/1-bashoperator.py
[2024-08-28T10:34:16.424+0000] {logging_mixin.py:190} INFO - [2024-08-28T10:34:16.423+0000] {dag.py:3211} INFO - Sync 1 DAGs
[2024-08-28T10:34:16.486+0000] {logging_mixin.py:190} INFO - [2024-08-28T10:34:16.486+0000] {dag.py:4138} INFO - Setting next_dagrun for basoperator to 2024-08-24 00:00:00+00:00, run_after=2024-08-25 00:00:00+00:00
[2024-08-28T10:34:16.522+0000] {processor.py:208} INFO - Processing /opt/airflow/dags/1-bashoperator.py took 0.192 seconds
[2024-08-28T10:34:47.787+0000] {processor.py:186} INFO - Started process (PID=356) to work on /opt/airflow/dags/1-bashoperator.py
[2024-08-28T10:34:47.863+0000] {processor.py:914} INFO - Processing file /opt/airflow/dags/1-bashoperator.py for tasks to queue
[2024-08-28T10:34:47.869+0000] {logging_mixin.py:190} INFO - [2024-08-28T10:34:47.868+0000] {dagbag.py:587} INFO - Filling up the DagBag from /opt/airflow/dags/1-bashoperator.py
[2024-08-28T10:34:47.898+0000] {processor.py:925} INFO - DAG(s) 'basoperator' retrieved from /opt/airflow/dags/1-bashoperator.py
[2024-08-28T10:34:47.966+0000] {logging_mixin.py:190} INFO - [2024-08-28T10:34:47.966+0000] {dag.py:3211} INFO - Sync 1 DAGs
[2024-08-28T10:34:48.031+0000] {logging_mixin.py:190} INFO - [2024-08-28T10:34:48.030+0000] {dag.py:4138} INFO - Setting next_dagrun for basoperator to 2024-08-24 00:00:00+00:00, run_after=2024-08-25 00:00:00+00:00
[2024-08-28T10:34:48.081+0000] {processor.py:208} INFO - Processing /opt/airflow/dags/1-bashoperator.py took 0.310 seconds
[2024-08-28T10:35:18.904+0000] {processor.py:186} INFO - Started process (PID=368) to work on /opt/airflow/dags/1-bashoperator.py
[2024-08-28T10:35:19.241+0000] {processor.py:914} INFO - Processing file /opt/airflow/dags/1-bashoperator.py for tasks to queue
[2024-08-28T10:35:19.246+0000] {logging_mixin.py:190} INFO - [2024-08-28T10:35:19.245+0000] {dagbag.py:587} INFO - Filling up the DagBag from /opt/airflow/dags/1-bashoperator.py
[2024-08-28T10:35:19.261+0000] {processor.py:925} INFO - DAG(s) 'basoperator' retrieved from /opt/airflow/dags/1-bashoperator.py
[2024-08-28T10:35:19.301+0000] {logging_mixin.py:190} INFO - [2024-08-28T10:35:19.300+0000] {dag.py:3211} INFO - Sync 1 DAGs
[2024-08-28T10:35:19.349+0000] {logging_mixin.py:190} INFO - [2024-08-28T10:35:19.349+0000] {dag.py:4138} INFO - Setting next_dagrun for basoperator to 2024-08-24 00:00:00+00:00, run_after=2024-08-25 00:00:00+00:00
[2024-08-28T10:35:19.380+0000] {processor.py:208} INFO - Processing /opt/airflow/dags/1-bashoperator.py took 0.484 seconds
[2024-08-28T10:35:50.165+0000] {processor.py:186} INFO - Started process (PID=380) to work on /opt/airflow/dags/1-bashoperator.py
[2024-08-28T10:35:50.166+0000] {processor.py:914} INFO - Processing file /opt/airflow/dags/1-bashoperator.py for tasks to queue
[2024-08-28T10:35:50.181+0000] {logging_mixin.py:190} INFO - [2024-08-28T10:35:50.176+0000] {dagbag.py:587} INFO - Filling up the DagBag from /opt/airflow/dags/1-bashoperator.py
[2024-08-28T10:35:50.202+0000] {processor.py:925} INFO - DAG(s) 'basoperator' retrieved from /opt/airflow/dags/1-bashoperator.py
[2024-08-28T10:35:50.314+0000] {logging_mixin.py:190} INFO - [2024-08-28T10:35:50.312+0000] {dag.py:3211} INFO - Sync 1 DAGs
[2024-08-28T10:35:50.414+0000] {logging_mixin.py:190} INFO - [2024-08-28T10:35:50.414+0000] {dag.py:4138} INFO - Setting next_dagrun for basoperator to 2024-08-24 00:00:00+00:00, run_after=2024-08-25 00:00:00+00:00
[2024-08-28T10:35:50.477+0000] {processor.py:208} INFO - Processing /opt/airflow/dags/1-bashoperator.py took 0.339 seconds
[2024-08-28T10:36:21.078+0000] {processor.py:186} INFO - Started process (PID=392) to work on /opt/airflow/dags/1-bashoperator.py
[2024-08-28T10:36:21.135+0000] {processor.py:914} INFO - Processing file /opt/airflow/dags/1-bashoperator.py for tasks to queue
[2024-08-28T10:36:21.140+0000] {logging_mixin.py:190} INFO - [2024-08-28T10:36:21.139+0000] {dagbag.py:587} INFO - Filling up the DagBag from /opt/airflow/dags/1-bashoperator.py
[2024-08-28T10:36:21.178+0000] {processor.py:925} INFO - DAG(s) 'basoperator' retrieved from /opt/airflow/dags/1-bashoperator.py
[2024-08-28T10:36:21.246+0000] {logging_mixin.py:190} INFO - [2024-08-28T10:36:21.246+0000] {dag.py:3211} INFO - Sync 1 DAGs
[2024-08-28T10:36:21.323+0000] {logging_mixin.py:190} INFO - [2024-08-28T10:36:21.319+0000] {dag.py:4138} INFO - Setting next_dagrun for basoperator to 2024-08-24 00:00:00+00:00, run_after=2024-08-25 00:00:00+00:00
[2024-08-28T10:36:21.369+0000] {processor.py:208} INFO - Processing /opt/airflow/dags/1-bashoperator.py took 0.307 seconds
[2024-08-28T10:36:51.615+0000] {processor.py:186} INFO - Started process (PID=404) to work on /opt/airflow/dags/1-bashoperator.py
[2024-08-28T10:36:51.616+0000] {processor.py:914} INFO - Processing file /opt/airflow/dags/1-bashoperator.py for tasks to queue
[2024-08-28T10:36:51.623+0000] {logging_mixin.py:190} INFO - [2024-08-28T10:36:51.620+0000] {dagbag.py:587} INFO - Filling up the DagBag from /opt/airflow/dags/1-bashoperator.py
[2024-08-28T10:36:51.646+0000] {processor.py:925} INFO - DAG(s) 'basoperator' retrieved from /opt/airflow/dags/1-bashoperator.py
[2024-08-28T10:36:51.731+0000] {logging_mixin.py:190} INFO - [2024-08-28T10:36:51.730+0000] {dag.py:3211} INFO - Sync 1 DAGs
[2024-08-28T10:36:51.843+0000] {logging_mixin.py:190} INFO - [2024-08-28T10:36:51.843+0000] {dag.py:4138} INFO - Setting next_dagrun for basoperator to 2024-08-24 00:00:00+00:00, run_after=2024-08-25 00:00:00+00:00
[2024-08-28T10:36:51.904+0000] {processor.py:208} INFO - Processing /opt/airflow/dags/1-bashoperator.py took 0.304 seconds
[2024-08-28T10:37:22.526+0000] {processor.py:186} INFO - Started process (PID=415) to work on /opt/airflow/dags/1-bashoperator.py
[2024-08-28T10:37:22.549+0000] {processor.py:914} INFO - Processing file /opt/airflow/dags/1-bashoperator.py for tasks to queue
[2024-08-28T10:37:22.554+0000] {logging_mixin.py:190} INFO - [2024-08-28T10:37:22.554+0000] {dagbag.py:587} INFO - Filling up the DagBag from /opt/airflow/dags/1-bashoperator.py
[2024-08-28T10:37:22.573+0000] {processor.py:925} INFO - DAG(s) 'basoperator' retrieved from /opt/airflow/dags/1-bashoperator.py
[2024-08-28T10:37:22.631+0000] {logging_mixin.py:190} INFO - [2024-08-28T10:37:22.631+0000] {dag.py:3211} INFO - Sync 1 DAGs
[2024-08-28T10:37:22.700+0000] {logging_mixin.py:190} INFO - [2024-08-28T10:37:22.699+0000] {dag.py:4138} INFO - Setting next_dagrun for basoperator to 2024-08-24 00:00:00+00:00, run_after=2024-08-25 00:00:00+00:00
[2024-08-28T10:37:22.734+0000] {processor.py:208} INFO - Processing /opt/airflow/dags/1-bashoperator.py took 0.218 seconds
[2024-08-28T10:37:53.610+0000] {processor.py:186} INFO - Started process (PID=427) to work on /opt/airflow/dags/1-bashoperator.py
[2024-08-28T10:37:53.612+0000] {processor.py:914} INFO - Processing file /opt/airflow/dags/1-bashoperator.py for tasks to queue
[2024-08-28T10:37:53.621+0000] {logging_mixin.py:190} INFO - [2024-08-28T10:37:53.620+0000] {dagbag.py:587} INFO - Filling up the DagBag from /opt/airflow/dags/1-bashoperator.py
[2024-08-28T10:37:53.646+0000] {processor.py:925} INFO - DAG(s) 'basoperator' retrieved from /opt/airflow/dags/1-bashoperator.py
[2024-08-28T10:37:53.750+0000] {logging_mixin.py:190} INFO - [2024-08-28T10:37:53.749+0000] {dag.py:3211} INFO - Sync 1 DAGs
[2024-08-28T10:37:53.824+0000] {logging_mixin.py:190} INFO - [2024-08-28T10:37:53.824+0000] {dag.py:4138} INFO - Setting next_dagrun for basoperator to 2024-08-24 00:00:00+00:00, run_after=2024-08-25 00:00:00+00:00
[2024-08-28T10:37:53.876+0000] {processor.py:208} INFO - Processing /opt/airflow/dags/1-bashoperator.py took 0.289 seconds
[2024-08-28T10:38:24.397+0000] {processor.py:186} INFO - Started process (PID=440) to work on /opt/airflow/dags/1-bashoperator.py
[2024-08-28T10:38:24.430+0000] {processor.py:914} INFO - Processing file /opt/airflow/dags/1-bashoperator.py for tasks to queue
[2024-08-28T10:38:24.435+0000] {logging_mixin.py:190} INFO - [2024-08-28T10:38:24.434+0000] {dagbag.py:587} INFO - Filling up the DagBag from /opt/airflow/dags/1-bashoperator.py
[2024-08-28T10:38:24.451+0000] {processor.py:925} INFO - DAG(s) 'basoperator' retrieved from /opt/airflow/dags/1-bashoperator.py
[2024-08-28T10:38:24.491+0000] {logging_mixin.py:190} INFO - [2024-08-28T10:38:24.491+0000] {dag.py:3211} INFO - Sync 1 DAGs
[2024-08-28T10:38:24.544+0000] {logging_mixin.py:190} INFO - [2024-08-28T10:38:24.544+0000] {dag.py:4138} INFO - Setting next_dagrun for basoperator to 2024-08-24 00:00:00+00:00, run_after=2024-08-25 00:00:00+00:00
[2024-08-28T10:38:24.596+0000] {processor.py:208} INFO - Processing /opt/airflow/dags/1-bashoperator.py took 0.209 seconds
[2024-08-28T10:38:55.149+0000] {processor.py:186} INFO - Started process (PID=451) to work on /opt/airflow/dags/1-bashoperator.py
[2024-08-28T10:38:55.150+0000] {processor.py:914} INFO - Processing file /opt/airflow/dags/1-bashoperator.py for tasks to queue
[2024-08-28T10:38:55.156+0000] {logging_mixin.py:190} INFO - [2024-08-28T10:38:55.155+0000] {dagbag.py:587} INFO - Filling up the DagBag from /opt/airflow/dags/1-bashoperator.py
[2024-08-28T10:38:55.177+0000] {processor.py:925} INFO - DAG(s) 'basoperator' retrieved from /opt/airflow/dags/1-bashoperator.py
[2024-08-28T10:38:55.231+0000] {logging_mixin.py:190} INFO - [2024-08-28T10:38:55.230+0000] {dag.py:3211} INFO - Sync 1 DAGs
[2024-08-28T10:38:55.280+0000] {logging_mixin.py:190} INFO - [2024-08-28T10:38:55.279+0000] {dag.py:4138} INFO - Setting next_dagrun for basoperator to 2024-08-24 00:00:00+00:00, run_after=2024-08-25 00:00:00+00:00
[2024-08-28T10:38:55.309+0000] {processor.py:208} INFO - Processing /opt/airflow/dags/1-bashoperator.py took 0.177 seconds
[2024-08-28T10:39:25.827+0000] {processor.py:186} INFO - Started process (PID=462) to work on /opt/airflow/dags/1-bashoperator.py
[2024-08-28T10:39:25.857+0000] {processor.py:914} INFO - Processing file /opt/airflow/dags/1-bashoperator.py for tasks to queue
[2024-08-28T10:39:25.861+0000] {logging_mixin.py:190} INFO - [2024-08-28T10:39:25.861+0000] {dagbag.py:587} INFO - Filling up the DagBag from /opt/airflow/dags/1-bashoperator.py
[2024-08-28T10:39:25.878+0000] {processor.py:925} INFO - DAG(s) 'basoperator' retrieved from /opt/airflow/dags/1-bashoperator.py
[2024-08-28T10:39:25.927+0000] {logging_mixin.py:190} INFO - [2024-08-28T10:39:25.927+0000] {dag.py:3211} INFO - Sync 1 DAGs
[2024-08-28T10:39:25.982+0000] {logging_mixin.py:190} INFO - [2024-08-28T10:39:25.981+0000] {dag.py:4138} INFO - Setting next_dagrun for basoperator to 2024-08-24 00:00:00+00:00, run_after=2024-08-25 00:00:00+00:00
[2024-08-28T10:39:26.020+0000] {processor.py:208} INFO - Processing /opt/airflow/dags/1-bashoperator.py took 0.208 seconds
[2024-08-28T10:39:56.584+0000] {processor.py:186} INFO - Started process (PID=473) to work on /opt/airflow/dags/1-bashoperator.py
[2024-08-28T10:39:56.585+0000] {processor.py:914} INFO - Processing file /opt/airflow/dags/1-bashoperator.py for tasks to queue
[2024-08-28T10:39:56.589+0000] {logging_mixin.py:190} INFO - [2024-08-28T10:39:56.588+0000] {dagbag.py:587} INFO - Filling up the DagBag from /opt/airflow/dags/1-bashoperator.py
[2024-08-28T10:39:56.608+0000] {processor.py:925} INFO - DAG(s) 'basoperator' retrieved from /opt/airflow/dags/1-bashoperator.py
[2024-08-28T10:39:56.657+0000] {logging_mixin.py:190} INFO - [2024-08-28T10:39:56.657+0000] {dag.py:3211} INFO - Sync 1 DAGs
[2024-08-28T10:39:56.719+0000] {logging_mixin.py:190} INFO - [2024-08-28T10:39:56.719+0000] {dag.py:4138} INFO - Setting next_dagrun for basoperator to 2024-08-24 00:00:00+00:00, run_after=2024-08-25 00:00:00+00:00
[2024-08-28T10:39:56.763+0000] {processor.py:208} INFO - Processing /opt/airflow/dags/1-bashoperator.py took 0.195 seconds
[2024-08-28T10:40:27.131+0000] {processor.py:186} INFO - Started process (PID=485) to work on /opt/airflow/dags/1-bashoperator.py
[2024-08-28T10:40:27.161+0000] {processor.py:914} INFO - Processing file /opt/airflow/dags/1-bashoperator.py for tasks to queue
[2024-08-28T10:40:27.174+0000] {logging_mixin.py:190} INFO - [2024-08-28T10:40:27.173+0000] {dagbag.py:587} INFO - Filling up the DagBag from /opt/airflow/dags/1-bashoperator.py
[2024-08-28T10:40:27.199+0000] {processor.py:925} INFO - DAG(s) 'basoperator' retrieved from /opt/airflow/dags/1-bashoperator.py
[2024-08-28T10:40:27.292+0000] {logging_mixin.py:190} INFO - [2024-08-28T10:40:27.292+0000] {dag.py:3211} INFO - Sync 1 DAGs
[2024-08-28T10:40:27.399+0000] {logging_mixin.py:190} INFO - [2024-08-28T10:40:27.398+0000] {dag.py:4138} INFO - Setting next_dagrun for basoperator to 2024-08-24 00:00:00+00:00, run_after=2024-08-25 00:00:00+00:00
[2024-08-28T10:40:27.446+0000] {processor.py:208} INFO - Processing /opt/airflow/dags/1-bashoperator.py took 0.329 seconds
[2024-08-28T10:40:57.994+0000] {processor.py:186} INFO - Started process (PID=496) to work on /opt/airflow/dags/1-bashoperator.py
[2024-08-28T10:40:57.995+0000] {processor.py:914} INFO - Processing file /opt/airflow/dags/1-bashoperator.py for tasks to queue
[2024-08-28T10:40:57.998+0000] {logging_mixin.py:190} INFO - [2024-08-28T10:40:57.997+0000] {dagbag.py:587} INFO - Filling up the DagBag from /opt/airflow/dags/1-bashoperator.py
[2024-08-28T10:40:58.013+0000] {processor.py:925} INFO - DAG(s) 'basoperator' retrieved from /opt/airflow/dags/1-bashoperator.py
[2024-08-28T10:40:58.052+0000] {logging_mixin.py:190} INFO - [2024-08-28T10:40:58.051+0000] {dag.py:3211} INFO - Sync 1 DAGs
[2024-08-28T10:40:58.094+0000] {logging_mixin.py:190} INFO - [2024-08-28T10:40:58.094+0000] {dag.py:4138} INFO - Setting next_dagrun for basoperator to 2024-08-24 00:00:00+00:00, run_after=2024-08-25 00:00:00+00:00
[2024-08-28T10:40:58.124+0000] {processor.py:208} INFO - Processing /opt/airflow/dags/1-bashoperator.py took 0.141 seconds
[2024-08-28T10:41:28.884+0000] {processor.py:186} INFO - Started process (PID=508) to work on /opt/airflow/dags/1-bashoperator.py
[2024-08-28T10:41:28.887+0000] {processor.py:914} INFO - Processing file /opt/airflow/dags/1-bashoperator.py for tasks to queue
[2024-08-28T10:41:28.892+0000] {logging_mixin.py:190} INFO - [2024-08-28T10:41:28.892+0000] {dagbag.py:587} INFO - Filling up the DagBag from /opt/airflow/dags/1-bashoperator.py
[2024-08-28T10:41:28.907+0000] {processor.py:925} INFO - DAG(s) 'basoperator' retrieved from /opt/airflow/dags/1-bashoperator.py
[2024-08-28T10:41:28.958+0000] {logging_mixin.py:190} INFO - [2024-08-28T10:41:28.957+0000] {dag.py:3211} INFO - Sync 1 DAGs
[2024-08-28T10:41:29.001+0000] {logging_mixin.py:190} INFO - [2024-08-28T10:41:29.000+0000] {dag.py:4138} INFO - Setting next_dagrun for basoperator to 2024-08-24 00:00:00+00:00, run_after=2024-08-25 00:00:00+00:00
[2024-08-28T10:41:29.030+0000] {processor.py:208} INFO - Processing /opt/airflow/dags/1-bashoperator.py took 0.158 seconds
[2024-08-28T10:41:59.440+0000] {processor.py:186} INFO - Started process (PID=519) to work on /opt/airflow/dags/1-bashoperator.py
[2024-08-28T10:41:59.441+0000] {processor.py:914} INFO - Processing file /opt/airflow/dags/1-bashoperator.py for tasks to queue
[2024-08-28T10:41:59.446+0000] {logging_mixin.py:190} INFO - [2024-08-28T10:41:59.445+0000] {dagbag.py:587} INFO - Filling up the DagBag from /opt/airflow/dags/1-bashoperator.py
[2024-08-28T10:41:59.467+0000] {processor.py:925} INFO - DAG(s) 'basoperator' retrieved from /opt/airflow/dags/1-bashoperator.py
[2024-08-28T10:41:59.539+0000] {logging_mixin.py:190} INFO - [2024-08-28T10:41:59.538+0000] {dag.py:3211} INFO - Sync 1 DAGs
[2024-08-28T10:41:59.636+0000] {logging_mixin.py:190} INFO - [2024-08-28T10:41:59.635+0000] {dag.py:4138} INFO - Setting next_dagrun for basoperator to 2024-08-24 00:00:00+00:00, run_after=2024-08-25 00:00:00+00:00
[2024-08-28T10:41:59.672+0000] {processor.py:208} INFO - Processing /opt/airflow/dags/1-bashoperator.py took 0.267 seconds
[2024-08-28T10:42:30.049+0000] {processor.py:186} INFO - Started process (PID=531) to work on /opt/airflow/dags/1-bashoperator.py
[2024-08-28T10:42:30.051+0000] {processor.py:914} INFO - Processing file /opt/airflow/dags/1-bashoperator.py for tasks to queue
[2024-08-28T10:42:30.054+0000] {logging_mixin.py:190} INFO - [2024-08-28T10:42:30.053+0000] {dagbag.py:587} INFO - Filling up the DagBag from /opt/airflow/dags/1-bashoperator.py
[2024-08-28T10:42:30.070+0000] {processor.py:925} INFO - DAG(s) 'basoperator' retrieved from /opt/airflow/dags/1-bashoperator.py
[2024-08-28T10:42:30.109+0000] {logging_mixin.py:190} INFO - [2024-08-28T10:42:30.109+0000] {dag.py:3211} INFO - Sync 1 DAGs
[2024-08-28T10:42:30.154+0000] {logging_mixin.py:190} INFO - [2024-08-28T10:42:30.154+0000] {dag.py:4138} INFO - Setting next_dagrun for basoperator to 2024-08-24 00:00:00+00:00, run_after=2024-08-25 00:00:00+00:00
[2024-08-28T10:42:30.183+0000] {processor.py:208} INFO - Processing /opt/airflow/dags/1-bashoperator.py took 0.147 seconds
[2024-08-28T10:43:00.908+0000] {processor.py:186} INFO - Started process (PID=542) to work on /opt/airflow/dags/1-bashoperator.py
[2024-08-28T10:43:00.910+0000] {processor.py:914} INFO - Processing file /opt/airflow/dags/1-bashoperator.py for tasks to queue
[2024-08-28T10:43:00.915+0000] {logging_mixin.py:190} INFO - [2024-08-28T10:43:00.914+0000] {dagbag.py:587} INFO - Filling up the DagBag from /opt/airflow/dags/1-bashoperator.py
[2024-08-28T10:43:00.933+0000] {processor.py:925} INFO - DAG(s) 'basoperator' retrieved from /opt/airflow/dags/1-bashoperator.py
[2024-08-28T10:43:00.971+0000] {logging_mixin.py:190} INFO - [2024-08-28T10:43:00.971+0000] {dag.py:3211} INFO - Sync 1 DAGs
[2024-08-28T10:43:01.014+0000] {logging_mixin.py:190} INFO - [2024-08-28T10:43:01.014+0000] {dag.py:4138} INFO - Setting next_dagrun for basoperator to 2024-08-24 00:00:00+00:00, run_after=2024-08-25 00:00:00+00:00
[2024-08-28T10:43:01.046+0000] {processor.py:208} INFO - Processing /opt/airflow/dags/1-bashoperator.py took 0.148 seconds
[2024-08-28T10:43:31.752+0000] {processor.py:186} INFO - Started process (PID=554) to work on /opt/airflow/dags/1-bashoperator.py
[2024-08-28T10:43:31.754+0000] {processor.py:914} INFO - Processing file /opt/airflow/dags/1-bashoperator.py for tasks to queue
[2024-08-28T10:43:31.757+0000] {logging_mixin.py:190} INFO - [2024-08-28T10:43:31.756+0000] {dagbag.py:587} INFO - Filling up the DagBag from /opt/airflow/dags/1-bashoperator.py
[2024-08-28T10:43:31.770+0000] {processor.py:925} INFO - DAG(s) 'basoperator' retrieved from /opt/airflow/dags/1-bashoperator.py
[2024-08-28T10:43:31.834+0000] {logging_mixin.py:190} INFO - [2024-08-28T10:43:31.834+0000] {dag.py:3211} INFO - Sync 1 DAGs
[2024-08-28T10:43:31.910+0000] {logging_mixin.py:190} INFO - [2024-08-28T10:43:31.909+0000] {dag.py:4138} INFO - Setting next_dagrun for basoperator to 2024-08-24 00:00:00+00:00, run_after=2024-08-25 00:00:00+00:00
[2024-08-28T10:43:31.947+0000] {processor.py:208} INFO - Processing /opt/airflow/dags/1-bashoperator.py took 0.206 seconds
[2024-08-28T12:13:43.959+0000] {processor.py:186} INFO - Started process (PID=70) to work on /opt/airflow/dags/1-bashoperator.py
[2024-08-28T12:13:44.041+0000] {processor.py:914} INFO - Processing file /opt/airflow/dags/1-bashoperator.py for tasks to queue
[2024-08-28T12:13:44.047+0000] {logging_mixin.py:190} INFO - [2024-08-28T12:13:44.046+0000] {dagbag.py:587} INFO - Filling up the DagBag from /opt/airflow/dags/1-bashoperator.py
[2024-08-28T12:13:44.091+0000] {processor.py:925} INFO - DAG(s) 'basoperator' retrieved from /opt/airflow/dags/1-bashoperator.py
[2024-08-28T12:13:44.217+0000] {logging_mixin.py:190} INFO - [2024-08-28T12:13:44.216+0000] {dag.py:3211} INFO - Sync 1 DAGs
[2024-08-28T12:13:44.397+0000] {logging_mixin.py:190} INFO - [2024-08-28T12:13:44.396+0000] {dag.py:4138} INFO - Setting next_dagrun for basoperator to 2024-08-24 00:00:00+00:00, run_after=2024-08-25 00:00:00+00:00
[2024-08-28T12:13:44.523+0000] {processor.py:208} INFO - Processing /opt/airflow/dags/1-bashoperator.py took 0.604 seconds
[2024-08-28T12:14:14.708+0000] {processor.py:186} INFO - Started process (PID=82) to work on /opt/airflow/dags/1-bashoperator.py
[2024-08-28T12:14:14.710+0000] {processor.py:914} INFO - Processing file /opt/airflow/dags/1-bashoperator.py for tasks to queue
[2024-08-28T12:14:14.714+0000] {logging_mixin.py:190} INFO - [2024-08-28T12:14:14.714+0000] {dagbag.py:587} INFO - Filling up the DagBag from /opt/airflow/dags/1-bashoperator.py
[2024-08-28T12:14:14.733+0000] {processor.py:925} INFO - DAG(s) 'basoperator' retrieved from /opt/airflow/dags/1-bashoperator.py
[2024-08-28T12:14:14.788+0000] {logging_mixin.py:190} INFO - [2024-08-28T12:14:14.787+0000] {dag.py:3211} INFO - Sync 1 DAGs
[2024-08-28T12:14:14.840+0000] {logging_mixin.py:190} INFO - [2024-08-28T12:14:14.840+0000] {dag.py:4138} INFO - Setting next_dagrun for basoperator to 2024-08-24 00:00:00+00:00, run_after=2024-08-25 00:00:00+00:00
[2024-08-28T12:14:14.876+0000] {processor.py:208} INFO - Processing /opt/airflow/dags/1-bashoperator.py took 0.181 seconds
[2024-08-28T12:14:46.007+0000] {processor.py:186} INFO - Started process (PID=93) to work on /opt/airflow/dags/1-bashoperator.py
[2024-08-28T12:14:46.163+0000] {processor.py:914} INFO - Processing file /opt/airflow/dags/1-bashoperator.py for tasks to queue
[2024-08-28T12:14:46.166+0000] {logging_mixin.py:190} INFO - [2024-08-28T12:14:46.166+0000] {dagbag.py:587} INFO - Filling up the DagBag from /opt/airflow/dags/1-bashoperator.py
[2024-08-28T12:14:46.183+0000] {processor.py:925} INFO - DAG(s) 'basoperator' retrieved from /opt/airflow/dags/1-bashoperator.py
[2024-08-28T12:14:46.225+0000] {logging_mixin.py:190} INFO - [2024-08-28T12:14:46.225+0000] {dag.py:3211} INFO - Sync 1 DAGs
[2024-08-28T12:14:46.270+0000] {logging_mixin.py:190} INFO - [2024-08-28T12:14:46.270+0000] {dag.py:4138} INFO - Setting next_dagrun for basoperator to 2024-08-24 00:00:00+00:00, run_after=2024-08-25 00:00:00+00:00
[2024-08-28T12:14:46.297+0000] {processor.py:208} INFO - Processing /opt/airflow/dags/1-bashoperator.py took 0.305 seconds
[2024-08-28T12:15:16.367+0000] {processor.py:186} INFO - Started process (PID=105) to work on /opt/airflow/dags/1-bashoperator.py
[2024-08-28T12:15:16.368+0000] {processor.py:914} INFO - Processing file /opt/airflow/dags/1-bashoperator.py for tasks to queue
[2024-08-28T12:15:16.371+0000] {logging_mixin.py:190} INFO - [2024-08-28T12:15:16.371+0000] {dagbag.py:587} INFO - Filling up the DagBag from /opt/airflow/dags/1-bashoperator.py
[2024-08-28T12:15:16.387+0000] {processor.py:925} INFO - DAG(s) 'basoperator' retrieved from /opt/airflow/dags/1-bashoperator.py
[2024-08-28T12:15:16.426+0000] {logging_mixin.py:190} INFO - [2024-08-28T12:15:16.426+0000] {dag.py:3211} INFO - Sync 1 DAGs
[2024-08-28T12:15:16.466+0000] {logging_mixin.py:190} INFO - [2024-08-28T12:15:16.466+0000] {dag.py:4138} INFO - Setting next_dagrun for basoperator to 2024-08-24 00:00:00+00:00, run_after=2024-08-25 00:00:00+00:00
[2024-08-28T12:15:16.496+0000] {processor.py:208} INFO - Processing /opt/airflow/dags/1-bashoperator.py took 0.138 seconds
[2024-08-28T12:15:46.841+0000] {processor.py:186} INFO - Started process (PID=117) to work on /opt/airflow/dags/1-bashoperator.py
[2024-08-28T12:15:46.913+0000] {processor.py:914} INFO - Processing file /opt/airflow/dags/1-bashoperator.py for tasks to queue
[2024-08-28T12:15:46.919+0000] {logging_mixin.py:190} INFO - [2024-08-28T12:15:46.918+0000] {dagbag.py:587} INFO - Filling up the DagBag from /opt/airflow/dags/1-bashoperator.py
[2024-08-28T12:15:46.962+0000] {processor.py:925} INFO - DAG(s) 'basoperator' retrieved from /opt/airflow/dags/1-bashoperator.py
[2024-08-28T12:15:47.053+0000] {logging_mixin.py:190} INFO - [2024-08-28T12:15:47.052+0000] {dag.py:3211} INFO - Sync 1 DAGs
[2024-08-28T12:15:47.125+0000] {logging_mixin.py:190} INFO - [2024-08-28T12:15:47.125+0000] {dag.py:4138} INFO - Setting next_dagrun for basoperator to 2024-08-24 00:00:00+00:00, run_after=2024-08-25 00:00:00+00:00
[2024-08-28T12:15:47.176+0000] {processor.py:208} INFO - Processing /opt/airflow/dags/1-bashoperator.py took 0.358 seconds
[2024-08-28T12:16:17.383+0000] {processor.py:186} INFO - Started process (PID=129) to work on /opt/airflow/dags/1-bashoperator.py
[2024-08-28T12:16:17.384+0000] {processor.py:914} INFO - Processing file /opt/airflow/dags/1-bashoperator.py for tasks to queue
[2024-08-28T12:16:17.389+0000] {logging_mixin.py:190} INFO - [2024-08-28T12:16:17.388+0000] {dagbag.py:587} INFO - Filling up the DagBag from /opt/airflow/dags/1-bashoperator.py
[2024-08-28T12:16:17.404+0000] {processor.py:925} INFO - DAG(s) 'basoperator' retrieved from /opt/airflow/dags/1-bashoperator.py
[2024-08-28T12:16:17.441+0000] {logging_mixin.py:190} INFO - [2024-08-28T12:16:17.441+0000] {dag.py:3211} INFO - Sync 1 DAGs
[2024-08-28T12:16:17.752+0000] {logging_mixin.py:190} INFO - [2024-08-28T12:16:17.751+0000] {dag.py:4138} INFO - Setting next_dagrun for basoperator to 2024-08-24 00:00:00+00:00, run_after=2024-08-25 00:00:00+00:00
[2024-08-28T12:16:17.797+0000] {processor.py:208} INFO - Processing /opt/airflow/dags/1-bashoperator.py took 0.429 seconds
[2024-08-28T12:16:49.931+0000] {processor.py:186} INFO - Started process (PID=141) to work on /opt/airflow/dags/1-bashoperator.py
[2024-08-28T12:16:49.992+0000] {processor.py:914} INFO - Processing file /opt/airflow/dags/1-bashoperator.py for tasks to queue
[2024-08-28T12:16:49.998+0000] {logging_mixin.py:190} INFO - [2024-08-28T12:16:49.997+0000] {dagbag.py:587} INFO - Filling up the DagBag from /opt/airflow/dags/1-bashoperator.py
[2024-08-28T12:16:50.076+0000] {processor.py:925} INFO - DAG(s) 'basoperator' retrieved from /opt/airflow/dags/1-bashoperator.py
[2024-08-28T12:16:50.224+0000] {logging_mixin.py:190} INFO - [2024-08-28T12:16:50.224+0000] {dag.py:3211} INFO - Sync 1 DAGs
[2024-08-28T12:16:50.923+0000] {logging_mixin.py:190} INFO - [2024-08-28T12:16:50.922+0000] {dag.py:4138} INFO - Setting next_dagrun for basoperator to 2024-08-24 00:00:00+00:00, run_after=2024-08-25 00:00:00+00:00
[2024-08-28T12:16:51.008+0000] {processor.py:208} INFO - Processing /opt/airflow/dags/1-bashoperator.py took 1.120 seconds
[2024-08-28T12:17:21.338+0000] {processor.py:186} INFO - Started process (PID=153) to work on /opt/airflow/dags/1-bashoperator.py
[2024-08-28T12:17:21.340+0000] {processor.py:914} INFO - Processing file /opt/airflow/dags/1-bashoperator.py for tasks to queue
[2024-08-28T12:17:21.344+0000] {logging_mixin.py:190} INFO - [2024-08-28T12:17:21.344+0000] {dagbag.py:587} INFO - Filling up the DagBag from /opt/airflow/dags/1-bashoperator.py
[2024-08-28T12:17:21.386+0000] {processor.py:925} INFO - DAG(s) 'basoperator' retrieved from /opt/airflow/dags/1-bashoperator.py
[2024-08-28T12:17:21.681+0000] {logging_mixin.py:190} INFO - [2024-08-28T12:17:21.680+0000] {dag.py:3211} INFO - Sync 1 DAGs
[2024-08-28T12:17:21.730+0000] {logging_mixin.py:190} INFO - [2024-08-28T12:17:21.730+0000] {dag.py:4138} INFO - Setting next_dagrun for basoperator to 2024-08-24 00:00:00+00:00, run_after=2024-08-25 00:00:00+00:00
[2024-08-28T12:17:21.772+0000] {processor.py:208} INFO - Processing /opt/airflow/dags/1-bashoperator.py took 0.461 seconds
[2024-08-28T12:17:52.058+0000] {processor.py:186} INFO - Started process (PID=165) to work on /opt/airflow/dags/1-bashoperator.py
[2024-08-28T12:17:52.060+0000] {processor.py:914} INFO - Processing file /opt/airflow/dags/1-bashoperator.py for tasks to queue
[2024-08-28T12:17:52.065+0000] {logging_mixin.py:190} INFO - [2024-08-28T12:17:52.064+0000] {dagbag.py:587} INFO - Filling up the DagBag from /opt/airflow/dags/1-bashoperator.py
[2024-08-28T12:17:52.337+0000] {processor.py:925} INFO - DAG(s) 'basoperator' retrieved from /opt/airflow/dags/1-bashoperator.py
[2024-08-28T12:17:52.376+0000] {logging_mixin.py:190} INFO - [2024-08-28T12:17:52.376+0000] {dag.py:3211} INFO - Sync 1 DAGs
[2024-08-28T12:17:52.420+0000] {logging_mixin.py:190} INFO - [2024-08-28T12:17:52.420+0000] {dag.py:4138} INFO - Setting next_dagrun for basoperator to 2024-08-24 00:00:00+00:00, run_after=2024-08-25 00:00:00+00:00
[2024-08-28T12:17:52.457+0000] {processor.py:208} INFO - Processing /opt/airflow/dags/1-bashoperator.py took 0.414 seconds
