[2024-08-28T10:22:26.544+0000] {processor.py:186} INFO - Started process (PID=67) to work on /opt/airflow/dags/2-pythonoperator.py
[2024-08-28T10:22:26.545+0000] {processor.py:914} INFO - Processing file /opt/airflow/dags/2-pythonoperator.py for tasks to queue
[2024-08-28T10:22:26.549+0000] {logging_mixin.py:190} INFO - [2024-08-28T10:22:26.549+0000] {dagbag.py:587} INFO - Filling up the DagBag from /opt/airflow/dags/2-pythonoperator.py
[2024-08-28T10:22:26.566+0000] {processor.py:925} INFO - DAG(s) 'pythonoperator' retrieved from /opt/airflow/dags/2-pythonoperator.py
[2024-08-28T10:22:26.625+0000] {logging_mixin.py:190} INFO - [2024-08-28T10:22:26.624+0000] {dag.py:3211} INFO - Sync 1 DAGs
[2024-08-28T10:22:26.680+0000] {logging_mixin.py:190} INFO - [2024-08-28T10:22:26.680+0000] {dag.py:4138} INFO - Setting next_dagrun for pythonoperator to None, run_after=None
[2024-08-28T10:22:26.721+0000] {processor.py:208} INFO - Processing /opt/airflow/dags/2-pythonoperator.py took 0.190 seconds
[2024-08-28T10:22:57.392+0000] {processor.py:186} INFO - Started process (PID=78) to work on /opt/airflow/dags/2-pythonoperator.py
[2024-08-28T10:22:57.393+0000] {processor.py:914} INFO - Processing file /opt/airflow/dags/2-pythonoperator.py for tasks to queue
[2024-08-28T10:22:57.396+0000] {logging_mixin.py:190} INFO - [2024-08-28T10:22:57.395+0000] {dagbag.py:587} INFO - Filling up the DagBag from /opt/airflow/dags/2-pythonoperator.py
[2024-08-28T10:22:57.408+0000] {processor.py:925} INFO - DAG(s) 'pythonoperator' retrieved from /opt/airflow/dags/2-pythonoperator.py
[2024-08-28T10:22:57.447+0000] {logging_mixin.py:190} INFO - [2024-08-28T10:22:57.446+0000] {dag.py:3211} INFO - Sync 1 DAGs
[2024-08-28T10:22:57.483+0000] {logging_mixin.py:190} INFO - [2024-08-28T10:22:57.483+0000] {dag.py:4138} INFO - Setting next_dagrun for pythonoperator to None, run_after=None
[2024-08-28T10:22:57.513+0000] {processor.py:208} INFO - Processing /opt/airflow/dags/2-pythonoperator.py took 0.130 seconds
[2024-08-28T10:23:28.229+0000] {processor.py:186} INFO - Started process (PID=90) to work on /opt/airflow/dags/2-pythonoperator.py
[2024-08-28T10:23:28.230+0000] {processor.py:914} INFO - Processing file /opt/airflow/dags/2-pythonoperator.py for tasks to queue
[2024-08-28T10:23:28.233+0000] {logging_mixin.py:190} INFO - [2024-08-28T10:23:28.232+0000] {dagbag.py:587} INFO - Filling up the DagBag from /opt/airflow/dags/2-pythonoperator.py
[2024-08-28T10:23:28.246+0000] {processor.py:925} INFO - DAG(s) 'pythonoperator' retrieved from /opt/airflow/dags/2-pythonoperator.py
[2024-08-28T10:23:28.283+0000] {logging_mixin.py:190} INFO - [2024-08-28T10:23:28.283+0000] {dag.py:3211} INFO - Sync 1 DAGs
[2024-08-28T10:23:28.329+0000] {logging_mixin.py:190} INFO - [2024-08-28T10:23:28.328+0000] {dag.py:4138} INFO - Setting next_dagrun for pythonoperator to None, run_after=None
[2024-08-28T10:23:28.357+0000] {processor.py:208} INFO - Processing /opt/airflow/dags/2-pythonoperator.py took 0.137 seconds
[2024-08-28T10:23:59.056+0000] {processor.py:186} INFO - Started process (PID=102) to work on /opt/airflow/dags/2-pythonoperator.py
[2024-08-28T10:23:59.057+0000] {processor.py:914} INFO - Processing file /opt/airflow/dags/2-pythonoperator.py for tasks to queue
[2024-08-28T10:23:59.060+0000] {logging_mixin.py:190} INFO - [2024-08-28T10:23:59.060+0000] {dagbag.py:587} INFO - Filling up the DagBag from /opt/airflow/dags/2-pythonoperator.py
[2024-08-28T10:23:59.074+0000] {processor.py:925} INFO - DAG(s) 'pythonoperator' retrieved from /opt/airflow/dags/2-pythonoperator.py
[2024-08-28T10:23:59.113+0000] {logging_mixin.py:190} INFO - [2024-08-28T10:23:59.112+0000] {dag.py:3211} INFO - Sync 1 DAGs
[2024-08-28T10:23:59.154+0000] {logging_mixin.py:190} INFO - [2024-08-28T10:23:59.153+0000] {dag.py:4138} INFO - Setting next_dagrun for pythonoperator to None, run_after=None
[2024-08-28T10:23:59.186+0000] {processor.py:208} INFO - Processing /opt/airflow/dags/2-pythonoperator.py took 0.138 seconds
[2024-08-28T10:24:29.925+0000] {processor.py:186} INFO - Started process (PID=114) to work on /opt/airflow/dags/2-pythonoperator.py
[2024-08-28T10:24:29.926+0000] {processor.py:914} INFO - Processing file /opt/airflow/dags/2-pythonoperator.py for tasks to queue
[2024-08-28T10:24:29.929+0000] {logging_mixin.py:190} INFO - [2024-08-28T10:24:29.929+0000] {dagbag.py:587} INFO - Filling up the DagBag from /opt/airflow/dags/2-pythonoperator.py
[2024-08-28T10:24:29.942+0000] {processor.py:925} INFO - DAG(s) 'pythonoperator' retrieved from /opt/airflow/dags/2-pythonoperator.py
[2024-08-28T10:24:29.981+0000] {logging_mixin.py:190} INFO - [2024-08-28T10:24:29.980+0000] {dag.py:3211} INFO - Sync 1 DAGs
[2024-08-28T10:24:30.025+0000] {logging_mixin.py:190} INFO - [2024-08-28T10:24:30.025+0000] {dag.py:4138} INFO - Setting next_dagrun for pythonoperator to None, run_after=None
[2024-08-28T10:24:30.060+0000] {processor.py:208} INFO - Processing /opt/airflow/dags/2-pythonoperator.py took 0.145 seconds
[2024-08-28T10:25:01.122+0000] {processor.py:186} INFO - Started process (PID=125) to work on /opt/airflow/dags/2-pythonoperator.py
[2024-08-28T10:25:01.124+0000] {processor.py:914} INFO - Processing file /opt/airflow/dags/2-pythonoperator.py for tasks to queue
[2024-08-28T10:25:01.128+0000] {logging_mixin.py:190} INFO - [2024-08-28T10:25:01.127+0000] {dagbag.py:587} INFO - Filling up the DagBag from /opt/airflow/dags/2-pythonoperator.py
[2024-08-28T10:25:01.146+0000] {processor.py:925} INFO - DAG(s) 'pythonoperator' retrieved from /opt/airflow/dags/2-pythonoperator.py
[2024-08-28T10:25:01.201+0000] {logging_mixin.py:190} INFO - [2024-08-28T10:25:01.201+0000] {dag.py:3211} INFO - Sync 1 DAGs
[2024-08-28T10:25:01.480+0000] {logging_mixin.py:190} INFO - [2024-08-28T10:25:01.479+0000] {dag.py:4138} INFO - Setting next_dagrun for pythonoperator to None, run_after=None
[2024-08-28T10:25:01.515+0000] {processor.py:208} INFO - Processing /opt/airflow/dags/2-pythonoperator.py took 0.407 seconds
[2024-08-28T10:25:31.665+0000] {processor.py:186} INFO - Started process (PID=137) to work on /opt/airflow/dags/2-pythonoperator.py
[2024-08-28T10:25:31.667+0000] {processor.py:914} INFO - Processing file /opt/airflow/dags/2-pythonoperator.py for tasks to queue
[2024-08-28T10:25:31.671+0000] {logging_mixin.py:190} INFO - [2024-08-28T10:25:31.670+0000] {dagbag.py:587} INFO - Filling up the DagBag from /opt/airflow/dags/2-pythonoperator.py
[2024-08-28T10:25:31.689+0000] {processor.py:925} INFO - DAG(s) 'pythonoperator' retrieved from /opt/airflow/dags/2-pythonoperator.py
[2024-08-28T10:25:31.739+0000] {logging_mixin.py:190} INFO - [2024-08-28T10:25:31.739+0000] {dag.py:3211} INFO - Sync 1 DAGs
[2024-08-28T10:25:32.044+0000] {logging_mixin.py:190} INFO - [2024-08-28T10:25:32.043+0000] {dag.py:4138} INFO - Setting next_dagrun for pythonoperator to None, run_after=None
[2024-08-28T10:25:32.085+0000] {processor.py:208} INFO - Processing /opt/airflow/dags/2-pythonoperator.py took 0.436 seconds
[2024-08-28T10:26:02.417+0000] {processor.py:186} INFO - Started process (PID=149) to work on /opt/airflow/dags/2-pythonoperator.py
[2024-08-28T10:26:02.418+0000] {processor.py:914} INFO - Processing file /opt/airflow/dags/2-pythonoperator.py for tasks to queue
[2024-08-28T10:26:02.421+0000] {logging_mixin.py:190} INFO - [2024-08-28T10:26:02.421+0000] {dagbag.py:587} INFO - Filling up the DagBag from /opt/airflow/dags/2-pythonoperator.py
[2024-08-28T10:26:02.433+0000] {processor.py:925} INFO - DAG(s) 'pythonoperator' retrieved from /opt/airflow/dags/2-pythonoperator.py
[2024-08-28T10:26:02.683+0000] {logging_mixin.py:190} INFO - [2024-08-28T10:26:02.683+0000] {dag.py:3211} INFO - Sync 1 DAGs
[2024-08-28T10:26:02.717+0000] {logging_mixin.py:190} INFO - [2024-08-28T10:26:02.717+0000] {dag.py:4138} INFO - Setting next_dagrun for pythonoperator to None, run_after=None
[2024-08-28T10:26:02.740+0000] {processor.py:208} INFO - Processing /opt/airflow/dags/2-pythonoperator.py took 0.334 seconds
[2024-08-28T10:26:33.060+0000] {processor.py:186} INFO - Started process (PID=161) to work on /opt/airflow/dags/2-pythonoperator.py
[2024-08-28T10:26:33.061+0000] {processor.py:914} INFO - Processing file /opt/airflow/dags/2-pythonoperator.py for tasks to queue
[2024-08-28T10:26:33.064+0000] {logging_mixin.py:190} INFO - [2024-08-28T10:26:33.064+0000] {dagbag.py:587} INFO - Filling up the DagBag from /opt/airflow/dags/2-pythonoperator.py
[2024-08-28T10:26:33.251+0000] {processor.py:925} INFO - DAG(s) 'pythonoperator' retrieved from /opt/airflow/dags/2-pythonoperator.py
[2024-08-28T10:26:33.291+0000] {logging_mixin.py:190} INFO - [2024-08-28T10:26:33.290+0000] {dag.py:3211} INFO - Sync 1 DAGs
[2024-08-28T10:26:33.339+0000] {logging_mixin.py:190} INFO - [2024-08-28T10:26:33.339+0000] {dag.py:4138} INFO - Setting next_dagrun for pythonoperator to None, run_after=None
[2024-08-28T10:26:33.411+0000] {processor.py:208} INFO - Processing /opt/airflow/dags/2-pythonoperator.py took 0.362 seconds
[2024-08-28T10:27:03.488+0000] {processor.py:186} INFO - Started process (PID=173) to work on /opt/airflow/dags/2-pythonoperator.py
[2024-08-28T10:27:03.489+0000] {processor.py:914} INFO - Processing file /opt/airflow/dags/2-pythonoperator.py for tasks to queue
[2024-08-28T10:27:03.492+0000] {logging_mixin.py:190} INFO - [2024-08-28T10:27:03.491+0000] {dagbag.py:587} INFO - Filling up the DagBag from /opt/airflow/dags/2-pythonoperator.py
[2024-08-28T10:27:03.504+0000] {processor.py:925} INFO - DAG(s) 'pythonoperator' retrieved from /opt/airflow/dags/2-pythonoperator.py
[2024-08-28T10:27:03.541+0000] {logging_mixin.py:190} INFO - [2024-08-28T10:27:03.541+0000] {dag.py:3211} INFO - Sync 1 DAGs
[2024-08-28T10:27:03.578+0000] {logging_mixin.py:190} INFO - [2024-08-28T10:27:03.578+0000] {dag.py:4138} INFO - Setting next_dagrun for pythonoperator to None, run_after=None
[2024-08-28T10:27:03.608+0000] {processor.py:208} INFO - Processing /opt/airflow/dags/2-pythonoperator.py took 0.131 seconds
[2024-08-28T10:27:34.350+0000] {processor.py:186} INFO - Started process (PID=184) to work on /opt/airflow/dags/2-pythonoperator.py
[2024-08-28T10:27:34.362+0000] {processor.py:914} INFO - Processing file /opt/airflow/dags/2-pythonoperator.py for tasks to queue
[2024-08-28T10:27:34.367+0000] {logging_mixin.py:190} INFO - [2024-08-28T10:27:34.366+0000] {dagbag.py:587} INFO - Filling up the DagBag from /opt/airflow/dags/2-pythonoperator.py
[2024-08-28T10:27:34.380+0000] {processor.py:925} INFO - DAG(s) 'pythonoperator' retrieved from /opt/airflow/dags/2-pythonoperator.py
[2024-08-28T10:27:34.416+0000] {logging_mixin.py:190} INFO - [2024-08-28T10:27:34.415+0000] {dag.py:3211} INFO - Sync 1 DAGs
[2024-08-28T10:27:34.459+0000] {logging_mixin.py:190} INFO - [2024-08-28T10:27:34.459+0000] {dag.py:4138} INFO - Setting next_dagrun for pythonoperator to None, run_after=None
[2024-08-28T10:27:34.487+0000] {processor.py:208} INFO - Processing /opt/airflow/dags/2-pythonoperator.py took 0.148 seconds
[2024-08-28T10:28:05.210+0000] {processor.py:186} INFO - Started process (PID=195) to work on /opt/airflow/dags/2-pythonoperator.py
[2024-08-28T10:28:05.211+0000] {processor.py:914} INFO - Processing file /opt/airflow/dags/2-pythonoperator.py for tasks to queue
[2024-08-28T10:28:05.214+0000] {logging_mixin.py:190} INFO - [2024-08-28T10:28:05.214+0000] {dagbag.py:587} INFO - Filling up the DagBag from /opt/airflow/dags/2-pythonoperator.py
[2024-08-28T10:28:05.227+0000] {processor.py:925} INFO - DAG(s) 'pythonoperator' retrieved from /opt/airflow/dags/2-pythonoperator.py
[2024-08-28T10:28:05.265+0000] {logging_mixin.py:190} INFO - [2024-08-28T10:28:05.264+0000] {dag.py:3211} INFO - Sync 1 DAGs
[2024-08-28T10:28:05.310+0000] {logging_mixin.py:190} INFO - [2024-08-28T10:28:05.310+0000] {dag.py:4138} INFO - Setting next_dagrun for pythonoperator to None, run_after=None
[2024-08-28T10:28:05.338+0000] {processor.py:208} INFO - Processing /opt/airflow/dags/2-pythonoperator.py took 0.137 seconds
[2024-08-28T10:28:36.033+0000] {processor.py:186} INFO - Started process (PID=207) to work on /opt/airflow/dags/2-pythonoperator.py
[2024-08-28T10:28:36.045+0000] {processor.py:914} INFO - Processing file /opt/airflow/dags/2-pythonoperator.py for tasks to queue
[2024-08-28T10:28:36.048+0000] {logging_mixin.py:190} INFO - [2024-08-28T10:28:36.047+0000] {dagbag.py:587} INFO - Filling up the DagBag from /opt/airflow/dags/2-pythonoperator.py
[2024-08-28T10:28:36.059+0000] {processor.py:925} INFO - DAG(s) 'pythonoperator' retrieved from /opt/airflow/dags/2-pythonoperator.py
[2024-08-28T10:28:36.104+0000] {logging_mixin.py:190} INFO - [2024-08-28T10:28:36.104+0000] {dag.py:3211} INFO - Sync 1 DAGs
[2024-08-28T10:28:36.145+0000] {logging_mixin.py:190} INFO - [2024-08-28T10:28:36.145+0000] {dag.py:4138} INFO - Setting next_dagrun for pythonoperator to None, run_after=None
[2024-08-28T10:28:36.173+0000] {processor.py:208} INFO - Processing /opt/airflow/dags/2-pythonoperator.py took 0.150 seconds
[2024-08-28T10:29:06.901+0000] {processor.py:186} INFO - Started process (PID=218) to work on /opt/airflow/dags/2-pythonoperator.py
[2024-08-28T10:29:06.902+0000] {processor.py:914} INFO - Processing file /opt/airflow/dags/2-pythonoperator.py for tasks to queue
[2024-08-28T10:29:06.906+0000] {logging_mixin.py:190} INFO - [2024-08-28T10:29:06.906+0000] {dagbag.py:587} INFO - Filling up the DagBag from /opt/airflow/dags/2-pythonoperator.py
[2024-08-28T10:29:06.920+0000] {processor.py:925} INFO - DAG(s) 'pythonoperator' retrieved from /opt/airflow/dags/2-pythonoperator.py
[2024-08-28T10:29:06.970+0000] {logging_mixin.py:190} INFO - [2024-08-28T10:29:06.970+0000] {dag.py:3211} INFO - Sync 1 DAGs
[2024-08-28T10:29:07.026+0000] {logging_mixin.py:190} INFO - [2024-08-28T10:29:07.025+0000] {dag.py:4138} INFO - Setting next_dagrun for pythonoperator to None, run_after=None
[2024-08-28T10:29:07.058+0000] {processor.py:208} INFO - Processing /opt/airflow/dags/2-pythonoperator.py took 0.166 seconds
[2024-08-28T10:29:37.922+0000] {processor.py:186} INFO - Started process (PID=229) to work on /opt/airflow/dags/2-pythonoperator.py
[2024-08-28T10:29:37.924+0000] {processor.py:914} INFO - Processing file /opt/airflow/dags/2-pythonoperator.py for tasks to queue
[2024-08-28T10:29:37.928+0000] {logging_mixin.py:190} INFO - [2024-08-28T10:29:37.928+0000] {dagbag.py:587} INFO - Filling up the DagBag from /opt/airflow/dags/2-pythonoperator.py
[2024-08-28T10:29:37.946+0000] {processor.py:925} INFO - DAG(s) 'pythonoperator' retrieved from /opt/airflow/dags/2-pythonoperator.py
[2024-08-28T10:29:38.012+0000] {logging_mixin.py:190} INFO - [2024-08-28T10:29:38.012+0000] {dag.py:3211} INFO - Sync 1 DAGs
[2024-08-28T10:29:38.078+0000] {logging_mixin.py:190} INFO - [2024-08-28T10:29:38.077+0000] {dag.py:4138} INFO - Setting next_dagrun for pythonoperator to None, run_after=None
[2024-08-28T10:29:38.242+0000] {processor.py:208} INFO - Processing /opt/airflow/dags/2-pythonoperator.py took 0.336 seconds
[2024-08-28T10:30:08.963+0000] {processor.py:186} INFO - Started process (PID=247) to work on /opt/airflow/dags/2-pythonoperator.py
[2024-08-28T10:30:08.965+0000] {processor.py:914} INFO - Processing file /opt/airflow/dags/2-pythonoperator.py for tasks to queue
[2024-08-28T10:30:08.969+0000] {logging_mixin.py:190} INFO - [2024-08-28T10:30:08.968+0000] {dagbag.py:587} INFO - Filling up the DagBag from /opt/airflow/dags/2-pythonoperator.py
[2024-08-28T10:30:08.985+0000] {processor.py:925} INFO - DAG(s) 'pythonoperator' retrieved from /opt/airflow/dags/2-pythonoperator.py
[2024-08-28T10:30:09.031+0000] {logging_mixin.py:190} INFO - [2024-08-28T10:30:09.030+0000] {dag.py:3211} INFO - Sync 1 DAGs
[2024-08-28T10:30:09.073+0000] {logging_mixin.py:190} INFO - [2024-08-28T10:30:09.073+0000] {dag.py:4138} INFO - Setting next_dagrun for pythonoperator to None, run_after=None
[2024-08-28T10:30:09.099+0000] {processor.py:208} INFO - Processing /opt/airflow/dags/2-pythonoperator.py took 0.148 seconds
[2024-08-28T10:30:39.779+0000] {processor.py:186} INFO - Started process (PID=259) to work on /opt/airflow/dags/2-pythonoperator.py
[2024-08-28T10:30:39.780+0000] {processor.py:914} INFO - Processing file /opt/airflow/dags/2-pythonoperator.py for tasks to queue
[2024-08-28T10:30:39.784+0000] {logging_mixin.py:190} INFO - [2024-08-28T10:30:39.783+0000] {dagbag.py:587} INFO - Filling up the DagBag from /opt/airflow/dags/2-pythonoperator.py
[2024-08-28T10:30:39.794+0000] {processor.py:925} INFO - DAG(s) 'pythonoperator' retrieved from /opt/airflow/dags/2-pythonoperator.py
[2024-08-28T10:30:39.839+0000] {logging_mixin.py:190} INFO - [2024-08-28T10:30:39.839+0000] {dag.py:3211} INFO - Sync 1 DAGs
[2024-08-28T10:30:39.890+0000] {logging_mixin.py:190} INFO - [2024-08-28T10:30:39.889+0000] {dag.py:4138} INFO - Setting next_dagrun for pythonoperator to None, run_after=None
[2024-08-28T10:30:39.919+0000] {processor.py:208} INFO - Processing /opt/airflow/dags/2-pythonoperator.py took 0.148 seconds
[2024-08-28T10:31:10.647+0000] {processor.py:186} INFO - Started process (PID=271) to work on /opt/airflow/dags/2-pythonoperator.py
[2024-08-28T10:31:10.648+0000] {processor.py:914} INFO - Processing file /opt/airflow/dags/2-pythonoperator.py for tasks to queue
[2024-08-28T10:31:10.652+0000] {logging_mixin.py:190} INFO - [2024-08-28T10:31:10.652+0000] {dagbag.py:587} INFO - Filling up the DagBag from /opt/airflow/dags/2-pythonoperator.py
[2024-08-28T10:31:10.664+0000] {processor.py:925} INFO - DAG(s) 'pythonoperator' retrieved from /opt/airflow/dags/2-pythonoperator.py
[2024-08-28T10:31:10.702+0000] {logging_mixin.py:190} INFO - [2024-08-28T10:31:10.702+0000] {dag.py:3211} INFO - Sync 1 DAGs
[2024-08-28T10:31:10.746+0000] {logging_mixin.py:190} INFO - [2024-08-28T10:31:10.746+0000] {dag.py:4138} INFO - Setting next_dagrun for pythonoperator to None, run_after=None
[2024-08-28T10:31:10.775+0000] {processor.py:208} INFO - Processing /opt/airflow/dags/2-pythonoperator.py took 0.137 seconds
[2024-08-28T10:31:41.487+0000] {processor.py:186} INFO - Started process (PID=283) to work on /opt/airflow/dags/2-pythonoperator.py
[2024-08-28T10:31:41.489+0000] {processor.py:914} INFO - Processing file /opt/airflow/dags/2-pythonoperator.py for tasks to queue
[2024-08-28T10:31:41.491+0000] {logging_mixin.py:190} INFO - [2024-08-28T10:31:41.491+0000] {dagbag.py:587} INFO - Filling up the DagBag from /opt/airflow/dags/2-pythonoperator.py
[2024-08-28T10:31:41.502+0000] {processor.py:925} INFO - DAG(s) 'pythonoperator' retrieved from /opt/airflow/dags/2-pythonoperator.py
[2024-08-28T10:31:41.545+0000] {logging_mixin.py:190} INFO - [2024-08-28T10:31:41.545+0000] {dag.py:3211} INFO - Sync 1 DAGs
[2024-08-28T10:31:41.588+0000] {logging_mixin.py:190} INFO - [2024-08-28T10:31:41.588+0000] {dag.py:4138} INFO - Setting next_dagrun for pythonoperator to None, run_after=None
[2024-08-28T10:31:41.615+0000] {processor.py:208} INFO - Processing /opt/airflow/dags/2-pythonoperator.py took 0.145 seconds
[2024-08-28T10:32:12.325+0000] {processor.py:186} INFO - Started process (PID=296) to work on /opt/airflow/dags/2-pythonoperator.py
[2024-08-28T10:32:12.326+0000] {processor.py:914} INFO - Processing file /opt/airflow/dags/2-pythonoperator.py for tasks to queue
[2024-08-28T10:32:12.329+0000] {logging_mixin.py:190} INFO - [2024-08-28T10:32:12.328+0000] {dagbag.py:587} INFO - Filling up the DagBag from /opt/airflow/dags/2-pythonoperator.py
[2024-08-28T10:32:12.342+0000] {processor.py:925} INFO - DAG(s) 'pythonoperator' retrieved from /opt/airflow/dags/2-pythonoperator.py
[2024-08-28T10:32:12.381+0000] {logging_mixin.py:190} INFO - [2024-08-28T10:32:12.381+0000] {dag.py:3211} INFO - Sync 1 DAGs
[2024-08-28T10:32:12.420+0000] {logging_mixin.py:190} INFO - [2024-08-28T10:32:12.420+0000] {dag.py:4138} INFO - Setting next_dagrun for pythonoperator to None, run_after=None
[2024-08-28T10:32:12.448+0000] {processor.py:208} INFO - Processing /opt/airflow/dags/2-pythonoperator.py took 0.132 seconds
[2024-08-28T10:32:43.151+0000] {processor.py:186} INFO - Started process (PID=309) to work on /opt/airflow/dags/2-pythonoperator.py
[2024-08-28T10:32:43.152+0000] {processor.py:914} INFO - Processing file /opt/airflow/dags/2-pythonoperator.py for tasks to queue
[2024-08-28T10:32:43.155+0000] {logging_mixin.py:190} INFO - [2024-08-28T10:32:43.155+0000] {dagbag.py:587} INFO - Filling up the DagBag from /opt/airflow/dags/2-pythonoperator.py
[2024-08-28T10:32:43.167+0000] {processor.py:925} INFO - DAG(s) 'pythonoperator' retrieved from /opt/airflow/dags/2-pythonoperator.py
[2024-08-28T10:32:43.222+0000] {logging_mixin.py:190} INFO - [2024-08-28T10:32:43.222+0000] {dag.py:3211} INFO - Sync 1 DAGs
[2024-08-28T10:32:43.270+0000] {logging_mixin.py:190} INFO - [2024-08-28T10:32:43.270+0000] {dag.py:4138} INFO - Setting next_dagrun for pythonoperator to None, run_after=None
[2024-08-28T10:32:43.298+0000] {processor.py:208} INFO - Processing /opt/airflow/dags/2-pythonoperator.py took 0.156 seconds
[2024-08-28T10:33:13.980+0000] {processor.py:186} INFO - Started process (PID=321) to work on /opt/airflow/dags/2-pythonoperator.py
[2024-08-28T10:33:13.981+0000] {processor.py:914} INFO - Processing file /opt/airflow/dags/2-pythonoperator.py for tasks to queue
[2024-08-28T10:33:13.984+0000] {logging_mixin.py:190} INFO - [2024-08-28T10:33:13.984+0000] {dagbag.py:587} INFO - Filling up the DagBag from /opt/airflow/dags/2-pythonoperator.py
[2024-08-28T10:33:13.997+0000] {processor.py:925} INFO - DAG(s) 'pythonoperator' retrieved from /opt/airflow/dags/2-pythonoperator.py
[2024-08-28T10:33:14.038+0000] {logging_mixin.py:190} INFO - [2024-08-28T10:33:14.038+0000] {dag.py:3211} INFO - Sync 1 DAGs
[2024-08-28T10:33:14.080+0000] {logging_mixin.py:190} INFO - [2024-08-28T10:33:14.080+0000] {dag.py:4138} INFO - Setting next_dagrun for pythonoperator to None, run_after=None
[2024-08-28T10:33:14.110+0000] {processor.py:208} INFO - Processing /opt/airflow/dags/2-pythonoperator.py took 0.139 seconds
[2024-08-28T10:33:45.027+0000] {processor.py:186} INFO - Started process (PID=332) to work on /opt/airflow/dags/2-pythonoperator.py
[2024-08-28T10:33:45.053+0000] {processor.py:914} INFO - Processing file /opt/airflow/dags/2-pythonoperator.py for tasks to queue
[2024-08-28T10:33:45.060+0000] {logging_mixin.py:190} INFO - [2024-08-28T10:33:45.056+0000] {dagbag.py:587} INFO - Filling up the DagBag from /opt/airflow/dags/2-pythonoperator.py
[2024-08-28T10:33:45.100+0000] {processor.py:925} INFO - DAG(s) 'pythonoperator' retrieved from /opt/airflow/dags/2-pythonoperator.py
[2024-08-28T10:33:45.155+0000] {logging_mixin.py:190} INFO - [2024-08-28T10:33:45.154+0000] {dag.py:3211} INFO - Sync 1 DAGs
[2024-08-28T10:33:45.208+0000] {logging_mixin.py:190} INFO - [2024-08-28T10:33:45.207+0000] {dag.py:4138} INFO - Setting next_dagrun for pythonoperator to None, run_after=None
[2024-08-28T10:33:45.249+0000] {processor.py:208} INFO - Processing /opt/airflow/dags/2-pythonoperator.py took 0.254 seconds
[2024-08-28T10:34:16.127+0000] {processor.py:186} INFO - Started process (PID=343) to work on /opt/airflow/dags/2-pythonoperator.py
[2024-08-28T10:34:16.129+0000] {processor.py:914} INFO - Processing file /opt/airflow/dags/2-pythonoperator.py for tasks to queue
[2024-08-28T10:34:16.134+0000] {logging_mixin.py:190} INFO - [2024-08-28T10:34:16.133+0000] {dagbag.py:587} INFO - Filling up the DagBag from /opt/airflow/dags/2-pythonoperator.py
[2024-08-28T10:34:16.152+0000] {processor.py:925} INFO - DAG(s) 'pythonoperator' retrieved from /opt/airflow/dags/2-pythonoperator.py
[2024-08-28T10:34:16.206+0000] {logging_mixin.py:190} INFO - [2024-08-28T10:34:16.206+0000] {dag.py:3211} INFO - Sync 1 DAGs
[2024-08-28T10:34:16.265+0000] {logging_mixin.py:190} INFO - [2024-08-28T10:34:16.264+0000] {dag.py:4138} INFO - Setting next_dagrun for pythonoperator to None, run_after=None
[2024-08-28T10:34:16.295+0000] {processor.py:208} INFO - Processing /opt/airflow/dags/2-pythonoperator.py took 0.182 seconds
[2024-08-28T10:34:47.572+0000] {processor.py:186} INFO - Started process (PID=355) to work on /opt/airflow/dags/2-pythonoperator.py
[2024-08-28T10:34:47.645+0000] {processor.py:914} INFO - Processing file /opt/airflow/dags/2-pythonoperator.py for tasks to queue
[2024-08-28T10:34:47.655+0000] {logging_mixin.py:190} INFO - [2024-08-28T10:34:47.654+0000] {dagbag.py:587} INFO - Filling up the DagBag from /opt/airflow/dags/2-pythonoperator.py
[2024-08-28T10:34:47.742+0000] {processor.py:925} INFO - DAG(s) 'pythonoperator' retrieved from /opt/airflow/dags/2-pythonoperator.py
[2024-08-28T10:34:47.822+0000] {logging_mixin.py:190} INFO - [2024-08-28T10:34:47.822+0000] {dag.py:3211} INFO - Sync 1 DAGs
[2024-08-28T10:34:47.889+0000] {logging_mixin.py:190} INFO - [2024-08-28T10:34:47.889+0000] {dag.py:4138} INFO - Setting next_dagrun for pythonoperator to None, run_after=None
[2024-08-28T10:34:47.954+0000] {processor.py:208} INFO - Processing /opt/airflow/dags/2-pythonoperator.py took 0.400 seconds
[2024-08-28T10:35:18.835+0000] {processor.py:186} INFO - Started process (PID=367) to work on /opt/airflow/dags/2-pythonoperator.py
[2024-08-28T10:35:19.210+0000] {processor.py:914} INFO - Processing file /opt/airflow/dags/2-pythonoperator.py for tasks to queue
[2024-08-28T10:35:19.214+0000] {logging_mixin.py:190} INFO - [2024-08-28T10:35:19.213+0000] {dagbag.py:587} INFO - Filling up the DagBag from /opt/airflow/dags/2-pythonoperator.py
[2024-08-28T10:35:19.225+0000] {processor.py:925} INFO - DAG(s) 'pythonoperator' retrieved from /opt/airflow/dags/2-pythonoperator.py
[2024-08-28T10:35:19.264+0000] {logging_mixin.py:190} INFO - [2024-08-28T10:35:19.264+0000] {dag.py:3211} INFO - Sync 1 DAGs
[2024-08-28T10:35:19.308+0000] {logging_mixin.py:190} INFO - [2024-08-28T10:35:19.308+0000] {dag.py:4138} INFO - Setting next_dagrun for pythonoperator to None, run_after=None
[2024-08-28T10:35:19.338+0000] {processor.py:208} INFO - Processing /opt/airflow/dags/2-pythonoperator.py took 0.512 seconds
[2024-08-28T10:35:50.134+0000] {processor.py:186} INFO - Started process (PID=379) to work on /opt/airflow/dags/2-pythonoperator.py
[2024-08-28T10:35:50.206+0000] {processor.py:914} INFO - Processing file /opt/airflow/dags/2-pythonoperator.py for tasks to queue
[2024-08-28T10:35:50.217+0000] {logging_mixin.py:190} INFO - [2024-08-28T10:35:50.217+0000] {dagbag.py:587} INFO - Filling up the DagBag from /opt/airflow/dags/2-pythonoperator.py
[2024-08-28T10:35:50.255+0000] {processor.py:925} INFO - DAG(s) 'pythonoperator' retrieved from /opt/airflow/dags/2-pythonoperator.py
[2024-08-28T10:35:50.358+0000] {logging_mixin.py:190} INFO - [2024-08-28T10:35:50.358+0000] {dag.py:3211} INFO - Sync 1 DAGs
[2024-08-28T10:35:50.451+0000] {logging_mixin.py:190} INFO - [2024-08-28T10:35:50.451+0000] {dag.py:4138} INFO - Setting next_dagrun for pythonoperator to None, run_after=None
[2024-08-28T10:35:50.509+0000] {processor.py:208} INFO - Processing /opt/airflow/dags/2-pythonoperator.py took 0.397 seconds
[2024-08-28T10:36:21.069+0000] {processor.py:186} INFO - Started process (PID=391) to work on /opt/airflow/dags/2-pythonoperator.py
[2024-08-28T10:36:21.094+0000] {processor.py:914} INFO - Processing file /opt/airflow/dags/2-pythonoperator.py for tasks to queue
[2024-08-28T10:36:21.102+0000] {logging_mixin.py:190} INFO - [2024-08-28T10:36:21.101+0000] {dagbag.py:587} INFO - Filling up the DagBag from /opt/airflow/dags/2-pythonoperator.py
[2024-08-28T10:36:21.131+0000] {processor.py:925} INFO - DAG(s) 'pythonoperator' retrieved from /opt/airflow/dags/2-pythonoperator.py
[2024-08-28T10:36:21.226+0000] {logging_mixin.py:190} INFO - [2024-08-28T10:36:21.225+0000] {dag.py:3211} INFO - Sync 1 DAGs
[2024-08-28T10:36:21.294+0000] {logging_mixin.py:190} INFO - [2024-08-28T10:36:21.293+0000] {dag.py:4138} INFO - Setting next_dagrun for pythonoperator to None, run_after=None
[2024-08-28T10:36:21.351+0000] {processor.py:208} INFO - Processing /opt/airflow/dags/2-pythonoperator.py took 0.297 seconds
[2024-08-28T10:36:51.608+0000] {processor.py:186} INFO - Started process (PID=403) to work on /opt/airflow/dags/2-pythonoperator.py
[2024-08-28T10:36:51.609+0000] {processor.py:914} INFO - Processing file /opt/airflow/dags/2-pythonoperator.py for tasks to queue
[2024-08-28T10:36:51.614+0000] {logging_mixin.py:190} INFO - [2024-08-28T10:36:51.613+0000] {dagbag.py:587} INFO - Filling up the DagBag from /opt/airflow/dags/2-pythonoperator.py
[2024-08-28T10:36:51.634+0000] {processor.py:925} INFO - DAG(s) 'pythonoperator' retrieved from /opt/airflow/dags/2-pythonoperator.py
[2024-08-28T10:36:51.715+0000] {logging_mixin.py:190} INFO - [2024-08-28T10:36:51.715+0000] {dag.py:3211} INFO - Sync 1 DAGs
[2024-08-28T10:36:51.806+0000] {logging_mixin.py:190} INFO - [2024-08-28T10:36:51.805+0000] {dag.py:4138} INFO - Setting next_dagrun for pythonoperator to None, run_after=None
[2024-08-28T10:36:51.867+0000] {processor.py:208} INFO - Processing /opt/airflow/dags/2-pythonoperator.py took 0.293 seconds
[2024-08-28T10:37:22.517+0000] {processor.py:186} INFO - Started process (PID=414) to work on /opt/airflow/dags/2-pythonoperator.py
[2024-08-28T10:37:22.542+0000] {processor.py:914} INFO - Processing file /opt/airflow/dags/2-pythonoperator.py for tasks to queue
[2024-08-28T10:37:22.546+0000] {logging_mixin.py:190} INFO - [2024-08-28T10:37:22.546+0000] {dagbag.py:587} INFO - Filling up the DagBag from /opt/airflow/dags/2-pythonoperator.py
[2024-08-28T10:37:22.559+0000] {processor.py:925} INFO - DAG(s) 'pythonoperator' retrieved from /opt/airflow/dags/2-pythonoperator.py
[2024-08-28T10:37:22.619+0000] {logging_mixin.py:190} INFO - [2024-08-28T10:37:22.619+0000] {dag.py:3211} INFO - Sync 1 DAGs
[2024-08-28T10:37:22.677+0000] {logging_mixin.py:190} INFO - [2024-08-28T10:37:22.677+0000] {dag.py:4138} INFO - Setting next_dagrun for pythonoperator to None, run_after=None
[2024-08-28T10:37:22.715+0000] {processor.py:208} INFO - Processing /opt/airflow/dags/2-pythonoperator.py took 0.208 seconds
[2024-08-28T10:37:53.591+0000] {processor.py:186} INFO - Started process (PID=426) to work on /opt/airflow/dags/2-pythonoperator.py
[2024-08-28T10:37:53.594+0000] {processor.py:914} INFO - Processing file /opt/airflow/dags/2-pythonoperator.py for tasks to queue
[2024-08-28T10:37:53.606+0000] {logging_mixin.py:190} INFO - [2024-08-28T10:37:53.606+0000] {dagbag.py:587} INFO - Filling up the DagBag from /opt/airflow/dags/2-pythonoperator.py
[2024-08-28T10:37:53.633+0000] {processor.py:925} INFO - DAG(s) 'pythonoperator' retrieved from /opt/airflow/dags/2-pythonoperator.py
[2024-08-28T10:37:53.701+0000] {logging_mixin.py:190} INFO - [2024-08-28T10:37:53.701+0000] {dag.py:3211} INFO - Sync 1 DAGs
[2024-08-28T10:37:53.771+0000] {logging_mixin.py:190} INFO - [2024-08-28T10:37:53.768+0000] {dag.py:4138} INFO - Setting next_dagrun for pythonoperator to None, run_after=None
[2024-08-28T10:37:53.827+0000] {processor.py:208} INFO - Processing /opt/airflow/dags/2-pythonoperator.py took 0.268 seconds
[2024-08-28T10:38:24.388+0000] {processor.py:186} INFO - Started process (PID=439) to work on /opt/airflow/dags/2-pythonoperator.py
[2024-08-28T10:38:24.412+0000] {processor.py:914} INFO - Processing file /opt/airflow/dags/2-pythonoperator.py for tasks to queue
[2024-08-28T10:38:24.416+0000] {logging_mixin.py:190} INFO - [2024-08-28T10:38:24.415+0000] {dagbag.py:587} INFO - Filling up the DagBag from /opt/airflow/dags/2-pythonoperator.py
[2024-08-28T10:38:24.428+0000] {processor.py:925} INFO - DAG(s) 'pythonoperator' retrieved from /opt/airflow/dags/2-pythonoperator.py
[2024-08-28T10:38:24.471+0000] {logging_mixin.py:190} INFO - [2024-08-28T10:38:24.470+0000] {dag.py:3211} INFO - Sync 1 DAGs
[2024-08-28T10:38:24.522+0000] {logging_mixin.py:190} INFO - [2024-08-28T10:38:24.522+0000] {dag.py:4138} INFO - Setting next_dagrun for pythonoperator to None, run_after=None
[2024-08-28T10:38:24.571+0000] {processor.py:208} INFO - Processing /opt/airflow/dags/2-pythonoperator.py took 0.192 seconds
[2024-08-28T10:38:55.135+0000] {processor.py:186} INFO - Started process (PID=450) to work on /opt/airflow/dags/2-pythonoperator.py
[2024-08-28T10:38:55.136+0000] {processor.py:914} INFO - Processing file /opt/airflow/dags/2-pythonoperator.py for tasks to queue
[2024-08-28T10:38:55.142+0000] {logging_mixin.py:190} INFO - [2024-08-28T10:38:55.141+0000] {dagbag.py:587} INFO - Filling up the DagBag from /opt/airflow/dags/2-pythonoperator.py
[2024-08-28T10:38:55.162+0000] {processor.py:925} INFO - DAG(s) 'pythonoperator' retrieved from /opt/airflow/dags/2-pythonoperator.py
[2024-08-28T10:38:55.223+0000] {logging_mixin.py:190} INFO - [2024-08-28T10:38:55.223+0000] {dag.py:3211} INFO - Sync 1 DAGs
[2024-08-28T10:38:55.281+0000] {logging_mixin.py:190} INFO - [2024-08-28T10:38:55.280+0000] {dag.py:4138} INFO - Setting next_dagrun for pythonoperator to None, run_after=None
[2024-08-28T10:38:55.314+0000] {processor.py:208} INFO - Processing /opt/airflow/dags/2-pythonoperator.py took 0.195 seconds
[2024-08-28T10:39:25.816+0000] {processor.py:186} INFO - Started process (PID=461) to work on /opt/airflow/dags/2-pythonoperator.py
[2024-08-28T10:39:25.841+0000] {processor.py:914} INFO - Processing file /opt/airflow/dags/2-pythonoperator.py for tasks to queue
[2024-08-28T10:39:25.846+0000] {logging_mixin.py:190} INFO - [2024-08-28T10:39:25.845+0000] {dagbag.py:587} INFO - Filling up the DagBag from /opt/airflow/dags/2-pythonoperator.py
[2024-08-28T10:39:25.860+0000] {processor.py:925} INFO - DAG(s) 'pythonoperator' retrieved from /opt/airflow/dags/2-pythonoperator.py
[2024-08-28T10:39:25.919+0000] {logging_mixin.py:190} INFO - [2024-08-28T10:39:25.918+0000] {dag.py:3211} INFO - Sync 1 DAGs
[2024-08-28T10:39:25.984+0000] {logging_mixin.py:190} INFO - [2024-08-28T10:39:25.984+0000] {dag.py:4138} INFO - Setting next_dagrun for pythonoperator to None, run_after=None
[2024-08-28T10:39:26.032+0000] {processor.py:208} INFO - Processing /opt/airflow/dags/2-pythonoperator.py took 0.229 seconds
[2024-08-28T10:39:56.570+0000] {processor.py:186} INFO - Started process (PID=472) to work on /opt/airflow/dags/2-pythonoperator.py
[2024-08-28T10:39:56.571+0000] {processor.py:914} INFO - Processing file /opt/airflow/dags/2-pythonoperator.py for tasks to queue
[2024-08-28T10:39:56.576+0000] {logging_mixin.py:190} INFO - [2024-08-28T10:39:56.575+0000] {dagbag.py:587} INFO - Filling up the DagBag from /opt/airflow/dags/2-pythonoperator.py
[2024-08-28T10:39:56.594+0000] {processor.py:925} INFO - DAG(s) 'pythonoperator' retrieved from /opt/airflow/dags/2-pythonoperator.py
[2024-08-28T10:39:56.651+0000] {logging_mixin.py:190} INFO - [2024-08-28T10:39:56.651+0000] {dag.py:3211} INFO - Sync 1 DAGs
[2024-08-28T10:39:56.712+0000] {logging_mixin.py:190} INFO - [2024-08-28T10:39:56.712+0000] {dag.py:4138} INFO - Setting next_dagrun for pythonoperator to None, run_after=None
[2024-08-28T10:39:56.757+0000] {processor.py:208} INFO - Processing /opt/airflow/dags/2-pythonoperator.py took 0.201 seconds
[2024-08-28T10:40:27.126+0000] {processor.py:186} INFO - Started process (PID=484) to work on /opt/airflow/dags/2-pythonoperator.py
[2024-08-28T10:40:27.145+0000] {processor.py:914} INFO - Processing file /opt/airflow/dags/2-pythonoperator.py for tasks to queue
[2024-08-28T10:40:27.152+0000] {logging_mixin.py:190} INFO - [2024-08-28T10:40:27.151+0000] {dagbag.py:587} INFO - Filling up the DagBag from /opt/airflow/dags/2-pythonoperator.py
[2024-08-28T10:40:27.172+0000] {processor.py:925} INFO - DAG(s) 'pythonoperator' retrieved from /opt/airflow/dags/2-pythonoperator.py
[2024-08-28T10:40:27.249+0000] {logging_mixin.py:190} INFO - [2024-08-28T10:40:27.248+0000] {dag.py:3211} INFO - Sync 1 DAGs
[2024-08-28T10:40:27.323+0000] {logging_mixin.py:190} INFO - [2024-08-28T10:40:27.322+0000] {dag.py:4138} INFO - Setting next_dagrun for pythonoperator to None, run_after=None
[2024-08-28T10:40:27.390+0000] {processor.py:208} INFO - Processing /opt/airflow/dags/2-pythonoperator.py took 0.282 seconds
[2024-08-28T10:40:57.984+0000] {processor.py:186} INFO - Started process (PID=495) to work on /opt/airflow/dags/2-pythonoperator.py
[2024-08-28T10:40:57.986+0000] {processor.py:914} INFO - Processing file /opt/airflow/dags/2-pythonoperator.py for tasks to queue
[2024-08-28T10:40:57.990+0000] {logging_mixin.py:190} INFO - [2024-08-28T10:40:57.989+0000] {dagbag.py:587} INFO - Filling up the DagBag from /opt/airflow/dags/2-pythonoperator.py
[2024-08-28T10:40:58.005+0000] {processor.py:925} INFO - DAG(s) 'pythonoperator' retrieved from /opt/airflow/dags/2-pythonoperator.py
[2024-08-28T10:40:58.047+0000] {logging_mixin.py:190} INFO - [2024-08-28T10:40:58.046+0000] {dag.py:3211} INFO - Sync 1 DAGs
[2024-08-28T10:40:58.088+0000] {logging_mixin.py:190} INFO - [2024-08-28T10:40:58.088+0000] {dag.py:4138} INFO - Setting next_dagrun for pythonoperator to None, run_after=None
[2024-08-28T10:40:58.116+0000] {processor.py:208} INFO - Processing /opt/airflow/dags/2-pythonoperator.py took 0.142 seconds
[2024-08-28T10:41:28.872+0000] {processor.py:186} INFO - Started process (PID=507) to work on /opt/airflow/dags/2-pythonoperator.py
[2024-08-28T10:41:28.874+0000] {processor.py:914} INFO - Processing file /opt/airflow/dags/2-pythonoperator.py for tasks to queue
[2024-08-28T10:41:28.880+0000] {logging_mixin.py:190} INFO - [2024-08-28T10:41:28.879+0000] {dagbag.py:587} INFO - Filling up the DagBag from /opt/airflow/dags/2-pythonoperator.py
[2024-08-28T10:41:28.898+0000] {processor.py:925} INFO - DAG(s) 'pythonoperator' retrieved from /opt/airflow/dags/2-pythonoperator.py
[2024-08-28T10:41:28.947+0000] {logging_mixin.py:190} INFO - [2024-08-28T10:41:28.946+0000] {dag.py:3211} INFO - Sync 1 DAGs
[2024-08-28T10:41:28.995+0000] {logging_mixin.py:190} INFO - [2024-08-28T10:41:28.995+0000] {dag.py:4138} INFO - Setting next_dagrun for pythonoperator to None, run_after=None
[2024-08-28T10:41:29.030+0000] {processor.py:208} INFO - Processing /opt/airflow/dags/2-pythonoperator.py took 0.169 seconds
[2024-08-28T10:41:59.444+0000] {processor.py:186} INFO - Started process (PID=518) to work on /opt/airflow/dags/2-pythonoperator.py
[2024-08-28T10:41:59.445+0000] {processor.py:914} INFO - Processing file /opt/airflow/dags/2-pythonoperator.py for tasks to queue
[2024-08-28T10:41:59.450+0000] {logging_mixin.py:190} INFO - [2024-08-28T10:41:59.449+0000] {dagbag.py:587} INFO - Filling up the DagBag from /opt/airflow/dags/2-pythonoperator.py
[2024-08-28T10:41:59.467+0000] {processor.py:925} INFO - DAG(s) 'pythonoperator' retrieved from /opt/airflow/dags/2-pythonoperator.py
[2024-08-28T10:41:59.538+0000] {logging_mixin.py:190} INFO - [2024-08-28T10:41:59.537+0000] {dag.py:3211} INFO - Sync 1 DAGs
[2024-08-28T10:41:59.631+0000] {logging_mixin.py:190} INFO - [2024-08-28T10:41:59.630+0000] {dag.py:4138} INFO - Setting next_dagrun for pythonoperator to None, run_after=None
[2024-08-28T10:41:59.668+0000] {processor.py:208} INFO - Processing /opt/airflow/dags/2-pythonoperator.py took 0.243 seconds
[2024-08-28T10:42:30.038+0000] {processor.py:186} INFO - Started process (PID=530) to work on /opt/airflow/dags/2-pythonoperator.py
[2024-08-28T10:42:30.040+0000] {processor.py:914} INFO - Processing file /opt/airflow/dags/2-pythonoperator.py for tasks to queue
[2024-08-28T10:42:30.044+0000] {logging_mixin.py:190} INFO - [2024-08-28T10:42:30.044+0000] {dagbag.py:587} INFO - Filling up the DagBag from /opt/airflow/dags/2-pythonoperator.py
[2024-08-28T10:42:30.058+0000] {processor.py:925} INFO - DAG(s) 'pythonoperator' retrieved from /opt/airflow/dags/2-pythonoperator.py
[2024-08-28T10:42:30.100+0000] {logging_mixin.py:190} INFO - [2024-08-28T10:42:30.100+0000] {dag.py:3211} INFO - Sync 1 DAGs
[2024-08-28T10:42:30.141+0000] {logging_mixin.py:190} INFO - [2024-08-28T10:42:30.140+0000] {dag.py:4138} INFO - Setting next_dagrun for pythonoperator to None, run_after=None
[2024-08-28T10:42:30.169+0000] {processor.py:208} INFO - Processing /opt/airflow/dags/2-pythonoperator.py took 0.142 seconds
[2024-08-28T10:43:00.903+0000] {processor.py:186} INFO - Started process (PID=541) to work on /opt/airflow/dags/2-pythonoperator.py
[2024-08-28T10:43:00.905+0000] {processor.py:914} INFO - Processing file /opt/airflow/dags/2-pythonoperator.py for tasks to queue
[2024-08-28T10:43:00.910+0000] {logging_mixin.py:190} INFO - [2024-08-28T10:43:00.909+0000] {dagbag.py:587} INFO - Filling up the DagBag from /opt/airflow/dags/2-pythonoperator.py
[2024-08-28T10:43:00.924+0000] {processor.py:925} INFO - DAG(s) 'pythonoperator' retrieved from /opt/airflow/dags/2-pythonoperator.py
[2024-08-28T10:43:00.965+0000] {logging_mixin.py:190} INFO - [2024-08-28T10:43:00.964+0000] {dag.py:3211} INFO - Sync 1 DAGs
[2024-08-28T10:43:01.007+0000] {logging_mixin.py:190} INFO - [2024-08-28T10:43:01.006+0000] {dag.py:4138} INFO - Setting next_dagrun for pythonoperator to None, run_after=None
[2024-08-28T10:43:01.037+0000] {processor.py:208} INFO - Processing /opt/airflow/dags/2-pythonoperator.py took 0.147 seconds
[2024-08-28T10:43:31.744+0000] {processor.py:186} INFO - Started process (PID=553) to work on /opt/airflow/dags/2-pythonoperator.py
[2024-08-28T10:43:31.757+0000] {processor.py:914} INFO - Processing file /opt/airflow/dags/2-pythonoperator.py for tasks to queue
[2024-08-28T10:43:31.761+0000] {logging_mixin.py:190} INFO - [2024-08-28T10:43:31.761+0000] {dagbag.py:587} INFO - Filling up the DagBag from /opt/airflow/dags/2-pythonoperator.py
[2024-08-28T10:43:31.775+0000] {processor.py:925} INFO - DAG(s) 'pythonoperator' retrieved from /opt/airflow/dags/2-pythonoperator.py
[2024-08-28T10:43:31.852+0000] {logging_mixin.py:190} INFO - [2024-08-28T10:43:31.851+0000] {dag.py:3211} INFO - Sync 1 DAGs
[2024-08-28T10:43:31.919+0000] {logging_mixin.py:190} INFO - [2024-08-28T10:43:31.918+0000] {dag.py:4138} INFO - Setting next_dagrun for pythonoperator to None, run_after=None
[2024-08-28T10:43:31.958+0000] {processor.py:208} INFO - Processing /opt/airflow/dags/2-pythonoperator.py took 0.226 seconds
[2024-08-28T12:13:43.585+0000] {processor.py:186} INFO - Started process (PID=69) to work on /opt/airflow/dags/2-pythonoperator.py
[2024-08-28T12:13:43.603+0000] {processor.py:914} INFO - Processing file /opt/airflow/dags/2-pythonoperator.py for tasks to queue
[2024-08-28T12:13:43.607+0000] {logging_mixin.py:190} INFO - [2024-08-28T12:13:43.606+0000] {dagbag.py:587} INFO - Filling up the DagBag from /opt/airflow/dags/2-pythonoperator.py
[2024-08-28T12:13:43.631+0000] {processor.py:925} INFO - DAG(s) 'pythonoperator' retrieved from /opt/airflow/dags/2-pythonoperator.py
[2024-08-28T12:13:43.717+0000] {logging_mixin.py:190} INFO - [2024-08-28T12:13:43.717+0000] {dag.py:3211} INFO - Sync 1 DAGs
[2024-08-28T12:13:43.803+0000] {logging_mixin.py:190} INFO - [2024-08-28T12:13:43.802+0000] {dag.py:4138} INFO - Setting next_dagrun for pythonoperator to None, run_after=None
[2024-08-28T12:13:43.865+0000] {processor.py:208} INFO - Processing /opt/airflow/dags/2-pythonoperator.py took 0.336 seconds
[2024-08-28T12:14:14.464+0000] {processor.py:186} INFO - Started process (PID=81) to work on /opt/airflow/dags/2-pythonoperator.py
[2024-08-28T12:14:14.468+0000] {processor.py:914} INFO - Processing file /opt/airflow/dags/2-pythonoperator.py for tasks to queue
[2024-08-28T12:14:14.473+0000] {logging_mixin.py:190} INFO - [2024-08-28T12:14:14.472+0000] {dagbag.py:587} INFO - Filling up the DagBag from /opt/airflow/dags/2-pythonoperator.py
[2024-08-28T12:14:14.493+0000] {processor.py:925} INFO - DAG(s) 'pythonoperator' retrieved from /opt/airflow/dags/2-pythonoperator.py
[2024-08-28T12:14:14.555+0000] {logging_mixin.py:190} INFO - [2024-08-28T12:14:14.554+0000] {dag.py:3211} INFO - Sync 1 DAGs
[2024-08-28T12:14:14.615+0000] {logging_mixin.py:190} INFO - [2024-08-28T12:14:14.615+0000] {dag.py:4138} INFO - Setting next_dagrun for pythonoperator to None, run_after=None
[2024-08-28T12:14:14.656+0000] {processor.py:208} INFO - Processing /opt/airflow/dags/2-pythonoperator.py took 0.209 seconds
[2024-08-28T12:14:45.670+0000] {processor.py:186} INFO - Started process (PID=92) to work on /opt/airflow/dags/2-pythonoperator.py
[2024-08-28T12:14:45.829+0000] {processor.py:914} INFO - Processing file /opt/airflow/dags/2-pythonoperator.py for tasks to queue
[2024-08-28T12:14:45.833+0000] {logging_mixin.py:190} INFO - [2024-08-28T12:14:45.832+0000] {dagbag.py:587} INFO - Filling up the DagBag from /opt/airflow/dags/2-pythonoperator.py
[2024-08-28T12:14:45.846+0000] {processor.py:925} INFO - DAG(s) 'pythonoperator' retrieved from /opt/airflow/dags/2-pythonoperator.py
[2024-08-28T12:14:45.885+0000] {logging_mixin.py:190} INFO - [2024-08-28T12:14:45.884+0000] {dag.py:3211} INFO - Sync 1 DAGs
[2024-08-28T12:14:45.925+0000] {logging_mixin.py:190} INFO - [2024-08-28T12:14:45.925+0000] {dag.py:4138} INFO - Setting next_dagrun for pythonoperator to None, run_after=None
[2024-08-28T12:14:45.952+0000] {processor.py:208} INFO - Processing /opt/airflow/dags/2-pythonoperator.py took 0.291 seconds
[2024-08-28T12:15:16.147+0000] {processor.py:186} INFO - Started process (PID=104) to work on /opt/airflow/dags/2-pythonoperator.py
[2024-08-28T12:15:16.149+0000] {processor.py:914} INFO - Processing file /opt/airflow/dags/2-pythonoperator.py for tasks to queue
[2024-08-28T12:15:16.160+0000] {logging_mixin.py:190} INFO - [2024-08-28T12:15:16.160+0000] {dagbag.py:587} INFO - Filling up the DagBag from /opt/airflow/dags/2-pythonoperator.py
[2024-08-28T12:15:16.180+0000] {processor.py:925} INFO - DAG(s) 'pythonoperator' retrieved from /opt/airflow/dags/2-pythonoperator.py
[2024-08-28T12:15:16.242+0000] {logging_mixin.py:190} INFO - [2024-08-28T12:15:16.241+0000] {dag.py:3211} INFO - Sync 1 DAGs
[2024-08-28T12:15:16.308+0000] {logging_mixin.py:190} INFO - [2024-08-28T12:15:16.308+0000] {dag.py:4138} INFO - Setting next_dagrun for pythonoperator to None, run_after=None
[2024-08-28T12:15:16.337+0000] {processor.py:208} INFO - Processing /opt/airflow/dags/2-pythonoperator.py took 0.205 seconds
[2024-08-28T12:15:46.651+0000] {processor.py:186} INFO - Started process (PID=116) to work on /opt/airflow/dags/2-pythonoperator.py
[2024-08-28T12:15:46.730+0000] {processor.py:914} INFO - Processing file /opt/airflow/dags/2-pythonoperator.py for tasks to queue
[2024-08-28T12:15:46.740+0000] {logging_mixin.py:190} INFO - [2024-08-28T12:15:46.740+0000] {dagbag.py:587} INFO - Filling up the DagBag from /opt/airflow/dags/2-pythonoperator.py
[2024-08-28T12:15:46.779+0000] {processor.py:925} INFO - DAG(s) 'pythonoperator' retrieved from /opt/airflow/dags/2-pythonoperator.py
[2024-08-28T12:15:46.865+0000] {logging_mixin.py:190} INFO - [2024-08-28T12:15:46.864+0000] {dag.py:3211} INFO - Sync 1 DAGs
[2024-08-28T12:15:46.947+0000] {logging_mixin.py:190} INFO - [2024-08-28T12:15:46.946+0000] {dag.py:4138} INFO - Setting next_dagrun for pythonoperator to None, run_after=None
[2024-08-28T12:15:47.030+0000] {processor.py:208} INFO - Processing /opt/airflow/dags/2-pythonoperator.py took 0.403 seconds
[2024-08-28T12:16:17.367+0000] {processor.py:186} INFO - Started process (PID=128) to work on /opt/airflow/dags/2-pythonoperator.py
[2024-08-28T12:16:17.369+0000] {processor.py:914} INFO - Processing file /opt/airflow/dags/2-pythonoperator.py for tasks to queue
[2024-08-28T12:16:17.374+0000] {logging_mixin.py:190} INFO - [2024-08-28T12:16:17.373+0000] {dagbag.py:587} INFO - Filling up the DagBag from /opt/airflow/dags/2-pythonoperator.py
[2024-08-28T12:16:17.391+0000] {processor.py:925} INFO - DAG(s) 'pythonoperator' retrieved from /opt/airflow/dags/2-pythonoperator.py
[2024-08-28T12:16:17.430+0000] {logging_mixin.py:190} INFO - [2024-08-28T12:16:17.429+0000] {dag.py:3211} INFO - Sync 1 DAGs
[2024-08-28T12:16:17.757+0000] {logging_mixin.py:190} INFO - [2024-08-28T12:16:17.756+0000] {dag.py:4138} INFO - Setting next_dagrun for pythonoperator to None, run_after=None
[2024-08-28T12:16:17.820+0000] {processor.py:208} INFO - Processing /opt/airflow/dags/2-pythonoperator.py took 0.473 seconds
[2024-08-28T12:16:49.508+0000] {processor.py:186} INFO - Started process (PID=140) to work on /opt/airflow/dags/2-pythonoperator.py
[2024-08-28T12:16:49.732+0000] {processor.py:914} INFO - Processing file /opt/airflow/dags/2-pythonoperator.py for tasks to queue
[2024-08-28T12:16:49.740+0000] {logging_mixin.py:190} INFO - [2024-08-28T12:16:49.739+0000] {dagbag.py:587} INFO - Filling up the DagBag from /opt/airflow/dags/2-pythonoperator.py
[2024-08-28T12:16:49.788+0000] {processor.py:925} INFO - DAG(s) 'pythonoperator' retrieved from /opt/airflow/dags/2-pythonoperator.py
[2024-08-28T12:16:49.914+0000] {logging_mixin.py:190} INFO - [2024-08-28T12:16:49.914+0000] {dag.py:3211} INFO - Sync 1 DAGs
[2024-08-28T12:16:50.714+0000] {logging_mixin.py:190} INFO - [2024-08-28T12:16:50.713+0000] {dag.py:4138} INFO - Setting next_dagrun for pythonoperator to None, run_after=None
[2024-08-28T12:16:50.801+0000] {processor.py:208} INFO - Processing /opt/airflow/dags/2-pythonoperator.py took 1.355 seconds
[2024-08-28T12:17:21.316+0000] {processor.py:186} INFO - Started process (PID=152) to work on /opt/airflow/dags/2-pythonoperator.py
[2024-08-28T12:17:21.317+0000] {processor.py:914} INFO - Processing file /opt/airflow/dags/2-pythonoperator.py for tasks to queue
[2024-08-28T12:17:21.322+0000] {logging_mixin.py:190} INFO - [2024-08-28T12:17:21.321+0000] {dagbag.py:587} INFO - Filling up the DagBag from /opt/airflow/dags/2-pythonoperator.py
[2024-08-28T12:17:21.340+0000] {processor.py:925} INFO - DAG(s) 'pythonoperator' retrieved from /opt/airflow/dags/2-pythonoperator.py
[2024-08-28T12:17:21.675+0000] {logging_mixin.py:190} INFO - [2024-08-28T12:17:21.674+0000] {dag.py:3211} INFO - Sync 1 DAGs
[2024-08-28T12:17:21.722+0000] {logging_mixin.py:190} INFO - [2024-08-28T12:17:21.721+0000] {dag.py:4138} INFO - Setting next_dagrun for pythonoperator to None, run_after=None
[2024-08-28T12:17:21.770+0000] {processor.py:208} INFO - Processing /opt/airflow/dags/2-pythonoperator.py took 0.473 seconds
[2024-08-28T12:17:52.044+0000] {processor.py:186} INFO - Started process (PID=164) to work on /opt/airflow/dags/2-pythonoperator.py
[2024-08-28T12:17:52.049+0000] {processor.py:914} INFO - Processing file /opt/airflow/dags/2-pythonoperator.py for tasks to queue
[2024-08-28T12:17:52.054+0000] {logging_mixin.py:190} INFO - [2024-08-28T12:17:52.053+0000] {dagbag.py:587} INFO - Filling up the DagBag from /opt/airflow/dags/2-pythonoperator.py
[2024-08-28T12:17:52.326+0000] {processor.py:925} INFO - DAG(s) 'pythonoperator' retrieved from /opt/airflow/dags/2-pythonoperator.py
[2024-08-28T12:17:52.367+0000] {logging_mixin.py:190} INFO - [2024-08-28T12:17:52.367+0000] {dag.py:3211} INFO - Sync 1 DAGs
[2024-08-28T12:17:52.415+0000] {logging_mixin.py:190} INFO - [2024-08-28T12:17:52.415+0000] {dag.py:4138} INFO - Setting next_dagrun for pythonoperator to None, run_after=None
[2024-08-28T12:17:52.456+0000] {processor.py:208} INFO - Processing /opt/airflow/dags/2-pythonoperator.py took 0.425 seconds
