[2024-08-28T10:22:26.523+0000] {processor.py:186} INFO - Started process (PID=66) to work on /opt/airflow/dags/4-customoperator.py
[2024-08-28T10:22:26.524+0000] {processor.py:914} INFO - Processing file /opt/airflow/dags/4-customoperator.py for tasks to queue
[2024-08-28T10:22:26.529+0000] {logging_mixin.py:190} INFO - [2024-08-28T10:22:26.529+0000] {dagbag.py:587} INFO - Filling up the DagBag from /opt/airflow/dags/4-customoperator.py
[2024-08-28T10:22:26.548+0000] {processor.py:925} INFO - DAG(s) 'customoperator' retrieved from /opt/airflow/dags/4-customoperator.py
[2024-08-28T10:22:26.616+0000] {logging_mixin.py:190} INFO - [2024-08-28T10:22:26.616+0000] {dag.py:3211} INFO - Sync 1 DAGs
[2024-08-28T10:22:26.675+0000] {logging_mixin.py:190} INFO - [2024-08-28T10:22:26.675+0000] {dag.py:4138} INFO - Setting next_dagrun for customoperator to None, run_after=None
[2024-08-28T10:22:26.713+0000] {processor.py:208} INFO - Processing /opt/airflow/dags/4-customoperator.py took 0.203 seconds
[2024-08-28T10:22:57.385+0000] {processor.py:186} INFO - Started process (PID=77) to work on /opt/airflow/dags/4-customoperator.py
[2024-08-28T10:22:57.386+0000] {processor.py:914} INFO - Processing file /opt/airflow/dags/4-customoperator.py for tasks to queue
[2024-08-28T10:22:57.389+0000] {logging_mixin.py:190} INFO - [2024-08-28T10:22:57.388+0000] {dagbag.py:587} INFO - Filling up the DagBag from /opt/airflow/dags/4-customoperator.py
[2024-08-28T10:22:57.401+0000] {processor.py:925} INFO - DAG(s) 'customoperator' retrieved from /opt/airflow/dags/4-customoperator.py
[2024-08-28T10:22:57.440+0000] {logging_mixin.py:190} INFO - [2024-08-28T10:22:57.440+0000] {dag.py:3211} INFO - Sync 1 DAGs
[2024-08-28T10:22:57.477+0000] {logging_mixin.py:190} INFO - [2024-08-28T10:22:57.477+0000] {dag.py:4138} INFO - Setting next_dagrun for customoperator to None, run_after=None
[2024-08-28T10:22:57.506+0000] {processor.py:208} INFO - Processing /opt/airflow/dags/4-customoperator.py took 0.132 seconds
[2024-08-28T10:23:28.222+0000] {processor.py:186} INFO - Started process (PID=89) to work on /opt/airflow/dags/4-customoperator.py
[2024-08-28T10:23:28.224+0000] {processor.py:914} INFO - Processing file /opt/airflow/dags/4-customoperator.py for tasks to queue
[2024-08-28T10:23:28.227+0000] {logging_mixin.py:190} INFO - [2024-08-28T10:23:28.226+0000] {dagbag.py:587} INFO - Filling up the DagBag from /opt/airflow/dags/4-customoperator.py
[2024-08-28T10:23:28.240+0000] {processor.py:925} INFO - DAG(s) 'customoperator' retrieved from /opt/airflow/dags/4-customoperator.py
[2024-08-28T10:23:28.277+0000] {logging_mixin.py:190} INFO - [2024-08-28T10:23:28.277+0000] {dag.py:3211} INFO - Sync 1 DAGs
[2024-08-28T10:23:28.322+0000] {logging_mixin.py:190} INFO - [2024-08-28T10:23:28.321+0000] {dag.py:4138} INFO - Setting next_dagrun for customoperator to None, run_after=None
[2024-08-28T10:23:28.351+0000] {processor.py:208} INFO - Processing /opt/airflow/dags/4-customoperator.py took 0.139 seconds
[2024-08-28T10:23:59.050+0000] {processor.py:186} INFO - Started process (PID=101) to work on /opt/airflow/dags/4-customoperator.py
[2024-08-28T10:23:59.051+0000] {processor.py:914} INFO - Processing file /opt/airflow/dags/4-customoperator.py for tasks to queue
[2024-08-28T10:23:59.054+0000] {logging_mixin.py:190} INFO - [2024-08-28T10:23:59.053+0000] {dagbag.py:587} INFO - Filling up the DagBag from /opt/airflow/dags/4-customoperator.py
[2024-08-28T10:23:59.066+0000] {processor.py:925} INFO - DAG(s) 'customoperator' retrieved from /opt/airflow/dags/4-customoperator.py
[2024-08-28T10:23:59.107+0000] {logging_mixin.py:190} INFO - [2024-08-28T10:23:59.106+0000] {dag.py:3211} INFO - Sync 1 DAGs
[2024-08-28T10:23:59.147+0000] {logging_mixin.py:190} INFO - [2024-08-28T10:23:59.146+0000] {dag.py:4138} INFO - Setting next_dagrun for customoperator to None, run_after=None
[2024-08-28T10:23:59.178+0000] {processor.py:208} INFO - Processing /opt/airflow/dags/4-customoperator.py took 0.138 seconds
[2024-08-28T10:24:29.917+0000] {processor.py:186} INFO - Started process (PID=113) to work on /opt/airflow/dags/4-customoperator.py
[2024-08-28T10:24:29.918+0000] {processor.py:914} INFO - Processing file /opt/airflow/dags/4-customoperator.py for tasks to queue
[2024-08-28T10:24:29.922+0000] {logging_mixin.py:190} INFO - [2024-08-28T10:24:29.921+0000] {dagbag.py:587} INFO - Filling up the DagBag from /opt/airflow/dags/4-customoperator.py
[2024-08-28T10:24:29.934+0000] {processor.py:925} INFO - DAG(s) 'customoperator' retrieved from /opt/airflow/dags/4-customoperator.py
[2024-08-28T10:24:29.973+0000] {logging_mixin.py:190} INFO - [2024-08-28T10:24:29.973+0000] {dag.py:3211} INFO - Sync 1 DAGs
[2024-08-28T10:24:30.017+0000] {logging_mixin.py:190} INFO - [2024-08-28T10:24:30.017+0000] {dag.py:4138} INFO - Setting next_dagrun for customoperator to None, run_after=None
[2024-08-28T10:24:30.049+0000] {processor.py:208} INFO - Processing /opt/airflow/dags/4-customoperator.py took 0.142 seconds
[2024-08-28T10:25:00.877+0000] {processor.py:186} INFO - Started process (PID=124) to work on /opt/airflow/dags/4-customoperator.py
[2024-08-28T10:25:00.878+0000] {processor.py:914} INFO - Processing file /opt/airflow/dags/4-customoperator.py for tasks to queue
[2024-08-28T10:25:00.884+0000] {logging_mixin.py:190} INFO - [2024-08-28T10:25:00.883+0000] {dagbag.py:587} INFO - Filling up the DagBag from /opt/airflow/dags/4-customoperator.py
[2024-08-28T10:25:00.903+0000] {processor.py:925} INFO - DAG(s) 'customoperator' retrieved from /opt/airflow/dags/4-customoperator.py
[2024-08-28T10:25:00.958+0000] {logging_mixin.py:190} INFO - [2024-08-28T10:25:00.957+0000] {dag.py:3211} INFO - Sync 1 DAGs
[2024-08-28T10:25:01.205+0000] {logging_mixin.py:190} INFO - [2024-08-28T10:25:01.205+0000] {dag.py:4138} INFO - Setting next_dagrun for customoperator to None, run_after=None
[2024-08-28T10:25:01.229+0000] {processor.py:208} INFO - Processing /opt/airflow/dags/4-customoperator.py took 0.366 seconds
[2024-08-28T10:25:31.348+0000] {processor.py:186} INFO - Started process (PID=136) to work on /opt/airflow/dags/4-customoperator.py
[2024-08-28T10:25:31.349+0000] {processor.py:914} INFO - Processing file /opt/airflow/dags/4-customoperator.py for tasks to queue
[2024-08-28T10:25:31.354+0000] {logging_mixin.py:190} INFO - [2024-08-28T10:25:31.353+0000] {dagbag.py:587} INFO - Filling up the DagBag from /opt/airflow/dags/4-customoperator.py
[2024-08-28T10:25:31.372+0000] {processor.py:925} INFO - DAG(s) 'customoperator' retrieved from /opt/airflow/dags/4-customoperator.py
[2024-08-28T10:25:31.425+0000] {logging_mixin.py:190} INFO - [2024-08-28T10:25:31.425+0000] {dag.py:3211} INFO - Sync 1 DAGs
[2024-08-28T10:25:31.656+0000] {logging_mixin.py:190} INFO - [2024-08-28T10:25:31.656+0000] {dag.py:4138} INFO - Setting next_dagrun for customoperator to None, run_after=None
[2024-08-28T10:25:31.680+0000] {processor.py:208} INFO - Processing /opt/airflow/dags/4-customoperator.py took 0.347 seconds
[2024-08-28T10:26:02.093+0000] {processor.py:186} INFO - Started process (PID=148) to work on /opt/airflow/dags/4-customoperator.py
[2024-08-28T10:26:02.094+0000] {processor.py:914} INFO - Processing file /opt/airflow/dags/4-customoperator.py for tasks to queue
[2024-08-28T10:26:02.097+0000] {logging_mixin.py:190} INFO - [2024-08-28T10:26:02.096+0000] {dagbag.py:587} INFO - Filling up the DagBag from /opt/airflow/dags/4-customoperator.py
[2024-08-28T10:26:02.108+0000] {processor.py:925} INFO - DAG(s) 'customoperator' retrieved from /opt/airflow/dags/4-customoperator.py
[2024-08-28T10:26:02.305+0000] {logging_mixin.py:190} INFO - [2024-08-28T10:26:02.305+0000] {dag.py:3211} INFO - Sync 1 DAGs
[2024-08-28T10:26:02.350+0000] {logging_mixin.py:190} INFO - [2024-08-28T10:26:02.350+0000] {dag.py:4138} INFO - Setting next_dagrun for customoperator to None, run_after=None
[2024-08-28T10:26:02.376+0000] {processor.py:208} INFO - Processing /opt/airflow/dags/4-customoperator.py took 0.292 seconds
[2024-08-28T10:26:32.736+0000] {processor.py:186} INFO - Started process (PID=160) to work on /opt/airflow/dags/4-customoperator.py
[2024-08-28T10:26:32.737+0000] {processor.py:914} INFO - Processing file /opt/airflow/dags/4-customoperator.py for tasks to queue
[2024-08-28T10:26:32.740+0000] {logging_mixin.py:190} INFO - [2024-08-28T10:26:32.740+0000] {dagbag.py:587} INFO - Filling up the DagBag from /opt/airflow/dags/4-customoperator.py
[2024-08-28T10:26:32.904+0000] {processor.py:925} INFO - DAG(s) 'customoperator' retrieved from /opt/airflow/dags/4-customoperator.py
[2024-08-28T10:26:32.946+0000] {logging_mixin.py:190} INFO - [2024-08-28T10:26:32.945+0000] {dag.py:3211} INFO - Sync 1 DAGs
[2024-08-28T10:26:32.988+0000] {logging_mixin.py:190} INFO - [2024-08-28T10:26:32.988+0000] {dag.py:4138} INFO - Setting next_dagrun for customoperator to None, run_after=None
[2024-08-28T10:26:33.017+0000] {processor.py:208} INFO - Processing /opt/airflow/dags/4-customoperator.py took 0.294 seconds
[2024-08-28T10:27:03.315+0000] {processor.py:186} INFO - Started process (PID=172) to work on /opt/airflow/dags/4-customoperator.py
[2024-08-28T10:27:03.315+0000] {processor.py:914} INFO - Processing file /opt/airflow/dags/4-customoperator.py for tasks to queue
[2024-08-28T10:27:03.318+0000] {logging_mixin.py:190} INFO - [2024-08-28T10:27:03.318+0000] {dagbag.py:587} INFO - Filling up the DagBag from /opt/airflow/dags/4-customoperator.py
[2024-08-28T10:27:03.329+0000] {processor.py:925} INFO - DAG(s) 'customoperator' retrieved from /opt/airflow/dags/4-customoperator.py
[2024-08-28T10:27:03.375+0000] {logging_mixin.py:190} INFO - [2024-08-28T10:27:03.375+0000] {dag.py:3211} INFO - Sync 1 DAGs
[2024-08-28T10:27:03.419+0000] {logging_mixin.py:190} INFO - [2024-08-28T10:27:03.418+0000] {dag.py:4138} INFO - Setting next_dagrun for customoperator to None, run_after=None
[2024-08-28T10:27:03.451+0000] {processor.py:208} INFO - Processing /opt/airflow/dags/4-customoperator.py took 0.148 seconds
[2024-08-28T10:27:34.342+0000] {processor.py:186} INFO - Started process (PID=183) to work on /opt/airflow/dags/4-customoperator.py
[2024-08-28T10:27:34.344+0000] {processor.py:914} INFO - Processing file /opt/airflow/dags/4-customoperator.py for tasks to queue
[2024-08-28T10:27:34.347+0000] {logging_mixin.py:190} INFO - [2024-08-28T10:27:34.346+0000] {dagbag.py:587} INFO - Filling up the DagBag from /opt/airflow/dags/4-customoperator.py
[2024-08-28T10:27:34.358+0000] {processor.py:925} INFO - DAG(s) 'customoperator' retrieved from /opt/airflow/dags/4-customoperator.py
[2024-08-28T10:27:34.397+0000] {logging_mixin.py:190} INFO - [2024-08-28T10:27:34.397+0000] {dag.py:3211} INFO - Sync 1 DAGs
[2024-08-28T10:27:34.437+0000] {logging_mixin.py:190} INFO - [2024-08-28T10:27:34.437+0000] {dag.py:4138} INFO - Setting next_dagrun for customoperator to None, run_after=None
[2024-08-28T10:27:34.465+0000] {processor.py:208} INFO - Processing /opt/airflow/dags/4-customoperator.py took 0.133 seconds
[2024-08-28T10:28:05.204+0000] {processor.py:186} INFO - Started process (PID=194) to work on /opt/airflow/dags/4-customoperator.py
[2024-08-28T10:28:05.205+0000] {processor.py:914} INFO - Processing file /opt/airflow/dags/4-customoperator.py for tasks to queue
[2024-08-28T10:28:05.208+0000] {logging_mixin.py:190} INFO - [2024-08-28T10:28:05.207+0000] {dagbag.py:587} INFO - Filling up the DagBag from /opt/airflow/dags/4-customoperator.py
[2024-08-28T10:28:05.220+0000] {processor.py:925} INFO - DAG(s) 'customoperator' retrieved from /opt/airflow/dags/4-customoperator.py
[2024-08-28T10:28:05.257+0000] {logging_mixin.py:190} INFO - [2024-08-28T10:28:05.257+0000] {dag.py:3211} INFO - Sync 1 DAGs
[2024-08-28T10:28:05.302+0000] {logging_mixin.py:190} INFO - [2024-08-28T10:28:05.302+0000] {dag.py:4138} INFO - Setting next_dagrun for customoperator to None, run_after=None
[2024-08-28T10:28:05.330+0000] {processor.py:208} INFO - Processing /opt/airflow/dags/4-customoperator.py took 0.135 seconds
[2024-08-28T10:28:35.857+0000] {processor.py:186} INFO - Started process (PID=206) to work on /opt/airflow/dags/4-customoperator.py
[2024-08-28T10:28:35.858+0000] {processor.py:914} INFO - Processing file /opt/airflow/dags/4-customoperator.py for tasks to queue
[2024-08-28T10:28:35.861+0000] {logging_mixin.py:190} INFO - [2024-08-28T10:28:35.861+0000] {dagbag.py:587} INFO - Filling up the DagBag from /opt/airflow/dags/4-customoperator.py
[2024-08-28T10:28:35.874+0000] {processor.py:925} INFO - DAG(s) 'customoperator' retrieved from /opt/airflow/dags/4-customoperator.py
[2024-08-28T10:28:35.920+0000] {logging_mixin.py:190} INFO - [2024-08-28T10:28:35.919+0000] {dag.py:3211} INFO - Sync 1 DAGs
[2024-08-28T10:28:35.968+0000] {logging_mixin.py:190} INFO - [2024-08-28T10:28:35.967+0000] {dag.py:4138} INFO - Setting next_dagrun for customoperator to None, run_after=None
[2024-08-28T10:28:36.001+0000] {processor.py:208} INFO - Processing /opt/airflow/dags/4-customoperator.py took 0.153 seconds
[2024-08-28T10:29:06.767+0000] {processor.py:186} INFO - Started process (PID=217) to work on /opt/airflow/dags/4-customoperator.py
[2024-08-28T10:29:06.768+0000] {processor.py:914} INFO - Processing file /opt/airflow/dags/4-customoperator.py for tasks to queue
[2024-08-28T10:29:06.774+0000] {logging_mixin.py:190} INFO - [2024-08-28T10:29:06.774+0000] {dagbag.py:587} INFO - Filling up the DagBag from /opt/airflow/dags/4-customoperator.py
[2024-08-28T10:29:06.792+0000] {processor.py:925} INFO - DAG(s) 'customoperator' retrieved from /opt/airflow/dags/4-customoperator.py
[2024-08-28T10:29:06.831+0000] {logging_mixin.py:190} INFO - [2024-08-28T10:29:06.830+0000] {dag.py:3211} INFO - Sync 1 DAGs
[2024-08-28T10:29:06.872+0000] {logging_mixin.py:190} INFO - [2024-08-28T10:29:06.871+0000] {dag.py:4138} INFO - Setting next_dagrun for customoperator to None, run_after=None
[2024-08-28T10:29:06.905+0000] {processor.py:208} INFO - Processing /opt/airflow/dags/4-customoperator.py took 0.152 seconds
[2024-08-28T10:29:37.636+0000] {processor.py:186} INFO - Started process (PID=228) to work on /opt/airflow/dags/4-customoperator.py
[2024-08-28T10:29:37.638+0000] {processor.py:914} INFO - Processing file /opt/airflow/dags/4-customoperator.py for tasks to queue
[2024-08-28T10:29:37.649+0000] {logging_mixin.py:190} INFO - [2024-08-28T10:29:37.648+0000] {dagbag.py:587} INFO - Filling up the DagBag from /opt/airflow/dags/4-customoperator.py
[2024-08-28T10:29:37.673+0000] {processor.py:925} INFO - DAG(s) 'customoperator' retrieved from /opt/airflow/dags/4-customoperator.py
[2024-08-28T10:29:37.727+0000] {logging_mixin.py:190} INFO - [2024-08-28T10:29:37.727+0000] {dag.py:3211} INFO - Sync 1 DAGs
[2024-08-28T10:29:37.801+0000] {logging_mixin.py:190} INFO - [2024-08-28T10:29:37.800+0000] {dag.py:4138} INFO - Setting next_dagrun for customoperator to None, run_after=None
[2024-08-28T10:29:37.895+0000] {processor.py:208} INFO - Processing /opt/airflow/dags/4-customoperator.py took 0.274 seconds
[2024-08-28T10:30:08.808+0000] {processor.py:186} INFO - Started process (PID=246) to work on /opt/airflow/dags/4-customoperator.py
[2024-08-28T10:30:08.810+0000] {processor.py:914} INFO - Processing file /opt/airflow/dags/4-customoperator.py for tasks to queue
[2024-08-28T10:30:08.814+0000] {logging_mixin.py:190} INFO - [2024-08-28T10:30:08.814+0000] {dagbag.py:587} INFO - Filling up the DagBag from /opt/airflow/dags/4-customoperator.py
[2024-08-28T10:30:08.859+0000] {processor.py:925} INFO - DAG(s) 'customoperator' retrieved from /opt/airflow/dags/4-customoperator.py
[2024-08-28T10:30:08.922+0000] {logging_mixin.py:190} INFO - [2024-08-28T10:30:08.922+0000] {dag.py:3211} INFO - Sync 1 DAGs
[2024-08-28T10:30:08.979+0000] {logging_mixin.py:190} INFO - [2024-08-28T10:30:08.979+0000] {dag.py:4138} INFO - Setting next_dagrun for customoperator to None, run_after=None
[2024-08-28T10:30:09.016+0000] {processor.py:208} INFO - Processing /opt/airflow/dags/4-customoperator.py took 0.222 seconds
[2024-08-28T10:30:39.635+0000] {processor.py:186} INFO - Started process (PID=258) to work on /opt/airflow/dags/4-customoperator.py
[2024-08-28T10:30:39.636+0000] {processor.py:914} INFO - Processing file /opt/airflow/dags/4-customoperator.py for tasks to queue
[2024-08-28T10:30:39.639+0000] {logging_mixin.py:190} INFO - [2024-08-28T10:30:39.639+0000] {dagbag.py:587} INFO - Filling up the DagBag from /opt/airflow/dags/4-customoperator.py
[2024-08-28T10:30:39.655+0000] {processor.py:925} INFO - DAG(s) 'customoperator' retrieved from /opt/airflow/dags/4-customoperator.py
[2024-08-28T10:30:39.691+0000] {logging_mixin.py:190} INFO - [2024-08-28T10:30:39.691+0000] {dag.py:3211} INFO - Sync 1 DAGs
[2024-08-28T10:30:39.732+0000] {logging_mixin.py:190} INFO - [2024-08-28T10:30:39.731+0000] {dag.py:4138} INFO - Setting next_dagrun for customoperator to None, run_after=None
[2024-08-28T10:30:39.759+0000] {processor.py:208} INFO - Processing /opt/airflow/dags/4-customoperator.py took 0.133 seconds
[2024-08-28T10:31:10.640+0000] {processor.py:186} INFO - Started process (PID=270) to work on /opt/airflow/dags/4-customoperator.py
[2024-08-28T10:31:10.641+0000] {processor.py:914} INFO - Processing file /opt/airflow/dags/4-customoperator.py for tasks to queue
[2024-08-28T10:31:10.645+0000] {logging_mixin.py:190} INFO - [2024-08-28T10:31:10.645+0000] {dagbag.py:587} INFO - Filling up the DagBag from /opt/airflow/dags/4-customoperator.py
[2024-08-28T10:31:10.657+0000] {processor.py:925} INFO - DAG(s) 'customoperator' retrieved from /opt/airflow/dags/4-customoperator.py
[2024-08-28T10:31:10.695+0000] {logging_mixin.py:190} INFO - [2024-08-28T10:31:10.695+0000] {dag.py:3211} INFO - Sync 1 DAGs
[2024-08-28T10:31:10.739+0000] {logging_mixin.py:190} INFO - [2024-08-28T10:31:10.738+0000] {dag.py:4138} INFO - Setting next_dagrun for customoperator to None, run_after=None
[2024-08-28T10:31:10.767+0000] {processor.py:208} INFO - Processing /opt/airflow/dags/4-customoperator.py took 0.139 seconds
[2024-08-28T10:31:41.307+0000] {processor.py:186} INFO - Started process (PID=282) to work on /opt/airflow/dags/4-customoperator.py
[2024-08-28T10:31:41.308+0000] {processor.py:914} INFO - Processing file /opt/airflow/dags/4-customoperator.py for tasks to queue
[2024-08-28T10:31:41.311+0000] {logging_mixin.py:190} INFO - [2024-08-28T10:31:41.311+0000] {dagbag.py:587} INFO - Filling up the DagBag from /opt/airflow/dags/4-customoperator.py
[2024-08-28T10:31:41.328+0000] {processor.py:925} INFO - DAG(s) 'customoperator' retrieved from /opt/airflow/dags/4-customoperator.py
[2024-08-28T10:31:41.373+0000] {logging_mixin.py:190} INFO - [2024-08-28T10:31:41.373+0000] {dag.py:3211} INFO - Sync 1 DAGs
[2024-08-28T10:31:41.421+0000] {logging_mixin.py:190} INFO - [2024-08-28T10:31:41.420+0000] {dag.py:4138} INFO - Setting next_dagrun for customoperator to None, run_after=None
[2024-08-28T10:31:41.450+0000] {processor.py:208} INFO - Processing /opt/airflow/dags/4-customoperator.py took 0.153 seconds
[2024-08-28T10:32:12.318+0000] {processor.py:186} INFO - Started process (PID=295) to work on /opt/airflow/dags/4-customoperator.py
[2024-08-28T10:32:12.319+0000] {processor.py:914} INFO - Processing file /opt/airflow/dags/4-customoperator.py for tasks to queue
[2024-08-28T10:32:12.322+0000] {logging_mixin.py:190} INFO - [2024-08-28T10:32:12.321+0000] {dagbag.py:587} INFO - Filling up the DagBag from /opt/airflow/dags/4-customoperator.py
[2024-08-28T10:32:12.334+0000] {processor.py:925} INFO - DAG(s) 'customoperator' retrieved from /opt/airflow/dags/4-customoperator.py
[2024-08-28T10:32:12.373+0000] {logging_mixin.py:190} INFO - [2024-08-28T10:32:12.373+0000] {dag.py:3211} INFO - Sync 1 DAGs
[2024-08-28T10:32:12.413+0000] {logging_mixin.py:190} INFO - [2024-08-28T10:32:12.412+0000] {dag.py:4138} INFO - Setting next_dagrun for customoperator to None, run_after=None
[2024-08-28T10:32:12.441+0000] {processor.py:208} INFO - Processing /opt/airflow/dags/4-customoperator.py took 0.132 seconds
[2024-08-28T10:32:43.010+0000] {processor.py:186} INFO - Started process (PID=308) to work on /opt/airflow/dags/4-customoperator.py
[2024-08-28T10:32:43.011+0000] {processor.py:914} INFO - Processing file /opt/airflow/dags/4-customoperator.py for tasks to queue
[2024-08-28T10:32:43.014+0000] {logging_mixin.py:190} INFO - [2024-08-28T10:32:43.014+0000] {dagbag.py:587} INFO - Filling up the DagBag from /opt/airflow/dags/4-customoperator.py
[2024-08-28T10:32:43.029+0000] {processor.py:925} INFO - DAG(s) 'customoperator' retrieved from /opt/airflow/dags/4-customoperator.py
[2024-08-28T10:32:43.065+0000] {logging_mixin.py:190} INFO - [2024-08-28T10:32:43.064+0000] {dag.py:3211} INFO - Sync 1 DAGs
[2024-08-28T10:32:43.104+0000] {logging_mixin.py:190} INFO - [2024-08-28T10:32:43.103+0000] {dag.py:4138} INFO - Setting next_dagrun for customoperator to None, run_after=None
[2024-08-28T10:32:43.130+0000] {processor.py:208} INFO - Processing /opt/airflow/dags/4-customoperator.py took 0.129 seconds
[2024-08-28T10:33:13.972+0000] {processor.py:186} INFO - Started process (PID=320) to work on /opt/airflow/dags/4-customoperator.py
[2024-08-28T10:33:13.973+0000] {processor.py:914} INFO - Processing file /opt/airflow/dags/4-customoperator.py for tasks to queue
[2024-08-28T10:33:13.977+0000] {logging_mixin.py:190} INFO - [2024-08-28T10:33:13.977+0000] {dagbag.py:587} INFO - Filling up the DagBag from /opt/airflow/dags/4-customoperator.py
[2024-08-28T10:33:13.989+0000] {processor.py:925} INFO - DAG(s) 'customoperator' retrieved from /opt/airflow/dags/4-customoperator.py
[2024-08-28T10:33:14.031+0000] {logging_mixin.py:190} INFO - [2024-08-28T10:33:14.031+0000] {dag.py:3211} INFO - Sync 1 DAGs
[2024-08-28T10:33:14.073+0000] {logging_mixin.py:190} INFO - [2024-08-28T10:33:14.072+0000] {dag.py:4138} INFO - Setting next_dagrun for customoperator to None, run_after=None
[2024-08-28T10:33:14.102+0000] {processor.py:208} INFO - Processing /opt/airflow/dags/4-customoperator.py took 0.140 seconds
[2024-08-28T10:33:44.707+0000] {processor.py:186} INFO - Started process (PID=331) to work on /opt/airflow/dags/4-customoperator.py
[2024-08-28T10:33:44.760+0000] {processor.py:914} INFO - Processing file /opt/airflow/dags/4-customoperator.py for tasks to queue
[2024-08-28T10:33:44.765+0000] {logging_mixin.py:190} INFO - [2024-08-28T10:33:44.764+0000] {dagbag.py:587} INFO - Filling up the DagBag from /opt/airflow/dags/4-customoperator.py
[2024-08-28T10:33:44.790+0000] {processor.py:925} INFO - DAG(s) 'customoperator' retrieved from /opt/airflow/dags/4-customoperator.py
[2024-08-28T10:33:44.848+0000] {logging_mixin.py:190} INFO - [2024-08-28T10:33:44.847+0000] {dag.py:3211} INFO - Sync 1 DAGs
[2024-08-28T10:33:44.961+0000] {logging_mixin.py:190} INFO - [2024-08-28T10:33:44.952+0000] {dag.py:4138} INFO - Setting next_dagrun for customoperator to None, run_after=None
[2024-08-28T10:33:45.065+0000] {processor.py:208} INFO - Processing /opt/airflow/dags/4-customoperator.py took 0.374 seconds
[2024-08-28T10:34:15.842+0000] {processor.py:186} INFO - Started process (PID=342) to work on /opt/airflow/dags/4-customoperator.py
[2024-08-28T10:34:15.844+0000] {processor.py:914} INFO - Processing file /opt/airflow/dags/4-customoperator.py for tasks to queue
[2024-08-28T10:34:15.848+0000] {logging_mixin.py:190} INFO - [2024-08-28T10:34:15.847+0000] {dagbag.py:587} INFO - Filling up the DagBag from /opt/airflow/dags/4-customoperator.py
[2024-08-28T10:34:15.866+0000] {processor.py:925} INFO - DAG(s) 'customoperator' retrieved from /opt/airflow/dags/4-customoperator.py
[2024-08-28T10:34:15.942+0000] {logging_mixin.py:190} INFO - [2024-08-28T10:34:15.941+0000] {dag.py:3211} INFO - Sync 1 DAGs
[2024-08-28T10:34:16.012+0000] {logging_mixin.py:190} INFO - [2024-08-28T10:34:16.011+0000] {dag.py:4138} INFO - Setting next_dagrun for customoperator to None, run_after=None
[2024-08-28T10:34:16.090+0000] {processor.py:208} INFO - Processing /opt/airflow/dags/4-customoperator.py took 0.258 seconds
[2024-08-28T10:34:47.201+0000] {processor.py:186} INFO - Started process (PID=354) to work on /opt/airflow/dags/4-customoperator.py
[2024-08-28T10:34:47.352+0000] {processor.py:914} INFO - Processing file /opt/airflow/dags/4-customoperator.py for tasks to queue
[2024-08-28T10:34:47.369+0000] {logging_mixin.py:190} INFO - [2024-08-28T10:34:47.368+0000] {dagbag.py:587} INFO - Filling up the DagBag from /opt/airflow/dags/4-customoperator.py
[2024-08-28T10:34:47.471+0000] {processor.py:925} INFO - DAG(s) 'customoperator' retrieved from /opt/airflow/dags/4-customoperator.py
[2024-08-28T10:34:47.603+0000] {logging_mixin.py:190} INFO - [2024-08-28T10:34:47.602+0000] {dag.py:3211} INFO - Sync 1 DAGs
[2024-08-28T10:34:47.665+0000] {logging_mixin.py:190} INFO - [2024-08-28T10:34:47.665+0000] {dag.py:4138} INFO - Setting next_dagrun for customoperator to None, run_after=None
[2024-08-28T10:34:47.718+0000] {processor.py:208} INFO - Processing /opt/airflow/dags/4-customoperator.py took 0.546 seconds
[2024-08-28T10:35:18.489+0000] {processor.py:186} INFO - Started process (PID=366) to work on /opt/airflow/dags/4-customoperator.py
[2024-08-28T10:35:18.638+0000] {processor.py:914} INFO - Processing file /opt/airflow/dags/4-customoperator.py for tasks to queue
[2024-08-28T10:35:18.642+0000] {logging_mixin.py:190} INFO - [2024-08-28T10:35:18.642+0000] {dagbag.py:587} INFO - Filling up the DagBag from /opt/airflow/dags/4-customoperator.py
[2024-08-28T10:35:18.655+0000] {processor.py:925} INFO - DAG(s) 'customoperator' retrieved from /opt/airflow/dags/4-customoperator.py
[2024-08-28T10:35:18.700+0000] {logging_mixin.py:190} INFO - [2024-08-28T10:35:18.700+0000] {dag.py:3211} INFO - Sync 1 DAGs
[2024-08-28T10:35:18.843+0000] {logging_mixin.py:190} INFO - [2024-08-28T10:35:18.843+0000] {dag.py:4138} INFO - Setting next_dagrun for customoperator to None, run_after=None
[2024-08-28T10:35:18.866+0000] {processor.py:208} INFO - Processing /opt/airflow/dags/4-customoperator.py took 0.387 seconds
[2024-08-28T10:35:48.969+0000] {processor.py:186} INFO - Started process (PID=378) to work on /opt/airflow/dags/4-customoperator.py
[2024-08-28T10:35:49.023+0000] {processor.py:914} INFO - Processing file /opt/airflow/dags/4-customoperator.py for tasks to queue
[2024-08-28T10:35:49.029+0000] {logging_mixin.py:190} INFO - [2024-08-28T10:35:49.028+0000] {dagbag.py:587} INFO - Filling up the DagBag from /opt/airflow/dags/4-customoperator.py
[2024-08-28T10:35:49.053+0000] {processor.py:925} INFO - DAG(s) 'customoperator' retrieved from /opt/airflow/dags/4-customoperator.py
[2024-08-28T10:35:49.118+0000] {logging_mixin.py:190} INFO - [2024-08-28T10:35:49.117+0000] {dag.py:3211} INFO - Sync 1 DAGs
[2024-08-28T10:35:49.185+0000] {logging_mixin.py:190} INFO - [2024-08-28T10:35:49.185+0000] {dag.py:4138} INFO - Setting next_dagrun for customoperator to None, run_after=None
[2024-08-28T10:35:49.239+0000] {processor.py:208} INFO - Processing /opt/airflow/dags/4-customoperator.py took 0.285 seconds
[2024-08-28T10:36:19.810+0000] {processor.py:186} INFO - Started process (PID=390) to work on /opt/airflow/dags/4-customoperator.py
[2024-08-28T10:36:19.811+0000] {processor.py:914} INFO - Processing file /opt/airflow/dags/4-customoperator.py for tasks to queue
[2024-08-28T10:36:19.816+0000] {logging_mixin.py:190} INFO - [2024-08-28T10:36:19.814+0000] {dagbag.py:587} INFO - Filling up the DagBag from /opt/airflow/dags/4-customoperator.py
[2024-08-28T10:36:19.837+0000] {processor.py:925} INFO - DAG(s) 'customoperator' retrieved from /opt/airflow/dags/4-customoperator.py
[2024-08-28T10:36:19.914+0000] {logging_mixin.py:190} INFO - [2024-08-28T10:36:19.914+0000] {dag.py:3211} INFO - Sync 1 DAGs
[2024-08-28T10:36:19.981+0000] {logging_mixin.py:190} INFO - [2024-08-28T10:36:19.980+0000] {dag.py:4138} INFO - Setting next_dagrun for customoperator to None, run_after=None
[2024-08-28T10:36:20.021+0000] {processor.py:208} INFO - Processing /opt/airflow/dags/4-customoperator.py took 0.225 seconds
[2024-08-28T10:36:50.115+0000] {processor.py:186} INFO - Started process (PID=402) to work on /opt/airflow/dags/4-customoperator.py
[2024-08-28T10:36:50.337+0000] {processor.py:914} INFO - Processing file /opt/airflow/dags/4-customoperator.py for tasks to queue
[2024-08-28T10:36:50.348+0000] {logging_mixin.py:190} INFO - [2024-08-28T10:36:50.347+0000] {dagbag.py:587} INFO - Filling up the DagBag from /opt/airflow/dags/4-customoperator.py
[2024-08-28T10:36:50.409+0000] {processor.py:925} INFO - DAG(s) 'customoperator' retrieved from /opt/airflow/dags/4-customoperator.py
[2024-08-28T10:36:50.566+0000] {logging_mixin.py:190} INFO - [2024-08-28T10:36:50.566+0000] {dag.py:3211} INFO - Sync 1 DAGs
[2024-08-28T10:36:50.661+0000] {logging_mixin.py:190} INFO - [2024-08-28T10:36:50.661+0000] {dag.py:4138} INFO - Setting next_dagrun for customoperator to None, run_after=None
[2024-08-28T10:36:50.721+0000] {processor.py:208} INFO - Processing /opt/airflow/dags/4-customoperator.py took 0.623 seconds
[2024-08-28T10:37:21.330+0000] {processor.py:186} INFO - Started process (PID=413) to work on /opt/airflow/dags/4-customoperator.py
[2024-08-28T10:37:21.332+0000] {processor.py:914} INFO - Processing file /opt/airflow/dags/4-customoperator.py for tasks to queue
[2024-08-28T10:37:21.336+0000] {logging_mixin.py:190} INFO - [2024-08-28T10:37:21.335+0000] {dagbag.py:587} INFO - Filling up the DagBag from /opt/airflow/dags/4-customoperator.py
[2024-08-28T10:37:21.348+0000] {processor.py:925} INFO - DAG(s) 'customoperator' retrieved from /opt/airflow/dags/4-customoperator.py
[2024-08-28T10:37:21.392+0000] {logging_mixin.py:190} INFO - [2024-08-28T10:37:21.391+0000] {dag.py:3211} INFO - Sync 1 DAGs
[2024-08-28T10:37:21.439+0000] {logging_mixin.py:190} INFO - [2024-08-28T10:37:21.438+0000] {dag.py:4138} INFO - Setting next_dagrun for customoperator to None, run_after=None
[2024-08-28T10:37:21.473+0000] {processor.py:208} INFO - Processing /opt/airflow/dags/4-customoperator.py took 0.154 seconds
[2024-08-28T10:37:52.305+0000] {processor.py:186} INFO - Started process (PID=425) to work on /opt/airflow/dags/4-customoperator.py
[2024-08-28T10:37:52.329+0000] {processor.py:914} INFO - Processing file /opt/airflow/dags/4-customoperator.py for tasks to queue
[2024-08-28T10:37:52.339+0000] {logging_mixin.py:190} INFO - [2024-08-28T10:37:52.338+0000] {dagbag.py:587} INFO - Filling up the DagBag from /opt/airflow/dags/4-customoperator.py
[2024-08-28T10:37:52.357+0000] {processor.py:925} INFO - DAG(s) 'customoperator' retrieved from /opt/airflow/dags/4-customoperator.py
[2024-08-28T10:37:52.414+0000] {logging_mixin.py:190} INFO - [2024-08-28T10:37:52.413+0000] {dag.py:3211} INFO - Sync 1 DAGs
[2024-08-28T10:37:52.472+0000] {logging_mixin.py:190} INFO - [2024-08-28T10:37:52.471+0000] {dag.py:4138} INFO - Setting next_dagrun for customoperator to None, run_after=None
[2024-08-28T10:37:52.509+0000] {processor.py:208} INFO - Processing /opt/airflow/dags/4-customoperator.py took 0.227 seconds
[2024-08-28T10:38:23.362+0000] {processor.py:186} INFO - Started process (PID=438) to work on /opt/airflow/dags/4-customoperator.py
[2024-08-28T10:38:23.363+0000] {processor.py:914} INFO - Processing file /opt/airflow/dags/4-customoperator.py for tasks to queue
[2024-08-28T10:38:23.369+0000] {logging_mixin.py:190} INFO - [2024-08-28T10:38:23.368+0000] {dagbag.py:587} INFO - Filling up the DagBag from /opt/airflow/dags/4-customoperator.py
[2024-08-28T10:38:23.394+0000] {processor.py:925} INFO - DAG(s) 'customoperator' retrieved from /opt/airflow/dags/4-customoperator.py
[2024-08-28T10:38:23.500+0000] {logging_mixin.py:190} INFO - [2024-08-28T10:38:23.498+0000] {dag.py:3211} INFO - Sync 1 DAGs
[2024-08-28T10:38:23.582+0000] {logging_mixin.py:190} INFO - [2024-08-28T10:38:23.582+0000] {dag.py:4138} INFO - Setting next_dagrun for customoperator to None, run_after=None
[2024-08-28T10:38:23.634+0000] {processor.py:208} INFO - Processing /opt/airflow/dags/4-customoperator.py took 0.290 seconds
[2024-08-28T10:38:54.087+0000] {processor.py:186} INFO - Started process (PID=449) to work on /opt/airflow/dags/4-customoperator.py
[2024-08-28T10:38:54.110+0000] {processor.py:914} INFO - Processing file /opt/airflow/dags/4-customoperator.py for tasks to queue
[2024-08-28T10:38:54.115+0000] {logging_mixin.py:190} INFO - [2024-08-28T10:38:54.114+0000] {dagbag.py:587} INFO - Filling up the DagBag from /opt/airflow/dags/4-customoperator.py
[2024-08-28T10:38:54.136+0000] {processor.py:925} INFO - DAG(s) 'customoperator' retrieved from /opt/airflow/dags/4-customoperator.py
[2024-08-28T10:38:54.192+0000] {logging_mixin.py:190} INFO - [2024-08-28T10:38:54.192+0000] {dag.py:3211} INFO - Sync 1 DAGs
[2024-08-28T10:38:54.237+0000] {logging_mixin.py:190} INFO - [2024-08-28T10:38:54.237+0000] {dag.py:4138} INFO - Setting next_dagrun for customoperator to None, run_after=None
[2024-08-28T10:38:54.273+0000] {processor.py:208} INFO - Processing /opt/airflow/dags/4-customoperator.py took 0.199 seconds
[2024-08-28T10:39:24.604+0000] {processor.py:186} INFO - Started process (PID=460) to work on /opt/airflow/dags/4-customoperator.py
[2024-08-28T10:39:24.605+0000] {processor.py:914} INFO - Processing file /opt/airflow/dags/4-customoperator.py for tasks to queue
[2024-08-28T10:39:24.609+0000] {logging_mixin.py:190} INFO - [2024-08-28T10:39:24.609+0000] {dagbag.py:587} INFO - Filling up the DagBag from /opt/airflow/dags/4-customoperator.py
[2024-08-28T10:39:24.623+0000] {processor.py:925} INFO - DAG(s) 'customoperator' retrieved from /opt/airflow/dags/4-customoperator.py
[2024-08-28T10:39:24.675+0000] {logging_mixin.py:190} INFO - [2024-08-28T10:39:24.674+0000] {dag.py:3211} INFO - Sync 1 DAGs
[2024-08-28T10:39:24.728+0000] {logging_mixin.py:190} INFO - [2024-08-28T10:39:24.727+0000] {dag.py:4138} INFO - Setting next_dagrun for customoperator to None, run_after=None
[2024-08-28T10:39:24.768+0000] {processor.py:208} INFO - Processing /opt/airflow/dags/4-customoperator.py took 0.174 seconds
[2024-08-28T10:39:55.533+0000] {processor.py:186} INFO - Started process (PID=471) to work on /opt/airflow/dags/4-customoperator.py
[2024-08-28T10:39:55.579+0000] {processor.py:914} INFO - Processing file /opt/airflow/dags/4-customoperator.py for tasks to queue
[2024-08-28T10:39:55.583+0000] {logging_mixin.py:190} INFO - [2024-08-28T10:39:55.583+0000] {dagbag.py:587} INFO - Filling up the DagBag from /opt/airflow/dags/4-customoperator.py
[2024-08-28T10:39:55.605+0000] {processor.py:925} INFO - DAG(s) 'customoperator' retrieved from /opt/airflow/dags/4-customoperator.py
[2024-08-28T10:39:55.677+0000] {logging_mixin.py:190} INFO - [2024-08-28T10:39:55.676+0000] {dag.py:3211} INFO - Sync 1 DAGs
[2024-08-28T10:39:55.748+0000] {logging_mixin.py:190} INFO - [2024-08-28T10:39:55.747+0000] {dag.py:4138} INFO - Setting next_dagrun for customoperator to None, run_after=None
[2024-08-28T10:39:55.791+0000] {processor.py:208} INFO - Processing /opt/airflow/dags/4-customoperator.py took 0.273 seconds
[2024-08-28T10:40:26.084+0000] {processor.py:186} INFO - Started process (PID=483) to work on /opt/airflow/dags/4-customoperator.py
[2024-08-28T10:40:26.085+0000] {processor.py:914} INFO - Processing file /opt/airflow/dags/4-customoperator.py for tasks to queue
[2024-08-28T10:40:26.089+0000] {logging_mixin.py:190} INFO - [2024-08-28T10:40:26.089+0000] {dagbag.py:587} INFO - Filling up the DagBag from /opt/airflow/dags/4-customoperator.py
[2024-08-28T10:40:26.113+0000] {processor.py:925} INFO - DAG(s) 'customoperator' retrieved from /opt/airflow/dags/4-customoperator.py
[2024-08-28T10:40:26.178+0000] {logging_mixin.py:190} INFO - [2024-08-28T10:40:26.178+0000] {dag.py:3211} INFO - Sync 1 DAGs
[2024-08-28T10:40:26.238+0000] {logging_mixin.py:190} INFO - [2024-08-28T10:40:26.237+0000] {dag.py:4138} INFO - Setting next_dagrun for customoperator to None, run_after=None
[2024-08-28T10:40:26.284+0000] {processor.py:208} INFO - Processing /opt/airflow/dags/4-customoperator.py took 0.225 seconds
[2024-08-28T10:40:56.784+0000] {processor.py:186} INFO - Started process (PID=494) to work on /opt/airflow/dags/4-customoperator.py
[2024-08-28T10:40:56.816+0000] {processor.py:914} INFO - Processing file /opt/airflow/dags/4-customoperator.py for tasks to queue
[2024-08-28T10:40:56.820+0000] {logging_mixin.py:190} INFO - [2024-08-28T10:40:56.819+0000] {dagbag.py:587} INFO - Filling up the DagBag from /opt/airflow/dags/4-customoperator.py
[2024-08-28T10:40:56.834+0000] {processor.py:925} INFO - DAG(s) 'customoperator' retrieved from /opt/airflow/dags/4-customoperator.py
[2024-08-28T10:40:56.874+0000] {logging_mixin.py:190} INFO - [2024-08-28T10:40:56.874+0000] {dag.py:3211} INFO - Sync 1 DAGs
[2024-08-28T10:40:56.919+0000] {logging_mixin.py:190} INFO - [2024-08-28T10:40:56.918+0000] {dag.py:4138} INFO - Setting next_dagrun for customoperator to None, run_after=None
[2024-08-28T10:40:56.948+0000] {processor.py:208} INFO - Processing /opt/airflow/dags/4-customoperator.py took 0.173 seconds
[2024-08-28T10:41:27.659+0000] {processor.py:186} INFO - Started process (PID=506) to work on /opt/airflow/dags/4-customoperator.py
[2024-08-28T10:41:27.660+0000] {processor.py:914} INFO - Processing file /opt/airflow/dags/4-customoperator.py for tasks to queue
[2024-08-28T10:41:27.666+0000] {logging_mixin.py:190} INFO - [2024-08-28T10:41:27.665+0000] {dagbag.py:587} INFO - Filling up the DagBag from /opt/airflow/dags/4-customoperator.py
[2024-08-28T10:41:27.683+0000] {processor.py:925} INFO - DAG(s) 'customoperator' retrieved from /opt/airflow/dags/4-customoperator.py
[2024-08-28T10:41:27.736+0000] {logging_mixin.py:190} INFO - [2024-08-28T10:41:27.736+0000] {dag.py:3211} INFO - Sync 1 DAGs
[2024-08-28T10:41:27.801+0000] {logging_mixin.py:190} INFO - [2024-08-28T10:41:27.801+0000] {dag.py:4138} INFO - Setting next_dagrun for customoperator to None, run_after=None
[2024-08-28T10:41:27.835+0000] {processor.py:208} INFO - Processing /opt/airflow/dags/4-customoperator.py took 0.190 seconds
[2024-08-28T10:41:58.343+0000] {processor.py:186} INFO - Started process (PID=517) to work on /opt/airflow/dags/4-customoperator.py
[2024-08-28T10:41:58.344+0000] {processor.py:914} INFO - Processing file /opt/airflow/dags/4-customoperator.py for tasks to queue
[2024-08-28T10:41:58.349+0000] {logging_mixin.py:190} INFO - [2024-08-28T10:41:58.348+0000] {dagbag.py:587} INFO - Filling up the DagBag from /opt/airflow/dags/4-customoperator.py
[2024-08-28T10:41:58.361+0000] {processor.py:925} INFO - DAG(s) 'customoperator' retrieved from /opt/airflow/dags/4-customoperator.py
[2024-08-28T10:41:58.398+0000] {logging_mixin.py:190} INFO - [2024-08-28T10:41:58.397+0000] {dag.py:3211} INFO - Sync 1 DAGs
[2024-08-28T10:41:58.438+0000] {logging_mixin.py:190} INFO - [2024-08-28T10:41:58.438+0000] {dag.py:4138} INFO - Setting next_dagrun for customoperator to None, run_after=None
[2024-08-28T10:41:58.468+0000] {processor.py:208} INFO - Processing /opt/airflow/dags/4-customoperator.py took 0.136 seconds
[2024-08-28T10:42:29.009+0000] {processor.py:186} INFO - Started process (PID=529) to work on /opt/airflow/dags/4-customoperator.py
[2024-08-28T10:42:29.010+0000] {processor.py:914} INFO - Processing file /opt/airflow/dags/4-customoperator.py for tasks to queue
[2024-08-28T10:42:29.014+0000] {logging_mixin.py:190} INFO - [2024-08-28T10:42:29.013+0000] {dagbag.py:587} INFO - Filling up the DagBag from /opt/airflow/dags/4-customoperator.py
[2024-08-28T10:42:29.026+0000] {processor.py:925} INFO - DAG(s) 'customoperator' retrieved from /opt/airflow/dags/4-customoperator.py
[2024-08-28T10:42:29.068+0000] {logging_mixin.py:190} INFO - [2024-08-28T10:42:29.068+0000] {dag.py:3211} INFO - Sync 1 DAGs
[2024-08-28T10:42:29.114+0000] {logging_mixin.py:190} INFO - [2024-08-28T10:42:29.114+0000] {dag.py:4138} INFO - Setting next_dagrun for customoperator to None, run_after=None
[2024-08-28T10:42:29.146+0000] {processor.py:208} INFO - Processing /opt/airflow/dags/4-customoperator.py took 0.148 seconds
[2024-08-28T10:42:59.693+0000] {processor.py:186} INFO - Started process (PID=540) to work on /opt/airflow/dags/4-customoperator.py
[2024-08-28T10:42:59.705+0000] {processor.py:914} INFO - Processing file /opt/airflow/dags/4-customoperator.py for tasks to queue
[2024-08-28T10:42:59.709+0000] {logging_mixin.py:190} INFO - [2024-08-28T10:42:59.709+0000] {dagbag.py:587} INFO - Filling up the DagBag from /opt/airflow/dags/4-customoperator.py
[2024-08-28T10:42:59.722+0000] {processor.py:925} INFO - DAG(s) 'customoperator' retrieved from /opt/airflow/dags/4-customoperator.py
[2024-08-28T10:42:59.771+0000] {logging_mixin.py:190} INFO - [2024-08-28T10:42:59.770+0000] {dag.py:3211} INFO - Sync 1 DAGs
[2024-08-28T10:42:59.822+0000] {logging_mixin.py:190} INFO - [2024-08-28T10:42:59.821+0000] {dag.py:4138} INFO - Setting next_dagrun for customoperator to None, run_after=None
[2024-08-28T10:42:59.852+0000] {processor.py:208} INFO - Processing /opt/airflow/dags/4-customoperator.py took 0.170 seconds
[2024-08-28T10:43:30.577+0000] {processor.py:186} INFO - Started process (PID=552) to work on /opt/airflow/dags/4-customoperator.py
[2024-08-28T10:43:30.578+0000] {processor.py:914} INFO - Processing file /opt/airflow/dags/4-customoperator.py for tasks to queue
[2024-08-28T10:43:30.581+0000] {logging_mixin.py:190} INFO - [2024-08-28T10:43:30.580+0000] {dagbag.py:587} INFO - Filling up the DagBag from /opt/airflow/dags/4-customoperator.py
[2024-08-28T10:43:30.593+0000] {processor.py:925} INFO - DAG(s) 'customoperator' retrieved from /opt/airflow/dags/4-customoperator.py
[2024-08-28T10:43:30.632+0000] {logging_mixin.py:190} INFO - [2024-08-28T10:43:30.632+0000] {dag.py:3211} INFO - Sync 1 DAGs
[2024-08-28T10:43:30.672+0000] {logging_mixin.py:190} INFO - [2024-08-28T10:43:30.672+0000] {dag.py:4138} INFO - Setting next_dagrun for customoperator to None, run_after=None
[2024-08-28T10:43:30.698+0000] {processor.py:208} INFO - Processing /opt/airflow/dags/4-customoperator.py took 0.133 seconds
[2024-08-28T12:13:42.557+0000] {processor.py:186} INFO - Started process (PID=68) to work on /opt/airflow/dags/4-customoperator.py
[2024-08-28T12:13:42.585+0000] {processor.py:914} INFO - Processing file /opt/airflow/dags/4-customoperator.py for tasks to queue
[2024-08-28T12:13:42.590+0000] {logging_mixin.py:190} INFO - [2024-08-28T12:13:42.589+0000] {dagbag.py:587} INFO - Filling up the DagBag from /opt/airflow/dags/4-customoperator.py
[2024-08-28T12:13:42.640+0000] {processor.py:925} INFO - DAG(s) 'customoperator' retrieved from /opt/airflow/dags/4-customoperator.py
[2024-08-28T12:13:42.845+0000] {logging_mixin.py:190} INFO - [2024-08-28T12:13:42.844+0000] {dag.py:3211} INFO - Sync 1 DAGs
[2024-08-28T12:13:43.044+0000] {logging_mixin.py:190} INFO - [2024-08-28T12:13:43.044+0000] {dag.py:4138} INFO - Setting next_dagrun for customoperator to None, run_after=None
[2024-08-28T12:13:43.234+0000] {processor.py:208} INFO - Processing /opt/airflow/dags/4-customoperator.py took 0.702 seconds
[2024-08-28T12:14:14.190+0000] {processor.py:186} INFO - Started process (PID=80) to work on /opt/airflow/dags/4-customoperator.py
[2024-08-28T12:14:14.206+0000] {processor.py:914} INFO - Processing file /opt/airflow/dags/4-customoperator.py for tasks to queue
[2024-08-28T12:14:14.211+0000] {logging_mixin.py:190} INFO - [2024-08-28T12:14:14.210+0000] {dagbag.py:587} INFO - Filling up the DagBag from /opt/airflow/dags/4-customoperator.py
[2024-08-28T12:14:14.236+0000] {processor.py:925} INFO - DAG(s) 'customoperator' retrieved from /opt/airflow/dags/4-customoperator.py
[2024-08-28T12:14:14.307+0000] {logging_mixin.py:190} INFO - [2024-08-28T12:14:14.306+0000] {dag.py:3211} INFO - Sync 1 DAGs
[2024-08-28T12:14:14.368+0000] {logging_mixin.py:190} INFO - [2024-08-28T12:14:14.367+0000] {dag.py:4138} INFO - Setting next_dagrun for customoperator to None, run_after=None
[2024-08-28T12:14:14.406+0000] {processor.py:208} INFO - Processing /opt/airflow/dags/4-customoperator.py took 0.234 seconds
[2024-08-28T12:14:45.395+0000] {processor.py:186} INFO - Started process (PID=91) to work on /opt/airflow/dags/4-customoperator.py
[2024-08-28T12:14:45.464+0000] {processor.py:914} INFO - Processing file /opt/airflow/dags/4-customoperator.py for tasks to queue
[2024-08-28T12:14:45.469+0000] {logging_mixin.py:190} INFO - [2024-08-28T12:14:45.468+0000] {dagbag.py:587} INFO - Filling up the DagBag from /opt/airflow/dags/4-customoperator.py
[2024-08-28T12:14:45.493+0000] {processor.py:925} INFO - DAG(s) 'customoperator' retrieved from /opt/airflow/dags/4-customoperator.py
[2024-08-28T12:14:45.552+0000] {logging_mixin.py:190} INFO - [2024-08-28T12:14:45.552+0000] {dag.py:3211} INFO - Sync 1 DAGs
[2024-08-28T12:14:45.603+0000] {logging_mixin.py:190} INFO - [2024-08-28T12:14:45.603+0000] {dag.py:4138} INFO - Setting next_dagrun for customoperator to None, run_after=None
[2024-08-28T12:14:45.636+0000] {processor.py:208} INFO - Processing /opt/airflow/dags/4-customoperator.py took 0.252 seconds
[2024-08-28T12:15:15.912+0000] {processor.py:186} INFO - Started process (PID=103) to work on /opt/airflow/dags/4-customoperator.py
[2024-08-28T12:15:15.914+0000] {processor.py:914} INFO - Processing file /opt/airflow/dags/4-customoperator.py for tasks to queue
[2024-08-28T12:15:15.919+0000] {logging_mixin.py:190} INFO - [2024-08-28T12:15:15.919+0000] {dagbag.py:587} INFO - Filling up the DagBag from /opt/airflow/dags/4-customoperator.py
[2024-08-28T12:15:15.942+0000] {processor.py:925} INFO - DAG(s) 'customoperator' retrieved from /opt/airflow/dags/4-customoperator.py
[2024-08-28T12:15:15.998+0000] {logging_mixin.py:190} INFO - [2024-08-28T12:15:15.998+0000] {dag.py:3211} INFO - Sync 1 DAGs
[2024-08-28T12:15:16.051+0000] {logging_mixin.py:190} INFO - [2024-08-28T12:15:16.051+0000] {dag.py:4138} INFO - Setting next_dagrun for customoperator to None, run_after=None
[2024-08-28T12:15:16.092+0000] {processor.py:208} INFO - Processing /opt/airflow/dags/4-customoperator.py took 0.192 seconds
[2024-08-28T12:15:46.205+0000] {processor.py:186} INFO - Started process (PID=115) to work on /opt/airflow/dags/4-customoperator.py
[2024-08-28T12:15:46.246+0000] {processor.py:914} INFO - Processing file /opt/airflow/dags/4-customoperator.py for tasks to queue
[2024-08-28T12:15:46.252+0000] {logging_mixin.py:190} INFO - [2024-08-28T12:15:46.251+0000] {dagbag.py:587} INFO - Filling up the DagBag from /opt/airflow/dags/4-customoperator.py
[2024-08-28T12:15:46.282+0000] {processor.py:925} INFO - DAG(s) 'customoperator' retrieved from /opt/airflow/dags/4-customoperator.py
[2024-08-28T12:15:46.421+0000] {logging_mixin.py:190} INFO - [2024-08-28T12:15:46.420+0000] {dag.py:3211} INFO - Sync 1 DAGs
[2024-08-28T12:15:46.507+0000] {logging_mixin.py:190} INFO - [2024-08-28T12:15:46.507+0000] {dag.py:4138} INFO - Setting next_dagrun for customoperator to None, run_after=None
[2024-08-28T12:15:46.567+0000] {processor.py:208} INFO - Processing /opt/airflow/dags/4-customoperator.py took 0.380 seconds
[2024-08-28T12:16:16.899+0000] {processor.py:186} INFO - Started process (PID=127) to work on /opt/airflow/dags/4-customoperator.py
[2024-08-28T12:16:16.900+0000] {processor.py:914} INFO - Processing file /opt/airflow/dags/4-customoperator.py for tasks to queue
[2024-08-28T12:16:16.906+0000] {logging_mixin.py:190} INFO - [2024-08-28T12:16:16.904+0000] {dagbag.py:587} INFO - Filling up the DagBag from /opt/airflow/dags/4-customoperator.py
[2024-08-28T12:16:16.926+0000] {processor.py:925} INFO - DAG(s) 'customoperator' retrieved from /opt/airflow/dags/4-customoperator.py
[2024-08-28T12:16:16.996+0000] {logging_mixin.py:190} INFO - [2024-08-28T12:16:16.995+0000] {dag.py:3211} INFO - Sync 1 DAGs
[2024-08-28T12:16:17.279+0000] {logging_mixin.py:190} INFO - [2024-08-28T12:16:17.279+0000] {dag.py:4138} INFO - Setting next_dagrun for customoperator to None, run_after=None
[2024-08-28T12:16:17.322+0000] {processor.py:208} INFO - Processing /opt/airflow/dags/4-customoperator.py took 0.440 seconds
[2024-08-28T12:16:48.894+0000] {processor.py:186} INFO - Started process (PID=139) to work on /opt/airflow/dags/4-customoperator.py
[2024-08-28T12:16:48.937+0000] {processor.py:914} INFO - Processing file /opt/airflow/dags/4-customoperator.py for tasks to queue
[2024-08-28T12:16:48.949+0000] {logging_mixin.py:190} INFO - [2024-08-28T12:16:48.948+0000] {dagbag.py:587} INFO - Filling up the DagBag from /opt/airflow/dags/4-customoperator.py
[2024-08-28T12:16:48.969+0000] {processor.py:925} INFO - DAG(s) 'customoperator' retrieved from /opt/airflow/dags/4-customoperator.py
[2024-08-28T12:16:49.052+0000] {logging_mixin.py:190} INFO - [2024-08-28T12:16:49.051+0000] {dag.py:3211} INFO - Sync 1 DAGs
[2024-08-28T12:16:49.659+0000] {logging_mixin.py:190} INFO - [2024-08-28T12:16:49.658+0000] {dag.py:4138} INFO - Setting next_dagrun for customoperator to None, run_after=None
[2024-08-28T12:16:49.725+0000] {processor.py:208} INFO - Processing /opt/airflow/dags/4-customoperator.py took 0.875 seconds
[2024-08-28T12:17:20.288+0000] {processor.py:186} INFO - Started process (PID=151) to work on /opt/airflow/dags/4-customoperator.py
[2024-08-28T12:17:20.289+0000] {processor.py:914} INFO - Processing file /opt/airflow/dags/4-customoperator.py for tasks to queue
[2024-08-28T12:17:20.294+0000] {logging_mixin.py:190} INFO - [2024-08-28T12:17:20.293+0000] {dagbag.py:587} INFO - Filling up the DagBag from /opt/airflow/dags/4-customoperator.py
[2024-08-28T12:17:20.320+0000] {processor.py:925} INFO - DAG(s) 'customoperator' retrieved from /opt/airflow/dags/4-customoperator.py
[2024-08-28T12:17:20.621+0000] {logging_mixin.py:190} INFO - [2024-08-28T12:17:20.621+0000] {dag.py:3211} INFO - Sync 1 DAGs
[2024-08-28T12:17:20.658+0000] {logging_mixin.py:190} INFO - [2024-08-28T12:17:20.658+0000] {dag.py:4138} INFO - Setting next_dagrun for customoperator to None, run_after=None
[2024-08-28T12:17:20.681+0000] {processor.py:208} INFO - Processing /opt/airflow/dags/4-customoperator.py took 0.410 seconds
[2024-08-28T12:17:51.028+0000] {processor.py:186} INFO - Started process (PID=163) to work on /opt/airflow/dags/4-customoperator.py
[2024-08-28T12:17:51.069+0000] {processor.py:914} INFO - Processing file /opt/airflow/dags/4-customoperator.py for tasks to queue
[2024-08-28T12:17:51.072+0000] {logging_mixin.py:190} INFO - [2024-08-28T12:17:51.072+0000] {dagbag.py:587} INFO - Filling up the DagBag from /opt/airflow/dags/4-customoperator.py
[2024-08-28T12:17:51.314+0000] {processor.py:925} INFO - DAG(s) 'customoperator' retrieved from /opt/airflow/dags/4-customoperator.py
[2024-08-28T12:17:51.367+0000] {logging_mixin.py:190} INFO - [2024-08-28T12:17:51.366+0000] {dag.py:3211} INFO - Sync 1 DAGs
[2024-08-28T12:17:51.419+0000] {logging_mixin.py:190} INFO - [2024-08-28T12:17:51.419+0000] {dag.py:4138} INFO - Setting next_dagrun for customoperator to None, run_after=None
[2024-08-28T12:17:51.452+0000] {processor.py:208} INFO - Processing /opt/airflow/dags/4-customoperator.py took 0.436 seconds
