[2024-08-28T10:22:26.303+0000] {processor.py:186} INFO - Started process (PID=65) to work on /opt/airflow/dags/5.1-orchestration.py
[2024-08-28T10:22:26.304+0000] {processor.py:914} INFO - Processing file /opt/airflow/dags/5.1-orchestration.py for tasks to queue
[2024-08-28T10:22:26.308+0000] {logging_mixin.py:190} INFO - [2024-08-28T10:22:26.307+0000] {dagbag.py:587} INFO - Filling up the DagBag from /opt/airflow/dags/5.1-orchestration.py
[2024-08-28T10:22:26.333+0000] {processor.py:925} INFO - DAG(s) '5.1-orchestration' retrieved from /opt/airflow/dags/5.1-orchestration.py
[2024-08-28T10:22:26.381+0000] {logging_mixin.py:190} INFO - [2024-08-28T10:22:26.381+0000] {dag.py:3211} INFO - Sync 1 DAGs
[2024-08-28T10:22:26.444+0000] {logging_mixin.py:190} INFO - [2024-08-28T10:22:26.443+0000] {dag.py:4138} INFO - Setting next_dagrun for 5.1-orchestration to None, run_after=None
[2024-08-28T10:22:26.481+0000] {processor.py:208} INFO - Processing /opt/airflow/dags/5.1-orchestration.py took 0.190 seconds
[2024-08-28T10:22:57.209+0000] {processor.py:186} INFO - Started process (PID=76) to work on /opt/airflow/dags/5.1-orchestration.py
[2024-08-28T10:22:57.210+0000] {processor.py:914} INFO - Processing file /opt/airflow/dags/5.1-orchestration.py for tasks to queue
[2024-08-28T10:22:57.212+0000] {logging_mixin.py:190} INFO - [2024-08-28T10:22:57.212+0000] {dagbag.py:587} INFO - Filling up the DagBag from /opt/airflow/dags/5.1-orchestration.py
[2024-08-28T10:22:57.229+0000] {processor.py:925} INFO - DAG(s) '5.1-orchestration' retrieved from /opt/airflow/dags/5.1-orchestration.py
[2024-08-28T10:22:57.276+0000] {logging_mixin.py:190} INFO - [2024-08-28T10:22:57.276+0000] {dag.py:3211} INFO - Sync 1 DAGs
[2024-08-28T10:22:57.322+0000] {logging_mixin.py:190} INFO - [2024-08-28T10:22:57.322+0000] {dag.py:4138} INFO - Setting next_dagrun for 5.1-orchestration to None, run_after=None
[2024-08-28T10:22:57.348+0000] {processor.py:208} INFO - Processing /opt/airflow/dags/5.1-orchestration.py took 0.152 seconds
[2024-08-28T10:23:28.043+0000] {processor.py:186} INFO - Started process (PID=88) to work on /opt/airflow/dags/5.1-orchestration.py
[2024-08-28T10:23:28.043+0000] {processor.py:914} INFO - Processing file /opt/airflow/dags/5.1-orchestration.py for tasks to queue
[2024-08-28T10:23:28.046+0000] {logging_mixin.py:190} INFO - [2024-08-28T10:23:28.046+0000] {dagbag.py:587} INFO - Filling up the DagBag from /opt/airflow/dags/5.1-orchestration.py
[2024-08-28T10:23:28.063+0000] {processor.py:925} INFO - DAG(s) '5.1-orchestration' retrieved from /opt/airflow/dags/5.1-orchestration.py
[2024-08-28T10:23:28.109+0000] {logging_mixin.py:190} INFO - [2024-08-28T10:23:28.108+0000] {dag.py:3211} INFO - Sync 1 DAGs
[2024-08-28T10:23:28.158+0000] {logging_mixin.py:190} INFO - [2024-08-28T10:23:28.158+0000] {dag.py:4138} INFO - Setting next_dagrun for 5.1-orchestration to None, run_after=None
[2024-08-28T10:23:28.188+0000] {processor.py:208} INFO - Processing /opt/airflow/dags/5.1-orchestration.py took 0.155 seconds
[2024-08-28T10:23:58.868+0000] {processor.py:186} INFO - Started process (PID=100) to work on /opt/airflow/dags/5.1-orchestration.py
[2024-08-28T10:23:58.869+0000] {processor.py:914} INFO - Processing file /opt/airflow/dags/5.1-orchestration.py for tasks to queue
[2024-08-28T10:23:58.872+0000] {logging_mixin.py:190} INFO - [2024-08-28T10:23:58.871+0000] {dagbag.py:587} INFO - Filling up the DagBag from /opt/airflow/dags/5.1-orchestration.py
[2024-08-28T10:23:58.893+0000] {processor.py:925} INFO - DAG(s) '5.1-orchestration' retrieved from /opt/airflow/dags/5.1-orchestration.py
[2024-08-28T10:23:58.941+0000] {logging_mixin.py:190} INFO - [2024-08-28T10:23:58.941+0000] {dag.py:3211} INFO - Sync 1 DAGs
[2024-08-28T10:23:58.987+0000] {logging_mixin.py:190} INFO - [2024-08-28T10:23:58.986+0000] {dag.py:4138} INFO - Setting next_dagrun for 5.1-orchestration to None, run_after=None
[2024-08-28T10:23:59.014+0000] {processor.py:208} INFO - Processing /opt/airflow/dags/5.1-orchestration.py took 0.154 seconds
[2024-08-28T10:24:29.730+0000] {processor.py:186} INFO - Started process (PID=112) to work on /opt/airflow/dags/5.1-orchestration.py
[2024-08-28T10:24:29.731+0000] {processor.py:914} INFO - Processing file /opt/airflow/dags/5.1-orchestration.py for tasks to queue
[2024-08-28T10:24:29.734+0000] {logging_mixin.py:190} INFO - [2024-08-28T10:24:29.733+0000] {dagbag.py:587} INFO - Filling up the DagBag from /opt/airflow/dags/5.1-orchestration.py
[2024-08-28T10:24:29.750+0000] {processor.py:925} INFO - DAG(s) '5.1-orchestration' retrieved from /opt/airflow/dags/5.1-orchestration.py
[2024-08-28T10:24:29.796+0000] {logging_mixin.py:190} INFO - [2024-08-28T10:24:29.795+0000] {dag.py:3211} INFO - Sync 1 DAGs
[2024-08-28T10:24:29.847+0000] {logging_mixin.py:190} INFO - [2024-08-28T10:24:29.846+0000] {dag.py:4138} INFO - Setting next_dagrun for 5.1-orchestration to None, run_after=None
[2024-08-28T10:24:29.876+0000] {processor.py:208} INFO - Processing /opt/airflow/dags/5.1-orchestration.py took 0.158 seconds
[2024-08-28T10:25:00.755+0000] {processor.py:186} INFO - Started process (PID=123) to work on /opt/airflow/dags/5.1-orchestration.py
[2024-08-28T10:25:00.757+0000] {processor.py:914} INFO - Processing file /opt/airflow/dags/5.1-orchestration.py for tasks to queue
[2024-08-28T10:25:00.760+0000] {logging_mixin.py:190} INFO - [2024-08-28T10:25:00.760+0000] {dagbag.py:587} INFO - Filling up the DagBag from /opt/airflow/dags/5.1-orchestration.py
[2024-08-28T10:25:00.778+0000] {processor.py:925} INFO - DAG(s) '5.1-orchestration' retrieved from /opt/airflow/dags/5.1-orchestration.py
[2024-08-28T10:25:00.818+0000] {logging_mixin.py:190} INFO - [2024-08-28T10:25:00.817+0000] {dag.py:3211} INFO - Sync 1 DAGs
[2024-08-28T10:25:01.031+0000] {logging_mixin.py:190} INFO - [2024-08-28T10:25:01.031+0000] {dag.py:4138} INFO - Setting next_dagrun for 5.1-orchestration to None, run_after=None
[2024-08-28T10:25:01.070+0000] {processor.py:208} INFO - Processing /opt/airflow/dags/5.1-orchestration.py took 0.324 seconds
[2024-08-28T10:25:31.236+0000] {processor.py:186} INFO - Started process (PID=135) to work on /opt/airflow/dags/5.1-orchestration.py
[2024-08-28T10:25:31.237+0000] {processor.py:914} INFO - Processing file /opt/airflow/dags/5.1-orchestration.py for tasks to queue
[2024-08-28T10:25:31.240+0000] {logging_mixin.py:190} INFO - [2024-08-28T10:25:31.240+0000] {dagbag.py:587} INFO - Filling up the DagBag from /opt/airflow/dags/5.1-orchestration.py
[2024-08-28T10:25:31.259+0000] {processor.py:925} INFO - DAG(s) '5.1-orchestration' retrieved from /opt/airflow/dags/5.1-orchestration.py
[2024-08-28T10:25:31.303+0000] {logging_mixin.py:190} INFO - [2024-08-28T10:25:31.303+0000] {dag.py:3211} INFO - Sync 1 DAGs
[2024-08-28T10:25:31.577+0000] {logging_mixin.py:190} INFO - [2024-08-28T10:25:31.576+0000] {dag.py:4138} INFO - Setting next_dagrun for 5.1-orchestration to None, run_after=None
[2024-08-28T10:25:31.613+0000] {processor.py:208} INFO - Processing /opt/airflow/dags/5.1-orchestration.py took 0.388 seconds
[2024-08-28T10:26:01.749+0000] {processor.py:186} INFO - Started process (PID=147) to work on /opt/airflow/dags/5.1-orchestration.py
[2024-08-28T10:26:01.750+0000] {processor.py:914} INFO - Processing file /opt/airflow/dags/5.1-orchestration.py for tasks to queue
[2024-08-28T10:26:01.753+0000] {logging_mixin.py:190} INFO - [2024-08-28T10:26:01.753+0000] {dagbag.py:587} INFO - Filling up the DagBag from /opt/airflow/dags/5.1-orchestration.py
[2024-08-28T10:26:01.770+0000] {processor.py:925} INFO - DAG(s) '5.1-orchestration' retrieved from /opt/airflow/dags/5.1-orchestration.py
[2024-08-28T10:26:01.973+0000] {logging_mixin.py:190} INFO - [2024-08-28T10:26:01.973+0000] {dag.py:3211} INFO - Sync 1 DAGs
[2024-08-28T10:26:02.019+0000] {logging_mixin.py:190} INFO - [2024-08-28T10:26:02.019+0000] {dag.py:4138} INFO - Setting next_dagrun for 5.1-orchestration to None, run_after=None
[2024-08-28T10:26:02.047+0000] {processor.py:208} INFO - Processing /opt/airflow/dags/5.1-orchestration.py took 0.306 seconds
[2024-08-28T10:26:32.401+0000] {processor.py:186} INFO - Started process (PID=159) to work on /opt/airflow/dags/5.1-orchestration.py
[2024-08-28T10:26:32.402+0000] {processor.py:914} INFO - Processing file /opt/airflow/dags/5.1-orchestration.py for tasks to queue
[2024-08-28T10:26:32.405+0000] {logging_mixin.py:190} INFO - [2024-08-28T10:26:32.404+0000] {dagbag.py:587} INFO - Filling up the DagBag from /opt/airflow/dags/5.1-orchestration.py
[2024-08-28T10:26:32.572+0000] {processor.py:925} INFO - DAG(s) '5.1-orchestration' retrieved from /opt/airflow/dags/5.1-orchestration.py
[2024-08-28T10:26:32.620+0000] {logging_mixin.py:190} INFO - [2024-08-28T10:26:32.619+0000] {dag.py:3211} INFO - Sync 1 DAGs
[2024-08-28T10:26:32.660+0000] {logging_mixin.py:190} INFO - [2024-08-28T10:26:32.660+0000] {dag.py:4138} INFO - Setting next_dagrun for 5.1-orchestration to None, run_after=None
[2024-08-28T10:26:32.690+0000] {processor.py:208} INFO - Processing /opt/airflow/dags/5.1-orchestration.py took 0.297 seconds
[2024-08-28T10:27:03.119+0000] {processor.py:186} INFO - Started process (PID=171) to work on /opt/airflow/dags/5.1-orchestration.py
[2024-08-28T10:27:03.129+0000] {processor.py:914} INFO - Processing file /opt/airflow/dags/5.1-orchestration.py for tasks to queue
[2024-08-28T10:27:03.132+0000] {logging_mixin.py:190} INFO - [2024-08-28T10:27:03.131+0000] {dagbag.py:587} INFO - Filling up the DagBag from /opt/airflow/dags/5.1-orchestration.py
[2024-08-28T10:27:03.148+0000] {processor.py:925} INFO - DAG(s) '5.1-orchestration' retrieved from /opt/airflow/dags/5.1-orchestration.py
[2024-08-28T10:27:03.194+0000] {logging_mixin.py:190} INFO - [2024-08-28T10:27:03.193+0000] {dag.py:3211} INFO - Sync 1 DAGs
[2024-08-28T10:27:03.243+0000] {logging_mixin.py:190} INFO - [2024-08-28T10:27:03.242+0000] {dag.py:4138} INFO - Setting next_dagrun for 5.1-orchestration to None, run_after=None
[2024-08-28T10:27:03.274+0000] {processor.py:208} INFO - Processing /opt/airflow/dags/5.1-orchestration.py took 0.166 seconds
[2024-08-28T10:27:34.158+0000] {processor.py:186} INFO - Started process (PID=182) to work on /opt/airflow/dags/5.1-orchestration.py
[2024-08-28T10:27:34.160+0000] {processor.py:914} INFO - Processing file /opt/airflow/dags/5.1-orchestration.py for tasks to queue
[2024-08-28T10:27:34.163+0000] {logging_mixin.py:190} INFO - [2024-08-28T10:27:34.162+0000] {dagbag.py:587} INFO - Filling up the DagBag from /opt/airflow/dags/5.1-orchestration.py
[2024-08-28T10:27:34.179+0000] {processor.py:925} INFO - DAG(s) '5.1-orchestration' retrieved from /opt/airflow/dags/5.1-orchestration.py
[2024-08-28T10:27:34.228+0000] {logging_mixin.py:190} INFO - [2024-08-28T10:27:34.228+0000] {dag.py:3211} INFO - Sync 1 DAGs
[2024-08-28T10:27:34.278+0000] {logging_mixin.py:190} INFO - [2024-08-28T10:27:34.277+0000] {dag.py:4138} INFO - Setting next_dagrun for 5.1-orchestration to None, run_after=None
[2024-08-28T10:27:34.305+0000] {processor.py:208} INFO - Processing /opt/airflow/dags/5.1-orchestration.py took 0.157 seconds
[2024-08-28T10:28:05.020+0000] {processor.py:186} INFO - Started process (PID=193) to work on /opt/airflow/dags/5.1-orchestration.py
[2024-08-28T10:28:05.021+0000] {processor.py:914} INFO - Processing file /opt/airflow/dags/5.1-orchestration.py for tasks to queue
[2024-08-28T10:28:05.024+0000] {logging_mixin.py:190} INFO - [2024-08-28T10:28:05.023+0000] {dagbag.py:587} INFO - Filling up the DagBag from /opt/airflow/dags/5.1-orchestration.py
[2024-08-28T10:28:05.048+0000] {processor.py:925} INFO - DAG(s) '5.1-orchestration' retrieved from /opt/airflow/dags/5.1-orchestration.py
[2024-08-28T10:28:05.095+0000] {logging_mixin.py:190} INFO - [2024-08-28T10:28:05.094+0000] {dag.py:3211} INFO - Sync 1 DAGs
[2024-08-28T10:28:05.138+0000] {logging_mixin.py:190} INFO - [2024-08-28T10:28:05.138+0000] {dag.py:4138} INFO - Setting next_dagrun for 5.1-orchestration to None, run_after=None
[2024-08-28T10:28:05.165+0000] {processor.py:208} INFO - Processing /opt/airflow/dags/5.1-orchestration.py took 0.154 seconds
[2024-08-28T10:28:35.842+0000] {processor.py:186} INFO - Started process (PID=205) to work on /opt/airflow/dags/5.1-orchestration.py
[2024-08-28T10:28:35.843+0000] {processor.py:914} INFO - Processing file /opt/airflow/dags/5.1-orchestration.py for tasks to queue
[2024-08-28T10:28:35.846+0000] {logging_mixin.py:190} INFO - [2024-08-28T10:28:35.846+0000] {dagbag.py:587} INFO - Filling up the DagBag from /opt/airflow/dags/5.1-orchestration.py
[2024-08-28T10:28:35.864+0000] {processor.py:925} INFO - DAG(s) '5.1-orchestration' retrieved from /opt/airflow/dags/5.1-orchestration.py
[2024-08-28T10:28:35.910+0000] {logging_mixin.py:190} INFO - [2024-08-28T10:28:35.910+0000] {dag.py:3211} INFO - Sync 1 DAGs
[2024-08-28T10:28:35.962+0000] {logging_mixin.py:190} INFO - [2024-08-28T10:28:35.961+0000] {dag.py:4138} INFO - Setting next_dagrun for 5.1-orchestration to None, run_after=None
[2024-08-28T10:28:35.994+0000] {processor.py:208} INFO - Processing /opt/airflow/dags/5.1-orchestration.py took 0.162 seconds
[2024-08-28T10:29:06.682+0000] {processor.py:186} INFO - Started process (PID=216) to work on /opt/airflow/dags/5.1-orchestration.py
[2024-08-28T10:29:06.683+0000] {processor.py:914} INFO - Processing file /opt/airflow/dags/5.1-orchestration.py for tasks to queue
[2024-08-28T10:29:06.687+0000] {logging_mixin.py:190} INFO - [2024-08-28T10:29:06.686+0000] {dagbag.py:587} INFO - Filling up the DagBag from /opt/airflow/dags/5.1-orchestration.py
[2024-08-28T10:29:06.709+0000] {processor.py:925} INFO - DAG(s) '5.1-orchestration' retrieved from /opt/airflow/dags/5.1-orchestration.py
[2024-08-28T10:29:06.766+0000] {logging_mixin.py:190} INFO - [2024-08-28T10:29:06.766+0000] {dag.py:3211} INFO - Sync 1 DAGs
[2024-08-28T10:29:06.829+0000] {logging_mixin.py:190} INFO - [2024-08-28T10:29:06.829+0000] {dag.py:4138} INFO - Setting next_dagrun for 5.1-orchestration to None, run_after=None
[2024-08-28T10:29:06.865+0000] {processor.py:208} INFO - Processing /opt/airflow/dags/5.1-orchestration.py took 0.192 seconds
[2024-08-28T10:29:37.610+0000] {processor.py:186} INFO - Started process (PID=227) to work on /opt/airflow/dags/5.1-orchestration.py
[2024-08-28T10:29:37.611+0000] {processor.py:914} INFO - Processing file /opt/airflow/dags/5.1-orchestration.py for tasks to queue
[2024-08-28T10:29:37.615+0000] {logging_mixin.py:190} INFO - [2024-08-28T10:29:37.614+0000] {dagbag.py:587} INFO - Filling up the DagBag from /opt/airflow/dags/5.1-orchestration.py
[2024-08-28T10:29:37.684+0000] {processor.py:925} INFO - DAG(s) '5.1-orchestration' retrieved from /opt/airflow/dags/5.1-orchestration.py
[2024-08-28T10:29:37.743+0000] {logging_mixin.py:190} INFO - [2024-08-28T10:29:37.742+0000] {dag.py:3211} INFO - Sync 1 DAGs
[2024-08-28T10:29:37.821+0000] {logging_mixin.py:190} INFO - [2024-08-28T10:29:37.820+0000] {dag.py:4138} INFO - Setting next_dagrun for 5.1-orchestration to None, run_after=None
[2024-08-28T10:29:37.859+0000] {processor.py:208} INFO - Processing /opt/airflow/dags/5.1-orchestration.py took 0.262 seconds
[2024-08-28T10:30:08.726+0000] {processor.py:186} INFO - Started process (PID=245) to work on /opt/airflow/dags/5.1-orchestration.py
[2024-08-28T10:30:08.727+0000] {processor.py:914} INFO - Processing file /opt/airflow/dags/5.1-orchestration.py for tasks to queue
[2024-08-28T10:30:08.730+0000] {logging_mixin.py:190} INFO - [2024-08-28T10:30:08.730+0000] {dagbag.py:587} INFO - Filling up the DagBag from /opt/airflow/dags/5.1-orchestration.py
[2024-08-28T10:30:08.750+0000] {processor.py:925} INFO - DAG(s) '5.1-orchestration' retrieved from /opt/airflow/dags/5.1-orchestration.py
[2024-08-28T10:30:08.800+0000] {logging_mixin.py:190} INFO - [2024-08-28T10:30:08.800+0000] {dag.py:3211} INFO - Sync 1 DAGs
[2024-08-28T10:30:08.867+0000] {logging_mixin.py:190} INFO - [2024-08-28T10:30:08.867+0000] {dag.py:4138} INFO - Setting next_dagrun for 5.1-orchestration to None, run_after=None
[2024-08-28T10:30:08.917+0000] {processor.py:208} INFO - Processing /opt/airflow/dags/5.1-orchestration.py took 0.200 seconds
[2024-08-28T10:30:39.613+0000] {processor.py:186} INFO - Started process (PID=257) to work on /opt/airflow/dags/5.1-orchestration.py
[2024-08-28T10:30:39.614+0000] {processor.py:914} INFO - Processing file /opt/airflow/dags/5.1-orchestration.py for tasks to queue
[2024-08-28T10:30:39.618+0000] {logging_mixin.py:190} INFO - [2024-08-28T10:30:39.617+0000] {dagbag.py:587} INFO - Filling up the DagBag from /opt/airflow/dags/5.1-orchestration.py
[2024-08-28T10:30:39.637+0000] {processor.py:925} INFO - DAG(s) '5.1-orchestration' retrieved from /opt/airflow/dags/5.1-orchestration.py
[2024-08-28T10:30:39.679+0000] {logging_mixin.py:190} INFO - [2024-08-28T10:30:39.678+0000] {dag.py:3211} INFO - Sync 1 DAGs
[2024-08-28T10:30:39.721+0000] {logging_mixin.py:190} INFO - [2024-08-28T10:30:39.721+0000] {dag.py:4138} INFO - Setting next_dagrun for 5.1-orchestration to None, run_after=None
[2024-08-28T10:30:39.748+0000] {processor.py:208} INFO - Processing /opt/airflow/dags/5.1-orchestration.py took 0.148 seconds
[2024-08-28T10:31:10.449+0000] {processor.py:186} INFO - Started process (PID=269) to work on /opt/airflow/dags/5.1-orchestration.py
[2024-08-28T10:31:10.450+0000] {processor.py:914} INFO - Processing file /opt/airflow/dags/5.1-orchestration.py for tasks to queue
[2024-08-28T10:31:10.454+0000] {logging_mixin.py:190} INFO - [2024-08-28T10:31:10.453+0000] {dagbag.py:587} INFO - Filling up the DagBag from /opt/airflow/dags/5.1-orchestration.py
[2024-08-28T10:31:10.470+0000] {processor.py:925} INFO - DAG(s) '5.1-orchestration' retrieved from /opt/airflow/dags/5.1-orchestration.py
[2024-08-28T10:31:10.524+0000] {logging_mixin.py:190} INFO - [2024-08-28T10:31:10.523+0000] {dag.py:3211} INFO - Sync 1 DAGs
[2024-08-28T10:31:10.575+0000] {logging_mixin.py:190} INFO - [2024-08-28T10:31:10.574+0000] {dag.py:4138} INFO - Setting next_dagrun for 5.1-orchestration to None, run_after=None
[2024-08-28T10:31:10.602+0000] {processor.py:208} INFO - Processing /opt/airflow/dags/5.1-orchestration.py took 0.166 seconds
[2024-08-28T10:31:41.293+0000] {processor.py:186} INFO - Started process (PID=281) to work on /opt/airflow/dags/5.1-orchestration.py
[2024-08-28T10:31:41.294+0000] {processor.py:914} INFO - Processing file /opt/airflow/dags/5.1-orchestration.py for tasks to queue
[2024-08-28T10:31:41.297+0000] {logging_mixin.py:190} INFO - [2024-08-28T10:31:41.296+0000] {dagbag.py:587} INFO - Filling up the DagBag from /opt/airflow/dags/5.1-orchestration.py
[2024-08-28T10:31:41.314+0000] {processor.py:925} INFO - DAG(s) '5.1-orchestration' retrieved from /opt/airflow/dags/5.1-orchestration.py
[2024-08-28T10:31:41.364+0000] {logging_mixin.py:190} INFO - [2024-08-28T10:31:41.364+0000] {dag.py:3211} INFO - Sync 1 DAGs
[2024-08-28T10:31:41.415+0000] {logging_mixin.py:190} INFO - [2024-08-28T10:31:41.415+0000] {dag.py:4138} INFO - Setting next_dagrun for 5.1-orchestration to None, run_after=None
[2024-08-28T10:31:41.446+0000] {processor.py:208} INFO - Processing /opt/airflow/dags/5.1-orchestration.py took 0.163 seconds
[2024-08-28T10:32:12.122+0000] {processor.py:186} INFO - Started process (PID=294) to work on /opt/airflow/dags/5.1-orchestration.py
[2024-08-28T10:32:12.123+0000] {processor.py:914} INFO - Processing file /opt/airflow/dags/5.1-orchestration.py for tasks to queue
[2024-08-28T10:32:12.126+0000] {logging_mixin.py:190} INFO - [2024-08-28T10:32:12.125+0000] {dagbag.py:587} INFO - Filling up the DagBag from /opt/airflow/dags/5.1-orchestration.py
[2024-08-28T10:32:12.143+0000] {processor.py:925} INFO - DAG(s) '5.1-orchestration' retrieved from /opt/airflow/dags/5.1-orchestration.py
[2024-08-28T10:32:12.197+0000] {logging_mixin.py:190} INFO - [2024-08-28T10:32:12.196+0000] {dag.py:3211} INFO - Sync 1 DAGs
[2024-08-28T10:32:12.253+0000] {logging_mixin.py:190} INFO - [2024-08-28T10:32:12.253+0000] {dag.py:4138} INFO - Setting next_dagrun for 5.1-orchestration to None, run_after=None
[2024-08-28T10:32:12.286+0000] {processor.py:208} INFO - Processing /opt/airflow/dags/5.1-orchestration.py took 0.177 seconds
[2024-08-28T10:32:42.991+0000] {processor.py:186} INFO - Started process (PID=307) to work on /opt/airflow/dags/5.1-orchestration.py
[2024-08-28T10:32:42.992+0000] {processor.py:914} INFO - Processing file /opt/airflow/dags/5.1-orchestration.py for tasks to queue
[2024-08-28T10:32:42.995+0000] {logging_mixin.py:190} INFO - [2024-08-28T10:32:42.994+0000] {dagbag.py:587} INFO - Filling up the DagBag from /opt/airflow/dags/5.1-orchestration.py
[2024-08-28T10:32:43.013+0000] {processor.py:925} INFO - DAG(s) '5.1-orchestration' retrieved from /opt/airflow/dags/5.1-orchestration.py
[2024-08-28T10:32:43.053+0000] {logging_mixin.py:190} INFO - [2024-08-28T10:32:43.053+0000] {dag.py:3211} INFO - Sync 1 DAGs
[2024-08-28T10:32:43.093+0000] {logging_mixin.py:190} INFO - [2024-08-28T10:32:43.092+0000] {dag.py:4138} INFO - Setting next_dagrun for 5.1-orchestration to None, run_after=None
[2024-08-28T10:32:43.119+0000] {processor.py:208} INFO - Processing /opt/airflow/dags/5.1-orchestration.py took 0.139 seconds
[2024-08-28T10:33:13.789+0000] {processor.py:186} INFO - Started process (PID=319) to work on /opt/airflow/dags/5.1-orchestration.py
[2024-08-28T10:33:13.791+0000] {processor.py:914} INFO - Processing file /opt/airflow/dags/5.1-orchestration.py for tasks to queue
[2024-08-28T10:33:13.794+0000] {logging_mixin.py:190} INFO - [2024-08-28T10:33:13.794+0000] {dagbag.py:587} INFO - Filling up the DagBag from /opt/airflow/dags/5.1-orchestration.py
[2024-08-28T10:33:13.811+0000] {processor.py:925} INFO - DAG(s) '5.1-orchestration' retrieved from /opt/airflow/dags/5.1-orchestration.py
[2024-08-28T10:33:13.857+0000] {logging_mixin.py:190} INFO - [2024-08-28T10:33:13.856+0000] {dag.py:3211} INFO - Sync 1 DAGs
[2024-08-28T10:33:13.905+0000] {logging_mixin.py:190} INFO - [2024-08-28T10:33:13.904+0000] {dag.py:4138} INFO - Setting next_dagrun for 5.1-orchestration to None, run_after=None
[2024-08-28T10:33:13.933+0000] {processor.py:208} INFO - Processing /opt/airflow/dags/5.1-orchestration.py took 0.159 seconds
[2024-08-28T10:33:44.677+0000] {processor.py:186} INFO - Started process (PID=330) to work on /opt/airflow/dags/5.1-orchestration.py
[2024-08-28T10:33:44.679+0000] {processor.py:914} INFO - Processing file /opt/airflow/dags/5.1-orchestration.py for tasks to queue
[2024-08-28T10:33:44.684+0000] {logging_mixin.py:190} INFO - [2024-08-28T10:33:44.683+0000] {dagbag.py:587} INFO - Filling up the DagBag from /opt/airflow/dags/5.1-orchestration.py
[2024-08-28T10:33:44.711+0000] {processor.py:925} INFO - DAG(s) '5.1-orchestration' retrieved from /opt/airflow/dags/5.1-orchestration.py
[2024-08-28T10:33:44.754+0000] {logging_mixin.py:190} INFO - [2024-08-28T10:33:44.754+0000] {dag.py:3211} INFO - Sync 1 DAGs
[2024-08-28T10:33:44.838+0000] {logging_mixin.py:190} INFO - [2024-08-28T10:33:44.837+0000] {dag.py:4138} INFO - Setting next_dagrun for 5.1-orchestration to None, run_after=None
[2024-08-28T10:33:44.919+0000] {processor.py:208} INFO - Processing /opt/airflow/dags/5.1-orchestration.py took 0.255 seconds
[2024-08-28T10:34:15.807+0000] {processor.py:186} INFO - Started process (PID=341) to work on /opt/airflow/dags/5.1-orchestration.py
[2024-08-28T10:34:15.861+0000] {processor.py:914} INFO - Processing file /opt/airflow/dags/5.1-orchestration.py for tasks to queue
[2024-08-28T10:34:15.874+0000] {logging_mixin.py:190} INFO - [2024-08-28T10:34:15.873+0000] {dagbag.py:587} INFO - Filling up the DagBag from /opt/airflow/dags/5.1-orchestration.py
[2024-08-28T10:34:15.901+0000] {processor.py:925} INFO - DAG(s) '5.1-orchestration' retrieved from /opt/airflow/dags/5.1-orchestration.py
[2024-08-28T10:34:15.967+0000] {logging_mixin.py:190} INFO - [2024-08-28T10:34:15.966+0000] {dag.py:3211} INFO - Sync 1 DAGs
[2024-08-28T10:34:16.035+0000] {logging_mixin.py:190} INFO - [2024-08-28T10:34:16.035+0000] {dag.py:4138} INFO - Setting next_dagrun for 5.1-orchestration to None, run_after=None
[2024-08-28T10:34:16.073+0000] {processor.py:208} INFO - Processing /opt/airflow/dags/5.1-orchestration.py took 0.283 seconds
[2024-08-28T10:34:47.053+0000] {processor.py:186} INFO - Started process (PID=353) to work on /opt/airflow/dags/5.1-orchestration.py
[2024-08-28T10:34:47.054+0000] {processor.py:914} INFO - Processing file /opt/airflow/dags/5.1-orchestration.py for tasks to queue
[2024-08-28T10:34:47.063+0000] {logging_mixin.py:190} INFO - [2024-08-28T10:34:47.062+0000] {dagbag.py:587} INFO - Filling up the DagBag from /opt/airflow/dags/5.1-orchestration.py
[2024-08-28T10:34:47.116+0000] {processor.py:925} INFO - DAG(s) '5.1-orchestration' retrieved from /opt/airflow/dags/5.1-orchestration.py
[2024-08-28T10:34:47.239+0000] {logging_mixin.py:190} INFO - [2024-08-28T10:34:47.239+0000] {dag.py:3211} INFO - Sync 1 DAGs
[2024-08-28T10:34:47.315+0000] {logging_mixin.py:190} INFO - [2024-08-28T10:34:47.314+0000] {dag.py:4138} INFO - Setting next_dagrun for 5.1-orchestration to None, run_after=None
[2024-08-28T10:34:47.466+0000] {processor.py:208} INFO - Processing /opt/airflow/dags/5.1-orchestration.py took 0.436 seconds
[2024-08-28T10:35:18.481+0000] {processor.py:186} INFO - Started process (PID=365) to work on /opt/airflow/dags/5.1-orchestration.py
[2024-08-28T10:35:18.555+0000] {processor.py:914} INFO - Processing file /opt/airflow/dags/5.1-orchestration.py for tasks to queue
[2024-08-28T10:35:18.560+0000] {logging_mixin.py:190} INFO - [2024-08-28T10:35:18.559+0000] {dagbag.py:587} INFO - Filling up the DagBag from /opt/airflow/dags/5.1-orchestration.py
[2024-08-28T10:35:18.583+0000] {processor.py:925} INFO - DAG(s) '5.1-orchestration' retrieved from /opt/airflow/dags/5.1-orchestration.py
[2024-08-28T10:35:18.624+0000] {logging_mixin.py:190} INFO - [2024-08-28T10:35:18.624+0000] {dag.py:3211} INFO - Sync 1 DAGs
[2024-08-28T10:35:18.670+0000] {logging_mixin.py:190} INFO - [2024-08-28T10:35:18.669+0000] {dag.py:4138} INFO - Setting next_dagrun for 5.1-orchestration to None, run_after=None
[2024-08-28T10:35:18.703+0000] {processor.py:208} INFO - Processing /opt/airflow/dags/5.1-orchestration.py took 0.234 seconds
[2024-08-28T10:35:48.957+0000] {processor.py:186} INFO - Started process (PID=377) to work on /opt/airflow/dags/5.1-orchestration.py
[2024-08-28T10:35:49.023+0000] {processor.py:914} INFO - Processing file /opt/airflow/dags/5.1-orchestration.py for tasks to queue
[2024-08-28T10:35:49.029+0000] {logging_mixin.py:190} INFO - [2024-08-28T10:35:49.028+0000] {dagbag.py:587} INFO - Filling up the DagBag from /opt/airflow/dags/5.1-orchestration.py
[2024-08-28T10:35:49.061+0000] {processor.py:925} INFO - DAG(s) '5.1-orchestration' retrieved from /opt/airflow/dags/5.1-orchestration.py
[2024-08-28T10:35:49.121+0000] {logging_mixin.py:190} INFO - [2024-08-28T10:35:49.121+0000] {dag.py:3211} INFO - Sync 1 DAGs
[2024-08-28T10:35:49.180+0000] {logging_mixin.py:190} INFO - [2024-08-28T10:35:49.180+0000] {dag.py:4138} INFO - Setting next_dagrun for 5.1-orchestration to None, run_after=None
[2024-08-28T10:35:49.227+0000] {processor.py:208} INFO - Processing /opt/airflow/dags/5.1-orchestration.py took 0.286 seconds
[2024-08-28T10:36:19.802+0000] {processor.py:186} INFO - Started process (PID=389) to work on /opt/airflow/dags/5.1-orchestration.py
[2024-08-28T10:36:19.803+0000] {processor.py:914} INFO - Processing file /opt/airflow/dags/5.1-orchestration.py for tasks to queue
[2024-08-28T10:36:19.807+0000] {logging_mixin.py:190} INFO - [2024-08-28T10:36:19.806+0000] {dagbag.py:587} INFO - Filling up the DagBag from /opt/airflow/dags/5.1-orchestration.py
[2024-08-28T10:36:19.837+0000] {processor.py:925} INFO - DAG(s) '5.1-orchestration' retrieved from /opt/airflow/dags/5.1-orchestration.py
[2024-08-28T10:36:19.914+0000] {logging_mixin.py:190} INFO - [2024-08-28T10:36:19.914+0000] {dag.py:3211} INFO - Sync 1 DAGs
[2024-08-28T10:36:19.996+0000] {logging_mixin.py:190} INFO - [2024-08-28T10:36:19.995+0000] {dag.py:4138} INFO - Setting next_dagrun for 5.1-orchestration to None, run_after=None
[2024-08-28T10:36:20.041+0000] {processor.py:208} INFO - Processing /opt/airflow/dags/5.1-orchestration.py took 0.254 seconds
[2024-08-28T10:36:50.086+0000] {processor.py:186} INFO - Started process (PID=401) to work on /opt/airflow/dags/5.1-orchestration.py
[2024-08-28T10:36:50.173+0000] {processor.py:914} INFO - Processing file /opt/airflow/dags/5.1-orchestration.py for tasks to queue
[2024-08-28T10:36:50.179+0000] {logging_mixin.py:190} INFO - [2024-08-28T10:36:50.178+0000] {dagbag.py:587} INFO - Filling up the DagBag from /opt/airflow/dags/5.1-orchestration.py
[2024-08-28T10:36:50.210+0000] {processor.py:925} INFO - DAG(s) '5.1-orchestration' retrieved from /opt/airflow/dags/5.1-orchestration.py
[2024-08-28T10:36:50.309+0000] {logging_mixin.py:190} INFO - [2024-08-28T10:36:50.309+0000] {dag.py:3211} INFO - Sync 1 DAGs
[2024-08-28T10:36:50.412+0000] {logging_mixin.py:190} INFO - [2024-08-28T10:36:50.412+0000] {dag.py:4138} INFO - Setting next_dagrun for 5.1-orchestration to None, run_after=None
[2024-08-28T10:36:50.486+0000] {processor.py:208} INFO - Processing /opt/airflow/dags/5.1-orchestration.py took 0.417 seconds
[2024-08-28T10:37:21.324+0000] {processor.py:186} INFO - Started process (PID=412) to work on /opt/airflow/dags/5.1-orchestration.py
[2024-08-28T10:37:21.325+0000] {processor.py:914} INFO - Processing file /opt/airflow/dags/5.1-orchestration.py for tasks to queue
[2024-08-28T10:37:21.329+0000] {logging_mixin.py:190} INFO - [2024-08-28T10:37:21.329+0000] {dagbag.py:587} INFO - Filling up the DagBag from /opt/airflow/dags/5.1-orchestration.py
[2024-08-28T10:37:21.351+0000] {processor.py:925} INFO - DAG(s) '5.1-orchestration' retrieved from /opt/airflow/dags/5.1-orchestration.py
[2024-08-28T10:37:21.404+0000] {logging_mixin.py:190} INFO - [2024-08-28T10:37:21.403+0000] {dag.py:3211} INFO - Sync 1 DAGs
[2024-08-28T10:37:21.451+0000] {logging_mixin.py:190} INFO - [2024-08-28T10:37:21.450+0000] {dag.py:4138} INFO - Setting next_dagrun for 5.1-orchestration to None, run_after=None
[2024-08-28T10:37:21.491+0000] {processor.py:208} INFO - Processing /opt/airflow/dags/5.1-orchestration.py took 0.180 seconds
[2024-08-28T10:37:52.292+0000] {processor.py:186} INFO - Started process (PID=424) to work on /opt/airflow/dags/5.1-orchestration.py
[2024-08-28T10:37:52.314+0000] {processor.py:914} INFO - Processing file /opt/airflow/dags/5.1-orchestration.py for tasks to queue
[2024-08-28T10:37:52.319+0000] {logging_mixin.py:190} INFO - [2024-08-28T10:37:52.318+0000] {dagbag.py:587} INFO - Filling up the DagBag from /opt/airflow/dags/5.1-orchestration.py
[2024-08-28T10:37:52.347+0000] {processor.py:925} INFO - DAG(s) '5.1-orchestration' retrieved from /opt/airflow/dags/5.1-orchestration.py
[2024-08-28T10:37:52.422+0000] {logging_mixin.py:190} INFO - [2024-08-28T10:37:52.422+0000] {dag.py:3211} INFO - Sync 1 DAGs
[2024-08-28T10:37:52.494+0000] {logging_mixin.py:190} INFO - [2024-08-28T10:37:52.493+0000] {dag.py:4138} INFO - Setting next_dagrun for 5.1-orchestration to None, run_after=None
[2024-08-28T10:37:52.538+0000] {processor.py:208} INFO - Processing /opt/airflow/dags/5.1-orchestration.py took 0.263 seconds
[2024-08-28T10:38:23.351+0000] {processor.py:186} INFO - Started process (PID=437) to work on /opt/airflow/dags/5.1-orchestration.py
[2024-08-28T10:38:23.353+0000] {processor.py:914} INFO - Processing file /opt/airflow/dags/5.1-orchestration.py for tasks to queue
[2024-08-28T10:38:23.359+0000] {logging_mixin.py:190} INFO - [2024-08-28T10:38:23.358+0000] {dagbag.py:587} INFO - Filling up the DagBag from /opt/airflow/dags/5.1-orchestration.py
[2024-08-28T10:38:23.389+0000] {processor.py:925} INFO - DAG(s) '5.1-orchestration' retrieved from /opt/airflow/dags/5.1-orchestration.py
[2024-08-28T10:38:23.501+0000] {logging_mixin.py:190} INFO - [2024-08-28T10:38:23.501+0000] {dag.py:3211} INFO - Sync 1 DAGs
[2024-08-28T10:38:23.595+0000] {logging_mixin.py:190} INFO - [2024-08-28T10:38:23.594+0000] {dag.py:4138} INFO - Setting next_dagrun for 5.1-orchestration to None, run_after=None
[2024-08-28T10:38:23.635+0000] {processor.py:208} INFO - Processing /opt/airflow/dags/5.1-orchestration.py took 0.302 seconds
[2024-08-28T10:38:54.074+0000] {processor.py:186} INFO - Started process (PID=448) to work on /opt/airflow/dags/5.1-orchestration.py
[2024-08-28T10:38:54.097+0000] {processor.py:914} INFO - Processing file /opt/airflow/dags/5.1-orchestration.py for tasks to queue
[2024-08-28T10:38:54.101+0000] {logging_mixin.py:190} INFO - [2024-08-28T10:38:54.100+0000] {dagbag.py:587} INFO - Filling up the DagBag from /opt/airflow/dags/5.1-orchestration.py
[2024-08-28T10:38:54.136+0000] {processor.py:925} INFO - DAG(s) '5.1-orchestration' retrieved from /opt/airflow/dags/5.1-orchestration.py
[2024-08-28T10:38:54.196+0000] {logging_mixin.py:190} INFO - [2024-08-28T10:38:54.196+0000] {dag.py:3211} INFO - Sync 1 DAGs
[2024-08-28T10:38:54.244+0000] {logging_mixin.py:190} INFO - [2024-08-28T10:38:54.244+0000] {dag.py:4138} INFO - Setting next_dagrun for 5.1-orchestration to None, run_after=None
[2024-08-28T10:38:54.276+0000] {processor.py:208} INFO - Processing /opt/airflow/dags/5.1-orchestration.py took 0.215 seconds
[2024-08-28T10:39:24.597+0000] {processor.py:186} INFO - Started process (PID=459) to work on /opt/airflow/dags/5.1-orchestration.py
[2024-08-28T10:39:24.598+0000] {processor.py:914} INFO - Processing file /opt/airflow/dags/5.1-orchestration.py for tasks to queue
[2024-08-28T10:39:24.603+0000] {logging_mixin.py:190} INFO - [2024-08-28T10:39:24.602+0000] {dagbag.py:587} INFO - Filling up the DagBag from /opt/airflow/dags/5.1-orchestration.py
[2024-08-28T10:39:24.627+0000] {processor.py:925} INFO - DAG(s) '5.1-orchestration' retrieved from /opt/airflow/dags/5.1-orchestration.py
[2024-08-28T10:39:24.685+0000] {logging_mixin.py:190} INFO - [2024-08-28T10:39:24.684+0000] {dag.py:3211} INFO - Sync 1 DAGs
[2024-08-28T10:39:24.748+0000] {logging_mixin.py:190} INFO - [2024-08-28T10:39:24.747+0000] {dag.py:4138} INFO - Setting next_dagrun for 5.1-orchestration to None, run_after=None
[2024-08-28T10:39:24.786+0000] {processor.py:208} INFO - Processing /opt/airflow/dags/5.1-orchestration.py took 0.201 seconds
[2024-08-28T10:39:55.524+0000] {processor.py:186} INFO - Started process (PID=470) to work on /opt/airflow/dags/5.1-orchestration.py
[2024-08-28T10:39:55.551+0000] {processor.py:914} INFO - Processing file /opt/airflow/dags/5.1-orchestration.py for tasks to queue
[2024-08-28T10:39:55.557+0000] {logging_mixin.py:190} INFO - [2024-08-28T10:39:55.556+0000] {dagbag.py:587} INFO - Filling up the DagBag from /opt/airflow/dags/5.1-orchestration.py
[2024-08-28T10:39:55.593+0000] {processor.py:925} INFO - DAG(s) '5.1-orchestration' retrieved from /opt/airflow/dags/5.1-orchestration.py
[2024-08-28T10:39:55.669+0000] {logging_mixin.py:190} INFO - [2024-08-28T10:39:55.669+0000] {dag.py:3211} INFO - Sync 1 DAGs
[2024-08-28T10:39:55.744+0000] {logging_mixin.py:190} INFO - [2024-08-28T10:39:55.744+0000] {dag.py:4138} INFO - Setting next_dagrun for 5.1-orchestration to None, run_after=None
[2024-08-28T10:39:55.797+0000] {processor.py:208} INFO - Processing /opt/airflow/dags/5.1-orchestration.py took 0.288 seconds
[2024-08-28T10:40:26.079+0000] {processor.py:186} INFO - Started process (PID=482) to work on /opt/airflow/dags/5.1-orchestration.py
[2024-08-28T10:40:26.081+0000] {processor.py:914} INFO - Processing file /opt/airflow/dags/5.1-orchestration.py for tasks to queue
[2024-08-28T10:40:26.086+0000] {logging_mixin.py:190} INFO - [2024-08-28T10:40:26.085+0000] {dagbag.py:587} INFO - Filling up the DagBag from /opt/airflow/dags/5.1-orchestration.py
[2024-08-28T10:40:26.120+0000] {processor.py:925} INFO - DAG(s) '5.1-orchestration' retrieved from /opt/airflow/dags/5.1-orchestration.py
[2024-08-28T10:40:26.178+0000] {logging_mixin.py:190} INFO - [2024-08-28T10:40:26.178+0000] {dag.py:3211} INFO - Sync 1 DAGs
[2024-08-28T10:40:26.246+0000] {logging_mixin.py:190} INFO - [2024-08-28T10:40:26.245+0000] {dag.py:4138} INFO - Setting next_dagrun for 5.1-orchestration to None, run_after=None
[2024-08-28T10:40:26.286+0000] {processor.py:208} INFO - Processing /opt/airflow/dags/5.1-orchestration.py took 0.240 seconds
[2024-08-28T10:40:56.778+0000] {processor.py:186} INFO - Started process (PID=493) to work on /opt/airflow/dags/5.1-orchestration.py
[2024-08-28T10:40:56.800+0000] {processor.py:914} INFO - Processing file /opt/airflow/dags/5.1-orchestration.py for tasks to queue
[2024-08-28T10:40:56.803+0000] {logging_mixin.py:190} INFO - [2024-08-28T10:40:56.803+0000] {dagbag.py:587} INFO - Filling up the DagBag from /opt/airflow/dags/5.1-orchestration.py
[2024-08-28T10:40:56.822+0000] {processor.py:925} INFO - DAG(s) '5.1-orchestration' retrieved from /opt/airflow/dags/5.1-orchestration.py
[2024-08-28T10:40:56.865+0000] {logging_mixin.py:190} INFO - [2024-08-28T10:40:56.865+0000] {dag.py:3211} INFO - Sync 1 DAGs
[2024-08-28T10:40:56.911+0000] {logging_mixin.py:190} INFO - [2024-08-28T10:40:56.911+0000] {dag.py:4138} INFO - Setting next_dagrun for 5.1-orchestration to None, run_after=None
[2024-08-28T10:40:56.942+0000] {processor.py:208} INFO - Processing /opt/airflow/dags/5.1-orchestration.py took 0.174 seconds
[2024-08-28T10:41:27.646+0000] {processor.py:186} INFO - Started process (PID=505) to work on /opt/airflow/dags/5.1-orchestration.py
[2024-08-28T10:41:27.648+0000] {processor.py:914} INFO - Processing file /opt/airflow/dags/5.1-orchestration.py for tasks to queue
[2024-08-28T10:41:27.654+0000] {logging_mixin.py:190} INFO - [2024-08-28T10:41:27.653+0000] {dagbag.py:587} INFO - Filling up the DagBag from /opt/airflow/dags/5.1-orchestration.py
[2024-08-28T10:41:27.681+0000] {processor.py:925} INFO - DAG(s) '5.1-orchestration' retrieved from /opt/airflow/dags/5.1-orchestration.py
[2024-08-28T10:41:27.729+0000] {logging_mixin.py:190} INFO - [2024-08-28T10:41:27.728+0000] {dag.py:3211} INFO - Sync 1 DAGs
[2024-08-28T10:41:27.787+0000] {logging_mixin.py:190} INFO - [2024-08-28T10:41:27.786+0000] {dag.py:4138} INFO - Setting next_dagrun for 5.1-orchestration to None, run_after=None
[2024-08-28T10:41:27.823+0000] {processor.py:208} INFO - Processing /opt/airflow/dags/5.1-orchestration.py took 0.189 seconds
[2024-08-28T10:41:58.334+0000] {processor.py:186} INFO - Started process (PID=516) to work on /opt/airflow/dags/5.1-orchestration.py
[2024-08-28T10:41:58.335+0000] {processor.py:914} INFO - Processing file /opt/airflow/dags/5.1-orchestration.py for tasks to queue
[2024-08-28T10:41:58.339+0000] {logging_mixin.py:190} INFO - [2024-08-28T10:41:58.339+0000] {dagbag.py:587} INFO - Filling up the DagBag from /opt/airflow/dags/5.1-orchestration.py
[2024-08-28T10:41:58.358+0000] {processor.py:925} INFO - DAG(s) '5.1-orchestration' retrieved from /opt/airflow/dags/5.1-orchestration.py
[2024-08-28T10:41:58.398+0000] {logging_mixin.py:190} INFO - [2024-08-28T10:41:58.397+0000] {dag.py:3211} INFO - Sync 1 DAGs
[2024-08-28T10:41:58.442+0000] {logging_mixin.py:190} INFO - [2024-08-28T10:41:58.441+0000] {dag.py:4138} INFO - Setting next_dagrun for 5.1-orchestration to None, run_after=None
[2024-08-28T10:41:58.472+0000] {processor.py:208} INFO - Processing /opt/airflow/dags/5.1-orchestration.py took 0.148 seconds
[2024-08-28T10:42:28.999+0000] {processor.py:186} INFO - Started process (PID=528) to work on /opt/airflow/dags/5.1-orchestration.py
[2024-08-28T10:42:29.001+0000] {processor.py:914} INFO - Processing file /opt/airflow/dags/5.1-orchestration.py for tasks to queue
[2024-08-28T10:42:29.005+0000] {logging_mixin.py:190} INFO - [2024-08-28T10:42:29.004+0000] {dagbag.py:587} INFO - Filling up the DagBag from /opt/airflow/dags/5.1-orchestration.py
[2024-08-28T10:42:29.024+0000] {processor.py:925} INFO - DAG(s) '5.1-orchestration' retrieved from /opt/airflow/dags/5.1-orchestration.py
[2024-08-28T10:42:29.071+0000] {logging_mixin.py:190} INFO - [2024-08-28T10:42:29.071+0000] {dag.py:3211} INFO - Sync 1 DAGs
[2024-08-28T10:42:29.116+0000] {logging_mixin.py:190} INFO - [2024-08-28T10:42:29.116+0000] {dag.py:4138} INFO - Setting next_dagrun for 5.1-orchestration to None, run_after=None
[2024-08-28T10:42:29.148+0000] {processor.py:208} INFO - Processing /opt/airflow/dags/5.1-orchestration.py took 0.159 seconds
[2024-08-28T10:42:59.683+0000] {processor.py:186} INFO - Started process (PID=539) to work on /opt/airflow/dags/5.1-orchestration.py
[2024-08-28T10:42:59.705+0000] {processor.py:914} INFO - Processing file /opt/airflow/dags/5.1-orchestration.py for tasks to queue
[2024-08-28T10:42:59.710+0000] {logging_mixin.py:190} INFO - [2024-08-28T10:42:59.710+0000] {dagbag.py:587} INFO - Filling up the DagBag from /opt/airflow/dags/5.1-orchestration.py
[2024-08-28T10:42:59.729+0000] {processor.py:925} INFO - DAG(s) '5.1-orchestration' retrieved from /opt/airflow/dags/5.1-orchestration.py
[2024-08-28T10:42:59.782+0000] {logging_mixin.py:190} INFO - [2024-08-28T10:42:59.781+0000] {dag.py:3211} INFO - Sync 1 DAGs
[2024-08-28T10:42:59.834+0000] {logging_mixin.py:190} INFO - [2024-08-28T10:42:59.834+0000] {dag.py:4138} INFO - Setting next_dagrun for 5.1-orchestration to None, run_after=None
[2024-08-28T10:42:59.862+0000] {processor.py:208} INFO - Processing /opt/airflow/dags/5.1-orchestration.py took 0.189 seconds
[2024-08-28T10:43:30.567+0000] {processor.py:186} INFO - Started process (PID=551) to work on /opt/airflow/dags/5.1-orchestration.py
[2024-08-28T10:43:30.568+0000] {processor.py:914} INFO - Processing file /opt/airflow/dags/5.1-orchestration.py for tasks to queue
[2024-08-28T10:43:30.572+0000] {logging_mixin.py:190} INFO - [2024-08-28T10:43:30.572+0000] {dagbag.py:587} INFO - Filling up the DagBag from /opt/airflow/dags/5.1-orchestration.py
[2024-08-28T10:43:30.591+0000] {processor.py:925} INFO - DAG(s) '5.1-orchestration' retrieved from /opt/airflow/dags/5.1-orchestration.py
[2024-08-28T10:43:30.637+0000] {logging_mixin.py:190} INFO - [2024-08-28T10:43:30.637+0000] {dag.py:3211} INFO - Sync 1 DAGs
[2024-08-28T10:43:30.681+0000] {logging_mixin.py:190} INFO - [2024-08-28T10:43:30.680+0000] {dag.py:4138} INFO - Setting next_dagrun for 5.1-orchestration to None, run_after=None
[2024-08-28T10:43:30.708+0000] {processor.py:208} INFO - Processing /opt/airflow/dags/5.1-orchestration.py took 0.151 seconds
[2024-08-28T12:13:42.557+0000] {processor.py:186} INFO - Started process (PID=67) to work on /opt/airflow/dags/5.1-orchestration.py
[2024-08-28T12:13:42.596+0000] {processor.py:914} INFO - Processing file /opt/airflow/dags/5.1-orchestration.py for tasks to queue
[2024-08-28T12:13:42.603+0000] {logging_mixin.py:190} INFO - [2024-08-28T12:13:42.602+0000] {dagbag.py:587} INFO - Filling up the DagBag from /opt/airflow/dags/5.1-orchestration.py
[2024-08-28T12:13:42.693+0000] {processor.py:925} INFO - DAG(s) '5.1-orchestration' retrieved from /opt/airflow/dags/5.1-orchestration.py
[2024-08-28T12:13:42.929+0000] {logging_mixin.py:190} INFO - [2024-08-28T12:13:42.928+0000] {dag.py:3211} INFO - Sync 1 DAGs
[2024-08-28T12:13:43.183+0000] {logging_mixin.py:190} INFO - [2024-08-28T12:13:43.183+0000] {dag.py:4138} INFO - Setting next_dagrun for 5.1-orchestration to None, run_after=None
[2024-08-28T12:13:43.427+0000] {processor.py:208} INFO - Processing /opt/airflow/dags/5.1-orchestration.py took 0.937 seconds
[2024-08-28T12:14:14.195+0000] {processor.py:186} INFO - Started process (PID=79) to work on /opt/airflow/dags/5.1-orchestration.py
[2024-08-28T12:14:14.217+0000] {processor.py:914} INFO - Processing file /opt/airflow/dags/5.1-orchestration.py for tasks to queue
[2024-08-28T12:14:14.222+0000] {logging_mixin.py:190} INFO - [2024-08-28T12:14:14.221+0000] {dagbag.py:587} INFO - Filling up the DagBag from /opt/airflow/dags/5.1-orchestration.py
[2024-08-28T12:14:14.250+0000] {processor.py:925} INFO - DAG(s) '5.1-orchestration' retrieved from /opt/airflow/dags/5.1-orchestration.py
[2024-08-28T12:14:14.359+0000] {logging_mixin.py:190} INFO - [2024-08-28T12:14:14.358+0000] {dag.py:3211} INFO - Sync 1 DAGs
[2024-08-28T12:14:14.441+0000] {logging_mixin.py:190} INFO - [2024-08-28T12:14:14.441+0000] {dag.py:4138} INFO - Setting next_dagrun for 5.1-orchestration to None, run_after=None
[2024-08-28T12:14:14.482+0000] {processor.py:208} INFO - Processing /opt/airflow/dags/5.1-orchestration.py took 0.327 seconds
[2024-08-28T12:14:45.377+0000] {processor.py:186} INFO - Started process (PID=90) to work on /opt/airflow/dags/5.1-orchestration.py
[2024-08-28T12:14:45.464+0000] {processor.py:914} INFO - Processing file /opt/airflow/dags/5.1-orchestration.py for tasks to queue
[2024-08-28T12:14:45.468+0000] {logging_mixin.py:190} INFO - [2024-08-28T12:14:45.467+0000] {dagbag.py:587} INFO - Filling up the DagBag from /opt/airflow/dags/5.1-orchestration.py
[2024-08-28T12:14:45.500+0000] {processor.py:925} INFO - DAG(s) '5.1-orchestration' retrieved from /opt/airflow/dags/5.1-orchestration.py
[2024-08-28T12:14:45.556+0000] {logging_mixin.py:190} INFO - [2024-08-28T12:14:45.556+0000] {dag.py:3211} INFO - Sync 1 DAGs
[2024-08-28T12:14:45.613+0000] {logging_mixin.py:190} INFO - [2024-08-28T12:14:45.612+0000] {dag.py:4138} INFO - Setting next_dagrun for 5.1-orchestration to None, run_after=None
[2024-08-28T12:14:45.645+0000] {processor.py:208} INFO - Processing /opt/airflow/dags/5.1-orchestration.py took 0.281 seconds
[2024-08-28T12:15:15.907+0000] {processor.py:186} INFO - Started process (PID=102) to work on /opt/airflow/dags/5.1-orchestration.py
[2024-08-28T12:15:15.909+0000] {processor.py:914} INFO - Processing file /opt/airflow/dags/5.1-orchestration.py for tasks to queue
[2024-08-28T12:15:15.915+0000] {logging_mixin.py:190} INFO - [2024-08-28T12:15:15.914+0000] {dagbag.py:587} INFO - Filling up the DagBag from /opt/airflow/dags/5.1-orchestration.py
[2024-08-28T12:15:15.957+0000] {processor.py:925} INFO - DAG(s) '5.1-orchestration' retrieved from /opt/airflow/dags/5.1-orchestration.py
[2024-08-28T12:15:16.019+0000] {logging_mixin.py:190} INFO - [2024-08-28T12:15:16.018+0000] {dag.py:3211} INFO - Sync 1 DAGs
[2024-08-28T12:15:16.082+0000] {logging_mixin.py:190} INFO - [2024-08-28T12:15:16.082+0000] {dag.py:4138} INFO - Setting next_dagrun for 5.1-orchestration to None, run_after=None
[2024-08-28T12:15:16.136+0000] {processor.py:208} INFO - Processing /opt/airflow/dags/5.1-orchestration.py took 0.245 seconds
[2024-08-28T12:15:46.195+0000] {processor.py:186} INFO - Started process (PID=114) to work on /opt/airflow/dags/5.1-orchestration.py
[2024-08-28T12:15:46.221+0000] {processor.py:914} INFO - Processing file /opt/airflow/dags/5.1-orchestration.py for tasks to queue
[2024-08-28T12:15:46.227+0000] {logging_mixin.py:190} INFO - [2024-08-28T12:15:46.226+0000] {dagbag.py:587} INFO - Filling up the DagBag from /opt/airflow/dags/5.1-orchestration.py
[2024-08-28T12:15:46.263+0000] {processor.py:925} INFO - DAG(s) '5.1-orchestration' retrieved from /opt/airflow/dags/5.1-orchestration.py
[2024-08-28T12:15:46.346+0000] {logging_mixin.py:190} INFO - [2024-08-28T12:15:46.345+0000] {dag.py:3211} INFO - Sync 1 DAGs
[2024-08-28T12:15:46.465+0000] {logging_mixin.py:190} INFO - [2024-08-28T12:15:46.465+0000] {dag.py:4138} INFO - Setting next_dagrun for 5.1-orchestration to None, run_after=None
[2024-08-28T12:15:46.762+0000] {processor.py:208} INFO - Processing /opt/airflow/dags/5.1-orchestration.py took 0.589 seconds
[2024-08-28T12:16:16.850+0000] {processor.py:186} INFO - Started process (PID=126) to work on /opt/airflow/dags/5.1-orchestration.py
[2024-08-28T12:16:16.851+0000] {processor.py:914} INFO - Processing file /opt/airflow/dags/5.1-orchestration.py for tasks to queue
[2024-08-28T12:16:16.858+0000] {logging_mixin.py:190} INFO - [2024-08-28T12:16:16.857+0000] {dagbag.py:587} INFO - Filling up the DagBag from /opt/airflow/dags/5.1-orchestration.py
[2024-08-28T12:16:16.890+0000] {processor.py:925} INFO - DAG(s) '5.1-orchestration' retrieved from /opt/airflow/dags/5.1-orchestration.py
[2024-08-28T12:16:16.958+0000] {logging_mixin.py:190} INFO - [2024-08-28T12:16:16.957+0000] {dag.py:3211} INFO - Sync 1 DAGs
[2024-08-28T12:16:17.258+0000] {logging_mixin.py:190} INFO - [2024-08-28T12:16:17.258+0000] {dag.py:4138} INFO - Setting next_dagrun for 5.1-orchestration to None, run_after=None
[2024-08-28T12:16:17.303+0000] {processor.py:208} INFO - Processing /opt/airflow/dags/5.1-orchestration.py took 0.480 seconds
[2024-08-28T12:16:48.433+0000] {processor.py:186} INFO - Started process (PID=138) to work on /opt/airflow/dags/5.1-orchestration.py
[2024-08-28T12:16:48.486+0000] {processor.py:914} INFO - Processing file /opt/airflow/dags/5.1-orchestration.py for tasks to queue
[2024-08-28T12:16:48.491+0000] {logging_mixin.py:190} INFO - [2024-08-28T12:16:48.490+0000] {dagbag.py:587} INFO - Filling up the DagBag from /opt/airflow/dags/5.1-orchestration.py
[2024-08-28T12:16:48.542+0000] {processor.py:925} INFO - DAG(s) '5.1-orchestration' retrieved from /opt/airflow/dags/5.1-orchestration.py
[2024-08-28T12:16:48.753+0000] {logging_mixin.py:190} INFO - [2024-08-28T12:16:48.752+0000] {dag.py:3211} INFO - Sync 1 DAGs
[2024-08-28T12:16:49.248+0000] {logging_mixin.py:190} INFO - [2024-08-28T12:16:49.248+0000] {dag.py:4138} INFO - Setting next_dagrun for 5.1-orchestration to None, run_after=None
[2024-08-28T12:16:49.329+0000] {processor.py:208} INFO - Processing /opt/airflow/dags/5.1-orchestration.py took 0.912 seconds
[2024-08-28T12:17:19.736+0000] {processor.py:186} INFO - Started process (PID=150) to work on /opt/airflow/dags/5.1-orchestration.py
[2024-08-28T12:17:19.737+0000] {processor.py:914} INFO - Processing file /opt/airflow/dags/5.1-orchestration.py for tasks to queue
[2024-08-28T12:17:19.742+0000] {logging_mixin.py:190} INFO - [2024-08-28T12:17:19.741+0000] {dagbag.py:587} INFO - Filling up the DagBag from /opt/airflow/dags/5.1-orchestration.py
[2024-08-28T12:17:19.770+0000] {processor.py:925} INFO - DAG(s) '5.1-orchestration' retrieved from /opt/airflow/dags/5.1-orchestration.py
[2024-08-28T12:17:20.103+0000] {logging_mixin.py:190} INFO - [2024-08-28T12:17:20.099+0000] {dag.py:3211} INFO - Sync 1 DAGs
[2024-08-28T12:17:20.176+0000] {logging_mixin.py:190} INFO - [2024-08-28T12:17:20.176+0000] {dag.py:4138} INFO - Setting next_dagrun for 5.1-orchestration to None, run_after=None
[2024-08-28T12:17:20.221+0000] {processor.py:208} INFO - Processing /opt/airflow/dags/5.1-orchestration.py took 0.502 seconds
[2024-08-28T12:17:50.583+0000] {processor.py:186} INFO - Started process (PID=162) to work on /opt/airflow/dags/5.1-orchestration.py
[2024-08-28T12:17:50.613+0000] {processor.py:914} INFO - Processing file /opt/airflow/dags/5.1-orchestration.py for tasks to queue
[2024-08-28T12:17:50.618+0000] {logging_mixin.py:190} INFO - [2024-08-28T12:17:50.617+0000] {dagbag.py:587} INFO - Filling up the DagBag from /opt/airflow/dags/5.1-orchestration.py
[2024-08-28T12:17:50.854+0000] {processor.py:925} INFO - DAG(s) '5.1-orchestration' retrieved from /opt/airflow/dags/5.1-orchestration.py
[2024-08-28T12:17:50.897+0000] {logging_mixin.py:190} INFO - [2024-08-28T12:17:50.897+0000] {dag.py:3211} INFO - Sync 1 DAGs
[2024-08-28T12:17:50.945+0000] {logging_mixin.py:190} INFO - [2024-08-28T12:17:50.945+0000] {dag.py:4138} INFO - Setting next_dagrun for 5.1-orchestration to None, run_after=None
[2024-08-28T12:17:50.978+0000] {processor.py:208} INFO - Processing /opt/airflow/dags/5.1-orchestration.py took 0.409 seconds
