[2024-08-28T10:22:26.052+0000] {processor.py:186} INFO - Started process (PID=64) to work on /opt/airflow/dags/5.2-orchestration.py
[2024-08-28T10:22:26.053+0000] {processor.py:914} INFO - Processing file /opt/airflow/dags/5.2-orchestration.py for tasks to queue
[2024-08-28T10:22:26.058+0000] {logging_mixin.py:190} INFO - [2024-08-28T10:22:26.057+0000] {dagbag.py:587} INFO - Filling up the DagBag from /opt/airflow/dags/5.2-orchestration.py
[2024-08-28T10:22:26.085+0000] {processor.py:925} INFO - DAG(s) '5.2-orchestration' retrieved from /opt/airflow/dags/5.2-orchestration.py
[2024-08-28T10:22:26.152+0000] {logging_mixin.py:190} INFO - [2024-08-28T10:22:26.152+0000] {dag.py:3211} INFO - Sync 1 DAGs
[2024-08-28T10:22:26.215+0000] {logging_mixin.py:190} INFO - [2024-08-28T10:22:26.215+0000] {dag.py:4138} INFO - Setting next_dagrun for 5.2-orchestration to None, run_after=None
[2024-08-28T10:22:26.254+0000] {processor.py:208} INFO - Processing /opt/airflow/dags/5.2-orchestration.py took 0.218 seconds
[2024-08-28T10:22:57.042+0000] {processor.py:186} INFO - Started process (PID=75) to work on /opt/airflow/dags/5.2-orchestration.py
[2024-08-28T10:22:57.043+0000] {processor.py:914} INFO - Processing file /opt/airflow/dags/5.2-orchestration.py for tasks to queue
[2024-08-28T10:22:57.046+0000] {logging_mixin.py:190} INFO - [2024-08-28T10:22:57.045+0000] {dagbag.py:587} INFO - Filling up the DagBag from /opt/airflow/dags/5.2-orchestration.py
[2024-08-28T10:22:57.064+0000] {processor.py:925} INFO - DAG(s) '5.2-orchestration' retrieved from /opt/airflow/dags/5.2-orchestration.py
[2024-08-28T10:22:57.107+0000] {logging_mixin.py:190} INFO - [2024-08-28T10:22:57.106+0000] {dag.py:3211} INFO - Sync 1 DAGs
[2024-08-28T10:22:57.148+0000] {logging_mixin.py:190} INFO - [2024-08-28T10:22:57.147+0000] {dag.py:4138} INFO - Setting next_dagrun for 5.2-orchestration to None, run_after=None
[2024-08-28T10:22:57.176+0000] {processor.py:208} INFO - Processing /opt/airflow/dags/5.2-orchestration.py took 0.144 seconds
[2024-08-28T10:23:27.874+0000] {processor.py:186} INFO - Started process (PID=87) to work on /opt/airflow/dags/5.2-orchestration.py
[2024-08-28T10:23:27.876+0000] {processor.py:914} INFO - Processing file /opt/airflow/dags/5.2-orchestration.py for tasks to queue
[2024-08-28T10:23:27.878+0000] {logging_mixin.py:190} INFO - [2024-08-28T10:23:27.878+0000] {dagbag.py:587} INFO - Filling up the DagBag from /opt/airflow/dags/5.2-orchestration.py
[2024-08-28T10:23:27.896+0000] {processor.py:925} INFO - DAG(s) '5.2-orchestration' retrieved from /opt/airflow/dags/5.2-orchestration.py
[2024-08-28T10:23:27.935+0000] {logging_mixin.py:190} INFO - [2024-08-28T10:23:27.934+0000] {dag.py:3211} INFO - Sync 1 DAGs
[2024-08-28T10:23:27.982+0000] {logging_mixin.py:190} INFO - [2024-08-28T10:23:27.982+0000] {dag.py:4138} INFO - Setting next_dagrun for 5.2-orchestration to None, run_after=None
[2024-08-28T10:23:28.010+0000] {processor.py:208} INFO - Processing /opt/airflow/dags/5.2-orchestration.py took 0.145 seconds
[2024-08-28T10:23:58.706+0000] {processor.py:186} INFO - Started process (PID=99) to work on /opt/airflow/dags/5.2-orchestration.py
[2024-08-28T10:23:58.708+0000] {processor.py:914} INFO - Processing file /opt/airflow/dags/5.2-orchestration.py for tasks to queue
[2024-08-28T10:23:58.711+0000] {logging_mixin.py:190} INFO - [2024-08-28T10:23:58.710+0000] {dagbag.py:587} INFO - Filling up the DagBag from /opt/airflow/dags/5.2-orchestration.py
[2024-08-28T10:23:58.727+0000] {processor.py:925} INFO - DAG(s) '5.2-orchestration' retrieved from /opt/airflow/dags/5.2-orchestration.py
[2024-08-28T10:23:58.768+0000] {logging_mixin.py:190} INFO - [2024-08-28T10:23:58.767+0000] {dag.py:3211} INFO - Sync 1 DAGs
[2024-08-28T10:23:58.810+0000] {logging_mixin.py:190} INFO - [2024-08-28T10:23:58.810+0000] {dag.py:4138} INFO - Setting next_dagrun for 5.2-orchestration to None, run_after=None
[2024-08-28T10:23:58.842+0000] {processor.py:208} INFO - Processing /opt/airflow/dags/5.2-orchestration.py took 0.144 seconds
[2024-08-28T10:24:29.538+0000] {processor.py:186} INFO - Started process (PID=111) to work on /opt/airflow/dags/5.2-orchestration.py
[2024-08-28T10:24:29.539+0000] {processor.py:914} INFO - Processing file /opt/airflow/dags/5.2-orchestration.py for tasks to queue
[2024-08-28T10:24:29.542+0000] {logging_mixin.py:190} INFO - [2024-08-28T10:24:29.542+0000] {dagbag.py:587} INFO - Filling up the DagBag from /opt/airflow/dags/5.2-orchestration.py
[2024-08-28T10:24:29.560+0000] {processor.py:925} INFO - DAG(s) '5.2-orchestration' retrieved from /opt/airflow/dags/5.2-orchestration.py
[2024-08-28T10:24:29.611+0000] {logging_mixin.py:190} INFO - [2024-08-28T10:24:29.611+0000] {dag.py:3211} INFO - Sync 1 DAGs
[2024-08-28T10:24:29.663+0000] {logging_mixin.py:190} INFO - [2024-08-28T10:24:29.662+0000] {dag.py:4138} INFO - Setting next_dagrun for 5.2-orchestration to None, run_after=None
[2024-08-28T10:24:29.695+0000] {processor.py:208} INFO - Processing /opt/airflow/dags/5.2-orchestration.py took 0.166 seconds
[2024-08-28T10:25:00.425+0000] {processor.py:186} INFO - Started process (PID=122) to work on /opt/airflow/dags/5.2-orchestration.py
[2024-08-28T10:25:00.426+0000] {processor.py:914} INFO - Processing file /opt/airflow/dags/5.2-orchestration.py for tasks to queue
[2024-08-28T10:25:00.431+0000] {logging_mixin.py:190} INFO - [2024-08-28T10:25:00.431+0000] {dagbag.py:587} INFO - Filling up the DagBag from /opt/airflow/dags/5.2-orchestration.py
[2024-08-28T10:25:00.456+0000] {processor.py:925} INFO - DAG(s) '5.2-orchestration' retrieved from /opt/airflow/dags/5.2-orchestration.py
[2024-08-28T10:25:00.512+0000] {logging_mixin.py:190} INFO - [2024-08-28T10:25:00.511+0000] {dag.py:3211} INFO - Sync 1 DAGs
[2024-08-28T10:25:00.792+0000] {logging_mixin.py:190} INFO - [2024-08-28T10:25:00.791+0000] {dag.py:4138} INFO - Setting next_dagrun for 5.2-orchestration to None, run_after=None
[2024-08-28T10:25:00.827+0000] {processor.py:208} INFO - Processing /opt/airflow/dags/5.2-orchestration.py took 0.416 seconds
[2024-08-28T10:25:30.903+0000] {processor.py:186} INFO - Started process (PID=134) to work on /opt/airflow/dags/5.2-orchestration.py
[2024-08-28T10:25:30.904+0000] {processor.py:914} INFO - Processing file /opt/airflow/dags/5.2-orchestration.py for tasks to queue
[2024-08-28T10:25:30.908+0000] {logging_mixin.py:190} INFO - [2024-08-28T10:25:30.908+0000] {dagbag.py:587} INFO - Filling up the DagBag from /opt/airflow/dags/5.2-orchestration.py
[2024-08-28T10:25:30.933+0000] {processor.py:925} INFO - DAG(s) '5.2-orchestration' retrieved from /opt/airflow/dags/5.2-orchestration.py
[2024-08-28T10:25:30.988+0000] {logging_mixin.py:190} INFO - [2024-08-28T10:25:30.987+0000] {dag.py:3211} INFO - Sync 1 DAGs
[2024-08-28T10:25:31.264+0000] {logging_mixin.py:190} INFO - [2024-08-28T10:25:31.263+0000] {dag.py:4138} INFO - Setting next_dagrun for 5.2-orchestration to None, run_after=None
[2024-08-28T10:25:31.297+0000] {processor.py:208} INFO - Processing /opt/airflow/dags/5.2-orchestration.py took 0.408 seconds
[2024-08-28T10:26:01.411+0000] {processor.py:186} INFO - Started process (PID=146) to work on /opt/airflow/dags/5.2-orchestration.py
[2024-08-28T10:26:01.412+0000] {processor.py:914} INFO - Processing file /opt/airflow/dags/5.2-orchestration.py for tasks to queue
[2024-08-28T10:26:01.415+0000] {logging_mixin.py:190} INFO - [2024-08-28T10:26:01.414+0000] {dagbag.py:587} INFO - Filling up the DagBag from /opt/airflow/dags/5.2-orchestration.py
[2024-08-28T10:26:01.431+0000] {processor.py:925} INFO - DAG(s) '5.2-orchestration' retrieved from /opt/airflow/dags/5.2-orchestration.py
[2024-08-28T10:26:01.646+0000] {logging_mixin.py:190} INFO - [2024-08-28T10:26:01.646+0000] {dag.py:3211} INFO - Sync 1 DAGs
[2024-08-28T10:26:01.683+0000] {logging_mixin.py:190} INFO - [2024-08-28T10:26:01.683+0000] {dag.py:4138} INFO - Setting next_dagrun for 5.2-orchestration to None, run_after=None
[2024-08-28T10:26:01.707+0000] {processor.py:208} INFO - Processing /opt/airflow/dags/5.2-orchestration.py took 0.307 seconds
[2024-08-28T10:26:32.063+0000] {processor.py:186} INFO - Started process (PID=158) to work on /opt/airflow/dags/5.2-orchestration.py
[2024-08-28T10:26:32.065+0000] {processor.py:914} INFO - Processing file /opt/airflow/dags/5.2-orchestration.py for tasks to queue
[2024-08-28T10:26:32.068+0000] {logging_mixin.py:190} INFO - [2024-08-28T10:26:32.067+0000] {dagbag.py:587} INFO - Filling up the DagBag from /opt/airflow/dags/5.2-orchestration.py
[2024-08-28T10:26:32.263+0000] {processor.py:925} INFO - DAG(s) '5.2-orchestration' retrieved from /opt/airflow/dags/5.2-orchestration.py
[2024-08-28T10:26:32.302+0000] {logging_mixin.py:190} INFO - [2024-08-28T10:26:32.301+0000] {dag.py:3211} INFO - Sync 1 DAGs
[2024-08-28T10:26:32.346+0000] {logging_mixin.py:190} INFO - [2024-08-28T10:26:32.345+0000] {dag.py:4138} INFO - Setting next_dagrun for 5.2-orchestration to None, run_after=None
[2024-08-28T10:26:32.376+0000] {processor.py:208} INFO - Processing /opt/airflow/dags/5.2-orchestration.py took 0.322 seconds
[2024-08-28T10:27:02.945+0000] {processor.py:186} INFO - Started process (PID=170) to work on /opt/airflow/dags/5.2-orchestration.py
[2024-08-28T10:27:02.946+0000] {processor.py:914} INFO - Processing file /opt/airflow/dags/5.2-orchestration.py for tasks to queue
[2024-08-28T10:27:02.949+0000] {logging_mixin.py:190} INFO - [2024-08-28T10:27:02.948+0000] {dagbag.py:587} INFO - Filling up the DagBag from /opt/airflow/dags/5.2-orchestration.py
[2024-08-28T10:27:02.966+0000] {processor.py:925} INFO - DAG(s) '5.2-orchestration' retrieved from /opt/airflow/dags/5.2-orchestration.py
[2024-08-28T10:27:03.009+0000] {logging_mixin.py:190} INFO - [2024-08-28T10:27:03.008+0000] {dag.py:3211} INFO - Sync 1 DAGs
[2024-08-28T10:27:03.058+0000] {logging_mixin.py:190} INFO - [2024-08-28T10:27:03.058+0000] {dag.py:4138} INFO - Setting next_dagrun for 5.2-orchestration to None, run_after=None
[2024-08-28T10:27:03.087+0000] {processor.py:208} INFO - Processing /opt/airflow/dags/5.2-orchestration.py took 0.151 seconds
[2024-08-28T10:27:33.995+0000] {processor.py:186} INFO - Started process (PID=181) to work on /opt/airflow/dags/5.2-orchestration.py
[2024-08-28T10:27:33.996+0000] {processor.py:914} INFO - Processing file /opt/airflow/dags/5.2-orchestration.py for tasks to queue
[2024-08-28T10:27:34.000+0000] {logging_mixin.py:190} INFO - [2024-08-28T10:27:34.000+0000] {dagbag.py:587} INFO - Filling up the DagBag from /opt/airflow/dags/5.2-orchestration.py
[2024-08-28T10:27:34.017+0000] {processor.py:925} INFO - DAG(s) '5.2-orchestration' retrieved from /opt/airflow/dags/5.2-orchestration.py
[2024-08-28T10:27:34.058+0000] {logging_mixin.py:190} INFO - [2024-08-28T10:27:34.058+0000] {dag.py:3211} INFO - Sync 1 DAGs
[2024-08-28T10:27:34.100+0000] {logging_mixin.py:190} INFO - [2024-08-28T10:27:34.099+0000] {dag.py:4138} INFO - Setting next_dagrun for 5.2-orchestration to None, run_after=None
[2024-08-28T10:27:34.129+0000] {processor.py:208} INFO - Processing /opt/airflow/dags/5.2-orchestration.py took 0.145 seconds
[2024-08-28T10:28:04.837+0000] {processor.py:186} INFO - Started process (PID=192) to work on /opt/airflow/dags/5.2-orchestration.py
[2024-08-28T10:28:04.838+0000] {processor.py:914} INFO - Processing file /opt/airflow/dags/5.2-orchestration.py for tasks to queue
[2024-08-28T10:28:04.841+0000] {logging_mixin.py:190} INFO - [2024-08-28T10:28:04.841+0000] {dagbag.py:587} INFO - Filling up the DagBag from /opt/airflow/dags/5.2-orchestration.py
[2024-08-28T10:28:04.860+0000] {processor.py:925} INFO - DAG(s) '5.2-orchestration' retrieved from /opt/airflow/dags/5.2-orchestration.py
[2024-08-28T10:28:04.910+0000] {logging_mixin.py:190} INFO - [2024-08-28T10:28:04.910+0000] {dag.py:3211} INFO - Sync 1 DAGs
[2024-08-28T10:28:04.964+0000] {logging_mixin.py:190} INFO - [2024-08-28T10:28:04.964+0000] {dag.py:4138} INFO - Setting next_dagrun for 5.2-orchestration to None, run_after=None
[2024-08-28T10:28:04.995+0000] {processor.py:208} INFO - Processing /opt/airflow/dags/5.2-orchestration.py took 0.168 seconds
[2024-08-28T10:28:35.691+0000] {processor.py:186} INFO - Started process (PID=204) to work on /opt/airflow/dags/5.2-orchestration.py
[2024-08-28T10:28:35.692+0000] {processor.py:914} INFO - Processing file /opt/airflow/dags/5.2-orchestration.py for tasks to queue
[2024-08-28T10:28:35.695+0000] {logging_mixin.py:190} INFO - [2024-08-28T10:28:35.694+0000] {dagbag.py:587} INFO - Filling up the DagBag from /opt/airflow/dags/5.2-orchestration.py
[2024-08-28T10:28:35.712+0000] {processor.py:925} INFO - DAG(s) '5.2-orchestration' retrieved from /opt/airflow/dags/5.2-orchestration.py
[2024-08-28T10:28:35.751+0000] {logging_mixin.py:190} INFO - [2024-08-28T10:28:35.751+0000] {dag.py:3211} INFO - Sync 1 DAGs
[2024-08-28T10:28:35.792+0000] {logging_mixin.py:190} INFO - [2024-08-28T10:28:35.792+0000] {dag.py:4138} INFO - Setting next_dagrun for 5.2-orchestration to None, run_after=None
[2024-08-28T10:28:35.819+0000] {processor.py:208} INFO - Processing /opt/airflow/dags/5.2-orchestration.py took 0.138 seconds
[2024-08-28T10:29:06.532+0000] {processor.py:186} INFO - Started process (PID=215) to work on /opt/airflow/dags/5.2-orchestration.py
[2024-08-28T10:29:06.533+0000] {processor.py:914} INFO - Processing file /opt/airflow/dags/5.2-orchestration.py for tasks to queue
[2024-08-28T10:29:06.538+0000] {logging_mixin.py:190} INFO - [2024-08-28T10:29:06.538+0000] {dagbag.py:587} INFO - Filling up the DagBag from /opt/airflow/dags/5.2-orchestration.py
[2024-08-28T10:29:06.562+0000] {processor.py:925} INFO - DAG(s) '5.2-orchestration' retrieved from /opt/airflow/dags/5.2-orchestration.py
[2024-08-28T10:29:06.618+0000] {logging_mixin.py:190} INFO - [2024-08-28T10:29:06.617+0000] {dag.py:3211} INFO - Sync 1 DAGs
[2024-08-28T10:29:06.679+0000] {logging_mixin.py:190} INFO - [2024-08-28T10:29:06.679+0000] {dag.py:4138} INFO - Setting next_dagrun for 5.2-orchestration to None, run_after=None
[2024-08-28T10:29:06.716+0000] {processor.py:208} INFO - Processing /opt/airflow/dags/5.2-orchestration.py took 0.198 seconds
[2024-08-28T10:29:37.412+0000] {processor.py:186} INFO - Started process (PID=226) to work on /opt/airflow/dags/5.2-orchestration.py
[2024-08-28T10:29:37.414+0000] {processor.py:914} INFO - Processing file /opt/airflow/dags/5.2-orchestration.py for tasks to queue
[2024-08-28T10:29:37.420+0000] {logging_mixin.py:190} INFO - [2024-08-28T10:29:37.419+0000] {dagbag.py:587} INFO - Filling up the DagBag from /opt/airflow/dags/5.2-orchestration.py
[2024-08-28T10:29:37.444+0000] {processor.py:925} INFO - DAG(s) '5.2-orchestration' retrieved from /opt/airflow/dags/5.2-orchestration.py
[2024-08-28T10:29:37.503+0000] {logging_mixin.py:190} INFO - [2024-08-28T10:29:37.503+0000] {dag.py:3211} INFO - Sync 1 DAGs
[2024-08-28T10:29:37.559+0000] {logging_mixin.py:190} INFO - [2024-08-28T10:29:37.558+0000] {dag.py:4138} INFO - Setting next_dagrun for 5.2-orchestration to None, run_after=None
[2024-08-28T10:29:37.586+0000] {processor.py:208} INFO - Processing /opt/airflow/dags/5.2-orchestration.py took 0.187 seconds
[2024-08-28T10:30:08.574+0000] {processor.py:186} INFO - Started process (PID=244) to work on /opt/airflow/dags/5.2-orchestration.py
[2024-08-28T10:30:08.575+0000] {processor.py:914} INFO - Processing file /opt/airflow/dags/5.2-orchestration.py for tasks to queue
[2024-08-28T10:30:08.579+0000] {logging_mixin.py:190} INFO - [2024-08-28T10:30:08.579+0000] {dagbag.py:587} INFO - Filling up the DagBag from /opt/airflow/dags/5.2-orchestration.py
[2024-08-28T10:30:08.604+0000] {processor.py:925} INFO - DAG(s) '5.2-orchestration' retrieved from /opt/airflow/dags/5.2-orchestration.py
[2024-08-28T10:30:08.661+0000] {logging_mixin.py:190} INFO - [2024-08-28T10:30:08.660+0000] {dag.py:3211} INFO - Sync 1 DAGs
[2024-08-28T10:30:08.724+0000] {logging_mixin.py:190} INFO - [2024-08-28T10:30:08.724+0000] {dag.py:4138} INFO - Setting next_dagrun for 5.2-orchestration to None, run_after=None
[2024-08-28T10:30:08.762+0000] {processor.py:208} INFO - Processing /opt/airflow/dags/5.2-orchestration.py took 0.203 seconds
[2024-08-28T10:30:39.442+0000] {processor.py:186} INFO - Started process (PID=256) to work on /opt/airflow/dags/5.2-orchestration.py
[2024-08-28T10:30:39.458+0000] {processor.py:914} INFO - Processing file /opt/airflow/dags/5.2-orchestration.py for tasks to queue
[2024-08-28T10:30:39.462+0000] {logging_mixin.py:190} INFO - [2024-08-28T10:30:39.461+0000] {dagbag.py:587} INFO - Filling up the DagBag from /opt/airflow/dags/5.2-orchestration.py
[2024-08-28T10:30:39.482+0000] {processor.py:925} INFO - DAG(s) '5.2-orchestration' retrieved from /opt/airflow/dags/5.2-orchestration.py
[2024-08-28T10:30:39.520+0000] {logging_mixin.py:190} INFO - [2024-08-28T10:30:39.519+0000] {dag.py:3211} INFO - Sync 1 DAGs
[2024-08-28T10:30:39.567+0000] {logging_mixin.py:190} INFO - [2024-08-28T10:30:39.566+0000] {dag.py:4138} INFO - Setting next_dagrun for 5.2-orchestration to None, run_after=None
[2024-08-28T10:30:39.594+0000] {processor.py:208} INFO - Processing /opt/airflow/dags/5.2-orchestration.py took 0.162 seconds
[2024-08-28T10:31:10.263+0000] {processor.py:186} INFO - Started process (PID=268) to work on /opt/airflow/dags/5.2-orchestration.py
[2024-08-28T10:31:10.264+0000] {processor.py:914} INFO - Processing file /opt/airflow/dags/5.2-orchestration.py for tasks to queue
[2024-08-28T10:31:10.267+0000] {logging_mixin.py:190} INFO - [2024-08-28T10:31:10.267+0000] {dagbag.py:587} INFO - Filling up the DagBag from /opt/airflow/dags/5.2-orchestration.py
[2024-08-28T10:31:10.284+0000] {processor.py:925} INFO - DAG(s) '5.2-orchestration' retrieved from /opt/airflow/dags/5.2-orchestration.py
[2024-08-28T10:31:10.335+0000] {logging_mixin.py:190} INFO - [2024-08-28T10:31:10.334+0000] {dag.py:3211} INFO - Sync 1 DAGs
[2024-08-28T10:31:10.387+0000] {logging_mixin.py:190} INFO - [2024-08-28T10:31:10.386+0000] {dag.py:4138} INFO - Setting next_dagrun for 5.2-orchestration to None, run_after=None
[2024-08-28T10:31:10.419+0000] {processor.py:208} INFO - Processing /opt/airflow/dags/5.2-orchestration.py took 0.166 seconds
[2024-08-28T10:31:41.112+0000] {processor.py:186} INFO - Started process (PID=280) to work on /opt/airflow/dags/5.2-orchestration.py
[2024-08-28T10:31:41.119+0000] {processor.py:914} INFO - Processing file /opt/airflow/dags/5.2-orchestration.py for tasks to queue
[2024-08-28T10:31:41.125+0000] {logging_mixin.py:190} INFO - [2024-08-28T10:31:41.124+0000] {dagbag.py:587} INFO - Filling up the DagBag from /opt/airflow/dags/5.2-orchestration.py
[2024-08-28T10:31:41.145+0000] {processor.py:925} INFO - DAG(s) '5.2-orchestration' retrieved from /opt/airflow/dags/5.2-orchestration.py
[2024-08-28T10:31:41.192+0000] {logging_mixin.py:190} INFO - [2024-08-28T10:31:41.192+0000] {dag.py:3211} INFO - Sync 1 DAGs
[2024-08-28T10:31:41.242+0000] {logging_mixin.py:190} INFO - [2024-08-28T10:31:41.242+0000] {dag.py:4138} INFO - Setting next_dagrun for 5.2-orchestration to None, run_after=None
[2024-08-28T10:31:41.270+0000] {processor.py:208} INFO - Processing /opt/airflow/dags/5.2-orchestration.py took 0.171 seconds
[2024-08-28T10:32:11.944+0000] {processor.py:186} INFO - Started process (PID=293) to work on /opt/airflow/dags/5.2-orchestration.py
[2024-08-28T10:32:11.945+0000] {processor.py:914} INFO - Processing file /opt/airflow/dags/5.2-orchestration.py for tasks to queue
[2024-08-28T10:32:11.948+0000] {logging_mixin.py:190} INFO - [2024-08-28T10:32:11.947+0000] {dagbag.py:587} INFO - Filling up the DagBag from /opt/airflow/dags/5.2-orchestration.py
[2024-08-28T10:32:11.964+0000] {processor.py:925} INFO - DAG(s) '5.2-orchestration' retrieved from /opt/airflow/dags/5.2-orchestration.py
[2024-08-28T10:32:12.012+0000] {logging_mixin.py:190} INFO - [2024-08-28T10:32:12.011+0000] {dag.py:3211} INFO - Sync 1 DAGs
[2024-08-28T10:32:12.058+0000] {logging_mixin.py:190} INFO - [2024-08-28T10:32:12.057+0000] {dag.py:4138} INFO - Setting next_dagrun for 5.2-orchestration to None, run_after=None
[2024-08-28T10:32:12.089+0000] {processor.py:208} INFO - Processing /opt/airflow/dags/5.2-orchestration.py took 0.155 seconds
[2024-08-28T10:32:42.815+0000] {processor.py:186} INFO - Started process (PID=306) to work on /opt/airflow/dags/5.2-orchestration.py
[2024-08-28T10:32:42.824+0000] {processor.py:914} INFO - Processing file /opt/airflow/dags/5.2-orchestration.py for tasks to queue
[2024-08-28T10:32:42.827+0000] {logging_mixin.py:190} INFO - [2024-08-28T10:32:42.827+0000] {dagbag.py:587} INFO - Filling up the DagBag from /opt/airflow/dags/5.2-orchestration.py
[2024-08-28T10:32:42.847+0000] {processor.py:925} INFO - DAG(s) '5.2-orchestration' retrieved from /opt/airflow/dags/5.2-orchestration.py
[2024-08-28T10:32:42.896+0000] {logging_mixin.py:190} INFO - [2024-08-28T10:32:42.896+0000] {dag.py:3211} INFO - Sync 1 DAGs
[2024-08-28T10:32:42.946+0000] {logging_mixin.py:190} INFO - [2024-08-28T10:32:42.946+0000] {dag.py:4138} INFO - Setting next_dagrun for 5.2-orchestration to None, run_after=None
[2024-08-28T10:32:42.974+0000] {processor.py:208} INFO - Processing /opt/airflow/dags/5.2-orchestration.py took 0.171 seconds
[2024-08-28T10:33:13.618+0000] {processor.py:186} INFO - Started process (PID=318) to work on /opt/airflow/dags/5.2-orchestration.py
[2024-08-28T10:33:13.619+0000] {processor.py:914} INFO - Processing file /opt/airflow/dags/5.2-orchestration.py for tasks to queue
[2024-08-28T10:33:13.623+0000] {logging_mixin.py:190} INFO - [2024-08-28T10:33:13.622+0000] {dagbag.py:587} INFO - Filling up the DagBag from /opt/airflow/dags/5.2-orchestration.py
[2024-08-28T10:33:13.641+0000] {processor.py:925} INFO - DAG(s) '5.2-orchestration' retrieved from /opt/airflow/dags/5.2-orchestration.py
[2024-08-28T10:33:13.680+0000] {logging_mixin.py:190} INFO - [2024-08-28T10:33:13.680+0000] {dag.py:3211} INFO - Sync 1 DAGs
[2024-08-28T10:33:13.721+0000] {logging_mixin.py:190} INFO - [2024-08-28T10:33:13.720+0000] {dag.py:4138} INFO - Setting next_dagrun for 5.2-orchestration to None, run_after=None
[2024-08-28T10:33:13.749+0000] {processor.py:208} INFO - Processing /opt/airflow/dags/5.2-orchestration.py took 0.141 seconds
[2024-08-28T10:33:44.423+0000] {processor.py:186} INFO - Started process (PID=329) to work on /opt/airflow/dags/5.2-orchestration.py
[2024-08-28T10:33:44.453+0000] {processor.py:914} INFO - Processing file /opt/airflow/dags/5.2-orchestration.py for tasks to queue
[2024-08-28T10:33:44.459+0000] {logging_mixin.py:190} INFO - [2024-08-28T10:33:44.458+0000] {dagbag.py:587} INFO - Filling up the DagBag from /opt/airflow/dags/5.2-orchestration.py
[2024-08-28T10:33:44.484+0000] {processor.py:925} INFO - DAG(s) '5.2-orchestration' retrieved from /opt/airflow/dags/5.2-orchestration.py
[2024-08-28T10:33:44.541+0000] {logging_mixin.py:190} INFO - [2024-08-28T10:33:44.541+0000] {dag.py:3211} INFO - Sync 1 DAGs
[2024-08-28T10:33:44.608+0000] {logging_mixin.py:190} INFO - [2024-08-28T10:33:44.608+0000] {dag.py:4138} INFO - Setting next_dagrun for 5.2-orchestration to None, run_after=None
[2024-08-28T10:33:44.651+0000] {processor.py:208} INFO - Processing /opt/airflow/dags/5.2-orchestration.py took 0.243 seconds
[2024-08-28T10:34:15.559+0000] {processor.py:186} INFO - Started process (PID=340) to work on /opt/airflow/dags/5.2-orchestration.py
[2024-08-28T10:34:15.560+0000] {processor.py:914} INFO - Processing file /opt/airflow/dags/5.2-orchestration.py for tasks to queue
[2024-08-28T10:34:15.566+0000] {logging_mixin.py:190} INFO - [2024-08-28T10:34:15.564+0000] {dagbag.py:587} INFO - Filling up the DagBag from /opt/airflow/dags/5.2-orchestration.py
[2024-08-28T10:34:15.594+0000] {processor.py:925} INFO - DAG(s) '5.2-orchestration' retrieved from /opt/airflow/dags/5.2-orchestration.py
[2024-08-28T10:34:15.652+0000] {logging_mixin.py:190} INFO - [2024-08-28T10:34:15.651+0000] {dag.py:3211} INFO - Sync 1 DAGs
[2024-08-28T10:34:15.720+0000] {logging_mixin.py:190} INFO - [2024-08-28T10:34:15.720+0000] {dag.py:4138} INFO - Setting next_dagrun for 5.2-orchestration to None, run_after=None
[2024-08-28T10:34:15.801+0000] {processor.py:208} INFO - Processing /opt/airflow/dags/5.2-orchestration.py took 0.270 seconds
[2024-08-28T10:34:46.567+0000] {processor.py:186} INFO - Started process (PID=352) to work on /opt/airflow/dags/5.2-orchestration.py
[2024-08-28T10:34:46.711+0000] {processor.py:914} INFO - Processing file /opt/airflow/dags/5.2-orchestration.py for tasks to queue
[2024-08-28T10:34:46.716+0000] {logging_mixin.py:190} INFO - [2024-08-28T10:34:46.715+0000] {dagbag.py:587} INFO - Filling up the DagBag from /opt/airflow/dags/5.2-orchestration.py
[2024-08-28T10:34:46.749+0000] {processor.py:925} INFO - DAG(s) '5.2-orchestration' retrieved from /opt/airflow/dags/5.2-orchestration.py
[2024-08-28T10:34:46.810+0000] {logging_mixin.py:190} INFO - [2024-08-28T10:34:46.810+0000] {dag.py:3211} INFO - Sync 1 DAGs
[2024-08-28T10:34:46.892+0000] {logging_mixin.py:190} INFO - [2024-08-28T10:34:46.891+0000] {dag.py:4138} INFO - Setting next_dagrun for 5.2-orchestration to None, run_after=None
[2024-08-28T10:34:46.969+0000] {processor.py:208} INFO - Processing /opt/airflow/dags/5.2-orchestration.py took 0.419 seconds
[2024-08-28T10:35:17.306+0000] {processor.py:186} INFO - Started process (PID=364) to work on /opt/airflow/dags/5.2-orchestration.py
[2024-08-28T10:35:17.307+0000] {processor.py:914} INFO - Processing file /opt/airflow/dags/5.2-orchestration.py for tasks to queue
[2024-08-28T10:35:17.310+0000] {logging_mixin.py:190} INFO - [2024-08-28T10:35:17.310+0000] {dagbag.py:587} INFO - Filling up the DagBag from /opt/airflow/dags/5.2-orchestration.py
[2024-08-28T10:35:17.328+0000] {processor.py:925} INFO - DAG(s) '5.2-orchestration' retrieved from /opt/airflow/dags/5.2-orchestration.py
[2024-08-28T10:35:17.371+0000] {logging_mixin.py:190} INFO - [2024-08-28T10:35:17.370+0000] {dag.py:3211} INFO - Sync 1 DAGs
[2024-08-28T10:35:17.417+0000] {logging_mixin.py:190} INFO - [2024-08-28T10:35:17.417+0000] {dag.py:4138} INFO - Setting next_dagrun for 5.2-orchestration to None, run_after=None
[2024-08-28T10:35:17.442+0000] {processor.py:208} INFO - Processing /opt/airflow/dags/5.2-orchestration.py took 0.148 seconds
[2024-08-28T10:35:47.670+0000] {processor.py:186} INFO - Started process (PID=376) to work on /opt/airflow/dags/5.2-orchestration.py
[2024-08-28T10:35:47.785+0000] {processor.py:914} INFO - Processing file /opt/airflow/dags/5.2-orchestration.py for tasks to queue
[2024-08-28T10:35:47.790+0000] {logging_mixin.py:190} INFO - [2024-08-28T10:35:47.789+0000] {dagbag.py:587} INFO - Filling up the DagBag from /opt/airflow/dags/5.2-orchestration.py
[2024-08-28T10:35:47.849+0000] {processor.py:925} INFO - DAG(s) '5.2-orchestration' retrieved from /opt/airflow/dags/5.2-orchestration.py
[2024-08-28T10:35:47.932+0000] {logging_mixin.py:190} INFO - [2024-08-28T10:35:47.932+0000] {dag.py:3211} INFO - Sync 1 DAGs
[2024-08-28T10:35:48.013+0000] {logging_mixin.py:190} INFO - [2024-08-28T10:35:48.012+0000] {dag.py:4138} INFO - Setting next_dagrun for 5.2-orchestration to None, run_after=None
[2024-08-28T10:35:48.059+0000] {processor.py:208} INFO - Processing /opt/airflow/dags/5.2-orchestration.py took 0.410 seconds
[2024-08-28T10:36:18.764+0000] {processor.py:186} INFO - Started process (PID=388) to work on /opt/airflow/dags/5.2-orchestration.py
[2024-08-28T10:36:18.765+0000] {processor.py:914} INFO - Processing file /opt/airflow/dags/5.2-orchestration.py for tasks to queue
[2024-08-28T10:36:18.768+0000] {logging_mixin.py:190} INFO - [2024-08-28T10:36:18.767+0000] {dagbag.py:587} INFO - Filling up the DagBag from /opt/airflow/dags/5.2-orchestration.py
[2024-08-28T10:36:18.787+0000] {processor.py:925} INFO - DAG(s) '5.2-orchestration' retrieved from /opt/airflow/dags/5.2-orchestration.py
[2024-08-28T10:36:18.845+0000] {logging_mixin.py:190} INFO - [2024-08-28T10:36:18.843+0000] {dag.py:3211} INFO - Sync 1 DAGs
[2024-08-28T10:36:18.895+0000] {logging_mixin.py:190} INFO - [2024-08-28T10:36:18.895+0000] {dag.py:4138} INFO - Setting next_dagrun for 5.2-orchestration to None, run_after=None
[2024-08-28T10:36:18.933+0000] {processor.py:208} INFO - Processing /opt/airflow/dags/5.2-orchestration.py took 0.184 seconds
[2024-08-28T10:36:49.646+0000] {processor.py:186} INFO - Started process (PID=400) to work on /opt/airflow/dags/5.2-orchestration.py
[2024-08-28T10:36:49.732+0000] {processor.py:914} INFO - Processing file /opt/airflow/dags/5.2-orchestration.py for tasks to queue
[2024-08-28T10:36:49.738+0000] {logging_mixin.py:190} INFO - [2024-08-28T10:36:49.736+0000] {dagbag.py:587} INFO - Filling up the DagBag from /opt/airflow/dags/5.2-orchestration.py
[2024-08-28T10:36:49.784+0000] {processor.py:925} INFO - DAG(s) '5.2-orchestration' retrieved from /opt/airflow/dags/5.2-orchestration.py
[2024-08-28T10:36:49.882+0000] {logging_mixin.py:190} INFO - [2024-08-28T10:36:49.882+0000] {dag.py:3211} INFO - Sync 1 DAGs
[2024-08-28T10:36:49.990+0000] {logging_mixin.py:190} INFO - [2024-08-28T10:36:49.990+0000] {dag.py:4138} INFO - Setting next_dagrun for 5.2-orchestration to None, run_after=None
[2024-08-28T10:36:50.041+0000] {processor.py:208} INFO - Processing /opt/airflow/dags/5.2-orchestration.py took 0.408 seconds
[2024-08-28T10:37:20.132+0000] {processor.py:186} INFO - Started process (PID=411) to work on /opt/airflow/dags/5.2-orchestration.py
[2024-08-28T10:37:20.133+0000] {processor.py:914} INFO - Processing file /opt/airflow/dags/5.2-orchestration.py for tasks to queue
[2024-08-28T10:37:20.136+0000] {logging_mixin.py:190} INFO - [2024-08-28T10:37:20.135+0000] {dagbag.py:587} INFO - Filling up the DagBag from /opt/airflow/dags/5.2-orchestration.py
[2024-08-28T10:37:20.153+0000] {processor.py:925} INFO - DAG(s) '5.2-orchestration' retrieved from /opt/airflow/dags/5.2-orchestration.py
[2024-08-28T10:37:20.195+0000] {logging_mixin.py:190} INFO - [2024-08-28T10:37:20.195+0000] {dag.py:3211} INFO - Sync 1 DAGs
[2024-08-28T10:37:20.238+0000] {logging_mixin.py:190} INFO - [2024-08-28T10:37:20.237+0000] {dag.py:4138} INFO - Setting next_dagrun for 5.2-orchestration to None, run_after=None
[2024-08-28T10:37:20.275+0000] {processor.py:208} INFO - Processing /opt/airflow/dags/5.2-orchestration.py took 0.155 seconds
[2024-08-28T10:37:51.013+0000] {processor.py:186} INFO - Started process (PID=423) to work on /opt/airflow/dags/5.2-orchestration.py
[2024-08-28T10:37:51.036+0000] {processor.py:914} INFO - Processing file /opt/airflow/dags/5.2-orchestration.py for tasks to queue
[2024-08-28T10:37:51.041+0000] {logging_mixin.py:190} INFO - [2024-08-28T10:37:51.040+0000] {dagbag.py:587} INFO - Filling up the DagBag from /opt/airflow/dags/5.2-orchestration.py
[2024-08-28T10:37:51.074+0000] {processor.py:925} INFO - DAG(s) '5.2-orchestration' retrieved from /opt/airflow/dags/5.2-orchestration.py
[2024-08-28T10:37:51.150+0000] {logging_mixin.py:190} INFO - [2024-08-28T10:37:51.150+0000] {dag.py:3211} INFO - Sync 1 DAGs
[2024-08-28T10:37:51.214+0000] {logging_mixin.py:190} INFO - [2024-08-28T10:37:51.214+0000] {dag.py:4138} INFO - Setting next_dagrun for 5.2-orchestration to None, run_after=None
[2024-08-28T10:37:51.251+0000] {processor.py:208} INFO - Processing /opt/airflow/dags/5.2-orchestration.py took 0.256 seconds
[2024-08-28T10:38:22.114+0000] {processor.py:186} INFO - Started process (PID=436) to work on /opt/airflow/dags/5.2-orchestration.py
[2024-08-28T10:38:22.116+0000] {processor.py:914} INFO - Processing file /opt/airflow/dags/5.2-orchestration.py for tasks to queue
[2024-08-28T10:38:22.122+0000] {logging_mixin.py:190} INFO - [2024-08-28T10:38:22.121+0000] {dagbag.py:587} INFO - Filling up the DagBag from /opt/airflow/dags/5.2-orchestration.py
[2024-08-28T10:38:22.147+0000] {processor.py:925} INFO - DAG(s) '5.2-orchestration' retrieved from /opt/airflow/dags/5.2-orchestration.py
[2024-08-28T10:38:22.197+0000] {logging_mixin.py:190} INFO - [2024-08-28T10:38:22.197+0000] {dag.py:3211} INFO - Sync 1 DAGs
[2024-08-28T10:38:22.260+0000] {logging_mixin.py:190} INFO - [2024-08-28T10:38:22.260+0000] {dag.py:4138} INFO - Setting next_dagrun for 5.2-orchestration to None, run_after=None
[2024-08-28T10:38:22.302+0000] {processor.py:208} INFO - Processing /opt/airflow/dags/5.2-orchestration.py took 0.203 seconds
[2024-08-28T10:38:52.857+0000] {processor.py:186} INFO - Started process (PID=447) to work on /opt/airflow/dags/5.2-orchestration.py
[2024-08-28T10:38:52.907+0000] {processor.py:914} INFO - Processing file /opt/airflow/dags/5.2-orchestration.py for tasks to queue
[2024-08-28T10:38:52.910+0000] {logging_mixin.py:190} INFO - [2024-08-28T10:38:52.909+0000] {dagbag.py:587} INFO - Filling up the DagBag from /opt/airflow/dags/5.2-orchestration.py
[2024-08-28T10:38:52.927+0000] {processor.py:925} INFO - DAG(s) '5.2-orchestration' retrieved from /opt/airflow/dags/5.2-orchestration.py
[2024-08-28T10:38:52.978+0000] {logging_mixin.py:190} INFO - [2024-08-28T10:38:52.977+0000] {dag.py:3211} INFO - Sync 1 DAGs
[2024-08-28T10:38:53.039+0000] {logging_mixin.py:190} INFO - [2024-08-28T10:38:53.038+0000] {dag.py:4138} INFO - Setting next_dagrun for 5.2-orchestration to None, run_after=None
[2024-08-28T10:38:53.070+0000] {processor.py:208} INFO - Processing /opt/airflow/dags/5.2-orchestration.py took 0.227 seconds
[2024-08-28T10:39:23.572+0000] {processor.py:186} INFO - Started process (PID=458) to work on /opt/airflow/dags/5.2-orchestration.py
[2024-08-28T10:39:23.573+0000] {processor.py:914} INFO - Processing file /opt/airflow/dags/5.2-orchestration.py for tasks to queue
[2024-08-28T10:39:23.577+0000] {logging_mixin.py:190} INFO - [2024-08-28T10:39:23.576+0000] {dagbag.py:587} INFO - Filling up the DagBag from /opt/airflow/dags/5.2-orchestration.py
[2024-08-28T10:39:23.595+0000] {processor.py:925} INFO - DAG(s) '5.2-orchestration' retrieved from /opt/airflow/dags/5.2-orchestration.py
[2024-08-28T10:39:23.632+0000] {logging_mixin.py:190} INFO - [2024-08-28T10:39:23.631+0000] {dag.py:3211} INFO - Sync 1 DAGs
[2024-08-28T10:39:23.680+0000] {logging_mixin.py:190} INFO - [2024-08-28T10:39:23.680+0000] {dag.py:4138} INFO - Setting next_dagrun for 5.2-orchestration to None, run_after=None
[2024-08-28T10:39:23.711+0000] {processor.py:208} INFO - Processing /opt/airflow/dags/5.2-orchestration.py took 0.151 seconds
[2024-08-28T10:39:54.277+0000] {processor.py:186} INFO - Started process (PID=469) to work on /opt/airflow/dags/5.2-orchestration.py
[2024-08-28T10:39:54.319+0000] {processor.py:914} INFO - Processing file /opt/airflow/dags/5.2-orchestration.py for tasks to queue
[2024-08-28T10:39:54.325+0000] {logging_mixin.py:190} INFO - [2024-08-28T10:39:54.324+0000] {dagbag.py:587} INFO - Filling up the DagBag from /opt/airflow/dags/5.2-orchestration.py
[2024-08-28T10:39:54.349+0000] {processor.py:925} INFO - DAG(s) '5.2-orchestration' retrieved from /opt/airflow/dags/5.2-orchestration.py
[2024-08-28T10:39:54.404+0000] {logging_mixin.py:190} INFO - [2024-08-28T10:39:54.404+0000] {dag.py:3211} INFO - Sync 1 DAGs
[2024-08-28T10:39:54.472+0000] {logging_mixin.py:190} INFO - [2024-08-28T10:39:54.471+0000] {dag.py:4138} INFO - Setting next_dagrun for 5.2-orchestration to None, run_after=None
[2024-08-28T10:39:54.510+0000] {processor.py:208} INFO - Processing /opt/airflow/dags/5.2-orchestration.py took 0.247 seconds
[2024-08-28T10:40:24.828+0000] {processor.py:186} INFO - Started process (PID=481) to work on /opt/airflow/dags/5.2-orchestration.py
[2024-08-28T10:40:24.831+0000] {processor.py:914} INFO - Processing file /opt/airflow/dags/5.2-orchestration.py for tasks to queue
[2024-08-28T10:40:24.837+0000] {logging_mixin.py:190} INFO - [2024-08-28T10:40:24.836+0000] {dagbag.py:587} INFO - Filling up the DagBag from /opt/airflow/dags/5.2-orchestration.py
[2024-08-28T10:40:24.865+0000] {processor.py:925} INFO - DAG(s) '5.2-orchestration' retrieved from /opt/airflow/dags/5.2-orchestration.py
[2024-08-28T10:40:24.928+0000] {logging_mixin.py:190} INFO - [2024-08-28T10:40:24.928+0000] {dag.py:3211} INFO - Sync 1 DAGs
[2024-08-28T10:40:24.996+0000] {logging_mixin.py:190} INFO - [2024-08-28T10:40:24.996+0000] {dag.py:4138} INFO - Setting next_dagrun for 5.2-orchestration to None, run_after=None
[2024-08-28T10:40:25.047+0000] {processor.py:208} INFO - Processing /opt/airflow/dags/5.2-orchestration.py took 0.238 seconds
[2024-08-28T10:40:55.747+0000] {processor.py:186} INFO - Started process (PID=492) to work on /opt/airflow/dags/5.2-orchestration.py
[2024-08-28T10:40:55.748+0000] {processor.py:914} INFO - Processing file /opt/airflow/dags/5.2-orchestration.py for tasks to queue
[2024-08-28T10:40:55.751+0000] {logging_mixin.py:190} INFO - [2024-08-28T10:40:55.750+0000] {dagbag.py:587} INFO - Filling up the DagBag from /opt/airflow/dags/5.2-orchestration.py
[2024-08-28T10:40:55.769+0000] {processor.py:925} INFO - DAG(s) '5.2-orchestration' retrieved from /opt/airflow/dags/5.2-orchestration.py
[2024-08-28T10:40:55.817+0000] {logging_mixin.py:190} INFO - [2024-08-28T10:40:55.817+0000] {dag.py:3211} INFO - Sync 1 DAGs
[2024-08-28T10:40:55.860+0000] {logging_mixin.py:190} INFO - [2024-08-28T10:40:55.859+0000] {dag.py:4138} INFO - Setting next_dagrun for 5.2-orchestration to None, run_after=None
[2024-08-28T10:40:55.887+0000] {processor.py:208} INFO - Processing /opt/airflow/dags/5.2-orchestration.py took 0.151 seconds
[2024-08-28T10:41:26.438+0000] {processor.py:186} INFO - Started process (PID=504) to work on /opt/airflow/dags/5.2-orchestration.py
[2024-08-28T10:41:26.441+0000] {processor.py:914} INFO - Processing file /opt/airflow/dags/5.2-orchestration.py for tasks to queue
[2024-08-28T10:41:26.445+0000] {logging_mixin.py:190} INFO - [2024-08-28T10:41:26.444+0000] {dagbag.py:587} INFO - Filling up the DagBag from /opt/airflow/dags/5.2-orchestration.py
[2024-08-28T10:41:26.469+0000] {processor.py:925} INFO - DAG(s) '5.2-orchestration' retrieved from /opt/airflow/dags/5.2-orchestration.py
[2024-08-28T10:41:26.524+0000] {logging_mixin.py:190} INFO - [2024-08-28T10:41:26.524+0000] {dag.py:3211} INFO - Sync 1 DAGs
[2024-08-28T10:41:26.576+0000] {logging_mixin.py:190} INFO - [2024-08-28T10:41:26.575+0000] {dag.py:4138} INFO - Setting next_dagrun for 5.2-orchestration to None, run_after=None
[2024-08-28T10:41:26.614+0000] {processor.py:208} INFO - Processing /opt/airflow/dags/5.2-orchestration.py took 0.190 seconds
[2024-08-28T10:41:57.191+0000] {processor.py:186} INFO - Started process (PID=515) to work on /opt/airflow/dags/5.2-orchestration.py
[2024-08-28T10:41:57.192+0000] {processor.py:914} INFO - Processing file /opt/airflow/dags/5.2-orchestration.py for tasks to queue
[2024-08-28T10:41:57.202+0000] {logging_mixin.py:190} INFO - [2024-08-28T10:41:57.201+0000] {dagbag.py:587} INFO - Filling up the DagBag from /opt/airflow/dags/5.2-orchestration.py
[2024-08-28T10:41:57.224+0000] {processor.py:925} INFO - DAG(s) '5.2-orchestration' retrieved from /opt/airflow/dags/5.2-orchestration.py
[2024-08-28T10:41:57.267+0000] {logging_mixin.py:190} INFO - [2024-08-28T10:41:57.267+0000] {dag.py:3211} INFO - Sync 1 DAGs
[2024-08-28T10:41:57.314+0000] {logging_mixin.py:190} INFO - [2024-08-28T10:41:57.314+0000] {dag.py:4138} INFO - Setting next_dagrun for 5.2-orchestration to None, run_after=None
[2024-08-28T10:41:57.341+0000] {processor.py:208} INFO - Processing /opt/airflow/dags/5.2-orchestration.py took 0.163 seconds
[2024-08-28T10:42:27.806+0000] {processor.py:186} INFO - Started process (PID=527) to work on /opt/airflow/dags/5.2-orchestration.py
[2024-08-28T10:42:27.808+0000] {processor.py:914} INFO - Processing file /opt/airflow/dags/5.2-orchestration.py for tasks to queue
[2024-08-28T10:42:27.812+0000] {logging_mixin.py:190} INFO - [2024-08-28T10:42:27.812+0000] {dagbag.py:587} INFO - Filling up the DagBag from /opt/airflow/dags/5.2-orchestration.py
[2024-08-28T10:42:27.831+0000] {processor.py:925} INFO - DAG(s) '5.2-orchestration' retrieved from /opt/airflow/dags/5.2-orchestration.py
[2024-08-28T10:42:27.880+0000] {logging_mixin.py:190} INFO - [2024-08-28T10:42:27.880+0000] {dag.py:3211} INFO - Sync 1 DAGs
[2024-08-28T10:42:27.933+0000] {logging_mixin.py:190} INFO - [2024-08-28T10:42:27.933+0000] {dag.py:4138} INFO - Setting next_dagrun for 5.2-orchestration to None, run_after=None
[2024-08-28T10:42:27.963+0000] {processor.py:208} INFO - Processing /opt/airflow/dags/5.2-orchestration.py took 0.169 seconds
[2024-08-28T10:42:58.494+0000] {processor.py:186} INFO - Started process (PID=538) to work on /opt/airflow/dags/5.2-orchestration.py
[2024-08-28T10:42:58.495+0000] {processor.py:914} INFO - Processing file /opt/airflow/dags/5.2-orchestration.py for tasks to queue
[2024-08-28T10:42:58.499+0000] {logging_mixin.py:190} INFO - [2024-08-28T10:42:58.498+0000] {dagbag.py:587} INFO - Filling up the DagBag from /opt/airflow/dags/5.2-orchestration.py
[2024-08-28T10:42:58.516+0000] {processor.py:925} INFO - DAG(s) '5.2-orchestration' retrieved from /opt/airflow/dags/5.2-orchestration.py
[2024-08-28T10:42:58.556+0000] {logging_mixin.py:190} INFO - [2024-08-28T10:42:58.555+0000] {dag.py:3211} INFO - Sync 1 DAGs
[2024-08-28T10:42:58.605+0000] {logging_mixin.py:190} INFO - [2024-08-28T10:42:58.605+0000] {dag.py:4138} INFO - Setting next_dagrun for 5.2-orchestration to None, run_after=None
[2024-08-28T10:42:58.640+0000] {processor.py:208} INFO - Processing /opt/airflow/dags/5.2-orchestration.py took 0.157 seconds
[2024-08-28T10:43:29.370+0000] {processor.py:186} INFO - Started process (PID=550) to work on /opt/airflow/dags/5.2-orchestration.py
[2024-08-28T10:43:29.372+0000] {processor.py:914} INFO - Processing file /opt/airflow/dags/5.2-orchestration.py for tasks to queue
[2024-08-28T10:43:29.375+0000] {logging_mixin.py:190} INFO - [2024-08-28T10:43:29.375+0000] {dagbag.py:587} INFO - Filling up the DagBag from /opt/airflow/dags/5.2-orchestration.py
[2024-08-28T10:43:29.393+0000] {processor.py:925} INFO - DAG(s) '5.2-orchestration' retrieved from /opt/airflow/dags/5.2-orchestration.py
[2024-08-28T10:43:29.441+0000] {logging_mixin.py:190} INFO - [2024-08-28T10:43:29.440+0000] {dag.py:3211} INFO - Sync 1 DAGs
[2024-08-28T10:43:29.495+0000] {logging_mixin.py:190} INFO - [2024-08-28T10:43:29.494+0000] {dag.py:4138} INFO - Setting next_dagrun for 5.2-orchestration to None, run_after=None
[2024-08-28T10:43:29.527+0000] {processor.py:208} INFO - Processing /opt/airflow/dags/5.2-orchestration.py took 0.169 seconds
[2024-08-28T12:13:41.357+0000] {processor.py:186} INFO - Started process (PID=66) to work on /opt/airflow/dags/5.2-orchestration.py
[2024-08-28T12:13:41.392+0000] {processor.py:914} INFO - Processing file /opt/airflow/dags/5.2-orchestration.py for tasks to queue
[2024-08-28T12:13:41.401+0000] {logging_mixin.py:190} INFO - [2024-08-28T12:13:41.399+0000] {dagbag.py:587} INFO - Filling up the DagBag from /opt/airflow/dags/5.2-orchestration.py
[2024-08-28T12:13:41.567+0000] {processor.py:925} INFO - DAG(s) '5.2-orchestration' retrieved from /opt/airflow/dags/5.2-orchestration.py
[2024-08-28T12:13:41.847+0000] {logging_mixin.py:190} INFO - [2024-08-28T12:13:41.843+0000] {dag.py:3211} INFO - Sync 1 DAGs
[2024-08-28T12:13:42.135+0000] {logging_mixin.py:190} INFO - [2024-08-28T12:13:42.134+0000] {dag.py:4138} INFO - Setting next_dagrun for 5.2-orchestration to None, run_after=None
[2024-08-28T12:13:42.356+0000] {processor.py:208} INFO - Processing /opt/airflow/dags/5.2-orchestration.py took 1.051 seconds
[2024-08-28T12:14:12.828+0000] {processor.py:186} INFO - Started process (PID=78) to work on /opt/airflow/dags/5.2-orchestration.py
[2024-08-28T12:14:12.829+0000] {processor.py:914} INFO - Processing file /opt/airflow/dags/5.2-orchestration.py for tasks to queue
[2024-08-28T12:14:12.834+0000] {logging_mixin.py:190} INFO - [2024-08-28T12:14:12.833+0000] {dagbag.py:587} INFO - Filling up the DagBag from /opt/airflow/dags/5.2-orchestration.py
[2024-08-28T12:14:12.858+0000] {processor.py:925} INFO - DAG(s) '5.2-orchestration' retrieved from /opt/airflow/dags/5.2-orchestration.py
[2024-08-28T12:14:12.976+0000] {logging_mixin.py:190} INFO - [2024-08-28T12:14:12.975+0000] {dag.py:3211} INFO - Sync 1 DAGs
[2024-08-28T12:14:13.059+0000] {logging_mixin.py:190} INFO - [2024-08-28T12:14:13.059+0000] {dag.py:4138} INFO - Setting next_dagrun for 5.2-orchestration to None, run_after=None
[2024-08-28T12:14:13.098+0000] {processor.py:208} INFO - Processing /opt/airflow/dags/5.2-orchestration.py took 0.283 seconds
[2024-08-28T12:14:43.900+0000] {processor.py:186} INFO - Started process (PID=89) to work on /opt/airflow/dags/5.2-orchestration.py
[2024-08-28T12:14:44.136+0000] {processor.py:914} INFO - Processing file /opt/airflow/dags/5.2-orchestration.py for tasks to queue
[2024-08-28T12:14:44.140+0000] {logging_mixin.py:190} INFO - [2024-08-28T12:14:44.139+0000] {dagbag.py:587} INFO - Filling up the DagBag from /opt/airflow/dags/5.2-orchestration.py
[2024-08-28T12:14:44.165+0000] {processor.py:925} INFO - DAG(s) '5.2-orchestration' retrieved from /opt/airflow/dags/5.2-orchestration.py
[2024-08-28T12:14:44.210+0000] {logging_mixin.py:190} INFO - [2024-08-28T12:14:44.210+0000] {dag.py:3211} INFO - Sync 1 DAGs
[2024-08-28T12:14:44.273+0000] {logging_mixin.py:190} INFO - [2024-08-28T12:14:44.273+0000] {dag.py:4138} INFO - Setting next_dagrun for 5.2-orchestration to None, run_after=None
[2024-08-28T12:14:44.328+0000] {processor.py:208} INFO - Processing /opt/airflow/dags/5.2-orchestration.py took 0.437 seconds
[2024-08-28T12:15:14.705+0000] {processor.py:186} INFO - Started process (PID=101) to work on /opt/airflow/dags/5.2-orchestration.py
[2024-08-28T12:15:14.706+0000] {processor.py:914} INFO - Processing file /opt/airflow/dags/5.2-orchestration.py for tasks to queue
[2024-08-28T12:15:14.712+0000] {logging_mixin.py:190} INFO - [2024-08-28T12:15:14.712+0000] {dagbag.py:587} INFO - Filling up the DagBag from /opt/airflow/dags/5.2-orchestration.py
[2024-08-28T12:15:14.732+0000] {processor.py:925} INFO - DAG(s) '5.2-orchestration' retrieved from /opt/airflow/dags/5.2-orchestration.py
[2024-08-28T12:15:14.809+0000] {logging_mixin.py:190} INFO - [2024-08-28T12:15:14.808+0000] {dag.py:3211} INFO - Sync 1 DAGs
[2024-08-28T12:15:14.869+0000] {logging_mixin.py:190} INFO - [2024-08-28T12:15:14.868+0000] {dag.py:4138} INFO - Setting next_dagrun for 5.2-orchestration to None, run_after=None
[2024-08-28T12:15:14.900+0000] {processor.py:208} INFO - Processing /opt/airflow/dags/5.2-orchestration.py took 0.210 seconds
[2024-08-28T12:15:45.671+0000] {processor.py:186} INFO - Started process (PID=113) to work on /opt/airflow/dags/5.2-orchestration.py
[2024-08-28T12:15:45.806+0000] {processor.py:914} INFO - Processing file /opt/airflow/dags/5.2-orchestration.py for tasks to queue
[2024-08-28T12:15:45.811+0000] {logging_mixin.py:190} INFO - [2024-08-28T12:15:45.810+0000] {dagbag.py:587} INFO - Filling up the DagBag from /opt/airflow/dags/5.2-orchestration.py
[2024-08-28T12:15:45.852+0000] {processor.py:925} INFO - DAG(s) '5.2-orchestration' retrieved from /opt/airflow/dags/5.2-orchestration.py
[2024-08-28T12:15:45.980+0000] {logging_mixin.py:190} INFO - [2024-08-28T12:15:45.980+0000] {dag.py:3211} INFO - Sync 1 DAGs
[2024-08-28T12:15:46.078+0000] {logging_mixin.py:190} INFO - [2024-08-28T12:15:46.077+0000] {dag.py:4138} INFO - Setting next_dagrun for 5.2-orchestration to None, run_after=None
[2024-08-28T12:15:46.133+0000] {processor.py:208} INFO - Processing /opt/airflow/dags/5.2-orchestration.py took 0.477 seconds
[2024-08-28T12:16:16.340+0000] {processor.py:186} INFO - Started process (PID=125) to work on /opt/airflow/dags/5.2-orchestration.py
[2024-08-28T12:16:16.342+0000] {processor.py:914} INFO - Processing file /opt/airflow/dags/5.2-orchestration.py for tasks to queue
[2024-08-28T12:16:16.347+0000] {logging_mixin.py:190} INFO - [2024-08-28T12:16:16.346+0000] {dagbag.py:587} INFO - Filling up the DagBag from /opt/airflow/dags/5.2-orchestration.py
[2024-08-28T12:16:16.373+0000] {processor.py:925} INFO - DAG(s) '5.2-orchestration' retrieved from /opt/airflow/dags/5.2-orchestration.py
[2024-08-28T12:16:16.432+0000] {logging_mixin.py:190} INFO - [2024-08-28T12:16:16.432+0000] {dag.py:3211} INFO - Sync 1 DAGs
[2024-08-28T12:16:16.733+0000] {logging_mixin.py:190} INFO - [2024-08-28T12:16:16.732+0000] {dag.py:4138} INFO - Setting next_dagrun for 5.2-orchestration to None, run_after=None
[2024-08-28T12:16:16.776+0000] {processor.py:208} INFO - Processing /opt/airflow/dags/5.2-orchestration.py took 0.449 seconds
[2024-08-28T12:16:47.168+0000] {processor.py:186} INFO - Started process (PID=137) to work on /opt/airflow/dags/5.2-orchestration.py
[2024-08-28T12:16:47.289+0000] {processor.py:914} INFO - Processing file /opt/airflow/dags/5.2-orchestration.py for tasks to queue
[2024-08-28T12:16:47.341+0000] {logging_mixin.py:190} INFO - [2024-08-28T12:16:47.340+0000] {dagbag.py:587} INFO - Filling up the DagBag from /opt/airflow/dags/5.2-orchestration.py
[2024-08-28T12:16:47.476+0000] {processor.py:925} INFO - DAG(s) '5.2-orchestration' retrieved from /opt/airflow/dags/5.2-orchestration.py
[2024-08-28T12:16:47.709+0000] {logging_mixin.py:190} INFO - [2024-08-28T12:16:47.708+0000] {dag.py:3211} INFO - Sync 1 DAGs
[2024-08-28T12:16:48.583+0000] {logging_mixin.py:190} INFO - [2024-08-28T12:16:48.582+0000] {dag.py:4138} INFO - Setting next_dagrun for 5.2-orchestration to None, run_after=None
[2024-08-28T12:16:48.752+0000] {processor.py:208} INFO - Processing /opt/airflow/dags/5.2-orchestration.py took 1.633 seconds
[2024-08-28T12:17:19.115+0000] {processor.py:186} INFO - Started process (PID=149) to work on /opt/airflow/dags/5.2-orchestration.py
[2024-08-28T12:17:19.117+0000] {processor.py:914} INFO - Processing file /opt/airflow/dags/5.2-orchestration.py for tasks to queue
[2024-08-28T12:17:19.122+0000] {logging_mixin.py:190} INFO - [2024-08-28T12:17:19.121+0000] {dagbag.py:587} INFO - Filling up the DagBag from /opt/airflow/dags/5.2-orchestration.py
[2024-08-28T12:17:19.157+0000] {processor.py:925} INFO - DAG(s) '5.2-orchestration' retrieved from /opt/airflow/dags/5.2-orchestration.py
[2024-08-28T12:17:19.483+0000] {logging_mixin.py:190} INFO - [2024-08-28T12:17:19.482+0000] {dag.py:3211} INFO - Sync 1 DAGs
[2024-08-28T12:17:19.622+0000] {logging_mixin.py:190} INFO - [2024-08-28T12:17:19.622+0000] {dag.py:4138} INFO - Setting next_dagrun for 5.2-orchestration to None, run_after=None
[2024-08-28T12:17:19.675+0000] {processor.py:208} INFO - Processing /opt/airflow/dags/5.2-orchestration.py took 0.577 seconds
[2024-08-28T12:17:49.985+0000] {processor.py:186} INFO - Started process (PID=161) to work on /opt/airflow/dags/5.2-orchestration.py
[2024-08-28T12:17:50.014+0000] {processor.py:914} INFO - Processing file /opt/airflow/dags/5.2-orchestration.py for tasks to queue
[2024-08-28T12:17:50.018+0000] {logging_mixin.py:190} INFO - [2024-08-28T12:17:50.018+0000] {dagbag.py:587} INFO - Filling up the DagBag from /opt/airflow/dags/5.2-orchestration.py
[2024-08-28T12:17:50.382+0000] {processor.py:925} INFO - DAG(s) '5.2-orchestration' retrieved from /opt/airflow/dags/5.2-orchestration.py
[2024-08-28T12:17:50.434+0000] {logging_mixin.py:190} INFO - [2024-08-28T12:17:50.434+0000] {dag.py:3211} INFO - Sync 1 DAGs
[2024-08-28T12:17:50.495+0000] {logging_mixin.py:190} INFO - [2024-08-28T12:17:50.494+0000] {dag.py:4138} INFO - Setting next_dagrun for 5.2-orchestration to None, run_after=None
[2024-08-28T12:17:50.540+0000] {processor.py:208} INFO - Processing /opt/airflow/dags/5.2-orchestration.py took 0.571 seconds
