[2024-08-28T10:22:26.041+0000] {processor.py:186} INFO - Started process (PID=63) to work on /opt/airflow/dags/5.3-orchestration.py
[2024-08-28T10:22:26.043+0000] {processor.py:914} INFO - Processing file /opt/airflow/dags/5.3-orchestration.py for tasks to queue
[2024-08-28T10:22:26.048+0000] {logging_mixin.py:190} INFO - [2024-08-28T10:22:26.047+0000] {dagbag.py:587} INFO - Filling up the DagBag from /opt/airflow/dags/5.3-orchestration.py
[2024-08-28T10:22:26.085+0000] {processor.py:925} INFO - DAG(s) '5.3-orchestration' retrieved from /opt/airflow/dags/5.3-orchestration.py
[2024-08-28T10:22:26.152+0000] {logging_mixin.py:190} INFO - [2024-08-28T10:22:26.152+0000] {dag.py:3211} INFO - Sync 1 DAGs
[2024-08-28T10:22:26.219+0000] {logging_mixin.py:190} INFO - [2024-08-28T10:22:26.219+0000] {dag.py:4138} INFO - Setting next_dagrun for 5.3-orchestration to None, run_after=None
[2024-08-28T10:22:26.262+0000] {processor.py:208} INFO - Processing /opt/airflow/dags/5.3-orchestration.py took 0.234 seconds
[2024-08-28T10:22:57.035+0000] {processor.py:186} INFO - Started process (PID=74) to work on /opt/airflow/dags/5.3-orchestration.py
[2024-08-28T10:22:57.036+0000] {processor.py:914} INFO - Processing file /opt/airflow/dags/5.3-orchestration.py for tasks to queue
[2024-08-28T10:22:57.039+0000] {logging_mixin.py:190} INFO - [2024-08-28T10:22:57.039+0000] {dagbag.py:587} INFO - Filling up the DagBag from /opt/airflow/dags/5.3-orchestration.py
[2024-08-28T10:22:57.056+0000] {processor.py:925} INFO - DAG(s) '5.3-orchestration' retrieved from /opt/airflow/dags/5.3-orchestration.py
[2024-08-28T10:22:57.102+0000] {logging_mixin.py:190} INFO - [2024-08-28T10:22:57.101+0000] {dag.py:3211} INFO - Sync 1 DAGs
[2024-08-28T10:22:57.142+0000] {logging_mixin.py:190} INFO - [2024-08-28T10:22:57.142+0000] {dag.py:4138} INFO - Setting next_dagrun for 5.3-orchestration to None, run_after=None
[2024-08-28T10:22:57.170+0000] {processor.py:208} INFO - Processing /opt/airflow/dags/5.3-orchestration.py took 0.144 seconds
[2024-08-28T10:23:27.868+0000] {processor.py:186} INFO - Started process (PID=86) to work on /opt/airflow/dags/5.3-orchestration.py
[2024-08-28T10:23:27.869+0000] {processor.py:914} INFO - Processing file /opt/airflow/dags/5.3-orchestration.py for tasks to queue
[2024-08-28T10:23:27.872+0000] {logging_mixin.py:190} INFO - [2024-08-28T10:23:27.871+0000] {dagbag.py:587} INFO - Filling up the DagBag from /opt/airflow/dags/5.3-orchestration.py
[2024-08-28T10:23:27.890+0000] {processor.py:925} INFO - DAG(s) '5.3-orchestration' retrieved from /opt/airflow/dags/5.3-orchestration.py
[2024-08-28T10:23:27.929+0000] {logging_mixin.py:190} INFO - [2024-08-28T10:23:27.928+0000] {dag.py:3211} INFO - Sync 1 DAGs
[2024-08-28T10:23:27.978+0000] {logging_mixin.py:190} INFO - [2024-08-28T10:23:27.978+0000] {dag.py:4138} INFO - Setting next_dagrun for 5.3-orchestration to None, run_after=None
[2024-08-28T10:23:28.006+0000] {processor.py:208} INFO - Processing /opt/airflow/dags/5.3-orchestration.py took 0.148 seconds
[2024-08-28T10:23:58.700+0000] {processor.py:186} INFO - Started process (PID=98) to work on /opt/airflow/dags/5.3-orchestration.py
[2024-08-28T10:23:58.702+0000] {processor.py:914} INFO - Processing file /opt/airflow/dags/5.3-orchestration.py for tasks to queue
[2024-08-28T10:23:58.704+0000] {logging_mixin.py:190} INFO - [2024-08-28T10:23:58.704+0000] {dagbag.py:587} INFO - Filling up the DagBag from /opt/airflow/dags/5.3-orchestration.py
[2024-08-28T10:23:58.722+0000] {processor.py:925} INFO - DAG(s) '5.3-orchestration' retrieved from /opt/airflow/dags/5.3-orchestration.py
[2024-08-28T10:23:58.762+0000] {logging_mixin.py:190} INFO - [2024-08-28T10:23:58.762+0000] {dag.py:3211} INFO - Sync 1 DAGs
[2024-08-28T10:23:58.805+0000] {logging_mixin.py:190} INFO - [2024-08-28T10:23:58.805+0000] {dag.py:4138} INFO - Setting next_dagrun for 5.3-orchestration to None, run_after=None
[2024-08-28T10:23:58.836+0000] {processor.py:208} INFO - Processing /opt/airflow/dags/5.3-orchestration.py took 0.146 seconds
[2024-08-28T10:24:29.531+0000] {processor.py:186} INFO - Started process (PID=110) to work on /opt/airflow/dags/5.3-orchestration.py
[2024-08-28T10:24:29.532+0000] {processor.py:914} INFO - Processing file /opt/airflow/dags/5.3-orchestration.py for tasks to queue
[2024-08-28T10:24:29.535+0000] {logging_mixin.py:190} INFO - [2024-08-28T10:24:29.535+0000] {dagbag.py:587} INFO - Filling up the DagBag from /opt/airflow/dags/5.3-orchestration.py
[2024-08-28T10:24:29.553+0000] {processor.py:925} INFO - DAG(s) '5.3-orchestration' retrieved from /opt/airflow/dags/5.3-orchestration.py
[2024-08-28T10:24:29.604+0000] {logging_mixin.py:190} INFO - [2024-08-28T10:24:29.604+0000] {dag.py:3211} INFO - Sync 1 DAGs
[2024-08-28T10:24:29.658+0000] {logging_mixin.py:190} INFO - [2024-08-28T10:24:29.657+0000] {dag.py:4138} INFO - Setting next_dagrun for 5.3-orchestration to None, run_after=None
[2024-08-28T10:24:29.690+0000] {processor.py:208} INFO - Processing /opt/airflow/dags/5.3-orchestration.py took 0.170 seconds
[2024-08-28T10:25:00.412+0000] {processor.py:186} INFO - Started process (PID=121) to work on /opt/airflow/dags/5.3-orchestration.py
[2024-08-28T10:25:00.413+0000] {processor.py:914} INFO - Processing file /opt/airflow/dags/5.3-orchestration.py for tasks to queue
[2024-08-28T10:25:00.417+0000] {logging_mixin.py:190} INFO - [2024-08-28T10:25:00.416+0000] {dagbag.py:587} INFO - Filling up the DagBag from /opt/airflow/dags/5.3-orchestration.py
[2024-08-28T10:25:00.435+0000] {processor.py:925} INFO - DAG(s) '5.3-orchestration' retrieved from /opt/airflow/dags/5.3-orchestration.py
[2024-08-28T10:25:00.477+0000] {logging_mixin.py:190} INFO - [2024-08-28T10:25:00.477+0000] {dag.py:3211} INFO - Sync 1 DAGs
[2024-08-28T10:25:00.687+0000] {logging_mixin.py:190} INFO - [2024-08-28T10:25:00.686+0000] {dag.py:4138} INFO - Setting next_dagrun for 5.3-orchestration to None, run_after=None
[2024-08-28T10:25:00.720+0000] {processor.py:208} INFO - Processing /opt/airflow/dags/5.3-orchestration.py took 0.319 seconds
[2024-08-28T10:25:30.893+0000] {processor.py:186} INFO - Started process (PID=133) to work on /opt/airflow/dags/5.3-orchestration.py
[2024-08-28T10:25:30.895+0000] {processor.py:914} INFO - Processing file /opt/airflow/dags/5.3-orchestration.py for tasks to queue
[2024-08-28T10:25:30.898+0000] {logging_mixin.py:190} INFO - [2024-08-28T10:25:30.897+0000] {dagbag.py:587} INFO - Filling up the DagBag from /opt/airflow/dags/5.3-orchestration.py
[2024-08-28T10:25:30.915+0000] {processor.py:925} INFO - DAG(s) '5.3-orchestration' retrieved from /opt/airflow/dags/5.3-orchestration.py
[2024-08-28T10:25:30.956+0000] {logging_mixin.py:190} INFO - [2024-08-28T10:25:30.956+0000] {dag.py:3211} INFO - Sync 1 DAGs
[2024-08-28T10:25:31.170+0000] {logging_mixin.py:190} INFO - [2024-08-28T10:25:31.169+0000] {dag.py:4138} INFO - Setting next_dagrun for 5.3-orchestration to None, run_after=None
[2024-08-28T10:25:31.196+0000] {processor.py:208} INFO - Processing /opt/airflow/dags/5.3-orchestration.py took 0.317 seconds
[2024-08-28T10:26:01.401+0000] {processor.py:186} INFO - Started process (PID=145) to work on /opt/airflow/dags/5.3-orchestration.py
[2024-08-28T10:26:01.402+0000] {processor.py:914} INFO - Processing file /opt/airflow/dags/5.3-orchestration.py for tasks to queue
[2024-08-28T10:26:01.406+0000] {logging_mixin.py:190} INFO - [2024-08-28T10:26:01.405+0000] {dagbag.py:587} INFO - Filling up the DagBag from /opt/airflow/dags/5.3-orchestration.py
[2024-08-28T10:26:01.423+0000] {processor.py:925} INFO - DAG(s) '5.3-orchestration' retrieved from /opt/airflow/dags/5.3-orchestration.py
[2024-08-28T10:26:01.644+0000] {logging_mixin.py:190} INFO - [2024-08-28T10:26:01.644+0000] {dag.py:3211} INFO - Sync 1 DAGs
[2024-08-28T10:26:01.683+0000] {logging_mixin.py:190} INFO - [2024-08-28T10:26:01.683+0000] {dag.py:4138} INFO - Setting next_dagrun for 5.3-orchestration to None, run_after=None
[2024-08-28T10:26:01.707+0000] {processor.py:208} INFO - Processing /opt/airflow/dags/5.3-orchestration.py took 0.316 seconds
[2024-08-28T10:26:32.056+0000] {processor.py:186} INFO - Started process (PID=157) to work on /opt/airflow/dags/5.3-orchestration.py
[2024-08-28T10:26:32.058+0000] {processor.py:914} INFO - Processing file /opt/airflow/dags/5.3-orchestration.py for tasks to queue
[2024-08-28T10:26:32.061+0000] {logging_mixin.py:190} INFO - [2024-08-28T10:26:32.060+0000] {dagbag.py:587} INFO - Filling up the DagBag from /opt/airflow/dags/5.3-orchestration.py
[2024-08-28T10:26:32.251+0000] {processor.py:925} INFO - DAG(s) '5.3-orchestration' retrieved from /opt/airflow/dags/5.3-orchestration.py
[2024-08-28T10:26:32.289+0000] {logging_mixin.py:190} INFO - [2024-08-28T10:26:32.289+0000] {dag.py:3211} INFO - Sync 1 DAGs
[2024-08-28T10:26:32.333+0000] {logging_mixin.py:190} INFO - [2024-08-28T10:26:32.333+0000] {dag.py:4138} INFO - Setting next_dagrun for 5.3-orchestration to None, run_after=None
[2024-08-28T10:26:32.363+0000] {processor.py:208} INFO - Processing /opt/airflow/dags/5.3-orchestration.py took 0.316 seconds
[2024-08-28T10:27:02.938+0000] {processor.py:186} INFO - Started process (PID=169) to work on /opt/airflow/dags/5.3-orchestration.py
[2024-08-28T10:27:02.939+0000] {processor.py:914} INFO - Processing file /opt/airflow/dags/5.3-orchestration.py for tasks to queue
[2024-08-28T10:27:02.942+0000] {logging_mixin.py:190} INFO - [2024-08-28T10:27:02.941+0000] {dagbag.py:587} INFO - Filling up the DagBag from /opt/airflow/dags/5.3-orchestration.py
[2024-08-28T10:27:02.959+0000] {processor.py:925} INFO - DAG(s) '5.3-orchestration' retrieved from /opt/airflow/dags/5.3-orchestration.py
[2024-08-28T10:27:03.003+0000] {logging_mixin.py:190} INFO - [2024-08-28T10:27:03.003+0000] {dag.py:3211} INFO - Sync 1 DAGs
[2024-08-28T10:27:03.055+0000] {logging_mixin.py:190} INFO - [2024-08-28T10:27:03.054+0000] {dag.py:4138} INFO - Setting next_dagrun for 5.3-orchestration to None, run_after=None
[2024-08-28T10:27:03.083+0000] {processor.py:208} INFO - Processing /opt/airflow/dags/5.3-orchestration.py took 0.154 seconds
[2024-08-28T10:27:33.986+0000] {processor.py:186} INFO - Started process (PID=180) to work on /opt/airflow/dags/5.3-orchestration.py
[2024-08-28T10:27:33.987+0000] {processor.py:914} INFO - Processing file /opt/airflow/dags/5.3-orchestration.py for tasks to queue
[2024-08-28T10:27:33.992+0000] {logging_mixin.py:190} INFO - [2024-08-28T10:27:33.992+0000] {dagbag.py:587} INFO - Filling up the DagBag from /opt/airflow/dags/5.3-orchestration.py
[2024-08-28T10:27:34.010+0000] {processor.py:925} INFO - DAG(s) '5.3-orchestration' retrieved from /opt/airflow/dags/5.3-orchestration.py
[2024-08-28T10:27:34.053+0000] {logging_mixin.py:190} INFO - [2024-08-28T10:27:34.053+0000] {dag.py:3211} INFO - Sync 1 DAGs
[2024-08-28T10:27:34.094+0000] {logging_mixin.py:190} INFO - [2024-08-28T10:27:34.094+0000] {dag.py:4138} INFO - Setting next_dagrun for 5.3-orchestration to None, run_after=None
[2024-08-28T10:27:34.123+0000] {processor.py:208} INFO - Processing /opt/airflow/dags/5.3-orchestration.py took 0.147 seconds
[2024-08-28T10:28:04.831+0000] {processor.py:186} INFO - Started process (PID=191) to work on /opt/airflow/dags/5.3-orchestration.py
[2024-08-28T10:28:04.832+0000] {processor.py:914} INFO - Processing file /opt/airflow/dags/5.3-orchestration.py for tasks to queue
[2024-08-28T10:28:04.835+0000] {logging_mixin.py:190} INFO - [2024-08-28T10:28:04.834+0000] {dagbag.py:587} INFO - Filling up the DagBag from /opt/airflow/dags/5.3-orchestration.py
[2024-08-28T10:28:04.851+0000] {processor.py:925} INFO - DAG(s) '5.3-orchestration' retrieved from /opt/airflow/dags/5.3-orchestration.py
[2024-08-28T10:28:04.902+0000] {logging_mixin.py:190} INFO - [2024-08-28T10:28:04.901+0000] {dag.py:3211} INFO - Sync 1 DAGs
[2024-08-28T10:28:04.958+0000] {logging_mixin.py:190} INFO - [2024-08-28T10:28:04.957+0000] {dag.py:4138} INFO - Setting next_dagrun for 5.3-orchestration to None, run_after=None
[2024-08-28T10:28:04.988+0000] {processor.py:208} INFO - Processing /opt/airflow/dags/5.3-orchestration.py took 0.169 seconds
[2024-08-28T10:28:35.682+0000] {processor.py:186} INFO - Started process (PID=203) to work on /opt/airflow/dags/5.3-orchestration.py
[2024-08-28T10:28:35.683+0000] {processor.py:914} INFO - Processing file /opt/airflow/dags/5.3-orchestration.py for tasks to queue
[2024-08-28T10:28:35.687+0000] {logging_mixin.py:190} INFO - [2024-08-28T10:28:35.686+0000] {dagbag.py:587} INFO - Filling up the DagBag from /opt/airflow/dags/5.3-orchestration.py
[2024-08-28T10:28:35.704+0000] {processor.py:925} INFO - DAG(s) '5.3-orchestration' retrieved from /opt/airflow/dags/5.3-orchestration.py
[2024-08-28T10:28:35.744+0000] {logging_mixin.py:190} INFO - [2024-08-28T10:28:35.743+0000] {dag.py:3211} INFO - Sync 1 DAGs
[2024-08-28T10:28:35.783+0000] {logging_mixin.py:190} INFO - [2024-08-28T10:28:35.783+0000] {dag.py:4138} INFO - Setting next_dagrun for 5.3-orchestration to None, run_after=None
[2024-08-28T10:28:35.808+0000] {processor.py:208} INFO - Processing /opt/airflow/dags/5.3-orchestration.py took 0.136 seconds
[2024-08-28T10:29:06.519+0000] {processor.py:186} INFO - Started process (PID=214) to work on /opt/airflow/dags/5.3-orchestration.py
[2024-08-28T10:29:06.520+0000] {processor.py:914} INFO - Processing file /opt/airflow/dags/5.3-orchestration.py for tasks to queue
[2024-08-28T10:29:06.524+0000] {logging_mixin.py:190} INFO - [2024-08-28T10:29:06.523+0000] {dagbag.py:587} INFO - Filling up the DagBag from /opt/airflow/dags/5.3-orchestration.py
[2024-08-28T10:29:06.541+0000] {processor.py:925} INFO - DAG(s) '5.3-orchestration' retrieved from /opt/airflow/dags/5.3-orchestration.py
[2024-08-28T10:29:06.581+0000] {logging_mixin.py:190} INFO - [2024-08-28T10:29:06.580+0000] {dag.py:3211} INFO - Sync 1 DAGs
[2024-08-28T10:29:06.623+0000] {logging_mixin.py:190} INFO - [2024-08-28T10:29:06.623+0000] {dag.py:4138} INFO - Setting next_dagrun for 5.3-orchestration to None, run_after=None
[2024-08-28T10:29:06.649+0000] {processor.py:208} INFO - Processing /opt/airflow/dags/5.3-orchestration.py took 0.141 seconds
[2024-08-28T10:29:37.403+0000] {processor.py:186} INFO - Started process (PID=225) to work on /opt/airflow/dags/5.3-orchestration.py
[2024-08-28T10:29:37.404+0000] {processor.py:914} INFO - Processing file /opt/airflow/dags/5.3-orchestration.py for tasks to queue
[2024-08-28T10:29:37.409+0000] {logging_mixin.py:190} INFO - [2024-08-28T10:29:37.408+0000] {dagbag.py:587} INFO - Filling up the DagBag from /opt/airflow/dags/5.3-orchestration.py
[2024-08-28T10:29:37.426+0000] {processor.py:925} INFO - DAG(s) '5.3-orchestration' retrieved from /opt/airflow/dags/5.3-orchestration.py
[2024-08-28T10:29:37.472+0000] {logging_mixin.py:190} INFO - [2024-08-28T10:29:37.471+0000] {dag.py:3211} INFO - Sync 1 DAGs
[2024-08-28T10:29:37.533+0000] {logging_mixin.py:190} INFO - [2024-08-28T10:29:37.532+0000] {dag.py:4138} INFO - Setting next_dagrun for 5.3-orchestration to None, run_after=None
[2024-08-28T10:29:37.569+0000] {processor.py:208} INFO - Processing /opt/airflow/dags/5.3-orchestration.py took 0.180 seconds
[2024-08-28T10:30:08.564+0000] {processor.py:186} INFO - Started process (PID=243) to work on /opt/airflow/dags/5.3-orchestration.py
[2024-08-28T10:30:08.566+0000] {processor.py:914} INFO - Processing file /opt/airflow/dags/5.3-orchestration.py for tasks to queue
[2024-08-28T10:30:08.569+0000] {logging_mixin.py:190} INFO - [2024-08-28T10:30:08.568+0000] {dagbag.py:587} INFO - Filling up the DagBag from /opt/airflow/dags/5.3-orchestration.py
[2024-08-28T10:30:08.586+0000] {processor.py:925} INFO - DAG(s) '5.3-orchestration' retrieved from /opt/airflow/dags/5.3-orchestration.py
[2024-08-28T10:30:08.627+0000] {logging_mixin.py:190} INFO - [2024-08-28T10:30:08.627+0000] {dag.py:3211} INFO - Sync 1 DAGs
[2024-08-28T10:30:08.667+0000] {logging_mixin.py:190} INFO - [2024-08-28T10:30:08.667+0000] {dag.py:4138} INFO - Setting next_dagrun for 5.3-orchestration to None, run_after=None
[2024-08-28T10:30:08.693+0000] {processor.py:208} INFO - Processing /opt/airflow/dags/5.3-orchestration.py took 0.144 seconds
[2024-08-28T10:30:39.434+0000] {processor.py:186} INFO - Started process (PID=255) to work on /opt/airflow/dags/5.3-orchestration.py
[2024-08-28T10:30:39.436+0000] {processor.py:914} INFO - Processing file /opt/airflow/dags/5.3-orchestration.py for tasks to queue
[2024-08-28T10:30:39.439+0000] {logging_mixin.py:190} INFO - [2024-08-28T10:30:39.439+0000] {dagbag.py:587} INFO - Filling up the DagBag from /opt/airflow/dags/5.3-orchestration.py
[2024-08-28T10:30:39.459+0000] {processor.py:925} INFO - DAG(s) '5.3-orchestration' retrieved from /opt/airflow/dags/5.3-orchestration.py
[2024-08-28T10:30:39.504+0000] {logging_mixin.py:190} INFO - [2024-08-28T10:30:39.504+0000] {dag.py:3211} INFO - Sync 1 DAGs
[2024-08-28T10:30:39.548+0000] {logging_mixin.py:190} INFO - [2024-08-28T10:30:39.547+0000] {dag.py:4138} INFO - Setting next_dagrun for 5.3-orchestration to None, run_after=None
[2024-08-28T10:30:39.578+0000] {processor.py:208} INFO - Processing /opt/airflow/dags/5.3-orchestration.py took 0.154 seconds
[2024-08-28T10:31:10.255+0000] {processor.py:186} INFO - Started process (PID=267) to work on /opt/airflow/dags/5.3-orchestration.py
[2024-08-28T10:31:10.256+0000] {processor.py:914} INFO - Processing file /opt/airflow/dags/5.3-orchestration.py for tasks to queue
[2024-08-28T10:31:10.260+0000] {logging_mixin.py:190} INFO - [2024-08-28T10:31:10.260+0000] {dagbag.py:587} INFO - Filling up the DagBag from /opt/airflow/dags/5.3-orchestration.py
[2024-08-28T10:31:10.277+0000] {processor.py:925} INFO - DAG(s) '5.3-orchestration' retrieved from /opt/airflow/dags/5.3-orchestration.py
[2024-08-28T10:31:10.327+0000] {logging_mixin.py:190} INFO - [2024-08-28T10:31:10.326+0000] {dag.py:3211} INFO - Sync 1 DAGs
[2024-08-28T10:31:10.380+0000] {logging_mixin.py:190} INFO - [2024-08-28T10:31:10.380+0000] {dag.py:4138} INFO - Setting next_dagrun for 5.3-orchestration to None, run_after=None
[2024-08-28T10:31:10.413+0000] {processor.py:208} INFO - Processing /opt/airflow/dags/5.3-orchestration.py took 0.167 seconds
[2024-08-28T10:31:41.104+0000] {processor.py:186} INFO - Started process (PID=279) to work on /opt/airflow/dags/5.3-orchestration.py
[2024-08-28T10:31:41.106+0000] {processor.py:914} INFO - Processing file /opt/airflow/dags/5.3-orchestration.py for tasks to queue
[2024-08-28T10:31:41.111+0000] {logging_mixin.py:190} INFO - [2024-08-28T10:31:41.111+0000] {dagbag.py:587} INFO - Filling up the DagBag from /opt/airflow/dags/5.3-orchestration.py
[2024-08-28T10:31:41.133+0000] {processor.py:925} INFO - DAG(s) '5.3-orchestration' retrieved from /opt/airflow/dags/5.3-orchestration.py
[2024-08-28T10:31:41.178+0000] {logging_mixin.py:190} INFO - [2024-08-28T10:31:41.178+0000] {dag.py:3211} INFO - Sync 1 DAGs
[2024-08-28T10:31:41.232+0000] {logging_mixin.py:190} INFO - [2024-08-28T10:31:41.231+0000] {dag.py:4138} INFO - Setting next_dagrun for 5.3-orchestration to None, run_after=None
[2024-08-28T10:31:41.260+0000] {processor.py:208} INFO - Processing /opt/airflow/dags/5.3-orchestration.py took 0.170 seconds
[2024-08-28T10:32:11.937+0000] {processor.py:186} INFO - Started process (PID=292) to work on /opt/airflow/dags/5.3-orchestration.py
[2024-08-28T10:32:11.938+0000] {processor.py:914} INFO - Processing file /opt/airflow/dags/5.3-orchestration.py for tasks to queue
[2024-08-28T10:32:11.941+0000] {logging_mixin.py:190} INFO - [2024-08-28T10:32:11.941+0000] {dagbag.py:587} INFO - Filling up the DagBag from /opt/airflow/dags/5.3-orchestration.py
[2024-08-28T10:32:11.958+0000] {processor.py:925} INFO - DAG(s) '5.3-orchestration' retrieved from /opt/airflow/dags/5.3-orchestration.py
[2024-08-28T10:32:12.005+0000] {logging_mixin.py:190} INFO - [2024-08-28T10:32:12.004+0000] {dag.py:3211} INFO - Sync 1 DAGs
[2024-08-28T10:32:12.052+0000] {logging_mixin.py:190} INFO - [2024-08-28T10:32:12.052+0000] {dag.py:4138} INFO - Setting next_dagrun for 5.3-orchestration to None, run_after=None
[2024-08-28T10:32:12.082+0000] {processor.py:208} INFO - Processing /opt/airflow/dags/5.3-orchestration.py took 0.157 seconds
[2024-08-28T10:32:42.804+0000] {processor.py:186} INFO - Started process (PID=305) to work on /opt/airflow/dags/5.3-orchestration.py
[2024-08-28T10:32:42.807+0000] {processor.py:914} INFO - Processing file /opt/airflow/dags/5.3-orchestration.py for tasks to queue
[2024-08-28T10:32:42.812+0000] {logging_mixin.py:190} INFO - [2024-08-28T10:32:42.811+0000] {dagbag.py:587} INFO - Filling up the DagBag from /opt/airflow/dags/5.3-orchestration.py
[2024-08-28T10:32:42.830+0000] {processor.py:925} INFO - DAG(s) '5.3-orchestration' retrieved from /opt/airflow/dags/5.3-orchestration.py
[2024-08-28T10:32:42.877+0000] {logging_mixin.py:190} INFO - [2024-08-28T10:32:42.876+0000] {dag.py:3211} INFO - Sync 1 DAGs
[2024-08-28T10:32:42.930+0000] {logging_mixin.py:190} INFO - [2024-08-28T10:32:42.930+0000] {dag.py:4138} INFO - Setting next_dagrun for 5.3-orchestration to None, run_after=None
[2024-08-28T10:32:42.957+0000] {processor.py:208} INFO - Processing /opt/airflow/dags/5.3-orchestration.py took 0.162 seconds
[2024-08-28T10:33:13.612+0000] {processor.py:186} INFO - Started process (PID=317) to work on /opt/airflow/dags/5.3-orchestration.py
[2024-08-28T10:33:13.613+0000] {processor.py:914} INFO - Processing file /opt/airflow/dags/5.3-orchestration.py for tasks to queue
[2024-08-28T10:33:13.618+0000] {logging_mixin.py:190} INFO - [2024-08-28T10:33:13.618+0000] {dagbag.py:587} INFO - Filling up the DagBag from /opt/airflow/dags/5.3-orchestration.py
[2024-08-28T10:33:13.640+0000] {processor.py:925} INFO - DAG(s) '5.3-orchestration' retrieved from /opt/airflow/dags/5.3-orchestration.py
[2024-08-28T10:33:13.685+0000] {logging_mixin.py:190} INFO - [2024-08-28T10:33:13.685+0000] {dag.py:3211} INFO - Sync 1 DAGs
[2024-08-28T10:33:13.726+0000] {logging_mixin.py:190} INFO - [2024-08-28T10:33:13.725+0000] {dag.py:4138} INFO - Setting next_dagrun for 5.3-orchestration to None, run_after=None
[2024-08-28T10:33:13.753+0000] {processor.py:208} INFO - Processing /opt/airflow/dags/5.3-orchestration.py took 0.153 seconds
[2024-08-28T10:33:44.416+0000] {processor.py:186} INFO - Started process (PID=328) to work on /opt/airflow/dags/5.3-orchestration.py
[2024-08-28T10:33:44.431+0000] {processor.py:914} INFO - Processing file /opt/airflow/dags/5.3-orchestration.py for tasks to queue
[2024-08-28T10:33:44.437+0000] {logging_mixin.py:190} INFO - [2024-08-28T10:33:44.436+0000] {dagbag.py:587} INFO - Filling up the DagBag from /opt/airflow/dags/5.3-orchestration.py
[2024-08-28T10:33:44.467+0000] {processor.py:925} INFO - DAG(s) '5.3-orchestration' retrieved from /opt/airflow/dags/5.3-orchestration.py
[2024-08-28T10:33:44.532+0000] {logging_mixin.py:190} INFO - [2024-08-28T10:33:44.532+0000] {dag.py:3211} INFO - Sync 1 DAGs
[2024-08-28T10:33:44.594+0000] {logging_mixin.py:190} INFO - [2024-08-28T10:33:44.594+0000] {dag.py:4138} INFO - Setting next_dagrun for 5.3-orchestration to None, run_after=None
[2024-08-28T10:33:44.633+0000] {processor.py:208} INFO - Processing /opt/airflow/dags/5.3-orchestration.py took 0.231 seconds
[2024-08-28T10:34:15.533+0000] {processor.py:186} INFO - Started process (PID=339) to work on /opt/airflow/dags/5.3-orchestration.py
[2024-08-28T10:34:15.534+0000] {processor.py:914} INFO - Processing file /opt/airflow/dags/5.3-orchestration.py for tasks to queue
[2024-08-28T10:34:15.539+0000] {logging_mixin.py:190} INFO - [2024-08-28T10:34:15.539+0000] {dagbag.py:587} INFO - Filling up the DagBag from /opt/airflow/dags/5.3-orchestration.py
[2024-08-28T10:34:15.578+0000] {processor.py:925} INFO - DAG(s) '5.3-orchestration' retrieved from /opt/airflow/dags/5.3-orchestration.py
[2024-08-28T10:34:15.637+0000] {logging_mixin.py:190} INFO - [2024-08-28T10:34:15.636+0000] {dag.py:3211} INFO - Sync 1 DAGs
[2024-08-28T10:34:15.701+0000] {logging_mixin.py:190} INFO - [2024-08-28T10:34:15.700+0000] {dag.py:4138} INFO - Setting next_dagrun for 5.3-orchestration to None, run_after=None
[2024-08-28T10:34:15.754+0000] {processor.py:208} INFO - Processing /opt/airflow/dags/5.3-orchestration.py took 0.236 seconds
[2024-08-28T10:34:46.553+0000] {processor.py:186} INFO - Started process (PID=351) to work on /opt/airflow/dags/5.3-orchestration.py
[2024-08-28T10:34:46.701+0000] {processor.py:914} INFO - Processing file /opt/airflow/dags/5.3-orchestration.py for tasks to queue
[2024-08-28T10:34:46.704+0000] {logging_mixin.py:190} INFO - [2024-08-28T10:34:46.703+0000] {dagbag.py:587} INFO - Filling up the DagBag from /opt/airflow/dags/5.3-orchestration.py
[2024-08-28T10:34:46.724+0000] {processor.py:925} INFO - DAG(s) '5.3-orchestration' retrieved from /opt/airflow/dags/5.3-orchestration.py
[2024-08-28T10:34:46.803+0000] {logging_mixin.py:190} INFO - [2024-08-28T10:34:46.802+0000] {dag.py:3211} INFO - Sync 1 DAGs
[2024-08-28T10:34:46.979+0000] {logging_mixin.py:190} INFO - [2024-08-28T10:34:46.978+0000] {dag.py:4138} INFO - Setting next_dagrun for 5.3-orchestration to None, run_after=None
[2024-08-28T10:34:47.103+0000] {processor.py:208} INFO - Processing /opt/airflow/dags/5.3-orchestration.py took 0.563 seconds
[2024-08-28T10:35:17.296+0000] {processor.py:186} INFO - Started process (PID=363) to work on /opt/airflow/dags/5.3-orchestration.py
[2024-08-28T10:35:17.297+0000] {processor.py:914} INFO - Processing file /opt/airflow/dags/5.3-orchestration.py for tasks to queue
[2024-08-28T10:35:17.302+0000] {logging_mixin.py:190} INFO - [2024-08-28T10:35:17.301+0000] {dagbag.py:587} INFO - Filling up the DagBag from /opt/airflow/dags/5.3-orchestration.py
[2024-08-28T10:35:17.322+0000] {processor.py:925} INFO - DAG(s) '5.3-orchestration' retrieved from /opt/airflow/dags/5.3-orchestration.py
[2024-08-28T10:35:17.366+0000] {logging_mixin.py:190} INFO - [2024-08-28T10:35:17.365+0000] {dag.py:3211} INFO - Sync 1 DAGs
[2024-08-28T10:35:17.409+0000] {logging_mixin.py:190} INFO - [2024-08-28T10:35:17.409+0000] {dag.py:4138} INFO - Setting next_dagrun for 5.3-orchestration to None, run_after=None
[2024-08-28T10:35:17.436+0000] {processor.py:208} INFO - Processing /opt/airflow/dags/5.3-orchestration.py took 0.150 seconds
[2024-08-28T10:35:47.658+0000] {processor.py:186} INFO - Started process (PID=375) to work on /opt/airflow/dags/5.3-orchestration.py
[2024-08-28T10:35:47.684+0000] {processor.py:914} INFO - Processing file /opt/airflow/dags/5.3-orchestration.py for tasks to queue
[2024-08-28T10:35:47.690+0000] {logging_mixin.py:190} INFO - [2024-08-28T10:35:47.689+0000] {dagbag.py:587} INFO - Filling up the DagBag from /opt/airflow/dags/5.3-orchestration.py
[2024-08-28T10:35:47.713+0000] {processor.py:925} INFO - DAG(s) '5.3-orchestration' retrieved from /opt/airflow/dags/5.3-orchestration.py
[2024-08-28T10:35:47.773+0000] {logging_mixin.py:190} INFO - [2024-08-28T10:35:47.772+0000] {dag.py:3211} INFO - Sync 1 DAGs
[2024-08-28T10:35:47.835+0000] {logging_mixin.py:190} INFO - [2024-08-28T10:35:47.835+0000] {dag.py:4138} INFO - Setting next_dagrun for 5.3-orchestration to None, run_after=None
[2024-08-28T10:35:47.883+0000] {processor.py:208} INFO - Processing /opt/airflow/dags/5.3-orchestration.py took 0.242 seconds
[2024-08-28T10:36:18.750+0000] {processor.py:186} INFO - Started process (PID=387) to work on /opt/airflow/dags/5.3-orchestration.py
[2024-08-28T10:36:18.751+0000] {processor.py:914} INFO - Processing file /opt/airflow/dags/5.3-orchestration.py for tasks to queue
[2024-08-28T10:36:18.755+0000] {logging_mixin.py:190} INFO - [2024-08-28T10:36:18.755+0000] {dagbag.py:587} INFO - Filling up the DagBag from /opt/airflow/dags/5.3-orchestration.py
[2024-08-28T10:36:18.780+0000] {processor.py:925} INFO - DAG(s) '5.3-orchestration' retrieved from /opt/airflow/dags/5.3-orchestration.py
[2024-08-28T10:36:18.837+0000] {logging_mixin.py:190} INFO - [2024-08-28T10:36:18.837+0000] {dag.py:3211} INFO - Sync 1 DAGs
[2024-08-28T10:36:18.886+0000] {logging_mixin.py:190} INFO - [2024-08-28T10:36:18.886+0000] {dag.py:4138} INFO - Setting next_dagrun for 5.3-orchestration to None, run_after=None
[2024-08-28T10:36:18.926+0000] {processor.py:208} INFO - Processing /opt/airflow/dags/5.3-orchestration.py took 0.189 seconds
[2024-08-28T10:36:49.635+0000] {processor.py:186} INFO - Started process (PID=399) to work on /opt/airflow/dags/5.3-orchestration.py
[2024-08-28T10:36:49.743+0000] {processor.py:914} INFO - Processing file /opt/airflow/dags/5.3-orchestration.py for tasks to queue
[2024-08-28T10:36:49.751+0000] {logging_mixin.py:190} INFO - [2024-08-28T10:36:49.750+0000] {dagbag.py:587} INFO - Filling up the DagBag from /opt/airflow/dags/5.3-orchestration.py
[2024-08-28T10:36:49.789+0000] {processor.py:925} INFO - DAG(s) '5.3-orchestration' retrieved from /opt/airflow/dags/5.3-orchestration.py
[2024-08-28T10:36:49.848+0000] {logging_mixin.py:190} INFO - [2024-08-28T10:36:49.848+0000] {dag.py:3211} INFO - Sync 1 DAGs
[2024-08-28T10:36:49.951+0000] {logging_mixin.py:190} INFO - [2024-08-28T10:36:49.951+0000] {dag.py:4138} INFO - Setting next_dagrun for 5.3-orchestration to None, run_after=None
[2024-08-28T10:36:49.994+0000] {processor.py:208} INFO - Processing /opt/airflow/dags/5.3-orchestration.py took 0.374 seconds
[2024-08-28T10:37:20.124+0000] {processor.py:186} INFO - Started process (PID=410) to work on /opt/airflow/dags/5.3-orchestration.py
[2024-08-28T10:37:20.125+0000] {processor.py:914} INFO - Processing file /opt/airflow/dags/5.3-orchestration.py for tasks to queue
[2024-08-28T10:37:20.130+0000] {logging_mixin.py:190} INFO - [2024-08-28T10:37:20.129+0000] {dagbag.py:587} INFO - Filling up the DagBag from /opt/airflow/dags/5.3-orchestration.py
[2024-08-28T10:37:20.153+0000] {processor.py:925} INFO - DAG(s) '5.3-orchestration' retrieved from /opt/airflow/dags/5.3-orchestration.py
[2024-08-28T10:37:20.204+0000] {logging_mixin.py:190} INFO - [2024-08-28T10:37:20.203+0000] {dag.py:3211} INFO - Sync 1 DAGs
[2024-08-28T10:37:20.252+0000] {logging_mixin.py:190} INFO - [2024-08-28T10:37:20.252+0000] {dag.py:4138} INFO - Setting next_dagrun for 5.3-orchestration to None, run_after=None
[2024-08-28T10:37:20.286+0000] {processor.py:208} INFO - Processing /opt/airflow/dags/5.3-orchestration.py took 0.175 seconds
[2024-08-28T10:37:50.997+0000] {processor.py:186} INFO - Started process (PID=422) to work on /opt/airflow/dags/5.3-orchestration.py
[2024-08-28T10:37:51.025+0000] {processor.py:914} INFO - Processing file /opt/airflow/dags/5.3-orchestration.py for tasks to queue
[2024-08-28T10:37:51.029+0000] {logging_mixin.py:190} INFO - [2024-08-28T10:37:51.029+0000] {dagbag.py:587} INFO - Filling up the DagBag from /opt/airflow/dags/5.3-orchestration.py
[2024-08-28T10:37:51.055+0000] {processor.py:925} INFO - DAG(s) '5.3-orchestration' retrieved from /opt/airflow/dags/5.3-orchestration.py
[2024-08-28T10:37:51.114+0000] {logging_mixin.py:190} INFO - [2024-08-28T10:37:51.114+0000] {dag.py:3211} INFO - Sync 1 DAGs
[2024-08-28T10:37:51.182+0000] {logging_mixin.py:190} INFO - [2024-08-28T10:37:51.182+0000] {dag.py:4138} INFO - Setting next_dagrun for 5.3-orchestration to None, run_after=None
[2024-08-28T10:37:51.225+0000] {processor.py:208} INFO - Processing /opt/airflow/dags/5.3-orchestration.py took 0.244 seconds
[2024-08-28T10:38:22.103+0000] {processor.py:186} INFO - Started process (PID=435) to work on /opt/airflow/dags/5.3-orchestration.py
[2024-08-28T10:38:22.105+0000] {processor.py:914} INFO - Processing file /opt/airflow/dags/5.3-orchestration.py for tasks to queue
[2024-08-28T10:38:22.110+0000] {logging_mixin.py:190} INFO - [2024-08-28T10:38:22.109+0000] {dagbag.py:587} INFO - Filling up the DagBag from /opt/airflow/dags/5.3-orchestration.py
[2024-08-28T10:38:22.138+0000] {processor.py:925} INFO - DAG(s) '5.3-orchestration' retrieved from /opt/airflow/dags/5.3-orchestration.py
[2024-08-28T10:38:22.194+0000] {logging_mixin.py:190} INFO - [2024-08-28T10:38:22.194+0000] {dag.py:3211} INFO - Sync 1 DAGs
[2024-08-28T10:38:22.257+0000] {logging_mixin.py:190} INFO - [2024-08-28T10:38:22.256+0000] {dag.py:4138} INFO - Setting next_dagrun for 5.3-orchestration to None, run_after=None
[2024-08-28T10:38:22.296+0000] {processor.py:208} INFO - Processing /opt/airflow/dags/5.3-orchestration.py took 0.210 seconds
[2024-08-28T10:38:52.843+0000] {processor.py:186} INFO - Started process (PID=446) to work on /opt/airflow/dags/5.3-orchestration.py
[2024-08-28T10:38:52.873+0000] {processor.py:914} INFO - Processing file /opt/airflow/dags/5.3-orchestration.py for tasks to queue
[2024-08-28T10:38:52.877+0000] {logging_mixin.py:190} INFO - [2024-08-28T10:38:52.876+0000] {dagbag.py:587} INFO - Filling up the DagBag from /opt/airflow/dags/5.3-orchestration.py
[2024-08-28T10:38:52.895+0000] {processor.py:925} INFO - DAG(s) '5.3-orchestration' retrieved from /opt/airflow/dags/5.3-orchestration.py
[2024-08-28T10:38:52.936+0000] {logging_mixin.py:190} INFO - [2024-08-28T10:38:52.935+0000] {dag.py:3211} INFO - Sync 1 DAGs
[2024-08-28T10:38:52.982+0000] {logging_mixin.py:190} INFO - [2024-08-28T10:38:52.981+0000] {dag.py:4138} INFO - Setting next_dagrun for 5.3-orchestration to None, run_after=None
[2024-08-28T10:38:53.020+0000] {processor.py:208} INFO - Processing /opt/airflow/dags/5.3-orchestration.py took 0.191 seconds
[2024-08-28T10:39:23.565+0000] {processor.py:186} INFO - Started process (PID=457) to work on /opt/airflow/dags/5.3-orchestration.py
[2024-08-28T10:39:23.566+0000] {processor.py:914} INFO - Processing file /opt/airflow/dags/5.3-orchestration.py for tasks to queue
[2024-08-28T10:39:23.572+0000] {logging_mixin.py:190} INFO - [2024-08-28T10:39:23.571+0000] {dagbag.py:587} INFO - Filling up the DagBag from /opt/airflow/dags/5.3-orchestration.py
[2024-08-28T10:39:23.594+0000] {processor.py:925} INFO - DAG(s) '5.3-orchestration' retrieved from /opt/airflow/dags/5.3-orchestration.py
[2024-08-28T10:39:23.632+0000] {logging_mixin.py:190} INFO - [2024-08-28T10:39:23.631+0000] {dag.py:3211} INFO - Sync 1 DAGs
[2024-08-28T10:39:23.677+0000] {logging_mixin.py:190} INFO - [2024-08-28T10:39:23.676+0000] {dag.py:4138} INFO - Setting next_dagrun for 5.3-orchestration to None, run_after=None
[2024-08-28T10:39:23.707+0000] {processor.py:208} INFO - Processing /opt/airflow/dags/5.3-orchestration.py took 0.156 seconds
[2024-08-28T10:39:54.273+0000] {processor.py:186} INFO - Started process (PID=468) to work on /opt/airflow/dags/5.3-orchestration.py
[2024-08-28T10:39:54.303+0000] {processor.py:914} INFO - Processing file /opt/airflow/dags/5.3-orchestration.py for tasks to queue
[2024-08-28T10:39:54.307+0000] {logging_mixin.py:190} INFO - [2024-08-28T10:39:54.307+0000] {dagbag.py:587} INFO - Filling up the DagBag from /opt/airflow/dags/5.3-orchestration.py
[2024-08-28T10:39:54.331+0000] {processor.py:925} INFO - DAG(s) '5.3-orchestration' retrieved from /opt/airflow/dags/5.3-orchestration.py
[2024-08-28T10:39:54.374+0000] {logging_mixin.py:190} INFO - [2024-08-28T10:39:54.374+0000] {dag.py:3211} INFO - Sync 1 DAGs
[2024-08-28T10:39:54.422+0000] {logging_mixin.py:190} INFO - [2024-08-28T10:39:54.422+0000] {dag.py:4138} INFO - Setting next_dagrun for 5.3-orchestration to None, run_after=None
[2024-08-28T10:39:54.464+0000] {processor.py:208} INFO - Processing /opt/airflow/dags/5.3-orchestration.py took 0.210 seconds
[2024-08-28T10:40:24.811+0000] {processor.py:186} INFO - Started process (PID=480) to work on /opt/airflow/dags/5.3-orchestration.py
[2024-08-28T10:40:24.813+0000] {processor.py:914} INFO - Processing file /opt/airflow/dags/5.3-orchestration.py for tasks to queue
[2024-08-28T10:40:24.817+0000] {logging_mixin.py:190} INFO - [2024-08-28T10:40:24.817+0000] {dagbag.py:587} INFO - Filling up the DagBag from /opt/airflow/dags/5.3-orchestration.py
[2024-08-28T10:40:24.843+0000] {processor.py:925} INFO - DAG(s) '5.3-orchestration' retrieved from /opt/airflow/dags/5.3-orchestration.py
[2024-08-28T10:40:24.903+0000] {logging_mixin.py:190} INFO - [2024-08-28T10:40:24.902+0000] {dag.py:3211} INFO - Sync 1 DAGs
[2024-08-28T10:40:24.952+0000] {logging_mixin.py:190} INFO - [2024-08-28T10:40:24.952+0000] {dag.py:4138} INFO - Setting next_dagrun for 5.3-orchestration to None, run_after=None
[2024-08-28T10:40:24.993+0000] {processor.py:208} INFO - Processing /opt/airflow/dags/5.3-orchestration.py took 0.197 seconds
[2024-08-28T10:40:55.737+0000] {processor.py:186} INFO - Started process (PID=491) to work on /opt/airflow/dags/5.3-orchestration.py
[2024-08-28T10:40:55.738+0000] {processor.py:914} INFO - Processing file /opt/airflow/dags/5.3-orchestration.py for tasks to queue
[2024-08-28T10:40:55.742+0000] {logging_mixin.py:190} INFO - [2024-08-28T10:40:55.741+0000] {dagbag.py:587} INFO - Filling up the DagBag from /opt/airflow/dags/5.3-orchestration.py
[2024-08-28T10:40:55.760+0000] {processor.py:925} INFO - DAG(s) '5.3-orchestration' retrieved from /opt/airflow/dags/5.3-orchestration.py
[2024-08-28T10:40:55.810+0000] {logging_mixin.py:190} INFO - [2024-08-28T10:40:55.809+0000] {dag.py:3211} INFO - Sync 1 DAGs
[2024-08-28T10:40:55.857+0000] {logging_mixin.py:190} INFO - [2024-08-28T10:40:55.856+0000] {dag.py:4138} INFO - Setting next_dagrun for 5.3-orchestration to None, run_after=None
[2024-08-28T10:40:55.884+0000] {processor.py:208} INFO - Processing /opt/airflow/dags/5.3-orchestration.py took 0.157 seconds
[2024-08-28T10:41:26.428+0000] {processor.py:186} INFO - Started process (PID=503) to work on /opt/airflow/dags/5.3-orchestration.py
[2024-08-28T10:41:26.429+0000] {processor.py:914} INFO - Processing file /opt/airflow/dags/5.3-orchestration.py for tasks to queue
[2024-08-28T10:41:26.433+0000] {logging_mixin.py:190} INFO - [2024-08-28T10:41:26.433+0000] {dagbag.py:587} INFO - Filling up the DagBag from /opt/airflow/dags/5.3-orchestration.py
[2024-08-28T10:41:26.459+0000] {processor.py:925} INFO - DAG(s) '5.3-orchestration' retrieved from /opt/airflow/dags/5.3-orchestration.py
[2024-08-28T10:41:26.507+0000] {logging_mixin.py:190} INFO - [2024-08-28T10:41:26.507+0000] {dag.py:3211} INFO - Sync 1 DAGs
[2024-08-28T10:41:26.563+0000] {logging_mixin.py:190} INFO - [2024-08-28T10:41:26.562+0000] {dag.py:4138} INFO - Setting next_dagrun for 5.3-orchestration to None, run_after=None
[2024-08-28T10:41:26.600+0000] {processor.py:208} INFO - Processing /opt/airflow/dags/5.3-orchestration.py took 0.186 seconds
[2024-08-28T10:41:57.192+0000] {processor.py:186} INFO - Started process (PID=514) to work on /opt/airflow/dags/5.3-orchestration.py
[2024-08-28T10:41:57.194+0000] {processor.py:914} INFO - Processing file /opt/airflow/dags/5.3-orchestration.py for tasks to queue
[2024-08-28T10:41:57.199+0000] {logging_mixin.py:190} INFO - [2024-08-28T10:41:57.198+0000] {dagbag.py:587} INFO - Filling up the DagBag from /opt/airflow/dags/5.3-orchestration.py
[2024-08-28T10:41:57.222+0000] {processor.py:925} INFO - DAG(s) '5.3-orchestration' retrieved from /opt/airflow/dags/5.3-orchestration.py
[2024-08-28T10:41:57.266+0000] {logging_mixin.py:190} INFO - [2024-08-28T10:41:57.266+0000] {dag.py:3211} INFO - Sync 1 DAGs
[2024-08-28T10:41:57.314+0000] {logging_mixin.py:190} INFO - [2024-08-28T10:41:57.314+0000] {dag.py:4138} INFO - Setting next_dagrun for 5.3-orchestration to None, run_after=None
[2024-08-28T10:41:57.341+0000] {processor.py:208} INFO - Processing /opt/airflow/dags/5.3-orchestration.py took 0.162 seconds
[2024-08-28T10:42:27.796+0000] {processor.py:186} INFO - Started process (PID=526) to work on /opt/airflow/dags/5.3-orchestration.py
[2024-08-28T10:42:27.798+0000] {processor.py:914} INFO - Processing file /opt/airflow/dags/5.3-orchestration.py for tasks to queue
[2024-08-28T10:42:27.802+0000] {logging_mixin.py:190} INFO - [2024-08-28T10:42:27.801+0000] {dagbag.py:587} INFO - Filling up the DagBag from /opt/airflow/dags/5.3-orchestration.py
[2024-08-28T10:42:27.823+0000] {processor.py:925} INFO - DAG(s) '5.3-orchestration' retrieved from /opt/airflow/dags/5.3-orchestration.py
[2024-08-28T10:42:27.870+0000] {logging_mixin.py:190} INFO - [2024-08-28T10:42:27.870+0000] {dag.py:3211} INFO - Sync 1 DAGs
[2024-08-28T10:42:27.923+0000] {logging_mixin.py:190} INFO - [2024-08-28T10:42:27.922+0000] {dag.py:4138} INFO - Setting next_dagrun for 5.3-orchestration to None, run_after=None
[2024-08-28T10:42:27.954+0000] {processor.py:208} INFO - Processing /opt/airflow/dags/5.3-orchestration.py took 0.169 seconds
[2024-08-28T10:42:58.484+0000] {processor.py:186} INFO - Started process (PID=537) to work on /opt/airflow/dags/5.3-orchestration.py
[2024-08-28T10:42:58.485+0000] {processor.py:914} INFO - Processing file /opt/airflow/dags/5.3-orchestration.py for tasks to queue
[2024-08-28T10:42:58.489+0000] {logging_mixin.py:190} INFO - [2024-08-28T10:42:58.489+0000] {dagbag.py:587} INFO - Filling up the DagBag from /opt/airflow/dags/5.3-orchestration.py
[2024-08-28T10:42:58.509+0000] {processor.py:925} INFO - DAG(s) '5.3-orchestration' retrieved from /opt/airflow/dags/5.3-orchestration.py
[2024-08-28T10:42:58.550+0000] {logging_mixin.py:190} INFO - [2024-08-28T10:42:58.549+0000] {dag.py:3211} INFO - Sync 1 DAGs
[2024-08-28T10:42:58.599+0000] {logging_mixin.py:190} INFO - [2024-08-28T10:42:58.598+0000] {dag.py:4138} INFO - Setting next_dagrun for 5.3-orchestration to None, run_after=None
[2024-08-28T10:42:58.632+0000] {processor.py:208} INFO - Processing /opt/airflow/dags/5.3-orchestration.py took 0.159 seconds
[2024-08-28T10:43:29.360+0000] {processor.py:186} INFO - Started process (PID=549) to work on /opt/airflow/dags/5.3-orchestration.py
[2024-08-28T10:43:29.362+0000] {processor.py:914} INFO - Processing file /opt/airflow/dags/5.3-orchestration.py for tasks to queue
[2024-08-28T10:43:29.367+0000] {logging_mixin.py:190} INFO - [2024-08-28T10:43:29.366+0000] {dagbag.py:587} INFO - Filling up the DagBag from /opt/airflow/dags/5.3-orchestration.py
[2024-08-28T10:43:29.385+0000] {processor.py:925} INFO - DAG(s) '5.3-orchestration' retrieved from /opt/airflow/dags/5.3-orchestration.py
[2024-08-28T10:43:29.433+0000] {logging_mixin.py:190} INFO - [2024-08-28T10:43:29.433+0000] {dag.py:3211} INFO - Sync 1 DAGs
[2024-08-28T10:43:29.488+0000] {logging_mixin.py:190} INFO - [2024-08-28T10:43:29.487+0000] {dag.py:4138} INFO - Setting next_dagrun for 5.3-orchestration to None, run_after=None
[2024-08-28T10:43:29.520+0000] {processor.py:208} INFO - Processing /opt/airflow/dags/5.3-orchestration.py took 0.170 seconds
[2024-08-28T12:13:41.326+0000] {processor.py:186} INFO - Started process (PID=65) to work on /opt/airflow/dags/5.3-orchestration.py
[2024-08-28T12:13:41.376+0000] {processor.py:914} INFO - Processing file /opt/airflow/dags/5.3-orchestration.py for tasks to queue
[2024-08-28T12:13:41.413+0000] {logging_mixin.py:190} INFO - [2024-08-28T12:13:41.412+0000] {dagbag.py:587} INFO - Filling up the DagBag from /opt/airflow/dags/5.3-orchestration.py
[2024-08-28T12:13:41.547+0000] {processor.py:925} INFO - DAG(s) '5.3-orchestration' retrieved from /opt/airflow/dags/5.3-orchestration.py
[2024-08-28T12:13:41.844+0000] {logging_mixin.py:190} INFO - [2024-08-28T12:13:41.844+0000] {dag.py:3211} INFO - Sync 1 DAGs
[2024-08-28T12:13:42.118+0000] {logging_mixin.py:190} INFO - [2024-08-28T12:13:42.118+0000] {dag.py:4138} INFO - Setting next_dagrun for 5.3-orchestration to None, run_after=None
[2024-08-28T12:13:42.396+0000] {processor.py:208} INFO - Processing /opt/airflow/dags/5.3-orchestration.py took 1.098 seconds
[2024-08-28T12:14:12.829+0000] {processor.py:186} INFO - Started process (PID=77) to work on /opt/airflow/dags/5.3-orchestration.py
[2024-08-28T12:14:12.831+0000] {processor.py:914} INFO - Processing file /opt/airflow/dags/5.3-orchestration.py for tasks to queue
[2024-08-28T12:14:12.853+0000] {logging_mixin.py:190} INFO - [2024-08-28T12:14:12.852+0000] {dagbag.py:587} INFO - Filling up the DagBag from /opt/airflow/dags/5.3-orchestration.py
[2024-08-28T12:14:12.928+0000] {processor.py:925} INFO - DAG(s) '5.3-orchestration' retrieved from /opt/airflow/dags/5.3-orchestration.py
[2024-08-28T12:14:13.028+0000] {logging_mixin.py:190} INFO - [2024-08-28T12:14:13.027+0000] {dag.py:3211} INFO - Sync 1 DAGs
[2024-08-28T12:14:13.092+0000] {logging_mixin.py:190} INFO - [2024-08-28T12:14:13.091+0000] {dag.py:4138} INFO - Setting next_dagrun for 5.3-orchestration to None, run_after=None
[2024-08-28T12:14:13.137+0000] {processor.py:208} INFO - Processing /opt/airflow/dags/5.3-orchestration.py took 0.333 seconds
[2024-08-28T12:14:43.894+0000] {processor.py:186} INFO - Started process (PID=88) to work on /opt/airflow/dags/5.3-orchestration.py
[2024-08-28T12:14:44.136+0000] {processor.py:914} INFO - Processing file /opt/airflow/dags/5.3-orchestration.py for tasks to queue
[2024-08-28T12:14:44.140+0000] {logging_mixin.py:190} INFO - [2024-08-28T12:14:44.139+0000] {dagbag.py:587} INFO - Filling up the DagBag from /opt/airflow/dags/5.3-orchestration.py
[2024-08-28T12:14:44.159+0000] {processor.py:925} INFO - DAG(s) '5.3-orchestration' retrieved from /opt/airflow/dags/5.3-orchestration.py
[2024-08-28T12:14:44.210+0000] {logging_mixin.py:190} INFO - [2024-08-28T12:14:44.210+0000] {dag.py:3211} INFO - Sync 1 DAGs
[2024-08-28T12:14:44.271+0000] {logging_mixin.py:190} INFO - [2024-08-28T12:14:44.271+0000] {dag.py:4138} INFO - Setting next_dagrun for 5.3-orchestration to None, run_after=None
[2024-08-28T12:14:44.323+0000] {processor.py:208} INFO - Processing /opt/airflow/dags/5.3-orchestration.py took 0.440 seconds
[2024-08-28T12:15:14.652+0000] {processor.py:186} INFO - Started process (PID=100) to work on /opt/airflow/dags/5.3-orchestration.py
[2024-08-28T12:15:14.653+0000] {processor.py:914} INFO - Processing file /opt/airflow/dags/5.3-orchestration.py for tasks to queue
[2024-08-28T12:15:14.657+0000] {logging_mixin.py:190} INFO - [2024-08-28T12:15:14.656+0000] {dagbag.py:587} INFO - Filling up the DagBag from /opt/airflow/dags/5.3-orchestration.py
[2024-08-28T12:15:14.679+0000] {processor.py:925} INFO - DAG(s) '5.3-orchestration' retrieved from /opt/airflow/dags/5.3-orchestration.py
[2024-08-28T12:15:14.735+0000] {logging_mixin.py:190} INFO - [2024-08-28T12:15:14.734+0000] {dag.py:3211} INFO - Sync 1 DAGs
[2024-08-28T12:15:14.808+0000] {logging_mixin.py:190} INFO - [2024-08-28T12:15:14.807+0000] {dag.py:4138} INFO - Setting next_dagrun for 5.3-orchestration to None, run_after=None
[2024-08-28T12:15:14.845+0000] {processor.py:208} INFO - Processing /opt/airflow/dags/5.3-orchestration.py took 0.202 seconds
[2024-08-28T12:15:45.666+0000] {processor.py:186} INFO - Started process (PID=112) to work on /opt/airflow/dags/5.3-orchestration.py
[2024-08-28T12:15:45.698+0000] {processor.py:914} INFO - Processing file /opt/airflow/dags/5.3-orchestration.py for tasks to queue
[2024-08-28T12:15:45.703+0000] {logging_mixin.py:190} INFO - [2024-08-28T12:15:45.702+0000] {dagbag.py:587} INFO - Filling up the DagBag from /opt/airflow/dags/5.3-orchestration.py
[2024-08-28T12:15:45.761+0000] {processor.py:925} INFO - DAG(s) '5.3-orchestration' retrieved from /opt/airflow/dags/5.3-orchestration.py
[2024-08-28T12:15:45.841+0000] {logging_mixin.py:190} INFO - [2024-08-28T12:15:45.840+0000] {dag.py:3211} INFO - Sync 1 DAGs
[2024-08-28T12:15:45.959+0000] {logging_mixin.py:190} INFO - [2024-08-28T12:15:45.958+0000] {dag.py:4138} INFO - Setting next_dagrun for 5.3-orchestration to None, run_after=None
[2024-08-28T12:15:46.017+0000] {processor.py:208} INFO - Processing /opt/airflow/dags/5.3-orchestration.py took 0.366 seconds
[2024-08-28T12:16:16.329+0000] {processor.py:186} INFO - Started process (PID=124) to work on /opt/airflow/dags/5.3-orchestration.py
[2024-08-28T12:16:16.330+0000] {processor.py:914} INFO - Processing file /opt/airflow/dags/5.3-orchestration.py for tasks to queue
[2024-08-28T12:16:16.335+0000] {logging_mixin.py:190} INFO - [2024-08-28T12:16:16.335+0000] {dagbag.py:587} INFO - Filling up the DagBag from /opt/airflow/dags/5.3-orchestration.py
[2024-08-28T12:16:16.365+0000] {processor.py:925} INFO - DAG(s) '5.3-orchestration' retrieved from /opt/airflow/dags/5.3-orchestration.py
[2024-08-28T12:16:16.433+0000] {logging_mixin.py:190} INFO - [2024-08-28T12:16:16.433+0000] {dag.py:3211} INFO - Sync 1 DAGs
[2024-08-28T12:16:16.761+0000] {logging_mixin.py:190} INFO - [2024-08-28T12:16:16.761+0000] {dag.py:4138} INFO - Setting next_dagrun for 5.3-orchestration to None, run_after=None
[2024-08-28T12:16:16.828+0000] {processor.py:208} INFO - Processing /opt/airflow/dags/5.3-orchestration.py took 0.513 seconds
[2024-08-28T12:16:47.112+0000] {processor.py:186} INFO - Started process (PID=136) to work on /opt/airflow/dags/5.3-orchestration.py
[2024-08-28T12:16:47.159+0000] {processor.py:914} INFO - Processing file /opt/airflow/dags/5.3-orchestration.py for tasks to queue
[2024-08-28T12:16:47.169+0000] {logging_mixin.py:190} INFO - [2024-08-28T12:16:47.168+0000] {dagbag.py:587} INFO - Filling up the DagBag from /opt/airflow/dags/5.3-orchestration.py
[2024-08-28T12:16:47.274+0000] {processor.py:925} INFO - DAG(s) '5.3-orchestration' retrieved from /opt/airflow/dags/5.3-orchestration.py
[2024-08-28T12:16:47.447+0000] {logging_mixin.py:190} INFO - [2024-08-28T12:16:47.447+0000] {dag.py:3211} INFO - Sync 1 DAGs
[2024-08-28T12:16:48.248+0000] {logging_mixin.py:190} INFO - [2024-08-28T12:16:48.243+0000] {dag.py:4138} INFO - Setting next_dagrun for 5.3-orchestration to None, run_after=None
[2024-08-28T12:16:48.353+0000] {processor.py:208} INFO - Processing /opt/airflow/dags/5.3-orchestration.py took 1.276 seconds
[2024-08-28T12:17:19.103+0000] {processor.py:186} INFO - Started process (PID=148) to work on /opt/airflow/dags/5.3-orchestration.py
[2024-08-28T12:17:19.105+0000] {processor.py:914} INFO - Processing file /opt/airflow/dags/5.3-orchestration.py for tasks to queue
[2024-08-28T12:17:19.112+0000] {logging_mixin.py:190} INFO - [2024-08-28T12:17:19.111+0000] {dagbag.py:587} INFO - Filling up the DagBag from /opt/airflow/dags/5.3-orchestration.py
[2024-08-28T12:17:19.151+0000] {processor.py:925} INFO - DAG(s) '5.3-orchestration' retrieved from /opt/airflow/dags/5.3-orchestration.py
[2024-08-28T12:17:19.488+0000] {logging_mixin.py:190} INFO - [2024-08-28T12:17:19.488+0000] {dag.py:3211} INFO - Sync 1 DAGs
[2024-08-28T12:17:19.614+0000] {logging_mixin.py:190} INFO - [2024-08-28T12:17:19.614+0000] {dag.py:4138} INFO - Setting next_dagrun for 5.3-orchestration to None, run_after=None
[2024-08-28T12:17:19.658+0000] {processor.py:208} INFO - Processing /opt/airflow/dags/5.3-orchestration.py took 0.570 seconds
[2024-08-28T12:17:49.976+0000] {processor.py:186} INFO - Started process (PID=160) to work on /opt/airflow/dags/5.3-orchestration.py
[2024-08-28T12:17:50.000+0000] {processor.py:914} INFO - Processing file /opt/airflow/dags/5.3-orchestration.py for tasks to queue
[2024-08-28T12:17:50.004+0000] {logging_mixin.py:190} INFO - [2024-08-28T12:17:50.004+0000] {dagbag.py:587} INFO - Filling up the DagBag from /opt/airflow/dags/5.3-orchestration.py
[2024-08-28T12:17:50.384+0000] {processor.py:925} INFO - DAG(s) '5.3-orchestration' retrieved from /opt/airflow/dags/5.3-orchestration.py
[2024-08-28T12:17:50.441+0000] {logging_mixin.py:190} INFO - [2024-08-28T12:17:50.440+0000] {dag.py:3211} INFO - Sync 1 DAGs
[2024-08-28T12:17:50.495+0000] {logging_mixin.py:190} INFO - [2024-08-28T12:17:50.494+0000] {dag.py:4138} INFO - Setting next_dagrun for 5.3-orchestration to None, run_after=None
[2024-08-28T12:17:50.530+0000] {processor.py:208} INFO - Processing /opt/airflow/dags/5.3-orchestration.py took 0.569 seconds
