[2024-09-15T02:29:43.718+0000] {processor.py:186} INFO - Started process (PID=50) to work on /opt/airflow/dags/project-beginning.py
[2024-09-15T02:29:43.719+0000] {processor.py:914} INFO - Processing file /opt/airflow/dags/project-beginning.py for tasks to queue
[2024-09-15T02:29:43.724+0000] {logging_mixin.py:190} INFO - [2024-09-15T02:29:43.723+0000] {dagbag.py:587} INFO - Filling up the DagBag from /opt/airflow/dags/project-beginning.py
[2024-09-15T02:29:43.789+0000] {processor.py:925} INFO - DAG(s) 'project_satelite' retrieved from /opt/airflow/dags/project-beginning.py
[2024-09-15T02:29:44.031+0000] {logging_mixin.py:190} INFO - [2024-09-15T02:29:44.030+0000] {dag.py:3211} INFO - Sync 1 DAGs
[2024-09-15T02:29:44.313+0000] {logging_mixin.py:190} INFO - [2024-09-15T02:29:44.312+0000] {dag.py:4138} INFO - Setting next_dagrun for project_satelite to 2024-01-01 07:00:00+00:00, run_after=2024-01-08 07:00:00+00:00
[2024-09-15T02:29:44.533+0000] {processor.py:208} INFO - Processing /opt/airflow/dags/project-beginning.py took 0.840 seconds
[2024-09-15T02:30:15.176+0000] {processor.py:186} INFO - Started process (PID=59) to work on /opt/airflow/dags/project-beginning.py
[2024-09-15T02:30:15.199+0000] {processor.py:914} INFO - Processing file /opt/airflow/dags/project-beginning.py for tasks to queue
[2024-09-15T02:30:15.208+0000] {logging_mixin.py:190} INFO - [2024-09-15T02:30:15.207+0000] {dagbag.py:587} INFO - Filling up the DagBag from /opt/airflow/dags/project-beginning.py
[2024-09-15T02:30:15.287+0000] {processor.py:925} INFO - DAG(s) 'project_satelite' retrieved from /opt/airflow/dags/project-beginning.py
[2024-09-15T02:30:15.335+0000] {logging_mixin.py:190} INFO - [2024-09-15T02:30:15.335+0000] {dag.py:3211} INFO - Sync 1 DAGs
[2024-09-15T02:30:15.397+0000] {logging_mixin.py:190} INFO - [2024-09-15T02:30:15.397+0000] {dag.py:4138} INFO - Setting next_dagrun for project_satelite to 2024-01-01 07:00:00+00:00, run_after=2024-01-08 07:00:00+00:00
[2024-09-15T02:30:15.452+0000] {processor.py:208} INFO - Processing /opt/airflow/dags/project-beginning.py took 0.295 seconds
[2024-09-15T02:30:45.803+0000] {processor.py:186} INFO - Started process (PID=67) to work on /opt/airflow/dags/project-beginning.py
[2024-09-15T02:30:45.804+0000] {processor.py:914} INFO - Processing file /opt/airflow/dags/project-beginning.py for tasks to queue
[2024-09-15T02:30:45.807+0000] {logging_mixin.py:190} INFO - [2024-09-15T02:30:45.807+0000] {dagbag.py:587} INFO - Filling up the DagBag from /opt/airflow/dags/project-beginning.py
[2024-09-15T02:30:45.824+0000] {processor.py:925} INFO - DAG(s) 'project_satelite' retrieved from /opt/airflow/dags/project-beginning.py
[2024-09-15T02:30:45.860+0000] {logging_mixin.py:190} INFO - [2024-09-15T02:30:45.859+0000] {dag.py:3211} INFO - Sync 1 DAGs
[2024-09-15T02:30:45.907+0000] {logging_mixin.py:190} INFO - [2024-09-15T02:30:45.907+0000] {dag.py:4138} INFO - Setting next_dagrun for project_satelite to 2024-01-01 07:00:00+00:00, run_after=2024-01-08 07:00:00+00:00
[2024-09-15T02:30:45.961+0000] {processor.py:208} INFO - Processing /opt/airflow/dags/project-beginning.py took 0.169 seconds
[2024-09-15T02:31:16.276+0000] {processor.py:186} INFO - Started process (PID=77) to work on /opt/airflow/dags/project-beginning.py
[2024-09-15T02:31:16.285+0000] {processor.py:914} INFO - Processing file /opt/airflow/dags/project-beginning.py for tasks to queue
[2024-09-15T02:31:16.290+0000] {logging_mixin.py:190} INFO - [2024-09-15T02:31:16.289+0000] {dagbag.py:587} INFO - Filling up the DagBag from /opt/airflow/dags/project-beginning.py
[2024-09-15T02:31:16.307+0000] {processor.py:925} INFO - DAG(s) 'project_satelite' retrieved from /opt/airflow/dags/project-beginning.py
[2024-09-15T02:31:16.341+0000] {logging_mixin.py:190} INFO - [2024-09-15T02:31:16.341+0000] {dag.py:3211} INFO - Sync 1 DAGs
[2024-09-15T02:31:16.387+0000] {logging_mixin.py:190} INFO - [2024-09-15T02:31:16.387+0000] {dag.py:4138} INFO - Setting next_dagrun for project_satelite to 2024-01-01 07:00:00+00:00, run_after=2024-01-08 07:00:00+00:00
[2024-09-15T02:31:16.444+0000] {processor.py:208} INFO - Processing /opt/airflow/dags/project-beginning.py took 0.177 seconds
[2024-09-15T02:31:46.773+0000] {processor.py:186} INFO - Started process (PID=86) to work on /opt/airflow/dags/project-beginning.py
[2024-09-15T02:31:46.780+0000] {processor.py:914} INFO - Processing file /opt/airflow/dags/project-beginning.py for tasks to queue
[2024-09-15T02:31:46.784+0000] {logging_mixin.py:190} INFO - [2024-09-15T02:31:46.783+0000] {dagbag.py:587} INFO - Filling up the DagBag from /opt/airflow/dags/project-beginning.py
[2024-09-15T02:31:46.803+0000] {processor.py:925} INFO - DAG(s) 'project_satelite' retrieved from /opt/airflow/dags/project-beginning.py
[2024-09-15T02:31:46.844+0000] {logging_mixin.py:190} INFO - [2024-09-15T02:31:46.844+0000] {dag.py:3211} INFO - Sync 1 DAGs
[2024-09-15T02:31:46.892+0000] {logging_mixin.py:190} INFO - [2024-09-15T02:31:46.892+0000] {dag.py:4138} INFO - Setting next_dagrun for project_satelite to 2024-01-01 07:00:00+00:00, run_after=2024-01-08 07:00:00+00:00
[2024-09-15T02:31:47.144+0000] {processor.py:208} INFO - Processing /opt/airflow/dags/project-beginning.py took 0.381 seconds
[2024-09-15T02:32:17.450+0000] {processor.py:186} INFO - Started process (PID=95) to work on /opt/airflow/dags/project-beginning.py
[2024-09-15T02:32:17.470+0000] {processor.py:914} INFO - Processing file /opt/airflow/dags/project-beginning.py for tasks to queue
[2024-09-15T02:32:17.473+0000] {logging_mixin.py:190} INFO - [2024-09-15T02:32:17.473+0000] {dagbag.py:587} INFO - Filling up the DagBag from /opt/airflow/dags/project-beginning.py
[2024-09-15T02:32:17.491+0000] {processor.py:925} INFO - DAG(s) 'project_satelite' retrieved from /opt/airflow/dags/project-beginning.py
[2024-09-15T02:32:17.524+0000] {logging_mixin.py:190} INFO - [2024-09-15T02:32:17.523+0000] {dag.py:3211} INFO - Sync 1 DAGs
[2024-09-15T02:32:17.753+0000] {logging_mixin.py:190} INFO - [2024-09-15T02:32:17.753+0000] {dag.py:4138} INFO - Setting next_dagrun for project_satelite to 2024-01-01 07:00:00+00:00, run_after=2024-01-08 07:00:00+00:00
[2024-09-15T02:32:17.796+0000] {processor.py:208} INFO - Processing /opt/airflow/dags/project-beginning.py took 0.356 seconds
[2024-09-15T02:32:48.098+0000] {processor.py:186} INFO - Started process (PID=104) to work on /opt/airflow/dags/project-beginning.py
[2024-09-15T02:32:48.115+0000] {processor.py:914} INFO - Processing file /opt/airflow/dags/project-beginning.py for tasks to queue
[2024-09-15T02:32:48.119+0000] {logging_mixin.py:190} INFO - [2024-09-15T02:32:48.118+0000] {dagbag.py:587} INFO - Filling up the DagBag from /opt/airflow/dags/project-beginning.py
[2024-09-15T02:32:48.138+0000] {processor.py:925} INFO - DAG(s) 'project_satelite' retrieved from /opt/airflow/dags/project-beginning.py
[2024-09-15T02:32:48.176+0000] {logging_mixin.py:190} INFO - [2024-09-15T02:32:48.176+0000] {dag.py:3211} INFO - Sync 1 DAGs
[2024-09-15T02:32:48.412+0000] {logging_mixin.py:190} INFO - [2024-09-15T02:32:48.411+0000] {dag.py:4138} INFO - Setting next_dagrun for project_satelite to 2024-01-01 07:00:00+00:00, run_after=2024-01-08 07:00:00+00:00
[2024-09-15T02:32:48.458+0000] {processor.py:208} INFO - Processing /opt/airflow/dags/project-beginning.py took 0.369 seconds
[2024-09-15T02:33:18.766+0000] {processor.py:186} INFO - Started process (PID=113) to work on /opt/airflow/dags/project-beginning.py
[2024-09-15T02:33:18.783+0000] {processor.py:914} INFO - Processing file /opt/airflow/dags/project-beginning.py for tasks to queue
[2024-09-15T02:33:18.787+0000] {logging_mixin.py:190} INFO - [2024-09-15T02:33:18.786+0000] {dagbag.py:587} INFO - Filling up the DagBag from /opt/airflow/dags/project-beginning.py
[2024-09-15T02:33:18.802+0000] {processor.py:925} INFO - DAG(s) 'project_satelite' retrieved from /opt/airflow/dags/project-beginning.py
[2024-09-15T02:33:19.023+0000] {logging_mixin.py:190} INFO - [2024-09-15T02:33:19.022+0000] {dag.py:3211} INFO - Sync 1 DAGs
[2024-09-15T02:33:19.067+0000] {logging_mixin.py:190} INFO - [2024-09-15T02:33:19.067+0000] {dag.py:4138} INFO - Setting next_dagrun for project_satelite to 2024-01-01 07:00:00+00:00, run_after=2024-01-08 07:00:00+00:00
[2024-09-15T02:33:19.115+0000] {processor.py:208} INFO - Processing /opt/airflow/dags/project-beginning.py took 0.358 seconds
[2024-09-15T02:33:49.638+0000] {processor.py:186} INFO - Started process (PID=122) to work on /opt/airflow/dags/project-beginning.py
[2024-09-15T02:33:49.657+0000] {processor.py:914} INFO - Processing file /opt/airflow/dags/project-beginning.py for tasks to queue
[2024-09-15T02:33:49.668+0000] {logging_mixin.py:190} INFO - [2024-09-15T02:33:49.667+0000] {dagbag.py:587} INFO - Filling up the DagBag from /opt/airflow/dags/project-beginning.py
[2024-09-15T02:33:49.694+0000] {processor.py:925} INFO - DAG(s) 'project_satelite' retrieved from /opt/airflow/dags/project-beginning.py
[2024-09-15T02:33:49.741+0000] {logging_mixin.py:190} INFO - [2024-09-15T02:33:49.740+0000] {dag.py:3211} INFO - Sync 1 DAGs
[2024-09-15T02:33:49.818+0000] {logging_mixin.py:190} INFO - [2024-09-15T02:33:49.818+0000] {dag.py:4138} INFO - Setting next_dagrun for project_satelite to 2024-01-01 07:00:00+00:00, run_after=2024-01-08 07:00:00+00:00
[2024-09-15T02:33:49.895+0000] {processor.py:208} INFO - Processing /opt/airflow/dags/project-beginning.py took 0.272 seconds
[2024-09-15T02:34:20.211+0000] {processor.py:186} INFO - Started process (PID=131) to work on /opt/airflow/dags/project-beginning.py
[2024-09-15T02:34:20.380+0000] {processor.py:914} INFO - Processing file /opt/airflow/dags/project-beginning.py for tasks to queue
[2024-09-15T02:34:20.391+0000] {logging_mixin.py:190} INFO - [2024-09-15T02:34:20.390+0000] {dagbag.py:587} INFO - Filling up the DagBag from /opt/airflow/dags/project-beginning.py
[2024-09-15T02:34:20.443+0000] {processor.py:925} INFO - DAG(s) 'project_satelite' retrieved from /opt/airflow/dags/project-beginning.py
[2024-09-15T02:34:20.511+0000] {logging_mixin.py:190} INFO - [2024-09-15T02:34:20.511+0000] {dag.py:3211} INFO - Sync 1 DAGs
[2024-09-15T02:34:20.596+0000] {logging_mixin.py:190} INFO - [2024-09-15T02:34:20.595+0000] {dag.py:4138} INFO - Setting next_dagrun for project_satelite to 2024-01-01 07:00:00+00:00, run_after=2024-01-08 07:00:00+00:00
[2024-09-15T02:34:20.633+0000] {processor.py:208} INFO - Processing /opt/airflow/dags/project-beginning.py took 0.434 seconds
[2024-09-15T02:34:50.939+0000] {processor.py:186} INFO - Started process (PID=146) to work on /opt/airflow/dags/project-beginning.py
[2024-09-15T02:34:51.092+0000] {processor.py:914} INFO - Processing file /opt/airflow/dags/project-beginning.py for tasks to queue
[2024-09-15T02:34:51.099+0000] {logging_mixin.py:190} INFO - [2024-09-15T02:34:51.098+0000] {dagbag.py:587} INFO - Filling up the DagBag from /opt/airflow/dags/project-beginning.py
[2024-09-15T02:34:51.123+0000] {processor.py:925} INFO - DAG(s) 'project_satelite' retrieved from /opt/airflow/dags/project-beginning.py
[2024-09-15T02:34:51.162+0000] {logging_mixin.py:190} INFO - [2024-09-15T02:34:51.161+0000] {dag.py:3211} INFO - Sync 1 DAGs
[2024-09-15T02:34:51.225+0000] {logging_mixin.py:190} INFO - [2024-09-15T02:34:51.225+0000] {dag.py:4138} INFO - Setting next_dagrun for project_satelite to 2024-01-01 07:00:00+00:00, run_after=2024-01-08 07:00:00+00:00
[2024-09-15T02:34:51.259+0000] {processor.py:208} INFO - Processing /opt/airflow/dags/project-beginning.py took 0.332 seconds
[2024-09-15T02:35:21.557+0000] {processor.py:186} INFO - Started process (PID=155) to work on /opt/airflow/dags/project-beginning.py
[2024-09-15T02:35:21.893+0000] {processor.py:914} INFO - Processing file /opt/airflow/dags/project-beginning.py for tasks to queue
[2024-09-15T02:35:21.898+0000] {logging_mixin.py:190} INFO - [2024-09-15T02:35:21.897+0000] {dagbag.py:587} INFO - Filling up the DagBag from /opt/airflow/dags/project-beginning.py
[2024-09-15T02:35:21.927+0000] {processor.py:925} INFO - DAG(s) 'project_satelite' retrieved from /opt/airflow/dags/project-beginning.py
[2024-09-15T02:35:21.986+0000] {logging_mixin.py:190} INFO - [2024-09-15T02:35:21.986+0000] {dag.py:3211} INFO - Sync 1 DAGs
[2024-09-15T02:35:22.060+0000] {logging_mixin.py:190} INFO - [2024-09-15T02:35:22.060+0000] {dag.py:4138} INFO - Setting next_dagrun for project_satelite to 2024-01-01 07:00:00+00:00, run_after=2024-01-08 07:00:00+00:00
[2024-09-15T02:35:22.122+0000] {processor.py:208} INFO - Processing /opt/airflow/dags/project-beginning.py took 0.579 seconds
[2024-09-15T02:35:52.438+0000] {processor.py:186} INFO - Started process (PID=165) to work on /opt/airflow/dags/project-beginning.py
[2024-09-15T02:35:52.518+0000] {processor.py:914} INFO - Processing file /opt/airflow/dags/project-beginning.py for tasks to queue
[2024-09-15T02:35:52.523+0000] {logging_mixin.py:190} INFO - [2024-09-15T02:35:52.522+0000] {dagbag.py:587} INFO - Filling up the DagBag from /opt/airflow/dags/project-beginning.py
[2024-09-15T02:35:52.548+0000] {processor.py:925} INFO - DAG(s) 'project_satelite' retrieved from /opt/airflow/dags/project-beginning.py
[2024-09-15T02:35:52.599+0000] {logging_mixin.py:190} INFO - [2024-09-15T02:35:52.598+0000] {dag.py:3211} INFO - Sync 1 DAGs
[2024-09-15T02:35:52.659+0000] {logging_mixin.py:190} INFO - [2024-09-15T02:35:52.658+0000] {dag.py:4138} INFO - Setting next_dagrun for project_satelite to 2024-01-01 07:00:00+00:00, run_after=2024-01-08 07:00:00+00:00
[2024-09-15T02:35:52.693+0000] {processor.py:208} INFO - Processing /opt/airflow/dags/project-beginning.py took 0.264 seconds
[2024-09-15T02:36:22.989+0000] {processor.py:186} INFO - Started process (PID=173) to work on /opt/airflow/dags/project-beginning.py
[2024-09-15T02:36:23.098+0000] {processor.py:914} INFO - Processing file /opt/airflow/dags/project-beginning.py for tasks to queue
[2024-09-15T02:36:23.102+0000] {logging_mixin.py:190} INFO - [2024-09-15T02:36:23.102+0000] {dagbag.py:587} INFO - Filling up the DagBag from /opt/airflow/dags/project-beginning.py
[2024-09-15T02:36:23.130+0000] {processor.py:925} INFO - DAG(s) 'project_satelite' retrieved from /opt/airflow/dags/project-beginning.py
[2024-09-15T02:36:23.171+0000] {logging_mixin.py:190} INFO - [2024-09-15T02:36:23.170+0000] {dag.py:3211} INFO - Sync 1 DAGs
[2024-09-15T02:36:23.220+0000] {logging_mixin.py:190} INFO - [2024-09-15T02:36:23.219+0000] {dag.py:4138} INFO - Setting next_dagrun for project_satelite to 2024-01-01 07:00:00+00:00, run_after=2024-01-08 07:00:00+00:00
[2024-09-15T02:36:23.254+0000] {processor.py:208} INFO - Processing /opt/airflow/dags/project-beginning.py took 0.280 seconds
[2024-09-15T02:36:53.587+0000] {processor.py:186} INFO - Started process (PID=182) to work on /opt/airflow/dags/project-beginning.py
[2024-09-15T02:36:53.687+0000] {processor.py:914} INFO - Processing file /opt/airflow/dags/project-beginning.py for tasks to queue
[2024-09-15T02:36:53.694+0000] {logging_mixin.py:190} INFO - [2024-09-15T02:36:53.693+0000] {dagbag.py:587} INFO - Filling up the DagBag from /opt/airflow/dags/project-beginning.py
[2024-09-15T02:36:53.781+0000] {processor.py:925} INFO - DAG(s) 'project_satelite' retrieved from /opt/airflow/dags/project-beginning.py
[2024-09-15T02:36:53.889+0000] {logging_mixin.py:190} INFO - [2024-09-15T02:36:53.888+0000] {dag.py:3211} INFO - Sync 1 DAGs
[2024-09-15T02:36:53.960+0000] {logging_mixin.py:190} INFO - [2024-09-15T02:36:53.959+0000] {dag.py:4138} INFO - Setting next_dagrun for project_satelite to 2024-01-01 07:00:00+00:00, run_after=2024-01-08 07:00:00+00:00
[2024-09-15T02:36:54.006+0000] {processor.py:208} INFO - Processing /opt/airflow/dags/project-beginning.py took 0.434 seconds
[2024-09-15T02:37:24.382+0000] {processor.py:186} INFO - Started process (PID=191) to work on /opt/airflow/dags/project-beginning.py
[2024-09-15T02:37:24.600+0000] {processor.py:914} INFO - Processing file /opt/airflow/dags/project-beginning.py for tasks to queue
[2024-09-15T02:37:24.606+0000] {logging_mixin.py:190} INFO - [2024-09-15T02:37:24.605+0000] {dagbag.py:587} INFO - Filling up the DagBag from /opt/airflow/dags/project-beginning.py
[2024-09-15T02:37:24.639+0000] {processor.py:925} INFO - DAG(s) 'project_satelite' retrieved from /opt/airflow/dags/project-beginning.py
[2024-09-15T02:37:24.691+0000] {logging_mixin.py:190} INFO - [2024-09-15T02:37:24.691+0000] {dag.py:3211} INFO - Sync 1 DAGs
[2024-09-15T02:37:24.763+0000] {logging_mixin.py:190} INFO - [2024-09-15T02:37:24.763+0000] {dag.py:4138} INFO - Setting next_dagrun for project_satelite to 2024-01-01 07:00:00+00:00, run_after=2024-01-08 07:00:00+00:00
[2024-09-15T02:37:24.825+0000] {processor.py:208} INFO - Processing /opt/airflow/dags/project-beginning.py took 0.469 seconds
[2024-09-15T02:37:55.158+0000] {processor.py:186} INFO - Started process (PID=199) to work on /opt/airflow/dags/project-beginning.py
[2024-09-15T02:37:55.240+0000] {processor.py:914} INFO - Processing file /opt/airflow/dags/project-beginning.py for tasks to queue
[2024-09-15T02:37:55.245+0000] {logging_mixin.py:190} INFO - [2024-09-15T02:37:55.245+0000] {dagbag.py:587} INFO - Filling up the DagBag from /opt/airflow/dags/project-beginning.py
[2024-09-15T02:37:55.271+0000] {processor.py:925} INFO - DAG(s) 'project_satelite' retrieved from /opt/airflow/dags/project-beginning.py
[2024-09-15T02:37:55.359+0000] {logging_mixin.py:190} INFO - [2024-09-15T02:37:55.358+0000] {dag.py:3211} INFO - Sync 1 DAGs
[2024-09-15T02:37:55.439+0000] {logging_mixin.py:190} INFO - [2024-09-15T02:37:55.439+0000] {dag.py:4138} INFO - Setting next_dagrun for project_satelite to 2024-01-01 07:00:00+00:00, run_after=2024-01-08 07:00:00+00:00
[2024-09-15T02:37:55.490+0000] {processor.py:208} INFO - Processing /opt/airflow/dags/project-beginning.py took 0.348 seconds
[2024-09-15T02:38:25.760+0000] {processor.py:186} INFO - Started process (PID=208) to work on /opt/airflow/dags/project-beginning.py
[2024-09-15T02:38:25.777+0000] {processor.py:914} INFO - Processing file /opt/airflow/dags/project-beginning.py for tasks to queue
[2024-09-15T02:38:25.780+0000] {logging_mixin.py:190} INFO - [2024-09-15T02:38:25.780+0000] {dagbag.py:587} INFO - Filling up the DagBag from /opt/airflow/dags/project-beginning.py
[2024-09-15T02:38:25.802+0000] {processor.py:925} INFO - DAG(s) 'project_satelite' retrieved from /opt/airflow/dags/project-beginning.py
[2024-09-15T02:38:25.854+0000] {logging_mixin.py:190} INFO - [2024-09-15T02:38:25.854+0000] {dag.py:3211} INFO - Sync 1 DAGs
[2024-09-15T02:38:25.913+0000] {logging_mixin.py:190} INFO - [2024-09-15T02:38:25.913+0000] {dag.py:4138} INFO - Setting next_dagrun for project_satelite to 2024-01-01 07:00:00+00:00, run_after=2024-01-08 07:00:00+00:00
[2024-09-15T02:38:25.943+0000] {processor.py:208} INFO - Processing /opt/airflow/dags/project-beginning.py took 0.198 seconds
[2024-09-15T02:38:56.225+0000] {processor.py:186} INFO - Started process (PID=217) to work on /opt/airflow/dags/project-beginning.py
[2024-09-15T02:38:56.290+0000] {processor.py:914} INFO - Processing file /opt/airflow/dags/project-beginning.py for tasks to queue
[2024-09-15T02:38:56.295+0000] {logging_mixin.py:190} INFO - [2024-09-15T02:38:56.294+0000] {dagbag.py:587} INFO - Filling up the DagBag from /opt/airflow/dags/project-beginning.py
[2024-09-15T02:38:56.320+0000] {processor.py:925} INFO - DAG(s) 'project_satelite' retrieved from /opt/airflow/dags/project-beginning.py
[2024-09-15T02:38:56.359+0000] {logging_mixin.py:190} INFO - [2024-09-15T02:38:56.359+0000] {dag.py:3211} INFO - Sync 1 DAGs
[2024-09-15T02:38:56.404+0000] {logging_mixin.py:190} INFO - [2024-09-15T02:38:56.404+0000] {dag.py:4138} INFO - Setting next_dagrun for project_satelite to 2024-01-01 07:00:00+00:00, run_after=2024-01-08 07:00:00+00:00
[2024-09-15T02:38:56.434+0000] {processor.py:208} INFO - Processing /opt/airflow/dags/project-beginning.py took 0.222 seconds
[2024-09-15T02:39:26.513+0000] {processor.py:186} INFO - Started process (PID=226) to work on /opt/airflow/dags/project-beginning.py
[2024-09-15T02:39:26.538+0000] {processor.py:914} INFO - Processing file /opt/airflow/dags/project-beginning.py for tasks to queue
[2024-09-15T02:39:26.543+0000] {logging_mixin.py:190} INFO - [2024-09-15T02:39:26.543+0000] {dagbag.py:587} INFO - Filling up the DagBag from /opt/airflow/dags/project-beginning.py
[2024-09-15T02:39:26.607+0000] {processor.py:925} INFO - DAG(s) 'project_satelite' retrieved from /opt/airflow/dags/project-beginning.py
[2024-09-15T02:39:26.695+0000] {logging_mixin.py:190} INFO - [2024-09-15T02:39:26.694+0000] {dag.py:3211} INFO - Sync 1 DAGs
[2024-09-15T02:39:26.764+0000] {logging_mixin.py:190} INFO - [2024-09-15T02:39:26.764+0000] {dag.py:4138} INFO - Setting next_dagrun for project_satelite to 2024-01-01 07:00:00+00:00, run_after=2024-01-08 07:00:00+00:00
[2024-09-15T02:39:26.817+0000] {processor.py:208} INFO - Processing /opt/airflow/dags/project-beginning.py took 0.318 seconds
[2024-09-15T02:39:57.183+0000] {processor.py:186} INFO - Started process (PID=235) to work on /opt/airflow/dags/project-beginning.py
[2024-09-15T02:39:57.253+0000] {processor.py:914} INFO - Processing file /opt/airflow/dags/project-beginning.py for tasks to queue
[2024-09-15T02:39:57.257+0000] {logging_mixin.py:190} INFO - [2024-09-15T02:39:57.257+0000] {dagbag.py:587} INFO - Filling up the DagBag from /opt/airflow/dags/project-beginning.py
[2024-09-15T02:39:57.283+0000] {processor.py:925} INFO - DAG(s) 'project_satelite' retrieved from /opt/airflow/dags/project-beginning.py
[2024-09-15T02:39:57.341+0000] {logging_mixin.py:190} INFO - [2024-09-15T02:39:57.340+0000] {dag.py:3211} INFO - Sync 1 DAGs
[2024-09-15T02:39:57.404+0000] {logging_mixin.py:190} INFO - [2024-09-15T02:39:57.403+0000] {dag.py:4138} INFO - Setting next_dagrun for project_satelite to 2024-01-01 07:00:00+00:00, run_after=2024-01-08 07:00:00+00:00
[2024-09-15T02:39:57.439+0000] {processor.py:208} INFO - Processing /opt/airflow/dags/project-beginning.py took 0.268 seconds
[2024-09-15T02:40:27.717+0000] {processor.py:186} INFO - Started process (PID=244) to work on /opt/airflow/dags/project-beginning.py
[2024-09-15T02:40:27.744+0000] {processor.py:914} INFO - Processing file /opt/airflow/dags/project-beginning.py for tasks to queue
[2024-09-15T02:40:27.748+0000] {logging_mixin.py:190} INFO - [2024-09-15T02:40:27.748+0000] {dagbag.py:587} INFO - Filling up the DagBag from /opt/airflow/dags/project-beginning.py
[2024-09-15T02:40:27.769+0000] {processor.py:925} INFO - DAG(s) 'project_satelite' retrieved from /opt/airflow/dags/project-beginning.py
[2024-09-15T02:40:27.817+0000] {logging_mixin.py:190} INFO - [2024-09-15T02:40:27.816+0000] {dag.py:3211} INFO - Sync 1 DAGs
[2024-09-15T02:40:27.910+0000] {logging_mixin.py:190} INFO - [2024-09-15T02:40:27.909+0000] {dag.py:4138} INFO - Setting next_dagrun for project_satelite to 2024-01-01 07:00:00+00:00, run_after=2024-01-08 07:00:00+00:00
[2024-09-15T02:40:27.953+0000] {processor.py:208} INFO - Processing /opt/airflow/dags/project-beginning.py took 0.246 seconds
[2024-09-15T02:40:58.256+0000] {processor.py:186} INFO - Started process (PID=253) to work on /opt/airflow/dags/project-beginning.py
[2024-09-15T02:40:58.268+0000] {processor.py:914} INFO - Processing file /opt/airflow/dags/project-beginning.py for tasks to queue
[2024-09-15T02:40:58.273+0000] {logging_mixin.py:190} INFO - [2024-09-15T02:40:58.272+0000] {dagbag.py:587} INFO - Filling up the DagBag from /opt/airflow/dags/project-beginning.py
[2024-09-15T02:40:58.293+0000] {processor.py:925} INFO - DAG(s) 'project_satelite' retrieved from /opt/airflow/dags/project-beginning.py
[2024-09-15T02:40:58.347+0000] {logging_mixin.py:190} INFO - [2024-09-15T02:40:58.347+0000] {dag.py:3211} INFO - Sync 1 DAGs
[2024-09-15T02:40:58.429+0000] {logging_mixin.py:190} INFO - [2024-09-15T02:40:58.428+0000] {dag.py:4138} INFO - Setting next_dagrun for project_satelite to 2024-01-01 07:00:00+00:00, run_after=2024-01-08 07:00:00+00:00
[2024-09-15T02:40:58.473+0000] {processor.py:208} INFO - Processing /opt/airflow/dags/project-beginning.py took 0.228 seconds
[2024-09-15T02:41:28.779+0000] {processor.py:186} INFO - Started process (PID=262) to work on /opt/airflow/dags/project-beginning.py
[2024-09-15T02:41:28.792+0000] {processor.py:914} INFO - Processing file /opt/airflow/dags/project-beginning.py for tasks to queue
[2024-09-15T02:41:28.798+0000] {logging_mixin.py:190} INFO - [2024-09-15T02:41:28.797+0000] {dagbag.py:587} INFO - Filling up the DagBag from /opt/airflow/dags/project-beginning.py
[2024-09-15T02:41:28.824+0000] {processor.py:925} INFO - DAG(s) 'project_satelite' retrieved from /opt/airflow/dags/project-beginning.py
[2024-09-15T02:41:28.875+0000] {logging_mixin.py:190} INFO - [2024-09-15T02:41:28.875+0000] {dag.py:3211} INFO - Sync 1 DAGs
[2024-09-15T02:41:28.939+0000] {logging_mixin.py:190} INFO - [2024-09-15T02:41:28.939+0000] {dag.py:4138} INFO - Setting next_dagrun for project_satelite to 2024-01-01 07:00:00+00:00, run_after=2024-01-08 07:00:00+00:00
[2024-09-15T02:41:28.976+0000] {processor.py:208} INFO - Processing /opt/airflow/dags/project-beginning.py took 0.214 seconds
[2024-09-15T02:41:59.254+0000] {processor.py:186} INFO - Started process (PID=271) to work on /opt/airflow/dags/project-beginning.py
[2024-09-15T02:41:59.288+0000] {processor.py:914} INFO - Processing file /opt/airflow/dags/project-beginning.py for tasks to queue
[2024-09-15T02:41:59.294+0000] {logging_mixin.py:190} INFO - [2024-09-15T02:41:59.293+0000] {dagbag.py:587} INFO - Filling up the DagBag from /opt/airflow/dags/project-beginning.py
[2024-09-15T02:41:59.316+0000] {processor.py:925} INFO - DAG(s) 'project_satelite' retrieved from /opt/airflow/dags/project-beginning.py
[2024-09-15T02:41:59.358+0000] {logging_mixin.py:190} INFO - [2024-09-15T02:41:59.357+0000] {dag.py:3211} INFO - Sync 1 DAGs
[2024-09-15T02:41:59.402+0000] {logging_mixin.py:190} INFO - [2024-09-15T02:41:59.402+0000] {dag.py:4138} INFO - Setting next_dagrun for project_satelite to 2024-01-01 07:00:00+00:00, run_after=2024-01-08 07:00:00+00:00
[2024-09-15T02:41:59.435+0000] {processor.py:208} INFO - Processing /opt/airflow/dags/project-beginning.py took 0.190 seconds
[2024-09-15T02:42:29.749+0000] {processor.py:186} INFO - Started process (PID=279) to work on /opt/airflow/dags/project-beginning.py
[2024-09-15T02:42:29.766+0000] {processor.py:914} INFO - Processing file /opt/airflow/dags/project-beginning.py for tasks to queue
[2024-09-15T02:42:29.783+0000] {logging_mixin.py:190} INFO - [2024-09-15T02:42:29.782+0000] {dagbag.py:587} INFO - Filling up the DagBag from /opt/airflow/dags/project-beginning.py
[2024-09-15T02:42:29.810+0000] {processor.py:925} INFO - DAG(s) 'project_satelite' retrieved from /opt/airflow/dags/project-beginning.py
[2024-09-15T02:42:29.939+0000] {logging_mixin.py:190} INFO - [2024-09-15T02:42:29.938+0000] {dag.py:3211} INFO - Sync 1 DAGs
[2024-09-15T02:42:30.067+0000] {logging_mixin.py:190} INFO - [2024-09-15T02:42:30.067+0000] {dag.py:4138} INFO - Setting next_dagrun for project_satelite to 2024-01-01 07:00:00+00:00, run_after=2024-01-08 07:00:00+00:00
[2024-09-15T02:42:30.107+0000] {processor.py:208} INFO - Processing /opt/airflow/dags/project-beginning.py took 0.379 seconds
[2024-09-15T02:43:00.433+0000] {processor.py:186} INFO - Started process (PID=288) to work on /opt/airflow/dags/project-beginning.py
[2024-09-15T02:43:00.470+0000] {processor.py:914} INFO - Processing file /opt/airflow/dags/project-beginning.py for tasks to queue
[2024-09-15T02:43:00.483+0000] {logging_mixin.py:190} INFO - [2024-09-15T02:43:00.482+0000] {dagbag.py:587} INFO - Filling up the DagBag from /opt/airflow/dags/project-beginning.py
[2024-09-15T02:43:00.515+0000] {processor.py:925} INFO - DAG(s) 'project_satelite' retrieved from /opt/airflow/dags/project-beginning.py
[2024-09-15T02:43:00.571+0000] {logging_mixin.py:190} INFO - [2024-09-15T02:43:00.570+0000] {dag.py:3211} INFO - Sync 1 DAGs
[2024-09-15T02:43:00.669+0000] {logging_mixin.py:190} INFO - [2024-09-15T02:43:00.669+0000] {dag.py:4138} INFO - Setting next_dagrun for project_satelite to 2024-01-01 07:00:00+00:00, run_after=2024-01-08 07:00:00+00:00
[2024-09-15T02:43:00.727+0000] {processor.py:208} INFO - Processing /opt/airflow/dags/project-beginning.py took 0.322 seconds
[2024-09-15T02:43:31.029+0000] {processor.py:186} INFO - Started process (PID=297) to work on /opt/airflow/dags/project-beginning.py
[2024-09-15T02:43:31.030+0000] {processor.py:914} INFO - Processing file /opt/airflow/dags/project-beginning.py for tasks to queue
[2024-09-15T02:43:31.035+0000] {logging_mixin.py:190} INFO - [2024-09-15T02:43:31.034+0000] {dagbag.py:587} INFO - Filling up the DagBag from /opt/airflow/dags/project-beginning.py
[2024-09-15T02:43:31.062+0000] {processor.py:925} INFO - DAG(s) 'project_satelite' retrieved from /opt/airflow/dags/project-beginning.py
[2024-09-15T02:43:31.105+0000] {logging_mixin.py:190} INFO - [2024-09-15T02:43:31.104+0000] {dag.py:3211} INFO - Sync 1 DAGs
[2024-09-15T02:43:31.169+0000] {logging_mixin.py:190} INFO - [2024-09-15T02:43:31.168+0000] {dag.py:4138} INFO - Setting next_dagrun for project_satelite to 2024-01-01 07:00:00+00:00, run_after=2024-01-08 07:00:00+00:00
[2024-09-15T02:43:31.209+0000] {processor.py:208} INFO - Processing /opt/airflow/dags/project-beginning.py took 0.192 seconds
[2024-09-15T02:44:01.514+0000] {processor.py:186} INFO - Started process (PID=306) to work on /opt/airflow/dags/project-beginning.py
[2024-09-15T02:44:01.518+0000] {processor.py:914} INFO - Processing file /opt/airflow/dags/project-beginning.py for tasks to queue
[2024-09-15T02:44:01.524+0000] {logging_mixin.py:190} INFO - [2024-09-15T02:44:01.523+0000] {dagbag.py:587} INFO - Filling up the DagBag from /opt/airflow/dags/project-beginning.py
[2024-09-15T02:44:01.551+0000] {processor.py:925} INFO - DAG(s) 'project_satelite' retrieved from /opt/airflow/dags/project-beginning.py
[2024-09-15T02:44:01.623+0000] {logging_mixin.py:190} INFO - [2024-09-15T02:44:01.622+0000] {dag.py:3211} INFO - Sync 1 DAGs
[2024-09-15T02:44:01.683+0000] {logging_mixin.py:190} INFO - [2024-09-15T02:44:01.683+0000] {dag.py:4138} INFO - Setting next_dagrun for project_satelite to 2024-01-01 07:00:00+00:00, run_after=2024-01-08 07:00:00+00:00
[2024-09-15T02:44:01.720+0000] {processor.py:208} INFO - Processing /opt/airflow/dags/project-beginning.py took 0.219 seconds
[2024-09-15T02:44:31.986+0000] {processor.py:186} INFO - Started process (PID=315) to work on /opt/airflow/dags/project-beginning.py
[2024-09-15T02:44:31.998+0000] {processor.py:914} INFO - Processing file /opt/airflow/dags/project-beginning.py for tasks to queue
[2024-09-15T02:44:32.003+0000] {logging_mixin.py:190} INFO - [2024-09-15T02:44:32.002+0000] {dagbag.py:587} INFO - Filling up the DagBag from /opt/airflow/dags/project-beginning.py
[2024-09-15T02:44:32.022+0000] {processor.py:925} INFO - DAG(s) 'project_satelite' retrieved from /opt/airflow/dags/project-beginning.py
[2024-09-15T02:44:32.059+0000] {logging_mixin.py:190} INFO - [2024-09-15T02:44:32.058+0000] {dag.py:3211} INFO - Sync 1 DAGs
[2024-09-15T02:44:32.117+0000] {logging_mixin.py:190} INFO - [2024-09-15T02:44:32.116+0000] {dag.py:4138} INFO - Setting next_dagrun for project_satelite to 2024-01-01 07:00:00+00:00, run_after=2024-01-08 07:00:00+00:00
[2024-09-15T02:44:32.151+0000] {processor.py:208} INFO - Processing /opt/airflow/dags/project-beginning.py took 0.176 seconds
[2024-09-15T02:45:02.506+0000] {processor.py:186} INFO - Started process (PID=324) to work on /opt/airflow/dags/project-beginning.py
[2024-09-15T02:45:02.507+0000] {processor.py:914} INFO - Processing file /opt/airflow/dags/project-beginning.py for tasks to queue
[2024-09-15T02:45:02.523+0000] {logging_mixin.py:190} INFO - [2024-09-15T02:45:02.523+0000] {dagbag.py:587} INFO - Filling up the DagBag from /opt/airflow/dags/project-beginning.py
[2024-09-15T02:45:02.566+0000] {processor.py:925} INFO - DAG(s) 'project_satelite' retrieved from /opt/airflow/dags/project-beginning.py
[2024-09-15T02:45:02.619+0000] {logging_mixin.py:190} INFO - [2024-09-15T02:45:02.619+0000] {dag.py:3211} INFO - Sync 1 DAGs
[2024-09-15T02:45:02.690+0000] {logging_mixin.py:190} INFO - [2024-09-15T02:45:02.689+0000] {dag.py:4138} INFO - Setting next_dagrun for project_satelite to 2024-01-01 07:00:00+00:00, run_after=2024-01-08 07:00:00+00:00
[2024-09-15T02:45:02.747+0000] {processor.py:208} INFO - Processing /opt/airflow/dags/project-beginning.py took 0.271 seconds
[2024-09-15T02:45:33.050+0000] {processor.py:186} INFO - Started process (PID=333) to work on /opt/airflow/dags/project-beginning.py
[2024-09-15T02:45:33.060+0000] {processor.py:914} INFO - Processing file /opt/airflow/dags/project-beginning.py for tasks to queue
[2024-09-15T02:45:33.067+0000] {logging_mixin.py:190} INFO - [2024-09-15T02:45:33.065+0000] {dagbag.py:587} INFO - Filling up the DagBag from /opt/airflow/dags/project-beginning.py
[2024-09-15T02:45:33.104+0000] {processor.py:925} INFO - DAG(s) 'project_satelite' retrieved from /opt/airflow/dags/project-beginning.py
[2024-09-15T02:45:33.183+0000] {logging_mixin.py:190} INFO - [2024-09-15T02:45:33.182+0000] {dag.py:3211} INFO - Sync 1 DAGs
[2024-09-15T02:45:33.271+0000] {logging_mixin.py:190} INFO - [2024-09-15T02:45:33.271+0000] {dag.py:4138} INFO - Setting next_dagrun for project_satelite to 2024-01-01 07:00:00+00:00, run_after=2024-01-08 07:00:00+00:00
[2024-09-15T02:45:33.316+0000] {processor.py:208} INFO - Processing /opt/airflow/dags/project-beginning.py took 0.282 seconds
[2024-09-15T02:46:03.637+0000] {processor.py:186} INFO - Started process (PID=342) to work on /opt/airflow/dags/project-beginning.py
[2024-09-15T02:46:03.641+0000] {processor.py:914} INFO - Processing file /opt/airflow/dags/project-beginning.py for tasks to queue
[2024-09-15T02:46:03.647+0000] {logging_mixin.py:190} INFO - [2024-09-15T02:46:03.646+0000] {dagbag.py:587} INFO - Filling up the DagBag from /opt/airflow/dags/project-beginning.py
[2024-09-15T02:46:03.685+0000] {processor.py:925} INFO - DAG(s) 'project_satelite' retrieved from /opt/airflow/dags/project-beginning.py
[2024-09-15T02:46:03.817+0000] {logging_mixin.py:190} INFO - [2024-09-15T02:46:03.816+0000] {dag.py:3211} INFO - Sync 1 DAGs
[2024-09-15T02:46:03.994+0000] {logging_mixin.py:190} INFO - [2024-09-15T02:46:03.993+0000] {dag.py:4138} INFO - Setting next_dagrun for project_satelite to 2024-01-01 07:00:00+00:00, run_after=2024-01-08 07:00:00+00:00
[2024-09-15T02:46:04.051+0000] {processor.py:208} INFO - Processing /opt/airflow/dags/project-beginning.py took 0.433 seconds
[2024-09-15T02:46:34.387+0000] {processor.py:186} INFO - Started process (PID=351) to work on /opt/airflow/dags/project-beginning.py
[2024-09-15T02:46:34.389+0000] {processor.py:914} INFO - Processing file /opt/airflow/dags/project-beginning.py for tasks to queue
[2024-09-15T02:46:34.393+0000] {logging_mixin.py:190} INFO - [2024-09-15T02:46:34.393+0000] {dagbag.py:587} INFO - Filling up the DagBag from /opt/airflow/dags/project-beginning.py
[2024-09-15T02:46:34.420+0000] {processor.py:925} INFO - DAG(s) 'project_satelite' retrieved from /opt/airflow/dags/project-beginning.py
[2024-09-15T02:46:34.524+0000] {logging_mixin.py:190} INFO - [2024-09-15T02:46:34.523+0000] {dag.py:3211} INFO - Sync 1 DAGs
[2024-09-15T02:46:34.608+0000] {logging_mixin.py:190} INFO - [2024-09-15T02:46:34.608+0000] {dag.py:4138} INFO - Setting next_dagrun for project_satelite to 2024-01-01 07:00:00+00:00, run_after=2024-01-08 07:00:00+00:00
[2024-09-15T02:46:34.646+0000] {processor.py:208} INFO - Processing /opt/airflow/dags/project-beginning.py took 0.280 seconds
[2024-09-15T02:47:04.976+0000] {processor.py:186} INFO - Started process (PID=359) to work on /opt/airflow/dags/project-beginning.py
[2024-09-15T02:47:05.123+0000] {processor.py:914} INFO - Processing file /opt/airflow/dags/project-beginning.py for tasks to queue
[2024-09-15T02:47:05.127+0000] {logging_mixin.py:190} INFO - [2024-09-15T02:47:05.127+0000] {dagbag.py:587} INFO - Filling up the DagBag from /opt/airflow/dags/project-beginning.py
[2024-09-15T02:47:05.147+0000] {processor.py:925} INFO - DAG(s) 'project_satelite' retrieved from /opt/airflow/dags/project-beginning.py
[2024-09-15T02:47:05.187+0000] {logging_mixin.py:190} INFO - [2024-09-15T02:47:05.187+0000] {dag.py:3211} INFO - Sync 1 DAGs
[2024-09-15T02:47:05.244+0000] {logging_mixin.py:190} INFO - [2024-09-15T02:47:05.244+0000] {dag.py:4138} INFO - Setting next_dagrun for project_satelite to 2024-01-01 07:00:00+00:00, run_after=2024-01-08 07:00:00+00:00
[2024-09-15T02:47:05.274+0000] {processor.py:208} INFO - Processing /opt/airflow/dags/project-beginning.py took 0.319 seconds
[2024-09-15T02:47:35.556+0000] {processor.py:186} INFO - Started process (PID=368) to work on /opt/airflow/dags/project-beginning.py
[2024-09-15T02:47:35.558+0000] {processor.py:914} INFO - Processing file /opt/airflow/dags/project-beginning.py for tasks to queue
[2024-09-15T02:47:35.563+0000] {logging_mixin.py:190} INFO - [2024-09-15T02:47:35.562+0000] {dagbag.py:587} INFO - Filling up the DagBag from /opt/airflow/dags/project-beginning.py
[2024-09-15T02:47:35.592+0000] {processor.py:925} INFO - DAG(s) 'project_satelite' retrieved from /opt/airflow/dags/project-beginning.py
[2024-09-15T02:47:35.654+0000] {logging_mixin.py:190} INFO - [2024-09-15T02:47:35.653+0000] {dag.py:3211} INFO - Sync 1 DAGs
[2024-09-15T02:47:35.733+0000] {logging_mixin.py:190} INFO - [2024-09-15T02:47:35.729+0000] {dag.py:4138} INFO - Setting next_dagrun for project_satelite to 2024-01-01 07:00:00+00:00, run_after=2024-01-08 07:00:00+00:00
[2024-09-15T02:47:35.778+0000] {processor.py:208} INFO - Processing /opt/airflow/dags/project-beginning.py took 0.236 seconds
[2024-09-15T02:48:06.073+0000] {processor.py:186} INFO - Started process (PID=377) to work on /opt/airflow/dags/project-beginning.py
[2024-09-15T02:48:06.083+0000] {processor.py:914} INFO - Processing file /opt/airflow/dags/project-beginning.py for tasks to queue
[2024-09-15T02:48:06.087+0000] {logging_mixin.py:190} INFO - [2024-09-15T02:48:06.087+0000] {dagbag.py:587} INFO - Filling up the DagBag from /opt/airflow/dags/project-beginning.py
[2024-09-15T02:48:06.106+0000] {processor.py:925} INFO - DAG(s) 'project_satelite' retrieved from /opt/airflow/dags/project-beginning.py
[2024-09-15T02:48:06.141+0000] {logging_mixin.py:190} INFO - [2024-09-15T02:48:06.141+0000] {dag.py:3211} INFO - Sync 1 DAGs
[2024-09-15T02:48:06.204+0000] {logging_mixin.py:190} INFO - [2024-09-15T02:48:06.204+0000] {dag.py:4138} INFO - Setting next_dagrun for project_satelite to 2024-01-01 07:00:00+00:00, run_after=2024-01-08 07:00:00+00:00
[2024-09-15T02:48:06.238+0000] {processor.py:208} INFO - Processing /opt/airflow/dags/project-beginning.py took 0.176 seconds
[2024-09-15T02:48:36.528+0000] {processor.py:186} INFO - Started process (PID=386) to work on /opt/airflow/dags/project-beginning.py
[2024-09-15T02:48:36.529+0000] {processor.py:914} INFO - Processing file /opt/airflow/dags/project-beginning.py for tasks to queue
[2024-09-15T02:48:36.535+0000] {logging_mixin.py:190} INFO - [2024-09-15T02:48:36.535+0000] {dagbag.py:587} INFO - Filling up the DagBag from /opt/airflow/dags/project-beginning.py
[2024-09-15T02:48:36.561+0000] {processor.py:925} INFO - DAG(s) 'project_satelite' retrieved from /opt/airflow/dags/project-beginning.py
[2024-09-15T02:48:36.609+0000] {logging_mixin.py:190} INFO - [2024-09-15T02:48:36.608+0000] {dag.py:3211} INFO - Sync 1 DAGs
[2024-09-15T02:48:36.679+0000] {logging_mixin.py:190} INFO - [2024-09-15T02:48:36.679+0000] {dag.py:4138} INFO - Setting next_dagrun for project_satelite to 2024-01-01 07:00:00+00:00, run_after=2024-01-08 07:00:00+00:00
[2024-09-15T02:48:36.721+0000] {processor.py:208} INFO - Processing /opt/airflow/dags/project-beginning.py took 0.207 seconds
[2024-09-15T02:49:07.081+0000] {processor.py:186} INFO - Started process (PID=395) to work on /opt/airflow/dags/project-beginning.py
[2024-09-15T02:49:07.087+0000] {processor.py:914} INFO - Processing file /opt/airflow/dags/project-beginning.py for tasks to queue
[2024-09-15T02:49:07.092+0000] {logging_mixin.py:190} INFO - [2024-09-15T02:49:07.092+0000] {dagbag.py:587} INFO - Filling up the DagBag from /opt/airflow/dags/project-beginning.py
[2024-09-15T02:49:07.117+0000] {processor.py:925} INFO - DAG(s) 'project_satelite' retrieved from /opt/airflow/dags/project-beginning.py
[2024-09-15T02:49:07.165+0000] {logging_mixin.py:190} INFO - [2024-09-15T02:49:07.164+0000] {dag.py:3211} INFO - Sync 1 DAGs
[2024-09-15T02:49:07.231+0000] {logging_mixin.py:190} INFO - [2024-09-15T02:49:07.231+0000] {dag.py:4138} INFO - Setting next_dagrun for project_satelite to 2024-01-01 07:00:00+00:00, run_after=2024-01-08 07:00:00+00:00
[2024-09-15T02:49:07.270+0000] {processor.py:208} INFO - Processing /opt/airflow/dags/project-beginning.py took 0.201 seconds
[2024-09-15T02:49:37.575+0000] {processor.py:186} INFO - Started process (PID=403) to work on /opt/airflow/dags/project-beginning.py
[2024-09-15T02:49:37.576+0000] {processor.py:914} INFO - Processing file /opt/airflow/dags/project-beginning.py for tasks to queue
[2024-09-15T02:49:37.582+0000] {logging_mixin.py:190} INFO - [2024-09-15T02:49:37.581+0000] {dagbag.py:587} INFO - Filling up the DagBag from /opt/airflow/dags/project-beginning.py
[2024-09-15T02:49:37.609+0000] {processor.py:925} INFO - DAG(s) 'project_satelite' retrieved from /opt/airflow/dags/project-beginning.py
[2024-09-15T02:49:37.672+0000] {logging_mixin.py:190} INFO - [2024-09-15T02:49:37.671+0000] {dag.py:3211} INFO - Sync 1 DAGs
[2024-09-15T02:49:37.765+0000] {logging_mixin.py:190} INFO - [2024-09-15T02:49:37.759+0000] {dag.py:4138} INFO - Setting next_dagrun for project_satelite to 2024-01-01 07:00:00+00:00, run_after=2024-01-08 07:00:00+00:00
[2024-09-15T02:49:37.826+0000] {processor.py:208} INFO - Processing /opt/airflow/dags/project-beginning.py took 0.271 seconds
[2024-09-15T02:50:08.130+0000] {processor.py:186} INFO - Started process (PID=412) to work on /opt/airflow/dags/project-beginning.py
[2024-09-15T02:50:08.134+0000] {processor.py:914} INFO - Processing file /opt/airflow/dags/project-beginning.py for tasks to queue
[2024-09-15T02:50:08.139+0000] {logging_mixin.py:190} INFO - [2024-09-15T02:50:08.139+0000] {dagbag.py:587} INFO - Filling up the DagBag from /opt/airflow/dags/project-beginning.py
[2024-09-15T02:50:08.166+0000] {processor.py:925} INFO - DAG(s) 'project_satelite' retrieved from /opt/airflow/dags/project-beginning.py
[2024-09-15T02:50:08.220+0000] {logging_mixin.py:190} INFO - [2024-09-15T02:50:08.220+0000] {dag.py:3211} INFO - Sync 1 DAGs
[2024-09-15T02:50:08.282+0000] {logging_mixin.py:190} INFO - [2024-09-15T02:50:08.282+0000] {dag.py:4138} INFO - Setting next_dagrun for project_satelite to 2024-01-01 07:00:00+00:00, run_after=2024-01-08 07:00:00+00:00
[2024-09-15T02:50:08.321+0000] {processor.py:208} INFO - Processing /opt/airflow/dags/project-beginning.py took 0.204 seconds
[2024-09-15T02:50:38.630+0000] {processor.py:186} INFO - Started process (PID=420) to work on /opt/airflow/dags/project-beginning.py
[2024-09-15T02:50:38.631+0000] {processor.py:914} INFO - Processing file /opt/airflow/dags/project-beginning.py for tasks to queue
[2024-09-15T02:50:38.636+0000] {logging_mixin.py:190} INFO - [2024-09-15T02:50:38.635+0000] {dagbag.py:587} INFO - Filling up the DagBag from /opt/airflow/dags/project-beginning.py
[2024-09-15T02:50:38.666+0000] {processor.py:925} INFO - DAG(s) 'project_satelite' retrieved from /opt/airflow/dags/project-beginning.py
[2024-09-15T02:50:38.713+0000] {logging_mixin.py:190} INFO - [2024-09-15T02:50:38.712+0000] {dag.py:3211} INFO - Sync 1 DAGs
[2024-09-15T02:50:38.777+0000] {logging_mixin.py:190} INFO - [2024-09-15T02:50:38.777+0000] {dag.py:4138} INFO - Setting next_dagrun for project_satelite to 2024-01-01 07:00:00+00:00, run_after=2024-01-08 07:00:00+00:00
[2024-09-15T02:50:38.812+0000] {processor.py:208} INFO - Processing /opt/airflow/dags/project-beginning.py took 0.196 seconds
[2024-09-15T02:51:09.078+0000] {processor.py:186} INFO - Started process (PID=429) to work on /opt/airflow/dags/project-beginning.py
[2024-09-15T02:51:09.083+0000] {processor.py:914} INFO - Processing file /opt/airflow/dags/project-beginning.py for tasks to queue
[2024-09-15T02:51:09.087+0000] {logging_mixin.py:190} INFO - [2024-09-15T02:51:09.087+0000] {dagbag.py:587} INFO - Filling up the DagBag from /opt/airflow/dags/project-beginning.py
[2024-09-15T02:51:09.114+0000] {processor.py:925} INFO - DAG(s) 'project_satelite' retrieved from /opt/airflow/dags/project-beginning.py
[2024-09-15T02:51:09.168+0000] {logging_mixin.py:190} INFO - [2024-09-15T02:51:09.168+0000] {dag.py:3211} INFO - Sync 1 DAGs
[2024-09-15T02:51:09.238+0000] {logging_mixin.py:190} INFO - [2024-09-15T02:51:09.237+0000] {dag.py:4138} INFO - Setting next_dagrun for project_satelite to 2024-01-01 07:00:00+00:00, run_after=2024-01-08 07:00:00+00:00
[2024-09-15T02:51:09.281+0000] {processor.py:208} INFO - Processing /opt/airflow/dags/project-beginning.py took 0.215 seconds
[2024-09-15T02:51:39.627+0000] {processor.py:186} INFO - Started process (PID=438) to work on /opt/airflow/dags/project-beginning.py
[2024-09-15T02:51:39.630+0000] {processor.py:914} INFO - Processing file /opt/airflow/dags/project-beginning.py for tasks to queue
[2024-09-15T02:51:39.635+0000] {logging_mixin.py:190} INFO - [2024-09-15T02:51:39.634+0000] {dagbag.py:587} INFO - Filling up the DagBag from /opt/airflow/dags/project-beginning.py
[2024-09-15T02:51:39.709+0000] {processor.py:925} INFO - DAG(s) 'project_satelite' retrieved from /opt/airflow/dags/project-beginning.py
[2024-09-15T02:51:39.763+0000] {logging_mixin.py:190} INFO - [2024-09-15T02:51:39.762+0000] {dag.py:3211} INFO - Sync 1 DAGs
[2024-09-15T02:51:39.877+0000] {logging_mixin.py:190} INFO - [2024-09-15T02:51:39.876+0000] {dag.py:4138} INFO - Setting next_dagrun for project_satelite to 2024-01-01 07:00:00+00:00, run_after=2024-01-08 07:00:00+00:00
[2024-09-15T02:51:39.940+0000] {processor.py:208} INFO - Processing /opt/airflow/dags/project-beginning.py took 0.328 seconds
[2024-09-15T02:52:10.314+0000] {processor.py:186} INFO - Started process (PID=448) to work on /opt/airflow/dags/project-beginning.py
[2024-09-15T02:52:10.316+0000] {processor.py:914} INFO - Processing file /opt/airflow/dags/project-beginning.py for tasks to queue
[2024-09-15T02:52:10.322+0000] {logging_mixin.py:190} INFO - [2024-09-15T02:52:10.321+0000] {dagbag.py:587} INFO - Filling up the DagBag from /opt/airflow/dags/project-beginning.py
[2024-09-15T02:52:10.349+0000] {processor.py:925} INFO - DAG(s) 'project_satelite' retrieved from /opt/airflow/dags/project-beginning.py
[2024-09-15T02:52:10.401+0000] {logging_mixin.py:190} INFO - [2024-09-15T02:52:10.401+0000] {dag.py:3211} INFO - Sync 1 DAGs
[2024-09-15T02:52:10.469+0000] {logging_mixin.py:190} INFO - [2024-09-15T02:52:10.469+0000] {dag.py:4138} INFO - Setting next_dagrun for project_satelite to 2024-01-01 07:00:00+00:00, run_after=2024-01-08 07:00:00+00:00
[2024-09-15T02:52:10.520+0000] {processor.py:208} INFO - Processing /opt/airflow/dags/project-beginning.py took 0.221 seconds
[2024-09-15T02:52:40.842+0000] {processor.py:186} INFO - Started process (PID=457) to work on /opt/airflow/dags/project-beginning.py
[2024-09-15T02:52:40.862+0000] {processor.py:914} INFO - Processing file /opt/airflow/dags/project-beginning.py for tasks to queue
[2024-09-15T02:52:40.873+0000] {logging_mixin.py:190} INFO - [2024-09-15T02:52:40.872+0000] {dagbag.py:587} INFO - Filling up the DagBag from /opt/airflow/dags/project-beginning.py
[2024-09-15T02:52:40.970+0000] {processor.py:925} INFO - DAG(s) 'project_satelite' retrieved from /opt/airflow/dags/project-beginning.py
[2024-09-15T02:52:41.096+0000] {logging_mixin.py:190} INFO - [2024-09-15T02:52:41.095+0000] {dag.py:3211} INFO - Sync 1 DAGs
[2024-09-15T02:52:41.170+0000] {logging_mixin.py:190} INFO - [2024-09-15T02:52:41.169+0000] {dag.py:4138} INFO - Setting next_dagrun for project_satelite to 2024-01-01 07:00:00+00:00, run_after=2024-01-08 07:00:00+00:00
[2024-09-15T02:52:41.228+0000] {processor.py:208} INFO - Processing /opt/airflow/dags/project-beginning.py took 0.409 seconds
[2024-09-15T02:53:11.526+0000] {processor.py:186} INFO - Started process (PID=466) to work on /opt/airflow/dags/project-beginning.py
[2024-09-15T02:53:11.527+0000] {processor.py:914} INFO - Processing file /opt/airflow/dags/project-beginning.py for tasks to queue
[2024-09-15T02:53:11.534+0000] {logging_mixin.py:190} INFO - [2024-09-15T02:53:11.533+0000] {dagbag.py:587} INFO - Filling up the DagBag from /opt/airflow/dags/project-beginning.py
[2024-09-15T02:53:11.560+0000] {processor.py:925} INFO - DAG(s) 'project_satelite' retrieved from /opt/airflow/dags/project-beginning.py
[2024-09-15T02:53:11.619+0000] {logging_mixin.py:190} INFO - [2024-09-15T02:53:11.618+0000] {dag.py:3211} INFO - Sync 1 DAGs
[2024-09-15T02:53:11.683+0000] {logging_mixin.py:190} INFO - [2024-09-15T02:53:11.683+0000] {dag.py:4138} INFO - Setting next_dagrun for project_satelite to 2024-01-01 07:00:00+00:00, run_after=2024-01-08 07:00:00+00:00
[2024-09-15T02:53:11.722+0000] {processor.py:208} INFO - Processing /opt/airflow/dags/project-beginning.py took 0.210 seconds
[2024-09-15T02:53:42.018+0000] {processor.py:186} INFO - Started process (PID=475) to work on /opt/airflow/dags/project-beginning.py
[2024-09-15T02:53:42.020+0000] {processor.py:914} INFO - Processing file /opt/airflow/dags/project-beginning.py for tasks to queue
[2024-09-15T02:53:42.024+0000] {logging_mixin.py:190} INFO - [2024-09-15T02:53:42.024+0000] {dagbag.py:587} INFO - Filling up the DagBag from /opt/airflow/dags/project-beginning.py
[2024-09-15T02:53:42.048+0000] {processor.py:925} INFO - DAG(s) 'project_satelite' retrieved from /opt/airflow/dags/project-beginning.py
[2024-09-15T02:53:42.104+0000] {logging_mixin.py:190} INFO - [2024-09-15T02:53:42.104+0000] {dag.py:3211} INFO - Sync 1 DAGs
[2024-09-15T02:53:42.165+0000] {logging_mixin.py:190} INFO - [2024-09-15T02:53:42.165+0000] {dag.py:4138} INFO - Setting next_dagrun for project_satelite to 2024-01-01 07:00:00+00:00, run_after=2024-01-08 07:00:00+00:00
[2024-09-15T02:53:42.207+0000] {processor.py:208} INFO - Processing /opt/airflow/dags/project-beginning.py took 0.201 seconds
[2024-09-15T02:54:12.520+0000] {processor.py:186} INFO - Started process (PID=484) to work on /opt/airflow/dags/project-beginning.py
[2024-09-15T02:54:12.522+0000] {processor.py:914} INFO - Processing file /opt/airflow/dags/project-beginning.py for tasks to queue
[2024-09-15T02:54:12.528+0000] {logging_mixin.py:190} INFO - [2024-09-15T02:54:12.528+0000] {dagbag.py:587} INFO - Filling up the DagBag from /opt/airflow/dags/project-beginning.py
[2024-09-15T02:54:12.597+0000] {processor.py:925} INFO - DAG(s) 'project_satelite' retrieved from /opt/airflow/dags/project-beginning.py
[2024-09-15T02:54:12.656+0000] {logging_mixin.py:190} INFO - [2024-09-15T02:54:12.655+0000] {dag.py:3211} INFO - Sync 1 DAGs
[2024-09-15T02:54:12.720+0000] {logging_mixin.py:190} INFO - [2024-09-15T02:54:12.719+0000] {dag.py:4138} INFO - Setting next_dagrun for project_satelite to 2024-01-01 07:00:00+00:00, run_after=2024-01-08 07:00:00+00:00
[2024-09-15T02:54:12.767+0000] {processor.py:208} INFO - Processing /opt/airflow/dags/project-beginning.py took 0.264 seconds
[2024-09-15T02:54:43.047+0000] {processor.py:186} INFO - Started process (PID=492) to work on /opt/airflow/dags/project-beginning.py
[2024-09-15T02:54:43.048+0000] {processor.py:914} INFO - Processing file /opt/airflow/dags/project-beginning.py for tasks to queue
[2024-09-15T02:54:43.054+0000] {logging_mixin.py:190} INFO - [2024-09-15T02:54:43.054+0000] {dagbag.py:587} INFO - Filling up the DagBag from /opt/airflow/dags/project-beginning.py
[2024-09-15T02:54:43.080+0000] {processor.py:925} INFO - DAG(s) 'project_satelite' retrieved from /opt/airflow/dags/project-beginning.py
[2024-09-15T02:54:43.128+0000] {logging_mixin.py:190} INFO - [2024-09-15T02:54:43.128+0000] {dag.py:3211} INFO - Sync 1 DAGs
[2024-09-15T02:54:43.193+0000] {logging_mixin.py:190} INFO - [2024-09-15T02:54:43.192+0000] {dag.py:4138} INFO - Setting next_dagrun for project_satelite to 2024-01-01 07:00:00+00:00, run_after=2024-01-08 07:00:00+00:00
[2024-09-15T02:54:43.247+0000] {processor.py:208} INFO - Processing /opt/airflow/dags/project-beginning.py took 0.214 seconds
[2024-09-15T02:55:13.605+0000] {processor.py:186} INFO - Started process (PID=501) to work on /opt/airflow/dags/project-beginning.py
[2024-09-15T02:55:13.607+0000] {processor.py:914} INFO - Processing file /opt/airflow/dags/project-beginning.py for tasks to queue
[2024-09-15T02:55:13.611+0000] {logging_mixin.py:190} INFO - [2024-09-15T02:55:13.611+0000] {dagbag.py:587} INFO - Filling up the DagBag from /opt/airflow/dags/project-beginning.py
[2024-09-15T02:55:13.634+0000] {processor.py:925} INFO - DAG(s) 'project_satelite' retrieved from /opt/airflow/dags/project-beginning.py
[2024-09-15T02:55:13.677+0000] {logging_mixin.py:190} INFO - [2024-09-15T02:55:13.677+0000] {dag.py:3211} INFO - Sync 1 DAGs
[2024-09-15T02:55:13.740+0000] {logging_mixin.py:190} INFO - [2024-09-15T02:55:13.739+0000] {dag.py:4138} INFO - Setting next_dagrun for project_satelite to 2024-01-01 07:00:00+00:00, run_after=2024-01-08 07:00:00+00:00
[2024-09-15T02:55:13.769+0000] {processor.py:208} INFO - Processing /opt/airflow/dags/project-beginning.py took 0.178 seconds
[2024-09-15T02:55:44.126+0000] {processor.py:186} INFO - Started process (PID=509) to work on /opt/airflow/dags/project-beginning.py
[2024-09-15T02:55:44.128+0000] {processor.py:914} INFO - Processing file /opt/airflow/dags/project-beginning.py for tasks to queue
[2024-09-15T02:55:44.136+0000] {logging_mixin.py:190} INFO - [2024-09-15T02:55:44.136+0000] {dagbag.py:587} INFO - Filling up the DagBag from /opt/airflow/dags/project-beginning.py
[2024-09-15T02:55:44.201+0000] {processor.py:925} INFO - DAG(s) 'project_satelite' retrieved from /opt/airflow/dags/project-beginning.py
[2024-09-15T02:55:44.267+0000] {logging_mixin.py:190} INFO - [2024-09-15T02:55:44.266+0000] {dag.py:3211} INFO - Sync 1 DAGs
[2024-09-15T02:55:44.393+0000] {logging_mixin.py:190} INFO - [2024-09-15T02:55:44.393+0000] {dag.py:4138} INFO - Setting next_dagrun for project_satelite to 2024-01-01 07:00:00+00:00, run_after=2024-01-08 07:00:00+00:00
[2024-09-15T02:55:44.484+0000] {processor.py:208} INFO - Processing /opt/airflow/dags/project-beginning.py took 0.409 seconds
[2024-09-15T02:56:14.743+0000] {processor.py:186} INFO - Started process (PID=518) to work on /opt/airflow/dags/project-beginning.py
[2024-09-15T02:56:14.744+0000] {processor.py:914} INFO - Processing file /opt/airflow/dags/project-beginning.py for tasks to queue
[2024-09-15T02:56:14.755+0000] {logging_mixin.py:190} INFO - [2024-09-15T02:56:14.754+0000] {dagbag.py:587} INFO - Filling up the DagBag from /opt/airflow/dags/project-beginning.py
[2024-09-15T02:56:14.780+0000] {processor.py:925} INFO - DAG(s) 'project_satelite' retrieved from /opt/airflow/dags/project-beginning.py
[2024-09-15T02:56:14.849+0000] {logging_mixin.py:190} INFO - [2024-09-15T02:56:14.848+0000] {dag.py:3211} INFO - Sync 1 DAGs
[2024-09-15T02:56:14.928+0000] {logging_mixin.py:190} INFO - [2024-09-15T02:56:14.928+0000] {dag.py:4138} INFO - Setting next_dagrun for project_satelite to 2024-01-01 07:00:00+00:00, run_after=2024-01-08 07:00:00+00:00
[2024-09-15T02:56:14.967+0000] {processor.py:208} INFO - Processing /opt/airflow/dags/project-beginning.py took 0.242 seconds
[2024-09-15T02:56:45.285+0000] {processor.py:186} INFO - Started process (PID=527) to work on /opt/airflow/dags/project-beginning.py
[2024-09-15T02:56:45.286+0000] {processor.py:914} INFO - Processing file /opt/airflow/dags/project-beginning.py for tasks to queue
[2024-09-15T02:56:45.292+0000] {logging_mixin.py:190} INFO - [2024-09-15T02:56:45.292+0000] {dagbag.py:587} INFO - Filling up the DagBag from /opt/airflow/dags/project-beginning.py
[2024-09-15T02:56:45.318+0000] {processor.py:925} INFO - DAG(s) 'project_satelite' retrieved from /opt/airflow/dags/project-beginning.py
[2024-09-15T02:56:45.376+0000] {logging_mixin.py:190} INFO - [2024-09-15T02:56:45.375+0000] {dag.py:3211} INFO - Sync 1 DAGs
[2024-09-15T02:56:45.468+0000] {logging_mixin.py:190} INFO - [2024-09-15T02:56:45.467+0000] {dag.py:4138} INFO - Setting next_dagrun for project_satelite to 2024-01-01 07:00:00+00:00, run_after=2024-01-08 07:00:00+00:00
[2024-09-15T02:56:45.528+0000] {processor.py:208} INFO - Processing /opt/airflow/dags/project-beginning.py took 0.260 seconds
[2024-09-15T02:57:15.855+0000] {processor.py:186} INFO - Started process (PID=536) to work on /opt/airflow/dags/project-beginning.py
[2024-09-15T02:57:16.098+0000] {processor.py:914} INFO - Processing file /opt/airflow/dags/project-beginning.py for tasks to queue
[2024-09-15T02:57:16.103+0000] {logging_mixin.py:190} INFO - [2024-09-15T02:57:16.102+0000] {dagbag.py:587} INFO - Filling up the DagBag from /opt/airflow/dags/project-beginning.py
[2024-09-15T02:57:16.180+0000] {processor.py:925} INFO - DAG(s) 'project_satelite' retrieved from /opt/airflow/dags/project-beginning.py
[2024-09-15T02:57:16.274+0000] {logging_mixin.py:190} INFO - [2024-09-15T02:57:16.269+0000] {dag.py:3211} INFO - Sync 1 DAGs
[2024-09-15T02:57:16.384+0000] {logging_mixin.py:190} INFO - [2024-09-15T02:57:16.377+0000] {dag.py:4138} INFO - Setting next_dagrun for project_satelite to 2024-01-01 07:00:00+00:00, run_after=2024-01-08 07:00:00+00:00
[2024-09-15T02:57:16.458+0000] {processor.py:208} INFO - Processing /opt/airflow/dags/project-beginning.py took 0.625 seconds
[2024-09-15T02:57:46.797+0000] {processor.py:186} INFO - Started process (PID=544) to work on /opt/airflow/dags/project-beginning.py
[2024-09-15T02:57:46.807+0000] {processor.py:914} INFO - Processing file /opt/airflow/dags/project-beginning.py for tasks to queue
[2024-09-15T02:57:46.816+0000] {logging_mixin.py:190} INFO - [2024-09-15T02:57:46.815+0000] {dagbag.py:587} INFO - Filling up the DagBag from /opt/airflow/dags/project-beginning.py
[2024-09-15T02:57:46.858+0000] {processor.py:925} INFO - DAG(s) 'project_satelite' retrieved from /opt/airflow/dags/project-beginning.py
[2024-09-15T02:57:46.933+0000] {logging_mixin.py:190} INFO - [2024-09-15T02:57:46.932+0000] {dag.py:3211} INFO - Sync 1 DAGs
[2024-09-15T02:57:47.020+0000] {logging_mixin.py:190} INFO - [2024-09-15T02:57:47.019+0000] {dag.py:4138} INFO - Setting next_dagrun for project_satelite to 2024-01-01 07:00:00+00:00, run_after=2024-01-08 07:00:00+00:00
[2024-09-15T02:57:47.063+0000] {processor.py:208} INFO - Processing /opt/airflow/dags/project-beginning.py took 0.291 seconds
[2024-09-15T02:58:17.478+0000] {processor.py:186} INFO - Started process (PID=553) to work on /opt/airflow/dags/project-beginning.py
[2024-09-15T02:58:17.479+0000] {processor.py:914} INFO - Processing file /opt/airflow/dags/project-beginning.py for tasks to queue
[2024-09-15T02:58:17.484+0000] {logging_mixin.py:190} INFO - [2024-09-15T02:58:17.483+0000] {dagbag.py:587} INFO - Filling up the DagBag from /opt/airflow/dags/project-beginning.py
[2024-09-15T02:58:17.510+0000] {processor.py:925} INFO - DAG(s) 'project_satelite' retrieved from /opt/airflow/dags/project-beginning.py
[2024-09-15T02:58:17.561+0000] {logging_mixin.py:190} INFO - [2024-09-15T02:58:17.560+0000] {dag.py:3211} INFO - Sync 1 DAGs
[2024-09-15T02:58:17.608+0000] {logging_mixin.py:190} INFO - [2024-09-15T02:58:17.608+0000] {dag.py:4138} INFO - Setting next_dagrun for project_satelite to 2024-01-01 07:00:00+00:00, run_after=2024-01-08 07:00:00+00:00
[2024-09-15T02:58:17.646+0000] {processor.py:208} INFO - Processing /opt/airflow/dags/project-beginning.py took 0.183 seconds
[2024-09-15T02:58:47.959+0000] {processor.py:186} INFO - Started process (PID=562) to work on /opt/airflow/dags/project-beginning.py
[2024-09-15T02:58:47.973+0000] {processor.py:914} INFO - Processing file /opt/airflow/dags/project-beginning.py for tasks to queue
[2024-09-15T02:58:47.980+0000] {logging_mixin.py:190} INFO - [2024-09-15T02:58:47.980+0000] {dagbag.py:587} INFO - Filling up the DagBag from /opt/airflow/dags/project-beginning.py
[2024-09-15T02:58:48.020+0000] {processor.py:925} INFO - DAG(s) 'project_satelite' retrieved from /opt/airflow/dags/project-beginning.py
[2024-09-15T02:58:48.085+0000] {logging_mixin.py:190} INFO - [2024-09-15T02:58:48.084+0000] {dag.py:3211} INFO - Sync 1 DAGs
[2024-09-15T02:58:48.162+0000] {logging_mixin.py:190} INFO - [2024-09-15T02:58:48.162+0000] {dag.py:4138} INFO - Setting next_dagrun for project_satelite to 2024-01-01 07:00:00+00:00, run_after=2024-01-08 07:00:00+00:00
[2024-09-15T02:58:48.214+0000] {processor.py:208} INFO - Processing /opt/airflow/dags/project-beginning.py took 0.300 seconds
[2024-09-15T02:59:18.499+0000] {processor.py:186} INFO - Started process (PID=571) to work on /opt/airflow/dags/project-beginning.py
[2024-09-15T02:59:18.508+0000] {processor.py:914} INFO - Processing file /opt/airflow/dags/project-beginning.py for tasks to queue
[2024-09-15T02:59:18.514+0000] {logging_mixin.py:190} INFO - [2024-09-15T02:59:18.513+0000] {dagbag.py:587} INFO - Filling up the DagBag from /opt/airflow/dags/project-beginning.py
[2024-09-15T02:59:18.540+0000] {processor.py:925} INFO - DAG(s) 'project_satelite' retrieved from /opt/airflow/dags/project-beginning.py
[2024-09-15T02:59:18.589+0000] {logging_mixin.py:190} INFO - [2024-09-15T02:59:18.588+0000] {dag.py:3211} INFO - Sync 1 DAGs
[2024-09-15T02:59:18.652+0000] {logging_mixin.py:190} INFO - [2024-09-15T02:59:18.652+0000] {dag.py:4138} INFO - Setting next_dagrun for project_satelite to 2024-01-01 07:00:00+00:00, run_after=2024-01-08 07:00:00+00:00
[2024-09-15T02:59:18.691+0000] {processor.py:208} INFO - Processing /opt/airflow/dags/project-beginning.py took 0.203 seconds
[2024-09-15T02:59:49.022+0000] {processor.py:186} INFO - Started process (PID=580) to work on /opt/airflow/dags/project-beginning.py
[2024-09-15T02:59:49.026+0000] {processor.py:914} INFO - Processing file /opt/airflow/dags/project-beginning.py for tasks to queue
[2024-09-15T02:59:49.031+0000] {logging_mixin.py:190} INFO - [2024-09-15T02:59:49.030+0000] {dagbag.py:587} INFO - Filling up the DagBag from /opt/airflow/dags/project-beginning.py
[2024-09-15T02:59:49.059+0000] {processor.py:925} INFO - DAG(s) 'project_satelite' retrieved from /opt/airflow/dags/project-beginning.py
[2024-09-15T02:59:49.105+0000] {logging_mixin.py:190} INFO - [2024-09-15T02:59:49.104+0000] {dag.py:3211} INFO - Sync 1 DAGs
[2024-09-15T02:59:49.166+0000] {logging_mixin.py:190} INFO - [2024-09-15T02:59:49.165+0000] {dag.py:4138} INFO - Setting next_dagrun for project_satelite to 2024-01-01 07:00:00+00:00, run_after=2024-01-08 07:00:00+00:00
[2024-09-15T02:59:49.203+0000] {processor.py:208} INFO - Processing /opt/airflow/dags/project-beginning.py took 0.192 seconds
[2024-09-15T03:00:19.493+0000] {processor.py:186} INFO - Started process (PID=588) to work on /opt/airflow/dags/project-beginning.py
[2024-09-15T03:00:19.506+0000] {processor.py:914} INFO - Processing file /opt/airflow/dags/project-beginning.py for tasks to queue
[2024-09-15T03:00:19.512+0000] {logging_mixin.py:190} INFO - [2024-09-15T03:00:19.512+0000] {dagbag.py:587} INFO - Filling up the DagBag from /opt/airflow/dags/project-beginning.py
[2024-09-15T03:00:19.535+0000] {processor.py:925} INFO - DAG(s) 'project_satelite' retrieved from /opt/airflow/dags/project-beginning.py
[2024-09-15T03:00:19.584+0000] {logging_mixin.py:190} INFO - [2024-09-15T03:00:19.584+0000] {dag.py:3211} INFO - Sync 1 DAGs
[2024-09-15T03:00:19.648+0000] {logging_mixin.py:190} INFO - [2024-09-15T03:00:19.647+0000] {dag.py:4138} INFO - Setting next_dagrun for project_satelite to 2024-01-01 07:00:00+00:00, run_after=2024-01-08 07:00:00+00:00
[2024-09-15T03:00:19.679+0000] {processor.py:208} INFO - Processing /opt/airflow/dags/project-beginning.py took 0.199 seconds
[2024-09-15T03:00:49.959+0000] {processor.py:186} INFO - Started process (PID=597) to work on /opt/airflow/dags/project-beginning.py
[2024-09-15T03:00:49.978+0000] {processor.py:914} INFO - Processing file /opt/airflow/dags/project-beginning.py for tasks to queue
[2024-09-15T03:00:49.988+0000] {logging_mixin.py:190} INFO - [2024-09-15T03:00:49.987+0000] {dagbag.py:587} INFO - Filling up the DagBag from /opt/airflow/dags/project-beginning.py
[2024-09-15T03:00:50.039+0000] {processor.py:925} INFO - DAG(s) 'project_satelite' retrieved from /opt/airflow/dags/project-beginning.py
[2024-09-15T03:00:50.093+0000] {logging_mixin.py:190} INFO - [2024-09-15T03:00:50.092+0000] {dag.py:3211} INFO - Sync 1 DAGs
[2024-09-15T03:00:50.159+0000] {logging_mixin.py:190} INFO - [2024-09-15T03:00:50.158+0000] {dag.py:4138} INFO - Setting next_dagrun for project_satelite to 2024-01-01 07:00:00+00:00, run_after=2024-01-08 07:00:00+00:00
[2024-09-15T03:00:50.205+0000] {processor.py:208} INFO - Processing /opt/airflow/dags/project-beginning.py took 0.265 seconds
[2024-09-15T03:01:20.487+0000] {processor.py:186} INFO - Started process (PID=605) to work on /opt/airflow/dags/project-beginning.py
[2024-09-15T03:01:20.498+0000] {processor.py:914} INFO - Processing file /opt/airflow/dags/project-beginning.py for tasks to queue
[2024-09-15T03:01:20.503+0000] {logging_mixin.py:190} INFO - [2024-09-15T03:01:20.503+0000] {dagbag.py:587} INFO - Filling up the DagBag from /opt/airflow/dags/project-beginning.py
[2024-09-15T03:01:20.525+0000] {processor.py:925} INFO - DAG(s) 'project_satelite' retrieved from /opt/airflow/dags/project-beginning.py
[2024-09-15T03:01:20.569+0000] {logging_mixin.py:190} INFO - [2024-09-15T03:01:20.568+0000] {dag.py:3211} INFO - Sync 1 DAGs
[2024-09-15T03:01:20.626+0000] {logging_mixin.py:190} INFO - [2024-09-15T03:01:20.626+0000] {dag.py:4138} INFO - Setting next_dagrun for project_satelite to 2024-01-01 07:00:00+00:00, run_after=2024-01-08 07:00:00+00:00
[2024-09-15T03:01:20.653+0000] {processor.py:208} INFO - Processing /opt/airflow/dags/project-beginning.py took 0.180 seconds
[2024-09-15T03:01:50.915+0000] {processor.py:186} INFO - Started process (PID=614) to work on /opt/airflow/dags/project-beginning.py
[2024-09-15T03:01:50.917+0000] {processor.py:914} INFO - Processing file /opt/airflow/dags/project-beginning.py for tasks to queue
[2024-09-15T03:01:50.921+0000] {logging_mixin.py:190} INFO - [2024-09-15T03:01:50.920+0000] {dagbag.py:587} INFO - Filling up the DagBag from /opt/airflow/dags/project-beginning.py
[2024-09-15T03:01:50.944+0000] {processor.py:925} INFO - DAG(s) 'project_satelite' retrieved from /opt/airflow/dags/project-beginning.py
[2024-09-15T03:01:50.981+0000] {logging_mixin.py:190} INFO - [2024-09-15T03:01:50.980+0000] {dag.py:3211} INFO - Sync 1 DAGs
[2024-09-15T03:01:51.028+0000] {logging_mixin.py:190} INFO - [2024-09-15T03:01:51.027+0000] {dag.py:4138} INFO - Setting next_dagrun for project_satelite to 2024-01-01 07:00:00+00:00, run_after=2024-01-08 07:00:00+00:00
[2024-09-15T03:01:51.055+0000] {processor.py:208} INFO - Processing /opt/airflow/dags/project-beginning.py took 0.153 seconds
[2024-09-15T03:02:21.326+0000] {processor.py:186} INFO - Started process (PID=622) to work on /opt/airflow/dags/project-beginning.py
[2024-09-15T03:02:21.330+0000] {processor.py:914} INFO - Processing file /opt/airflow/dags/project-beginning.py for tasks to queue
[2024-09-15T03:02:21.335+0000] {logging_mixin.py:190} INFO - [2024-09-15T03:02:21.334+0000] {dagbag.py:587} INFO - Filling up the DagBag from /opt/airflow/dags/project-beginning.py
[2024-09-15T03:02:21.365+0000] {processor.py:925} INFO - DAG(s) 'project_satelite' retrieved from /opt/airflow/dags/project-beginning.py
[2024-09-15T03:02:21.440+0000] {logging_mixin.py:190} INFO - [2024-09-15T03:02:21.439+0000] {dag.py:3211} INFO - Sync 1 DAGs
[2024-09-15T03:02:21.533+0000] {logging_mixin.py:190} INFO - [2024-09-15T03:02:21.532+0000] {dag.py:4138} INFO - Setting next_dagrun for project_satelite to 2024-01-01 07:00:00+00:00, run_after=2024-01-08 07:00:00+00:00
[2024-09-15T03:02:21.560+0000] {processor.py:208} INFO - Processing /opt/airflow/dags/project-beginning.py took 0.249 seconds
[2024-09-15T03:02:51.819+0000] {processor.py:186} INFO - Started process (PID=631) to work on /opt/airflow/dags/project-beginning.py
[2024-09-15T03:02:51.820+0000] {processor.py:914} INFO - Processing file /opt/airflow/dags/project-beginning.py for tasks to queue
[2024-09-15T03:02:51.826+0000] {logging_mixin.py:190} INFO - [2024-09-15T03:02:51.825+0000] {dagbag.py:587} INFO - Filling up the DagBag from /opt/airflow/dags/project-beginning.py
[2024-09-15T03:02:51.853+0000] {processor.py:925} INFO - DAG(s) 'project_satelite' retrieved from /opt/airflow/dags/project-beginning.py
[2024-09-15T03:02:51.906+0000] {logging_mixin.py:190} INFO - [2024-09-15T03:02:51.905+0000] {dag.py:3211} INFO - Sync 1 DAGs
[2024-09-15T03:02:51.978+0000] {logging_mixin.py:190} INFO - [2024-09-15T03:02:51.975+0000] {dag.py:4138} INFO - Setting next_dagrun for project_satelite to 2024-01-01 07:00:00+00:00, run_after=2024-01-08 07:00:00+00:00
[2024-09-15T03:02:52.015+0000] {processor.py:208} INFO - Processing /opt/airflow/dags/project-beginning.py took 0.212 seconds
[2024-09-15T03:03:22.292+0000] {processor.py:186} INFO - Started process (PID=640) to work on /opt/airflow/dags/project-beginning.py
[2024-09-15T03:03:22.305+0000] {processor.py:914} INFO - Processing file /opt/airflow/dags/project-beginning.py for tasks to queue
[2024-09-15T03:03:22.311+0000] {logging_mixin.py:190} INFO - [2024-09-15T03:03:22.311+0000] {dagbag.py:587} INFO - Filling up the DagBag from /opt/airflow/dags/project-beginning.py
[2024-09-15T03:03:22.339+0000] {processor.py:925} INFO - DAG(s) 'project_satelite' retrieved from /opt/airflow/dags/project-beginning.py
[2024-09-15T03:03:22.388+0000] {logging_mixin.py:190} INFO - [2024-09-15T03:03:22.388+0000] {dag.py:3211} INFO - Sync 1 DAGs
[2024-09-15T03:03:22.459+0000] {logging_mixin.py:190} INFO - [2024-09-15T03:03:22.458+0000] {dag.py:4138} INFO - Setting next_dagrun for project_satelite to 2024-01-01 07:00:00+00:00, run_after=2024-01-08 07:00:00+00:00
[2024-09-15T03:03:22.540+0000] {processor.py:208} INFO - Processing /opt/airflow/dags/project-beginning.py took 0.258 seconds
[2024-09-15T03:03:52.884+0000] {processor.py:186} INFO - Started process (PID=649) to work on /opt/airflow/dags/project-beginning.py
[2024-09-15T03:03:52.885+0000] {processor.py:914} INFO - Processing file /opt/airflow/dags/project-beginning.py for tasks to queue
[2024-09-15T03:03:52.905+0000] {logging_mixin.py:190} INFO - [2024-09-15T03:03:52.900+0000] {dagbag.py:587} INFO - Filling up the DagBag from /opt/airflow/dags/project-beginning.py
[2024-09-15T03:03:52.951+0000] {processor.py:925} INFO - DAG(s) 'project_satelite' retrieved from /opt/airflow/dags/project-beginning.py
[2024-09-15T03:03:53.017+0000] {logging_mixin.py:190} INFO - [2024-09-15T03:03:53.017+0000] {dag.py:3211} INFO - Sync 1 DAGs
[2024-09-15T03:03:53.160+0000] {logging_mixin.py:190} INFO - [2024-09-15T03:03:53.160+0000] {dag.py:4138} INFO - Setting next_dagrun for project_satelite to 2024-01-01 07:00:00+00:00, run_after=2024-01-08 07:00:00+00:00
[2024-09-15T03:03:53.258+0000] {processor.py:208} INFO - Processing /opt/airflow/dags/project-beginning.py took 0.406 seconds
[2024-09-15T03:04:23.534+0000] {processor.py:186} INFO - Started process (PID=657) to work on /opt/airflow/dags/project-beginning.py
[2024-09-15T03:04:23.535+0000] {processor.py:914} INFO - Processing file /opt/airflow/dags/project-beginning.py for tasks to queue
[2024-09-15T03:04:23.540+0000] {logging_mixin.py:190} INFO - [2024-09-15T03:04:23.539+0000] {dagbag.py:587} INFO - Filling up the DagBag from /opt/airflow/dags/project-beginning.py
[2024-09-15T03:04:23.564+0000] {processor.py:925} INFO - DAG(s) 'project_satelite' retrieved from /opt/airflow/dags/project-beginning.py
[2024-09-15T03:04:23.609+0000] {logging_mixin.py:190} INFO - [2024-09-15T03:04:23.609+0000] {dag.py:3211} INFO - Sync 1 DAGs
[2024-09-15T03:04:23.673+0000] {logging_mixin.py:190} INFO - [2024-09-15T03:04:23.673+0000] {dag.py:4138} INFO - Setting next_dagrun for project_satelite to 2024-01-01 07:00:00+00:00, run_after=2024-01-08 07:00:00+00:00
[2024-09-15T03:04:23.711+0000] {processor.py:208} INFO - Processing /opt/airflow/dags/project-beginning.py took 0.191 seconds
[2024-09-15T03:04:53.969+0000] {processor.py:186} INFO - Started process (PID=666) to work on /opt/airflow/dags/project-beginning.py
[2024-09-15T03:04:53.971+0000] {processor.py:914} INFO - Processing file /opt/airflow/dags/project-beginning.py for tasks to queue
[2024-09-15T03:04:53.976+0000] {logging_mixin.py:190} INFO - [2024-09-15T03:04:53.976+0000] {dagbag.py:587} INFO - Filling up the DagBag from /opt/airflow/dags/project-beginning.py
[2024-09-15T03:04:53.999+0000] {processor.py:925} INFO - DAG(s) 'project_satelite' retrieved from /opt/airflow/dags/project-beginning.py
[2024-09-15T03:04:54.047+0000] {logging_mixin.py:190} INFO - [2024-09-15T03:04:54.047+0000] {dag.py:3211} INFO - Sync 1 DAGs
[2024-09-15T03:04:54.114+0000] {logging_mixin.py:190} INFO - [2024-09-15T03:04:54.113+0000] {dag.py:4138} INFO - Setting next_dagrun for project_satelite to 2024-01-01 07:00:00+00:00, run_after=2024-01-08 07:00:00+00:00
[2024-09-15T03:04:54.149+0000] {processor.py:208} INFO - Processing /opt/airflow/dags/project-beginning.py took 0.193 seconds
[2024-09-15T03:05:24.427+0000] {processor.py:186} INFO - Started process (PID=675) to work on /opt/airflow/dags/project-beginning.py
[2024-09-15T03:05:24.430+0000] {processor.py:914} INFO - Processing file /opt/airflow/dags/project-beginning.py for tasks to queue
[2024-09-15T03:05:24.435+0000] {logging_mixin.py:190} INFO - [2024-09-15T03:05:24.434+0000] {dagbag.py:587} INFO - Filling up the DagBag from /opt/airflow/dags/project-beginning.py
[2024-09-15T03:05:24.461+0000] {processor.py:925} INFO - DAG(s) 'project_satelite' retrieved from /opt/airflow/dags/project-beginning.py
[2024-09-15T03:05:24.514+0000] {logging_mixin.py:190} INFO - [2024-09-15T03:05:24.513+0000] {dag.py:3211} INFO - Sync 1 DAGs
[2024-09-15T03:05:24.599+0000] {logging_mixin.py:190} INFO - [2024-09-15T03:05:24.598+0000] {dag.py:4138} INFO - Setting next_dagrun for project_satelite to 2024-01-01 07:00:00+00:00, run_after=2024-01-08 07:00:00+00:00
[2024-09-15T03:05:24.663+0000] {processor.py:208} INFO - Processing /opt/airflow/dags/project-beginning.py took 0.256 seconds
[2024-09-15T03:05:54.948+0000] {processor.py:186} INFO - Started process (PID=683) to work on /opt/airflow/dags/project-beginning.py
[2024-09-15T03:05:54.949+0000] {processor.py:914} INFO - Processing file /opt/airflow/dags/project-beginning.py for tasks to queue
[2024-09-15T03:05:54.953+0000] {logging_mixin.py:190} INFO - [2024-09-15T03:05:54.952+0000] {dagbag.py:587} INFO - Filling up the DagBag from /opt/airflow/dags/project-beginning.py
[2024-09-15T03:05:54.976+0000] {processor.py:925} INFO - DAG(s) 'project_satelite' retrieved from /opt/airflow/dags/project-beginning.py
[2024-09-15T03:05:55.022+0000] {logging_mixin.py:190} INFO - [2024-09-15T03:05:55.022+0000] {dag.py:3211} INFO - Sync 1 DAGs
[2024-09-15T03:05:55.079+0000] {logging_mixin.py:190} INFO - [2024-09-15T03:05:55.078+0000] {dag.py:4138} INFO - Setting next_dagrun for project_satelite to 2024-01-01 07:00:00+00:00, run_after=2024-01-08 07:00:00+00:00
[2024-09-15T03:05:55.112+0000] {processor.py:208} INFO - Processing /opt/airflow/dags/project-beginning.py took 0.177 seconds
[2024-09-15T03:06:25.380+0000] {processor.py:186} INFO - Started process (PID=692) to work on /opt/airflow/dags/project-beginning.py
[2024-09-15T03:06:25.399+0000] {processor.py:914} INFO - Processing file /opt/airflow/dags/project-beginning.py for tasks to queue
[2024-09-15T03:06:25.403+0000] {logging_mixin.py:190} INFO - [2024-09-15T03:06:25.403+0000] {dagbag.py:587} INFO - Filling up the DagBag from /opt/airflow/dags/project-beginning.py
[2024-09-15T03:06:25.426+0000] {processor.py:925} INFO - DAG(s) 'project_satelite' retrieved from /opt/airflow/dags/project-beginning.py
[2024-09-15T03:06:25.471+0000] {logging_mixin.py:190} INFO - [2024-09-15T03:06:25.471+0000] {dag.py:3211} INFO - Sync 1 DAGs
[2024-09-15T03:06:25.539+0000] {logging_mixin.py:190} INFO - [2024-09-15T03:06:25.538+0000] {dag.py:4138} INFO - Setting next_dagrun for project_satelite to 2024-01-01 07:00:00+00:00, run_after=2024-01-08 07:00:00+00:00
[2024-09-15T03:06:25.573+0000] {processor.py:208} INFO - Processing /opt/airflow/dags/project-beginning.py took 0.205 seconds
[2024-09-15T03:06:55.848+0000] {processor.py:186} INFO - Started process (PID=701) to work on /opt/airflow/dags/project-beginning.py
[2024-09-15T03:06:55.850+0000] {processor.py:914} INFO - Processing file /opt/airflow/dags/project-beginning.py for tasks to queue
[2024-09-15T03:06:55.856+0000] {logging_mixin.py:190} INFO - [2024-09-15T03:06:55.855+0000] {dagbag.py:587} INFO - Filling up the DagBag from /opt/airflow/dags/project-beginning.py
[2024-09-15T03:06:55.878+0000] {processor.py:925} INFO - DAG(s) 'project_satelite' retrieved from /opt/airflow/dags/project-beginning.py
[2024-09-15T03:06:55.926+0000] {logging_mixin.py:190} INFO - [2024-09-15T03:06:55.925+0000] {dag.py:3211} INFO - Sync 1 DAGs
[2024-09-15T03:06:55.985+0000] {logging_mixin.py:190} INFO - [2024-09-15T03:06:55.984+0000] {dag.py:4138} INFO - Setting next_dagrun for project_satelite to 2024-01-01 07:00:00+00:00, run_after=2024-01-08 07:00:00+00:00
[2024-09-15T03:06:56.020+0000] {processor.py:208} INFO - Processing /opt/airflow/dags/project-beginning.py took 0.185 seconds
[2024-09-15T03:07:26.285+0000] {processor.py:186} INFO - Started process (PID=709) to work on /opt/airflow/dags/project-beginning.py
[2024-09-15T03:07:26.286+0000] {processor.py:914} INFO - Processing file /opt/airflow/dags/project-beginning.py for tasks to queue
[2024-09-15T03:07:26.292+0000] {logging_mixin.py:190} INFO - [2024-09-15T03:07:26.291+0000] {dagbag.py:587} INFO - Filling up the DagBag from /opt/airflow/dags/project-beginning.py
[2024-09-15T03:07:26.316+0000] {processor.py:925} INFO - DAG(s) 'project_satelite' retrieved from /opt/airflow/dags/project-beginning.py
[2024-09-15T03:07:26.372+0000] {logging_mixin.py:190} INFO - [2024-09-15T03:07:26.371+0000] {dag.py:3211} INFO - Sync 1 DAGs
[2024-09-15T03:07:26.436+0000] {logging_mixin.py:190} INFO - [2024-09-15T03:07:26.435+0000] {dag.py:4138} INFO - Setting next_dagrun for project_satelite to 2024-01-01 07:00:00+00:00, run_after=2024-01-08 07:00:00+00:00
[2024-09-15T03:07:26.478+0000] {processor.py:208} INFO - Processing /opt/airflow/dags/project-beginning.py took 0.207 seconds
[2024-09-15T03:07:56.736+0000] {processor.py:186} INFO - Started process (PID=717) to work on /opt/airflow/dags/project-beginning.py
[2024-09-15T03:07:56.737+0000] {processor.py:914} INFO - Processing file /opt/airflow/dags/project-beginning.py for tasks to queue
[2024-09-15T03:07:56.743+0000] {logging_mixin.py:190} INFO - [2024-09-15T03:07:56.741+0000] {dagbag.py:587} INFO - Filling up the DagBag from /opt/airflow/dags/project-beginning.py
[2024-09-15T03:07:56.766+0000] {processor.py:925} INFO - DAG(s) 'project_satelite' retrieved from /opt/airflow/dags/project-beginning.py
[2024-09-15T03:07:56.811+0000] {logging_mixin.py:190} INFO - [2024-09-15T03:07:56.810+0000] {dag.py:3211} INFO - Sync 1 DAGs
[2024-09-15T03:07:56.876+0000] {logging_mixin.py:190} INFO - [2024-09-15T03:07:56.876+0000] {dag.py:4138} INFO - Setting next_dagrun for project_satelite to 2024-01-01 07:00:00+00:00, run_after=2024-01-08 07:00:00+00:00
[2024-09-15T03:07:56.910+0000] {processor.py:208} INFO - Processing /opt/airflow/dags/project-beginning.py took 0.188 seconds
[2024-09-15T03:08:27.179+0000] {processor.py:186} INFO - Started process (PID=725) to work on /opt/airflow/dags/project-beginning.py
[2024-09-15T03:08:27.180+0000] {processor.py:914} INFO - Processing file /opt/airflow/dags/project-beginning.py for tasks to queue
[2024-09-15T03:08:27.185+0000] {logging_mixin.py:190} INFO - [2024-09-15T03:08:27.184+0000] {dagbag.py:587} INFO - Filling up the DagBag from /opt/airflow/dags/project-beginning.py
[2024-09-15T03:08:27.207+0000] {processor.py:925} INFO - DAG(s) 'project_satelite' retrieved from /opt/airflow/dags/project-beginning.py
[2024-09-15T03:08:27.250+0000] {logging_mixin.py:190} INFO - [2024-09-15T03:08:27.250+0000] {dag.py:3211} INFO - Sync 1 DAGs
[2024-09-15T03:08:27.308+0000] {logging_mixin.py:190} INFO - [2024-09-15T03:08:27.308+0000] {dag.py:4138} INFO - Setting next_dagrun for project_satelite to 2024-01-01 07:00:00+00:00, run_after=2024-01-08 07:00:00+00:00
[2024-09-15T03:08:27.345+0000] {processor.py:208} INFO - Processing /opt/airflow/dags/project-beginning.py took 0.178 seconds
[2024-09-15T03:08:57.611+0000] {processor.py:186} INFO - Started process (PID=733) to work on /opt/airflow/dags/project-beginning.py
[2024-09-15T03:08:57.613+0000] {processor.py:914} INFO - Processing file /opt/airflow/dags/project-beginning.py for tasks to queue
[2024-09-15T03:08:57.617+0000] {logging_mixin.py:190} INFO - [2024-09-15T03:08:57.617+0000] {dagbag.py:587} INFO - Filling up the DagBag from /opt/airflow/dags/project-beginning.py
[2024-09-15T03:08:57.640+0000] {processor.py:925} INFO - DAG(s) 'project_satelite' retrieved from /opt/airflow/dags/project-beginning.py
[2024-09-15T03:08:57.694+0000] {logging_mixin.py:190} INFO - [2024-09-15T03:08:57.693+0000] {dag.py:3211} INFO - Sync 1 DAGs
[2024-09-15T03:08:57.757+0000] {logging_mixin.py:190} INFO - [2024-09-15T03:08:57.755+0000] {dag.py:4138} INFO - Setting next_dagrun for project_satelite to 2024-01-01 07:00:00+00:00, run_after=2024-01-08 07:00:00+00:00
[2024-09-15T03:08:57.802+0000] {processor.py:208} INFO - Processing /opt/airflow/dags/project-beginning.py took 0.204 seconds
