[2024-09-20T00:00:28.385+0000] {processor.py:186} INFO - Started process (PID=466) to work on /opt/airflow/dags/nasa/nasa.py
[2024-09-20T00:00:28.386+0000] {processor.py:914} INFO - Processing file /opt/airflow/dags/nasa/nasa.py for tasks to queue
[2024-09-20T00:00:28.408+0000] {logging_mixin.py:190} INFO - [2024-09-20T00:00:28.407+0000] {dagbag.py:587} INFO - Filling up the DagBag from /opt/airflow/dags/nasa/nasa.py
[2024-09-20T00:00:28.430+0000] {processor.py:925} INFO - DAG(s) 'nasa' retrieved from /opt/airflow/dags/nasa/nasa.py
[2024-09-20T00:00:28.476+0000] {logging_mixin.py:190} INFO - [2024-09-20T00:00:28.475+0000] {dag.py:3211} INFO - Sync 1 DAGs
[2024-09-20T00:00:28.664+0000] {logging_mixin.py:190} INFO - [2024-09-20T00:00:28.664+0000] {dag.py:4138} INFO - Setting next_dagrun for nasa to 2024-01-01 00:00:00+00:00, run_after=2024-01-01 00:15:00+00:00
[2024-09-20T00:00:28.770+0000] {processor.py:208} INFO - Processing /opt/airflow/dags/nasa/nasa.py took 0.427 seconds
[2024-09-20T00:00:59.140+0000] {processor.py:186} INFO - Started process (PID=476) to work on /opt/airflow/dags/nasa/nasa.py
[2024-09-20T00:00:59.142+0000] {processor.py:914} INFO - Processing file /opt/airflow/dags/nasa/nasa.py for tasks to queue
[2024-09-20T00:00:59.147+0000] {logging_mixin.py:190} INFO - [2024-09-20T00:00:59.146+0000] {dagbag.py:587} INFO - Filling up the DagBag from /opt/airflow/dags/nasa/nasa.py
[2024-09-20T00:00:59.168+0000] {processor.py:925} INFO - DAG(s) 'nasa' retrieved from /opt/airflow/dags/nasa/nasa.py
[2024-09-20T00:00:59.222+0000] {logging_mixin.py:190} INFO - [2024-09-20T00:00:59.221+0000] {dag.py:3211} INFO - Sync 1 DAGs
[2024-09-20T00:00:59.291+0000] {logging_mixin.py:190} INFO - [2024-09-20T00:00:59.290+0000] {dag.py:4138} INFO - Setting next_dagrun for nasa to 2024-01-01 00:00:00+00:00, run_after=2024-01-01 00:15:00+00:00
[2024-09-20T00:00:59.338+0000] {processor.py:208} INFO - Processing /opt/airflow/dags/nasa/nasa.py took 0.213 seconds
[2024-09-20T00:01:29.839+0000] {processor.py:186} INFO - Started process (PID=486) to work on /opt/airflow/dags/nasa/nasa.py
[2024-09-20T00:01:29.843+0000] {processor.py:914} INFO - Processing file /opt/airflow/dags/nasa/nasa.py for tasks to queue
[2024-09-20T00:01:29.857+0000] {logging_mixin.py:190} INFO - [2024-09-20T00:01:29.848+0000] {dagbag.py:587} INFO - Filling up the DagBag from /opt/airflow/dags/nasa/nasa.py
[2024-09-20T00:01:29.884+0000] {processor.py:925} INFO - DAG(s) 'nasa' retrieved from /opt/airflow/dags/nasa/nasa.py
[2024-09-20T00:01:30.028+0000] {logging_mixin.py:190} INFO - [2024-09-20T00:01:30.027+0000] {dag.py:3211} INFO - Sync 1 DAGs
[2024-09-20T00:01:30.160+0000] {logging_mixin.py:190} INFO - [2024-09-20T00:01:30.159+0000] {dag.py:4138} INFO - Setting next_dagrun for nasa to 2024-01-01 00:00:00+00:00, run_after=2024-01-01 00:15:00+00:00
[2024-09-20T00:01:30.210+0000] {processor.py:208} INFO - Processing /opt/airflow/dags/nasa/nasa.py took 0.402 seconds
[2024-09-20T00:02:00.713+0000] {processor.py:186} INFO - Started process (PID=496) to work on /opt/airflow/dags/nasa/nasa.py
[2024-09-20T00:02:00.714+0000] {processor.py:914} INFO - Processing file /opt/airflow/dags/nasa/nasa.py for tasks to queue
[2024-09-20T00:02:00.719+0000] {logging_mixin.py:190} INFO - [2024-09-20T00:02:00.719+0000] {dagbag.py:587} INFO - Filling up the DagBag from /opt/airflow/dags/nasa/nasa.py
[2024-09-20T00:02:00.767+0000] {processor.py:925} INFO - DAG(s) 'nasa' retrieved from /opt/airflow/dags/nasa/nasa.py
[2024-09-20T00:02:00.821+0000] {logging_mixin.py:190} INFO - [2024-09-20T00:02:00.820+0000] {dag.py:3211} INFO - Sync 1 DAGs
[2024-09-20T00:02:00.889+0000] {logging_mixin.py:190} INFO - [2024-09-20T00:02:00.889+0000] {dag.py:4138} INFO - Setting next_dagrun for nasa to 2024-01-01 00:00:00+00:00, run_after=2024-01-01 00:15:00+00:00
[2024-09-20T00:02:00.934+0000] {processor.py:208} INFO - Processing /opt/airflow/dags/nasa/nasa.py took 0.237 seconds
[2024-09-20T00:02:31.378+0000] {processor.py:186} INFO - Started process (PID=506) to work on /opt/airflow/dags/nasa/nasa.py
[2024-09-20T00:02:31.380+0000] {processor.py:914} INFO - Processing file /opt/airflow/dags/nasa/nasa.py for tasks to queue
[2024-09-20T00:02:31.386+0000] {logging_mixin.py:190} INFO - [2024-09-20T00:02:31.385+0000] {dagbag.py:587} INFO - Filling up the DagBag from /opt/airflow/dags/nasa/nasa.py
[2024-09-20T00:02:31.416+0000] {processor.py:925} INFO - DAG(s) 'nasa' retrieved from /opt/airflow/dags/nasa/nasa.py
[2024-09-20T00:02:31.459+0000] {logging_mixin.py:190} INFO - [2024-09-20T00:02:31.458+0000] {dag.py:3211} INFO - Sync 1 DAGs
[2024-09-20T00:02:31.532+0000] {logging_mixin.py:190} INFO - [2024-09-20T00:02:31.531+0000] {dag.py:4138} INFO - Setting next_dagrun for nasa to 2024-01-01 00:00:00+00:00, run_after=2024-01-01 00:15:00+00:00
[2024-09-20T00:02:31.563+0000] {processor.py:208} INFO - Processing /opt/airflow/dags/nasa/nasa.py took 0.200 seconds
[2024-09-20T00:03:02.027+0000] {processor.py:186} INFO - Started process (PID=516) to work on /opt/airflow/dags/nasa/nasa.py
[2024-09-20T00:03:02.028+0000] {processor.py:914} INFO - Processing file /opt/airflow/dags/nasa/nasa.py for tasks to queue
[2024-09-20T00:03:02.034+0000] {logging_mixin.py:190} INFO - [2024-09-20T00:03:02.033+0000] {dagbag.py:587} INFO - Filling up the DagBag from /opt/airflow/dags/nasa/nasa.py
[2024-09-20T00:03:02.053+0000] {processor.py:925} INFO - DAG(s) 'nasa' retrieved from /opt/airflow/dags/nasa/nasa.py
[2024-09-20T00:03:02.100+0000] {logging_mixin.py:190} INFO - [2024-09-20T00:03:02.099+0000] {dag.py:3211} INFO - Sync 1 DAGs
[2024-09-20T00:03:02.162+0000] {logging_mixin.py:190} INFO - [2024-09-20T00:03:02.162+0000] {dag.py:4138} INFO - Setting next_dagrun for nasa to 2024-01-01 00:00:00+00:00, run_after=2024-01-01 00:15:00+00:00
[2024-09-20T00:03:02.204+0000] {processor.py:208} INFO - Processing /opt/airflow/dags/nasa/nasa.py took 0.191 seconds
[2024-09-20T00:03:32.747+0000] {processor.py:186} INFO - Started process (PID=526) to work on /opt/airflow/dags/nasa/nasa.py
[2024-09-20T00:03:32.756+0000] {processor.py:914} INFO - Processing file /opt/airflow/dags/nasa/nasa.py for tasks to queue
[2024-09-20T00:03:32.771+0000] {logging_mixin.py:190} INFO - [2024-09-20T00:03:32.771+0000] {dagbag.py:587} INFO - Filling up the DagBag from /opt/airflow/dags/nasa/nasa.py
[2024-09-20T00:03:32.793+0000] {processor.py:925} INFO - DAG(s) 'nasa' retrieved from /opt/airflow/dags/nasa/nasa.py
[2024-09-20T00:03:32.850+0000] {logging_mixin.py:190} INFO - [2024-09-20T00:03:32.849+0000] {dag.py:3211} INFO - Sync 1 DAGs
[2024-09-20T00:03:32.922+0000] {logging_mixin.py:190} INFO - [2024-09-20T00:03:32.921+0000] {dag.py:4138} INFO - Setting next_dagrun for nasa to 2024-01-01 00:00:00+00:00, run_after=2024-01-01 00:15:00+00:00
[2024-09-20T00:03:32.990+0000] {processor.py:208} INFO - Processing /opt/airflow/dags/nasa/nasa.py took 0.273 seconds
[2024-09-20T00:04:03.488+0000] {processor.py:186} INFO - Started process (PID=536) to work on /opt/airflow/dags/nasa/nasa.py
[2024-09-20T00:04:03.495+0000] {processor.py:914} INFO - Processing file /opt/airflow/dags/nasa/nasa.py for tasks to queue
[2024-09-20T00:04:03.505+0000] {logging_mixin.py:190} INFO - [2024-09-20T00:04:03.504+0000] {dagbag.py:587} INFO - Filling up the DagBag from /opt/airflow/dags/nasa/nasa.py
[2024-09-20T00:04:03.549+0000] {processor.py:925} INFO - DAG(s) 'nasa' retrieved from /opt/airflow/dags/nasa/nasa.py
[2024-09-20T00:04:03.593+0000] {logging_mixin.py:190} INFO - [2024-09-20T00:04:03.593+0000] {dag.py:3211} INFO - Sync 1 DAGs
[2024-09-20T00:04:03.664+0000] {logging_mixin.py:190} INFO - [2024-09-20T00:04:03.664+0000] {dag.py:4138} INFO - Setting next_dagrun for nasa to 2024-01-01 00:00:00+00:00, run_after=2024-01-01 00:15:00+00:00
[2024-09-20T00:04:03.706+0000] {processor.py:208} INFO - Processing /opt/airflow/dags/nasa/nasa.py took 0.251 seconds
[2024-09-20T00:04:34.107+0000] {processor.py:186} INFO - Started process (PID=546) to work on /opt/airflow/dags/nasa/nasa.py
[2024-09-20T00:04:34.112+0000] {processor.py:914} INFO - Processing file /opt/airflow/dags/nasa/nasa.py for tasks to queue
[2024-09-20T00:04:34.117+0000] {logging_mixin.py:190} INFO - [2024-09-20T00:04:34.116+0000] {dagbag.py:587} INFO - Filling up the DagBag from /opt/airflow/dags/nasa/nasa.py
[2024-09-20T00:04:34.153+0000] {processor.py:925} INFO - DAG(s) 'nasa' retrieved from /opt/airflow/dags/nasa/nasa.py
[2024-09-20T00:04:34.195+0000] {logging_mixin.py:190} INFO - [2024-09-20T00:04:34.195+0000] {dag.py:3211} INFO - Sync 1 DAGs
[2024-09-20T00:04:34.257+0000] {logging_mixin.py:190} INFO - [2024-09-20T00:04:34.257+0000] {dag.py:4138} INFO - Setting next_dagrun for nasa to 2024-01-01 00:00:00+00:00, run_after=2024-01-01 00:15:00+00:00
[2024-09-20T00:04:34.298+0000] {processor.py:208} INFO - Processing /opt/airflow/dags/nasa/nasa.py took 0.204 seconds
[2024-09-20T00:05:04.828+0000] {processor.py:186} INFO - Started process (PID=555) to work on /opt/airflow/dags/nasa/nasa.py
[2024-09-20T00:05:04.845+0000] {processor.py:914} INFO - Processing file /opt/airflow/dags/nasa/nasa.py for tasks to queue
[2024-09-20T00:05:04.867+0000] {logging_mixin.py:190} INFO - [2024-09-20T00:05:04.866+0000] {dagbag.py:587} INFO - Filling up the DagBag from /opt/airflow/dags/nasa/nasa.py
[2024-09-20T00:05:04.890+0000] {processor.py:925} INFO - DAG(s) 'nasa' retrieved from /opt/airflow/dags/nasa/nasa.py
[2024-09-20T00:05:04.952+0000] {logging_mixin.py:190} INFO - [2024-09-20T00:05:04.952+0000] {dag.py:3211} INFO - Sync 1 DAGs
[2024-09-20T00:05:05.033+0000] {logging_mixin.py:190} INFO - [2024-09-20T00:05:05.025+0000] {dag.py:4138} INFO - Setting next_dagrun for nasa to 2024-01-01 00:00:00+00:00, run_after=2024-01-01 00:15:00+00:00
[2024-09-20T00:05:05.089+0000] {processor.py:208} INFO - Processing /opt/airflow/dags/nasa/nasa.py took 0.294 seconds
[2024-09-20T00:05:35.622+0000] {processor.py:186} INFO - Started process (PID=564) to work on /opt/airflow/dags/nasa/nasa.py
[2024-09-20T00:05:35.625+0000] {processor.py:914} INFO - Processing file /opt/airflow/dags/nasa/nasa.py for tasks to queue
[2024-09-20T00:05:35.631+0000] {logging_mixin.py:190} INFO - [2024-09-20T00:05:35.630+0000] {dagbag.py:587} INFO - Filling up the DagBag from /opt/airflow/dags/nasa/nasa.py
[2024-09-20T00:05:35.650+0000] {processor.py:925} INFO - DAG(s) 'nasa' retrieved from /opt/airflow/dags/nasa/nasa.py
[2024-09-20T00:05:35.689+0000] {logging_mixin.py:190} INFO - [2024-09-20T00:05:35.688+0000] {dag.py:3211} INFO - Sync 1 DAGs
[2024-09-20T00:05:35.744+0000] {logging_mixin.py:190} INFO - [2024-09-20T00:05:35.743+0000] {dag.py:4138} INFO - Setting next_dagrun for nasa to 2024-01-01 00:00:00+00:00, run_after=2024-01-01 00:15:00+00:00
[2024-09-20T00:05:35.783+0000] {processor.py:208} INFO - Processing /opt/airflow/dags/nasa/nasa.py took 0.174 seconds
[2024-09-20T00:06:06.378+0000] {processor.py:186} INFO - Started process (PID=580) to work on /opt/airflow/dags/nasa/nasa.py
[2024-09-20T00:06:06.381+0000] {processor.py:914} INFO - Processing file /opt/airflow/dags/nasa/nasa.py for tasks to queue
[2024-09-20T00:06:06.426+0000] {logging_mixin.py:190} INFO - [2024-09-20T00:06:06.426+0000] {dagbag.py:587} INFO - Filling up the DagBag from /opt/airflow/dags/nasa/nasa.py
[2024-09-20T00:06:06.505+0000] {processor.py:925} INFO - DAG(s) 'nasa' retrieved from /opt/airflow/dags/nasa/nasa.py
[2024-09-20T00:06:06.554+0000] {logging_mixin.py:190} INFO - [2024-09-20T00:06:06.553+0000] {dag.py:3211} INFO - Sync 1 DAGs
[2024-09-20T00:06:06.671+0000] {logging_mixin.py:190} INFO - [2024-09-20T00:06:06.671+0000] {dag.py:4138} INFO - Setting next_dagrun for nasa to 2024-01-01 00:00:00+00:00, run_after=2024-01-01 00:15:00+00:00
[2024-09-20T00:06:06.753+0000] {processor.py:208} INFO - Processing /opt/airflow/dags/nasa/nasa.py took 0.478 seconds
[2024-09-20T00:06:37.287+0000] {processor.py:186} INFO - Started process (PID=589) to work on /opt/airflow/dags/nasa/nasa.py
[2024-09-20T00:06:37.313+0000] {processor.py:914} INFO - Processing file /opt/airflow/dags/nasa/nasa.py for tasks to queue
[2024-09-20T00:06:37.319+0000] {logging_mixin.py:190} INFO - [2024-09-20T00:06:37.318+0000] {dagbag.py:587} INFO - Filling up the DagBag from /opt/airflow/dags/nasa/nasa.py
[2024-09-20T00:06:37.350+0000] {processor.py:925} INFO - DAG(s) 'nasa' retrieved from /opt/airflow/dags/nasa/nasa.py
[2024-09-20T00:06:37.471+0000] {logging_mixin.py:190} INFO - [2024-09-20T00:06:37.471+0000] {dag.py:3211} INFO - Sync 1 DAGs
[2024-09-20T00:06:37.547+0000] {logging_mixin.py:190} INFO - [2024-09-20T00:06:37.546+0000] {dag.py:4138} INFO - Setting next_dagrun for nasa to 2024-01-01 00:00:00+00:00, run_after=2024-01-01 00:15:00+00:00
[2024-09-20T00:06:37.590+0000] {processor.py:208} INFO - Processing /opt/airflow/dags/nasa/nasa.py took 0.323 seconds
[2024-09-20T00:07:08.073+0000] {processor.py:186} INFO - Started process (PID=599) to work on /opt/airflow/dags/nasa/nasa.py
[2024-09-20T00:07:08.075+0000] {processor.py:914} INFO - Processing file /opt/airflow/dags/nasa/nasa.py for tasks to queue
[2024-09-20T00:07:08.086+0000] {logging_mixin.py:190} INFO - [2024-09-20T00:07:08.085+0000] {dagbag.py:587} INFO - Filling up the DagBag from /opt/airflow/dags/nasa/nasa.py
[2024-09-20T00:07:08.117+0000] {processor.py:925} INFO - DAG(s) 'nasa' retrieved from /opt/airflow/dags/nasa/nasa.py
[2024-09-20T00:07:08.182+0000] {logging_mixin.py:190} INFO - [2024-09-20T00:07:08.181+0000] {dag.py:3211} INFO - Sync 1 DAGs
[2024-09-20T00:07:08.257+0000] {logging_mixin.py:190} INFO - [2024-09-20T00:07:08.257+0000] {dag.py:4138} INFO - Setting next_dagrun for nasa to 2024-01-01 00:00:00+00:00, run_after=2024-01-01 00:15:00+00:00
[2024-09-20T00:07:08.307+0000] {processor.py:208} INFO - Processing /opt/airflow/dags/nasa/nasa.py took 0.268 seconds
[2024-09-20T00:07:38.641+0000] {processor.py:186} INFO - Started process (PID=609) to work on /opt/airflow/dags/nasa/nasa.py
[2024-09-20T00:07:38.643+0000] {processor.py:914} INFO - Processing file /opt/airflow/dags/nasa/nasa.py for tasks to queue
[2024-09-20T00:07:38.649+0000] {logging_mixin.py:190} INFO - [2024-09-20T00:07:38.648+0000] {dagbag.py:587} INFO - Filling up the DagBag from /opt/airflow/dags/nasa/nasa.py
[2024-09-20T00:07:38.672+0000] {processor.py:925} INFO - DAG(s) 'nasa' retrieved from /opt/airflow/dags/nasa/nasa.py
[2024-09-20T00:07:38.702+0000] {logging_mixin.py:190} INFO - [2024-09-20T00:07:38.702+0000] {dag.py:3211} INFO - Sync 1 DAGs
[2024-09-20T00:07:38.756+0000] {logging_mixin.py:190} INFO - [2024-09-20T00:07:38.756+0000] {dag.py:4138} INFO - Setting next_dagrun for nasa to 2024-01-01 00:00:00+00:00, run_after=2024-01-01 00:15:00+00:00
[2024-09-20T00:07:38.794+0000] {processor.py:208} INFO - Processing /opt/airflow/dags/nasa/nasa.py took 0.168 seconds
[2024-09-20T00:08:09.109+0000] {processor.py:186} INFO - Started process (PID=618) to work on /opt/airflow/dags/nasa/nasa.py
[2024-09-20T00:08:09.111+0000] {processor.py:914} INFO - Processing file /opt/airflow/dags/nasa/nasa.py for tasks to queue
[2024-09-20T00:08:09.115+0000] {logging_mixin.py:190} INFO - [2024-09-20T00:08:09.114+0000] {dagbag.py:587} INFO - Filling up the DagBag from /opt/airflow/dags/nasa/nasa.py
[2024-09-20T00:08:09.138+0000] {processor.py:925} INFO - DAG(s) 'nasa' retrieved from /opt/airflow/dags/nasa/nasa.py
[2024-09-20T00:08:09.184+0000] {logging_mixin.py:190} INFO - [2024-09-20T00:08:09.183+0000] {dag.py:3211} INFO - Sync 1 DAGs
[2024-09-20T00:08:09.246+0000] {logging_mixin.py:190} INFO - [2024-09-20T00:08:09.246+0000] {dag.py:4138} INFO - Setting next_dagrun for nasa to 2024-01-01 00:00:00+00:00, run_after=2024-01-01 00:15:00+00:00
[2024-09-20T00:08:09.286+0000] {processor.py:208} INFO - Processing /opt/airflow/dags/nasa/nasa.py took 0.189 seconds
[2024-09-20T00:08:39.783+0000] {processor.py:186} INFO - Started process (PID=628) to work on /opt/airflow/dags/nasa/nasa.py
[2024-09-20T00:08:39.784+0000] {processor.py:914} INFO - Processing file /opt/airflow/dags/nasa/nasa.py for tasks to queue
[2024-09-20T00:08:39.791+0000] {logging_mixin.py:190} INFO - [2024-09-20T00:08:39.789+0000] {dagbag.py:587} INFO - Filling up the DagBag from /opt/airflow/dags/nasa/nasa.py
[2024-09-20T00:08:39.814+0000] {processor.py:925} INFO - DAG(s) 'nasa' retrieved from /opt/airflow/dags/nasa/nasa.py
[2024-09-20T00:08:39.854+0000] {logging_mixin.py:190} INFO - [2024-09-20T00:08:39.854+0000] {dag.py:3211} INFO - Sync 1 DAGs
[2024-09-20T00:08:39.915+0000] {logging_mixin.py:190} INFO - [2024-09-20T00:08:39.914+0000] {dag.py:4138} INFO - Setting next_dagrun for nasa to 2024-01-01 00:00:00+00:00, run_after=2024-01-01 00:15:00+00:00
[2024-09-20T00:08:39.954+0000] {processor.py:208} INFO - Processing /opt/airflow/dags/nasa/nasa.py took 0.188 seconds
[2024-09-20T00:09:10.509+0000] {processor.py:186} INFO - Started process (PID=638) to work on /opt/airflow/dags/nasa/nasa.py
[2024-09-20T00:09:10.515+0000] {processor.py:914} INFO - Processing file /opt/airflow/dags/nasa/nasa.py for tasks to queue
[2024-09-20T00:09:10.529+0000] {logging_mixin.py:190} INFO - [2024-09-20T00:09:10.520+0000] {dagbag.py:587} INFO - Filling up the DagBag from /opt/airflow/dags/nasa/nasa.py
[2024-09-20T00:09:10.569+0000] {processor.py:925} INFO - DAG(s) 'nasa' retrieved from /opt/airflow/dags/nasa/nasa.py
[2024-09-20T00:09:10.642+0000] {logging_mixin.py:190} INFO - [2024-09-20T00:09:10.641+0000] {dag.py:3211} INFO - Sync 1 DAGs
[2024-09-20T00:09:10.711+0000] {logging_mixin.py:190} INFO - [2024-09-20T00:09:10.706+0000] {dag.py:4138} INFO - Setting next_dagrun for nasa to 2024-01-01 00:00:00+00:00, run_after=2024-01-01 00:15:00+00:00
[2024-09-20T00:09:10.772+0000] {processor.py:208} INFO - Processing /opt/airflow/dags/nasa/nasa.py took 0.288 seconds
[2024-09-20T00:09:41.112+0000] {processor.py:186} INFO - Started process (PID=648) to work on /opt/airflow/dags/nasa/nasa.py
[2024-09-20T00:09:41.123+0000] {processor.py:914} INFO - Processing file /opt/airflow/dags/nasa/nasa.py for tasks to queue
[2024-09-20T00:09:41.129+0000] {logging_mixin.py:190} INFO - [2024-09-20T00:09:41.128+0000] {dagbag.py:587} INFO - Filling up the DagBag from /opt/airflow/dags/nasa/nasa.py
[2024-09-20T00:09:41.147+0000] {processor.py:925} INFO - DAG(s) 'nasa' retrieved from /opt/airflow/dags/nasa/nasa.py
[2024-09-20T00:09:41.185+0000] {logging_mixin.py:190} INFO - [2024-09-20T00:09:41.185+0000] {dag.py:3211} INFO - Sync 1 DAGs
[2024-09-20T00:09:41.245+0000] {logging_mixin.py:190} INFO - [2024-09-20T00:09:41.244+0000] {dag.py:4138} INFO - Setting next_dagrun for nasa to 2024-01-01 00:00:00+00:00, run_after=2024-01-01 00:15:00+00:00
[2024-09-20T00:09:41.294+0000] {processor.py:208} INFO - Processing /opt/airflow/dags/nasa/nasa.py took 0.192 seconds
[2024-09-20T00:10:11.888+0000] {processor.py:186} INFO - Started process (PID=658) to work on /opt/airflow/dags/nasa/nasa.py
[2024-09-20T00:10:11.889+0000] {processor.py:914} INFO - Processing file /opt/airflow/dags/nasa/nasa.py for tasks to queue
[2024-09-20T00:10:11.894+0000] {logging_mixin.py:190} INFO - [2024-09-20T00:10:11.894+0000] {dagbag.py:587} INFO - Filling up the DagBag from /opt/airflow/dags/nasa/nasa.py
[2024-09-20T00:10:11.918+0000] {processor.py:925} INFO - DAG(s) 'nasa' retrieved from /opt/airflow/dags/nasa/nasa.py
[2024-09-20T00:10:11.960+0000] {logging_mixin.py:190} INFO - [2024-09-20T00:10:11.960+0000] {dag.py:3211} INFO - Sync 1 DAGs
[2024-09-20T00:10:12.027+0000] {logging_mixin.py:190} INFO - [2024-09-20T00:10:12.026+0000] {dag.py:4138} INFO - Setting next_dagrun for nasa to 2024-01-01 00:00:00+00:00, run_after=2024-01-01 00:15:00+00:00
[2024-09-20T00:10:12.072+0000] {processor.py:208} INFO - Processing /opt/airflow/dags/nasa/nasa.py took 0.200 seconds
[2024-09-20T00:10:42.536+0000] {processor.py:186} INFO - Started process (PID=668) to work on /opt/airflow/dags/nasa/nasa.py
[2024-09-20T00:10:42.546+0000] {processor.py:914} INFO - Processing file /opt/airflow/dags/nasa/nasa.py for tasks to queue
[2024-09-20T00:10:42.551+0000] {logging_mixin.py:190} INFO - [2024-09-20T00:10:42.550+0000] {dagbag.py:587} INFO - Filling up the DagBag from /opt/airflow/dags/nasa/nasa.py
[2024-09-20T00:10:42.571+0000] {processor.py:925} INFO - DAG(s) 'nasa' retrieved from /opt/airflow/dags/nasa/nasa.py
[2024-09-20T00:10:42.611+0000] {logging_mixin.py:190} INFO - [2024-09-20T00:10:42.610+0000] {dag.py:3211} INFO - Sync 1 DAGs
[2024-09-20T00:10:42.671+0000] {logging_mixin.py:190} INFO - [2024-09-20T00:10:42.671+0000] {dag.py:4138} INFO - Setting next_dagrun for nasa to 2024-01-01 00:00:00+00:00, run_after=2024-01-01 00:15:00+00:00
[2024-09-20T00:10:42.704+0000] {processor.py:208} INFO - Processing /opt/airflow/dags/nasa/nasa.py took 0.181 seconds
[2024-09-20T00:11:13.124+0000] {processor.py:186} INFO - Started process (PID=677) to work on /opt/airflow/dags/nasa/nasa.py
[2024-09-20T00:11:13.125+0000] {processor.py:914} INFO - Processing file /opt/airflow/dags/nasa/nasa.py for tasks to queue
[2024-09-20T00:11:13.131+0000] {logging_mixin.py:190} INFO - [2024-09-20T00:11:13.130+0000] {dagbag.py:587} INFO - Filling up the DagBag from /opt/airflow/dags/nasa/nasa.py
[2024-09-20T00:11:13.159+0000] {processor.py:925} INFO - DAG(s) 'nasa' retrieved from /opt/airflow/dags/nasa/nasa.py
[2024-09-20T00:11:13.200+0000] {logging_mixin.py:190} INFO - [2024-09-20T00:11:13.198+0000] {dag.py:3211} INFO - Sync 1 DAGs
[2024-09-20T00:11:13.259+0000] {logging_mixin.py:190} INFO - [2024-09-20T00:11:13.259+0000] {dag.py:4138} INFO - Setting next_dagrun for nasa to 2024-01-01 00:00:00+00:00, run_after=2024-01-01 00:15:00+00:00
[2024-09-20T00:11:13.296+0000] {processor.py:208} INFO - Processing /opt/airflow/dags/nasa/nasa.py took 0.186 seconds
[2024-09-20T00:11:43.855+0000] {processor.py:186} INFO - Started process (PID=686) to work on /opt/airflow/dags/nasa/nasa.py
[2024-09-20T00:11:43.857+0000] {processor.py:914} INFO - Processing file /opt/airflow/dags/nasa/nasa.py for tasks to queue
[2024-09-20T00:11:43.863+0000] {logging_mixin.py:190} INFO - [2024-09-20T00:11:43.862+0000] {dagbag.py:587} INFO - Filling up the DagBag from /opt/airflow/dags/nasa/nasa.py
[2024-09-20T00:11:43.889+0000] {processor.py:925} INFO - DAG(s) 'nasa' retrieved from /opt/airflow/dags/nasa/nasa.py
[2024-09-20T00:11:43.984+0000] {logging_mixin.py:190} INFO - [2024-09-20T00:11:43.980+0000] {dag.py:3211} INFO - Sync 1 DAGs
[2024-09-20T00:11:44.189+0000] {logging_mixin.py:190} INFO - [2024-09-20T00:11:44.184+0000] {dag.py:4138} INFO - Setting next_dagrun for nasa to 2024-01-01 00:00:00+00:00, run_after=2024-01-01 00:15:00+00:00
[2024-09-20T00:11:44.296+0000] {processor.py:208} INFO - Processing /opt/airflow/dags/nasa/nasa.py took 0.456 seconds
[2024-09-20T00:12:15.025+0000] {processor.py:186} INFO - Started process (PID=700) to work on /opt/airflow/dags/nasa/nasa.py
[2024-09-20T00:12:15.028+0000] {processor.py:914} INFO - Processing file /opt/airflow/dags/nasa/nasa.py for tasks to queue
[2024-09-20T00:12:15.033+0000] {logging_mixin.py:190} INFO - [2024-09-20T00:12:15.032+0000] {dagbag.py:587} INFO - Filling up the DagBag from /opt/airflow/dags/nasa/nasa.py
[2024-09-20T00:12:15.066+0000] {processor.py:925} INFO - DAG(s) 'nasa' retrieved from /opt/airflow/dags/nasa/nasa.py
[2024-09-20T00:12:15.150+0000] {logging_mixin.py:190} INFO - [2024-09-20T00:12:15.149+0000] {dag.py:3211} INFO - Sync 1 DAGs
[2024-09-20T00:12:15.237+0000] {logging_mixin.py:190} INFO - [2024-09-20T00:12:15.236+0000] {dag.py:4138} INFO - Setting next_dagrun for nasa to 2024-01-01 00:00:00+00:00, run_after=2024-01-01 00:15:00+00:00
[2024-09-20T00:12:15.294+0000] {processor.py:208} INFO - Processing /opt/airflow/dags/nasa/nasa.py took 0.303 seconds
[2024-09-20T00:12:45.811+0000] {processor.py:186} INFO - Started process (PID=710) to work on /opt/airflow/dags/nasa/nasa.py
[2024-09-20T00:12:45.814+0000] {processor.py:914} INFO - Processing file /opt/airflow/dags/nasa/nasa.py for tasks to queue
[2024-09-20T00:12:45.825+0000] {logging_mixin.py:190} INFO - [2024-09-20T00:12:45.824+0000] {dagbag.py:587} INFO - Filling up the DagBag from /opt/airflow/dags/nasa/nasa.py
[2024-09-20T00:12:45.871+0000] {processor.py:925} INFO - DAG(s) 'nasa' retrieved from /opt/airflow/dags/nasa/nasa.py
[2024-09-20T00:12:45.929+0000] {logging_mixin.py:190} INFO - [2024-09-20T00:12:45.928+0000] {dag.py:3211} INFO - Sync 1 DAGs
[2024-09-20T00:12:46.001+0000] {logging_mixin.py:190} INFO - [2024-09-20T00:12:46.000+0000] {dag.py:4138} INFO - Setting next_dagrun for nasa to 2024-01-01 00:00:00+00:00, run_after=2024-01-01 00:15:00+00:00
[2024-09-20T00:12:46.038+0000] {processor.py:208} INFO - Processing /opt/airflow/dags/nasa/nasa.py took 0.241 seconds
