[2024-09-02T00:38:45.743+0000] {processor.py:186} INFO - Started process (PID=2048) to work on /opt/airflow/dags/6.1-monitoring.py
[2024-09-02T00:38:45.744+0000] {processor.py:914} INFO - Processing file /opt/airflow/dags/6.1-monitoring.py for tasks to queue
[2024-09-02T00:38:45.747+0000] {logging_mixin.py:190} INFO - [2024-09-02T00:38:45.747+0000] {dagbag.py:587} INFO - Filling up the DagBag from /opt/airflow/dags/6.1-monitoring.py
[2024-09-02T00:38:45.777+0000] {logging_mixin.py:190} INFO - [2024-09-02T00:38:45.765+0000] {dagbag.py:386} ERROR - Failed to import: /opt/airflow/dags/6.1-monitoring.py
Traceback (most recent call last):
  File "/home/airflow/.local/lib/python3.12/site-packages/airflow/models/dagbag.py", line 382, in parse
    loader.exec_module(new_module)
  File "<frozen importlib._bootstrap_external>", line 995, in exec_module
  File "<frozen importlib._bootstrap>", line 488, in _call_with_frames_removed
  File "/opt/airflow/dags/6.1-monitoring.py", line 21, in <module>
    t4 = BashOperator(task_id="task1",
         ^^^^^^^^^^^^^^^^^^^^^^^^^^^^^
  File "/home/airflow/.local/lib/python3.12/site-packages/airflow/models/baseoperator.py", line 490, in apply_defaults
    result = func(self, **kwargs, default_args=default_args)
             ^^^^^^^^^^^^^^^^^^^^^^^^^^^^^^^^^^^^^^^^^^^^^^^
  File "/home/airflow/.local/lib/python3.12/site-packages/airflow/operators/bash.py", line 158, in __init__
    super().__init__(**kwargs)
  File "/home/airflow/.local/lib/python3.12/site-packages/airflow/models/baseoperator.py", line 490, in apply_defaults
    result = func(self, **kwargs, default_args=default_args)
             ^^^^^^^^^^^^^^^^^^^^^^^^^^^^^^^^^^^^^^^^^^^^^^^
  File "/home/airflow/.local/lib/python3.12/site-packages/airflow/models/baseoperator.py", line 956, in __init__
    task_group.add(self)
  File "/home/airflow/.local/lib/python3.12/site-packages/airflow/utils/task_group.py", line 250, in add
    raise DuplicateTaskIdFound(f"{node_type} id '{key}' has already been added to the DAG")
airflow.exceptions.DuplicateTaskIdFound: Task id 'task1' has already been added to the DAG
[2024-09-02T00:38:45.779+0000] {processor.py:927} WARNING - No viable dags retrieved from /opt/airflow/dags/6.1-monitoring.py
[2024-09-02T00:38:45.829+0000] {processor.py:208} INFO - Processing /opt/airflow/dags/6.1-monitoring.py took 0.103 seconds
[2024-09-02T00:38:49.809+0000] {processor.py:186} INFO - Started process (PID=2049) to work on /opt/airflow/dags/6.1-monitoring.py
[2024-09-02T00:38:49.810+0000] {processor.py:914} INFO - Processing file /opt/airflow/dags/6.1-monitoring.py for tasks to queue
[2024-09-02T00:38:49.815+0000] {logging_mixin.py:190} INFO - [2024-09-02T00:38:49.815+0000] {dagbag.py:587} INFO - Filling up the DagBag from /opt/airflow/dags/6.1-monitoring.py
[2024-09-02T00:38:49.846+0000] {processor.py:925} INFO - DAG(s) '6.1-monitoring' retrieved from /opt/airflow/dags/6.1-monitoring.py
[2024-09-02T00:38:50.171+0000] {logging_mixin.py:190} INFO - [2024-09-02T00:38:50.169+0000] {override.py:1858} INFO - Created Permission View: can read on DAG:6.1-monitoring
[2024-09-02T00:38:50.192+0000] {logging_mixin.py:190} INFO - [2024-09-02T00:38:50.192+0000] {override.py:1858} INFO - Created Permission View: can edit on DAG:6.1-monitoring
[2024-09-02T00:38:50.205+0000] {logging_mixin.py:190} INFO - [2024-09-02T00:38:50.204+0000] {override.py:1858} INFO - Created Permission View: can delete on DAG:6.1-monitoring
[2024-09-02T00:38:50.206+0000] {logging_mixin.py:190} INFO - [2024-09-02T00:38:50.206+0000] {dag.py:3211} INFO - Sync 1 DAGs
[2024-09-02T00:38:50.240+0000] {logging_mixin.py:190} INFO - [2024-09-02T00:38:50.239+0000] {dag.py:3234} INFO - Creating ORM DAG for 6.1-monitoring
[2024-09-02T00:38:50.261+0000] {logging_mixin.py:190} INFO - [2024-09-02T00:38:50.260+0000] {dag.py:4138} INFO - Setting next_dagrun for 6.1-monitoring to 2024-01-01 00:00:00+00:00, run_after=2024-01-02 00:00:00+00:00
[2024-09-02T00:38:50.291+0000] {processor.py:208} INFO - Processing /opt/airflow/dags/6.1-monitoring.py took 0.498 seconds
[2024-09-02T00:38:53.802+0000] {processor.py:186} INFO - Started process (PID=2053) to work on /opt/airflow/dags/6.1-monitoring.py
[2024-09-02T00:38:53.805+0000] {processor.py:914} INFO - Processing file /opt/airflow/dags/6.1-monitoring.py for tasks to queue
[2024-09-02T00:38:53.810+0000] {logging_mixin.py:190} INFO - [2024-09-02T00:38:53.810+0000] {dagbag.py:587} INFO - Filling up the DagBag from /opt/airflow/dags/6.1-monitoring.py
[2024-09-02T00:38:53.831+0000] {logging_mixin.py:190} INFO - [2024-09-02T00:38:53.823+0000] {dagbag.py:386} ERROR - Failed to import: /opt/airflow/dags/6.1-monitoring.py
Traceback (most recent call last):
  File "/home/airflow/.local/lib/python3.12/site-packages/airflow/models/dagbag.py", line 382, in parse
    loader.exec_module(new_module)
  File "<frozen importlib._bootstrap_external>", line 995, in exec_module
  File "<frozen importlib._bootstrap>", line 488, in _call_with_frames_removed
  File "/opt/airflow/dags/6.1-monitoring.py", line 21, in <module>
    t4 = PyrOperator(task_id="task4",
         ^^^^^^^^^^^
NameError: name 'PyrOperator' is not defined. Did you mean: 'BashOperator'?
[2024-09-02T00:38:53.838+0000] {processor.py:927} WARNING - No viable dags retrieved from /opt/airflow/dags/6.1-monitoring.py
[2024-09-02T00:38:53.877+0000] {processor.py:208} INFO - Processing /opt/airflow/dags/6.1-monitoring.py took 0.086 seconds
[2024-09-02T00:38:56.853+0000] {processor.py:186} INFO - Started process (PID=2054) to work on /opt/airflow/dags/6.1-monitoring.py
[2024-09-02T00:38:56.855+0000] {processor.py:914} INFO - Processing file /opt/airflow/dags/6.1-monitoring.py for tasks to queue
[2024-09-02T00:38:56.859+0000] {logging_mixin.py:190} INFO - [2024-09-02T00:38:56.859+0000] {dagbag.py:587} INFO - Filling up the DagBag from /opt/airflow/dags/6.1-monitoring.py
[2024-09-02T00:38:56.879+0000] {logging_mixin.py:190} INFO - [2024-09-02T00:38:56.875+0000] {dagbag.py:386} ERROR - Failed to import: /opt/airflow/dags/6.1-monitoring.py
Traceback (most recent call last):
  File "/home/airflow/.local/lib/python3.12/site-packages/airflow/models/dagbag.py", line 382, in parse
    loader.exec_module(new_module)
  File "<frozen importlib._bootstrap_external>", line 995, in exec_module
  File "<frozen importlib._bootstrap>", line 488, in _call_with_frames_removed
  File "/opt/airflow/dags/6.1-monitoring.py", line 21, in <module>
    t4 = PythonOperator(task_id="task4",
         ^^^^^^^^^^^^^^^^^^^^^^^^^^^^^^^
  File "/home/airflow/.local/lib/python3.12/site-packages/airflow/models/baseoperator.py", line 473, in apply_defaults
    raise AirflowException(f"missing keyword argument {missing_args.pop()!r}")
airflow.exceptions.AirflowException: missing keyword argument 'python_callable'
[2024-09-02T00:38:56.880+0000] {processor.py:927} WARNING - No viable dags retrieved from /opt/airflow/dags/6.1-monitoring.py
[2024-09-02T00:38:56.919+0000] {processor.py:208} INFO - Processing /opt/airflow/dags/6.1-monitoring.py took 0.085 seconds
[2024-09-02T00:39:00.884+0000] {processor.py:186} INFO - Started process (PID=2055) to work on /opt/airflow/dags/6.1-monitoring.py
[2024-09-02T00:39:00.885+0000] {processor.py:914} INFO - Processing file /opt/airflow/dags/6.1-monitoring.py for tasks to queue
[2024-09-02T00:39:00.888+0000] {logging_mixin.py:190} INFO - [2024-09-02T00:39:00.888+0000] {dagbag.py:587} INFO - Filling up the DagBag from /opt/airflow/dags/6.1-monitoring.py
[2024-09-02T00:39:00.906+0000] {logging_mixin.py:190} INFO - [2024-09-02T00:39:00.902+0000] {dagbag.py:386} ERROR - Failed to import: /opt/airflow/dags/6.1-monitoring.py
Traceback (most recent call last):
  File "/home/airflow/.local/lib/python3.12/site-packages/airflow/models/dagbag.py", line 382, in parse
    loader.exec_module(new_module)
  File "<frozen importlib._bootstrap_external>", line 995, in exec_module
  File "<frozen importlib._bootstrap>", line 488, in _call_with_frames_removed
  File "/opt/airflow/dags/6.1-monitoring.py", line 21, in <module>
    t4 = PythonOperator(task_id="task4",
         ^^^^^^^^^^^^^^^^^^^^^^^^^^^^^^^
  File "/home/airflow/.local/lib/python3.12/site-packages/airflow/models/baseoperator.py", line 490, in apply_defaults
    result = func(self, **kwargs, default_args=default_args)
             ^^^^^^^^^^^^^^^^^^^^^^^^^^^^^^^^^^^^^^^^^^^^^^^
  File "/home/airflow/.local/lib/python3.12/site-packages/airflow/operators/python.py", line 224, in __init__
    raise AirflowException("`python_callable` param must be callable")
airflow.exceptions.AirflowException: `python_callable` param must be callable
[2024-09-02T00:39:00.908+0000] {processor.py:927} WARNING - No viable dags retrieved from /opt/airflow/dags/6.1-monitoring.py
[2024-09-02T00:39:00.946+0000] {processor.py:208} INFO - Processing /opt/airflow/dags/6.1-monitoring.py took 0.074 seconds
[2024-09-02T00:39:06.093+0000] {processor.py:186} INFO - Started process (PID=2057) to work on /opt/airflow/dags/6.1-monitoring.py
[2024-09-02T00:39:06.095+0000] {processor.py:914} INFO - Processing file /opt/airflow/dags/6.1-monitoring.py for tasks to queue
[2024-09-02T00:39:06.113+0000] {logging_mixin.py:190} INFO - [2024-09-02T00:39:06.112+0000] {dagbag.py:587} INFO - Filling up the DagBag from /opt/airflow/dags/6.1-monitoring.py
[2024-09-02T00:39:06.120+0000] {logging_mixin.py:190} INFO - [2024-09-02T00:39:06.117+0000] {dagbag.py:386} ERROR - Failed to import: /opt/airflow/dags/6.1-monitoring.py
Traceback (most recent call last):
  File "/home/airflow/.local/lib/python3.12/site-packages/airflow/models/dagbag.py", line 382, in parse
    loader.exec_module(new_module)
  File "<frozen importlib._bootstrap_external>", line 991, in exec_module
  File "<frozen importlib._bootstrap_external>", line 1129, in get_code
  File "<frozen importlib._bootstrap_external>", line 1059, in source_to_code
  File "<frozen importlib._bootstrap>", line 488, in _call_with_frames_removed
  File "/opt/airflow/dags/6.1-monitoring.py", line 22
    python_callable=)
    ^^^^^^^^^^^^^^^^
SyntaxError: expected argument value expression
[2024-09-02T00:39:06.121+0000] {processor.py:927} WARNING - No viable dags retrieved from /opt/airflow/dags/6.1-monitoring.py
[2024-09-02T00:39:06.183+0000] {processor.py:208} INFO - Processing /opt/airflow/dags/6.1-monitoring.py took 0.125 seconds
[2024-09-02T00:39:16.594+0000] {processor.py:186} INFO - Started process (PID=2066) to work on /opt/airflow/dags/6.1-monitoring.py
[2024-09-02T00:39:16.595+0000] {processor.py:914} INFO - Processing file /opt/airflow/dags/6.1-monitoring.py for tasks to queue
[2024-09-02T00:39:16.601+0000] {logging_mixin.py:190} INFO - [2024-09-02T00:39:16.600+0000] {dagbag.py:587} INFO - Filling up the DagBag from /opt/airflow/dags/6.1-monitoring.py
[2024-09-02T00:39:16.608+0000] {logging_mixin.py:190} INFO - [2024-09-02T00:39:16.605+0000] {dagbag.py:386} ERROR - Failed to import: /opt/airflow/dags/6.1-monitoring.py
Traceback (most recent call last):
  File "/home/airflow/.local/lib/python3.12/site-packages/airflow/models/dagbag.py", line 382, in parse
    loader.exec_module(new_module)
  File "<frozen importlib._bootstrap_external>", line 991, in exec_module
  File "<frozen importlib._bootstrap_external>", line 1129, in get_code
  File "<frozen importlib._bootstrap_external>", line 1059, in source_to_code
  File "<frozen importlib._bootstrap>", line 488, in _call_with_frames_removed
  File "/opt/airflow/dags/6.1-monitoring.py", line 22
    python_callable=)
    ^^^^^^^^^^^^^^^^
SyntaxError: expected argument value expression
[2024-09-02T00:39:16.609+0000] {processor.py:927} WARNING - No viable dags retrieved from /opt/airflow/dags/6.1-monitoring.py
[2024-09-02T00:39:16.654+0000] {processor.py:208} INFO - Processing /opt/airflow/dags/6.1-monitoring.py took 0.071 seconds
[2024-09-02T00:39:18.641+0000] {processor.py:186} INFO - Started process (PID=2067) to work on /opt/airflow/dags/6.1-monitoring.py
[2024-09-02T00:39:18.642+0000] {processor.py:914} INFO - Processing file /opt/airflow/dags/6.1-monitoring.py for tasks to queue
[2024-09-02T00:39:18.648+0000] {logging_mixin.py:190} INFO - [2024-09-02T00:39:18.647+0000] {dagbag.py:587} INFO - Filling up the DagBag from /opt/airflow/dags/6.1-monitoring.py
[2024-09-02T00:39:18.657+0000] {logging_mixin.py:190} INFO - [2024-09-02T00:39:18.652+0000] {dagbag.py:386} ERROR - Failed to import: /opt/airflow/dags/6.1-monitoring.py
Traceback (most recent call last):
  File "/home/airflow/.local/lib/python3.12/site-packages/airflow/models/dagbag.py", line 382, in parse
    loader.exec_module(new_module)
  File "<frozen importlib._bootstrap_external>", line 991, in exec_module
  File "<frozen importlib._bootstrap_external>", line 1129, in get_code
  File "<frozen importlib._bootstrap_external>", line 1059, in source_to_code
  File "<frozen importlib._bootstrap>", line 488, in _call_with_frames_removed
  File "/opt/airflow/dags/6.1-monitoring.py", line 22
    python_callable=)
    ^^^^^^^^^^^^^^^^
SyntaxError: expected argument value expression
[2024-09-02T00:39:18.659+0000] {processor.py:927} WARNING - No viable dags retrieved from /opt/airflow/dags/6.1-monitoring.py
[2024-09-02T00:39:18.709+0000] {processor.py:208} INFO - Processing /opt/airflow/dags/6.1-monitoring.py took 0.080 seconds
[2024-09-02T00:39:22.802+0000] {processor.py:186} INFO - Started process (PID=2068) to work on /opt/airflow/dags/6.1-monitoring.py
[2024-09-02T00:39:22.807+0000] {processor.py:914} INFO - Processing file /opt/airflow/dags/6.1-monitoring.py for tasks to queue
[2024-09-02T00:39:22.816+0000] {logging_mixin.py:190} INFO - [2024-09-02T00:39:22.815+0000] {dagbag.py:587} INFO - Filling up the DagBag from /opt/airflow/dags/6.1-monitoring.py
[2024-09-02T00:39:22.826+0000] {logging_mixin.py:190} INFO - [2024-09-02T00:39:22.824+0000] {dagbag.py:386} ERROR - Failed to import: /opt/airflow/dags/6.1-monitoring.py
Traceback (most recent call last):
  File "/home/airflow/.local/lib/python3.12/site-packages/airflow/models/dagbag.py", line 382, in parse
    loader.exec_module(new_module)
  File "<frozen importlib._bootstrap_external>", line 991, in exec_module
  File "<frozen importlib._bootstrap_external>", line 1129, in get_code
  File "<frozen importlib._bootstrap_external>", line 1059, in source_to_code
  File "<frozen importlib._bootstrap>", line 488, in _call_with_frames_removed
  File "/opt/airflow/dags/6.1-monitoring.py", line 22
    python_callable=)
    ^^^^^^^^^^^^^^^^
SyntaxError: expected argument value expression
[2024-09-02T00:39:22.828+0000] {processor.py:927} WARNING - No viable dags retrieved from /opt/airflow/dags/6.1-monitoring.py
[2024-09-02T00:39:22.897+0000] {processor.py:208} INFO - Processing /opt/airflow/dags/6.1-monitoring.py took 0.122 seconds
[2024-09-02T00:39:26.383+0000] {processor.py:186} INFO - Started process (PID=2072) to work on /opt/airflow/dags/6.1-monitoring.py
[2024-09-02T00:39:26.388+0000] {processor.py:914} INFO - Processing file /opt/airflow/dags/6.1-monitoring.py for tasks to queue
[2024-09-02T00:39:26.393+0000] {logging_mixin.py:190} INFO - [2024-09-02T00:39:26.392+0000] {dagbag.py:587} INFO - Filling up the DagBag from /opt/airflow/dags/6.1-monitoring.py
[2024-09-02T00:39:26.400+0000] {logging_mixin.py:190} INFO - [2024-09-02T00:39:26.398+0000] {dagbag.py:386} ERROR - Failed to import: /opt/airflow/dags/6.1-monitoring.py
Traceback (most recent call last):
  File "/home/airflow/.local/lib/python3.12/site-packages/airflow/models/dagbag.py", line 382, in parse
    loader.exec_module(new_module)
  File "<frozen importlib._bootstrap_external>", line 991, in exec_module
  File "<frozen importlib._bootstrap_external>", line 1129, in get_code
  File "<frozen importlib._bootstrap_external>", line 1059, in source_to_code
  File "<frozen importlib._bootstrap>", line 488, in _call_with_frames_removed
  File "/opt/airflow/dags/6.1-monitoring.py", line 22
    python_callable=)
    ^^^^^^^^^^^^^^^^
SyntaxError: expected argument value expression
[2024-09-02T00:39:26.402+0000] {processor.py:927} WARNING - No viable dags retrieved from /opt/airflow/dags/6.1-monitoring.py
[2024-09-02T00:39:26.470+0000] {processor.py:208} INFO - Processing /opt/airflow/dags/6.1-monitoring.py took 0.110 seconds
[2024-09-02T00:39:48.060+0000] {processor.py:186} INFO - Started process (PID=2082) to work on /opt/airflow/dags/6.1-monitoring.py
[2024-09-02T00:39:48.082+0000] {processor.py:914} INFO - Processing file /opt/airflow/dags/6.1-monitoring.py for tasks to queue
[2024-09-02T00:39:48.087+0000] {logging_mixin.py:190} INFO - [2024-09-02T00:39:48.086+0000] {dagbag.py:587} INFO - Filling up the DagBag from /opt/airflow/dags/6.1-monitoring.py
[2024-09-02T00:39:48.094+0000] {logging_mixin.py:190} INFO - [2024-09-02T00:39:48.092+0000] {dagbag.py:386} ERROR - Failed to import: /opt/airflow/dags/6.1-monitoring.py
Traceback (most recent call last):
  File "/home/airflow/.local/lib/python3.12/site-packages/airflow/models/dagbag.py", line 382, in parse
    loader.exec_module(new_module)
  File "<frozen importlib._bootstrap_external>", line 991, in exec_module
  File "<frozen importlib._bootstrap_external>", line 1129, in get_code
  File "<frozen importlib._bootstrap_external>", line 1059, in source_to_code
  File "<frozen importlib._bootstrap>", line 488, in _call_with_frames_removed
  File "/opt/airflow/dags/6.1-monitoring.py", line 22
    python_callable=)
    ^^^^^^^^^^^^^^^^
SyntaxError: expected argument value expression
[2024-09-02T00:39:48.096+0000] {processor.py:927} WARNING - No viable dags retrieved from /opt/airflow/dags/6.1-monitoring.py
[2024-09-02T00:39:48.131+0000] {processor.py:208} INFO - Processing /opt/airflow/dags/6.1-monitoring.py took 0.087 seconds
[2024-09-02T00:39:51.102+0000] {processor.py:186} INFO - Started process (PID=2083) to work on /opt/airflow/dags/6.1-monitoring.py
[2024-09-02T00:39:51.104+0000] {processor.py:914} INFO - Processing file /opt/airflow/dags/6.1-monitoring.py for tasks to queue
[2024-09-02T00:39:51.108+0000] {logging_mixin.py:190} INFO - [2024-09-02T00:39:51.107+0000] {dagbag.py:587} INFO - Filling up the DagBag from /opt/airflow/dags/6.1-monitoring.py
[2024-09-02T00:39:51.115+0000] {logging_mixin.py:190} INFO - [2024-09-02T00:39:51.113+0000] {dagbag.py:386} ERROR - Failed to import: /opt/airflow/dags/6.1-monitoring.py
Traceback (most recent call last):
  File "/home/airflow/.local/lib/python3.12/site-packages/airflow/models/dagbag.py", line 382, in parse
    loader.exec_module(new_module)
  File "<frozen importlib._bootstrap_external>", line 991, in exec_module
  File "<frozen importlib._bootstrap_external>", line 1129, in get_code
  File "<frozen importlib._bootstrap_external>", line 1059, in source_to_code
  File "<frozen importlib._bootstrap>", line 488, in _call_with_frames_removed
  File "/opt/airflow/dags/6.1-monitoring.py", line 22
    python_callable=)
    ^^^^^^^^^^^^^^^^
SyntaxError: expected argument value expression
[2024-09-02T00:39:51.117+0000] {processor.py:927} WARNING - No viable dags retrieved from /opt/airflow/dags/6.1-monitoring.py
[2024-09-02T00:39:51.147+0000] {processor.py:208} INFO - Processing /opt/airflow/dags/6.1-monitoring.py took 0.062 seconds
[2024-09-02T00:40:21.583+0000] {processor.py:186} INFO - Started process (PID=2095) to work on /opt/airflow/dags/6.1-monitoring.py
[2024-09-02T00:40:21.593+0000] {processor.py:914} INFO - Processing file /opt/airflow/dags/6.1-monitoring.py for tasks to queue
[2024-09-02T00:40:21.597+0000] {logging_mixin.py:190} INFO - [2024-09-02T00:40:21.596+0000] {dagbag.py:587} INFO - Filling up the DagBag from /opt/airflow/dags/6.1-monitoring.py
[2024-09-02T00:40:21.605+0000] {logging_mixin.py:190} INFO - [2024-09-02T00:40:21.602+0000] {dagbag.py:386} ERROR - Failed to import: /opt/airflow/dags/6.1-monitoring.py
Traceback (most recent call last):
  File "/home/airflow/.local/lib/python3.12/site-packages/airflow/models/dagbag.py", line 382, in parse
    loader.exec_module(new_module)
  File "<frozen importlib._bootstrap_external>", line 991, in exec_module
  File "<frozen importlib._bootstrap_external>", line 1129, in get_code
  File "<frozen importlib._bootstrap_external>", line 1059, in source_to_code
  File "<frozen importlib._bootstrap>", line 488, in _call_with_frames_removed
  File "/opt/airflow/dags/6.1-monitoring.py", line 22
    python_callable=)
    ^^^^^^^^^^^^^^^^
SyntaxError: expected argument value expression
[2024-09-02T00:40:21.606+0000] {processor.py:927} WARNING - No viable dags retrieved from /opt/airflow/dags/6.1-monitoring.py
[2024-09-02T00:40:21.658+0000] {processor.py:208} INFO - Processing /opt/airflow/dags/6.1-monitoring.py took 0.111 seconds
[2024-09-02T00:40:52.363+0000] {processor.py:186} INFO - Started process (PID=2108) to work on /opt/airflow/dags/6.1-monitoring.py
[2024-09-02T00:40:52.374+0000] {processor.py:914} INFO - Processing file /opt/airflow/dags/6.1-monitoring.py for tasks to queue
[2024-09-02T00:40:52.376+0000] {logging_mixin.py:190} INFO - [2024-09-02T00:40:52.376+0000] {dagbag.py:587} INFO - Filling up the DagBag from /opt/airflow/dags/6.1-monitoring.py
[2024-09-02T00:40:52.381+0000] {logging_mixin.py:190} INFO - [2024-09-02T00:40:52.379+0000] {dagbag.py:386} ERROR - Failed to import: /opt/airflow/dags/6.1-monitoring.py
Traceback (most recent call last):
  File "/home/airflow/.local/lib/python3.12/site-packages/airflow/models/dagbag.py", line 382, in parse
    loader.exec_module(new_module)
  File "<frozen importlib._bootstrap_external>", line 991, in exec_module
  File "<frozen importlib._bootstrap_external>", line 1129, in get_code
  File "<frozen importlib._bootstrap_external>", line 1059, in source_to_code
  File "<frozen importlib._bootstrap>", line 488, in _call_with_frames_removed
  File "/opt/airflow/dags/6.1-monitoring.py", line 22
    python_callable=)
    ^^^^^^^^^^^^^^^^
SyntaxError: expected argument value expression
[2024-09-02T00:40:52.382+0000] {processor.py:927} WARNING - No viable dags retrieved from /opt/airflow/dags/6.1-monitoring.py
[2024-09-02T00:40:52.423+0000] {processor.py:208} INFO - Processing /opt/airflow/dags/6.1-monitoring.py took 0.073 seconds
[2024-09-02T00:41:08.353+0000] {processor.py:186} INFO - Started process (PID=2113) to work on /opt/airflow/dags/6.1-monitoring.py
[2024-09-02T00:41:08.375+0000] {processor.py:914} INFO - Processing file /opt/airflow/dags/6.1-monitoring.py for tasks to queue
[2024-09-02T00:41:08.378+0000] {logging_mixin.py:190} INFO - [2024-09-02T00:41:08.377+0000] {dagbag.py:587} INFO - Filling up the DagBag from /opt/airflow/dags/6.1-monitoring.py
[2024-09-02T00:41:08.387+0000] {logging_mixin.py:190} INFO - [2024-09-02T00:41:08.383+0000] {dagbag.py:386} ERROR - Failed to import: /opt/airflow/dags/6.1-monitoring.py
Traceback (most recent call last):
  File "/home/airflow/.local/lib/python3.12/site-packages/airflow/models/dagbag.py", line 382, in parse
    loader.exec_module(new_module)
  File "<frozen importlib._bootstrap_external>", line 991, in exec_module
  File "<frozen importlib._bootstrap_external>", line 1129, in get_code
  File "<frozen importlib._bootstrap_external>", line 1059, in source_to_code
  File "<frozen importlib._bootstrap>", line 488, in _call_with_frames_removed
  File "/opt/airflow/dags/6.1-monitoring.py", line 6
    def my
          ^
SyntaxError: expected '('
[2024-09-02T00:41:08.388+0000] {processor.py:927} WARNING - No viable dags retrieved from /opt/airflow/dags/6.1-monitoring.py
[2024-09-02T00:41:08.437+0000] {processor.py:208} INFO - Processing /opt/airflow/dags/6.1-monitoring.py took 0.100 seconds
[2024-09-02T00:41:15.463+0000] {processor.py:186} INFO - Started process (PID=2120) to work on /opt/airflow/dags/6.1-monitoring.py
[2024-09-02T00:41:15.470+0000] {processor.py:914} INFO - Processing file /opt/airflow/dags/6.1-monitoring.py for tasks to queue
[2024-09-02T00:41:15.474+0000] {logging_mixin.py:190} INFO - [2024-09-02T00:41:15.474+0000] {dagbag.py:587} INFO - Filling up the DagBag from /opt/airflow/dags/6.1-monitoring.py
[2024-09-02T00:41:15.489+0000] {logging_mixin.py:190} INFO - [2024-09-02T00:41:15.487+0000] {dagbag.py:386} ERROR - Failed to import: /opt/airflow/dags/6.1-monitoring.py
Traceback (most recent call last):
  File "/home/airflow/.local/lib/python3.12/site-packages/airflow/models/dagbag.py", line 382, in parse
    loader.exec_module(new_module)
  File "<frozen importlib._bootstrap_external>", line 991, in exec_module
  File "<frozen importlib._bootstrap_external>", line 1129, in get_code
  File "<frozen importlib._bootstrap_external>", line 1059, in source_to_code
  File "<frozen importlib._bootstrap>", line 488, in _call_with_frames_removed
  File "/opt/airflow/dags/6.1-monitoring.py", line 6
    def my_function 
                    ^
SyntaxError: expected '('
[2024-09-02T00:41:15.494+0000] {processor.py:927} WARNING - No viable dags retrieved from /opt/airflow/dags/6.1-monitoring.py
[2024-09-02T00:41:15.540+0000] {processor.py:208} INFO - Processing /opt/airflow/dags/6.1-monitoring.py took 0.111 seconds
[2024-09-02T00:41:24.053+0000] {processor.py:186} INFO - Started process (PID=2123) to work on /opt/airflow/dags/6.1-monitoring.py
[2024-09-02T00:41:24.055+0000] {processor.py:914} INFO - Processing file /opt/airflow/dags/6.1-monitoring.py for tasks to queue
[2024-09-02T00:41:24.058+0000] {logging_mixin.py:190} INFO - [2024-09-02T00:41:24.057+0000] {dagbag.py:587} INFO - Filling up the DagBag from /opt/airflow/dags/6.1-monitoring.py
[2024-09-02T00:41:24.065+0000] {logging_mixin.py:190} INFO - [2024-09-02T00:41:24.063+0000] {dagbag.py:386} ERROR - Failed to import: /opt/airflow/dags/6.1-monitoring.py
Traceback (most recent call last):
  File "/home/airflow/.local/lib/python3.12/site-packages/airflow/models/dagbag.py", line 382, in parse
    loader.exec_module(new_module)
  File "<frozen importlib._bootstrap_external>", line 991, in exec_module
  File "<frozen importlib._bootstrap_external>", line 1129, in get_code
  File "<frozen importlib._bootstrap_external>", line 1059, in source_to_code
  File "<frozen importlib._bootstrap>", line 488, in _call_with_frames_removed
  File "/opt/airflow/dags/6.1-monitoring.py", line 25
    python_callable=)
    ^^^^^^^^^^^^^^^^
SyntaxError: expected argument value expression
[2024-09-02T00:41:24.067+0000] {processor.py:927} WARNING - No viable dags retrieved from /opt/airflow/dags/6.1-monitoring.py
[2024-09-02T00:41:24.102+0000] {processor.py:208} INFO - Processing /opt/airflow/dags/6.1-monitoring.py took 0.064 seconds
[2024-09-02T00:41:28.388+0000] {processor.py:186} INFO - Started process (PID=2127) to work on /opt/airflow/dags/6.1-monitoring.py
[2024-09-02T00:41:28.391+0000] {processor.py:914} INFO - Processing file /opt/airflow/dags/6.1-monitoring.py for tasks to queue
[2024-09-02T00:41:28.396+0000] {logging_mixin.py:190} INFO - [2024-09-02T00:41:28.395+0000] {dagbag.py:587} INFO - Filling up the DagBag from /opt/airflow/dags/6.1-monitoring.py
[2024-09-02T00:41:28.417+0000] {logging_mixin.py:190} INFO - [2024-09-02T00:41:28.413+0000] {dagbag.py:386} ERROR - Failed to import: /opt/airflow/dags/6.1-monitoring.py
Traceback (most recent call last):
  File "/home/airflow/.local/lib/python3.12/site-packages/airflow/models/dagbag.py", line 382, in parse
    loader.exec_module(new_module)
  File "<frozen importlib._bootstrap_external>", line 995, in exec_module
  File "<frozen importlib._bootstrap>", line 488, in _call_with_frames_removed
  File "/opt/airflow/dags/6.1-monitoring.py", line 25, in <module>
    python_callable=my)
                    ^^
NameError: name 'my' is not defined
[2024-09-02T00:41:28.420+0000] {processor.py:927} WARNING - No viable dags retrieved from /opt/airflow/dags/6.1-monitoring.py
[2024-09-02T00:41:28.459+0000] {processor.py:208} INFO - Processing /opt/airflow/dags/6.1-monitoring.py took 0.086 seconds
[2024-09-02T00:41:29.450+0000] {processor.py:186} INFO - Started process (PID=2128) to work on /opt/airflow/dags/6.1-monitoring.py
[2024-09-02T00:41:29.451+0000] {processor.py:914} INFO - Processing file /opt/airflow/dags/6.1-monitoring.py for tasks to queue
[2024-09-02T00:41:29.454+0000] {logging_mixin.py:190} INFO - [2024-09-02T00:41:29.453+0000] {dagbag.py:587} INFO - Filling up the DagBag from /opt/airflow/dags/6.1-monitoring.py
[2024-09-02T00:41:29.493+0000] {processor.py:925} INFO - DAG(s) '6.1-monitoring' retrieved from /opt/airflow/dags/6.1-monitoring.py
[2024-09-02T00:41:29.848+0000] {logging_mixin.py:190} INFO - [2024-09-02T00:41:29.848+0000] {dag.py:3211} INFO - Sync 1 DAGs
[2024-09-02T00:41:29.908+0000] {logging_mixin.py:190} INFO - [2024-09-02T00:41:29.907+0000] {dag.py:4138} INFO - Setting next_dagrun for 6.1-monitoring to 2024-01-01 00:00:00+00:00, run_after=2024-01-02 00:00:00+00:00
[2024-09-02T00:41:29.954+0000] {processor.py:208} INFO - Processing /opt/airflow/dags/6.1-monitoring.py took 0.519 seconds
[2024-09-02T00:42:00.041+0000] {processor.py:186} INFO - Started process (PID=2140) to work on /opt/airflow/dags/6.1-monitoring.py
[2024-09-02T00:42:00.057+0000] {processor.py:914} INFO - Processing file /opt/airflow/dags/6.1-monitoring.py for tasks to queue
[2024-09-02T00:42:00.060+0000] {logging_mixin.py:190} INFO - [2024-09-02T00:42:00.059+0000] {dagbag.py:587} INFO - Filling up the DagBag from /opt/airflow/dags/6.1-monitoring.py
[2024-09-02T00:42:00.093+0000] {processor.py:925} INFO - DAG(s) '6.1-monitoring' retrieved from /opt/airflow/dags/6.1-monitoring.py
[2024-09-02T00:42:00.164+0000] {logging_mixin.py:190} INFO - [2024-09-02T00:42:00.163+0000] {dag.py:3211} INFO - Sync 1 DAGs
[2024-09-02T00:42:00.226+0000] {logging_mixin.py:190} INFO - [2024-09-02T00:42:00.226+0000] {dag.py:4138} INFO - Setting next_dagrun for 6.1-monitoring to 2024-01-01 00:00:00+00:00, run_after=2024-01-02 00:00:00+00:00
[2024-09-02T00:42:00.273+0000] {processor.py:208} INFO - Processing /opt/airflow/dags/6.1-monitoring.py took 0.249 seconds
[2024-09-02T00:42:10.141+0000] {processor.py:186} INFO - Started process (PID=2142) to work on /opt/airflow/dags/6.1-monitoring.py
[2024-09-02T00:42:10.155+0000] {processor.py:914} INFO - Processing file /opt/airflow/dags/6.1-monitoring.py for tasks to queue
[2024-09-02T00:42:10.159+0000] {logging_mixin.py:190} INFO - [2024-09-02T00:42:10.158+0000] {dagbag.py:587} INFO - Filling up the DagBag from /opt/airflow/dags/6.1-monitoring.py
[2024-09-02T00:42:10.165+0000] {logging_mixin.py:190} INFO - [2024-09-02T00:42:10.163+0000] {dagbag.py:386} ERROR - Failed to import: /opt/airflow/dags/6.1-monitoring.py
Traceback (most recent call last):
  File "/home/airflow/.local/lib/python3.12/site-packages/airflow/models/dagbag.py", line 382, in parse
    loader.exec_module(new_module)
  File "<frozen importlib._bootstrap_external>", line 991, in exec_module
  File "<frozen importlib._bootstrap_external>", line 1129, in get_code
  File "<frozen importlib._bootstrap_external>", line 1059, in source_to_code
  File "<frozen importlib._bootstrap>", line 488, in _call_with_frames_removed
  File "/opt/airflow/dags/6.1-monitoring.py", line 19
    bash_command="sleep 2 && echo 'Second task') 
                 ^
SyntaxError: unterminated string literal (detected at line 19)
[2024-09-02T00:42:10.167+0000] {processor.py:927} WARNING - No viable dags retrieved from /opt/airflow/dags/6.1-monitoring.py
[2024-09-02T00:42:10.213+0000] {processor.py:208} INFO - Processing /opt/airflow/dags/6.1-monitoring.py took 0.087 seconds
[2024-09-02T00:42:12.164+0000] {processor.py:186} INFO - Started process (PID=2143) to work on /opt/airflow/dags/6.1-monitoring.py
[2024-09-02T00:42:12.166+0000] {processor.py:914} INFO - Processing file /opt/airflow/dags/6.1-monitoring.py for tasks to queue
[2024-09-02T00:42:12.169+0000] {logging_mixin.py:190} INFO - [2024-09-02T00:42:12.168+0000] {dagbag.py:587} INFO - Filling up the DagBag from /opt/airflow/dags/6.1-monitoring.py
[2024-09-02T00:42:12.175+0000] {logging_mixin.py:190} INFO - [2024-09-02T00:42:12.173+0000] {dagbag.py:386} ERROR - Failed to import: /opt/airflow/dags/6.1-monitoring.py
Traceback (most recent call last):
  File "/home/airflow/.local/lib/python3.12/site-packages/airflow/models/dagbag.py", line 382, in parse
    loader.exec_module(new_module)
  File "<frozen importlib._bootstrap_external>", line 991, in exec_module
  File "<frozen importlib._bootstrap_external>", line 1129, in get_code
  File "<frozen importlib._bootstrap_external>", line 1059, in source_to_code
  File "<frozen importlib._bootstrap>", line 488, in _call_with_frames_removed
  File "/opt/airflow/dags/6.1-monitoring.py", line 19
    bash_command="sleep 2 && echo 'Second task') #
                 ^
SyntaxError: unterminated string literal (detected at line 19)
[2024-09-02T00:42:12.177+0000] {processor.py:927} WARNING - No viable dags retrieved from /opt/airflow/dags/6.1-monitoring.py
[2024-09-02T00:42:12.210+0000] {processor.py:208} INFO - Processing /opt/airflow/dags/6.1-monitoring.py took 0.062 seconds
[2024-09-02T00:42:13.181+0000] {processor.py:186} INFO - Started process (PID=2144) to work on /opt/airflow/dags/6.1-monitoring.py
[2024-09-02T00:42:13.183+0000] {processor.py:914} INFO - Processing file /opt/airflow/dags/6.1-monitoring.py for tasks to queue
[2024-09-02T00:42:13.186+0000] {logging_mixin.py:190} INFO - [2024-09-02T00:42:13.185+0000] {dagbag.py:587} INFO - Filling up the DagBag from /opt/airflow/dags/6.1-monitoring.py
[2024-09-02T00:42:13.192+0000] {logging_mixin.py:190} INFO - [2024-09-02T00:42:13.190+0000] {dagbag.py:386} ERROR - Failed to import: /opt/airflow/dags/6.1-monitoring.py
Traceback (most recent call last):
  File "/home/airflow/.local/lib/python3.12/site-packages/airflow/models/dagbag.py", line 382, in parse
    loader.exec_module(new_module)
  File "<frozen importlib._bootstrap_external>", line 991, in exec_module
  File "<frozen importlib._bootstrap_external>", line 1129, in get_code
  File "<frozen importlib._bootstrap_external>", line 1059, in source_to_code
  File "<frozen importlib._bootstrap>", line 488, in _call_with_frames_removed
  File "/opt/airflow/dags/6.1-monitoring.py", line 19
    bash_command="sleep 2 && echo 'Second task') #T
                 ^
SyntaxError: unterminated string literal (detected at line 19)
[2024-09-02T00:42:13.195+0000] {processor.py:927} WARNING - No viable dags retrieved from /opt/airflow/dags/6.1-monitoring.py
[2024-09-02T00:42:13.244+0000] {processor.py:208} INFO - Processing /opt/airflow/dags/6.1-monitoring.py took 0.080 seconds
[2024-09-02T00:42:19.336+0000] {processor.py:186} INFO - Started process (PID=2150) to work on /opt/airflow/dags/6.1-monitoring.py
[2024-09-02T00:42:19.346+0000] {processor.py:914} INFO - Processing file /opt/airflow/dags/6.1-monitoring.py for tasks to queue
[2024-09-02T00:42:19.348+0000] {logging_mixin.py:190} INFO - [2024-09-02T00:42:19.347+0000] {dagbag.py:587} INFO - Filling up the DagBag from /opt/airflow/dags/6.1-monitoring.py
[2024-09-02T00:42:19.357+0000] {logging_mixin.py:190} INFO - [2024-09-02T00:42:19.355+0000] {dagbag.py:386} ERROR - Failed to import: /opt/airflow/dags/6.1-monitoring.py
Traceback (most recent call last):
  File "/home/airflow/.local/lib/python3.12/site-packages/airflow/models/dagbag.py", line 382, in parse
    loader.exec_module(new_module)
  File "<frozen importlib._bootstrap_external>", line 991, in exec_module
  File "<frozen importlib._bootstrap_external>", line 1129, in get_code
  File "<frozen importlib._bootstrap_external>", line 1059, in source_to_code
  File "<frozen importlib._bootstrap>", line 488, in _call_with_frames_removed
  File "/opt/airflow/dags/6.1-monitoring.py", line 19
    bash_command="sleep 2 && echo 'Second task') #This task fails if 
                 ^
SyntaxError: unterminated string literal (detected at line 19)
[2024-09-02T00:42:19.359+0000] {processor.py:927} WARNING - No viable dags retrieved from /opt/airflow/dags/6.1-monitoring.py
[2024-09-02T00:42:19.403+0000] {processor.py:208} INFO - Processing /opt/airflow/dags/6.1-monitoring.py took 0.088 seconds
[2024-09-02T00:42:24.750+0000] {processor.py:186} INFO - Started process (PID=2153) to work on /opt/airflow/dags/6.1-monitoring.py
[2024-09-02T00:42:24.754+0000] {processor.py:914} INFO - Processing file /opt/airflow/dags/6.1-monitoring.py for tasks to queue
[2024-09-02T00:42:24.757+0000] {logging_mixin.py:190} INFO - [2024-09-02T00:42:24.756+0000] {dagbag.py:587} INFO - Filling up the DagBag from /opt/airflow/dags/6.1-monitoring.py
[2024-09-02T00:42:24.764+0000] {logging_mixin.py:190} INFO - [2024-09-02T00:42:24.762+0000] {dagbag.py:386} ERROR - Failed to import: /opt/airflow/dags/6.1-monitoring.py
Traceback (most recent call last):
  File "/home/airflow/.local/lib/python3.12/site-packages/airflow/models/dagbag.py", line 382, in parse
    loader.exec_module(new_module)
  File "<frozen importlib._bootstrap_external>", line 991, in exec_module
  File "<frozen importlib._bootstrap_external>", line 1129, in get_code
  File "<frozen importlib._bootstrap_external>", line 1059, in source_to_code
  File "<frozen importlib._bootstrap>", line 488, in _call_with_frames_removed
  File "/opt/airflow/dags/6.1-monitoring.py", line 19
    bash_command="sleep 2 && echo 'Second task') #This task fails if remove end quotes
                 ^
SyntaxError: unterminated string literal (detected at line 19)
[2024-09-02T00:42:24.766+0000] {processor.py:927} WARNING - No viable dags retrieved from /opt/airflow/dags/6.1-monitoring.py
[2024-09-02T00:42:24.827+0000] {processor.py:208} INFO - Processing /opt/airflow/dags/6.1-monitoring.py took 0.104 seconds
[2024-09-02T00:42:31.233+0000] {processor.py:186} INFO - Started process (PID=2157) to work on /opt/airflow/dags/6.1-monitoring.py
[2024-09-02T00:42:31.234+0000] {processor.py:914} INFO - Processing file /opt/airflow/dags/6.1-monitoring.py for tasks to queue
[2024-09-02T00:42:31.237+0000] {logging_mixin.py:190} INFO - [2024-09-02T00:42:31.236+0000] {dagbag.py:587} INFO - Filling up the DagBag from /opt/airflow/dags/6.1-monitoring.py
[2024-09-02T00:42:31.244+0000] {logging_mixin.py:190} INFO - [2024-09-02T00:42:31.241+0000] {dagbag.py:386} ERROR - Failed to import: /opt/airflow/dags/6.1-monitoring.py
Traceback (most recent call last):
  File "/home/airflow/.local/lib/python3.12/site-packages/airflow/models/dagbag.py", line 382, in parse
    loader.exec_module(new_module)
  File "<frozen importlib._bootstrap_external>", line 991, in exec_module
  File "<frozen importlib._bootstrap_external>", line 1129, in get_code
  File "<frozen importlib._bootstrap_external>", line 1059, in source_to_code
  File "<frozen importlib._bootstrap>", line 488, in _call_with_frames_removed
  File "/opt/airflow/dags/6.1-monitoring.py", line 19
    bash_command="sleep 2 && echo 'Second task') #This task fails if end quotes
                 ^
SyntaxError: unterminated string literal (detected at line 19)
[2024-09-02T00:42:31.246+0000] {processor.py:927} WARNING - No viable dags retrieved from /opt/airflow/dags/6.1-monitoring.py
[2024-09-02T00:42:31.284+0000] {processor.py:208} INFO - Processing /opt/airflow/dags/6.1-monitoring.py took 0.067 seconds
[2024-09-02T00:42:35.275+0000] {processor.py:186} INFO - Started process (PID=2158) to work on /opt/airflow/dags/6.1-monitoring.py
[2024-09-02T00:42:35.278+0000] {processor.py:914} INFO - Processing file /opt/airflow/dags/6.1-monitoring.py for tasks to queue
[2024-09-02T00:42:35.282+0000] {logging_mixin.py:190} INFO - [2024-09-02T00:42:35.282+0000] {dagbag.py:587} INFO - Filling up the DagBag from /opt/airflow/dags/6.1-monitoring.py
[2024-09-02T00:42:35.293+0000] {logging_mixin.py:190} INFO - [2024-09-02T00:42:35.290+0000] {dagbag.py:386} ERROR - Failed to import: /opt/airflow/dags/6.1-monitoring.py
Traceback (most recent call last):
  File "/home/airflow/.local/lib/python3.12/site-packages/airflow/models/dagbag.py", line 382, in parse
    loader.exec_module(new_module)
  File "<frozen importlib._bootstrap_external>", line 991, in exec_module
  File "<frozen importlib._bootstrap_external>", line 1129, in get_code
  File "<frozen importlib._bootstrap_external>", line 1059, in source_to_code
  File "<frozen importlib._bootstrap>", line 488, in _call_with_frames_removed
  File "/opt/airflow/dags/6.1-monitoring.py", line 19
    bash_command="sleep 2 && echo 'Second task') #This task fails if end quotes have 
                 ^
SyntaxError: unterminated string literal (detected at line 19)
[2024-09-02T00:42:35.295+0000] {processor.py:927} WARNING - No viable dags retrieved from /opt/airflow/dags/6.1-monitoring.py
[2024-09-02T00:42:35.370+0000] {processor.py:208} INFO - Processing /opt/airflow/dags/6.1-monitoring.py took 0.111 seconds
[2024-09-02T00:42:39.458+0000] {processor.py:186} INFO - Started process (PID=2160) to work on /opt/airflow/dags/6.1-monitoring.py
[2024-09-02T00:42:39.460+0000] {processor.py:914} INFO - Processing file /opt/airflow/dags/6.1-monitoring.py for tasks to queue
[2024-09-02T00:42:39.463+0000] {logging_mixin.py:190} INFO - [2024-09-02T00:42:39.462+0000] {dagbag.py:587} INFO - Filling up the DagBag from /opt/airflow/dags/6.1-monitoring.py
[2024-09-02T00:42:39.470+0000] {logging_mixin.py:190} INFO - [2024-09-02T00:42:39.467+0000] {dagbag.py:386} ERROR - Failed to import: /opt/airflow/dags/6.1-monitoring.py
Traceback (most recent call last):
  File "/home/airflow/.local/lib/python3.12/site-packages/airflow/models/dagbag.py", line 382, in parse
    loader.exec_module(new_module)
  File "<frozen importlib._bootstrap_external>", line 991, in exec_module
  File "<frozen importlib._bootstrap_external>", line 1129, in get_code
  File "<frozen importlib._bootstrap_external>", line 1059, in source_to_code
  File "<frozen importlib._bootstrap>", line 488, in _call_with_frames_removed
  File "/opt/airflow/dags/6.1-monitoring.py", line 19
    bash_command="sleep 2 && echo 'Second task') #This task fails if end quotes are removed
                 ^
SyntaxError: unterminated string literal (detected at line 19)
[2024-09-02T00:42:39.471+0000] {processor.py:927} WARNING - No viable dags retrieved from /opt/airflow/dags/6.1-monitoring.py
[2024-09-02T00:42:39.512+0000] {processor.py:208} INFO - Processing /opt/airflow/dags/6.1-monitoring.py took 0.068 seconds
[2024-09-02T00:43:09.903+0000] {processor.py:186} INFO - Started process (PID=2172) to work on /opt/airflow/dags/6.1-monitoring.py
[2024-09-02T00:43:09.924+0000] {processor.py:914} INFO - Processing file /opt/airflow/dags/6.1-monitoring.py for tasks to queue
[2024-09-02T00:43:09.927+0000] {logging_mixin.py:190} INFO - [2024-09-02T00:43:09.926+0000] {dagbag.py:587} INFO - Filling up the DagBag from /opt/airflow/dags/6.1-monitoring.py
[2024-09-02T00:43:09.933+0000] {logging_mixin.py:190} INFO - [2024-09-02T00:43:09.931+0000] {dagbag.py:386} ERROR - Failed to import: /opt/airflow/dags/6.1-monitoring.py
Traceback (most recent call last):
  File "/home/airflow/.local/lib/python3.12/site-packages/airflow/models/dagbag.py", line 382, in parse
    loader.exec_module(new_module)
  File "<frozen importlib._bootstrap_external>", line 991, in exec_module
  File "<frozen importlib._bootstrap_external>", line 1129, in get_code
  File "<frozen importlib._bootstrap_external>", line 1059, in source_to_code
  File "<frozen importlib._bootstrap>", line 488, in _call_with_frames_removed
  File "/opt/airflow/dags/6.1-monitoring.py", line 19
    bash_command="sleep 2 && echo 'Second task') #This task fails if end quotes are removed
                 ^
SyntaxError: unterminated string literal (detected at line 19)
[2024-09-02T00:43:09.935+0000] {processor.py:927} WARNING - No viable dags retrieved from /opt/airflow/dags/6.1-monitoring.py
[2024-09-02T00:43:09.963+0000] {processor.py:208} INFO - Processing /opt/airflow/dags/6.1-monitoring.py took 0.072 seconds
[2024-09-02T00:43:14.946+0000] {processor.py:186} INFO - Started process (PID=2173) to work on /opt/airflow/dags/6.1-monitoring.py
[2024-09-02T00:43:14.947+0000] {processor.py:914} INFO - Processing file /opt/airflow/dags/6.1-monitoring.py for tasks to queue
[2024-09-02T00:43:14.950+0000] {logging_mixin.py:190} INFO - [2024-09-02T00:43:14.949+0000] {dagbag.py:587} INFO - Filling up the DagBag from /opt/airflow/dags/6.1-monitoring.py
[2024-09-02T00:43:14.974+0000] {processor.py:925} INFO - DAG(s) '6.1-monitoring' retrieved from /opt/airflow/dags/6.1-monitoring.py
[2024-09-02T00:43:15.219+0000] {logging_mixin.py:190} INFO - [2024-09-02T00:43:15.218+0000] {dag.py:3211} INFO - Sync 1 DAGs
[2024-09-02T00:43:15.270+0000] {logging_mixin.py:190} INFO - [2024-09-02T00:43:15.270+0000] {dag.py:4138} INFO - Setting next_dagrun for 6.1-monitoring to 2024-01-01 00:00:00+00:00, run_after=2024-01-02 00:00:00+00:00
[2024-09-02T00:43:15.309+0000] {processor.py:208} INFO - Processing /opt/airflow/dags/6.1-monitoring.py took 0.375 seconds
[2024-09-02T00:43:37.457+0000] {processor.py:186} INFO - Started process (PID=2185) to work on /opt/airflow/dags/6.1-monitoring.py
[2024-09-02T00:43:37.475+0000] {processor.py:914} INFO - Processing file /opt/airflow/dags/6.1-monitoring.py for tasks to queue
[2024-09-02T00:43:37.482+0000] {logging_mixin.py:190} INFO - [2024-09-02T00:43:37.481+0000] {dagbag.py:587} INFO - Filling up the DagBag from /opt/airflow/dags/6.1-monitoring.py
[2024-09-02T00:43:37.581+0000] {processor.py:925} INFO - DAG(s) '6.1-monitoring' retrieved from /opt/airflow/dags/6.1-monitoring.py
[2024-09-02T00:43:37.698+0000] {logging_mixin.py:190} INFO - [2024-09-02T00:43:37.697+0000] {dag.py:3211} INFO - Sync 1 DAGs
[2024-09-02T00:43:37.796+0000] {logging_mixin.py:190} INFO - [2024-09-02T00:43:37.795+0000] {dag.py:4138} INFO - Setting next_dagrun for 6.1-monitoring to 2024-01-01 00:00:00+00:00, run_after=2024-01-02 00:00:00+00:00
[2024-09-02T00:43:37.830+0000] {processor.py:208} INFO - Processing /opt/airflow/dags/6.1-monitoring.py took 0.405 seconds
[2024-09-02T00:43:38.906+0000] {processor.py:186} INFO - Started process (PID=2186) to work on /opt/airflow/dags/6.1-monitoring.py
[2024-09-02T00:43:38.908+0000] {processor.py:914} INFO - Processing file /opt/airflow/dags/6.1-monitoring.py for tasks to queue
[2024-09-02T00:43:38.911+0000] {logging_mixin.py:190} INFO - [2024-09-02T00:43:38.911+0000] {dagbag.py:587} INFO - Filling up the DagBag from /opt/airflow/dags/6.1-monitoring.py
[2024-09-02T00:43:38.947+0000] {processor.py:925} INFO - DAG(s) '6.1-monitoring' retrieved from /opt/airflow/dags/6.1-monitoring.py
[2024-09-02T00:43:38.984+0000] {logging_mixin.py:190} INFO - [2024-09-02T00:43:38.983+0000] {dag.py:3211} INFO - Sync 1 DAGs
[2024-09-02T00:43:39.065+0000] {logging_mixin.py:190} INFO - [2024-09-02T00:43:39.064+0000] {dag.py:4138} INFO - Setting next_dagrun for 6.1-monitoring to 2024-01-01 00:00:00+00:00, run_after=2024-01-02 00:00:00+00:00
[2024-09-02T00:43:39.114+0000] {processor.py:208} INFO - Processing /opt/airflow/dags/6.1-monitoring.py took 0.223 seconds
[2024-09-02T00:43:46.072+0000] {processor.py:186} INFO - Started process (PID=2187) to work on /opt/airflow/dags/6.1-monitoring.py
[2024-09-02T00:43:46.076+0000] {processor.py:914} INFO - Processing file /opt/airflow/dags/6.1-monitoring.py for tasks to queue
[2024-09-02T00:43:46.089+0000] {logging_mixin.py:190} INFO - [2024-09-02T00:43:46.081+0000] {dagbag.py:587} INFO - Filling up the DagBag from /opt/airflow/dags/6.1-monitoring.py
[2024-09-02T00:43:46.130+0000] {processor.py:925} INFO - DAG(s) '6.1-monitoring' retrieved from /opt/airflow/dags/6.1-monitoring.py
[2024-09-02T00:43:46.227+0000] {logging_mixin.py:190} INFO - [2024-09-02T00:43:46.226+0000] {dag.py:3211} INFO - Sync 1 DAGs
[2024-09-02T00:43:46.295+0000] {logging_mixin.py:190} INFO - [2024-09-02T00:43:46.294+0000] {dag.py:4138} INFO - Setting next_dagrun for 6.1-monitoring to 2024-01-01 00:00:00+00:00, run_after=2024-01-02 00:00:00+00:00
[2024-09-02T00:43:46.352+0000] {processor.py:208} INFO - Processing /opt/airflow/dags/6.1-monitoring.py took 0.310 seconds
[2024-09-02T00:44:17.073+0000] {processor.py:186} INFO - Started process (PID=2206) to work on /opt/airflow/dags/6.1-monitoring.py
[2024-09-02T00:44:17.086+0000] {processor.py:914} INFO - Processing file /opt/airflow/dags/6.1-monitoring.py for tasks to queue
[2024-09-02T00:44:17.088+0000] {logging_mixin.py:190} INFO - [2024-09-02T00:44:17.087+0000] {dagbag.py:587} INFO - Filling up the DagBag from /opt/airflow/dags/6.1-monitoring.py
[2024-09-02T00:44:17.135+0000] {processor.py:925} INFO - DAG(s) '6.1-monitoring' retrieved from /opt/airflow/dags/6.1-monitoring.py
[2024-09-02T00:44:17.221+0000] {logging_mixin.py:190} INFO - [2024-09-02T00:44:17.221+0000] {dag.py:3211} INFO - Sync 1 DAGs
[2024-09-02T00:44:17.320+0000] {logging_mixin.py:190} INFO - [2024-09-02T00:44:17.320+0000] {dag.py:4138} INFO - Setting next_dagrun for 6.1-monitoring to 2024-01-01 00:00:00+00:00, run_after=2024-01-02 00:00:00+00:00
[2024-09-02T00:44:17.373+0000] {processor.py:208} INFO - Processing /opt/airflow/dags/6.1-monitoring.py took 0.321 seconds
[2024-09-02T00:44:47.774+0000] {processor.py:186} INFO - Started process (PID=2218) to work on /opt/airflow/dags/6.1-monitoring.py
[2024-09-02T00:44:47.788+0000] {processor.py:914} INFO - Processing file /opt/airflow/dags/6.1-monitoring.py for tasks to queue
[2024-09-02T00:44:47.791+0000] {logging_mixin.py:190} INFO - [2024-09-02T00:44:47.791+0000] {dagbag.py:587} INFO - Filling up the DagBag from /opt/airflow/dags/6.1-monitoring.py
[2024-09-02T00:44:47.839+0000] {processor.py:925} INFO - DAG(s) '6.1-monitoring' retrieved from /opt/airflow/dags/6.1-monitoring.py
[2024-09-02T00:44:48.236+0000] {logging_mixin.py:190} INFO - [2024-09-02T00:44:48.235+0000] {dag.py:3211} INFO - Sync 1 DAGs
[2024-09-02T00:44:48.495+0000] {logging_mixin.py:190} INFO - [2024-09-02T00:44:48.495+0000] {dag.py:4138} INFO - Setting next_dagrun for 6.1-monitoring to 2024-01-16 00:00:00+00:00, run_after=2024-01-17 00:00:00+00:00
[2024-09-02T00:44:48.779+0000] {processor.py:208} INFO - Processing /opt/airflow/dags/6.1-monitoring.py took 1.029 seconds
[2024-09-02T00:45:19.136+0000] {processor.py:186} INFO - Started process (PID=2245) to work on /opt/airflow/dags/6.1-monitoring.py
[2024-09-02T00:45:19.150+0000] {processor.py:914} INFO - Processing file /opt/airflow/dags/6.1-monitoring.py for tasks to queue
[2024-09-02T00:45:19.153+0000] {logging_mixin.py:190} INFO - [2024-09-02T00:45:19.152+0000] {dagbag.py:587} INFO - Filling up the DagBag from /opt/airflow/dags/6.1-monitoring.py
[2024-09-02T00:45:19.244+0000] {processor.py:925} INFO - DAG(s) '6.1-monitoring' retrieved from /opt/airflow/dags/6.1-monitoring.py
[2024-09-02T00:45:19.510+0000] {logging_mixin.py:190} INFO - [2024-09-02T00:45:19.509+0000] {dag.py:3211} INFO - Sync 1 DAGs
[2024-09-02T00:45:19.654+0000] {logging_mixin.py:190} INFO - [2024-09-02T00:45:19.653+0000] {dag.py:4138} INFO - Setting next_dagrun for 6.1-monitoring to 2024-01-17 00:00:00+00:00, run_after=2024-01-18 00:00:00+00:00
[2024-09-02T00:45:19.759+0000] {processor.py:208} INFO - Processing /opt/airflow/dags/6.1-monitoring.py took 0.678 seconds
[2024-09-02T00:45:50.153+0000] {processor.py:186} INFO - Started process (PID=2257) to work on /opt/airflow/dags/6.1-monitoring.py
[2024-09-02T00:45:50.176+0000] {processor.py:914} INFO - Processing file /opt/airflow/dags/6.1-monitoring.py for tasks to queue
[2024-09-02T00:45:50.179+0000] {logging_mixin.py:190} INFO - [2024-09-02T00:45:50.178+0000] {dagbag.py:587} INFO - Filling up the DagBag from /opt/airflow/dags/6.1-monitoring.py
[2024-09-02T00:45:50.245+0000] {processor.py:925} INFO - DAG(s) '6.1-monitoring' retrieved from /opt/airflow/dags/6.1-monitoring.py
[2024-09-02T00:45:50.360+0000] {logging_mixin.py:190} INFO - [2024-09-02T00:45:50.359+0000] {dag.py:3211} INFO - Sync 1 DAGs
[2024-09-02T00:45:50.505+0000] {processor.py:208} INFO - Processing /opt/airflow/dags/6.1-monitoring.py took 0.399 seconds
[2024-09-02T00:46:21.159+0000] {processor.py:186} INFO - Started process (PID=2286) to work on /opt/airflow/dags/6.1-monitoring.py
[2024-09-02T00:46:21.287+0000] {processor.py:914} INFO - Processing file /opt/airflow/dags/6.1-monitoring.py for tasks to queue
[2024-09-02T00:46:21.290+0000] {logging_mixin.py:190} INFO - [2024-09-02T00:46:21.289+0000] {dagbag.py:587} INFO - Filling up the DagBag from /opt/airflow/dags/6.1-monitoring.py
[2024-09-02T00:46:21.316+0000] {processor.py:925} INFO - DAG(s) '6.1-monitoring' retrieved from /opt/airflow/dags/6.1-monitoring.py
[2024-09-02T00:46:21.367+0000] {logging_mixin.py:190} INFO - [2024-09-02T00:46:21.366+0000] {dag.py:3211} INFO - Sync 1 DAGs
[2024-09-02T00:46:21.418+0000] {logging_mixin.py:190} INFO - [2024-09-02T00:46:21.417+0000] {dag.py:4138} INFO - Setting next_dagrun for 6.1-monitoring to None, run_after=None
[2024-09-02T00:46:21.449+0000] {processor.py:208} INFO - Processing /opt/airflow/dags/6.1-monitoring.py took 0.303 seconds
[2024-09-02T00:46:51.572+0000] {processor.py:186} INFO - Started process (PID=2299) to work on /opt/airflow/dags/6.1-monitoring.py
[2024-09-02T00:46:51.589+0000] {processor.py:914} INFO - Processing file /opt/airflow/dags/6.1-monitoring.py for tasks to queue
[2024-09-02T00:46:51.592+0000] {logging_mixin.py:190} INFO - [2024-09-02T00:46:51.591+0000] {dagbag.py:587} INFO - Filling up the DagBag from /opt/airflow/dags/6.1-monitoring.py
[2024-09-02T00:46:51.613+0000] {processor.py:925} INFO - DAG(s) '6.1-monitoring' retrieved from /opt/airflow/dags/6.1-monitoring.py
[2024-09-02T00:46:51.676+0000] {logging_mixin.py:190} INFO - [2024-09-02T00:46:51.676+0000] {dag.py:3211} INFO - Sync 1 DAGs
[2024-09-02T00:46:51.737+0000] {logging_mixin.py:190} INFO - [2024-09-02T00:46:51.736+0000] {dag.py:4138} INFO - Setting next_dagrun for 6.1-monitoring to None, run_after=None
[2024-09-02T00:46:51.774+0000] {processor.py:208} INFO - Processing /opt/airflow/dags/6.1-monitoring.py took 0.213 seconds
[2024-09-02T00:47:22.073+0000] {processor.py:186} INFO - Started process (PID=2311) to work on /opt/airflow/dags/6.1-monitoring.py
[2024-09-02T00:47:22.077+0000] {processor.py:914} INFO - Processing file /opt/airflow/dags/6.1-monitoring.py for tasks to queue
[2024-09-02T00:47:22.081+0000] {logging_mixin.py:190} INFO - [2024-09-02T00:47:22.079+0000] {dagbag.py:587} INFO - Filling up the DagBag from /opt/airflow/dags/6.1-monitoring.py
[2024-09-02T00:47:22.115+0000] {processor.py:925} INFO - DAG(s) '6.1-monitoring' retrieved from /opt/airflow/dags/6.1-monitoring.py
[2024-09-02T00:47:22.186+0000] {logging_mixin.py:190} INFO - [2024-09-02T00:47:22.185+0000] {dag.py:3211} INFO - Sync 1 DAGs
[2024-09-02T00:47:22.255+0000] {logging_mixin.py:190} INFO - [2024-09-02T00:47:22.254+0000] {dag.py:4138} INFO - Setting next_dagrun for 6.1-monitoring to None, run_after=None
[2024-09-02T00:47:22.299+0000] {processor.py:208} INFO - Processing /opt/airflow/dags/6.1-monitoring.py took 0.242 seconds
[2024-09-02T00:47:43.664+0000] {processor.py:186} INFO - Started process (PID=2317) to work on /opt/airflow/dags/6.1-monitoring.py
[2024-09-02T00:47:43.697+0000] {processor.py:914} INFO - Processing file /opt/airflow/dags/6.1-monitoring.py for tasks to queue
[2024-09-02T00:47:43.699+0000] {logging_mixin.py:190} INFO - [2024-09-02T00:47:43.699+0000] {dagbag.py:587} INFO - Filling up the DagBag from /opt/airflow/dags/6.1-monitoring.py
[2024-09-02T00:47:43.728+0000] {processor.py:925} INFO - DAG(s) '6.1-monitoring' retrieved from /opt/airflow/dags/6.1-monitoring.py
[2024-09-02T00:47:44.015+0000] {logging_mixin.py:190} INFO - [2024-09-02T00:47:44.015+0000] {dag.py:3211} INFO - Sync 1 DAGs
[2024-09-02T00:47:44.065+0000] {logging_mixin.py:190} INFO - [2024-09-02T00:47:44.064+0000] {dag.py:4138} INFO - Setting next_dagrun for 6.1-monitoring to None, run_after=None
[2024-09-02T00:47:44.109+0000] {processor.py:208} INFO - Processing /opt/airflow/dags/6.1-monitoring.py took 0.459 seconds
[2024-09-02T00:48:14.668+0000] {processor.py:186} INFO - Started process (PID=2330) to work on /opt/airflow/dags/6.1-monitoring.py
[2024-09-02T00:48:14.688+0000] {processor.py:914} INFO - Processing file /opt/airflow/dags/6.1-monitoring.py for tasks to queue
[2024-09-02T00:48:14.690+0000] {logging_mixin.py:190} INFO - [2024-09-02T00:48:14.690+0000] {dagbag.py:587} INFO - Filling up the DagBag from /opt/airflow/dags/6.1-monitoring.py
[2024-09-02T00:48:14.711+0000] {processor.py:925} INFO - DAG(s) '6.1-monitoring' retrieved from /opt/airflow/dags/6.1-monitoring.py
[2024-09-02T00:48:14.755+0000] {logging_mixin.py:190} INFO - [2024-09-02T00:48:14.755+0000] {dag.py:3211} INFO - Sync 1 DAGs
[2024-09-02T00:48:14.802+0000] {logging_mixin.py:190} INFO - [2024-09-02T00:48:14.802+0000] {dag.py:4138} INFO - Setting next_dagrun for 6.1-monitoring to None, run_after=None
[2024-09-02T00:48:14.829+0000] {processor.py:208} INFO - Processing /opt/airflow/dags/6.1-monitoring.py took 0.172 seconds
[2024-09-02T00:48:45.469+0000] {processor.py:186} INFO - Started process (PID=2348) to work on /opt/airflow/dags/6.1-monitoring.py
[2024-09-02T00:48:45.492+0000] {processor.py:914} INFO - Processing file /opt/airflow/dags/6.1-monitoring.py for tasks to queue
[2024-09-02T00:48:45.502+0000] {logging_mixin.py:190} INFO - [2024-09-02T00:48:45.502+0000] {dagbag.py:587} INFO - Filling up the DagBag from /opt/airflow/dags/6.1-monitoring.py
[2024-09-02T00:48:45.535+0000] {processor.py:925} INFO - DAG(s) '6.1-monitoring' retrieved from /opt/airflow/dags/6.1-monitoring.py
[2024-09-02T00:48:45.698+0000] {logging_mixin.py:190} INFO - [2024-09-02T00:48:45.698+0000] {dag.py:3211} INFO - Sync 1 DAGs
[2024-09-02T00:48:45.858+0000] {processor.py:208} INFO - Processing /opt/airflow/dags/6.1-monitoring.py took 0.409 seconds
[2024-09-02T00:49:16.467+0000] {processor.py:186} INFO - Started process (PID=2389) to work on /opt/airflow/dags/6.1-monitoring.py
[2024-09-02T00:49:16.489+0000] {processor.py:914} INFO - Processing file /opt/airflow/dags/6.1-monitoring.py for tasks to queue
[2024-09-02T00:49:16.492+0000] {logging_mixin.py:190} INFO - [2024-09-02T00:49:16.492+0000] {dagbag.py:587} INFO - Filling up the DagBag from /opt/airflow/dags/6.1-monitoring.py
[2024-09-02T00:49:16.613+0000] {processor.py:925} INFO - DAG(s) '6.1-monitoring' retrieved from /opt/airflow/dags/6.1-monitoring.py
[2024-09-02T00:49:16.826+0000] {logging_mixin.py:190} INFO - [2024-09-02T00:49:16.825+0000] {dag.py:3211} INFO - Sync 1 DAGs
[2024-09-02T00:49:17.082+0000] {processor.py:208} INFO - Processing /opt/airflow/dags/6.1-monitoring.py took 0.662 seconds
[2024-09-02T00:49:47.647+0000] {processor.py:186} INFO - Started process (PID=2443) to work on /opt/airflow/dags/6.1-monitoring.py
[2024-09-02T00:49:47.672+0000] {processor.py:914} INFO - Processing file /opt/airflow/dags/6.1-monitoring.py for tasks to queue
[2024-09-02T00:49:47.675+0000] {logging_mixin.py:190} INFO - [2024-09-02T00:49:47.675+0000] {dagbag.py:587} INFO - Filling up the DagBag from /opt/airflow/dags/6.1-monitoring.py
[2024-09-02T00:49:47.873+0000] {processor.py:925} INFO - DAG(s) '6.1-monitoring' retrieved from /opt/airflow/dags/6.1-monitoring.py
[2024-09-02T00:49:48.141+0000] {logging_mixin.py:190} INFO - [2024-09-02T00:49:48.124+0000] {dag.py:3211} INFO - Sync 1 DAGs
[2024-09-02T00:49:48.969+0000] {processor.py:208} INFO - Processing /opt/airflow/dags/6.1-monitoring.py took 1.383 seconds
[2024-09-02T00:50:19.835+0000] {processor.py:186} INFO - Started process (PID=2500) to work on /opt/airflow/dags/6.1-monitoring.py
[2024-09-02T00:50:19.930+0000] {processor.py:914} INFO - Processing file /opt/airflow/dags/6.1-monitoring.py for tasks to queue
[2024-09-02T00:50:19.933+0000] {logging_mixin.py:190} INFO - [2024-09-02T00:50:19.932+0000] {dagbag.py:587} INFO - Filling up the DagBag from /opt/airflow/dags/6.1-monitoring.py
[2024-09-02T00:50:20.046+0000] {processor.py:925} INFO - DAG(s) '6.1-monitoring' retrieved from /opt/airflow/dags/6.1-monitoring.py
[2024-09-02T00:50:20.182+0000] {logging_mixin.py:190} INFO - [2024-09-02T00:50:20.181+0000] {dag.py:3211} INFO - Sync 1 DAGs
[2024-09-02T00:50:20.432+0000] {processor.py:208} INFO - Processing /opt/airflow/dags/6.1-monitoring.py took 0.707 seconds
[2024-09-02T00:50:50.711+0000] {processor.py:186} INFO - Started process (PID=2540) to work on /opt/airflow/dags/6.1-monitoring.py
[2024-09-02T00:50:50.725+0000] {processor.py:914} INFO - Processing file /opt/airflow/dags/6.1-monitoring.py for tasks to queue
[2024-09-02T00:50:50.729+0000] {logging_mixin.py:190} INFO - [2024-09-02T00:50:50.728+0000] {dagbag.py:587} INFO - Filling up the DagBag from /opt/airflow/dags/6.1-monitoring.py
[2024-09-02T00:50:50.906+0000] {processor.py:925} INFO - DAG(s) '6.1-monitoring' retrieved from /opt/airflow/dags/6.1-monitoring.py
[2024-09-02T00:50:51.186+0000] {logging_mixin.py:190} INFO - [2024-09-02T00:50:51.178+0000] {dag.py:3211} INFO - Sync 1 DAGs
[2024-09-02T00:50:51.527+0000] {processor.py:208} INFO - Processing /opt/airflow/dags/6.1-monitoring.py took 0.861 seconds
[2024-09-02T00:51:21.633+0000] {processor.py:186} INFO - Started process (PID=2574) to work on /opt/airflow/dags/6.1-monitoring.py
[2024-09-02T00:51:21.657+0000] {processor.py:914} INFO - Processing file /opt/airflow/dags/6.1-monitoring.py for tasks to queue
[2024-09-02T00:51:21.666+0000] {logging_mixin.py:190} INFO - [2024-09-02T00:51:21.660+0000] {dagbag.py:587} INFO - Filling up the DagBag from /opt/airflow/dags/6.1-monitoring.py
[2024-09-02T00:51:21.761+0000] {processor.py:925} INFO - DAG(s) '6.1-monitoring' retrieved from /opt/airflow/dags/6.1-monitoring.py
[2024-09-02T00:51:21.934+0000] {logging_mixin.py:190} INFO - [2024-09-02T00:51:21.934+0000] {dag.py:3211} INFO - Sync 1 DAGs
[2024-09-02T00:51:22.268+0000] {processor.py:208} INFO - Processing /opt/airflow/dags/6.1-monitoring.py took 0.665 seconds
[2024-09-02T00:51:52.936+0000] {processor.py:186} INFO - Started process (PID=2612) to work on /opt/airflow/dags/6.1-monitoring.py
[2024-09-02T00:51:52.989+0000] {processor.py:914} INFO - Processing file /opt/airflow/dags/6.1-monitoring.py for tasks to queue
[2024-09-02T00:51:52.992+0000] {logging_mixin.py:190} INFO - [2024-09-02T00:51:52.991+0000] {dagbag.py:587} INFO - Filling up the DagBag from /opt/airflow/dags/6.1-monitoring.py
[2024-09-02T00:51:53.246+0000] {processor.py:925} INFO - DAG(s) '6.1-monitoring' retrieved from /opt/airflow/dags/6.1-monitoring.py
[2024-09-02T00:51:53.684+0000] {logging_mixin.py:190} INFO - [2024-09-02T00:51:53.667+0000] {dag.py:3211} INFO - Sync 1 DAGs
[2024-09-02T00:51:54.260+0000] {processor.py:208} INFO - Processing /opt/airflow/dags/6.1-monitoring.py took 1.385 seconds
[2024-09-02T00:52:09.037+0000] {processor.py:186} INFO - Started process (PID=2630) to work on /opt/airflow/dags/6.1-monitoring.py
[2024-09-02T00:52:09.041+0000] {processor.py:914} INFO - Processing file /opt/airflow/dags/6.1-monitoring.py for tasks to queue
[2024-09-02T00:52:09.044+0000] {logging_mixin.py:190} INFO - [2024-09-02T00:52:09.043+0000] {dagbag.py:587} INFO - Filling up the DagBag from /opt/airflow/dags/6.1-monitoring.py
[2024-09-02T00:52:09.063+0000] {logging_mixin.py:190} INFO - [2024-09-02T00:52:09.055+0000] {dagbag.py:386} ERROR - Failed to import: /opt/airflow/dags/6.1-monitoring.py
Traceback (most recent call last):
  File "/home/airflow/.local/lib/python3.12/site-packages/airflow/models/dagbag.py", line 382, in parse
    loader.exec_module(new_module)
  File "<frozen importlib._bootstrap_external>", line 991, in exec_module
  File "<frozen importlib._bootstrap_external>", line 1129, in get_code
  File "<frozen importlib._bootstrap_external>", line 1059, in source_to_code
  File "<frozen importlib._bootstrap>", line 488, in _call_with_frames_removed
  File "/opt/airflow/dags/6.1-monitoring.py", line 9
    with DAG(dag_id="6.1-monitoring",
    ^^^^
IndentationError: expected an indented block after function definition on line 6
[2024-09-02T00:52:09.065+0000] {processor.py:927} WARNING - No viable dags retrieved from /opt/airflow/dags/6.1-monitoring.py
[2024-09-02T00:52:09.125+0000] {processor.py:208} INFO - Processing /opt/airflow/dags/6.1-monitoring.py took 0.125 seconds
[2024-09-02T00:52:11.189+0000] {processor.py:186} INFO - Started process (PID=2636) to work on /opt/airflow/dags/6.1-monitoring.py
[2024-09-02T00:52:11.191+0000] {processor.py:914} INFO - Processing file /opt/airflow/dags/6.1-monitoring.py for tasks to queue
[2024-09-02T00:52:11.202+0000] {logging_mixin.py:190} INFO - [2024-09-02T00:52:11.201+0000] {dagbag.py:587} INFO - Filling up the DagBag from /opt/airflow/dags/6.1-monitoring.py
[2024-09-02T00:52:11.225+0000] {logging_mixin.py:190} INFO - [2024-09-02T00:52:11.207+0000] {dagbag.py:386} ERROR - Failed to import: /opt/airflow/dags/6.1-monitoring.py
Traceback (most recent call last):
  File "/home/airflow/.local/lib/python3.12/site-packages/airflow/models/dagbag.py", line 382, in parse
    loader.exec_module(new_module)
  File "<frozen importlib._bootstrap_external>", line 991, in exec_module
  File "<frozen importlib._bootstrap_external>", line 1129, in get_code
  File "<frozen importlib._bootstrap_external>", line 1059, in source_to_code
  File "<frozen importlib._bootstrap>", line 488, in _call_with_frames_removed
  File "/opt/airflow/dags/6.1-monitoring.py", line 10
    with DAG(dag_id="6.1-monitoring",
    ^^^^
IndentationError: expected an indented block after function definition on line 6
[2024-09-02T00:52:11.226+0000] {processor.py:927} WARNING - No viable dags retrieved from /opt/airflow/dags/6.1-monitoring.py
[2024-09-02T00:52:11.318+0000] {processor.py:208} INFO - Processing /opt/airflow/dags/6.1-monitoring.py took 0.172 seconds
[2024-09-02T00:52:16.562+0000] {processor.py:186} INFO - Started process (PID=2640) to work on /opt/airflow/dags/6.1-monitoring.py
[2024-09-02T00:52:16.588+0000] {processor.py:914} INFO - Processing file /opt/airflow/dags/6.1-monitoring.py for tasks to queue
[2024-09-02T00:52:16.593+0000] {logging_mixin.py:190} INFO - [2024-09-02T00:52:16.592+0000] {dagbag.py:587} INFO - Filling up the DagBag from /opt/airflow/dags/6.1-monitoring.py
[2024-09-02T00:52:16.730+0000] {processor.py:925} INFO - DAG(s) '6.1-monitoring' retrieved from /opt/airflow/dags/6.1-monitoring.py
[2024-09-02T00:52:17.053+0000] {logging_mixin.py:190} INFO - [2024-09-02T00:52:17.052+0000] {dag.py:3211} INFO - Sync 1 DAGs
[2024-09-02T00:52:17.348+0000] {processor.py:208} INFO - Processing /opt/airflow/dags/6.1-monitoring.py took 0.859 seconds
[2024-09-02T00:52:19.176+0000] {processor.py:186} INFO - Started process (PID=2646) to work on /opt/airflow/dags/6.1-monitoring.py
[2024-09-02T00:52:19.179+0000] {processor.py:914} INFO - Processing file /opt/airflow/dags/6.1-monitoring.py for tasks to queue
[2024-09-02T00:52:19.184+0000] {logging_mixin.py:190} INFO - [2024-09-02T00:52:19.181+0000] {dagbag.py:587} INFO - Filling up the DagBag from /opt/airflow/dags/6.1-monitoring.py
[2024-09-02T00:52:19.241+0000] {processor.py:925} INFO - DAG(s) '6.1-monitoring' retrieved from /opt/airflow/dags/6.1-monitoring.py
[2024-09-02T00:52:19.356+0000] {logging_mixin.py:190} INFO - [2024-09-02T00:52:19.355+0000] {dag.py:3211} INFO - Sync 1 DAGs
[2024-09-02T00:52:19.794+0000] {processor.py:208} INFO - Processing /opt/airflow/dags/6.1-monitoring.py took 0.639 seconds
[2024-09-02T00:52:50.291+0000] {processor.py:186} INFO - Started process (PID=2681) to work on /opt/airflow/dags/6.1-monitoring.py
[2024-09-02T00:52:50.305+0000] {processor.py:914} INFO - Processing file /opt/airflow/dags/6.1-monitoring.py for tasks to queue
[2024-09-02T00:52:50.308+0000] {logging_mixin.py:190} INFO - [2024-09-02T00:52:50.307+0000] {dagbag.py:587} INFO - Filling up the DagBag from /opt/airflow/dags/6.1-monitoring.py
[2024-09-02T00:52:50.392+0000] {processor.py:925} INFO - DAG(s) '6.1-monitoring' retrieved from /opt/airflow/dags/6.1-monitoring.py
[2024-09-02T00:52:50.525+0000] {logging_mixin.py:190} INFO - [2024-09-02T00:52:50.524+0000] {dag.py:3211} INFO - Sync 1 DAGs
[2024-09-02T00:52:50.807+0000] {processor.py:208} INFO - Processing /opt/airflow/dags/6.1-monitoring.py took 0.556 seconds
[2024-09-02T00:53:21.072+0000] {processor.py:186} INFO - Started process (PID=2721) to work on /opt/airflow/dags/6.1-monitoring.py
[2024-09-02T00:53:21.106+0000] {processor.py:914} INFO - Processing file /opt/airflow/dags/6.1-monitoring.py for tasks to queue
[2024-09-02T00:53:21.117+0000] {logging_mixin.py:190} INFO - [2024-09-02T00:53:21.113+0000] {dagbag.py:587} INFO - Filling up the DagBag from /opt/airflow/dags/6.1-monitoring.py
[2024-09-02T00:53:21.283+0000] {processor.py:925} INFO - DAG(s) '6.1-monitoring' retrieved from /opt/airflow/dags/6.1-monitoring.py
[2024-09-02T00:53:21.422+0000] {logging_mixin.py:190} INFO - [2024-09-02T00:53:21.421+0000] {dag.py:3211} INFO - Sync 1 DAGs
[2024-09-02T00:53:21.640+0000] {processor.py:208} INFO - Processing /opt/airflow/dags/6.1-monitoring.py took 0.677 seconds
[2024-09-02T00:53:52.080+0000] {processor.py:186} INFO - Started process (PID=2748) to work on /opt/airflow/dags/6.1-monitoring.py
[2024-09-02T00:53:52.109+0000] {processor.py:914} INFO - Processing file /opt/airflow/dags/6.1-monitoring.py for tasks to queue
[2024-09-02T00:53:52.112+0000] {logging_mixin.py:190} INFO - [2024-09-02T00:53:52.111+0000] {dagbag.py:587} INFO - Filling up the DagBag from /opt/airflow/dags/6.1-monitoring.py
[2024-09-02T00:53:52.170+0000] {processor.py:925} INFO - DAG(s) '6.1-monitoring' retrieved from /opt/airflow/dags/6.1-monitoring.py
[2024-09-02T00:53:52.310+0000] {logging_mixin.py:190} INFO - [2024-09-02T00:53:52.310+0000] {dag.py:3211} INFO - Sync 1 DAGs
[2024-09-02T00:53:52.553+0000] {processor.py:208} INFO - Processing /opt/airflow/dags/6.1-monitoring.py took 0.503 seconds
[2024-09-02T00:54:23.055+0000] {processor.py:186} INFO - Started process (PID=2797) to work on /opt/airflow/dags/6.1-monitoring.py
[2024-09-02T00:54:23.074+0000] {processor.py:914} INFO - Processing file /opt/airflow/dags/6.1-monitoring.py for tasks to queue
[2024-09-02T00:54:23.078+0000] {logging_mixin.py:190} INFO - [2024-09-02T00:54:23.077+0000] {dagbag.py:587} INFO - Filling up the DagBag from /opt/airflow/dags/6.1-monitoring.py
[2024-09-02T00:54:23.178+0000] {processor.py:925} INFO - DAG(s) '6.1-monitoring' retrieved from /opt/airflow/dags/6.1-monitoring.py
[2024-09-02T00:54:23.402+0000] {logging_mixin.py:190} INFO - [2024-09-02T00:54:23.402+0000] {dag.py:3211} INFO - Sync 1 DAGs
[2024-09-02T00:54:23.642+0000] {processor.py:208} INFO - Processing /opt/airflow/dags/6.1-monitoring.py took 0.656 seconds
[2024-09-02T00:54:53.735+0000] {processor.py:186} INFO - Started process (PID=2835) to work on /opt/airflow/dags/6.1-monitoring.py
[2024-09-02T00:54:53.754+0000] {processor.py:914} INFO - Processing file /opt/airflow/dags/6.1-monitoring.py for tasks to queue
[2024-09-02T00:54:53.757+0000] {logging_mixin.py:190} INFO - [2024-09-02T00:54:53.756+0000] {dagbag.py:587} INFO - Filling up the DagBag from /opt/airflow/dags/6.1-monitoring.py
[2024-09-02T00:54:53.799+0000] {processor.py:925} INFO - DAG(s) '6.1-monitoring' retrieved from /opt/airflow/dags/6.1-monitoring.py
[2024-09-02T00:54:53.907+0000] {logging_mixin.py:190} INFO - [2024-09-02T00:54:53.906+0000] {dag.py:3211} INFO - Sync 1 DAGs
[2024-09-02T00:54:54.045+0000] {processor.py:208} INFO - Processing /opt/airflow/dags/6.1-monitoring.py took 0.337 seconds
[2024-09-02T00:55:24.826+0000] {processor.py:186} INFO - Started process (PID=2877) to work on /opt/airflow/dags/6.1-monitoring.py
[2024-09-02T00:55:24.843+0000] {processor.py:914} INFO - Processing file /opt/airflow/dags/6.1-monitoring.py for tasks to queue
[2024-09-02T00:55:24.847+0000] {logging_mixin.py:190} INFO - [2024-09-02T00:55:24.846+0000] {dagbag.py:587} INFO - Filling up the DagBag from /opt/airflow/dags/6.1-monitoring.py
[2024-09-02T00:55:24.987+0000] {processor.py:925} INFO - DAG(s) '6.1-monitoring' retrieved from /opt/airflow/dags/6.1-monitoring.py
[2024-09-02T00:55:25.218+0000] {logging_mixin.py:190} INFO - [2024-09-02T00:55:25.218+0000] {dag.py:3211} INFO - Sync 1 DAGs
[2024-09-02T00:55:25.347+0000] {logging_mixin.py:190} INFO - [2024-09-02T00:55:25.346+0000] {dag.py:4138} INFO - Setting next_dagrun for 6.1-monitoring to None, run_after=None
[2024-09-02T00:55:25.410+0000] {processor.py:208} INFO - Processing /opt/airflow/dags/6.1-monitoring.py took 0.627 seconds
[2024-09-02T00:55:56.229+0000] {processor.py:186} INFO - Started process (PID=2889) to work on /opt/airflow/dags/6.1-monitoring.py
[2024-09-02T00:55:56.243+0000] {processor.py:914} INFO - Processing file /opt/airflow/dags/6.1-monitoring.py for tasks to queue
[2024-09-02T00:55:56.246+0000] {logging_mixin.py:190} INFO - [2024-09-02T00:55:56.246+0000] {dagbag.py:587} INFO - Filling up the DagBag from /opt/airflow/dags/6.1-monitoring.py
[2024-09-02T00:55:56.276+0000] {processor.py:925} INFO - DAG(s) '6.1-monitoring' retrieved from /opt/airflow/dags/6.1-monitoring.py
[2024-09-02T00:55:56.340+0000] {logging_mixin.py:190} INFO - [2024-09-02T00:55:56.339+0000] {dag.py:3211} INFO - Sync 1 DAGs
[2024-09-02T00:55:56.402+0000] {logging_mixin.py:190} INFO - [2024-09-02T00:55:56.401+0000] {dag.py:4138} INFO - Setting next_dagrun for 6.1-monitoring to None, run_after=None
[2024-09-02T00:55:56.443+0000] {processor.py:208} INFO - Processing /opt/airflow/dags/6.1-monitoring.py took 0.227 seconds
[2024-09-02T00:56:27.204+0000] {processor.py:186} INFO - Started process (PID=2902) to work on /opt/airflow/dags/6.1-monitoring.py
[2024-09-02T00:56:27.222+0000] {processor.py:914} INFO - Processing file /opt/airflow/dags/6.1-monitoring.py for tasks to queue
[2024-09-02T00:56:27.224+0000] {logging_mixin.py:190} INFO - [2024-09-02T00:56:27.224+0000] {dagbag.py:587} INFO - Filling up the DagBag from /opt/airflow/dags/6.1-monitoring.py
[2024-09-02T00:56:27.251+0000] {processor.py:925} INFO - DAG(s) '6.1-monitoring' retrieved from /opt/airflow/dags/6.1-monitoring.py
[2024-09-02T00:56:27.315+0000] {logging_mixin.py:190} INFO - [2024-09-02T00:56:27.314+0000] {dag.py:3211} INFO - Sync 1 DAGs
[2024-09-02T00:56:27.376+0000] {logging_mixin.py:190} INFO - [2024-09-02T00:56:27.375+0000] {dag.py:4138} INFO - Setting next_dagrun for 6.1-monitoring to None, run_after=None
[2024-09-02T00:56:27.460+0000] {processor.py:208} INFO - Processing /opt/airflow/dags/6.1-monitoring.py took 0.270 seconds
[2024-09-02T00:56:58.477+0000] {processor.py:186} INFO - Started process (PID=2914) to work on /opt/airflow/dags/6.1-monitoring.py
[2024-09-02T00:56:58.556+0000] {processor.py:914} INFO - Processing file /opt/airflow/dags/6.1-monitoring.py for tasks to queue
[2024-09-02T00:56:58.558+0000] {logging_mixin.py:190} INFO - [2024-09-02T00:56:58.558+0000] {dagbag.py:587} INFO - Filling up the DagBag from /opt/airflow/dags/6.1-monitoring.py
[2024-09-02T00:56:58.582+0000] {processor.py:925} INFO - DAG(s) '6.1-monitoring' retrieved from /opt/airflow/dags/6.1-monitoring.py
[2024-09-02T00:56:58.645+0000] {logging_mixin.py:190} INFO - [2024-09-02T00:56:58.644+0000] {dag.py:3211} INFO - Sync 1 DAGs
[2024-09-02T00:56:58.714+0000] {logging_mixin.py:190} INFO - [2024-09-02T00:56:58.714+0000] {dag.py:4138} INFO - Setting next_dagrun for 6.1-monitoring to None, run_after=None
[2024-09-02T00:56:58.770+0000] {processor.py:208} INFO - Processing /opt/airflow/dags/6.1-monitoring.py took 0.309 seconds
[2024-09-02T00:57:29.018+0000] {processor.py:186} INFO - Started process (PID=2928) to work on /opt/airflow/dags/6.1-monitoring.py
[2024-09-02T00:57:29.036+0000] {processor.py:914} INFO - Processing file /opt/airflow/dags/6.1-monitoring.py for tasks to queue
[2024-09-02T00:57:29.039+0000] {logging_mixin.py:190} INFO - [2024-09-02T00:57:29.038+0000] {dagbag.py:587} INFO - Filling up the DagBag from /opt/airflow/dags/6.1-monitoring.py
[2024-09-02T00:57:29.058+0000] {processor.py:925} INFO - DAG(s) '6.1-monitoring' retrieved from /opt/airflow/dags/6.1-monitoring.py
[2024-09-02T00:57:29.103+0000] {logging_mixin.py:190} INFO - [2024-09-02T00:57:29.102+0000] {dag.py:3211} INFO - Sync 1 DAGs
[2024-09-02T00:57:29.154+0000] {logging_mixin.py:190} INFO - [2024-09-02T00:57:29.153+0000] {dag.py:4138} INFO - Setting next_dagrun for 6.1-monitoring to None, run_after=None
[2024-09-02T00:57:29.202+0000] {processor.py:208} INFO - Processing /opt/airflow/dags/6.1-monitoring.py took 0.199 seconds
[2024-09-02T00:57:59.296+0000] {processor.py:186} INFO - Started process (PID=2940) to work on /opt/airflow/dags/6.1-monitoring.py
[2024-09-02T00:57:59.328+0000] {processor.py:914} INFO - Processing file /opt/airflow/dags/6.1-monitoring.py for tasks to queue
[2024-09-02T00:57:59.335+0000] {logging_mixin.py:190} INFO - [2024-09-02T00:57:59.335+0000] {dagbag.py:587} INFO - Filling up the DagBag from /opt/airflow/dags/6.1-monitoring.py
[2024-09-02T00:57:59.370+0000] {processor.py:925} INFO - DAG(s) '6.1-monitoring' retrieved from /opt/airflow/dags/6.1-monitoring.py
[2024-09-02T00:57:59.440+0000] {logging_mixin.py:190} INFO - [2024-09-02T00:57:59.440+0000] {dag.py:3211} INFO - Sync 1 DAGs
[2024-09-02T00:57:59.506+0000] {logging_mixin.py:190} INFO - [2024-09-02T00:57:59.505+0000] {dag.py:4138} INFO - Setting next_dagrun for 6.1-monitoring to None, run_after=None
[2024-09-02T00:57:59.572+0000] {processor.py:208} INFO - Processing /opt/airflow/dags/6.1-monitoring.py took 0.299 seconds
[2024-09-02T00:58:29.636+0000] {processor.py:186} INFO - Started process (PID=2953) to work on /opt/airflow/dags/6.1-monitoring.py
[2024-09-02T00:58:29.672+0000] {processor.py:914} INFO - Processing file /opt/airflow/dags/6.1-monitoring.py for tasks to queue
[2024-09-02T00:58:29.675+0000] {logging_mixin.py:190} INFO - [2024-09-02T00:58:29.674+0000] {dagbag.py:587} INFO - Filling up the DagBag from /opt/airflow/dags/6.1-monitoring.py
[2024-09-02T00:58:29.704+0000] {processor.py:925} INFO - DAG(s) '6.1-monitoring' retrieved from /opt/airflow/dags/6.1-monitoring.py
[2024-09-02T00:58:29.767+0000] {logging_mixin.py:190} INFO - [2024-09-02T00:58:29.766+0000] {dag.py:3211} INFO - Sync 1 DAGs
[2024-09-02T00:58:29.829+0000] {logging_mixin.py:190} INFO - [2024-09-02T00:58:29.828+0000] {dag.py:4138} INFO - Setting next_dagrun for 6.1-monitoring to None, run_after=None
[2024-09-02T00:58:29.903+0000] {processor.py:208} INFO - Processing /opt/airflow/dags/6.1-monitoring.py took 0.277 seconds
[2024-09-02T00:59:00.612+0000] {processor.py:186} INFO - Started process (PID=2966) to work on /opt/airflow/dags/6.1-monitoring.py
[2024-09-02T00:59:00.629+0000] {processor.py:914} INFO - Processing file /opt/airflow/dags/6.1-monitoring.py for tasks to queue
[2024-09-02T00:59:00.632+0000] {logging_mixin.py:190} INFO - [2024-09-02T00:59:00.631+0000] {dagbag.py:587} INFO - Filling up the DagBag from /opt/airflow/dags/6.1-monitoring.py
[2024-09-02T00:59:00.661+0000] {processor.py:925} INFO - DAG(s) '6.1-monitoring' retrieved from /opt/airflow/dags/6.1-monitoring.py
[2024-09-02T00:59:00.724+0000] {logging_mixin.py:190} INFO - [2024-09-02T00:59:00.723+0000] {dag.py:3211} INFO - Sync 1 DAGs
[2024-09-02T00:59:00.786+0000] {logging_mixin.py:190} INFO - [2024-09-02T00:59:00.785+0000] {dag.py:4138} INFO - Setting next_dagrun for 6.1-monitoring to None, run_after=None
[2024-09-02T00:59:00.840+0000] {processor.py:208} INFO - Processing /opt/airflow/dags/6.1-monitoring.py took 0.239 seconds
[2024-09-02T00:59:31.569+0000] {processor.py:186} INFO - Started process (PID=2979) to work on /opt/airflow/dags/6.1-monitoring.py
[2024-09-02T00:59:31.588+0000] {processor.py:914} INFO - Processing file /opt/airflow/dags/6.1-monitoring.py for tasks to queue
[2024-09-02T00:59:31.590+0000] {logging_mixin.py:190} INFO - [2024-09-02T00:59:31.590+0000] {dagbag.py:587} INFO - Filling up the DagBag from /opt/airflow/dags/6.1-monitoring.py
[2024-09-02T00:59:31.640+0000] {processor.py:925} INFO - DAG(s) '6.1-monitoring' retrieved from /opt/airflow/dags/6.1-monitoring.py
[2024-09-02T00:59:31.730+0000] {logging_mixin.py:190} INFO - [2024-09-02T00:59:31.730+0000] {dag.py:3211} INFO - Sync 1 DAGs
[2024-09-02T00:59:31.861+0000] {logging_mixin.py:190} INFO - [2024-09-02T00:59:31.860+0000] {dag.py:4138} INFO - Setting next_dagrun for 6.1-monitoring to None, run_after=None
[2024-09-02T00:59:31.945+0000] {processor.py:208} INFO - Processing /opt/airflow/dags/6.1-monitoring.py took 0.399 seconds
[2024-09-02T01:00:02.184+0000] {processor.py:186} INFO - Started process (PID=2991) to work on /opt/airflow/dags/6.1-monitoring.py
[2024-09-02T01:00:02.210+0000] {processor.py:914} INFO - Processing file /opt/airflow/dags/6.1-monitoring.py for tasks to queue
[2024-09-02T01:00:02.214+0000] {logging_mixin.py:190} INFO - [2024-09-02T01:00:02.212+0000] {dagbag.py:587} INFO - Filling up the DagBag from /opt/airflow/dags/6.1-monitoring.py
[2024-09-02T01:00:02.259+0000] {processor.py:925} INFO - DAG(s) '6.1-monitoring' retrieved from /opt/airflow/dags/6.1-monitoring.py
[2024-09-02T01:00:02.371+0000] {logging_mixin.py:190} INFO - [2024-09-02T01:00:02.370+0000] {dag.py:3211} INFO - Sync 1 DAGs
[2024-09-02T01:00:02.456+0000] {logging_mixin.py:190} INFO - [2024-09-02T01:00:02.455+0000] {dag.py:4138} INFO - Setting next_dagrun for 6.1-monitoring to None, run_after=None
[2024-09-02T01:00:02.507+0000] {processor.py:208} INFO - Processing /opt/airflow/dags/6.1-monitoring.py took 0.353 seconds
[2024-09-02T01:00:33.465+0000] {processor.py:186} INFO - Started process (PID=3004) to work on /opt/airflow/dags/6.1-monitoring.py
[2024-09-02T01:00:33.477+0000] {processor.py:914} INFO - Processing file /opt/airflow/dags/6.1-monitoring.py for tasks to queue
[2024-09-02T01:00:33.480+0000] {logging_mixin.py:190} INFO - [2024-09-02T01:00:33.480+0000] {dagbag.py:587} INFO - Filling up the DagBag from /opt/airflow/dags/6.1-monitoring.py
[2024-09-02T01:00:33.507+0000] {processor.py:925} INFO - DAG(s) '6.1-monitoring' retrieved from /opt/airflow/dags/6.1-monitoring.py
[2024-09-02T01:00:33.586+0000] {logging_mixin.py:190} INFO - [2024-09-02T01:00:33.585+0000] {dag.py:3211} INFO - Sync 1 DAGs
[2024-09-02T01:00:33.657+0000] {logging_mixin.py:190} INFO - [2024-09-02T01:00:33.656+0000] {dag.py:4138} INFO - Setting next_dagrun for 6.1-monitoring to None, run_after=None
[2024-09-02T01:00:33.685+0000] {processor.py:208} INFO - Processing /opt/airflow/dags/6.1-monitoring.py took 0.235 seconds
[2024-09-02T01:01:04.401+0000] {processor.py:186} INFO - Started process (PID=3017) to work on /opt/airflow/dags/6.1-monitoring.py
[2024-09-02T01:01:04.421+0000] {processor.py:914} INFO - Processing file /opt/airflow/dags/6.1-monitoring.py for tasks to queue
[2024-09-02T01:01:04.424+0000] {logging_mixin.py:190} INFO - [2024-09-02T01:01:04.423+0000] {dagbag.py:587} INFO - Filling up the DagBag from /opt/airflow/dags/6.1-monitoring.py
[2024-09-02T01:01:04.447+0000] {processor.py:925} INFO - DAG(s) '6.1-monitoring' retrieved from /opt/airflow/dags/6.1-monitoring.py
[2024-09-02T01:01:04.509+0000] {logging_mixin.py:190} INFO - [2024-09-02T01:01:04.508+0000] {dag.py:3211} INFO - Sync 1 DAGs
[2024-09-02T01:01:04.570+0000] {logging_mixin.py:190} INFO - [2024-09-02T01:01:04.569+0000] {dag.py:4138} INFO - Setting next_dagrun for 6.1-monitoring to None, run_after=None
[2024-09-02T01:01:04.609+0000] {processor.py:208} INFO - Processing /opt/airflow/dags/6.1-monitoring.py took 0.221 seconds
[2024-09-02T01:01:35.107+0000] {processor.py:186} INFO - Started process (PID=3030) to work on /opt/airflow/dags/6.1-monitoring.py
[2024-09-02T01:01:35.322+0000] {processor.py:914} INFO - Processing file /opt/airflow/dags/6.1-monitoring.py for tasks to queue
[2024-09-02T01:01:35.325+0000] {logging_mixin.py:190} INFO - [2024-09-02T01:01:35.324+0000] {dagbag.py:587} INFO - Filling up the DagBag from /opt/airflow/dags/6.1-monitoring.py
[2024-09-02T01:01:35.355+0000] {processor.py:925} INFO - DAG(s) '6.1-monitoring' retrieved from /opt/airflow/dags/6.1-monitoring.py
[2024-09-02T01:01:35.423+0000] {logging_mixin.py:190} INFO - [2024-09-02T01:01:35.422+0000] {dag.py:3211} INFO - Sync 1 DAGs
[2024-09-02T01:01:35.482+0000] {logging_mixin.py:190} INFO - [2024-09-02T01:01:35.481+0000] {dag.py:4138} INFO - Setting next_dagrun for 6.1-monitoring to None, run_after=None
[2024-09-02T01:01:35.512+0000] {processor.py:208} INFO - Processing /opt/airflow/dags/6.1-monitoring.py took 0.418 seconds
[2024-09-02T01:02:05.921+0000] {processor.py:186} INFO - Started process (PID=3043) to work on /opt/airflow/dags/6.1-monitoring.py
[2024-09-02T01:02:05.946+0000] {processor.py:914} INFO - Processing file /opt/airflow/dags/6.1-monitoring.py for tasks to queue
[2024-09-02T01:02:05.957+0000] {logging_mixin.py:190} INFO - [2024-09-02T01:02:05.947+0000] {dagbag.py:587} INFO - Filling up the DagBag from /opt/airflow/dags/6.1-monitoring.py
[2024-09-02T01:02:05.998+0000] {processor.py:925} INFO - DAG(s) '6.1-monitoring' retrieved from /opt/airflow/dags/6.1-monitoring.py
[2024-09-02T01:02:06.071+0000] {logging_mixin.py:190} INFO - [2024-09-02T01:02:06.071+0000] {dag.py:3211} INFO - Sync 1 DAGs
[2024-09-02T01:02:06.138+0000] {logging_mixin.py:190} INFO - [2024-09-02T01:02:06.137+0000] {dag.py:4138} INFO - Setting next_dagrun for 6.1-monitoring to None, run_after=None
[2024-09-02T01:02:06.177+0000] {processor.py:208} INFO - Processing /opt/airflow/dags/6.1-monitoring.py took 0.271 seconds
[2024-09-02T01:02:36.316+0000] {processor.py:186} INFO - Started process (PID=3056) to work on /opt/airflow/dags/6.1-monitoring.py
[2024-09-02T01:02:36.336+0000] {processor.py:914} INFO - Processing file /opt/airflow/dags/6.1-monitoring.py for tasks to queue
[2024-09-02T01:02:36.339+0000] {logging_mixin.py:190} INFO - [2024-09-02T01:02:36.338+0000] {dagbag.py:587} INFO - Filling up the DagBag from /opt/airflow/dags/6.1-monitoring.py
[2024-09-02T01:02:36.362+0000] {processor.py:925} INFO - DAG(s) '6.1-monitoring' retrieved from /opt/airflow/dags/6.1-monitoring.py
[2024-09-02T01:02:36.418+0000] {logging_mixin.py:190} INFO - [2024-09-02T01:02:36.418+0000] {dag.py:3211} INFO - Sync 1 DAGs
[2024-09-02T01:02:36.478+0000] {logging_mixin.py:190} INFO - [2024-09-02T01:02:36.477+0000] {dag.py:4138} INFO - Setting next_dagrun for 6.1-monitoring to None, run_after=None
[2024-09-02T01:02:36.527+0000] {processor.py:208} INFO - Processing /opt/airflow/dags/6.1-monitoring.py took 0.223 seconds
