[2024-09-26T00:19:25.991+0000] {processor.py:186} INFO - Started process (PID=62) to work on /opt/airflow/dags/project-beginning.py
[2024-09-26T00:19:25.993+0000] {processor.py:914} INFO - Processing file /opt/airflow/dags/project-beginning.py for tasks to queue
[2024-09-26T00:19:25.998+0000] {logging_mixin.py:190} INFO - [2024-09-26T00:19:25.997+0000] {dagbag.py:587} INFO - Filling up the DagBag from /opt/airflow/dags/project-beginning.py
[2024-09-26T00:19:26.029+0000] {processor.py:925} INFO - DAG(s) 'project_satelite' retrieved from /opt/airflow/dags/project-beginning.py
[2024-09-26T00:19:26.075+0000] {logging_mixin.py:190} INFO - [2024-09-26T00:19:26.074+0000] {dag.py:3211} INFO - Sync 1 DAGs
[2024-09-26T00:19:26.436+0000] {processor.py:208} INFO - Processing /opt/airflow/dags/project-beginning.py took 0.459 seconds
[2024-09-26T00:19:57.293+0000] {processor.py:186} INFO - Started process (PID=72) to work on /opt/airflow/dags/project-beginning.py
[2024-09-26T00:19:57.294+0000] {processor.py:914} INFO - Processing file /opt/airflow/dags/project-beginning.py for tasks to queue
[2024-09-26T00:19:57.297+0000] {logging_mixin.py:190} INFO - [2024-09-26T00:19:57.296+0000] {dagbag.py:587} INFO - Filling up the DagBag from /opt/airflow/dags/project-beginning.py
[2024-09-26T00:19:57.313+0000] {processor.py:925} INFO - DAG(s) 'project_satelite' retrieved from /opt/airflow/dags/project-beginning.py
[2024-09-26T00:19:57.349+0000] {logging_mixin.py:190} INFO - [2024-09-26T00:19:57.349+0000] {dag.py:3211} INFO - Sync 1 DAGs
[2024-09-26T00:19:57.416+0000] {processor.py:208} INFO - Processing /opt/airflow/dags/project-beginning.py took 0.133 seconds
[2024-09-26T00:20:27.937+0000] {processor.py:186} INFO - Started process (PID=81) to work on /opt/airflow/dags/project-beginning.py
[2024-09-26T00:20:27.938+0000] {processor.py:914} INFO - Processing file /opt/airflow/dags/project-beginning.py for tasks to queue
[2024-09-26T00:20:27.941+0000] {logging_mixin.py:190} INFO - [2024-09-26T00:20:27.940+0000] {dagbag.py:587} INFO - Filling up the DagBag from /opt/airflow/dags/project-beginning.py
[2024-09-26T00:20:27.958+0000] {processor.py:925} INFO - DAG(s) 'project_satelite' retrieved from /opt/airflow/dags/project-beginning.py
[2024-09-26T00:20:27.993+0000] {logging_mixin.py:190} INFO - [2024-09-26T00:20:27.993+0000] {dag.py:3211} INFO - Sync 1 DAGs
[2024-09-26T00:20:28.068+0000] {processor.py:208} INFO - Processing /opt/airflow/dags/project-beginning.py took 0.140 seconds
[2024-09-26T00:20:58.595+0000] {processor.py:186} INFO - Started process (PID=91) to work on /opt/airflow/dags/project-beginning.py
[2024-09-26T00:20:58.596+0000] {processor.py:914} INFO - Processing file /opt/airflow/dags/project-beginning.py for tasks to queue
[2024-09-26T00:20:58.599+0000] {logging_mixin.py:190} INFO - [2024-09-26T00:20:58.599+0000] {dagbag.py:587} INFO - Filling up the DagBag from /opt/airflow/dags/project-beginning.py
[2024-09-26T00:20:58.616+0000] {processor.py:925} INFO - DAG(s) 'project_satelite' retrieved from /opt/airflow/dags/project-beginning.py
[2024-09-26T00:20:58.659+0000] {logging_mixin.py:190} INFO - [2024-09-26T00:20:58.658+0000] {dag.py:3211} INFO - Sync 1 DAGs
[2024-09-26T00:20:58.745+0000] {processor.py:208} INFO - Processing /opt/airflow/dags/project-beginning.py took 0.159 seconds
[2024-09-26T00:21:29.297+0000] {processor.py:186} INFO - Started process (PID=100) to work on /opt/airflow/dags/project-beginning.py
[2024-09-26T00:21:29.298+0000] {processor.py:914} INFO - Processing file /opt/airflow/dags/project-beginning.py for tasks to queue
[2024-09-26T00:21:29.302+0000] {logging_mixin.py:190} INFO - [2024-09-26T00:21:29.301+0000] {dagbag.py:587} INFO - Filling up the DagBag from /opt/airflow/dags/project-beginning.py
[2024-09-26T00:21:29.319+0000] {processor.py:925} INFO - DAG(s) 'project_satelite' retrieved from /opt/airflow/dags/project-beginning.py
[2024-09-26T00:21:29.355+0000] {logging_mixin.py:190} INFO - [2024-09-26T00:21:29.355+0000] {dag.py:3211} INFO - Sync 1 DAGs
[2024-09-26T00:21:29.429+0000] {processor.py:208} INFO - Processing /opt/airflow/dags/project-beginning.py took 0.142 seconds
[2024-09-26T00:21:59.980+0000] {processor.py:186} INFO - Started process (PID=110) to work on /opt/airflow/dags/project-beginning.py
[2024-09-26T00:21:59.982+0000] {processor.py:914} INFO - Processing file /opt/airflow/dags/project-beginning.py for tasks to queue
[2024-09-26T00:21:59.986+0000] {logging_mixin.py:190} INFO - [2024-09-26T00:21:59.986+0000] {dagbag.py:587} INFO - Filling up the DagBag from /opt/airflow/dags/project-beginning.py
[2024-09-26T00:22:00.015+0000] {processor.py:925} INFO - DAG(s) 'project_satelite' retrieved from /opt/airflow/dags/project-beginning.py
[2024-09-26T00:22:00.063+0000] {logging_mixin.py:190} INFO - [2024-09-26T00:22:00.063+0000] {dag.py:3211} INFO - Sync 1 DAGs
[2024-09-26T00:22:00.152+0000] {processor.py:208} INFO - Processing /opt/airflow/dags/project-beginning.py took 0.187 seconds
[2024-09-26T00:22:30.719+0000] {processor.py:186} INFO - Started process (PID=120) to work on /opt/airflow/dags/project-beginning.py
[2024-09-26T00:22:30.721+0000] {processor.py:914} INFO - Processing file /opt/airflow/dags/project-beginning.py for tasks to queue
[2024-09-26T00:22:30.726+0000] {logging_mixin.py:190} INFO - [2024-09-26T00:22:30.725+0000] {dagbag.py:587} INFO - Filling up the DagBag from /opt/airflow/dags/project-beginning.py
[2024-09-26T00:22:30.751+0000] {processor.py:925} INFO - DAG(s) 'project_satelite' retrieved from /opt/airflow/dags/project-beginning.py
[2024-09-26T00:22:30.798+0000] {logging_mixin.py:190} INFO - [2024-09-26T00:22:30.797+0000] {dag.py:3211} INFO - Sync 1 DAGs
[2024-09-26T00:22:30.880+0000] {processor.py:208} INFO - Processing /opt/airflow/dags/project-beginning.py took 0.176 seconds
[2024-09-26T00:23:01.406+0000] {processor.py:186} INFO - Started process (PID=129) to work on /opt/airflow/dags/project-beginning.py
[2024-09-26T00:23:01.407+0000] {processor.py:914} INFO - Processing file /opt/airflow/dags/project-beginning.py for tasks to queue
[2024-09-26T00:23:01.410+0000] {logging_mixin.py:190} INFO - [2024-09-26T00:23:01.410+0000] {dagbag.py:587} INFO - Filling up the DagBag from /opt/airflow/dags/project-beginning.py
[2024-09-26T00:23:01.428+0000] {processor.py:925} INFO - DAG(s) 'project_satelite' retrieved from /opt/airflow/dags/project-beginning.py
[2024-09-26T00:23:01.463+0000] {logging_mixin.py:190} INFO - [2024-09-26T00:23:01.463+0000] {dag.py:3211} INFO - Sync 1 DAGs
[2024-09-26T00:23:01.532+0000] {processor.py:208} INFO - Processing /opt/airflow/dags/project-beginning.py took 0.138 seconds
[2024-09-26T00:23:32.022+0000] {processor.py:186} INFO - Started process (PID=138) to work on /opt/airflow/dags/project-beginning.py
[2024-09-26T00:23:32.023+0000] {processor.py:914} INFO - Processing file /opt/airflow/dags/project-beginning.py for tasks to queue
[2024-09-26T00:23:32.028+0000] {logging_mixin.py:190} INFO - [2024-09-26T00:23:32.027+0000] {dagbag.py:587} INFO - Filling up the DagBag from /opt/airflow/dags/project-beginning.py
[2024-09-26T00:23:32.051+0000] {processor.py:925} INFO - DAG(s) 'project_satelite' retrieved from /opt/airflow/dags/project-beginning.py
[2024-09-26T00:23:32.097+0000] {logging_mixin.py:190} INFO - [2024-09-26T00:23:32.096+0000] {dag.py:3211} INFO - Sync 1 DAGs
[2024-09-26T00:23:32.185+0000] {processor.py:208} INFO - Processing /opt/airflow/dags/project-beginning.py took 0.176 seconds
[2024-09-26T00:24:02.678+0000] {processor.py:186} INFO - Started process (PID=148) to work on /opt/airflow/dags/project-beginning.py
[2024-09-26T00:24:02.710+0000] {processor.py:914} INFO - Processing file /opt/airflow/dags/project-beginning.py for tasks to queue
[2024-09-26T00:24:02.714+0000] {logging_mixin.py:190} INFO - [2024-09-26T00:24:02.714+0000] {dagbag.py:587} INFO - Filling up the DagBag from /opt/airflow/dags/project-beginning.py
[2024-09-26T00:24:02.735+0000] {processor.py:925} INFO - DAG(s) 'project_satelite' retrieved from /opt/airflow/dags/project-beginning.py
[2024-09-26T00:24:02.795+0000] {logging_mixin.py:190} INFO - [2024-09-26T00:24:02.795+0000] {dag.py:3211} INFO - Sync 1 DAGs
[2024-09-26T00:24:02.920+0000] {processor.py:208} INFO - Processing /opt/airflow/dags/project-beginning.py took 0.253 seconds
[2024-09-26T00:24:33.591+0000] {processor.py:186} INFO - Started process (PID=157) to work on /opt/airflow/dags/project-beginning.py
[2024-09-26T00:24:33.592+0000] {processor.py:914} INFO - Processing file /opt/airflow/dags/project-beginning.py for tasks to queue
[2024-09-26T00:24:33.597+0000] {logging_mixin.py:190} INFO - [2024-09-26T00:24:33.596+0000] {dagbag.py:587} INFO - Filling up the DagBag from /opt/airflow/dags/project-beginning.py
[2024-09-26T00:24:33.626+0000] {processor.py:925} INFO - DAG(s) 'project_satelite' retrieved from /opt/airflow/dags/project-beginning.py
[2024-09-26T00:24:33.692+0000] {logging_mixin.py:190} INFO - [2024-09-26T00:24:33.692+0000] {dag.py:3211} INFO - Sync 1 DAGs
[2024-09-26T00:24:33.850+0000] {processor.py:208} INFO - Processing /opt/airflow/dags/project-beginning.py took 0.284 seconds
[2024-09-26T00:25:04.654+0000] {processor.py:186} INFO - Started process (PID=167) to work on /opt/airflow/dags/project-beginning.py
[2024-09-26T00:25:04.655+0000] {processor.py:914} INFO - Processing file /opt/airflow/dags/project-beginning.py for tasks to queue
[2024-09-26T00:25:04.658+0000] {logging_mixin.py:190} INFO - [2024-09-26T00:25:04.657+0000] {dagbag.py:587} INFO - Filling up the DagBag from /opt/airflow/dags/project-beginning.py
[2024-09-26T00:25:04.675+0000] {processor.py:925} INFO - DAG(s) 'project_satelite' retrieved from /opt/airflow/dags/project-beginning.py
[2024-09-26T00:25:04.708+0000] {logging_mixin.py:190} INFO - [2024-09-26T00:25:04.707+0000] {dag.py:3211} INFO - Sync 1 DAGs
[2024-09-26T00:25:04.781+0000] {processor.py:208} INFO - Processing /opt/airflow/dags/project-beginning.py took 0.139 seconds
[2024-09-26T00:25:35.294+0000] {processor.py:186} INFO - Started process (PID=177) to work on /opt/airflow/dags/project-beginning.py
[2024-09-26T00:25:35.316+0000] {processor.py:914} INFO - Processing file /opt/airflow/dags/project-beginning.py for tasks to queue
[2024-09-26T00:25:35.323+0000] {logging_mixin.py:190} INFO - [2024-09-26T00:25:35.322+0000] {dagbag.py:587} INFO - Filling up the DagBag from /opt/airflow/dags/project-beginning.py
[2024-09-26T00:25:35.351+0000] {processor.py:925} INFO - DAG(s) 'project_satelite' retrieved from /opt/airflow/dags/project-beginning.py
[2024-09-26T00:25:35.469+0000] {logging_mixin.py:190} INFO - [2024-09-26T00:25:35.468+0000] {dag.py:3211} INFO - Sync 1 DAGs
[2024-09-26T00:25:35.651+0000] {processor.py:208} INFO - Processing /opt/airflow/dags/project-beginning.py took 0.372 seconds
[2024-09-26T00:26:06.413+0000] {processor.py:186} INFO - Started process (PID=187) to work on /opt/airflow/dags/project-beginning.py
[2024-09-26T00:26:06.428+0000] {processor.py:914} INFO - Processing file /opt/airflow/dags/project-beginning.py for tasks to queue
[2024-09-26T00:26:06.431+0000] {logging_mixin.py:190} INFO - [2024-09-26T00:26:06.431+0000] {dagbag.py:587} INFO - Filling up the DagBag from /opt/airflow/dags/project-beginning.py
[2024-09-26T00:26:06.448+0000] {processor.py:925} INFO - DAG(s) 'project_satelite' retrieved from /opt/airflow/dags/project-beginning.py
[2024-09-26T00:26:06.492+0000] {logging_mixin.py:190} INFO - [2024-09-26T00:26:06.491+0000] {dag.py:3211} INFO - Sync 1 DAGs
[2024-09-26T00:26:06.648+0000] {processor.py:208} INFO - Processing /opt/airflow/dags/project-beginning.py took 0.246 seconds
[2024-09-26T00:26:37.226+0000] {processor.py:186} INFO - Started process (PID=197) to work on /opt/airflow/dags/project-beginning.py
[2024-09-26T00:26:37.252+0000] {processor.py:914} INFO - Processing file /opt/airflow/dags/project-beginning.py for tasks to queue
[2024-09-26T00:26:37.255+0000] {logging_mixin.py:190} INFO - [2024-09-26T00:26:37.255+0000] {dagbag.py:587} INFO - Filling up the DagBag from /opt/airflow/dags/project-beginning.py
[2024-09-26T00:26:37.282+0000] {processor.py:925} INFO - DAG(s) 'project_satelite' retrieved from /opt/airflow/dags/project-beginning.py
[2024-09-26T00:26:37.331+0000] {logging_mixin.py:190} INFO - [2024-09-26T00:26:37.331+0000] {dag.py:3211} INFO - Sync 1 DAGs
[2024-09-26T00:26:37.454+0000] {processor.py:208} INFO - Processing /opt/airflow/dags/project-beginning.py took 0.241 seconds
[2024-09-26T00:27:07.991+0000] {processor.py:186} INFO - Started process (PID=207) to work on /opt/airflow/dags/project-beginning.py
[2024-09-26T00:27:08.190+0000] {processor.py:914} INFO - Processing file /opt/airflow/dags/project-beginning.py for tasks to queue
[2024-09-26T00:27:08.194+0000] {logging_mixin.py:190} INFO - [2024-09-26T00:27:08.193+0000] {dagbag.py:587} INFO - Filling up the DagBag from /opt/airflow/dags/project-beginning.py
[2024-09-26T00:27:08.218+0000] {processor.py:925} INFO - DAG(s) 'project_satelite' retrieved from /opt/airflow/dags/project-beginning.py
[2024-09-26T00:27:08.256+0000] {logging_mixin.py:190} INFO - [2024-09-26T00:27:08.255+0000] {dag.py:3211} INFO - Sync 1 DAGs
[2024-09-26T00:27:08.332+0000] {processor.py:208} INFO - Processing /opt/airflow/dags/project-beginning.py took 0.357 seconds
[2024-09-26T00:27:38.816+0000] {processor.py:186} INFO - Started process (PID=217) to work on /opt/airflow/dags/project-beginning.py
[2024-09-26T00:27:38.892+0000] {processor.py:914} INFO - Processing file /opt/airflow/dags/project-beginning.py for tasks to queue
[2024-09-26T00:27:38.896+0000] {logging_mixin.py:190} INFO - [2024-09-26T00:27:38.895+0000] {dagbag.py:587} INFO - Filling up the DagBag from /opt/airflow/dags/project-beginning.py
[2024-09-26T00:27:38.917+0000] {processor.py:925} INFO - DAG(s) 'project_satelite' retrieved from /opt/airflow/dags/project-beginning.py
[2024-09-26T00:27:38.983+0000] {logging_mixin.py:190} INFO - [2024-09-26T00:27:38.982+0000] {dag.py:3211} INFO - Sync 1 DAGs
[2024-09-26T00:27:39.200+0000] {processor.py:208} INFO - Processing /opt/airflow/dags/project-beginning.py took 0.392 seconds
[2024-09-26T00:28:09.907+0000] {processor.py:186} INFO - Started process (PID=232) to work on /opt/airflow/dags/project-beginning.py
[2024-09-26T00:28:09.938+0000] {processor.py:914} INFO - Processing file /opt/airflow/dags/project-beginning.py for tasks to queue
[2024-09-26T00:28:09.943+0000] {logging_mixin.py:190} INFO - [2024-09-26T00:28:09.942+0000] {dagbag.py:587} INFO - Filling up the DagBag from /opt/airflow/dags/project-beginning.py
[2024-09-26T00:28:09.968+0000] {processor.py:925} INFO - DAG(s) 'project_satelite' retrieved from /opt/airflow/dags/project-beginning.py
[2024-09-26T00:28:10.022+0000] {logging_mixin.py:190} INFO - [2024-09-26T00:28:10.021+0000] {dag.py:3211} INFO - Sync 1 DAGs
[2024-09-26T00:28:10.129+0000] {processor.py:208} INFO - Processing /opt/airflow/dags/project-beginning.py took 0.236 seconds
[2024-09-26T00:28:40.703+0000] {processor.py:186} INFO - Started process (PID=242) to work on /opt/airflow/dags/project-beginning.py
[2024-09-26T00:28:40.718+0000] {processor.py:914} INFO - Processing file /opt/airflow/dags/project-beginning.py for tasks to queue
[2024-09-26T00:28:40.723+0000] {logging_mixin.py:190} INFO - [2024-09-26T00:28:40.722+0000] {dagbag.py:587} INFO - Filling up the DagBag from /opt/airflow/dags/project-beginning.py
[2024-09-26T00:28:40.747+0000] {processor.py:925} INFO - DAG(s) 'project_satelite' retrieved from /opt/airflow/dags/project-beginning.py
[2024-09-26T00:28:40.804+0000] {logging_mixin.py:190} INFO - [2024-09-26T00:28:40.804+0000] {dag.py:3211} INFO - Sync 1 DAGs
[2024-09-26T00:28:40.915+0000] {processor.py:208} INFO - Processing /opt/airflow/dags/project-beginning.py took 0.225 seconds
[2024-09-26T00:29:11.426+0000] {processor.py:186} INFO - Started process (PID=251) to work on /opt/airflow/dags/project-beginning.py
[2024-09-26T00:29:11.442+0000] {processor.py:914} INFO - Processing file /opt/airflow/dags/project-beginning.py for tasks to queue
[2024-09-26T00:29:11.446+0000] {logging_mixin.py:190} INFO - [2024-09-26T00:29:11.445+0000] {dagbag.py:587} INFO - Filling up the DagBag from /opt/airflow/dags/project-beginning.py
[2024-09-26T00:29:11.466+0000] {processor.py:925} INFO - DAG(s) 'project_satelite' retrieved from /opt/airflow/dags/project-beginning.py
[2024-09-26T00:29:11.510+0000] {logging_mixin.py:190} INFO - [2024-09-26T00:29:11.510+0000] {dag.py:3211} INFO - Sync 1 DAGs
[2024-09-26T00:29:11.593+0000] {processor.py:208} INFO - Processing /opt/airflow/dags/project-beginning.py took 0.180 seconds
[2024-09-26T00:29:42.294+0000] {processor.py:186} INFO - Started process (PID=261) to work on /opt/airflow/dags/project-beginning.py
[2024-09-26T00:29:42.298+0000] {processor.py:914} INFO - Processing file /opt/airflow/dags/project-beginning.py for tasks to queue
[2024-09-26T00:29:42.306+0000] {logging_mixin.py:190} INFO - [2024-09-26T00:29:42.304+0000] {dagbag.py:587} INFO - Filling up the DagBag from /opt/airflow/dags/project-beginning.py
[2024-09-26T00:29:42.335+0000] {processor.py:925} INFO - DAG(s) 'project_satelite' retrieved from /opt/airflow/dags/project-beginning.py
[2024-09-26T00:29:42.391+0000] {logging_mixin.py:190} INFO - [2024-09-26T00:29:42.391+0000] {dag.py:3211} INFO - Sync 1 DAGs
[2024-09-26T00:29:42.525+0000] {processor.py:208} INFO - Processing /opt/airflow/dags/project-beginning.py took 0.246 seconds
[2024-09-26T00:30:13.128+0000] {processor.py:186} INFO - Started process (PID=271) to work on /opt/airflow/dags/project-beginning.py
[2024-09-26T00:30:13.152+0000] {processor.py:914} INFO - Processing file /opt/airflow/dags/project-beginning.py for tasks to queue
[2024-09-26T00:30:13.157+0000] {logging_mixin.py:190} INFO - [2024-09-26T00:30:13.157+0000] {dagbag.py:587} INFO - Filling up the DagBag from /opt/airflow/dags/project-beginning.py
[2024-09-26T00:30:13.195+0000] {processor.py:925} INFO - DAG(s) 'project_satelite' retrieved from /opt/airflow/dags/project-beginning.py
[2024-09-26T00:30:13.250+0000] {logging_mixin.py:190} INFO - [2024-09-26T00:30:13.249+0000] {dag.py:3211} INFO - Sync 1 DAGs
[2024-09-26T00:30:13.331+0000] {processor.py:208} INFO - Processing /opt/airflow/dags/project-beginning.py took 0.229 seconds
[2024-09-26T00:30:43.996+0000] {processor.py:186} INFO - Started process (PID=281) to work on /opt/airflow/dags/project-beginning.py
[2024-09-26T00:30:44.118+0000] {processor.py:914} INFO - Processing file /opt/airflow/dags/project-beginning.py for tasks to queue
[2024-09-26T00:30:44.121+0000] {logging_mixin.py:190} INFO - [2024-09-26T00:30:44.121+0000] {dagbag.py:587} INFO - Filling up the DagBag from /opt/airflow/dags/project-beginning.py
[2024-09-26T00:30:44.141+0000] {processor.py:925} INFO - DAG(s) 'project_satelite' retrieved from /opt/airflow/dags/project-beginning.py
[2024-09-26T00:30:44.186+0000] {logging_mixin.py:190} INFO - [2024-09-26T00:30:44.185+0000] {dag.py:3211} INFO - Sync 1 DAGs
[2024-09-26T00:30:44.274+0000] {processor.py:208} INFO - Processing /opt/airflow/dags/project-beginning.py took 0.290 seconds
[2024-09-26T00:31:14.751+0000] {processor.py:186} INFO - Started process (PID=291) to work on /opt/airflow/dags/project-beginning.py
[2024-09-26T00:31:14.809+0000] {processor.py:914} INFO - Processing file /opt/airflow/dags/project-beginning.py for tasks to queue
[2024-09-26T00:31:14.814+0000] {logging_mixin.py:190} INFO - [2024-09-26T00:31:14.813+0000] {dagbag.py:587} INFO - Filling up the DagBag from /opt/airflow/dags/project-beginning.py
[2024-09-26T00:31:14.837+0000] {processor.py:925} INFO - DAG(s) 'project_satelite' retrieved from /opt/airflow/dags/project-beginning.py
[2024-09-26T00:31:14.879+0000] {logging_mixin.py:190} INFO - [2024-09-26T00:31:14.878+0000] {dag.py:3211} INFO - Sync 1 DAGs
[2024-09-26T00:31:15.004+0000] {processor.py:208} INFO - Processing /opt/airflow/dags/project-beginning.py took 0.264 seconds
[2024-09-26T00:31:45.513+0000] {processor.py:186} INFO - Started process (PID=301) to work on /opt/airflow/dags/project-beginning.py
[2024-09-26T00:31:45.969+0000] {processor.py:914} INFO - Processing file /opt/airflow/dags/project-beginning.py for tasks to queue
[2024-09-26T00:31:45.993+0000] {logging_mixin.py:190} INFO - [2024-09-26T00:31:45.986+0000] {dagbag.py:587} INFO - Filling up the DagBag from /opt/airflow/dags/project-beginning.py
[2024-09-26T00:31:46.083+0000] {processor.py:925} INFO - DAG(s) 'project_satelite' retrieved from /opt/airflow/dags/project-beginning.py
[2024-09-26T00:31:46.189+0000] {logging_mixin.py:190} INFO - [2024-09-26T00:31:46.184+0000] {dag.py:3211} INFO - Sync 1 DAGs
[2024-09-26T00:31:46.305+0000] {processor.py:208} INFO - Processing /opt/airflow/dags/project-beginning.py took 0.809 seconds
[2024-09-26T00:32:17.114+0000] {processor.py:186} INFO - Started process (PID=311) to work on /opt/airflow/dags/project-beginning.py
[2024-09-26T00:32:17.137+0000] {processor.py:914} INFO - Processing file /opt/airflow/dags/project-beginning.py for tasks to queue
[2024-09-26T00:32:17.142+0000] {logging_mixin.py:190} INFO - [2024-09-26T00:32:17.141+0000] {dagbag.py:587} INFO - Filling up the DagBag from /opt/airflow/dags/project-beginning.py
[2024-09-26T00:32:17.171+0000] {processor.py:925} INFO - DAG(s) 'project_satelite' retrieved from /opt/airflow/dags/project-beginning.py
[2024-09-26T00:32:17.223+0000] {logging_mixin.py:190} INFO - [2024-09-26T00:32:17.223+0000] {dag.py:3211} INFO - Sync 1 DAGs
[2024-09-26T00:32:17.328+0000] {processor.py:208} INFO - Processing /opt/airflow/dags/project-beginning.py took 0.231 seconds
[2024-09-26T00:32:47.977+0000] {processor.py:186} INFO - Started process (PID=321) to work on /opt/airflow/dags/project-beginning.py
[2024-09-26T00:32:47.983+0000] {processor.py:914} INFO - Processing file /opt/airflow/dags/project-beginning.py for tasks to queue
[2024-09-26T00:32:47.987+0000] {logging_mixin.py:190} INFO - [2024-09-26T00:32:47.987+0000] {dagbag.py:587} INFO - Filling up the DagBag from /opt/airflow/dags/project-beginning.py
[2024-09-26T00:32:48.010+0000] {processor.py:925} INFO - DAG(s) 'project_satelite' retrieved from /opt/airflow/dags/project-beginning.py
[2024-09-26T00:32:48.049+0000] {logging_mixin.py:190} INFO - [2024-09-26T00:32:48.048+0000] {dag.py:3211} INFO - Sync 1 DAGs
[2024-09-26T00:32:48.187+0000] {processor.py:208} INFO - Processing /opt/airflow/dags/project-beginning.py took 0.223 seconds
[2024-09-26T00:33:18.552+0000] {processor.py:186} INFO - Started process (PID=331) to work on /opt/airflow/dags/project-beginning.py
[2024-09-26T00:33:18.554+0000] {processor.py:914} INFO - Processing file /opt/airflow/dags/project-beginning.py for tasks to queue
[2024-09-26T00:33:18.559+0000] {logging_mixin.py:190} INFO - [2024-09-26T00:33:18.558+0000] {dagbag.py:587} INFO - Filling up the DagBag from /opt/airflow/dags/project-beginning.py
[2024-09-26T00:33:18.584+0000] {processor.py:925} INFO - DAG(s) 'project_satelite' retrieved from /opt/airflow/dags/project-beginning.py
[2024-09-26T00:33:18.641+0000] {logging_mixin.py:190} INFO - [2024-09-26T00:33:18.640+0000] {dag.py:3211} INFO - Sync 1 DAGs
[2024-09-26T00:33:18.739+0000] {processor.py:208} INFO - Processing /opt/airflow/dags/project-beginning.py took 0.202 seconds
[2024-09-26T00:33:49.024+0000] {processor.py:186} INFO - Started process (PID=341) to work on /opt/airflow/dags/project-beginning.py
[2024-09-26T00:33:49.026+0000] {processor.py:914} INFO - Processing file /opt/airflow/dags/project-beginning.py for tasks to queue
[2024-09-26T00:33:49.038+0000] {logging_mixin.py:190} INFO - [2024-09-26T00:33:49.037+0000] {dagbag.py:587} INFO - Filling up the DagBag from /opt/airflow/dags/project-beginning.py
[2024-09-26T00:33:49.101+0000] {processor.py:925} INFO - DAG(s) 'project_satelite' retrieved from /opt/airflow/dags/project-beginning.py
[2024-09-26T00:33:49.181+0000] {logging_mixin.py:190} INFO - [2024-09-26T00:33:49.180+0000] {dag.py:3211} INFO - Sync 1 DAGs
[2024-09-26T00:33:49.309+0000] {processor.py:208} INFO - Processing /opt/airflow/dags/project-beginning.py took 0.306 seconds
[2024-09-26T00:34:19.862+0000] {processor.py:186} INFO - Started process (PID=351) to work on /opt/airflow/dags/project-beginning.py
[2024-09-26T00:34:19.864+0000] {processor.py:914} INFO - Processing file /opt/airflow/dags/project-beginning.py for tasks to queue
[2024-09-26T00:34:19.871+0000] {logging_mixin.py:190} INFO - [2024-09-26T00:34:19.870+0000] {dagbag.py:587} INFO - Filling up the DagBag from /opt/airflow/dags/project-beginning.py
[2024-09-26T00:34:19.895+0000] {processor.py:925} INFO - DAG(s) 'project_satelite' retrieved from /opt/airflow/dags/project-beginning.py
[2024-09-26T00:34:19.944+0000] {logging_mixin.py:190} INFO - [2024-09-26T00:34:19.943+0000] {dag.py:3211} INFO - Sync 1 DAGs
[2024-09-26T00:34:20.029+0000] {processor.py:208} INFO - Processing /opt/airflow/dags/project-beginning.py took 0.181 seconds
[2024-09-26T00:34:50.358+0000] {processor.py:186} INFO - Started process (PID=361) to work on /opt/airflow/dags/project-beginning.py
[2024-09-26T00:34:50.360+0000] {processor.py:914} INFO - Processing file /opt/airflow/dags/project-beginning.py for tasks to queue
[2024-09-26T00:34:50.363+0000] {logging_mixin.py:190} INFO - [2024-09-26T00:34:50.362+0000] {dagbag.py:587} INFO - Filling up the DagBag from /opt/airflow/dags/project-beginning.py
[2024-09-26T00:34:50.387+0000] {processor.py:925} INFO - DAG(s) 'project_satelite' retrieved from /opt/airflow/dags/project-beginning.py
[2024-09-26T00:34:50.436+0000] {logging_mixin.py:190} INFO - [2024-09-26T00:34:50.435+0000] {dag.py:3211} INFO - Sync 1 DAGs
[2024-09-26T00:34:50.518+0000] {processor.py:208} INFO - Processing /opt/airflow/dags/project-beginning.py took 0.171 seconds
[2024-09-26T00:35:20.802+0000] {processor.py:186} INFO - Started process (PID=371) to work on /opt/airflow/dags/project-beginning.py
[2024-09-26T00:35:20.811+0000] {processor.py:914} INFO - Processing file /opt/airflow/dags/project-beginning.py for tasks to queue
[2024-09-26T00:35:20.816+0000] {logging_mixin.py:190} INFO - [2024-09-26T00:35:20.815+0000] {dagbag.py:587} INFO - Filling up the DagBag from /opt/airflow/dags/project-beginning.py
[2024-09-26T00:35:20.841+0000] {processor.py:925} INFO - DAG(s) 'project_satelite' retrieved from /opt/airflow/dags/project-beginning.py
[2024-09-26T00:35:20.890+0000] {logging_mixin.py:190} INFO - [2024-09-26T00:35:20.890+0000] {dag.py:3211} INFO - Sync 1 DAGs
[2024-09-26T00:35:20.997+0000] {processor.py:208} INFO - Processing /opt/airflow/dags/project-beginning.py took 0.207 seconds
[2024-09-26T00:35:51.284+0000] {processor.py:186} INFO - Started process (PID=381) to work on /opt/airflow/dags/project-beginning.py
[2024-09-26T00:35:51.286+0000] {processor.py:914} INFO - Processing file /opt/airflow/dags/project-beginning.py for tasks to queue
[2024-09-26T00:35:51.290+0000] {logging_mixin.py:190} INFO - [2024-09-26T00:35:51.289+0000] {dagbag.py:587} INFO - Filling up the DagBag from /opt/airflow/dags/project-beginning.py
[2024-09-26T00:35:51.314+0000] {processor.py:925} INFO - DAG(s) 'project_satelite' retrieved from /opt/airflow/dags/project-beginning.py
[2024-09-26T00:35:51.433+0000] {logging_mixin.py:190} INFO - [2024-09-26T00:35:51.433+0000] {dag.py:3211} INFO - Sync 1 DAGs
[2024-09-26T00:35:51.564+0000] {processor.py:208} INFO - Processing /opt/airflow/dags/project-beginning.py took 0.291 seconds
[2024-09-26T00:36:21.854+0000] {processor.py:186} INFO - Started process (PID=391) to work on /opt/airflow/dags/project-beginning.py
[2024-09-26T00:36:21.882+0000] {processor.py:914} INFO - Processing file /opt/airflow/dags/project-beginning.py for tasks to queue
[2024-09-26T00:36:21.887+0000] {logging_mixin.py:190} INFO - [2024-09-26T00:36:21.887+0000] {dagbag.py:587} INFO - Filling up the DagBag from /opt/airflow/dags/project-beginning.py
[2024-09-26T00:36:21.908+0000] {processor.py:925} INFO - DAG(s) 'project_satelite' retrieved from /opt/airflow/dags/project-beginning.py
[2024-09-26T00:36:21.954+0000] {logging_mixin.py:190} INFO - [2024-09-26T00:36:21.953+0000] {dag.py:3211} INFO - Sync 1 DAGs
[2024-09-26T00:36:22.047+0000] {processor.py:208} INFO - Processing /opt/airflow/dags/project-beginning.py took 0.205 seconds
[2024-09-26T00:36:52.374+0000] {processor.py:186} INFO - Started process (PID=400) to work on /opt/airflow/dags/project-beginning.py
[2024-09-26T00:36:52.396+0000] {processor.py:914} INFO - Processing file /opt/airflow/dags/project-beginning.py for tasks to queue
[2024-09-26T00:36:52.401+0000] {logging_mixin.py:190} INFO - [2024-09-26T00:36:52.400+0000] {dagbag.py:587} INFO - Filling up the DagBag from /opt/airflow/dags/project-beginning.py
[2024-09-26T00:36:52.437+0000] {processor.py:925} INFO - DAG(s) 'project_satelite' retrieved from /opt/airflow/dags/project-beginning.py
[2024-09-26T00:36:52.543+0000] {logging_mixin.py:190} INFO - [2024-09-26T00:36:52.542+0000] {dag.py:3211} INFO - Sync 1 DAGs
[2024-09-26T00:36:52.734+0000] {processor.py:208} INFO - Processing /opt/airflow/dags/project-beginning.py took 0.386 seconds
[2024-09-26T00:37:23.446+0000] {processor.py:186} INFO - Started process (PID=409) to work on /opt/airflow/dags/project-beginning.py
[2024-09-26T00:37:23.448+0000] {processor.py:914} INFO - Processing file /opt/airflow/dags/project-beginning.py for tasks to queue
[2024-09-26T00:37:23.458+0000] {logging_mixin.py:190} INFO - [2024-09-26T00:37:23.457+0000] {dagbag.py:587} INFO - Filling up the DagBag from /opt/airflow/dags/project-beginning.py
[2024-09-26T00:37:23.510+0000] {processor.py:925} INFO - DAG(s) 'project_satelite' retrieved from /opt/airflow/dags/project-beginning.py
[2024-09-26T00:37:23.584+0000] {logging_mixin.py:190} INFO - [2024-09-26T00:37:23.583+0000] {dag.py:3211} INFO - Sync 1 DAGs
[2024-09-26T00:37:23.777+0000] {processor.py:208} INFO - Processing /opt/airflow/dags/project-beginning.py took 0.374 seconds
[2024-09-26T00:37:54.557+0000] {processor.py:186} INFO - Started process (PID=419) to work on /opt/airflow/dags/project-beginning.py
[2024-09-26T00:37:54.558+0000] {processor.py:914} INFO - Processing file /opt/airflow/dags/project-beginning.py for tasks to queue
[2024-09-26T00:37:54.563+0000] {logging_mixin.py:190} INFO - [2024-09-26T00:37:54.562+0000] {dagbag.py:587} INFO - Filling up the DagBag from /opt/airflow/dags/project-beginning.py
[2024-09-26T00:37:54.587+0000] {processor.py:925} INFO - DAG(s) 'project_satelite' retrieved from /opt/airflow/dags/project-beginning.py
[2024-09-26T00:37:54.650+0000] {logging_mixin.py:190} INFO - [2024-09-26T00:37:54.649+0000] {dag.py:3211} INFO - Sync 1 DAGs
[2024-09-26T00:37:54.750+0000] {processor.py:208} INFO - Processing /opt/airflow/dags/project-beginning.py took 0.207 seconds
[2024-09-26T00:38:25.269+0000] {processor.py:186} INFO - Started process (PID=429) to work on /opt/airflow/dags/project-beginning.py
[2024-09-26T00:38:25.311+0000] {processor.py:914} INFO - Processing file /opt/airflow/dags/project-beginning.py for tasks to queue
[2024-09-26T00:38:25.316+0000] {logging_mixin.py:190} INFO - [2024-09-26T00:38:25.315+0000] {dagbag.py:587} INFO - Filling up the DagBag from /opt/airflow/dags/project-beginning.py
[2024-09-26T00:38:25.354+0000] {processor.py:925} INFO - DAG(s) 'project_satelite' retrieved from /opt/airflow/dags/project-beginning.py
[2024-09-26T00:38:25.437+0000] {logging_mixin.py:190} INFO - [2024-09-26T00:38:25.436+0000] {dag.py:3211} INFO - Sync 1 DAGs
[2024-09-26T00:38:25.553+0000] {processor.py:208} INFO - Processing /opt/airflow/dags/project-beginning.py took 0.300 seconds
[2024-09-26T00:38:56.107+0000] {processor.py:186} INFO - Started process (PID=439) to work on /opt/airflow/dags/project-beginning.py
[2024-09-26T00:38:56.108+0000] {processor.py:914} INFO - Processing file /opt/airflow/dags/project-beginning.py for tasks to queue
[2024-09-26T00:38:56.113+0000] {logging_mixin.py:190} INFO - [2024-09-26T00:38:56.113+0000] {dagbag.py:587} INFO - Filling up the DagBag from /opt/airflow/dags/project-beginning.py
[2024-09-26T00:38:56.140+0000] {processor.py:925} INFO - DAG(s) 'project_satelite' retrieved from /opt/airflow/dags/project-beginning.py
[2024-09-26T00:38:56.222+0000] {logging_mixin.py:190} INFO - [2024-09-26T00:38:56.222+0000] {dag.py:3211} INFO - Sync 1 DAGs
[2024-09-26T00:38:56.346+0000] {processor.py:208} INFO - Processing /opt/airflow/dags/project-beginning.py took 0.252 seconds
[2024-09-26T00:39:27.078+0000] {processor.py:186} INFO - Started process (PID=448) to work on /opt/airflow/dags/project-beginning.py
[2024-09-26T00:39:27.104+0000] {processor.py:914} INFO - Processing file /opt/airflow/dags/project-beginning.py for tasks to queue
[2024-09-26T00:39:27.108+0000] {logging_mixin.py:190} INFO - [2024-09-26T00:39:27.108+0000] {dagbag.py:587} INFO - Filling up the DagBag from /opt/airflow/dags/project-beginning.py
[2024-09-26T00:39:27.154+0000] {processor.py:925} INFO - DAG(s) 'project_satelite' retrieved from /opt/airflow/dags/project-beginning.py
[2024-09-26T00:39:27.237+0000] {logging_mixin.py:190} INFO - [2024-09-26T00:39:27.236+0000] {dag.py:3211} INFO - Sync 1 DAGs
[2024-09-26T00:39:27.462+0000] {processor.py:208} INFO - Processing /opt/airflow/dags/project-beginning.py took 0.407 seconds
[2024-09-26T00:39:58.155+0000] {processor.py:186} INFO - Started process (PID=458) to work on /opt/airflow/dags/project-beginning.py
[2024-09-26T00:39:58.162+0000] {processor.py:914} INFO - Processing file /opt/airflow/dags/project-beginning.py for tasks to queue
[2024-09-26T00:39:58.166+0000] {logging_mixin.py:190} INFO - [2024-09-26T00:39:58.165+0000] {dagbag.py:587} INFO - Filling up the DagBag from /opt/airflow/dags/project-beginning.py
[2024-09-26T00:39:58.189+0000] {processor.py:925} INFO - DAG(s) 'project_satelite' retrieved from /opt/airflow/dags/project-beginning.py
[2024-09-26T00:39:58.241+0000] {logging_mixin.py:190} INFO - [2024-09-26T00:39:58.241+0000] {dag.py:3211} INFO - Sync 1 DAGs
[2024-09-26T00:39:58.341+0000] {processor.py:208} INFO - Processing /opt/airflow/dags/project-beginning.py took 0.196 seconds
[2024-09-26T00:40:28.887+0000] {processor.py:186} INFO - Started process (PID=468) to work on /opt/airflow/dags/project-beginning.py
[2024-09-26T00:40:28.907+0000] {processor.py:914} INFO - Processing file /opt/airflow/dags/project-beginning.py for tasks to queue
[2024-09-26T00:40:28.911+0000] {logging_mixin.py:190} INFO - [2024-09-26T00:40:28.910+0000] {dagbag.py:587} INFO - Filling up the DagBag from /opt/airflow/dags/project-beginning.py
[2024-09-26T00:40:28.927+0000] {processor.py:925} INFO - DAG(s) 'project_satelite' retrieved from /opt/airflow/dags/project-beginning.py
[2024-09-26T00:40:28.974+0000] {logging_mixin.py:190} INFO - [2024-09-26T00:40:28.973+0000] {dag.py:3211} INFO - Sync 1 DAGs
[2024-09-26T00:40:29.114+0000] {processor.py:208} INFO - Processing /opt/airflow/dags/project-beginning.py took 0.239 seconds
[2024-09-26T00:40:59.720+0000] {processor.py:186} INFO - Started process (PID=479) to work on /opt/airflow/dags/project-beginning.py
[2024-09-26T00:40:59.731+0000] {processor.py:914} INFO - Processing file /opt/airflow/dags/project-beginning.py for tasks to queue
[2024-09-26T00:40:59.736+0000] {logging_mixin.py:190} INFO - [2024-09-26T00:40:59.735+0000] {dagbag.py:587} INFO - Filling up the DagBag from /opt/airflow/dags/project-beginning.py
[2024-09-26T00:40:59.764+0000] {processor.py:925} INFO - DAG(s) 'project_satelite' retrieved from /opt/airflow/dags/project-beginning.py
[2024-09-26T00:40:59.816+0000] {logging_mixin.py:190} INFO - [2024-09-26T00:40:59.815+0000] {dag.py:3211} INFO - Sync 1 DAGs
[2024-09-26T00:40:59.942+0000] {processor.py:208} INFO - Processing /opt/airflow/dags/project-beginning.py took 0.234 seconds
[2024-09-26T00:41:30.267+0000] {processor.py:186} INFO - Started process (PID=489) to work on /opt/airflow/dags/project-beginning.py
[2024-09-26T00:41:30.289+0000] {processor.py:914} INFO - Processing file /opt/airflow/dags/project-beginning.py for tasks to queue
[2024-09-26T00:41:30.294+0000] {logging_mixin.py:190} INFO - [2024-09-26T00:41:30.293+0000] {dagbag.py:587} INFO - Filling up the DagBag from /opt/airflow/dags/project-beginning.py
[2024-09-26T00:41:30.320+0000] {processor.py:925} INFO - DAG(s) 'project_satelite' retrieved from /opt/airflow/dags/project-beginning.py
[2024-09-26T00:41:30.365+0000] {logging_mixin.py:190} INFO - [2024-09-26T00:41:30.364+0000] {dag.py:3211} INFO - Sync 1 DAGs
[2024-09-26T00:41:30.455+0000] {processor.py:208} INFO - Processing /opt/airflow/dags/project-beginning.py took 0.203 seconds
[2024-09-26T00:42:00.984+0000] {processor.py:186} INFO - Started process (PID=499) to work on /opt/airflow/dags/project-beginning.py
[2024-09-26T00:42:00.985+0000] {processor.py:914} INFO - Processing file /opt/airflow/dags/project-beginning.py for tasks to queue
[2024-09-26T00:42:00.990+0000] {logging_mixin.py:190} INFO - [2024-09-26T00:42:00.989+0000] {dagbag.py:587} INFO - Filling up the DagBag from /opt/airflow/dags/project-beginning.py
[2024-09-26T00:42:01.015+0000] {processor.py:925} INFO - DAG(s) 'project_satelite' retrieved from /opt/airflow/dags/project-beginning.py
[2024-09-26T00:42:01.062+0000] {logging_mixin.py:190} INFO - [2024-09-26T00:42:01.062+0000] {dag.py:3211} INFO - Sync 1 DAGs
[2024-09-26T00:42:01.163+0000] {processor.py:208} INFO - Processing /opt/airflow/dags/project-beginning.py took 0.193 seconds
[2024-09-26T00:42:31.642+0000] {processor.py:186} INFO - Started process (PID=509) to work on /opt/airflow/dags/project-beginning.py
[2024-09-26T00:42:31.654+0000] {processor.py:914} INFO - Processing file /opt/airflow/dags/project-beginning.py for tasks to queue
[2024-09-26T00:42:31.658+0000] {logging_mixin.py:190} INFO - [2024-09-26T00:42:31.657+0000] {dagbag.py:587} INFO - Filling up the DagBag from /opt/airflow/dags/project-beginning.py
[2024-09-26T00:42:31.679+0000] {processor.py:925} INFO - DAG(s) 'project_satelite' retrieved from /opt/airflow/dags/project-beginning.py
[2024-09-26T00:42:31.726+0000] {logging_mixin.py:190} INFO - [2024-09-26T00:42:31.725+0000] {dag.py:3211} INFO - Sync 1 DAGs
[2024-09-26T00:42:31.822+0000] {processor.py:208} INFO - Processing /opt/airflow/dags/project-beginning.py took 0.193 seconds
[2024-09-26T00:43:02.118+0000] {processor.py:186} INFO - Started process (PID=520) to work on /opt/airflow/dags/project-beginning.py
[2024-09-26T00:43:02.119+0000] {processor.py:914} INFO - Processing file /opt/airflow/dags/project-beginning.py for tasks to queue
[2024-09-26T00:43:02.124+0000] {logging_mixin.py:190} INFO - [2024-09-26T00:43:02.123+0000] {dagbag.py:587} INFO - Filling up the DagBag from /opt/airflow/dags/project-beginning.py
[2024-09-26T00:43:02.145+0000] {processor.py:925} INFO - DAG(s) 'project_satelite' retrieved from /opt/airflow/dags/project-beginning.py
[2024-09-26T00:43:02.198+0000] {logging_mixin.py:190} INFO - [2024-09-26T00:43:02.198+0000] {dag.py:3211} INFO - Sync 1 DAGs
[2024-09-26T00:43:02.325+0000] {processor.py:208} INFO - Processing /opt/airflow/dags/project-beginning.py took 0.219 seconds
[2024-09-26T00:43:32.851+0000] {processor.py:186} INFO - Started process (PID=529) to work on /opt/airflow/dags/project-beginning.py
[2024-09-26T00:43:32.885+0000] {processor.py:914} INFO - Processing file /opt/airflow/dags/project-beginning.py for tasks to queue
[2024-09-26T00:43:32.890+0000] {logging_mixin.py:190} INFO - [2024-09-26T00:43:32.889+0000] {dagbag.py:587} INFO - Filling up the DagBag from /opt/airflow/dags/project-beginning.py
[2024-09-26T00:43:32.922+0000] {processor.py:925} INFO - DAG(s) 'project_satelite' retrieved from /opt/airflow/dags/project-beginning.py
[2024-09-26T00:43:32.977+0000] {logging_mixin.py:190} INFO - [2024-09-26T00:43:32.976+0000] {dag.py:3211} INFO - Sync 1 DAGs
[2024-09-26T00:43:33.080+0000] {processor.py:208} INFO - Processing /opt/airflow/dags/project-beginning.py took 0.242 seconds
[2024-09-26T00:44:03.643+0000] {processor.py:186} INFO - Started process (PID=539) to work on /opt/airflow/dags/project-beginning.py
[2024-09-26T00:44:03.645+0000] {processor.py:914} INFO - Processing file /opt/airflow/dags/project-beginning.py for tasks to queue
[2024-09-26T00:44:03.649+0000] {logging_mixin.py:190} INFO - [2024-09-26T00:44:03.648+0000] {dagbag.py:587} INFO - Filling up the DagBag from /opt/airflow/dags/project-beginning.py
[2024-09-26T00:44:03.671+0000] {processor.py:925} INFO - DAG(s) 'project_satelite' retrieved from /opt/airflow/dags/project-beginning.py
[2024-09-26T00:44:03.718+0000] {logging_mixin.py:190} INFO - [2024-09-26T00:44:03.718+0000] {dag.py:3211} INFO - Sync 1 DAGs
[2024-09-26T00:44:03.812+0000] {processor.py:208} INFO - Processing /opt/airflow/dags/project-beginning.py took 0.186 seconds
[2024-09-26T00:44:34.407+0000] {processor.py:186} INFO - Started process (PID=549) to work on /opt/airflow/dags/project-beginning.py
[2024-09-26T00:44:34.417+0000] {processor.py:914} INFO - Processing file /opt/airflow/dags/project-beginning.py for tasks to queue
[2024-09-26T00:44:34.422+0000] {logging_mixin.py:190} INFO - [2024-09-26T00:44:34.421+0000] {dagbag.py:587} INFO - Filling up the DagBag from /opt/airflow/dags/project-beginning.py
[2024-09-26T00:44:34.448+0000] {processor.py:925} INFO - DAG(s) 'project_satelite' retrieved from /opt/airflow/dags/project-beginning.py
[2024-09-26T00:44:34.502+0000] {logging_mixin.py:190} INFO - [2024-09-26T00:44:34.501+0000] {dag.py:3211} INFO - Sync 1 DAGs
[2024-09-26T00:44:34.650+0000] {processor.py:208} INFO - Processing /opt/airflow/dags/project-beginning.py took 0.260 seconds
[2024-09-26T00:45:05.083+0000] {processor.py:186} INFO - Started process (PID=558) to work on /opt/airflow/dags/project-beginning.py
[2024-09-26T00:45:05.085+0000] {processor.py:914} INFO - Processing file /opt/airflow/dags/project-beginning.py for tasks to queue
[2024-09-26T00:45:05.089+0000] {logging_mixin.py:190} INFO - [2024-09-26T00:45:05.088+0000] {dagbag.py:587} INFO - Filling up the DagBag from /opt/airflow/dags/project-beginning.py
[2024-09-26T00:45:05.116+0000] {processor.py:925} INFO - DAG(s) 'project_satelite' retrieved from /opt/airflow/dags/project-beginning.py
[2024-09-26T00:45:05.167+0000] {logging_mixin.py:190} INFO - [2024-09-26T00:45:05.166+0000] {dag.py:3211} INFO - Sync 1 DAGs
[2024-09-26T00:45:05.300+0000] {processor.py:208} INFO - Processing /opt/airflow/dags/project-beginning.py took 0.232 seconds
[2024-09-26T00:45:35.838+0000] {processor.py:186} INFO - Started process (PID=568) to work on /opt/airflow/dags/project-beginning.py
[2024-09-26T00:45:35.854+0000] {processor.py:914} INFO - Processing file /opt/airflow/dags/project-beginning.py for tasks to queue
[2024-09-26T00:45:35.859+0000] {logging_mixin.py:190} INFO - [2024-09-26T00:45:35.858+0000] {dagbag.py:587} INFO - Filling up the DagBag from /opt/airflow/dags/project-beginning.py
[2024-09-26T00:45:35.906+0000] {processor.py:925} INFO - DAG(s) 'project_satelite' retrieved from /opt/airflow/dags/project-beginning.py
[2024-09-26T00:45:36.035+0000] {logging_mixin.py:190} INFO - [2024-09-26T00:45:36.035+0000] {dag.py:3211} INFO - Sync 1 DAGs
[2024-09-26T00:45:36.197+0000] {processor.py:208} INFO - Processing /opt/airflow/dags/project-beginning.py took 0.376 seconds
[2024-09-26T00:46:06.658+0000] {processor.py:186} INFO - Started process (PID=578) to work on /opt/airflow/dags/project-beginning.py
[2024-09-26T00:46:06.660+0000] {processor.py:914} INFO - Processing file /opt/airflow/dags/project-beginning.py for tasks to queue
[2024-09-26T00:46:06.665+0000] {logging_mixin.py:190} INFO - [2024-09-26T00:46:06.664+0000] {dagbag.py:587} INFO - Filling up the DagBag from /opt/airflow/dags/project-beginning.py
[2024-09-26T00:46:06.692+0000] {processor.py:925} INFO - DAG(s) 'project_satelite' retrieved from /opt/airflow/dags/project-beginning.py
[2024-09-26T00:46:06.737+0000] {logging_mixin.py:190} INFO - [2024-09-26T00:46:06.737+0000] {dag.py:3211} INFO - Sync 1 DAGs
[2024-09-26T00:46:06.829+0000] {processor.py:208} INFO - Processing /opt/airflow/dags/project-beginning.py took 0.185 seconds
[2024-09-26T00:46:37.269+0000] {processor.py:186} INFO - Started process (PID=588) to work on /opt/airflow/dags/project-beginning.py
[2024-09-26T00:46:37.271+0000] {processor.py:914} INFO - Processing file /opt/airflow/dags/project-beginning.py for tasks to queue
[2024-09-26T00:46:37.275+0000] {logging_mixin.py:190} INFO - [2024-09-26T00:46:37.275+0000] {dagbag.py:587} INFO - Filling up the DagBag from /opt/airflow/dags/project-beginning.py
[2024-09-26T00:46:37.303+0000] {processor.py:925} INFO - DAG(s) 'project_satelite' retrieved from /opt/airflow/dags/project-beginning.py
[2024-09-26T00:46:37.348+0000] {logging_mixin.py:190} INFO - [2024-09-26T00:46:37.348+0000] {dag.py:3211} INFO - Sync 1 DAGs
[2024-09-26T00:46:37.465+0000] {processor.py:208} INFO - Processing /opt/airflow/dags/project-beginning.py took 0.223 seconds
[2024-09-26T00:47:08.251+0000] {processor.py:186} INFO - Started process (PID=598) to work on /opt/airflow/dags/project-beginning.py
[2024-09-26T00:47:08.277+0000] {processor.py:914} INFO - Processing file /opt/airflow/dags/project-beginning.py for tasks to queue
[2024-09-26T00:47:08.285+0000] {logging_mixin.py:190} INFO - [2024-09-26T00:47:08.283+0000] {dagbag.py:587} INFO - Filling up the DagBag from /opt/airflow/dags/project-beginning.py
[2024-09-26T00:47:08.348+0000] {processor.py:925} INFO - DAG(s) 'project_satelite' retrieved from /opt/airflow/dags/project-beginning.py
[2024-09-26T00:47:08.464+0000] {logging_mixin.py:190} INFO - [2024-09-26T00:47:08.463+0000] {dag.py:3211} INFO - Sync 1 DAGs
[2024-09-26T00:47:08.698+0000] {processor.py:208} INFO - Processing /opt/airflow/dags/project-beginning.py took 0.498 seconds
[2024-09-26T00:47:38.994+0000] {processor.py:186} INFO - Started process (PID=607) to work on /opt/airflow/dags/project-beginning.py
[2024-09-26T00:47:38.996+0000] {processor.py:914} INFO - Processing file /opt/airflow/dags/project-beginning.py for tasks to queue
[2024-09-26T00:47:39.000+0000] {logging_mixin.py:190} INFO - [2024-09-26T00:47:39.000+0000] {dagbag.py:587} INFO - Filling up the DagBag from /opt/airflow/dags/project-beginning.py
[2024-09-26T00:47:39.018+0000] {processor.py:925} INFO - DAG(s) 'project_satelite' retrieved from /opt/airflow/dags/project-beginning.py
[2024-09-26T00:47:39.059+0000] {logging_mixin.py:190} INFO - [2024-09-26T00:47:39.059+0000] {dag.py:3211} INFO - Sync 1 DAGs
[2024-09-26T00:47:39.316+0000] {processor.py:208} INFO - Processing /opt/airflow/dags/project-beginning.py took 0.335 seconds
[2024-09-26T00:48:09.884+0000] {processor.py:186} INFO - Started process (PID=617) to work on /opt/airflow/dags/project-beginning.py
[2024-09-26T00:48:09.905+0000] {processor.py:914} INFO - Processing file /opt/airflow/dags/project-beginning.py for tasks to queue
[2024-09-26T00:48:09.913+0000] {logging_mixin.py:190} INFO - [2024-09-26T00:48:09.912+0000] {dagbag.py:587} INFO - Filling up the DagBag from /opt/airflow/dags/project-beginning.py
[2024-09-26T00:48:09.963+0000] {processor.py:925} INFO - DAG(s) 'project_satelite' retrieved from /opt/airflow/dags/project-beginning.py
[2024-09-26T00:48:10.026+0000] {logging_mixin.py:190} INFO - [2024-09-26T00:48:10.025+0000] {dag.py:3211} INFO - Sync 1 DAGs
[2024-09-26T00:48:10.241+0000] {processor.py:208} INFO - Processing /opt/airflow/dags/project-beginning.py took 0.376 seconds
[2024-09-26T00:48:40.763+0000] {processor.py:186} INFO - Started process (PID=628) to work on /opt/airflow/dags/project-beginning.py
[2024-09-26T00:48:40.765+0000] {processor.py:914} INFO - Processing file /opt/airflow/dags/project-beginning.py for tasks to queue
[2024-09-26T00:48:40.771+0000] {logging_mixin.py:190} INFO - [2024-09-26T00:48:40.770+0000] {dagbag.py:587} INFO - Filling up the DagBag from /opt/airflow/dags/project-beginning.py
[2024-09-26T00:48:40.796+0000] {processor.py:925} INFO - DAG(s) 'project_satelite' retrieved from /opt/airflow/dags/project-beginning.py
[2024-09-26T00:48:40.834+0000] {logging_mixin.py:190} INFO - [2024-09-26T00:48:40.833+0000] {dag.py:3211} INFO - Sync 1 DAGs
[2024-09-26T00:48:40.916+0000] {processor.py:208} INFO - Processing /opt/airflow/dags/project-beginning.py took 0.167 seconds
[2024-09-26T00:49:11.432+0000] {processor.py:186} INFO - Started process (PID=637) to work on /opt/airflow/dags/project-beginning.py
[2024-09-26T00:49:11.447+0000] {processor.py:914} INFO - Processing file /opt/airflow/dags/project-beginning.py for tasks to queue
[2024-09-26T00:49:11.451+0000] {logging_mixin.py:190} INFO - [2024-09-26T00:49:11.450+0000] {dagbag.py:587} INFO - Filling up the DagBag from /opt/airflow/dags/project-beginning.py
[2024-09-26T00:49:11.475+0000] {processor.py:925} INFO - DAG(s) 'project_satelite' retrieved from /opt/airflow/dags/project-beginning.py
[2024-09-26T00:49:11.521+0000] {logging_mixin.py:190} INFO - [2024-09-26T00:49:11.521+0000] {dag.py:3211} INFO - Sync 1 DAGs
[2024-09-26T00:49:11.634+0000] {processor.py:208} INFO - Processing /opt/airflow/dags/project-beginning.py took 0.215 seconds
[2024-09-26T00:49:41.959+0000] {processor.py:186} INFO - Started process (PID=647) to work on /opt/airflow/dags/project-beginning.py
[2024-09-26T00:49:41.961+0000] {processor.py:914} INFO - Processing file /opt/airflow/dags/project-beginning.py for tasks to queue
[2024-09-26T00:49:41.966+0000] {logging_mixin.py:190} INFO - [2024-09-26T00:49:41.965+0000] {dagbag.py:587} INFO - Filling up the DagBag from /opt/airflow/dags/project-beginning.py
[2024-09-26T00:49:41.990+0000] {processor.py:925} INFO - DAG(s) 'project_satelite' retrieved from /opt/airflow/dags/project-beginning.py
[2024-09-26T00:49:42.040+0000] {logging_mixin.py:190} INFO - [2024-09-26T00:49:42.040+0000] {dag.py:3211} INFO - Sync 1 DAGs
[2024-09-26T00:49:42.138+0000] {processor.py:208} INFO - Processing /opt/airflow/dags/project-beginning.py took 0.194 seconds
[2024-09-26T00:50:12.558+0000] {processor.py:186} INFO - Started process (PID=657) to work on /opt/airflow/dags/project-beginning.py
[2024-09-26T00:50:12.559+0000] {processor.py:914} INFO - Processing file /opt/airflow/dags/project-beginning.py for tasks to queue
[2024-09-26T00:50:12.563+0000] {logging_mixin.py:190} INFO - [2024-09-26T00:50:12.563+0000] {dagbag.py:587} INFO - Filling up the DagBag from /opt/airflow/dags/project-beginning.py
[2024-09-26T00:50:12.586+0000] {processor.py:925} INFO - DAG(s) 'project_satelite' retrieved from /opt/airflow/dags/project-beginning.py
[2024-09-26T00:50:12.634+0000] {logging_mixin.py:190} INFO - [2024-09-26T00:50:12.633+0000] {dag.py:3211} INFO - Sync 1 DAGs
[2024-09-26T00:50:12.727+0000] {processor.py:208} INFO - Processing /opt/airflow/dags/project-beginning.py took 0.183 seconds
[2024-09-26T00:50:43.049+0000] {processor.py:186} INFO - Started process (PID=667) to work on /opt/airflow/dags/project-beginning.py
[2024-09-26T00:50:43.050+0000] {processor.py:914} INFO - Processing file /opt/airflow/dags/project-beginning.py for tasks to queue
[2024-09-26T00:50:43.055+0000] {logging_mixin.py:190} INFO - [2024-09-26T00:50:43.054+0000] {dagbag.py:587} INFO - Filling up the DagBag from /opt/airflow/dags/project-beginning.py
[2024-09-26T00:50:43.083+0000] {processor.py:925} INFO - DAG(s) 'project_satelite' retrieved from /opt/airflow/dags/project-beginning.py
[2024-09-26T00:50:43.133+0000] {logging_mixin.py:190} INFO - [2024-09-26T00:50:43.133+0000] {dag.py:3211} INFO - Sync 1 DAGs
[2024-09-26T00:50:43.248+0000] {processor.py:208} INFO - Processing /opt/airflow/dags/project-beginning.py took 0.228 seconds
[2024-09-26T00:51:13.542+0000] {processor.py:186} INFO - Started process (PID=677) to work on /opt/airflow/dags/project-beginning.py
[2024-09-26T00:51:13.543+0000] {processor.py:914} INFO - Processing file /opt/airflow/dags/project-beginning.py for tasks to queue
[2024-09-26T00:51:13.548+0000] {logging_mixin.py:190} INFO - [2024-09-26T00:51:13.548+0000] {dagbag.py:587} INFO - Filling up the DagBag from /opt/airflow/dags/project-beginning.py
[2024-09-26T00:51:13.582+0000] {processor.py:925} INFO - DAG(s) 'project_satelite' retrieved from /opt/airflow/dags/project-beginning.py
[2024-09-26T00:51:13.630+0000] {logging_mixin.py:190} INFO - [2024-09-26T00:51:13.630+0000] {dag.py:3211} INFO - Sync 1 DAGs
[2024-09-26T00:51:13.723+0000] {processor.py:208} INFO - Processing /opt/airflow/dags/project-beginning.py took 0.196 seconds
[2024-09-26T00:51:44.185+0000] {processor.py:186} INFO - Started process (PID=687) to work on /opt/airflow/dags/project-beginning.py
[2024-09-26T00:51:44.191+0000] {processor.py:914} INFO - Processing file /opt/airflow/dags/project-beginning.py for tasks to queue
[2024-09-26T00:51:44.195+0000] {logging_mixin.py:190} INFO - [2024-09-26T00:51:44.195+0000] {dagbag.py:587} INFO - Filling up the DagBag from /opt/airflow/dags/project-beginning.py
[2024-09-26T00:51:44.219+0000] {processor.py:925} INFO - DAG(s) 'project_satelite' retrieved from /opt/airflow/dags/project-beginning.py
[2024-09-26T00:51:44.294+0000] {logging_mixin.py:190} INFO - [2024-09-26T00:51:44.293+0000] {dag.py:3211} INFO - Sync 1 DAGs
[2024-09-26T00:51:44.403+0000] {processor.py:208} INFO - Processing /opt/airflow/dags/project-beginning.py took 0.231 seconds
[2024-09-26T00:52:14.801+0000] {processor.py:186} INFO - Started process (PID=697) to work on /opt/airflow/dags/project-beginning.py
[2024-09-26T00:52:14.803+0000] {processor.py:914} INFO - Processing file /opt/airflow/dags/project-beginning.py for tasks to queue
[2024-09-26T00:52:14.807+0000] {logging_mixin.py:190} INFO - [2024-09-26T00:52:14.806+0000] {dagbag.py:587} INFO - Filling up the DagBag from /opt/airflow/dags/project-beginning.py
[2024-09-26T00:52:14.836+0000] {processor.py:925} INFO - DAG(s) 'project_satelite' retrieved from /opt/airflow/dags/project-beginning.py
[2024-09-26T00:52:14.897+0000] {logging_mixin.py:190} INFO - [2024-09-26T00:52:14.896+0000] {dag.py:3211} INFO - Sync 1 DAGs
[2024-09-26T00:52:15.023+0000] {processor.py:208} INFO - Processing /opt/airflow/dags/project-beginning.py took 0.249 seconds
[2024-09-26T00:52:45.722+0000] {processor.py:186} INFO - Started process (PID=707) to work on /opt/airflow/dags/project-beginning.py
[2024-09-26T00:52:45.740+0000] {processor.py:914} INFO - Processing file /opt/airflow/dags/project-beginning.py for tasks to queue
[2024-09-26T00:52:45.745+0000] {logging_mixin.py:190} INFO - [2024-09-26T00:52:45.744+0000] {dagbag.py:587} INFO - Filling up the DagBag from /opt/airflow/dags/project-beginning.py
[2024-09-26T00:52:45.800+0000] {processor.py:925} INFO - DAG(s) 'project_satelite' retrieved from /opt/airflow/dags/project-beginning.py
[2024-09-26T00:52:45.853+0000] {logging_mixin.py:190} INFO - [2024-09-26T00:52:45.853+0000] {dag.py:3211} INFO - Sync 1 DAGs
[2024-09-26T00:52:45.965+0000] {processor.py:208} INFO - Processing /opt/airflow/dags/project-beginning.py took 0.262 seconds
[2024-09-26T00:53:16.433+0000] {processor.py:186} INFO - Started process (PID=724) to work on /opt/airflow/dags/project-beginning.py
[2024-09-26T00:53:16.434+0000] {processor.py:914} INFO - Processing file /opt/airflow/dags/project-beginning.py for tasks to queue
[2024-09-26T00:53:16.439+0000] {logging_mixin.py:190} INFO - [2024-09-26T00:53:16.439+0000] {dagbag.py:587} INFO - Filling up the DagBag from /opt/airflow/dags/project-beginning.py
[2024-09-26T00:53:16.463+0000] {processor.py:925} INFO - DAG(s) 'project_satelite' retrieved from /opt/airflow/dags/project-beginning.py
[2024-09-26T00:53:16.515+0000] {logging_mixin.py:190} INFO - [2024-09-26T00:53:16.514+0000] {dag.py:3211} INFO - Sync 1 DAGs
[2024-09-26T00:53:16.662+0000] {processor.py:208} INFO - Processing /opt/airflow/dags/project-beginning.py took 0.242 seconds
[2024-09-26T00:53:46.939+0000] {processor.py:186} INFO - Started process (PID=735) to work on /opt/airflow/dags/project-beginning.py
[2024-09-26T00:53:46.941+0000] {processor.py:914} INFO - Processing file /opt/airflow/dags/project-beginning.py for tasks to queue
[2024-09-26T00:53:46.946+0000] {logging_mixin.py:190} INFO - [2024-09-26T00:53:46.945+0000] {dagbag.py:587} INFO - Filling up the DagBag from /opt/airflow/dags/project-beginning.py
[2024-09-26T00:53:46.973+0000] {processor.py:925} INFO - DAG(s) 'project_satelite' retrieved from /opt/airflow/dags/project-beginning.py
[2024-09-26T00:53:47.027+0000] {logging_mixin.py:190} INFO - [2024-09-26T00:53:47.026+0000] {dag.py:3211} INFO - Sync 1 DAGs
[2024-09-26T00:53:47.128+0000] {processor.py:208} INFO - Processing /opt/airflow/dags/project-beginning.py took 0.206 seconds
[2024-09-26T00:54:17.603+0000] {processor.py:186} INFO - Started process (PID=744) to work on /opt/airflow/dags/project-beginning.py
[2024-09-26T00:54:17.604+0000] {processor.py:914} INFO - Processing file /opt/airflow/dags/project-beginning.py for tasks to queue
[2024-09-26T00:54:17.609+0000] {logging_mixin.py:190} INFO - [2024-09-26T00:54:17.608+0000] {dagbag.py:587} INFO - Filling up the DagBag from /opt/airflow/dags/project-beginning.py
[2024-09-26T00:54:17.638+0000] {processor.py:925} INFO - DAG(s) 'project_satelite' retrieved from /opt/airflow/dags/project-beginning.py
[2024-09-26T00:54:17.689+0000] {logging_mixin.py:190} INFO - [2024-09-26T00:54:17.689+0000] {dag.py:3211} INFO - Sync 1 DAGs
[2024-09-26T00:54:17.807+0000] {processor.py:208} INFO - Processing /opt/airflow/dags/project-beginning.py took 0.221 seconds
[2024-09-26T00:54:48.242+0000] {processor.py:186} INFO - Started process (PID=755) to work on /opt/airflow/dags/project-beginning.py
[2024-09-26T00:54:48.244+0000] {processor.py:914} INFO - Processing file /opt/airflow/dags/project-beginning.py for tasks to queue
[2024-09-26T00:54:48.250+0000] {logging_mixin.py:190} INFO - [2024-09-26T00:54:48.249+0000] {dagbag.py:587} INFO - Filling up the DagBag from /opt/airflow/dags/project-beginning.py
[2024-09-26T00:54:48.277+0000] {processor.py:925} INFO - DAG(s) 'project_satelite' retrieved from /opt/airflow/dags/project-beginning.py
[2024-09-26T00:54:48.328+0000] {logging_mixin.py:190} INFO - [2024-09-26T00:54:48.328+0000] {dag.py:3211} INFO - Sync 1 DAGs
[2024-09-26T00:54:48.432+0000] {processor.py:208} INFO - Processing /opt/airflow/dags/project-beginning.py took 0.205 seconds
[2024-09-26T00:55:18.721+0000] {processor.py:186} INFO - Started process (PID=765) to work on /opt/airflow/dags/project-beginning.py
[2024-09-26T00:55:18.722+0000] {processor.py:914} INFO - Processing file /opt/airflow/dags/project-beginning.py for tasks to queue
[2024-09-26T00:55:18.727+0000] {logging_mixin.py:190} INFO - [2024-09-26T00:55:18.726+0000] {dagbag.py:587} INFO - Filling up the DagBag from /opt/airflow/dags/project-beginning.py
[2024-09-26T00:55:18.750+0000] {processor.py:925} INFO - DAG(s) 'project_satelite' retrieved from /opt/airflow/dags/project-beginning.py
[2024-09-26T00:55:18.794+0000] {logging_mixin.py:190} INFO - [2024-09-26T00:55:18.793+0000] {dag.py:3211} INFO - Sync 1 DAGs
[2024-09-26T00:55:18.885+0000] {processor.py:208} INFO - Processing /opt/airflow/dags/project-beginning.py took 0.177 seconds
[2024-09-26T00:55:49.455+0000] {processor.py:186} INFO - Started process (PID=775) to work on /opt/airflow/dags/project-beginning.py
[2024-09-26T00:55:49.456+0000] {processor.py:914} INFO - Processing file /opt/airflow/dags/project-beginning.py for tasks to queue
[2024-09-26T00:55:49.460+0000] {logging_mixin.py:190} INFO - [2024-09-26T00:55:49.460+0000] {dagbag.py:587} INFO - Filling up the DagBag from /opt/airflow/dags/project-beginning.py
[2024-09-26T00:55:49.486+0000] {processor.py:925} INFO - DAG(s) 'project_satelite' retrieved from /opt/airflow/dags/project-beginning.py
[2024-09-26T00:55:49.523+0000] {logging_mixin.py:190} INFO - [2024-09-26T00:55:49.522+0000] {dag.py:3211} INFO - Sync 1 DAGs
[2024-09-26T00:55:49.595+0000] {processor.py:208} INFO - Processing /opt/airflow/dags/project-beginning.py took 0.153 seconds
[2024-09-26T00:56:20.049+0000] {processor.py:186} INFO - Started process (PID=785) to work on /opt/airflow/dags/project-beginning.py
[2024-09-26T00:56:20.050+0000] {processor.py:914} INFO - Processing file /opt/airflow/dags/project-beginning.py for tasks to queue
[2024-09-26T00:56:20.057+0000] {logging_mixin.py:190} INFO - [2024-09-26T00:56:20.056+0000] {dagbag.py:587} INFO - Filling up the DagBag from /opt/airflow/dags/project-beginning.py
[2024-09-26T00:56:20.083+0000] {processor.py:925} INFO - DAG(s) 'project_satelite' retrieved from /opt/airflow/dags/project-beginning.py
[2024-09-26T00:56:20.126+0000] {logging_mixin.py:190} INFO - [2024-09-26T00:56:20.125+0000] {dag.py:3211} INFO - Sync 1 DAGs
[2024-09-26T00:56:20.223+0000] {processor.py:208} INFO - Processing /opt/airflow/dags/project-beginning.py took 0.188 seconds
[2024-09-26T00:56:50.499+0000] {processor.py:186} INFO - Started process (PID=795) to work on /opt/airflow/dags/project-beginning.py
[2024-09-26T00:56:50.501+0000] {processor.py:914} INFO - Processing file /opt/airflow/dags/project-beginning.py for tasks to queue
[2024-09-26T00:56:50.506+0000] {logging_mixin.py:190} INFO - [2024-09-26T00:56:50.505+0000] {dagbag.py:587} INFO - Filling up the DagBag from /opt/airflow/dags/project-beginning.py
[2024-09-26T00:56:50.531+0000] {processor.py:925} INFO - DAG(s) 'project_satelite' retrieved from /opt/airflow/dags/project-beginning.py
[2024-09-26T00:56:50.566+0000] {logging_mixin.py:190} INFO - [2024-09-26T00:56:50.566+0000] {dag.py:3211} INFO - Sync 1 DAGs
[2024-09-26T00:56:50.648+0000] {processor.py:208} INFO - Processing /opt/airflow/dags/project-beginning.py took 0.163 seconds
[2024-09-26T00:57:21.102+0000] {processor.py:186} INFO - Started process (PID=804) to work on /opt/airflow/dags/project-beginning.py
[2024-09-26T00:57:21.103+0000] {processor.py:914} INFO - Processing file /opt/airflow/dags/project-beginning.py for tasks to queue
[2024-09-26T00:57:21.109+0000] {logging_mixin.py:190} INFO - [2024-09-26T00:57:21.107+0000] {dagbag.py:587} INFO - Filling up the DagBag from /opt/airflow/dags/project-beginning.py
[2024-09-26T00:57:21.128+0000] {processor.py:925} INFO - DAG(s) 'project_satelite' retrieved from /opt/airflow/dags/project-beginning.py
[2024-09-26T00:57:21.174+0000] {logging_mixin.py:190} INFO - [2024-09-26T00:57:21.174+0000] {dag.py:3211} INFO - Sync 1 DAGs
[2024-09-26T00:57:21.266+0000] {processor.py:208} INFO - Processing /opt/airflow/dags/project-beginning.py took 0.180 seconds
[2024-09-26T00:57:51.532+0000] {processor.py:186} INFO - Started process (PID=814) to work on /opt/airflow/dags/project-beginning.py
[2024-09-26T00:57:51.534+0000] {processor.py:914} INFO - Processing file /opt/airflow/dags/project-beginning.py for tasks to queue
[2024-09-26T00:57:51.539+0000] {logging_mixin.py:190} INFO - [2024-09-26T00:57:51.538+0000] {dagbag.py:587} INFO - Filling up the DagBag from /opt/airflow/dags/project-beginning.py
[2024-09-26T00:57:51.598+0000] {processor.py:925} INFO - DAG(s) 'project_satelite' retrieved from /opt/airflow/dags/project-beginning.py
[2024-09-26T00:57:51.646+0000] {logging_mixin.py:190} INFO - [2024-09-26T00:57:51.645+0000] {dag.py:3211} INFO - Sync 1 DAGs
[2024-09-26T00:57:51.747+0000] {processor.py:208} INFO - Processing /opt/airflow/dags/project-beginning.py took 0.228 seconds
[2024-09-26T00:58:22.298+0000] {processor.py:186} INFO - Started process (PID=823) to work on /opt/airflow/dags/project-beginning.py
[2024-09-26T00:58:22.300+0000] {processor.py:914} INFO - Processing file /opt/airflow/dags/project-beginning.py for tasks to queue
[2024-09-26T00:58:22.305+0000] {logging_mixin.py:190} INFO - [2024-09-26T00:58:22.304+0000] {dagbag.py:587} INFO - Filling up the DagBag from /opt/airflow/dags/project-beginning.py
[2024-09-26T00:58:22.331+0000] {processor.py:925} INFO - DAG(s) 'project_satelite' retrieved from /opt/airflow/dags/project-beginning.py
[2024-09-26T00:58:22.394+0000] {logging_mixin.py:190} INFO - [2024-09-26T00:58:22.393+0000] {dag.py:3211} INFO - Sync 1 DAGs
[2024-09-26T00:58:22.519+0000] {processor.py:208} INFO - Processing /opt/airflow/dags/project-beginning.py took 0.257 seconds
[2024-09-26T00:58:53.065+0000] {processor.py:186} INFO - Started process (PID=833) to work on /opt/airflow/dags/project-beginning.py
[2024-09-26T00:58:53.066+0000] {processor.py:914} INFO - Processing file /opt/airflow/dags/project-beginning.py for tasks to queue
[2024-09-26T00:58:53.070+0000] {logging_mixin.py:190} INFO - [2024-09-26T00:58:53.069+0000] {dagbag.py:587} INFO - Filling up the DagBag from /opt/airflow/dags/project-beginning.py
[2024-09-26T00:58:53.089+0000] {processor.py:925} INFO - DAG(s) 'project_satelite' retrieved from /opt/airflow/dags/project-beginning.py
[2024-09-26T00:58:53.128+0000] {logging_mixin.py:190} INFO - [2024-09-26T00:58:53.127+0000] {dag.py:3211} INFO - Sync 1 DAGs
[2024-09-26T00:58:53.222+0000] {processor.py:208} INFO - Processing /opt/airflow/dags/project-beginning.py took 0.171 seconds
[2024-09-26T00:59:23.747+0000] {processor.py:186} INFO - Started process (PID=843) to work on /opt/airflow/dags/project-beginning.py
[2024-09-26T00:59:23.749+0000] {processor.py:914} INFO - Processing file /opt/airflow/dags/project-beginning.py for tasks to queue
[2024-09-26T00:59:23.753+0000] {logging_mixin.py:190} INFO - [2024-09-26T00:59:23.752+0000] {dagbag.py:587} INFO - Filling up the DagBag from /opt/airflow/dags/project-beginning.py
[2024-09-26T00:59:23.777+0000] {processor.py:925} INFO - DAG(s) 'project_satelite' retrieved from /opt/airflow/dags/project-beginning.py
[2024-09-26T00:59:23.825+0000] {logging_mixin.py:190} INFO - [2024-09-26T00:59:23.824+0000] {dag.py:3211} INFO - Sync 1 DAGs
[2024-09-26T00:59:23.904+0000] {processor.py:208} INFO - Processing /opt/airflow/dags/project-beginning.py took 0.170 seconds
[2024-09-26T00:59:54.271+0000] {processor.py:186} INFO - Started process (PID=853) to work on /opt/airflow/dags/project-beginning.py
[2024-09-26T00:59:54.272+0000] {processor.py:914} INFO - Processing file /opt/airflow/dags/project-beginning.py for tasks to queue
[2024-09-26T00:59:54.282+0000] {logging_mixin.py:190} INFO - [2024-09-26T00:59:54.281+0000] {dagbag.py:587} INFO - Filling up the DagBag from /opt/airflow/dags/project-beginning.py
[2024-09-26T00:59:54.312+0000] {processor.py:925} INFO - DAG(s) 'project_satelite' retrieved from /opt/airflow/dags/project-beginning.py
[2024-09-26T00:59:54.366+0000] {logging_mixin.py:190} INFO - [2024-09-26T00:59:54.365+0000] {dag.py:3211} INFO - Sync 1 DAGs
[2024-09-26T00:59:54.472+0000] {processor.py:208} INFO - Processing /opt/airflow/dags/project-beginning.py took 0.238 seconds
[2024-09-26T01:00:24.845+0000] {processor.py:186} INFO - Started process (PID=862) to work on /opt/airflow/dags/project-beginning.py
[2024-09-26T01:00:24.892+0000] {processor.py:914} INFO - Processing file /opt/airflow/dags/project-beginning.py for tasks to queue
[2024-09-26T01:00:24.895+0000] {logging_mixin.py:190} INFO - [2024-09-26T01:00:24.895+0000] {dagbag.py:587} INFO - Filling up the DagBag from /opt/airflow/dags/project-beginning.py
[2024-09-26T01:00:24.913+0000] {processor.py:925} INFO - DAG(s) 'project_satelite' retrieved from /opt/airflow/dags/project-beginning.py
[2024-09-26T01:00:24.945+0000] {logging_mixin.py:190} INFO - [2024-09-26T01:00:24.945+0000] {dag.py:3211} INFO - Sync 1 DAGs
[2024-09-26T01:00:25.028+0000] {processor.py:208} INFO - Processing /opt/airflow/dags/project-beginning.py took 0.195 seconds
[2024-09-26T01:00:55.505+0000] {processor.py:186} INFO - Started process (PID=871) to work on /opt/airflow/dags/project-beginning.py
[2024-09-26T01:00:55.506+0000] {processor.py:914} INFO - Processing file /opt/airflow/dags/project-beginning.py for tasks to queue
[2024-09-26T01:00:55.511+0000] {logging_mixin.py:190} INFO - [2024-09-26T01:00:55.510+0000] {dagbag.py:587} INFO - Filling up the DagBag from /opt/airflow/dags/project-beginning.py
[2024-09-26T01:00:55.533+0000] {processor.py:925} INFO - DAG(s) 'project_satelite' retrieved from /opt/airflow/dags/project-beginning.py
[2024-09-26T01:00:55.587+0000] {logging_mixin.py:190} INFO - [2024-09-26T01:00:55.586+0000] {dag.py:3211} INFO - Sync 1 DAGs
[2024-09-26T01:00:55.685+0000] {processor.py:208} INFO - Processing /opt/airflow/dags/project-beginning.py took 0.195 seconds
[2024-09-26T01:01:26.174+0000] {processor.py:186} INFO - Started process (PID=881) to work on /opt/airflow/dags/project-beginning.py
[2024-09-26T01:01:26.208+0000] {processor.py:914} INFO - Processing file /opt/airflow/dags/project-beginning.py for tasks to queue
[2024-09-26T01:01:26.213+0000] {logging_mixin.py:190} INFO - [2024-09-26T01:01:26.212+0000] {dagbag.py:587} INFO - Filling up the DagBag from /opt/airflow/dags/project-beginning.py
[2024-09-26T01:01:26.239+0000] {processor.py:925} INFO - DAG(s) 'project_satelite' retrieved from /opt/airflow/dags/project-beginning.py
[2024-09-26T01:01:26.288+0000] {logging_mixin.py:190} INFO - [2024-09-26T01:01:26.288+0000] {dag.py:3211} INFO - Sync 1 DAGs
[2024-09-26T01:01:26.393+0000] {processor.py:208} INFO - Processing /opt/airflow/dags/project-beginning.py took 0.233 seconds
[2024-09-26T01:01:56.460+0000] {processor.py:186} INFO - Started process (PID=890) to work on /opt/airflow/dags/project-beginning.py
[2024-09-26T01:01:56.461+0000] {processor.py:914} INFO - Processing file /opt/airflow/dags/project-beginning.py for tasks to queue
[2024-09-26T01:01:56.466+0000] {logging_mixin.py:190} INFO - [2024-09-26T01:01:56.465+0000] {dagbag.py:587} INFO - Filling up the DagBag from /opt/airflow/dags/project-beginning.py
[2024-09-26T01:01:56.494+0000] {processor.py:925} INFO - DAG(s) 'project_satelite' retrieved from /opt/airflow/dags/project-beginning.py
[2024-09-26T01:01:56.527+0000] {logging_mixin.py:190} INFO - [2024-09-26T01:01:56.527+0000] {dag.py:3211} INFO - Sync 1 DAGs
[2024-09-26T01:01:56.600+0000] {processor.py:208} INFO - Processing /opt/airflow/dags/project-beginning.py took 0.153 seconds
[2024-09-26T01:02:27.093+0000] {processor.py:186} INFO - Started process (PID=900) to work on /opt/airflow/dags/project-beginning.py
[2024-09-26T01:02:27.096+0000] {processor.py:914} INFO - Processing file /opt/airflow/dags/project-beginning.py for tasks to queue
[2024-09-26T01:02:27.106+0000] {logging_mixin.py:190} INFO - [2024-09-26T01:02:27.100+0000] {dagbag.py:587} INFO - Filling up the DagBag from /opt/airflow/dags/project-beginning.py
[2024-09-26T01:02:27.143+0000] {processor.py:925} INFO - DAG(s) 'project_satelite' retrieved from /opt/airflow/dags/project-beginning.py
[2024-09-26T01:02:27.192+0000] {logging_mixin.py:190} INFO - [2024-09-26T01:02:27.191+0000] {dag.py:3211} INFO - Sync 1 DAGs
[2024-09-26T01:02:27.299+0000] {processor.py:208} INFO - Processing /opt/airflow/dags/project-beginning.py took 0.231 seconds
[2024-09-26T01:02:57.522+0000] {processor.py:186} INFO - Started process (PID=910) to work on /opt/airflow/dags/project-beginning.py
[2024-09-26T01:02:57.533+0000] {processor.py:914} INFO - Processing file /opt/airflow/dags/project-beginning.py for tasks to queue
[2024-09-26T01:02:57.536+0000] {logging_mixin.py:190} INFO - [2024-09-26T01:02:57.535+0000] {dagbag.py:587} INFO - Filling up the DagBag from /opt/airflow/dags/project-beginning.py
[2024-09-26T01:02:57.563+0000] {processor.py:925} INFO - DAG(s) 'project_satelite' retrieved from /opt/airflow/dags/project-beginning.py
[2024-09-26T01:02:57.611+0000] {logging_mixin.py:190} INFO - [2024-09-26T01:02:57.611+0000] {dag.py:3211} INFO - Sync 1 DAGs
[2024-09-26T01:02:57.691+0000] {processor.py:208} INFO - Processing /opt/airflow/dags/project-beginning.py took 0.180 seconds
[2024-09-26T01:03:28.182+0000] {processor.py:186} INFO - Started process (PID=920) to work on /opt/airflow/dags/project-beginning.py
[2024-09-26T01:03:28.183+0000] {processor.py:914} INFO - Processing file /opt/airflow/dags/project-beginning.py for tasks to queue
[2024-09-26T01:03:28.187+0000] {logging_mixin.py:190} INFO - [2024-09-26T01:03:28.187+0000] {dagbag.py:587} INFO - Filling up the DagBag from /opt/airflow/dags/project-beginning.py
[2024-09-26T01:03:28.210+0000] {processor.py:925} INFO - DAG(s) 'project_satelite' retrieved from /opt/airflow/dags/project-beginning.py
[2024-09-26T01:03:28.262+0000] {logging_mixin.py:190} INFO - [2024-09-26T01:03:28.262+0000] {dag.py:3211} INFO - Sync 1 DAGs
[2024-09-26T01:03:28.371+0000] {processor.py:208} INFO - Processing /opt/airflow/dags/project-beginning.py took 0.202 seconds
[2024-09-26T01:03:58.674+0000] {processor.py:186} INFO - Started process (PID=930) to work on /opt/airflow/dags/project-beginning.py
[2024-09-26T01:03:58.679+0000] {processor.py:914} INFO - Processing file /opt/airflow/dags/project-beginning.py for tasks to queue
[2024-09-26T01:03:58.683+0000] {logging_mixin.py:190} INFO - [2024-09-26T01:03:58.683+0000] {dagbag.py:587} INFO - Filling up the DagBag from /opt/airflow/dags/project-beginning.py
[2024-09-26T01:03:58.730+0000] {processor.py:925} INFO - DAG(s) 'project_satelite' retrieved from /opt/airflow/dags/project-beginning.py
[2024-09-26T01:03:58.796+0000] {logging_mixin.py:190} INFO - [2024-09-26T01:03:58.795+0000] {dag.py:3211} INFO - Sync 1 DAGs
[2024-09-26T01:03:58.965+0000] {processor.py:208} INFO - Processing /opt/airflow/dags/project-beginning.py took 0.307 seconds
[2024-09-26T01:04:29.855+0000] {processor.py:186} INFO - Started process (PID=940) to work on /opt/airflow/dags/project-beginning.py
[2024-09-26T01:04:29.871+0000] {processor.py:914} INFO - Processing file /opt/airflow/dags/project-beginning.py for tasks to queue
[2024-09-26T01:04:29.876+0000] {logging_mixin.py:190} INFO - [2024-09-26T01:04:29.875+0000] {dagbag.py:587} INFO - Filling up the DagBag from /opt/airflow/dags/project-beginning.py
[2024-09-26T01:04:29.916+0000] {processor.py:925} INFO - DAG(s) 'project_satelite' retrieved from /opt/airflow/dags/project-beginning.py
[2024-09-26T01:04:29.960+0000] {logging_mixin.py:190} INFO - [2024-09-26T01:04:29.960+0000] {dag.py:3211} INFO - Sync 1 DAGs
[2024-09-26T01:04:30.056+0000] {processor.py:208} INFO - Processing /opt/airflow/dags/project-beginning.py took 0.223 seconds
[2024-09-26T01:05:00.713+0000] {processor.py:186} INFO - Started process (PID=950) to work on /opt/airflow/dags/project-beginning.py
[2024-09-26T01:05:00.714+0000] {processor.py:914} INFO - Processing file /opt/airflow/dags/project-beginning.py for tasks to queue
[2024-09-26T01:05:00.719+0000] {logging_mixin.py:190} INFO - [2024-09-26T01:05:00.718+0000] {dagbag.py:587} INFO - Filling up the DagBag from /opt/airflow/dags/project-beginning.py
[2024-09-26T01:05:00.742+0000] {processor.py:925} INFO - DAG(s) 'project_satelite' retrieved from /opt/airflow/dags/project-beginning.py
[2024-09-26T01:05:00.786+0000] {logging_mixin.py:190} INFO - [2024-09-26T01:05:00.785+0000] {dag.py:3211} INFO - Sync 1 DAGs
[2024-09-26T01:05:00.885+0000] {processor.py:208} INFO - Processing /opt/airflow/dags/project-beginning.py took 0.189 seconds
[2024-09-26T01:05:31.361+0000] {processor.py:186} INFO - Started process (PID=960) to work on /opt/airflow/dags/project-beginning.py
[2024-09-26T01:05:31.378+0000] {processor.py:914} INFO - Processing file /opt/airflow/dags/project-beginning.py for tasks to queue
[2024-09-26T01:05:31.382+0000] {logging_mixin.py:190} INFO - [2024-09-26T01:05:31.382+0000] {dagbag.py:587} INFO - Filling up the DagBag from /opt/airflow/dags/project-beginning.py
[2024-09-26T01:05:31.406+0000] {processor.py:925} INFO - DAG(s) 'project_satelite' retrieved from /opt/airflow/dags/project-beginning.py
[2024-09-26T01:05:31.452+0000] {logging_mixin.py:190} INFO - [2024-09-26T01:05:31.452+0000] {dag.py:3211} INFO - Sync 1 DAGs
[2024-09-26T01:05:31.556+0000] {processor.py:208} INFO - Processing /opt/airflow/dags/project-beginning.py took 0.207 seconds
[2024-09-26T01:06:02.048+0000] {processor.py:186} INFO - Started process (PID=969) to work on /opt/airflow/dags/project-beginning.py
[2024-09-26T01:06:02.052+0000] {processor.py:914} INFO - Processing file /opt/airflow/dags/project-beginning.py for tasks to queue
[2024-09-26T01:06:02.060+0000] {logging_mixin.py:190} INFO - [2024-09-26T01:06:02.059+0000] {dagbag.py:587} INFO - Filling up the DagBag from /opt/airflow/dags/project-beginning.py
[2024-09-26T01:06:02.094+0000] {processor.py:925} INFO - DAG(s) 'project_satelite' retrieved from /opt/airflow/dags/project-beginning.py
[2024-09-26T01:06:02.139+0000] {logging_mixin.py:190} INFO - [2024-09-26T01:06:02.139+0000] {dag.py:3211} INFO - Sync 1 DAGs
[2024-09-26T01:06:02.240+0000] {processor.py:208} INFO - Processing /opt/airflow/dags/project-beginning.py took 0.206 seconds
[2024-09-26T01:06:32.704+0000] {processor.py:186} INFO - Started process (PID=978) to work on /opt/airflow/dags/project-beginning.py
[2024-09-26T01:06:32.715+0000] {processor.py:914} INFO - Processing file /opt/airflow/dags/project-beginning.py for tasks to queue
[2024-09-26T01:06:32.719+0000] {logging_mixin.py:190} INFO - [2024-09-26T01:06:32.719+0000] {dagbag.py:587} INFO - Filling up the DagBag from /opt/airflow/dags/project-beginning.py
[2024-09-26T01:06:32.743+0000] {processor.py:925} INFO - DAG(s) 'project_satelite' retrieved from /opt/airflow/dags/project-beginning.py
[2024-09-26T01:06:32.788+0000] {logging_mixin.py:190} INFO - [2024-09-26T01:06:32.788+0000] {dag.py:3211} INFO - Sync 1 DAGs
[2024-09-26T01:06:32.879+0000] {processor.py:208} INFO - Processing /opt/airflow/dags/project-beginning.py took 0.188 seconds
[2024-09-26T01:07:03.211+0000] {processor.py:186} INFO - Started process (PID=988) to work on /opt/airflow/dags/project-beginning.py
[2024-09-26T01:07:03.212+0000] {processor.py:914} INFO - Processing file /opt/airflow/dags/project-beginning.py for tasks to queue
[2024-09-26T01:07:03.220+0000] {logging_mixin.py:190} INFO - [2024-09-26T01:07:03.219+0000] {dagbag.py:587} INFO - Filling up the DagBag from /opt/airflow/dags/project-beginning.py
[2024-09-26T01:07:03.263+0000] {processor.py:925} INFO - DAG(s) 'project_satelite' retrieved from /opt/airflow/dags/project-beginning.py
[2024-09-26T01:07:03.318+0000] {logging_mixin.py:190} INFO - [2024-09-26T01:07:03.318+0000] {dag.py:3211} INFO - Sync 1 DAGs
[2024-09-26T01:07:03.502+0000] {processor.py:208} INFO - Processing /opt/airflow/dags/project-beginning.py took 0.332 seconds
[2024-09-26T01:07:34.045+0000] {processor.py:186} INFO - Started process (PID=998) to work on /opt/airflow/dags/project-beginning.py
[2024-09-26T01:07:34.053+0000] {processor.py:914} INFO - Processing file /opt/airflow/dags/project-beginning.py for tasks to queue
[2024-09-26T01:07:34.057+0000] {logging_mixin.py:190} INFO - [2024-09-26T01:07:34.056+0000] {dagbag.py:587} INFO - Filling up the DagBag from /opt/airflow/dags/project-beginning.py
[2024-09-26T01:07:34.080+0000] {processor.py:925} INFO - DAG(s) 'project_satelite' retrieved from /opt/airflow/dags/project-beginning.py
[2024-09-26T01:07:34.149+0000] {logging_mixin.py:190} INFO - [2024-09-26T01:07:34.148+0000] {dag.py:3211} INFO - Sync 1 DAGs
[2024-09-26T01:07:34.264+0000] {processor.py:208} INFO - Processing /opt/airflow/dags/project-beginning.py took 0.232 seconds
[2024-09-26T01:08:04.806+0000] {processor.py:186} INFO - Started process (PID=1008) to work on /opt/airflow/dags/project-beginning.py
[2024-09-26T01:08:04.821+0000] {processor.py:914} INFO - Processing file /opt/airflow/dags/project-beginning.py for tasks to queue
[2024-09-26T01:08:04.825+0000] {logging_mixin.py:190} INFO - [2024-09-26T01:08:04.824+0000] {dagbag.py:587} INFO - Filling up the DagBag from /opt/airflow/dags/project-beginning.py
[2024-09-26T01:08:04.847+0000] {processor.py:925} INFO - DAG(s) 'project_satelite' retrieved from /opt/airflow/dags/project-beginning.py
[2024-09-26T01:08:04.891+0000] {logging_mixin.py:190} INFO - [2024-09-26T01:08:04.890+0000] {dag.py:3211} INFO - Sync 1 DAGs
[2024-09-26T01:08:04.968+0000] {processor.py:208} INFO - Processing /opt/airflow/dags/project-beginning.py took 0.174 seconds
[2024-09-26T01:08:35.282+0000] {processor.py:186} INFO - Started process (PID=1018) to work on /opt/airflow/dags/project-beginning.py
[2024-09-26T01:08:35.290+0000] {processor.py:914} INFO - Processing file /opt/airflow/dags/project-beginning.py for tasks to queue
[2024-09-26T01:08:35.294+0000] {logging_mixin.py:190} INFO - [2024-09-26T01:08:35.293+0000] {dagbag.py:587} INFO - Filling up the DagBag from /opt/airflow/dags/project-beginning.py
[2024-09-26T01:08:35.320+0000] {processor.py:925} INFO - DAG(s) 'project_satelite' retrieved from /opt/airflow/dags/project-beginning.py
[2024-09-26T01:08:35.363+0000] {logging_mixin.py:190} INFO - [2024-09-26T01:08:35.363+0000] {dag.py:3211} INFO - Sync 1 DAGs
[2024-09-26T01:08:35.436+0000] {processor.py:208} INFO - Processing /opt/airflow/dags/project-beginning.py took 0.164 seconds
[2024-09-26T01:09:05.986+0000] {processor.py:186} INFO - Started process (PID=1028) to work on /opt/airflow/dags/project-beginning.py
[2024-09-26T01:09:05.987+0000] {processor.py:914} INFO - Processing file /opt/airflow/dags/project-beginning.py for tasks to queue
[2024-09-26T01:09:05.994+0000] {logging_mixin.py:190} INFO - [2024-09-26T01:09:05.993+0000] {dagbag.py:587} INFO - Filling up the DagBag from /opt/airflow/dags/project-beginning.py
[2024-09-26T01:09:06.030+0000] {processor.py:925} INFO - DAG(s) 'project_satelite' retrieved from /opt/airflow/dags/project-beginning.py
[2024-09-26T01:09:06.085+0000] {logging_mixin.py:190} INFO - [2024-09-26T01:09:06.084+0000] {dag.py:3211} INFO - Sync 1 DAGs
[2024-09-26T01:09:06.197+0000] {processor.py:208} INFO - Processing /opt/airflow/dags/project-beginning.py took 0.254 seconds
[2024-09-26T01:09:36.772+0000] {processor.py:186} INFO - Started process (PID=1038) to work on /opt/airflow/dags/project-beginning.py
[2024-09-26T01:09:36.782+0000] {processor.py:914} INFO - Processing file /opt/airflow/dags/project-beginning.py for tasks to queue
[2024-09-26T01:09:36.786+0000] {logging_mixin.py:190} INFO - [2024-09-26T01:09:36.786+0000] {dagbag.py:587} INFO - Filling up the DagBag from /opt/airflow/dags/project-beginning.py
[2024-09-26T01:09:36.809+0000] {processor.py:925} INFO - DAG(s) 'project_satelite' retrieved from /opt/airflow/dags/project-beginning.py
[2024-09-26T01:09:36.853+0000] {logging_mixin.py:190} INFO - [2024-09-26T01:09:36.852+0000] {dag.py:3211} INFO - Sync 1 DAGs
[2024-09-26T01:09:36.950+0000] {processor.py:208} INFO - Processing /opt/airflow/dags/project-beginning.py took 0.189 seconds
[2024-09-26T01:10:07.267+0000] {processor.py:186} INFO - Started process (PID=1048) to work on /opt/airflow/dags/project-beginning.py
[2024-09-26T01:10:07.268+0000] {processor.py:914} INFO - Processing file /opt/airflow/dags/project-beginning.py for tasks to queue
[2024-09-26T01:10:07.301+0000] {logging_mixin.py:190} INFO - [2024-09-26T01:10:07.296+0000] {dagbag.py:587} INFO - Filling up the DagBag from /opt/airflow/dags/project-beginning.py
[2024-09-26T01:10:07.384+0000] {processor.py:925} INFO - DAG(s) 'project_satelite' retrieved from /opt/airflow/dags/project-beginning.py
[2024-09-26T01:10:07.502+0000] {logging_mixin.py:190} INFO - [2024-09-26T01:10:07.502+0000] {dag.py:3211} INFO - Sync 1 DAGs
[2024-09-26T01:10:07.660+0000] {processor.py:208} INFO - Processing /opt/airflow/dags/project-beginning.py took 0.426 seconds
[2024-09-26T01:10:38.206+0000] {processor.py:186} INFO - Started process (PID=1057) to work on /opt/airflow/dags/project-beginning.py
[2024-09-26T01:10:38.225+0000] {processor.py:914} INFO - Processing file /opt/airflow/dags/project-beginning.py for tasks to queue
[2024-09-26T01:10:38.230+0000] {logging_mixin.py:190} INFO - [2024-09-26T01:10:38.230+0000] {dagbag.py:587} INFO - Filling up the DagBag from /opt/airflow/dags/project-beginning.py
[2024-09-26T01:10:38.289+0000] {processor.py:925} INFO - DAG(s) 'project_satelite' retrieved from /opt/airflow/dags/project-beginning.py
[2024-09-26T01:10:38.344+0000] {logging_mixin.py:190} INFO - [2024-09-26T01:10:38.344+0000] {dag.py:3211} INFO - Sync 1 DAGs
[2024-09-26T01:10:38.445+0000] {processor.py:208} INFO - Processing /opt/airflow/dags/project-beginning.py took 0.284 seconds
[2024-09-26T01:11:08.755+0000] {processor.py:186} INFO - Started process (PID=1066) to work on /opt/airflow/dags/project-beginning.py
[2024-09-26T01:11:08.756+0000] {processor.py:914} INFO - Processing file /opt/airflow/dags/project-beginning.py for tasks to queue
[2024-09-26T01:11:08.761+0000] {logging_mixin.py:190} INFO - [2024-09-26T01:11:08.760+0000] {dagbag.py:587} INFO - Filling up the DagBag from /opt/airflow/dags/project-beginning.py
[2024-09-26T01:11:08.820+0000] {processor.py:925} INFO - DAG(s) 'project_satelite' retrieved from /opt/airflow/dags/project-beginning.py
[2024-09-26T01:11:08.886+0000] {logging_mixin.py:190} INFO - [2024-09-26T01:11:08.885+0000] {dag.py:3211} INFO - Sync 1 DAGs
[2024-09-26T01:11:09.001+0000] {processor.py:208} INFO - Processing /opt/airflow/dags/project-beginning.py took 0.259 seconds
[2024-09-26T01:11:39.554+0000] {processor.py:186} INFO - Started process (PID=1076) to work on /opt/airflow/dags/project-beginning.py
[2024-09-26T01:11:39.557+0000] {processor.py:914} INFO - Processing file /opt/airflow/dags/project-beginning.py for tasks to queue
[2024-09-26T01:11:39.565+0000] {logging_mixin.py:190} INFO - [2024-09-26T01:11:39.564+0000] {dagbag.py:587} INFO - Filling up the DagBag from /opt/airflow/dags/project-beginning.py
[2024-09-26T01:11:39.606+0000] {processor.py:925} INFO - DAG(s) 'project_satelite' retrieved from /opt/airflow/dags/project-beginning.py
[2024-09-26T01:11:39.685+0000] {logging_mixin.py:190} INFO - [2024-09-26T01:11:39.684+0000] {dag.py:3211} INFO - Sync 1 DAGs
[2024-09-26T01:11:39.841+0000] {processor.py:208} INFO - Processing /opt/airflow/dags/project-beginning.py took 0.306 seconds
[2024-09-26T01:12:10.548+0000] {processor.py:186} INFO - Started process (PID=1086) to work on /opt/airflow/dags/project-beginning.py
[2024-09-26T01:12:10.553+0000] {processor.py:914} INFO - Processing file /opt/airflow/dags/project-beginning.py for tasks to queue
[2024-09-26T01:12:10.558+0000] {logging_mixin.py:190} INFO - [2024-09-26T01:12:10.558+0000] {dagbag.py:587} INFO - Filling up the DagBag from /opt/airflow/dags/project-beginning.py
[2024-09-26T01:12:10.613+0000] {processor.py:925} INFO - DAG(s) 'project_satelite' retrieved from /opt/airflow/dags/project-beginning.py
[2024-09-26T01:12:10.675+0000] {logging_mixin.py:190} INFO - [2024-09-26T01:12:10.675+0000] {dag.py:3211} INFO - Sync 1 DAGs
[2024-09-26T01:12:10.817+0000] {processor.py:208} INFO - Processing /opt/airflow/dags/project-beginning.py took 0.290 seconds
[2024-09-26T01:12:41.389+0000] {processor.py:186} INFO - Started process (PID=1095) to work on /opt/airflow/dags/project-beginning.py
[2024-09-26T01:12:41.390+0000] {processor.py:914} INFO - Processing file /opt/airflow/dags/project-beginning.py for tasks to queue
[2024-09-26T01:12:41.395+0000] {logging_mixin.py:190} INFO - [2024-09-26T01:12:41.394+0000] {dagbag.py:587} INFO - Filling up the DagBag from /opt/airflow/dags/project-beginning.py
[2024-09-26T01:12:41.418+0000] {processor.py:925} INFO - DAG(s) 'project_satelite' retrieved from /opt/airflow/dags/project-beginning.py
[2024-09-26T01:12:41.465+0000] {logging_mixin.py:190} INFO - [2024-09-26T01:12:41.465+0000] {dag.py:3211} INFO - Sync 1 DAGs
[2024-09-26T01:12:41.559+0000] {processor.py:208} INFO - Processing /opt/airflow/dags/project-beginning.py took 0.183 seconds
[2024-09-26T01:13:11.822+0000] {processor.py:186} INFO - Started process (PID=1105) to work on /opt/airflow/dags/project-beginning.py
[2024-09-26T01:13:11.833+0000] {processor.py:914} INFO - Processing file /opt/airflow/dags/project-beginning.py for tasks to queue
[2024-09-26T01:13:11.838+0000] {logging_mixin.py:190} INFO - [2024-09-26T01:13:11.837+0000] {dagbag.py:587} INFO - Filling up the DagBag from /opt/airflow/dags/project-beginning.py
[2024-09-26T01:13:11.864+0000] {processor.py:925} INFO - DAG(s) 'project_satelite' retrieved from /opt/airflow/dags/project-beginning.py
[2024-09-26T01:13:11.915+0000] {logging_mixin.py:190} INFO - [2024-09-26T01:13:11.915+0000] {dag.py:3211} INFO - Sync 1 DAGs
[2024-09-26T01:13:12.021+0000] {processor.py:208} INFO - Processing /opt/airflow/dags/project-beginning.py took 0.214 seconds
[2024-09-26T01:13:42.551+0000] {processor.py:186} INFO - Started process (PID=1116) to work on /opt/airflow/dags/project-beginning.py
[2024-09-26T01:13:42.560+0000] {processor.py:914} INFO - Processing file /opt/airflow/dags/project-beginning.py for tasks to queue
[2024-09-26T01:13:42.565+0000] {logging_mixin.py:190} INFO - [2024-09-26T01:13:42.564+0000] {dagbag.py:587} INFO - Filling up the DagBag from /opt/airflow/dags/project-beginning.py
[2024-09-26T01:13:42.588+0000] {processor.py:925} INFO - DAG(s) 'project_satelite' retrieved from /opt/airflow/dags/project-beginning.py
[2024-09-26T01:13:42.644+0000] {logging_mixin.py:190} INFO - [2024-09-26T01:13:42.644+0000] {dag.py:3211} INFO - Sync 1 DAGs
[2024-09-26T01:13:42.749+0000] {processor.py:208} INFO - Processing /opt/airflow/dags/project-beginning.py took 0.211 seconds
[2024-09-26T01:14:13.022+0000] {processor.py:186} INFO - Started process (PID=1125) to work on /opt/airflow/dags/project-beginning.py
[2024-09-26T01:14:13.023+0000] {processor.py:914} INFO - Processing file /opt/airflow/dags/project-beginning.py for tasks to queue
[2024-09-26T01:14:13.028+0000] {logging_mixin.py:190} INFO - [2024-09-26T01:14:13.027+0000] {dagbag.py:587} INFO - Filling up the DagBag from /opt/airflow/dags/project-beginning.py
[2024-09-26T01:14:13.053+0000] {processor.py:925} INFO - DAG(s) 'project_satelite' retrieved from /opt/airflow/dags/project-beginning.py
[2024-09-26T01:14:13.100+0000] {logging_mixin.py:190} INFO - [2024-09-26T01:14:13.099+0000] {dag.py:3211} INFO - Sync 1 DAGs
[2024-09-26T01:14:13.190+0000] {processor.py:208} INFO - Processing /opt/airflow/dags/project-beginning.py took 0.182 seconds
[2024-09-26T01:14:43.514+0000] {processor.py:186} INFO - Started process (PID=1135) to work on /opt/airflow/dags/project-beginning.py
[2024-09-26T01:14:43.528+0000] {processor.py:914} INFO - Processing file /opt/airflow/dags/project-beginning.py for tasks to queue
[2024-09-26T01:14:43.532+0000] {logging_mixin.py:190} INFO - [2024-09-26T01:14:43.531+0000] {dagbag.py:587} INFO - Filling up the DagBag from /opt/airflow/dags/project-beginning.py
[2024-09-26T01:14:43.554+0000] {processor.py:925} INFO - DAG(s) 'project_satelite' retrieved from /opt/airflow/dags/project-beginning.py
[2024-09-26T01:14:43.601+0000] {logging_mixin.py:190} INFO - [2024-09-26T01:14:43.601+0000] {dag.py:3211} INFO - Sync 1 DAGs
[2024-09-26T01:14:43.692+0000] {processor.py:208} INFO - Processing /opt/airflow/dags/project-beginning.py took 0.191 seconds
[2024-09-26T01:15:14.117+0000] {processor.py:186} INFO - Started process (PID=1144) to work on /opt/airflow/dags/project-beginning.py
[2024-09-26T01:15:14.160+0000] {processor.py:914} INFO - Processing file /opt/airflow/dags/project-beginning.py for tasks to queue
[2024-09-26T01:15:14.164+0000] {logging_mixin.py:190} INFO - [2024-09-26T01:15:14.164+0000] {dagbag.py:587} INFO - Filling up the DagBag from /opt/airflow/dags/project-beginning.py
[2024-09-26T01:15:14.190+0000] {processor.py:925} INFO - DAG(s) 'project_satelite' retrieved from /opt/airflow/dags/project-beginning.py
[2024-09-26T01:15:14.233+0000] {logging_mixin.py:190} INFO - [2024-09-26T01:15:14.233+0000] {dag.py:3211} INFO - Sync 1 DAGs
[2024-09-26T01:15:14.329+0000] {processor.py:208} INFO - Processing /opt/airflow/dags/project-beginning.py took 0.226 seconds
[2024-09-26T01:15:44.822+0000] {processor.py:186} INFO - Started process (PID=1153) to work on /opt/airflow/dags/project-beginning.py
[2024-09-26T01:15:44.835+0000] {processor.py:914} INFO - Processing file /opt/airflow/dags/project-beginning.py for tasks to queue
[2024-09-26T01:15:44.840+0000] {logging_mixin.py:190} INFO - [2024-09-26T01:15:44.840+0000] {dagbag.py:587} INFO - Filling up the DagBag from /opt/airflow/dags/project-beginning.py
[2024-09-26T01:15:44.866+0000] {processor.py:925} INFO - DAG(s) 'project_satelite' retrieved from /opt/airflow/dags/project-beginning.py
[2024-09-26T01:15:44.911+0000] {logging_mixin.py:190} INFO - [2024-09-26T01:15:44.911+0000] {dag.py:3211} INFO - Sync 1 DAGs
[2024-09-26T01:15:45.003+0000] {processor.py:208} INFO - Processing /opt/airflow/dags/project-beginning.py took 0.191 seconds
[2024-09-26T01:16:15.433+0000] {processor.py:186} INFO - Started process (PID=1163) to work on /opt/airflow/dags/project-beginning.py
[2024-09-26T01:16:15.435+0000] {processor.py:914} INFO - Processing file /opt/airflow/dags/project-beginning.py for tasks to queue
[2024-09-26T01:16:15.439+0000] {logging_mixin.py:190} INFO - [2024-09-26T01:16:15.438+0000] {dagbag.py:587} INFO - Filling up the DagBag from /opt/airflow/dags/project-beginning.py
[2024-09-26T01:16:15.463+0000] {processor.py:925} INFO - DAG(s) 'project_satelite' retrieved from /opt/airflow/dags/project-beginning.py
[2024-09-26T01:16:15.510+0000] {logging_mixin.py:190} INFO - [2024-09-26T01:16:15.510+0000] {dag.py:3211} INFO - Sync 1 DAGs
[2024-09-26T01:16:15.595+0000] {processor.py:208} INFO - Processing /opt/airflow/dags/project-beginning.py took 0.185 seconds
[2024-09-26T01:16:46.006+0000] {processor.py:186} INFO - Started process (PID=1173) to work on /opt/airflow/dags/project-beginning.py
[2024-09-26T01:16:46.021+0000] {processor.py:914} INFO - Processing file /opt/airflow/dags/project-beginning.py for tasks to queue
[2024-09-26T01:16:46.025+0000] {logging_mixin.py:190} INFO - [2024-09-26T01:16:46.024+0000] {dagbag.py:587} INFO - Filling up the DagBag from /opt/airflow/dags/project-beginning.py
[2024-09-26T01:16:46.059+0000] {processor.py:925} INFO - DAG(s) 'project_satelite' retrieved from /opt/airflow/dags/project-beginning.py
[2024-09-26T01:16:46.113+0000] {logging_mixin.py:190} INFO - [2024-09-26T01:16:46.113+0000] {dag.py:3211} INFO - Sync 1 DAGs
[2024-09-26T01:16:46.212+0000] {processor.py:208} INFO - Processing /opt/airflow/dags/project-beginning.py took 0.220 seconds
[2024-09-26T01:17:16.744+0000] {processor.py:186} INFO - Started process (PID=1183) to work on /opt/airflow/dags/project-beginning.py
[2024-09-26T01:17:16.764+0000] {processor.py:914} INFO - Processing file /opt/airflow/dags/project-beginning.py for tasks to queue
[2024-09-26T01:17:16.774+0000] {logging_mixin.py:190} INFO - [2024-09-26T01:17:16.774+0000] {dagbag.py:587} INFO - Filling up the DagBag from /opt/airflow/dags/project-beginning.py
[2024-09-26T01:17:16.799+0000] {processor.py:925} INFO - DAG(s) 'project_satelite' retrieved from /opt/airflow/dags/project-beginning.py
[2024-09-26T01:17:16.854+0000] {logging_mixin.py:190} INFO - [2024-09-26T01:17:16.854+0000] {dag.py:3211} INFO - Sync 1 DAGs
[2024-09-26T01:17:16.963+0000] {processor.py:208} INFO - Processing /opt/airflow/dags/project-beginning.py took 0.241 seconds
