[2024-09-20T00:00:28.351+0000] {processor.py:186} INFO - Started process (PID=465) to work on /opt/airflow/dags/satelite/satelite.py
[2024-09-20T00:00:28.352+0000] {processor.py:914} INFO - Processing file /opt/airflow/dags/satelite/satelite.py for tasks to queue
[2024-09-20T00:00:28.363+0000] {logging_mixin.py:190} INFO - [2024-09-20T00:00:28.356+0000] {dagbag.py:587} INFO - Filling up the DagBag from /opt/airflow/dags/satelite/satelite.py
[2024-09-20T00:00:28.395+0000] {processor.py:925} INFO - DAG(s) 'satelite' retrieved from /opt/airflow/dags/satelite/satelite.py
[2024-09-20T00:00:28.450+0000] {logging_mixin.py:190} INFO - [2024-09-20T00:00:28.450+0000] {dag.py:3211} INFO - Sync 1 DAGs
[2024-09-20T00:00:28.531+0000] {logging_mixin.py:190} INFO - [2024-09-20T00:00:28.531+0000] {dag.py:4138} INFO - Setting next_dagrun for satelite to 2024-01-01 00:00:00+00:00, run_after=2024-01-01 00:05:00+00:00
[2024-09-20T00:00:28.639+0000] {processor.py:208} INFO - Processing /opt/airflow/dags/satelite/satelite.py took 0.302 seconds
[2024-09-20T00:00:59.127+0000] {processor.py:186} INFO - Started process (PID=475) to work on /opt/airflow/dags/satelite/satelite.py
[2024-09-20T00:00:59.129+0000] {processor.py:914} INFO - Processing file /opt/airflow/dags/satelite/satelite.py for tasks to queue
[2024-09-20T00:00:59.135+0000] {logging_mixin.py:190} INFO - [2024-09-20T00:00:59.134+0000] {dagbag.py:587} INFO - Filling up the DagBag from /opt/airflow/dags/satelite/satelite.py
[2024-09-20T00:00:59.156+0000] {processor.py:925} INFO - DAG(s) 'satelite' retrieved from /opt/airflow/dags/satelite/satelite.py
[2024-09-20T00:00:59.230+0000] {logging_mixin.py:190} INFO - [2024-09-20T00:00:59.229+0000] {dag.py:3211} INFO - Sync 1 DAGs
[2024-09-20T00:00:59.336+0000] {logging_mixin.py:190} INFO - [2024-09-20T00:00:59.336+0000] {dag.py:4138} INFO - Setting next_dagrun for satelite to 2024-01-01 00:00:00+00:00, run_after=2024-01-01 00:05:00+00:00
[2024-09-20T00:00:59.380+0000] {processor.py:208} INFO - Processing /opt/airflow/dags/satelite/satelite.py took 0.268 seconds
[2024-09-20T00:01:29.818+0000] {processor.py:186} INFO - Started process (PID=485) to work on /opt/airflow/dags/satelite/satelite.py
[2024-09-20T00:01:29.833+0000] {processor.py:914} INFO - Processing file /opt/airflow/dags/satelite/satelite.py for tasks to queue
[2024-09-20T00:01:29.839+0000] {logging_mixin.py:190} INFO - [2024-09-20T00:01:29.839+0000] {dagbag.py:587} INFO - Filling up the DagBag from /opt/airflow/dags/satelite/satelite.py
[2024-09-20T00:01:29.861+0000] {processor.py:925} INFO - DAG(s) 'satelite' retrieved from /opt/airflow/dags/satelite/satelite.py
[2024-09-20T00:01:29.939+0000] {logging_mixin.py:190} INFO - [2024-09-20T00:01:29.939+0000] {dag.py:3211} INFO - Sync 1 DAGs
[2024-09-20T00:01:30.051+0000] {logging_mixin.py:190} INFO - [2024-09-20T00:01:30.050+0000] {dag.py:4138} INFO - Setting next_dagrun for satelite to 2024-01-01 00:00:00+00:00, run_after=2024-01-01 00:05:00+00:00
[2024-09-20T00:01:30.126+0000] {processor.py:208} INFO - Processing /opt/airflow/dags/satelite/satelite.py took 0.327 seconds
[2024-09-20T00:02:00.700+0000] {processor.py:186} INFO - Started process (PID=495) to work on /opt/airflow/dags/satelite/satelite.py
[2024-09-20T00:02:00.701+0000] {processor.py:914} INFO - Processing file /opt/airflow/dags/satelite/satelite.py for tasks to queue
[2024-09-20T00:02:00.711+0000] {logging_mixin.py:190} INFO - [2024-09-20T00:02:00.711+0000] {dagbag.py:587} INFO - Filling up the DagBag from /opt/airflow/dags/satelite/satelite.py
[2024-09-20T00:02:00.735+0000] {processor.py:925} INFO - DAG(s) 'satelite' retrieved from /opt/airflow/dags/satelite/satelite.py
[2024-09-20T00:02:00.781+0000] {logging_mixin.py:190} INFO - [2024-09-20T00:02:00.780+0000] {dag.py:3211} INFO - Sync 1 DAGs
[2024-09-20T00:02:00.852+0000] {logging_mixin.py:190} INFO - [2024-09-20T00:02:00.851+0000] {dag.py:4138} INFO - Setting next_dagrun for satelite to 2024-01-01 00:00:00+00:00, run_after=2024-01-01 00:05:00+00:00
[2024-09-20T00:02:00.897+0000] {processor.py:208} INFO - Processing /opt/airflow/dags/satelite/satelite.py took 0.220 seconds
[2024-09-20T00:02:31.363+0000] {processor.py:186} INFO - Started process (PID=505) to work on /opt/airflow/dags/satelite/satelite.py
[2024-09-20T00:02:31.364+0000] {processor.py:914} INFO - Processing file /opt/airflow/dags/satelite/satelite.py for tasks to queue
[2024-09-20T00:02:31.369+0000] {logging_mixin.py:190} INFO - [2024-09-20T00:02:31.369+0000] {dagbag.py:587} INFO - Filling up the DagBag from /opt/airflow/dags/satelite/satelite.py
[2024-09-20T00:02:31.390+0000] {processor.py:925} INFO - DAG(s) 'satelite' retrieved from /opt/airflow/dags/satelite/satelite.py
[2024-09-20T00:02:31.421+0000] {logging_mixin.py:190} INFO - [2024-09-20T00:02:31.420+0000] {dag.py:3211} INFO - Sync 1 DAGs
[2024-09-20T00:02:31.489+0000] {logging_mixin.py:190} INFO - [2024-09-20T00:02:31.488+0000] {dag.py:4138} INFO - Setting next_dagrun for satelite to 2024-01-01 00:00:00+00:00, run_after=2024-01-01 00:05:00+00:00
[2024-09-20T00:02:31.535+0000] {processor.py:208} INFO - Processing /opt/airflow/dags/satelite/satelite.py took 0.185 seconds
[2024-09-20T00:03:02.012+0000] {processor.py:186} INFO - Started process (PID=515) to work on /opt/airflow/dags/satelite/satelite.py
[2024-09-20T00:03:02.015+0000] {processor.py:914} INFO - Processing file /opt/airflow/dags/satelite/satelite.py for tasks to queue
[2024-09-20T00:03:02.021+0000] {logging_mixin.py:190} INFO - [2024-09-20T00:03:02.020+0000] {dagbag.py:587} INFO - Filling up the DagBag from /opt/airflow/dags/satelite/satelite.py
[2024-09-20T00:03:02.039+0000] {processor.py:925} INFO - DAG(s) 'satelite' retrieved from /opt/airflow/dags/satelite/satelite.py
[2024-09-20T00:03:02.084+0000] {logging_mixin.py:190} INFO - [2024-09-20T00:03:02.083+0000] {dag.py:3211} INFO - Sync 1 DAGs
[2024-09-20T00:03:02.148+0000] {logging_mixin.py:190} INFO - [2024-09-20T00:03:02.148+0000] {dag.py:4138} INFO - Setting next_dagrun for satelite to 2024-01-01 00:00:00+00:00, run_after=2024-01-01 00:05:00+00:00
[2024-09-20T00:03:02.189+0000] {processor.py:208} INFO - Processing /opt/airflow/dags/satelite/satelite.py took 0.191 seconds
[2024-09-20T00:03:32.722+0000] {processor.py:186} INFO - Started process (PID=525) to work on /opt/airflow/dags/satelite/satelite.py
[2024-09-20T00:03:32.724+0000] {processor.py:914} INFO - Processing file /opt/airflow/dags/satelite/satelite.py for tasks to queue
[2024-09-20T00:03:32.736+0000] {logging_mixin.py:190} INFO - [2024-09-20T00:03:32.735+0000] {dagbag.py:587} INFO - Filling up the DagBag from /opt/airflow/dags/satelite/satelite.py
[2024-09-20T00:03:32.784+0000] {processor.py:925} INFO - DAG(s) 'satelite' retrieved from /opt/airflow/dags/satelite/satelite.py
[2024-09-20T00:03:32.934+0000] {logging_mixin.py:190} INFO - [2024-09-20T00:03:32.933+0000] {dag.py:3211} INFO - Sync 1 DAGs
[2024-09-20T00:03:33.059+0000] {logging_mixin.py:190} INFO - [2024-09-20T00:03:33.058+0000] {dag.py:4138} INFO - Setting next_dagrun for satelite to 2024-01-01 00:00:00+00:00, run_after=2024-01-01 00:05:00+00:00
[2024-09-20T00:03:33.141+0000] {processor.py:208} INFO - Processing /opt/airflow/dags/satelite/satelite.py took 0.435 seconds
[2024-09-20T00:04:03.466+0000] {processor.py:186} INFO - Started process (PID=535) to work on /opt/airflow/dags/satelite/satelite.py
[2024-09-20T00:04:03.470+0000] {processor.py:914} INFO - Processing file /opt/airflow/dags/satelite/satelite.py for tasks to queue
[2024-09-20T00:04:03.474+0000] {logging_mixin.py:190} INFO - [2024-09-20T00:04:03.473+0000] {dagbag.py:587} INFO - Filling up the DagBag from /opt/airflow/dags/satelite/satelite.py
[2024-09-20T00:04:03.496+0000] {processor.py:925} INFO - DAG(s) 'satelite' retrieved from /opt/airflow/dags/satelite/satelite.py
[2024-09-20T00:04:03.538+0000] {logging_mixin.py:190} INFO - [2024-09-20T00:04:03.538+0000] {dag.py:3211} INFO - Sync 1 DAGs
[2024-09-20T00:04:03.628+0000] {logging_mixin.py:190} INFO - [2024-09-20T00:04:03.627+0000] {dag.py:4138} INFO - Setting next_dagrun for satelite to 2024-01-01 00:00:00+00:00, run_after=2024-01-01 00:05:00+00:00
[2024-09-20T00:04:03.708+0000] {processor.py:208} INFO - Processing /opt/airflow/dags/satelite/satelite.py took 0.255 seconds
[2024-09-20T00:04:34.076+0000] {processor.py:186} INFO - Started process (PID=545) to work on /opt/airflow/dags/satelite/satelite.py
[2024-09-20T00:04:34.081+0000] {processor.py:914} INFO - Processing file /opt/airflow/dags/satelite/satelite.py for tasks to queue
[2024-09-20T00:04:34.086+0000] {logging_mixin.py:190} INFO - [2024-09-20T00:04:34.086+0000] {dagbag.py:587} INFO - Filling up the DagBag from /opt/airflow/dags/satelite/satelite.py
[2024-09-20T00:04:34.135+0000] {processor.py:925} INFO - DAG(s) 'satelite' retrieved from /opt/airflow/dags/satelite/satelite.py
[2024-09-20T00:04:34.179+0000] {logging_mixin.py:190} INFO - [2024-09-20T00:04:34.178+0000] {dag.py:3211} INFO - Sync 1 DAGs
[2024-09-20T00:04:34.248+0000] {logging_mixin.py:190} INFO - [2024-09-20T00:04:34.247+0000] {dag.py:4138} INFO - Setting next_dagrun for satelite to 2024-01-01 00:00:00+00:00, run_after=2024-01-01 00:05:00+00:00
[2024-09-20T00:04:34.298+0000] {processor.py:208} INFO - Processing /opt/airflow/dags/satelite/satelite.py took 0.239 seconds
[2024-09-20T00:05:04.817+0000] {processor.py:186} INFO - Started process (PID=554) to work on /opt/airflow/dags/satelite/satelite.py
[2024-09-20T00:05:04.840+0000] {processor.py:914} INFO - Processing file /opt/airflow/dags/satelite/satelite.py for tasks to queue
[2024-09-20T00:05:04.863+0000] {logging_mixin.py:190} INFO - [2024-09-20T00:05:04.862+0000] {dagbag.py:587} INFO - Filling up the DagBag from /opt/airflow/dags/satelite/satelite.py
[2024-09-20T00:05:04.913+0000] {processor.py:925} INFO - DAG(s) 'satelite' retrieved from /opt/airflow/dags/satelite/satelite.py
[2024-09-20T00:05:04.998+0000] {logging_mixin.py:190} INFO - [2024-09-20T00:05:04.998+0000] {dag.py:3211} INFO - Sync 1 DAGs
[2024-09-20T00:05:05.115+0000] {logging_mixin.py:190} INFO - [2024-09-20T00:05:05.115+0000] {dag.py:4138} INFO - Setting next_dagrun for satelite to 2024-01-01 00:00:00+00:00, run_after=2024-01-01 00:05:00+00:00
[2024-09-20T00:05:05.160+0000] {processor.py:208} INFO - Processing /opt/airflow/dags/satelite/satelite.py took 0.372 seconds
[2024-09-20T00:05:35.609+0000] {processor.py:186} INFO - Started process (PID=563) to work on /opt/airflow/dags/satelite/satelite.py
[2024-09-20T00:05:35.620+0000] {processor.py:914} INFO - Processing file /opt/airflow/dags/satelite/satelite.py for tasks to queue
[2024-09-20T00:05:35.626+0000] {logging_mixin.py:190} INFO - [2024-09-20T00:05:35.625+0000] {dagbag.py:587} INFO - Filling up the DagBag from /opt/airflow/dags/satelite/satelite.py
[2024-09-20T00:05:35.648+0000] {processor.py:925} INFO - DAG(s) 'satelite' retrieved from /opt/airflow/dags/satelite/satelite.py
[2024-09-20T00:05:35.689+0000] {logging_mixin.py:190} INFO - [2024-09-20T00:05:35.689+0000] {dag.py:3211} INFO - Sync 1 DAGs
[2024-09-20T00:05:35.754+0000] {logging_mixin.py:190} INFO - [2024-09-20T00:05:35.753+0000] {dag.py:4138} INFO - Setting next_dagrun for satelite to 2024-01-01 00:00:00+00:00, run_after=2024-01-01 00:05:00+00:00
[2024-09-20T00:05:35.793+0000] {processor.py:208} INFO - Processing /opt/airflow/dags/satelite/satelite.py took 0.198 seconds
[2024-09-20T00:06:06.317+0000] {processor.py:186} INFO - Started process (PID=579) to work on /opt/airflow/dags/satelite/satelite.py
[2024-09-20T00:06:06.374+0000] {processor.py:914} INFO - Processing file /opt/airflow/dags/satelite/satelite.py for tasks to queue
[2024-09-20T00:06:06.404+0000] {logging_mixin.py:190} INFO - [2024-09-20T00:06:06.403+0000] {dagbag.py:587} INFO - Filling up the DagBag from /opt/airflow/dags/satelite/satelite.py
[2024-09-20T00:06:06.513+0000] {processor.py:925} INFO - DAG(s) 'satelite' retrieved from /opt/airflow/dags/satelite/satelite.py
[2024-09-20T00:06:06.638+0000] {logging_mixin.py:190} INFO - [2024-09-20T00:06:06.638+0000] {dag.py:3211} INFO - Sync 1 DAGs
[2024-09-20T00:06:06.758+0000] {logging_mixin.py:190} INFO - [2024-09-20T00:06:06.757+0000] {dag.py:4138} INFO - Setting next_dagrun for satelite to 2024-01-01 00:00:00+00:00, run_after=2024-01-01 00:05:00+00:00
[2024-09-20T00:06:06.797+0000] {processor.py:208} INFO - Processing /opt/airflow/dags/satelite/satelite.py took 0.524 seconds
[2024-09-20T00:06:37.268+0000] {processor.py:186} INFO - Started process (PID=588) to work on /opt/airflow/dags/satelite/satelite.py
[2024-09-20T00:06:37.303+0000] {processor.py:914} INFO - Processing file /opt/airflow/dags/satelite/satelite.py for tasks to queue
[2024-09-20T00:06:37.307+0000] {logging_mixin.py:190} INFO - [2024-09-20T00:06:37.307+0000] {dagbag.py:587} INFO - Filling up the DagBag from /opt/airflow/dags/satelite/satelite.py
[2024-09-20T00:06:37.330+0000] {processor.py:925} INFO - DAG(s) 'satelite' retrieved from /opt/airflow/dags/satelite/satelite.py
[2024-09-20T00:06:37.385+0000] {logging_mixin.py:190} INFO - [2024-09-20T00:06:37.384+0000] {dag.py:3211} INFO - Sync 1 DAGs
[2024-09-20T00:06:37.489+0000] {logging_mixin.py:190} INFO - [2024-09-20T00:06:37.489+0000] {dag.py:4138} INFO - Setting next_dagrun for satelite to 2024-01-01 00:00:00+00:00, run_after=2024-01-01 00:05:00+00:00
[2024-09-20T00:06:37.540+0000] {processor.py:208} INFO - Processing /opt/airflow/dags/satelite/satelite.py took 0.289 seconds
[2024-09-20T00:07:08.041+0000] {processor.py:186} INFO - Started process (PID=598) to work on /opt/airflow/dags/satelite/satelite.py
[2024-09-20T00:07:08.059+0000] {processor.py:914} INFO - Processing file /opt/airflow/dags/satelite/satelite.py for tasks to queue
[2024-09-20T00:07:08.067+0000] {logging_mixin.py:190} INFO - [2024-09-20T00:07:08.066+0000] {dagbag.py:587} INFO - Filling up the DagBag from /opt/airflow/dags/satelite/satelite.py
[2024-09-20T00:07:08.089+0000] {processor.py:925} INFO - DAG(s) 'satelite' retrieved from /opt/airflow/dags/satelite/satelite.py
[2024-09-20T00:07:08.159+0000] {logging_mixin.py:190} INFO - [2024-09-20T00:07:08.158+0000] {dag.py:3211} INFO - Sync 1 DAGs
[2024-09-20T00:07:08.234+0000] {logging_mixin.py:190} INFO - [2024-09-20T00:07:08.233+0000] {dag.py:4138} INFO - Setting next_dagrun for satelite to 2024-01-01 00:00:00+00:00, run_after=2024-01-01 00:05:00+00:00
[2024-09-20T00:07:08.290+0000] {processor.py:208} INFO - Processing /opt/airflow/dags/satelite/satelite.py took 0.264 seconds
[2024-09-20T00:07:38.626+0000] {processor.py:186} INFO - Started process (PID=608) to work on /opt/airflow/dags/satelite/satelite.py
[2024-09-20T00:07:38.628+0000] {processor.py:914} INFO - Processing file /opt/airflow/dags/satelite/satelite.py for tasks to queue
[2024-09-20T00:07:38.635+0000] {logging_mixin.py:190} INFO - [2024-09-20T00:07:38.634+0000] {dagbag.py:587} INFO - Filling up the DagBag from /opt/airflow/dags/satelite/satelite.py
[2024-09-20T00:07:38.655+0000] {processor.py:925} INFO - DAG(s) 'satelite' retrieved from /opt/airflow/dags/satelite/satelite.py
[2024-09-20T00:07:38.698+0000] {logging_mixin.py:190} INFO - [2024-09-20T00:07:38.697+0000] {dag.py:3211} INFO - Sync 1 DAGs
[2024-09-20T00:07:38.771+0000] {logging_mixin.py:190} INFO - [2024-09-20T00:07:38.770+0000] {dag.py:4138} INFO - Setting next_dagrun for satelite to 2024-01-01 00:00:00+00:00, run_after=2024-01-01 00:05:00+00:00
[2024-09-20T00:07:38.809+0000] {processor.py:208} INFO - Processing /opt/airflow/dags/satelite/satelite.py took 0.195 seconds
[2024-09-20T00:08:09.099+0000] {processor.py:186} INFO - Started process (PID=617) to work on /opt/airflow/dags/satelite/satelite.py
[2024-09-20T00:08:09.102+0000] {processor.py:914} INFO - Processing file /opt/airflow/dags/satelite/satelite.py for tasks to queue
[2024-09-20T00:08:09.112+0000] {logging_mixin.py:190} INFO - [2024-09-20T00:08:09.111+0000] {dagbag.py:587} INFO - Filling up the DagBag from /opt/airflow/dags/satelite/satelite.py
[2024-09-20T00:08:09.139+0000] {processor.py:925} INFO - DAG(s) 'satelite' retrieved from /opt/airflow/dags/satelite/satelite.py
[2024-09-20T00:08:09.192+0000] {logging_mixin.py:190} INFO - [2024-09-20T00:08:09.191+0000] {dag.py:3211} INFO - Sync 1 DAGs
[2024-09-20T00:08:09.264+0000] {logging_mixin.py:190} INFO - [2024-09-20T00:08:09.264+0000] {dag.py:4138} INFO - Setting next_dagrun for satelite to 2024-01-01 00:00:00+00:00, run_after=2024-01-01 00:05:00+00:00
[2024-09-20T00:08:09.304+0000] {processor.py:208} INFO - Processing /opt/airflow/dags/satelite/satelite.py took 0.220 seconds
[2024-09-20T00:08:39.764+0000] {processor.py:186} INFO - Started process (PID=627) to work on /opt/airflow/dags/satelite/satelite.py
[2024-09-20T00:08:39.768+0000] {processor.py:914} INFO - Processing file /opt/airflow/dags/satelite/satelite.py for tasks to queue
[2024-09-20T00:08:39.779+0000] {logging_mixin.py:190} INFO - [2024-09-20T00:08:39.778+0000] {dagbag.py:587} INFO - Filling up the DagBag from /opt/airflow/dags/satelite/satelite.py
[2024-09-20T00:08:39.799+0000] {processor.py:925} INFO - DAG(s) 'satelite' retrieved from /opt/airflow/dags/satelite/satelite.py
[2024-09-20T00:08:39.836+0000] {logging_mixin.py:190} INFO - [2024-09-20T00:08:39.835+0000] {dag.py:3211} INFO - Sync 1 DAGs
[2024-09-20T00:08:39.887+0000] {logging_mixin.py:190} INFO - [2024-09-20T00:08:39.887+0000] {dag.py:4138} INFO - Setting next_dagrun for satelite to 2024-01-01 00:00:00+00:00, run_after=2024-01-01 00:05:00+00:00
[2024-09-20T00:08:39.925+0000] {processor.py:208} INFO - Processing /opt/airflow/dags/satelite/satelite.py took 0.175 seconds
[2024-09-20T00:09:10.494+0000] {processor.py:186} INFO - Started process (PID=637) to work on /opt/airflow/dags/satelite/satelite.py
[2024-09-20T00:09:10.497+0000] {processor.py:914} INFO - Processing file /opt/airflow/dags/satelite/satelite.py for tasks to queue
[2024-09-20T00:09:10.503+0000] {logging_mixin.py:190} INFO - [2024-09-20T00:09:10.503+0000] {dagbag.py:587} INFO - Filling up the DagBag from /opt/airflow/dags/satelite/satelite.py
[2024-09-20T00:09:10.547+0000] {processor.py:925} INFO - DAG(s) 'satelite' retrieved from /opt/airflow/dags/satelite/satelite.py
[2024-09-20T00:09:10.663+0000] {logging_mixin.py:190} INFO - [2024-09-20T00:09:10.663+0000] {dag.py:3211} INFO - Sync 1 DAGs
[2024-09-20T00:09:10.773+0000] {logging_mixin.py:190} INFO - [2024-09-20T00:09:10.772+0000] {dag.py:4138} INFO - Setting next_dagrun for satelite to 2024-01-01 00:00:00+00:00, run_after=2024-01-01 00:05:00+00:00
[2024-09-20T00:09:10.829+0000] {processor.py:208} INFO - Processing /opt/airflow/dags/satelite/satelite.py took 0.350 seconds
[2024-09-20T00:09:41.102+0000] {processor.py:186} INFO - Started process (PID=647) to work on /opt/airflow/dags/satelite/satelite.py
[2024-09-20T00:09:41.119+0000] {processor.py:914} INFO - Processing file /opt/airflow/dags/satelite/satelite.py for tasks to queue
[2024-09-20T00:09:41.125+0000] {logging_mixin.py:190} INFO - [2024-09-20T00:09:41.124+0000] {dagbag.py:587} INFO - Filling up the DagBag from /opt/airflow/dags/satelite/satelite.py
[2024-09-20T00:09:41.142+0000] {processor.py:925} INFO - DAG(s) 'satelite' retrieved from /opt/airflow/dags/satelite/satelite.py
[2024-09-20T00:09:41.177+0000] {logging_mixin.py:190} INFO - [2024-09-20T00:09:41.176+0000] {dag.py:3211} INFO - Sync 1 DAGs
[2024-09-20T00:09:41.223+0000] {logging_mixin.py:190} INFO - [2024-09-20T00:09:41.223+0000] {dag.py:4138} INFO - Setting next_dagrun for satelite to 2024-01-01 00:00:00+00:00, run_after=2024-01-01 00:05:00+00:00
[2024-09-20T00:09:41.258+0000] {processor.py:208} INFO - Processing /opt/airflow/dags/satelite/satelite.py took 0.168 seconds
[2024-09-20T00:10:11.872+0000] {processor.py:186} INFO - Started process (PID=657) to work on /opt/airflow/dags/satelite/satelite.py
[2024-09-20T00:10:11.874+0000] {processor.py:914} INFO - Processing file /opt/airflow/dags/satelite/satelite.py for tasks to queue
[2024-09-20T00:10:11.879+0000] {logging_mixin.py:190} INFO - [2024-09-20T00:10:11.878+0000] {dagbag.py:587} INFO - Filling up the DagBag from /opt/airflow/dags/satelite/satelite.py
[2024-09-20T00:10:11.903+0000] {processor.py:925} INFO - DAG(s) 'satelite' retrieved from /opt/airflow/dags/satelite/satelite.py
[2024-09-20T00:10:11.966+0000] {logging_mixin.py:190} INFO - [2024-09-20T00:10:11.965+0000] {dag.py:3211} INFO - Sync 1 DAGs
[2024-09-20T00:10:12.034+0000] {logging_mixin.py:190} INFO - [2024-09-20T00:10:12.034+0000] {dag.py:4138} INFO - Setting next_dagrun for satelite to 2024-01-01 00:00:00+00:00, run_after=2024-01-01 00:05:00+00:00
[2024-09-20T00:10:12.072+0000] {processor.py:208} INFO - Processing /opt/airflow/dags/satelite/satelite.py took 0.212 seconds
[2024-09-20T00:10:42.523+0000] {processor.py:186} INFO - Started process (PID=667) to work on /opt/airflow/dags/satelite/satelite.py
[2024-09-20T00:10:42.525+0000] {processor.py:914} INFO - Processing file /opt/airflow/dags/satelite/satelite.py for tasks to queue
[2024-09-20T00:10:42.530+0000] {logging_mixin.py:190} INFO - [2024-09-20T00:10:42.529+0000] {dagbag.py:587} INFO - Filling up the DagBag from /opt/airflow/dags/satelite/satelite.py
[2024-09-20T00:10:42.549+0000] {processor.py:925} INFO - DAG(s) 'satelite' retrieved from /opt/airflow/dags/satelite/satelite.py
[2024-09-20T00:10:42.583+0000] {logging_mixin.py:190} INFO - [2024-09-20T00:10:42.583+0000] {dag.py:3211} INFO - Sync 1 DAGs
[2024-09-20T00:10:42.644+0000] {logging_mixin.py:190} INFO - [2024-09-20T00:10:42.643+0000] {dag.py:4138} INFO - Setting next_dagrun for satelite to 2024-01-01 00:00:00+00:00, run_after=2024-01-01 00:05:00+00:00
[2024-09-20T00:10:42.683+0000] {processor.py:208} INFO - Processing /opt/airflow/dags/satelite/satelite.py took 0.172 seconds
[2024-09-20T00:11:13.122+0000] {processor.py:186} INFO - Started process (PID=676) to work on /opt/airflow/dags/satelite/satelite.py
[2024-09-20T00:11:13.124+0000] {processor.py:914} INFO - Processing file /opt/airflow/dags/satelite/satelite.py for tasks to queue
[2024-09-20T00:11:13.134+0000] {logging_mixin.py:190} INFO - [2024-09-20T00:11:13.133+0000] {dagbag.py:587} INFO - Filling up the DagBag from /opt/airflow/dags/satelite/satelite.py
[2024-09-20T00:11:13.155+0000] {processor.py:925} INFO - DAG(s) 'satelite' retrieved from /opt/airflow/dags/satelite/satelite.py
[2024-09-20T00:11:13.200+0000] {logging_mixin.py:190} INFO - [2024-09-20T00:11:13.199+0000] {dag.py:3211} INFO - Sync 1 DAGs
[2024-09-20T00:11:13.271+0000] {logging_mixin.py:190} INFO - [2024-09-20T00:11:13.270+0000] {dag.py:4138} INFO - Setting next_dagrun for satelite to 2024-01-01 00:00:00+00:00, run_after=2024-01-01 00:05:00+00:00
[2024-09-20T00:11:13.314+0000] {processor.py:208} INFO - Processing /opt/airflow/dags/satelite/satelite.py took 0.211 seconds
[2024-09-20T00:11:43.838+0000] {processor.py:186} INFO - Started process (PID=685) to work on /opt/airflow/dags/satelite/satelite.py
[2024-09-20T00:11:43.839+0000] {processor.py:914} INFO - Processing file /opt/airflow/dags/satelite/satelite.py for tasks to queue
[2024-09-20T00:11:43.849+0000] {logging_mixin.py:190} INFO - [2024-09-20T00:11:43.846+0000] {dagbag.py:587} INFO - Filling up the DagBag from /opt/airflow/dags/satelite/satelite.py
[2024-09-20T00:11:43.872+0000] {processor.py:925} INFO - DAG(s) 'satelite' retrieved from /opt/airflow/dags/satelite/satelite.py
[2024-09-20T00:11:44.032+0000] {logging_mixin.py:190} INFO - [2024-09-20T00:11:44.031+0000] {dag.py:3211} INFO - Sync 1 DAGs
[2024-09-20T00:11:44.223+0000] {logging_mixin.py:190} INFO - [2024-09-20T00:11:44.222+0000] {dag.py:4138} INFO - Setting next_dagrun for satelite to 2024-01-01 00:00:00+00:00, run_after=2024-01-01 00:05:00+00:00
[2024-09-20T00:11:44.346+0000] {processor.py:208} INFO - Processing /opt/airflow/dags/satelite/satelite.py took 0.521 seconds
[2024-09-20T00:12:14.994+0000] {processor.py:186} INFO - Started process (PID=699) to work on /opt/airflow/dags/satelite/satelite.py
[2024-09-20T00:12:14.999+0000] {processor.py:914} INFO - Processing file /opt/airflow/dags/satelite/satelite.py for tasks to queue
[2024-09-20T00:12:15.019+0000] {logging_mixin.py:190} INFO - [2024-09-20T00:12:15.018+0000] {dagbag.py:587} INFO - Filling up the DagBag from /opt/airflow/dags/satelite/satelite.py
[2024-09-20T00:12:15.053+0000] {processor.py:925} INFO - DAG(s) 'satelite' retrieved from /opt/airflow/dags/satelite/satelite.py
[2024-09-20T00:12:15.169+0000] {logging_mixin.py:190} INFO - [2024-09-20T00:12:15.168+0000] {dag.py:3211} INFO - Sync 1 DAGs
[2024-09-20T00:12:15.244+0000] {logging_mixin.py:190} INFO - [2024-09-20T00:12:15.243+0000] {dag.py:4138} INFO - Setting next_dagrun for satelite to 2024-01-01 00:00:00+00:00, run_after=2024-01-01 00:05:00+00:00
[2024-09-20T00:12:15.294+0000] {processor.py:208} INFO - Processing /opt/airflow/dags/satelite/satelite.py took 0.319 seconds
[2024-09-20T00:12:45.811+0000] {processor.py:186} INFO - Started process (PID=709) to work on /opt/airflow/dags/satelite/satelite.py
[2024-09-20T00:12:45.818+0000] {processor.py:914} INFO - Processing file /opt/airflow/dags/satelite/satelite.py for tasks to queue
[2024-09-20T00:12:45.824+0000] {logging_mixin.py:190} INFO - [2024-09-20T00:12:45.824+0000] {dagbag.py:587} INFO - Filling up the DagBag from /opt/airflow/dags/satelite/satelite.py
[2024-09-20T00:12:45.847+0000] {processor.py:925} INFO - DAG(s) 'satelite' retrieved from /opt/airflow/dags/satelite/satelite.py
[2024-09-20T00:12:45.909+0000] {logging_mixin.py:190} INFO - [2024-09-20T00:12:45.909+0000] {dag.py:3211} INFO - Sync 1 DAGs
[2024-09-20T00:12:45.999+0000] {logging_mixin.py:190} INFO - [2024-09-20T00:12:45.998+0000] {dag.py:4138} INFO - Setting next_dagrun for satelite to 2024-01-01 00:00:00+00:00, run_after=2024-01-01 00:05:00+00:00
[2024-09-20T00:12:46.035+0000] {processor.py:208} INFO - Processing /opt/airflow/dags/satelite/satelite.py took 0.243 seconds
