[2024-09-15T02:29:44.692+0000] {processor.py:186} INFO - Started process (PID=51) to work on /opt/airflow/dags/nasa/nasa.py
[2024-09-15T02:29:44.693+0000] {processor.py:914} INFO - Processing file /opt/airflow/dags/nasa/nasa.py for tasks to queue
[2024-09-15T02:29:44.702+0000] {logging_mixin.py:190} INFO - [2024-09-15T02:29:44.701+0000] {dagbag.py:587} INFO - Filling up the DagBag from /opt/airflow/dags/nasa/nasa.py
[2024-09-15T02:29:44.734+0000] {processor.py:925} INFO - DAG(s) 'nasa' retrieved from /opt/airflow/dags/nasa/nasa.py
[2024-09-15T02:29:44.858+0000] {logging_mixin.py:190} INFO - [2024-09-15T02:29:44.858+0000] {dag.py:3211} INFO - Sync 1 DAGs
[2024-09-15T02:29:45.003+0000] {logging_mixin.py:190} INFO - [2024-09-15T02:29:45.002+0000] {dag.py:4138} INFO - Setting next_dagrun for nasa to 2024-01-01 00:00:00+00:00, run_after=2024-01-01 00:15:00+00:00
[2024-09-15T02:29:45.134+0000] {processor.py:208} INFO - Processing /opt/airflow/dags/nasa/nasa.py took 0.493 seconds
[2024-09-15T02:30:15.502+0000] {processor.py:186} INFO - Started process (PID=60) to work on /opt/airflow/dags/nasa/nasa.py
[2024-09-15T02:30:15.518+0000] {processor.py:914} INFO - Processing file /opt/airflow/dags/nasa/nasa.py for tasks to queue
[2024-09-15T02:30:15.523+0000] {logging_mixin.py:190} INFO - [2024-09-15T02:30:15.522+0000] {dagbag.py:587} INFO - Filling up the DagBag from /opt/airflow/dags/nasa/nasa.py
[2024-09-15T02:30:15.544+0000] {processor.py:925} INFO - DAG(s) 'nasa' retrieved from /opt/airflow/dags/nasa/nasa.py
[2024-09-15T02:30:15.587+0000] {logging_mixin.py:190} INFO - [2024-09-15T02:30:15.586+0000] {dag.py:3211} INFO - Sync 1 DAGs
[2024-09-15T02:30:15.658+0000] {logging_mixin.py:190} INFO - [2024-09-15T02:30:15.658+0000] {dag.py:4138} INFO - Setting next_dagrun for nasa to 2024-01-01 00:00:00+00:00, run_after=2024-01-01 00:15:00+00:00
[2024-09-15T02:30:15.719+0000] {processor.py:208} INFO - Processing /opt/airflow/dags/nasa/nasa.py took 0.233 seconds
[2024-09-15T02:30:45.979+0000] {processor.py:186} INFO - Started process (PID=68) to work on /opt/airflow/dags/nasa/nasa.py
[2024-09-15T02:30:45.982+0000] {processor.py:914} INFO - Processing file /opt/airflow/dags/nasa/nasa.py for tasks to queue
[2024-09-15T02:30:45.986+0000] {logging_mixin.py:190} INFO - [2024-09-15T02:30:45.985+0000] {dagbag.py:587} INFO - Filling up the DagBag from /opt/airflow/dags/nasa/nasa.py
[2024-09-15T02:30:45.998+0000] {processor.py:925} INFO - DAG(s) 'nasa' retrieved from /opt/airflow/dags/nasa/nasa.py
[2024-09-15T02:30:46.029+0000] {logging_mixin.py:190} INFO - [2024-09-15T02:30:46.028+0000] {dag.py:3211} INFO - Sync 1 DAGs
[2024-09-15T02:30:46.071+0000] {logging_mixin.py:190} INFO - [2024-09-15T02:30:46.070+0000] {dag.py:4138} INFO - Setting next_dagrun for nasa to 2024-01-01 00:00:00+00:00, run_after=2024-01-01 00:15:00+00:00
[2024-09-15T02:30:46.125+0000] {processor.py:208} INFO - Processing /opt/airflow/dags/nasa/nasa.py took 0.157 seconds
[2024-09-15T02:31:16.477+0000] {processor.py:186} INFO - Started process (PID=78) to work on /opt/airflow/dags/nasa/nasa.py
[2024-09-15T02:31:16.500+0000] {processor.py:914} INFO - Processing file /opt/airflow/dags/nasa/nasa.py for tasks to queue
[2024-09-15T02:31:16.503+0000] {logging_mixin.py:190} INFO - [2024-09-15T02:31:16.503+0000] {dagbag.py:587} INFO - Filling up the DagBag from /opt/airflow/dags/nasa/nasa.py
[2024-09-15T02:31:16.515+0000] {processor.py:925} INFO - DAG(s) 'nasa' retrieved from /opt/airflow/dags/nasa/nasa.py
[2024-09-15T02:31:16.548+0000] {logging_mixin.py:190} INFO - [2024-09-15T02:31:16.548+0000] {dag.py:3211} INFO - Sync 1 DAGs
[2024-09-15T02:31:16.593+0000] {logging_mixin.py:190} INFO - [2024-09-15T02:31:16.593+0000] {dag.py:4138} INFO - Setting next_dagrun for nasa to 2024-01-01 00:00:00+00:00, run_after=2024-01-01 00:15:00+00:00
[2024-09-15T02:31:16.644+0000] {processor.py:208} INFO - Processing /opt/airflow/dags/nasa/nasa.py took 0.178 seconds
[2024-09-15T02:31:46.973+0000] {processor.py:186} INFO - Started process (PID=87) to work on /opt/airflow/dags/nasa/nasa.py
[2024-09-15T02:31:46.990+0000] {processor.py:914} INFO - Processing file /opt/airflow/dags/nasa/nasa.py for tasks to queue
[2024-09-15T02:31:46.995+0000] {logging_mixin.py:190} INFO - [2024-09-15T02:31:46.994+0000] {dagbag.py:587} INFO - Filling up the DagBag from /opt/airflow/dags/nasa/nasa.py
[2024-09-15T02:31:47.011+0000] {processor.py:925} INFO - DAG(s) 'nasa' retrieved from /opt/airflow/dags/nasa/nasa.py
[2024-09-15T02:31:47.046+0000] {logging_mixin.py:190} INFO - [2024-09-15T02:31:47.045+0000] {dag.py:3211} INFO - Sync 1 DAGs
[2024-09-15T02:31:47.089+0000] {logging_mixin.py:190} INFO - [2024-09-15T02:31:47.089+0000] {dag.py:4138} INFO - Setting next_dagrun for nasa to 2024-01-01 00:00:00+00:00, run_after=2024-01-01 00:15:00+00:00
[2024-09-15T02:31:47.135+0000] {processor.py:208} INFO - Processing /opt/airflow/dags/nasa/nasa.py took 0.173 seconds
[2024-09-15T02:32:17.822+0000] {processor.py:186} INFO - Started process (PID=96) to work on /opt/airflow/dags/nasa/nasa.py
[2024-09-15T02:32:17.866+0000] {processor.py:914} INFO - Processing file /opt/airflow/dags/nasa/nasa.py for tasks to queue
[2024-09-15T02:32:17.869+0000] {logging_mixin.py:190} INFO - [2024-09-15T02:32:17.868+0000] {dagbag.py:587} INFO - Filling up the DagBag from /opt/airflow/dags/nasa/nasa.py
[2024-09-15T02:32:17.882+0000] {processor.py:925} INFO - DAG(s) 'nasa' retrieved from /opt/airflow/dags/nasa/nasa.py
[2024-09-15T02:32:17.913+0000] {logging_mixin.py:190} INFO - [2024-09-15T02:32:17.913+0000] {dag.py:3211} INFO - Sync 1 DAGs
[2024-09-15T02:32:18.135+0000] {logging_mixin.py:190} INFO - [2024-09-15T02:32:18.135+0000] {dag.py:4138} INFO - Setting next_dagrun for nasa to 2024-01-01 00:00:00+00:00, run_after=2024-01-01 00:15:00+00:00
[2024-09-15T02:32:18.182+0000] {processor.py:208} INFO - Processing /opt/airflow/dags/nasa/nasa.py took 0.371 seconds
[2024-09-15T02:32:48.481+0000] {processor.py:186} INFO - Started process (PID=105) to work on /opt/airflow/dags/nasa/nasa.py
[2024-09-15T02:32:48.500+0000] {processor.py:914} INFO - Processing file /opt/airflow/dags/nasa/nasa.py for tasks to queue
[2024-09-15T02:32:48.503+0000] {logging_mixin.py:190} INFO - [2024-09-15T02:32:48.503+0000] {dagbag.py:587} INFO - Filling up the DagBag from /opt/airflow/dags/nasa/nasa.py
[2024-09-15T02:32:48.516+0000] {processor.py:925} INFO - DAG(s) 'nasa' retrieved from /opt/airflow/dags/nasa/nasa.py
[2024-09-15T02:32:48.550+0000] {logging_mixin.py:190} INFO - [2024-09-15T02:32:48.550+0000] {dag.py:3211} INFO - Sync 1 DAGs
[2024-09-15T02:32:48.759+0000] {logging_mixin.py:190} INFO - [2024-09-15T02:32:48.759+0000] {dag.py:4138} INFO - Setting next_dagrun for nasa to 2024-01-01 00:00:00+00:00, run_after=2024-01-01 00:15:00+00:00
[2024-09-15T02:32:48.799+0000] {processor.py:208} INFO - Processing /opt/airflow/dags/nasa/nasa.py took 0.329 seconds
[2024-09-15T02:33:19.155+0000] {processor.py:186} INFO - Started process (PID=114) to work on /opt/airflow/dags/nasa/nasa.py
[2024-09-15T02:33:19.180+0000] {processor.py:914} INFO - Processing file /opt/airflow/dags/nasa/nasa.py for tasks to queue
[2024-09-15T02:33:19.183+0000] {logging_mixin.py:190} INFO - [2024-09-15T02:33:19.183+0000] {dagbag.py:587} INFO - Filling up the DagBag from /opt/airflow/dags/nasa/nasa.py
[2024-09-15T02:33:19.196+0000] {processor.py:925} INFO - DAG(s) 'nasa' retrieved from /opt/airflow/dags/nasa/nasa.py
[2024-09-15T02:33:19.379+0000] {logging_mixin.py:190} INFO - [2024-09-15T02:33:19.378+0000] {dag.py:3211} INFO - Sync 1 DAGs
[2024-09-15T02:33:19.427+0000] {logging_mixin.py:190} INFO - [2024-09-15T02:33:19.426+0000] {dag.py:4138} INFO - Setting next_dagrun for nasa to 2024-01-01 00:00:00+00:00, run_after=2024-01-01 00:15:00+00:00
[2024-09-15T02:33:19.475+0000] {processor.py:208} INFO - Processing /opt/airflow/dags/nasa/nasa.py took 0.331 seconds
[2024-09-15T02:33:49.943+0000] {processor.py:186} INFO - Started process (PID=123) to work on /opt/airflow/dags/nasa/nasa.py
[2024-09-15T02:33:49.978+0000] {processor.py:914} INFO - Processing file /opt/airflow/dags/nasa/nasa.py for tasks to queue
[2024-09-15T02:33:49.983+0000] {logging_mixin.py:190} INFO - [2024-09-15T02:33:49.982+0000] {dagbag.py:587} INFO - Filling up the DagBag from /opt/airflow/dags/nasa/nasa.py
[2024-09-15T02:33:50.004+0000] {processor.py:925} INFO - DAG(s) 'nasa' retrieved from /opt/airflow/dags/nasa/nasa.py
[2024-09-15T02:33:50.057+0000] {logging_mixin.py:190} INFO - [2024-09-15T02:33:50.056+0000] {dag.py:3211} INFO - Sync 1 DAGs
[2024-09-15T02:33:50.281+0000] {logging_mixin.py:190} INFO - [2024-09-15T02:33:50.281+0000] {dag.py:4138} INFO - Setting next_dagrun for nasa to 2024-01-01 00:00:00+00:00, run_after=2024-01-01 00:15:00+00:00
[2024-09-15T02:33:50.337+0000] {processor.py:208} INFO - Processing /opt/airflow/dags/nasa/nasa.py took 0.408 seconds
[2024-09-15T02:34:20.662+0000] {processor.py:186} INFO - Started process (PID=139) to work on /opt/airflow/dags/nasa/nasa.py
[2024-09-15T02:34:20.672+0000] {processor.py:914} INFO - Processing file /opt/airflow/dags/nasa/nasa.py for tasks to queue
[2024-09-15T02:34:20.675+0000] {logging_mixin.py:190} INFO - [2024-09-15T02:34:20.675+0000] {dagbag.py:587} INFO - Filling up the DagBag from /opt/airflow/dags/nasa/nasa.py
[2024-09-15T02:34:20.689+0000] {processor.py:925} INFO - DAG(s) 'nasa' retrieved from /opt/airflow/dags/nasa/nasa.py
[2024-09-15T02:34:20.722+0000] {logging_mixin.py:190} INFO - [2024-09-15T02:34:20.721+0000] {dag.py:3211} INFO - Sync 1 DAGs
[2024-09-15T02:34:20.778+0000] {logging_mixin.py:190} INFO - [2024-09-15T02:34:20.778+0000] {dag.py:4138} INFO - Setting next_dagrun for nasa to 2024-01-01 00:00:00+00:00, run_after=2024-01-01 00:15:00+00:00
[2024-09-15T02:34:20.817+0000] {processor.py:208} INFO - Processing /opt/airflow/dags/nasa/nasa.py took 0.169 seconds
[2024-09-15T02:34:51.291+0000] {processor.py:186} INFO - Started process (PID=147) to work on /opt/airflow/dags/nasa/nasa.py
[2024-09-15T02:34:51.394+0000] {processor.py:914} INFO - Processing file /opt/airflow/dags/nasa/nasa.py for tasks to queue
[2024-09-15T02:34:51.401+0000] {logging_mixin.py:190} INFO - [2024-09-15T02:34:51.400+0000] {dagbag.py:587} INFO - Filling up the DagBag from /opt/airflow/dags/nasa/nasa.py
[2024-09-15T02:34:51.419+0000] {processor.py:925} INFO - DAG(s) 'nasa' retrieved from /opt/airflow/dags/nasa/nasa.py
[2024-09-15T02:34:51.451+0000] {logging_mixin.py:190} INFO - [2024-09-15T02:34:51.451+0000] {dag.py:3211} INFO - Sync 1 DAGs
[2024-09-15T02:34:51.505+0000] {logging_mixin.py:190} INFO - [2024-09-15T02:34:51.504+0000] {dag.py:4138} INFO - Setting next_dagrun for nasa to 2024-01-01 00:00:00+00:00, run_after=2024-01-01 00:15:00+00:00
[2024-09-15T02:34:51.535+0000] {processor.py:208} INFO - Processing /opt/airflow/dags/nasa/nasa.py took 0.256 seconds
[2024-09-15T02:35:22.193+0000] {processor.py:186} INFO - Started process (PID=156) to work on /opt/airflow/dags/nasa/nasa.py
[2024-09-15T02:35:22.252+0000] {processor.py:914} INFO - Processing file /opt/airflow/dags/nasa/nasa.py for tasks to queue
[2024-09-15T02:35:22.257+0000] {logging_mixin.py:190} INFO - [2024-09-15T02:35:22.257+0000] {dagbag.py:587} INFO - Filling up the DagBag from /opt/airflow/dags/nasa/nasa.py
[2024-09-15T02:35:22.276+0000] {processor.py:925} INFO - DAG(s) 'nasa' retrieved from /opt/airflow/dags/nasa/nasa.py
[2024-09-15T02:35:22.318+0000] {logging_mixin.py:190} INFO - [2024-09-15T02:35:22.318+0000] {dag.py:3211} INFO - Sync 1 DAGs
[2024-09-15T02:35:22.383+0000] {logging_mixin.py:190} INFO - [2024-09-15T02:35:22.382+0000] {dag.py:4138} INFO - Setting next_dagrun for nasa to 2024-01-01 00:00:00+00:00, run_after=2024-01-01 00:15:00+00:00
[2024-09-15T02:35:22.426+0000] {processor.py:208} INFO - Processing /opt/airflow/dags/nasa/nasa.py took 0.258 seconds
[2024-09-15T02:35:52.675+0000] {processor.py:186} INFO - Started process (PID=166) to work on /opt/airflow/dags/nasa/nasa.py
[2024-09-15T02:35:52.739+0000] {processor.py:914} INFO - Processing file /opt/airflow/dags/nasa/nasa.py for tasks to queue
[2024-09-15T02:35:52.744+0000] {logging_mixin.py:190} INFO - [2024-09-15T02:35:52.743+0000] {dagbag.py:587} INFO - Filling up the DagBag from /opt/airflow/dags/nasa/nasa.py
[2024-09-15T02:35:52.760+0000] {processor.py:925} INFO - DAG(s) 'nasa' retrieved from /opt/airflow/dags/nasa/nasa.py
[2024-09-15T02:35:52.796+0000] {logging_mixin.py:190} INFO - [2024-09-15T02:35:52.796+0000] {dag.py:3211} INFO - Sync 1 DAGs
[2024-09-15T02:35:52.853+0000] {logging_mixin.py:190} INFO - [2024-09-15T02:35:52.853+0000] {dag.py:4138} INFO - Setting next_dagrun for nasa to 2024-01-01 00:00:00+00:00, run_after=2024-01-01 00:15:00+00:00
[2024-09-15T02:35:52.885+0000] {processor.py:208} INFO - Processing /opt/airflow/dags/nasa/nasa.py took 0.223 seconds
[2024-09-15T02:36:23.286+0000] {processor.py:186} INFO - Started process (PID=174) to work on /opt/airflow/dags/nasa/nasa.py
[2024-09-15T02:36:23.362+0000] {processor.py:914} INFO - Processing file /opt/airflow/dags/nasa/nasa.py for tasks to queue
[2024-09-15T02:36:23.367+0000] {logging_mixin.py:190} INFO - [2024-09-15T02:36:23.366+0000] {dagbag.py:587} INFO - Filling up the DagBag from /opt/airflow/dags/nasa/nasa.py
[2024-09-15T02:36:23.388+0000] {processor.py:925} INFO - DAG(s) 'nasa' retrieved from /opt/airflow/dags/nasa/nasa.py
[2024-09-15T02:36:23.426+0000] {logging_mixin.py:190} INFO - [2024-09-15T02:36:23.426+0000] {dag.py:3211} INFO - Sync 1 DAGs
[2024-09-15T02:36:23.493+0000] {logging_mixin.py:190} INFO - [2024-09-15T02:36:23.492+0000] {dag.py:4138} INFO - Setting next_dagrun for nasa to 2024-01-01 00:00:00+00:00, run_after=2024-01-01 00:15:00+00:00
[2024-09-15T02:36:23.522+0000] {processor.py:208} INFO - Processing /opt/airflow/dags/nasa/nasa.py took 0.247 seconds
[2024-09-15T02:36:54.064+0000] {processor.py:186} INFO - Started process (PID=183) to work on /opt/airflow/dags/nasa/nasa.py
[2024-09-15T02:36:54.130+0000] {processor.py:914} INFO - Processing file /opt/airflow/dags/nasa/nasa.py for tasks to queue
[2024-09-15T02:36:54.135+0000] {logging_mixin.py:190} INFO - [2024-09-15T02:36:54.135+0000] {dagbag.py:587} INFO - Filling up the DagBag from /opt/airflow/dags/nasa/nasa.py
[2024-09-15T02:36:54.169+0000] {processor.py:925} INFO - DAG(s) 'nasa' retrieved from /opt/airflow/dags/nasa/nasa.py
[2024-09-15T02:36:54.236+0000] {logging_mixin.py:190} INFO - [2024-09-15T02:36:54.236+0000] {dag.py:3211} INFO - Sync 1 DAGs
[2024-09-15T02:36:54.311+0000] {logging_mixin.py:190} INFO - [2024-09-15T02:36:54.310+0000] {dag.py:4138} INFO - Setting next_dagrun for nasa to 2024-01-01 00:00:00+00:00, run_after=2024-01-01 00:15:00+00:00
[2024-09-15T02:36:54.371+0000] {processor.py:208} INFO - Processing /opt/airflow/dags/nasa/nasa.py took 0.326 seconds
[2024-09-15T02:37:24.883+0000] {processor.py:186} INFO - Started process (PID=192) to work on /opt/airflow/dags/nasa/nasa.py
[2024-09-15T02:37:25.042+0000] {processor.py:914} INFO - Processing file /opt/airflow/dags/nasa/nasa.py for tasks to queue
[2024-09-15T02:37:25.047+0000] {logging_mixin.py:190} INFO - [2024-09-15T02:37:25.046+0000] {dagbag.py:587} INFO - Filling up the DagBag from /opt/airflow/dags/nasa/nasa.py
[2024-09-15T02:37:25.071+0000] {processor.py:925} INFO - DAG(s) 'nasa' retrieved from /opt/airflow/dags/nasa/nasa.py
[2024-09-15T02:37:25.113+0000] {logging_mixin.py:190} INFO - [2024-09-15T02:37:25.113+0000] {dag.py:3211} INFO - Sync 1 DAGs
[2024-09-15T02:37:25.178+0000] {logging_mixin.py:190} INFO - [2024-09-15T02:37:25.177+0000] {dag.py:4138} INFO - Setting next_dagrun for nasa to 2024-01-01 00:00:00+00:00, run_after=2024-01-01 00:15:00+00:00
[2024-09-15T02:37:25.215+0000] {processor.py:208} INFO - Processing /opt/airflow/dags/nasa/nasa.py took 0.353 seconds
[2024-09-15T02:37:55.534+0000] {processor.py:186} INFO - Started process (PID=200) to work on /opt/airflow/dags/nasa/nasa.py
[2024-09-15T02:37:55.803+0000] {processor.py:914} INFO - Processing file /opt/airflow/dags/nasa/nasa.py for tasks to queue
[2024-09-15T02:37:55.808+0000] {logging_mixin.py:190} INFO - [2024-09-15T02:37:55.807+0000] {dagbag.py:587} INFO - Filling up the DagBag from /opt/airflow/dags/nasa/nasa.py
[2024-09-15T02:37:55.829+0000] {processor.py:925} INFO - DAG(s) 'nasa' retrieved from /opt/airflow/dags/nasa/nasa.py
[2024-09-15T02:37:55.875+0000] {logging_mixin.py:190} INFO - [2024-09-15T02:37:55.874+0000] {dag.py:3211} INFO - Sync 1 DAGs
[2024-09-15T02:37:55.928+0000] {logging_mixin.py:190} INFO - [2024-09-15T02:37:55.928+0000] {dag.py:4138} INFO - Setting next_dagrun for nasa to 2024-01-01 00:00:00+00:00, run_after=2024-01-01 00:15:00+00:00
[2024-09-15T02:37:55.963+0000] {processor.py:208} INFO - Processing /opt/airflow/dags/nasa/nasa.py took 0.449 seconds
[2024-09-15T02:38:26.769+0000] {processor.py:186} INFO - Started process (PID=209) to work on /opt/airflow/dags/nasa/nasa.py
[2024-09-15T02:38:26.835+0000] {processor.py:914} INFO - Processing file /opt/airflow/dags/nasa/nasa.py for tasks to queue
[2024-09-15T02:38:26.839+0000] {logging_mixin.py:190} INFO - [2024-09-15T02:38:26.838+0000] {dagbag.py:587} INFO - Filling up the DagBag from /opt/airflow/dags/nasa/nasa.py
[2024-09-15T02:38:26.854+0000] {processor.py:925} INFO - DAG(s) 'nasa' retrieved from /opt/airflow/dags/nasa/nasa.py
[2024-09-15T02:38:26.885+0000] {logging_mixin.py:190} INFO - [2024-09-15T02:38:26.885+0000] {dag.py:3211} INFO - Sync 1 DAGs
[2024-09-15T02:38:26.930+0000] {logging_mixin.py:190} INFO - [2024-09-15T02:38:26.930+0000] {dag.py:4138} INFO - Setting next_dagrun for nasa to 2024-01-01 00:00:00+00:00, run_after=2024-01-01 00:15:00+00:00
[2024-09-15T02:38:26.960+0000] {processor.py:208} INFO - Processing /opt/airflow/dags/nasa/nasa.py took 0.202 seconds
[2024-09-15T02:38:57.248+0000] {processor.py:186} INFO - Started process (PID=218) to work on /opt/airflow/dags/nasa/nasa.py
[2024-09-15T02:38:57.259+0000] {processor.py:914} INFO - Processing file /opt/airflow/dags/nasa/nasa.py for tasks to queue
[2024-09-15T02:38:57.263+0000] {logging_mixin.py:190} INFO - [2024-09-15T02:38:57.262+0000] {dagbag.py:587} INFO - Filling up the DagBag from /opt/airflow/dags/nasa/nasa.py
[2024-09-15T02:38:57.281+0000] {processor.py:925} INFO - DAG(s) 'nasa' retrieved from /opt/airflow/dags/nasa/nasa.py
[2024-09-15T02:38:57.319+0000] {logging_mixin.py:190} INFO - [2024-09-15T02:38:57.319+0000] {dag.py:3211} INFO - Sync 1 DAGs
[2024-09-15T02:38:57.357+0000] {logging_mixin.py:190} INFO - [2024-09-15T02:38:57.357+0000] {dag.py:4138} INFO - Setting next_dagrun for nasa to 2024-01-01 00:00:00+00:00, run_after=2024-01-01 00:15:00+00:00
[2024-09-15T02:38:57.384+0000] {processor.py:208} INFO - Processing /opt/airflow/dags/nasa/nasa.py took 0.147 seconds
[2024-09-15T02:39:27.884+0000] {processor.py:186} INFO - Started process (PID=227) to work on /opt/airflow/dags/nasa/nasa.py
[2024-09-15T02:39:27.905+0000] {processor.py:914} INFO - Processing file /opt/airflow/dags/nasa/nasa.py for tasks to queue
[2024-09-15T02:39:27.910+0000] {logging_mixin.py:190} INFO - [2024-09-15T02:39:27.909+0000] {dagbag.py:587} INFO - Filling up the DagBag from /opt/airflow/dags/nasa/nasa.py
[2024-09-15T02:39:27.926+0000] {processor.py:925} INFO - DAG(s) 'nasa' retrieved from /opt/airflow/dags/nasa/nasa.py
[2024-09-15T02:39:27.963+0000] {logging_mixin.py:190} INFO - [2024-09-15T02:39:27.963+0000] {dag.py:3211} INFO - Sync 1 DAGs
[2024-09-15T02:39:28.042+0000] {logging_mixin.py:190} INFO - [2024-09-15T02:39:28.041+0000] {dag.py:4138} INFO - Setting next_dagrun for nasa to 2024-01-01 00:00:00+00:00, run_after=2024-01-01 00:15:00+00:00
[2024-09-15T02:39:28.080+0000] {processor.py:208} INFO - Processing /opt/airflow/dags/nasa/nasa.py took 0.208 seconds
[2024-09-15T02:39:58.485+0000] {processor.py:186} INFO - Started process (PID=236) to work on /opt/airflow/dags/nasa/nasa.py
[2024-09-15T02:39:58.506+0000] {processor.py:914} INFO - Processing file /opt/airflow/dags/nasa/nasa.py for tasks to queue
[2024-09-15T02:39:58.510+0000] {logging_mixin.py:190} INFO - [2024-09-15T02:39:58.509+0000] {dagbag.py:587} INFO - Filling up the DagBag from /opt/airflow/dags/nasa/nasa.py
[2024-09-15T02:39:58.525+0000] {processor.py:925} INFO - DAG(s) 'nasa' retrieved from /opt/airflow/dags/nasa/nasa.py
[2024-09-15T02:39:58.553+0000] {logging_mixin.py:190} INFO - [2024-09-15T02:39:58.553+0000] {dag.py:3211} INFO - Sync 1 DAGs
[2024-09-15T02:39:58.600+0000] {logging_mixin.py:190} INFO - [2024-09-15T02:39:58.600+0000] {dag.py:4138} INFO - Setting next_dagrun for nasa to 2024-01-01 00:00:00+00:00, run_after=2024-01-01 00:15:00+00:00
[2024-09-15T02:39:58.629+0000] {processor.py:208} INFO - Processing /opt/airflow/dags/nasa/nasa.py took 0.156 seconds
[2024-09-15T02:40:28.977+0000] {processor.py:186} INFO - Started process (PID=245) to work on /opt/airflow/dags/nasa/nasa.py
[2024-09-15T02:40:29.015+0000] {processor.py:914} INFO - Processing file /opt/airflow/dags/nasa/nasa.py for tasks to queue
[2024-09-15T02:40:29.020+0000] {logging_mixin.py:190} INFO - [2024-09-15T02:40:29.019+0000] {dagbag.py:587} INFO - Filling up the DagBag from /opt/airflow/dags/nasa/nasa.py
[2024-09-15T02:40:29.036+0000] {processor.py:925} INFO - DAG(s) 'nasa' retrieved from /opt/airflow/dags/nasa/nasa.py
[2024-09-15T02:40:29.067+0000] {logging_mixin.py:190} INFO - [2024-09-15T02:40:29.066+0000] {dag.py:3211} INFO - Sync 1 DAGs
[2024-09-15T02:40:29.114+0000] {logging_mixin.py:190} INFO - [2024-09-15T02:40:29.113+0000] {dag.py:4138} INFO - Setting next_dagrun for nasa to 2024-01-01 00:00:00+00:00, run_after=2024-01-01 00:15:00+00:00
[2024-09-15T02:40:29.149+0000] {processor.py:208} INFO - Processing /opt/airflow/dags/nasa/nasa.py took 0.183 seconds
[2024-09-15T02:40:59.409+0000] {processor.py:186} INFO - Started process (PID=254) to work on /opt/airflow/dags/nasa/nasa.py
[2024-09-15T02:40:59.462+0000] {processor.py:914} INFO - Processing file /opt/airflow/dags/nasa/nasa.py for tasks to queue
[2024-09-15T02:40:59.467+0000] {logging_mixin.py:190} INFO - [2024-09-15T02:40:59.466+0000] {dagbag.py:587} INFO - Filling up the DagBag from /opt/airflow/dags/nasa/nasa.py
[2024-09-15T02:40:59.480+0000] {processor.py:925} INFO - DAG(s) 'nasa' retrieved from /opt/airflow/dags/nasa/nasa.py
[2024-09-15T02:40:59.508+0000] {logging_mixin.py:190} INFO - [2024-09-15T02:40:59.508+0000] {dag.py:3211} INFO - Sync 1 DAGs
[2024-09-15T02:40:59.553+0000] {logging_mixin.py:190} INFO - [2024-09-15T02:40:59.553+0000] {dag.py:4138} INFO - Setting next_dagrun for nasa to 2024-01-01 00:00:00+00:00, run_after=2024-01-01 00:15:00+00:00
[2024-09-15T02:40:59.583+0000] {processor.py:208} INFO - Processing /opt/airflow/dags/nasa/nasa.py took 0.183 seconds
[2024-09-15T02:41:30.027+0000] {processor.py:186} INFO - Started process (PID=263) to work on /opt/airflow/dags/nasa/nasa.py
[2024-09-15T02:41:30.041+0000] {processor.py:914} INFO - Processing file /opt/airflow/dags/nasa/nasa.py for tasks to queue
[2024-09-15T02:41:30.046+0000] {logging_mixin.py:190} INFO - [2024-09-15T02:41:30.045+0000] {dagbag.py:587} INFO - Filling up the DagBag from /opt/airflow/dags/nasa/nasa.py
[2024-09-15T02:41:30.062+0000] {processor.py:925} INFO - DAG(s) 'nasa' retrieved from /opt/airflow/dags/nasa/nasa.py
[2024-09-15T02:41:30.095+0000] {logging_mixin.py:190} INFO - [2024-09-15T02:41:30.094+0000] {dag.py:3211} INFO - Sync 1 DAGs
[2024-09-15T02:41:30.140+0000] {logging_mixin.py:190} INFO - [2024-09-15T02:41:30.140+0000] {dag.py:4138} INFO - Setting next_dagrun for nasa to 2024-01-01 00:00:00+00:00, run_after=2024-01-01 00:15:00+00:00
[2024-09-15T02:41:30.169+0000] {processor.py:208} INFO - Processing /opt/airflow/dags/nasa/nasa.py took 0.156 seconds
[2024-09-15T02:42:00.484+0000] {processor.py:186} INFO - Started process (PID=272) to work on /opt/airflow/dags/nasa/nasa.py
[2024-09-15T02:42:00.498+0000] {processor.py:914} INFO - Processing file /opt/airflow/dags/nasa/nasa.py for tasks to queue
[2024-09-15T02:42:00.503+0000] {logging_mixin.py:190} INFO - [2024-09-15T02:42:00.502+0000] {dagbag.py:587} INFO - Filling up the DagBag from /opt/airflow/dags/nasa/nasa.py
[2024-09-15T02:42:00.523+0000] {processor.py:925} INFO - DAG(s) 'nasa' retrieved from /opt/airflow/dags/nasa/nasa.py
[2024-09-15T02:42:00.556+0000] {logging_mixin.py:190} INFO - [2024-09-15T02:42:00.555+0000] {dag.py:3211} INFO - Sync 1 DAGs
[2024-09-15T02:42:00.602+0000] {logging_mixin.py:190} INFO - [2024-09-15T02:42:00.602+0000] {dag.py:4138} INFO - Setting next_dagrun for nasa to 2024-01-01 00:00:00+00:00, run_after=2024-01-01 00:15:00+00:00
[2024-09-15T02:42:00.640+0000] {processor.py:208} INFO - Processing /opt/airflow/dags/nasa/nasa.py took 0.168 seconds
[2024-09-15T02:42:31.164+0000] {processor.py:186} INFO - Started process (PID=280) to work on /opt/airflow/dags/nasa/nasa.py
[2024-09-15T02:42:31.200+0000] {processor.py:914} INFO - Processing file /opt/airflow/dags/nasa/nasa.py for tasks to queue
[2024-09-15T02:42:31.205+0000] {logging_mixin.py:190} INFO - [2024-09-15T02:42:31.204+0000] {dagbag.py:587} INFO - Filling up the DagBag from /opt/airflow/dags/nasa/nasa.py
[2024-09-15T02:42:31.226+0000] {processor.py:925} INFO - DAG(s) 'nasa' retrieved from /opt/airflow/dags/nasa/nasa.py
[2024-09-15T02:42:31.275+0000] {logging_mixin.py:190} INFO - [2024-09-15T02:42:31.275+0000] {dag.py:3211} INFO - Sync 1 DAGs
[2024-09-15T02:42:31.357+0000] {logging_mixin.py:190} INFO - [2024-09-15T02:42:31.357+0000] {dag.py:4138} INFO - Setting next_dagrun for nasa to 2024-01-01 00:00:00+00:00, run_after=2024-01-01 00:15:00+00:00
[2024-09-15T02:42:31.392+0000] {processor.py:208} INFO - Processing /opt/airflow/dags/nasa/nasa.py took 0.244 seconds
[2024-09-15T02:43:01.655+0000] {processor.py:186} INFO - Started process (PID=289) to work on /opt/airflow/dags/nasa/nasa.py
[2024-09-15T02:43:01.656+0000] {processor.py:914} INFO - Processing file /opt/airflow/dags/nasa/nasa.py for tasks to queue
[2024-09-15T02:43:01.661+0000] {logging_mixin.py:190} INFO - [2024-09-15T02:43:01.660+0000] {dagbag.py:587} INFO - Filling up the DagBag from /opt/airflow/dags/nasa/nasa.py
[2024-09-15T02:43:01.683+0000] {processor.py:925} INFO - DAG(s) 'nasa' retrieved from /opt/airflow/dags/nasa/nasa.py
[2024-09-15T02:43:01.728+0000] {logging_mixin.py:190} INFO - [2024-09-15T02:43:01.727+0000] {dag.py:3211} INFO - Sync 1 DAGs
[2024-09-15T02:43:01.794+0000] {logging_mixin.py:190} INFO - [2024-09-15T02:43:01.793+0000] {dag.py:4138} INFO - Setting next_dagrun for nasa to 2024-01-01 00:00:00+00:00, run_after=2024-01-01 00:15:00+00:00
[2024-09-15T02:43:01.840+0000] {processor.py:208} INFO - Processing /opt/airflow/dags/nasa/nasa.py took 0.201 seconds
[2024-09-15T02:43:32.096+0000] {processor.py:186} INFO - Started process (PID=298) to work on /opt/airflow/dags/nasa/nasa.py
[2024-09-15T02:43:32.115+0000] {processor.py:914} INFO - Processing file /opt/airflow/dags/nasa/nasa.py for tasks to queue
[2024-09-15T02:43:32.121+0000] {logging_mixin.py:190} INFO - [2024-09-15T02:43:32.120+0000] {dagbag.py:587} INFO - Filling up the DagBag from /opt/airflow/dags/nasa/nasa.py
[2024-09-15T02:43:32.142+0000] {processor.py:925} INFO - DAG(s) 'nasa' retrieved from /opt/airflow/dags/nasa/nasa.py
[2024-09-15T02:43:32.188+0000] {logging_mixin.py:190} INFO - [2024-09-15T02:43:32.188+0000] {dag.py:3211} INFO - Sync 1 DAGs
[2024-09-15T02:43:32.254+0000] {logging_mixin.py:190} INFO - [2024-09-15T02:43:32.253+0000] {dag.py:4138} INFO - Setting next_dagrun for nasa to 2024-01-01 00:00:00+00:00, run_after=2024-01-01 00:15:00+00:00
[2024-09-15T02:43:32.297+0000] {processor.py:208} INFO - Processing /opt/airflow/dags/nasa/nasa.py took 0.216 seconds
[2024-09-15T02:44:02.726+0000] {processor.py:186} INFO - Started process (PID=307) to work on /opt/airflow/dags/nasa/nasa.py
[2024-09-15T02:44:02.727+0000] {processor.py:914} INFO - Processing file /opt/airflow/dags/nasa/nasa.py for tasks to queue
[2024-09-15T02:44:02.733+0000] {logging_mixin.py:190} INFO - [2024-09-15T02:44:02.732+0000] {dagbag.py:587} INFO - Filling up the DagBag from /opt/airflow/dags/nasa/nasa.py
[2024-09-15T02:44:02.753+0000] {processor.py:925} INFO - DAG(s) 'nasa' retrieved from /opt/airflow/dags/nasa/nasa.py
[2024-09-15T02:44:02.790+0000] {logging_mixin.py:190} INFO - [2024-09-15T02:44:02.789+0000] {dag.py:3211} INFO - Sync 1 DAGs
[2024-09-15T02:44:02.850+0000] {logging_mixin.py:190} INFO - [2024-09-15T02:44:02.849+0000] {dag.py:4138} INFO - Setting next_dagrun for nasa to 2024-01-01 00:00:00+00:00, run_after=2024-01-01 00:15:00+00:00
[2024-09-15T02:44:02.885+0000] {processor.py:208} INFO - Processing /opt/airflow/dags/nasa/nasa.py took 0.172 seconds
[2024-09-15T02:44:33.188+0000] {processor.py:186} INFO - Started process (PID=316) to work on /opt/airflow/dags/nasa/nasa.py
[2024-09-15T02:44:33.200+0000] {processor.py:914} INFO - Processing file /opt/airflow/dags/nasa/nasa.py for tasks to queue
[2024-09-15T02:44:33.204+0000] {logging_mixin.py:190} INFO - [2024-09-15T02:44:33.203+0000] {dagbag.py:587} INFO - Filling up the DagBag from /opt/airflow/dags/nasa/nasa.py
[2024-09-15T02:44:33.219+0000] {processor.py:925} INFO - DAG(s) 'nasa' retrieved from /opt/airflow/dags/nasa/nasa.py
[2024-09-15T02:44:33.258+0000] {logging_mixin.py:190} INFO - [2024-09-15T02:44:33.258+0000] {dag.py:3211} INFO - Sync 1 DAGs
[2024-09-15T02:44:33.311+0000] {logging_mixin.py:190} INFO - [2024-09-15T02:44:33.311+0000] {dag.py:4138} INFO - Setting next_dagrun for nasa to 2024-01-01 00:00:00+00:00, run_after=2024-01-01 00:15:00+00:00
[2024-09-15T02:44:33.340+0000] {processor.py:208} INFO - Processing /opt/airflow/dags/nasa/nasa.py took 0.163 seconds
[2024-09-15T02:45:03.800+0000] {processor.py:186} INFO - Started process (PID=325) to work on /opt/airflow/dags/nasa/nasa.py
[2024-09-15T02:45:03.802+0000] {processor.py:914} INFO - Processing file /opt/airflow/dags/nasa/nasa.py for tasks to queue
[2024-09-15T02:45:03.808+0000] {logging_mixin.py:190} INFO - [2024-09-15T02:45:03.807+0000] {dagbag.py:587} INFO - Filling up the DagBag from /opt/airflow/dags/nasa/nasa.py
[2024-09-15T02:45:03.830+0000] {processor.py:925} INFO - DAG(s) 'nasa' retrieved from /opt/airflow/dags/nasa/nasa.py
[2024-09-15T02:45:03.874+0000] {logging_mixin.py:190} INFO - [2024-09-15T02:45:03.873+0000] {dag.py:3211} INFO - Sync 1 DAGs
[2024-09-15T02:45:03.951+0000] {logging_mixin.py:190} INFO - [2024-09-15T02:45:03.950+0000] {dag.py:4138} INFO - Setting next_dagrun for nasa to 2024-01-01 00:00:00+00:00, run_after=2024-01-01 00:15:00+00:00
[2024-09-15T02:45:03.997+0000] {processor.py:208} INFO - Processing /opt/airflow/dags/nasa/nasa.py took 0.222 seconds
[2024-09-15T02:45:34.324+0000] {processor.py:186} INFO - Started process (PID=334) to work on /opt/airflow/dags/nasa/nasa.py
[2024-09-15T02:45:34.337+0000] {processor.py:914} INFO - Processing file /opt/airflow/dags/nasa/nasa.py for tasks to queue
[2024-09-15T02:45:34.351+0000] {logging_mixin.py:190} INFO - [2024-09-15T02:45:34.351+0000] {dagbag.py:587} INFO - Filling up the DagBag from /opt/airflow/dags/nasa/nasa.py
[2024-09-15T02:45:34.374+0000] {processor.py:925} INFO - DAG(s) 'nasa' retrieved from /opt/airflow/dags/nasa/nasa.py
[2024-09-15T02:45:34.417+0000] {logging_mixin.py:190} INFO - [2024-09-15T02:45:34.416+0000] {dag.py:3211} INFO - Sync 1 DAGs
[2024-09-15T02:45:34.485+0000] {logging_mixin.py:190} INFO - [2024-09-15T02:45:34.484+0000] {dag.py:4138} INFO - Setting next_dagrun for nasa to 2024-01-01 00:00:00+00:00, run_after=2024-01-01 00:15:00+00:00
[2024-09-15T02:45:34.529+0000] {processor.py:208} INFO - Processing /opt/airflow/dags/nasa/nasa.py took 0.221 seconds
[2024-09-15T02:46:05.066+0000] {processor.py:186} INFO - Started process (PID=343) to work on /opt/airflow/dags/nasa/nasa.py
[2024-09-15T02:46:05.073+0000] {processor.py:914} INFO - Processing file /opt/airflow/dags/nasa/nasa.py for tasks to queue
[2024-09-15T02:46:05.078+0000] {logging_mixin.py:190} INFO - [2024-09-15T02:46:05.077+0000] {dagbag.py:587} INFO - Filling up the DagBag from /opt/airflow/dags/nasa/nasa.py
[2024-09-15T02:46:05.099+0000] {processor.py:925} INFO - DAG(s) 'nasa' retrieved from /opt/airflow/dags/nasa/nasa.py
[2024-09-15T02:46:05.147+0000] {logging_mixin.py:190} INFO - [2024-09-15T02:46:05.146+0000] {dag.py:3211} INFO - Sync 1 DAGs
[2024-09-15T02:46:05.220+0000] {logging_mixin.py:190} INFO - [2024-09-15T02:46:05.220+0000] {dag.py:4138} INFO - Setting next_dagrun for nasa to 2024-01-01 00:00:00+00:00, run_after=2024-01-01 00:15:00+00:00
[2024-09-15T02:46:05.256+0000] {processor.py:208} INFO - Processing /opt/airflow/dags/nasa/nasa.py took 0.207 seconds
[2024-09-15T02:46:35.637+0000] {processor.py:186} INFO - Started process (PID=352) to work on /opt/airflow/dags/nasa/nasa.py
[2024-09-15T02:46:35.654+0000] {processor.py:914} INFO - Processing file /opt/airflow/dags/nasa/nasa.py for tasks to queue
[2024-09-15T02:46:35.659+0000] {logging_mixin.py:190} INFO - [2024-09-15T02:46:35.659+0000] {dagbag.py:587} INFO - Filling up the DagBag from /opt/airflow/dags/nasa/nasa.py
[2024-09-15T02:46:35.679+0000] {processor.py:925} INFO - DAG(s) 'nasa' retrieved from /opt/airflow/dags/nasa/nasa.py
[2024-09-15T02:46:35.742+0000] {logging_mixin.py:190} INFO - [2024-09-15T02:46:35.741+0000] {dag.py:3211} INFO - Sync 1 DAGs
[2024-09-15T02:46:35.828+0000] {logging_mixin.py:190} INFO - [2024-09-15T02:46:35.828+0000] {dag.py:4138} INFO - Setting next_dagrun for nasa to 2024-01-01 00:00:00+00:00, run_after=2024-01-01 00:15:00+00:00
[2024-09-15T02:46:35.868+0000] {processor.py:208} INFO - Processing /opt/airflow/dags/nasa/nasa.py took 0.242 seconds
[2024-09-15T02:47:06.289+0000] {processor.py:186} INFO - Started process (PID=360) to work on /opt/airflow/dags/nasa/nasa.py
[2024-09-15T02:47:06.308+0000] {processor.py:914} INFO - Processing file /opt/airflow/dags/nasa/nasa.py for tasks to queue
[2024-09-15T02:47:06.313+0000] {logging_mixin.py:190} INFO - [2024-09-15T02:47:06.312+0000] {dagbag.py:587} INFO - Filling up the DagBag from /opt/airflow/dags/nasa/nasa.py
[2024-09-15T02:47:06.341+0000] {processor.py:925} INFO - DAG(s) 'nasa' retrieved from /opt/airflow/dags/nasa/nasa.py
[2024-09-15T02:47:06.389+0000] {logging_mixin.py:190} INFO - [2024-09-15T02:47:06.389+0000] {dag.py:3211} INFO - Sync 1 DAGs
[2024-09-15T02:47:06.451+0000] {logging_mixin.py:190} INFO - [2024-09-15T02:47:06.450+0000] {dag.py:4138} INFO - Setting next_dagrun for nasa to 2024-01-01 00:00:00+00:00, run_after=2024-01-01 00:15:00+00:00
[2024-09-15T02:47:06.488+0000] {processor.py:208} INFO - Processing /opt/airflow/dags/nasa/nasa.py took 0.215 seconds
[2024-09-15T02:47:36.810+0000] {processor.py:186} INFO - Started process (PID=369) to work on /opt/airflow/dags/nasa/nasa.py
[2024-09-15T02:47:36.811+0000] {processor.py:914} INFO - Processing file /opt/airflow/dags/nasa/nasa.py for tasks to queue
[2024-09-15T02:47:36.815+0000] {logging_mixin.py:190} INFO - [2024-09-15T02:47:36.815+0000] {dagbag.py:587} INFO - Filling up the DagBag from /opt/airflow/dags/nasa/nasa.py
[2024-09-15T02:47:36.832+0000] {processor.py:925} INFO - DAG(s) 'nasa' retrieved from /opt/airflow/dags/nasa/nasa.py
[2024-09-15T02:47:36.872+0000] {logging_mixin.py:190} INFO - [2024-09-15T02:47:36.872+0000] {dag.py:3211} INFO - Sync 1 DAGs
[2024-09-15T02:47:36.925+0000] {logging_mixin.py:190} INFO - [2024-09-15T02:47:36.924+0000] {dag.py:4138} INFO - Setting next_dagrun for nasa to 2024-01-01 00:00:00+00:00, run_after=2024-01-01 00:15:00+00:00
[2024-09-15T02:47:36.962+0000] {processor.py:208} INFO - Processing /opt/airflow/dags/nasa/nasa.py took 0.165 seconds
[2024-09-15T02:48:07.286+0000] {processor.py:186} INFO - Started process (PID=378) to work on /opt/airflow/dags/nasa/nasa.py
[2024-09-15T02:48:07.288+0000] {processor.py:914} INFO - Processing file /opt/airflow/dags/nasa/nasa.py for tasks to queue
[2024-09-15T02:48:07.292+0000] {logging_mixin.py:190} INFO - [2024-09-15T02:48:07.291+0000] {dagbag.py:587} INFO - Filling up the DagBag from /opt/airflow/dags/nasa/nasa.py
[2024-09-15T02:48:07.306+0000] {processor.py:925} INFO - DAG(s) 'nasa' retrieved from /opt/airflow/dags/nasa/nasa.py
[2024-09-15T02:48:07.335+0000] {logging_mixin.py:190} INFO - [2024-09-15T02:48:07.335+0000] {dag.py:3211} INFO - Sync 1 DAGs
[2024-09-15T02:48:07.380+0000] {logging_mixin.py:190} INFO - [2024-09-15T02:48:07.380+0000] {dag.py:4138} INFO - Setting next_dagrun for nasa to 2024-01-01 00:00:00+00:00, run_after=2024-01-01 00:15:00+00:00
[2024-09-15T02:48:07.410+0000] {processor.py:208} INFO - Processing /opt/airflow/dags/nasa/nasa.py took 0.135 seconds
[2024-09-15T02:48:37.781+0000] {processor.py:186} INFO - Started process (PID=387) to work on /opt/airflow/dags/nasa/nasa.py
[2024-09-15T02:48:37.782+0000] {processor.py:914} INFO - Processing file /opt/airflow/dags/nasa/nasa.py for tasks to queue
[2024-09-15T02:48:37.787+0000] {logging_mixin.py:190} INFO - [2024-09-15T02:48:37.786+0000] {dagbag.py:587} INFO - Filling up the DagBag from /opt/airflow/dags/nasa/nasa.py
[2024-09-15T02:48:37.808+0000] {processor.py:925} INFO - DAG(s) 'nasa' retrieved from /opt/airflow/dags/nasa/nasa.py
[2024-09-15T02:48:37.877+0000] {logging_mixin.py:190} INFO - [2024-09-15T02:48:37.877+0000] {dag.py:3211} INFO - Sync 1 DAGs
[2024-09-15T02:48:37.933+0000] {logging_mixin.py:190} INFO - [2024-09-15T02:48:37.932+0000] {dag.py:4138} INFO - Setting next_dagrun for nasa to 2024-01-01 00:00:00+00:00, run_after=2024-01-01 00:15:00+00:00
[2024-09-15T02:48:37.974+0000] {processor.py:208} INFO - Processing /opt/airflow/dags/nasa/nasa.py took 0.211 seconds
[2024-09-15T02:49:08.305+0000] {processor.py:186} INFO - Started process (PID=396) to work on /opt/airflow/dags/nasa/nasa.py
[2024-09-15T02:49:08.307+0000] {processor.py:914} INFO - Processing file /opt/airflow/dags/nasa/nasa.py for tasks to queue
[2024-09-15T02:49:08.310+0000] {logging_mixin.py:190} INFO - [2024-09-15T02:49:08.309+0000] {dagbag.py:587} INFO - Filling up the DagBag from /opt/airflow/dags/nasa/nasa.py
[2024-09-15T02:49:08.325+0000] {processor.py:925} INFO - DAG(s) 'nasa' retrieved from /opt/airflow/dags/nasa/nasa.py
[2024-09-15T02:49:08.361+0000] {logging_mixin.py:190} INFO - [2024-09-15T02:49:08.360+0000] {dag.py:3211} INFO - Sync 1 DAGs
[2024-09-15T02:49:08.414+0000] {logging_mixin.py:190} INFO - [2024-09-15T02:49:08.414+0000] {dag.py:4138} INFO - Setting next_dagrun for nasa to 2024-01-01 00:00:00+00:00, run_after=2024-01-01 00:15:00+00:00
[2024-09-15T02:49:08.444+0000] {processor.py:208} INFO - Processing /opt/airflow/dags/nasa/nasa.py took 0.151 seconds
[2024-09-15T02:49:38.893+0000] {processor.py:186} INFO - Started process (PID=404) to work on /opt/airflow/dags/nasa/nasa.py
[2024-09-15T02:49:38.895+0000] {processor.py:914} INFO - Processing file /opt/airflow/dags/nasa/nasa.py for tasks to queue
[2024-09-15T02:49:38.907+0000] {logging_mixin.py:190} INFO - [2024-09-15T02:49:38.907+0000] {dagbag.py:587} INFO - Filling up the DagBag from /opt/airflow/dags/nasa/nasa.py
[2024-09-15T02:49:38.969+0000] {processor.py:925} INFO - DAG(s) 'nasa' retrieved from /opt/airflow/dags/nasa/nasa.py
[2024-09-15T02:49:39.087+0000] {logging_mixin.py:190} INFO - [2024-09-15T02:49:39.086+0000] {dag.py:3211} INFO - Sync 1 DAGs
[2024-09-15T02:49:39.190+0000] {logging_mixin.py:190} INFO - [2024-09-15T02:49:39.189+0000] {dag.py:4138} INFO - Setting next_dagrun for nasa to 2024-01-01 00:00:00+00:00, run_after=2024-01-01 00:15:00+00:00
[2024-09-15T02:49:39.267+0000] {processor.py:208} INFO - Processing /opt/airflow/dags/nasa/nasa.py took 0.397 seconds
[2024-09-15T02:50:09.383+0000] {processor.py:186} INFO - Started process (PID=413) to work on /opt/airflow/dags/nasa/nasa.py
[2024-09-15T02:50:09.391+0000] {processor.py:914} INFO - Processing file /opt/airflow/dags/nasa/nasa.py for tasks to queue
[2024-09-15T02:50:09.396+0000] {logging_mixin.py:190} INFO - [2024-09-15T02:50:09.395+0000] {dagbag.py:587} INFO - Filling up the DagBag from /opt/airflow/dags/nasa/nasa.py
[2024-09-15T02:50:09.414+0000] {processor.py:925} INFO - DAG(s) 'nasa' retrieved from /opt/airflow/dags/nasa/nasa.py
[2024-09-15T02:50:09.453+0000] {logging_mixin.py:190} INFO - [2024-09-15T02:50:09.453+0000] {dag.py:3211} INFO - Sync 1 DAGs
[2024-09-15T02:50:09.503+0000] {logging_mixin.py:190} INFO - [2024-09-15T02:50:09.502+0000] {dag.py:4138} INFO - Setting next_dagrun for nasa to 2024-01-01 00:00:00+00:00, run_after=2024-01-01 00:15:00+00:00
[2024-09-15T02:50:09.541+0000] {processor.py:208} INFO - Processing /opt/airflow/dags/nasa/nasa.py took 0.171 seconds
[2024-09-15T02:50:39.833+0000] {processor.py:186} INFO - Started process (PID=421) to work on /opt/airflow/dags/nasa/nasa.py
[2024-09-15T02:50:39.849+0000] {processor.py:914} INFO - Processing file /opt/airflow/dags/nasa/nasa.py for tasks to queue
[2024-09-15T02:50:39.854+0000] {logging_mixin.py:190} INFO - [2024-09-15T02:50:39.853+0000] {dagbag.py:587} INFO - Filling up the DagBag from /opt/airflow/dags/nasa/nasa.py
[2024-09-15T02:50:39.874+0000] {processor.py:925} INFO - DAG(s) 'nasa' retrieved from /opt/airflow/dags/nasa/nasa.py
[2024-09-15T02:50:39.915+0000] {logging_mixin.py:190} INFO - [2024-09-15T02:50:39.914+0000] {dag.py:3211} INFO - Sync 1 DAGs
[2024-09-15T02:50:39.977+0000] {logging_mixin.py:190} INFO - [2024-09-15T02:50:39.977+0000] {dag.py:4138} INFO - Setting next_dagrun for nasa to 2024-01-01 00:00:00+00:00, run_after=2024-01-01 00:15:00+00:00
[2024-09-15T02:50:40.010+0000] {processor.py:208} INFO - Processing /opt/airflow/dags/nasa/nasa.py took 0.191 seconds
[2024-09-15T02:51:10.349+0000] {processor.py:186} INFO - Started process (PID=430) to work on /opt/airflow/dags/nasa/nasa.py
[2024-09-15T02:51:10.352+0000] {processor.py:914} INFO - Processing file /opt/airflow/dags/nasa/nasa.py for tasks to queue
[2024-09-15T02:51:10.363+0000] {logging_mixin.py:190} INFO - [2024-09-15T02:51:10.357+0000] {dagbag.py:587} INFO - Filling up the DagBag from /opt/airflow/dags/nasa/nasa.py
[2024-09-15T02:51:10.389+0000] {processor.py:925} INFO - DAG(s) 'nasa' retrieved from /opt/airflow/dags/nasa/nasa.py
[2024-09-15T02:51:10.445+0000] {logging_mixin.py:190} INFO - [2024-09-15T02:51:10.444+0000] {dag.py:3211} INFO - Sync 1 DAGs
[2024-09-15T02:51:10.517+0000] {logging_mixin.py:190} INFO - [2024-09-15T02:51:10.516+0000] {dag.py:4138} INFO - Setting next_dagrun for nasa to 2024-01-01 00:00:00+00:00, run_after=2024-01-01 00:15:00+00:00
[2024-09-15T02:51:10.559+0000] {processor.py:208} INFO - Processing /opt/airflow/dags/nasa/nasa.py took 0.229 seconds
[2024-09-15T02:51:41.023+0000] {processor.py:186} INFO - Started process (PID=439) to work on /opt/airflow/dags/nasa/nasa.py
[2024-09-15T02:51:41.024+0000] {processor.py:914} INFO - Processing file /opt/airflow/dags/nasa/nasa.py for tasks to queue
[2024-09-15T02:51:41.030+0000] {logging_mixin.py:190} INFO - [2024-09-15T02:51:41.029+0000] {dagbag.py:587} INFO - Filling up the DagBag from /opt/airflow/dags/nasa/nasa.py
[2024-09-15T02:51:41.068+0000] {processor.py:925} INFO - DAG(s) 'nasa' retrieved from /opt/airflow/dags/nasa/nasa.py
[2024-09-15T02:51:41.137+0000] {logging_mixin.py:190} INFO - [2024-09-15T02:51:41.133+0000] {dag.py:3211} INFO - Sync 1 DAGs
[2024-09-15T02:51:41.241+0000] {logging_mixin.py:190} INFO - [2024-09-15T02:51:41.241+0000] {dag.py:4138} INFO - Setting next_dagrun for nasa to 2024-01-01 00:00:00+00:00, run_after=2024-01-01 00:15:00+00:00
[2024-09-15T02:51:41.289+0000] {processor.py:208} INFO - Processing /opt/airflow/dags/nasa/nasa.py took 0.280 seconds
[2024-09-15T02:52:11.553+0000] {processor.py:186} INFO - Started process (PID=449) to work on /opt/airflow/dags/nasa/nasa.py
[2024-09-15T02:52:11.555+0000] {processor.py:914} INFO - Processing file /opt/airflow/dags/nasa/nasa.py for tasks to queue
[2024-09-15T02:52:11.560+0000] {logging_mixin.py:190} INFO - [2024-09-15T02:52:11.559+0000] {dagbag.py:587} INFO - Filling up the DagBag from /opt/airflow/dags/nasa/nasa.py
[2024-09-15T02:52:11.582+0000] {processor.py:925} INFO - DAG(s) 'nasa' retrieved from /opt/airflow/dags/nasa/nasa.py
[2024-09-15T02:52:11.633+0000] {logging_mixin.py:190} INFO - [2024-09-15T02:52:11.632+0000] {dag.py:3211} INFO - Sync 1 DAGs
[2024-09-15T02:52:11.695+0000] {logging_mixin.py:190} INFO - [2024-09-15T02:52:11.695+0000] {dag.py:4138} INFO - Setting next_dagrun for nasa to 2024-01-01 00:00:00+00:00, run_after=2024-01-01 00:15:00+00:00
[2024-09-15T02:52:11.734+0000] {processor.py:208} INFO - Processing /opt/airflow/dags/nasa/nasa.py took 0.196 seconds
[2024-09-15T02:52:42.121+0000] {processor.py:186} INFO - Started process (PID=458) to work on /opt/airflow/dags/nasa/nasa.py
[2024-09-15T02:52:42.130+0000] {processor.py:914} INFO - Processing file /opt/airflow/dags/nasa/nasa.py for tasks to queue
[2024-09-15T02:52:42.136+0000] {logging_mixin.py:190} INFO - [2024-09-15T02:52:42.135+0000] {dagbag.py:587} INFO - Filling up the DagBag from /opt/airflow/dags/nasa/nasa.py
[2024-09-15T02:52:42.160+0000] {processor.py:925} INFO - DAG(s) 'nasa' retrieved from /opt/airflow/dags/nasa/nasa.py
[2024-09-15T02:52:42.211+0000] {logging_mixin.py:190} INFO - [2024-09-15T02:52:42.211+0000] {dag.py:3211} INFO - Sync 1 DAGs
[2024-09-15T02:52:42.279+0000] {logging_mixin.py:190} INFO - [2024-09-15T02:52:42.278+0000] {dag.py:4138} INFO - Setting next_dagrun for nasa to 2024-01-01 00:00:00+00:00, run_after=2024-01-01 00:15:00+00:00
[2024-09-15T02:52:42.326+0000] {processor.py:208} INFO - Processing /opt/airflow/dags/nasa/nasa.py took 0.223 seconds
[2024-09-15T02:53:12.766+0000] {processor.py:186} INFO - Started process (PID=467) to work on /opt/airflow/dags/nasa/nasa.py
[2024-09-15T02:53:12.767+0000] {processor.py:914} INFO - Processing file /opt/airflow/dags/nasa/nasa.py for tasks to queue
[2024-09-15T02:53:12.770+0000] {logging_mixin.py:190} INFO - [2024-09-15T02:53:12.770+0000] {dagbag.py:587} INFO - Filling up the DagBag from /opt/airflow/dags/nasa/nasa.py
[2024-09-15T02:53:12.787+0000] {processor.py:925} INFO - DAG(s) 'nasa' retrieved from /opt/airflow/dags/nasa/nasa.py
[2024-09-15T02:53:12.830+0000] {logging_mixin.py:190} INFO - [2024-09-15T02:53:12.830+0000] {dag.py:3211} INFO - Sync 1 DAGs
[2024-09-15T02:53:12.888+0000] {logging_mixin.py:190} INFO - [2024-09-15T02:53:12.888+0000] {dag.py:4138} INFO - Setting next_dagrun for nasa to 2024-01-01 00:00:00+00:00, run_after=2024-01-01 00:15:00+00:00
[2024-09-15T02:53:12.929+0000] {processor.py:208} INFO - Processing /opt/airflow/dags/nasa/nasa.py took 0.175 seconds
[2024-09-15T02:53:43.255+0000] {processor.py:186} INFO - Started process (PID=476) to work on /opt/airflow/dags/nasa/nasa.py
[2024-09-15T02:53:43.257+0000] {processor.py:914} INFO - Processing file /opt/airflow/dags/nasa/nasa.py for tasks to queue
[2024-09-15T02:53:43.262+0000] {logging_mixin.py:190} INFO - [2024-09-15T02:53:43.261+0000] {dagbag.py:587} INFO - Filling up the DagBag from /opt/airflow/dags/nasa/nasa.py
[2024-09-15T02:53:43.284+0000] {processor.py:925} INFO - DAG(s) 'nasa' retrieved from /opt/airflow/dags/nasa/nasa.py
[2024-09-15T02:53:43.343+0000] {logging_mixin.py:190} INFO - [2024-09-15T02:53:43.342+0000] {dag.py:3211} INFO - Sync 1 DAGs
[2024-09-15T02:53:43.413+0000] {logging_mixin.py:190} INFO - [2024-09-15T02:53:43.412+0000] {dag.py:4138} INFO - Setting next_dagrun for nasa to 2024-01-01 00:00:00+00:00, run_after=2024-01-01 00:15:00+00:00
[2024-09-15T02:53:43.458+0000] {processor.py:208} INFO - Processing /opt/airflow/dags/nasa/nasa.py took 0.220 seconds
[2024-09-15T02:54:13.807+0000] {processor.py:186} INFO - Started process (PID=485) to work on /opt/airflow/dags/nasa/nasa.py
[2024-09-15T02:54:13.822+0000] {processor.py:914} INFO - Processing file /opt/airflow/dags/nasa/nasa.py for tasks to queue
[2024-09-15T02:54:13.828+0000] {logging_mixin.py:190} INFO - [2024-09-15T02:54:13.827+0000] {dagbag.py:587} INFO - Filling up the DagBag from /opt/airflow/dags/nasa/nasa.py
[2024-09-15T02:54:13.848+0000] {processor.py:925} INFO - DAG(s) 'nasa' retrieved from /opt/airflow/dags/nasa/nasa.py
[2024-09-15T02:54:13.887+0000] {logging_mixin.py:190} INFO - [2024-09-15T02:54:13.887+0000] {dag.py:3211} INFO - Sync 1 DAGs
[2024-09-15T02:54:13.951+0000] {logging_mixin.py:190} INFO - [2024-09-15T02:54:13.950+0000] {dag.py:4138} INFO - Setting next_dagrun for nasa to 2024-01-01 00:00:00+00:00, run_after=2024-01-01 00:15:00+00:00
[2024-09-15T02:54:13.988+0000] {processor.py:208} INFO - Processing /opt/airflow/dags/nasa/nasa.py took 0.194 seconds
[2024-09-15T02:54:44.366+0000] {processor.py:186} INFO - Started process (PID=493) to work on /opt/airflow/dags/nasa/nasa.py
[2024-09-15T02:54:44.367+0000] {processor.py:914} INFO - Processing file /opt/airflow/dags/nasa/nasa.py for tasks to queue
[2024-09-15T02:54:44.376+0000] {logging_mixin.py:190} INFO - [2024-09-15T02:54:44.375+0000] {dagbag.py:587} INFO - Filling up the DagBag from /opt/airflow/dags/nasa/nasa.py
[2024-09-15T02:54:44.399+0000] {processor.py:925} INFO - DAG(s) 'nasa' retrieved from /opt/airflow/dags/nasa/nasa.py
[2024-09-15T02:54:44.438+0000] {logging_mixin.py:190} INFO - [2024-09-15T02:54:44.437+0000] {dag.py:3211} INFO - Sync 1 DAGs
[2024-09-15T02:54:44.498+0000] {logging_mixin.py:190} INFO - [2024-09-15T02:54:44.497+0000] {dag.py:4138} INFO - Setting next_dagrun for nasa to 2024-01-01 00:00:00+00:00, run_after=2024-01-01 00:15:00+00:00
[2024-09-15T02:54:44.535+0000] {processor.py:208} INFO - Processing /opt/airflow/dags/nasa/nasa.py took 0.183 seconds
[2024-09-15T02:55:14.777+0000] {processor.py:186} INFO - Started process (PID=502) to work on /opt/airflow/dags/nasa/nasa.py
[2024-09-15T02:55:14.796+0000] {processor.py:914} INFO - Processing file /opt/airflow/dags/nasa/nasa.py for tasks to queue
[2024-09-15T02:55:14.800+0000] {logging_mixin.py:190} INFO - [2024-09-15T02:55:14.799+0000] {dagbag.py:587} INFO - Filling up the DagBag from /opt/airflow/dags/nasa/nasa.py
[2024-09-15T02:55:14.815+0000] {processor.py:925} INFO - DAG(s) 'nasa' retrieved from /opt/airflow/dags/nasa/nasa.py
[2024-09-15T02:55:14.849+0000] {logging_mixin.py:190} INFO - [2024-09-15T02:55:14.848+0000] {dag.py:3211} INFO - Sync 1 DAGs
[2024-09-15T02:55:14.902+0000] {logging_mixin.py:190} INFO - [2024-09-15T02:55:14.901+0000] {dag.py:4138} INFO - Setting next_dagrun for nasa to 2024-01-01 00:00:00+00:00, run_after=2024-01-01 00:15:00+00:00
[2024-09-15T02:55:14.931+0000] {processor.py:208} INFO - Processing /opt/airflow/dags/nasa/nasa.py took 0.164 seconds
[2024-09-15T02:55:45.243+0000] {processor.py:186} INFO - Started process (PID=510) to work on /opt/airflow/dags/nasa/nasa.py
[2024-09-15T02:55:45.244+0000] {processor.py:914} INFO - Processing file /opt/airflow/dags/nasa/nasa.py for tasks to queue
[2024-09-15T02:55:45.250+0000] {logging_mixin.py:190} INFO - [2024-09-15T02:55:45.249+0000] {dagbag.py:587} INFO - Filling up the DagBag from /opt/airflow/dags/nasa/nasa.py
[2024-09-15T02:55:45.271+0000] {processor.py:925} INFO - DAG(s) 'nasa' retrieved from /opt/airflow/dags/nasa/nasa.py
[2024-09-15T02:55:45.322+0000] {logging_mixin.py:190} INFO - [2024-09-15T02:55:45.322+0000] {dag.py:3211} INFO - Sync 1 DAGs
[2024-09-15T02:55:45.411+0000] {logging_mixin.py:190} INFO - [2024-09-15T02:55:45.411+0000] {dag.py:4138} INFO - Setting next_dagrun for nasa to 2024-01-01 00:00:00+00:00, run_after=2024-01-01 00:15:00+00:00
[2024-09-15T02:55:45.467+0000] {processor.py:208} INFO - Processing /opt/airflow/dags/nasa/nasa.py took 0.239 seconds
[2024-09-15T02:56:16.025+0000] {processor.py:186} INFO - Started process (PID=519) to work on /opt/airflow/dags/nasa/nasa.py
[2024-09-15T02:56:16.028+0000] {processor.py:914} INFO - Processing file /opt/airflow/dags/nasa/nasa.py for tasks to queue
[2024-09-15T02:56:16.033+0000] {logging_mixin.py:190} INFO - [2024-09-15T02:56:16.033+0000] {dagbag.py:587} INFO - Filling up the DagBag from /opt/airflow/dags/nasa/nasa.py
[2024-09-15T02:56:16.050+0000] {processor.py:925} INFO - DAG(s) 'nasa' retrieved from /opt/airflow/dags/nasa/nasa.py
[2024-09-15T02:56:16.085+0000] {logging_mixin.py:190} INFO - [2024-09-15T02:56:16.085+0000] {dag.py:3211} INFO - Sync 1 DAGs
[2024-09-15T02:56:16.153+0000] {logging_mixin.py:190} INFO - [2024-09-15T02:56:16.153+0000] {dag.py:4138} INFO - Setting next_dagrun for nasa to 2024-01-01 00:00:00+00:00, run_after=2024-01-01 00:15:00+00:00
[2024-09-15T02:56:16.189+0000] {processor.py:208} INFO - Processing /opt/airflow/dags/nasa/nasa.py took 0.176 seconds
[2024-09-15T02:56:46.570+0000] {processor.py:186} INFO - Started process (PID=528) to work on /opt/airflow/dags/nasa/nasa.py
[2024-09-15T02:56:46.571+0000] {processor.py:914} INFO - Processing file /opt/airflow/dags/nasa/nasa.py for tasks to queue
[2024-09-15T02:56:46.577+0000] {logging_mixin.py:190} INFO - [2024-09-15T02:56:46.576+0000] {dagbag.py:587} INFO - Filling up the DagBag from /opt/airflow/dags/nasa/nasa.py
[2024-09-15T02:56:46.602+0000] {processor.py:925} INFO - DAG(s) 'nasa' retrieved from /opt/airflow/dags/nasa/nasa.py
[2024-09-15T02:56:46.655+0000] {logging_mixin.py:190} INFO - [2024-09-15T02:56:46.654+0000] {dag.py:3211} INFO - Sync 1 DAGs
[2024-09-15T02:56:46.727+0000] {logging_mixin.py:190} INFO - [2024-09-15T02:56:46.726+0000] {dag.py:4138} INFO - Setting next_dagrun for nasa to 2024-01-01 00:00:00+00:00, run_after=2024-01-01 00:15:00+00:00
[2024-09-15T02:56:46.770+0000] {processor.py:208} INFO - Processing /opt/airflow/dags/nasa/nasa.py took 0.222 seconds
[2024-09-15T02:57:17.488+0000] {processor.py:186} INFO - Started process (PID=537) to work on /opt/airflow/dags/nasa/nasa.py
[2024-09-15T02:57:17.505+0000] {processor.py:914} INFO - Processing file /opt/airflow/dags/nasa/nasa.py for tasks to queue
[2024-09-15T02:57:17.509+0000] {logging_mixin.py:190} INFO - [2024-09-15T02:57:17.509+0000] {dagbag.py:587} INFO - Filling up the DagBag from /opt/airflow/dags/nasa/nasa.py
[2024-09-15T02:57:17.532+0000] {processor.py:925} INFO - DAG(s) 'nasa' retrieved from /opt/airflow/dags/nasa/nasa.py
[2024-09-15T02:57:17.578+0000] {logging_mixin.py:190} INFO - [2024-09-15T02:57:17.577+0000] {dag.py:3211} INFO - Sync 1 DAGs
[2024-09-15T02:57:17.649+0000] {logging_mixin.py:190} INFO - [2024-09-15T02:57:17.649+0000] {dag.py:4138} INFO - Setting next_dagrun for nasa to 2024-01-01 00:00:00+00:00, run_after=2024-01-01 00:15:00+00:00
[2024-09-15T02:57:17.689+0000] {processor.py:208} INFO - Processing /opt/airflow/dags/nasa/nasa.py took 0.219 seconds
[2024-09-15T02:57:48.155+0000] {processor.py:186} INFO - Started process (PID=545) to work on /opt/airflow/dags/nasa/nasa.py
[2024-09-15T02:57:48.156+0000] {processor.py:914} INFO - Processing file /opt/airflow/dags/nasa/nasa.py for tasks to queue
[2024-09-15T02:57:48.161+0000] {logging_mixin.py:190} INFO - [2024-09-15T02:57:48.161+0000] {dagbag.py:587} INFO - Filling up the DagBag from /opt/airflow/dags/nasa/nasa.py
[2024-09-15T02:57:48.215+0000] {processor.py:925} INFO - DAG(s) 'nasa' retrieved from /opt/airflow/dags/nasa/nasa.py
[2024-09-15T02:57:48.292+0000] {logging_mixin.py:190} INFO - [2024-09-15T02:57:48.291+0000] {dag.py:3211} INFO - Sync 1 DAGs
[2024-09-15T02:57:48.415+0000] {logging_mixin.py:190} INFO - [2024-09-15T02:57:48.415+0000] {dag.py:4138} INFO - Setting next_dagrun for nasa to 2024-01-01 00:00:00+00:00, run_after=2024-01-01 00:15:00+00:00
[2024-09-15T02:57:48.480+0000] {processor.py:208} INFO - Processing /opt/airflow/dags/nasa/nasa.py took 0.342 seconds
[2024-09-15T02:58:18.679+0000] {processor.py:186} INFO - Started process (PID=554) to work on /opt/airflow/dags/nasa/nasa.py
[2024-09-15T02:58:18.686+0000] {processor.py:914} INFO - Processing file /opt/airflow/dags/nasa/nasa.py for tasks to queue
[2024-09-15T02:58:18.691+0000] {logging_mixin.py:190} INFO - [2024-09-15T02:58:18.690+0000] {dagbag.py:587} INFO - Filling up the DagBag from /opt/airflow/dags/nasa/nasa.py
[2024-09-15T02:58:18.710+0000] {processor.py:925} INFO - DAG(s) 'nasa' retrieved from /opt/airflow/dags/nasa/nasa.py
[2024-09-15T02:58:18.753+0000] {logging_mixin.py:190} INFO - [2024-09-15T02:58:18.752+0000] {dag.py:3211} INFO - Sync 1 DAGs
[2024-09-15T02:58:18.817+0000] {logging_mixin.py:190} INFO - [2024-09-15T02:58:18.816+0000] {dag.py:4138} INFO - Setting next_dagrun for nasa to 2024-01-01 00:00:00+00:00, run_after=2024-01-01 00:15:00+00:00
[2024-09-15T02:58:18.872+0000] {processor.py:208} INFO - Processing /opt/airflow/dags/nasa/nasa.py took 0.203 seconds
[2024-09-15T02:58:49.236+0000] {processor.py:186} INFO - Started process (PID=563) to work on /opt/airflow/dags/nasa/nasa.py
[2024-09-15T02:58:49.237+0000] {processor.py:914} INFO - Processing file /opt/airflow/dags/nasa/nasa.py for tasks to queue
[2024-09-15T02:58:49.243+0000] {logging_mixin.py:190} INFO - [2024-09-15T02:58:49.242+0000] {dagbag.py:587} INFO - Filling up the DagBag from /opt/airflow/dags/nasa/nasa.py
[2024-09-15T02:58:49.261+0000] {processor.py:925} INFO - DAG(s) 'nasa' retrieved from /opt/airflow/dags/nasa/nasa.py
[2024-09-15T02:58:49.328+0000] {logging_mixin.py:190} INFO - [2024-09-15T02:58:49.327+0000] {dag.py:3211} INFO - Sync 1 DAGs
[2024-09-15T02:58:49.420+0000] {logging_mixin.py:190} INFO - [2024-09-15T02:58:49.419+0000] {dag.py:4138} INFO - Setting next_dagrun for nasa to 2024-01-01 00:00:00+00:00, run_after=2024-01-01 00:15:00+00:00
[2024-09-15T02:58:49.469+0000] {processor.py:208} INFO - Processing /opt/airflow/dags/nasa/nasa.py took 0.247 seconds
[2024-09-15T02:59:19.758+0000] {processor.py:186} INFO - Started process (PID=572) to work on /opt/airflow/dags/nasa/nasa.py
[2024-09-15T02:59:19.764+0000] {processor.py:914} INFO - Processing file /opt/airflow/dags/nasa/nasa.py for tasks to queue
[2024-09-15T02:59:19.774+0000] {logging_mixin.py:190} INFO - [2024-09-15T02:59:19.773+0000] {dagbag.py:587} INFO - Filling up the DagBag from /opt/airflow/dags/nasa/nasa.py
[2024-09-15T02:59:19.804+0000] {processor.py:925} INFO - DAG(s) 'nasa' retrieved from /opt/airflow/dags/nasa/nasa.py
[2024-09-15T02:59:19.845+0000] {logging_mixin.py:190} INFO - [2024-09-15T02:59:19.845+0000] {dag.py:3211} INFO - Sync 1 DAGs
[2024-09-15T02:59:19.915+0000] {logging_mixin.py:190} INFO - [2024-09-15T02:59:19.914+0000] {dag.py:4138} INFO - Setting next_dagrun for nasa to 2024-01-01 00:00:00+00:00, run_after=2024-01-01 00:15:00+00:00
[2024-09-15T02:59:19.953+0000] {processor.py:208} INFO - Processing /opt/airflow/dags/nasa/nasa.py took 0.244 seconds
[2024-09-15T02:59:50.257+0000] {processor.py:186} INFO - Started process (PID=581) to work on /opt/airflow/dags/nasa/nasa.py
[2024-09-15T02:59:50.269+0000] {processor.py:914} INFO - Processing file /opt/airflow/dags/nasa/nasa.py for tasks to queue
[2024-09-15T02:59:50.276+0000] {logging_mixin.py:190} INFO - [2024-09-15T02:59:50.275+0000] {dagbag.py:587} INFO - Filling up the DagBag from /opt/airflow/dags/nasa/nasa.py
[2024-09-15T02:59:50.298+0000] {processor.py:925} INFO - DAG(s) 'nasa' retrieved from /opt/airflow/dags/nasa/nasa.py
[2024-09-15T02:59:50.337+0000] {logging_mixin.py:190} INFO - [2024-09-15T02:59:50.336+0000] {dag.py:3211} INFO - Sync 1 DAGs
[2024-09-15T02:59:50.399+0000] {logging_mixin.py:190} INFO - [2024-09-15T02:59:50.398+0000] {dag.py:4138} INFO - Setting next_dagrun for nasa to 2024-01-01 00:00:00+00:00, run_after=2024-01-01 00:15:00+00:00
[2024-09-15T02:59:50.431+0000] {processor.py:208} INFO - Processing /opt/airflow/dags/nasa/nasa.py took 0.188 seconds
[2024-09-15T03:00:20.684+0000] {processor.py:186} INFO - Started process (PID=589) to work on /opt/airflow/dags/nasa/nasa.py
[2024-09-15T03:00:20.685+0000] {processor.py:914} INFO - Processing file /opt/airflow/dags/nasa/nasa.py for tasks to queue
[2024-09-15T03:00:20.689+0000] {logging_mixin.py:190} INFO - [2024-09-15T03:00:20.688+0000] {dagbag.py:587} INFO - Filling up the DagBag from /opt/airflow/dags/nasa/nasa.py
[2024-09-15T03:00:20.706+0000] {processor.py:925} INFO - DAG(s) 'nasa' retrieved from /opt/airflow/dags/nasa/nasa.py
[2024-09-15T03:00:20.739+0000] {logging_mixin.py:190} INFO - [2024-09-15T03:00:20.738+0000] {dag.py:3211} INFO - Sync 1 DAGs
[2024-09-15T03:00:20.796+0000] {logging_mixin.py:190} INFO - [2024-09-15T03:00:20.795+0000] {dag.py:4138} INFO - Setting next_dagrun for nasa to 2024-01-01 00:00:00+00:00, run_after=2024-01-01 00:15:00+00:00
[2024-09-15T03:00:20.828+0000] {processor.py:208} INFO - Processing /opt/airflow/dags/nasa/nasa.py took 0.154 seconds
[2024-09-15T03:00:51.261+0000] {processor.py:186} INFO - Started process (PID=598) to work on /opt/airflow/dags/nasa/nasa.py
[2024-09-15T03:00:51.263+0000] {processor.py:914} INFO - Processing file /opt/airflow/dags/nasa/nasa.py for tasks to queue
[2024-09-15T03:00:51.267+0000] {logging_mixin.py:190} INFO - [2024-09-15T03:00:51.267+0000] {dagbag.py:587} INFO - Filling up the DagBag from /opt/airflow/dags/nasa/nasa.py
[2024-09-15T03:00:51.286+0000] {processor.py:925} INFO - DAG(s) 'nasa' retrieved from /opt/airflow/dags/nasa/nasa.py
[2024-09-15T03:00:51.323+0000] {logging_mixin.py:190} INFO - [2024-09-15T03:00:51.322+0000] {dag.py:3211} INFO - Sync 1 DAGs
[2024-09-15T03:00:51.386+0000] {logging_mixin.py:190} INFO - [2024-09-15T03:00:51.385+0000] {dag.py:4138} INFO - Setting next_dagrun for nasa to 2024-01-01 00:00:00+00:00, run_after=2024-01-01 00:15:00+00:00
[2024-09-15T03:00:51.421+0000] {processor.py:208} INFO - Processing /opt/airflow/dags/nasa/nasa.py took 0.173 seconds
[2024-09-15T03:01:21.652+0000] {processor.py:186} INFO - Started process (PID=606) to work on /opt/airflow/dags/nasa/nasa.py
[2024-09-15T03:01:21.653+0000] {processor.py:914} INFO - Processing file /opt/airflow/dags/nasa/nasa.py for tasks to queue
[2024-09-15T03:01:21.656+0000] {logging_mixin.py:190} INFO - [2024-09-15T03:01:21.656+0000] {dagbag.py:587} INFO - Filling up the DagBag from /opt/airflow/dags/nasa/nasa.py
[2024-09-15T03:01:21.672+0000] {processor.py:925} INFO - DAG(s) 'nasa' retrieved from /opt/airflow/dags/nasa/nasa.py
[2024-09-15T03:01:21.706+0000] {logging_mixin.py:190} INFO - [2024-09-15T03:01:21.705+0000] {dag.py:3211} INFO - Sync 1 DAGs
[2024-09-15T03:01:21.752+0000] {logging_mixin.py:190} INFO - [2024-09-15T03:01:21.751+0000] {dag.py:4138} INFO - Setting next_dagrun for nasa to 2024-01-01 00:00:00+00:00, run_after=2024-01-01 00:15:00+00:00
[2024-09-15T03:01:21.779+0000] {processor.py:208} INFO - Processing /opt/airflow/dags/nasa/nasa.py took 0.137 seconds
[2024-09-15T03:01:52.098+0000] {processor.py:186} INFO - Started process (PID=615) to work on /opt/airflow/dags/nasa/nasa.py
[2024-09-15T03:01:52.100+0000] {processor.py:914} INFO - Processing file /opt/airflow/dags/nasa/nasa.py for tasks to queue
[2024-09-15T03:01:52.103+0000] {logging_mixin.py:190} INFO - [2024-09-15T03:01:52.102+0000] {dagbag.py:587} INFO - Filling up the DagBag from /opt/airflow/dags/nasa/nasa.py
[2024-09-15T03:01:52.117+0000] {processor.py:925} INFO - DAG(s) 'nasa' retrieved from /opt/airflow/dags/nasa/nasa.py
[2024-09-15T03:01:52.149+0000] {logging_mixin.py:190} INFO - [2024-09-15T03:01:52.149+0000] {dag.py:3211} INFO - Sync 1 DAGs
[2024-09-15T03:01:52.196+0000] {logging_mixin.py:190} INFO - [2024-09-15T03:01:52.195+0000] {dag.py:4138} INFO - Setting next_dagrun for nasa to 2024-01-01 00:00:00+00:00, run_after=2024-01-01 00:15:00+00:00
[2024-09-15T03:01:52.223+0000] {processor.py:208} INFO - Processing /opt/airflow/dags/nasa/nasa.py took 0.135 seconds
[2024-09-15T03:02:22.558+0000] {processor.py:186} INFO - Started process (PID=623) to work on /opt/airflow/dags/nasa/nasa.py
[2024-09-15T03:02:22.560+0000] {processor.py:914} INFO - Processing file /opt/airflow/dags/nasa/nasa.py for tasks to queue
[2024-09-15T03:02:22.565+0000] {logging_mixin.py:190} INFO - [2024-09-15T03:02:22.564+0000] {dagbag.py:587} INFO - Filling up the DagBag from /opt/airflow/dags/nasa/nasa.py
[2024-09-15T03:02:22.581+0000] {processor.py:925} INFO - DAG(s) 'nasa' retrieved from /opt/airflow/dags/nasa/nasa.py
[2024-09-15T03:02:22.610+0000] {logging_mixin.py:190} INFO - [2024-09-15T03:02:22.609+0000] {dag.py:3211} INFO - Sync 1 DAGs
[2024-09-15T03:02:22.651+0000] {logging_mixin.py:190} INFO - [2024-09-15T03:02:22.650+0000] {dag.py:4138} INFO - Setting next_dagrun for nasa to 2024-01-01 00:00:00+00:00, run_after=2024-01-01 00:15:00+00:00
[2024-09-15T03:02:22.678+0000] {processor.py:208} INFO - Processing /opt/airflow/dags/nasa/nasa.py took 0.130 seconds
[2024-09-15T03:02:53.040+0000] {processor.py:186} INFO - Started process (PID=632) to work on /opt/airflow/dags/nasa/nasa.py
[2024-09-15T03:02:53.041+0000] {processor.py:914} INFO - Processing file /opt/airflow/dags/nasa/nasa.py for tasks to queue
[2024-09-15T03:02:53.048+0000] {logging_mixin.py:190} INFO - [2024-09-15T03:02:53.047+0000] {dagbag.py:587} INFO - Filling up the DagBag from /opt/airflow/dags/nasa/nasa.py
[2024-09-15T03:02:53.069+0000] {processor.py:925} INFO - DAG(s) 'nasa' retrieved from /opt/airflow/dags/nasa/nasa.py
[2024-09-15T03:02:53.104+0000] {logging_mixin.py:190} INFO - [2024-09-15T03:02:53.103+0000] {dag.py:3211} INFO - Sync 1 DAGs
[2024-09-15T03:02:53.165+0000] {logging_mixin.py:190} INFO - [2024-09-15T03:02:53.164+0000] {dag.py:4138} INFO - Setting next_dagrun for nasa to 2024-01-01 00:00:00+00:00, run_after=2024-01-01 00:15:00+00:00
[2024-09-15T03:02:53.209+0000] {processor.py:208} INFO - Processing /opt/airflow/dags/nasa/nasa.py took 0.186 seconds
[2024-09-15T03:03:23.475+0000] {processor.py:186} INFO - Started process (PID=641) to work on /opt/airflow/dags/nasa/nasa.py
[2024-09-15T03:03:23.497+0000] {processor.py:914} INFO - Processing file /opt/airflow/dags/nasa/nasa.py for tasks to queue
[2024-09-15T03:03:23.501+0000] {logging_mixin.py:190} INFO - [2024-09-15T03:03:23.500+0000] {dagbag.py:587} INFO - Filling up the DagBag from /opt/airflow/dags/nasa/nasa.py
[2024-09-15T03:03:23.517+0000] {processor.py:925} INFO - DAG(s) 'nasa' retrieved from /opt/airflow/dags/nasa/nasa.py
[2024-09-15T03:03:23.549+0000] {logging_mixin.py:190} INFO - [2024-09-15T03:03:23.548+0000] {dag.py:3211} INFO - Sync 1 DAGs
[2024-09-15T03:03:23.594+0000] {logging_mixin.py:190} INFO - [2024-09-15T03:03:23.593+0000] {dag.py:4138} INFO - Setting next_dagrun for nasa to 2024-01-01 00:00:00+00:00, run_after=2024-01-01 00:15:00+00:00
[2024-09-15T03:03:23.622+0000] {processor.py:208} INFO - Processing /opt/airflow/dags/nasa/nasa.py took 0.158 seconds
[2024-09-15T03:03:54.205+0000] {processor.py:186} INFO - Started process (PID=650) to work on /opt/airflow/dags/nasa/nasa.py
[2024-09-15T03:03:54.207+0000] {processor.py:914} INFO - Processing file /opt/airflow/dags/nasa/nasa.py for tasks to queue
[2024-09-15T03:03:54.212+0000] {logging_mixin.py:190} INFO - [2024-09-15T03:03:54.211+0000] {dagbag.py:587} INFO - Filling up the DagBag from /opt/airflow/dags/nasa/nasa.py
[2024-09-15T03:03:54.234+0000] {processor.py:925} INFO - DAG(s) 'nasa' retrieved from /opt/airflow/dags/nasa/nasa.py
[2024-09-15T03:03:54.277+0000] {logging_mixin.py:190} INFO - [2024-09-15T03:03:54.277+0000] {dag.py:3211} INFO - Sync 1 DAGs
[2024-09-15T03:03:54.342+0000] {logging_mixin.py:190} INFO - [2024-09-15T03:03:54.341+0000] {dag.py:4138} INFO - Setting next_dagrun for nasa to 2024-01-01 00:00:00+00:00, run_after=2024-01-01 00:15:00+00:00
[2024-09-15T03:03:54.383+0000] {processor.py:208} INFO - Processing /opt/airflow/dags/nasa/nasa.py took 0.191 seconds
[2024-09-15T03:04:24.753+0000] {processor.py:186} INFO - Started process (PID=658) to work on /opt/airflow/dags/nasa/nasa.py
[2024-09-15T03:04:24.754+0000] {processor.py:914} INFO - Processing file /opt/airflow/dags/nasa/nasa.py for tasks to queue
[2024-09-15T03:04:24.759+0000] {logging_mixin.py:190} INFO - [2024-09-15T03:04:24.758+0000] {dagbag.py:587} INFO - Filling up the DagBag from /opt/airflow/dags/nasa/nasa.py
[2024-09-15T03:04:24.781+0000] {processor.py:925} INFO - DAG(s) 'nasa' retrieved from /opt/airflow/dags/nasa/nasa.py
[2024-09-15T03:04:24.821+0000] {logging_mixin.py:190} INFO - [2024-09-15T03:04:24.821+0000] {dag.py:3211} INFO - Sync 1 DAGs
[2024-09-15T03:04:24.889+0000] {logging_mixin.py:190} INFO - [2024-09-15T03:04:24.889+0000] {dag.py:4138} INFO - Setting next_dagrun for nasa to 2024-01-01 00:00:00+00:00, run_after=2024-01-01 00:15:00+00:00
[2024-09-15T03:04:24.938+0000] {processor.py:208} INFO - Processing /opt/airflow/dags/nasa/nasa.py took 0.211 seconds
[2024-09-15T03:04:55.178+0000] {processor.py:186} INFO - Started process (PID=667) to work on /opt/airflow/dags/nasa/nasa.py
[2024-09-15T03:04:55.179+0000] {processor.py:914} INFO - Processing file /opt/airflow/dags/nasa/nasa.py for tasks to queue
[2024-09-15T03:04:55.184+0000] {logging_mixin.py:190} INFO - [2024-09-15T03:04:55.183+0000] {dagbag.py:587} INFO - Filling up the DagBag from /opt/airflow/dags/nasa/nasa.py
[2024-09-15T03:04:55.204+0000] {processor.py:925} INFO - DAG(s) 'nasa' retrieved from /opt/airflow/dags/nasa/nasa.py
[2024-09-15T03:04:55.250+0000] {logging_mixin.py:190} INFO - [2024-09-15T03:04:55.250+0000] {dag.py:3211} INFO - Sync 1 DAGs
[2024-09-15T03:04:55.313+0000] {logging_mixin.py:190} INFO - [2024-09-15T03:04:55.313+0000] {dag.py:4138} INFO - Setting next_dagrun for nasa to 2024-01-01 00:00:00+00:00, run_after=2024-01-01 00:15:00+00:00
[2024-09-15T03:04:55.350+0000] {processor.py:208} INFO - Processing /opt/airflow/dags/nasa/nasa.py took 0.189 seconds
[2024-09-15T03:05:25.721+0000] {processor.py:186} INFO - Started process (PID=676) to work on /opt/airflow/dags/nasa/nasa.py
[2024-09-15T03:05:25.723+0000] {processor.py:914} INFO - Processing file /opt/airflow/dags/nasa/nasa.py for tasks to queue
[2024-09-15T03:05:25.729+0000] {logging_mixin.py:190} INFO - [2024-09-15T03:05:25.728+0000] {dagbag.py:587} INFO - Filling up the DagBag from /opt/airflow/dags/nasa/nasa.py
[2024-09-15T03:05:25.749+0000] {processor.py:925} INFO - DAG(s) 'nasa' retrieved from /opt/airflow/dags/nasa/nasa.py
[2024-09-15T03:05:25.793+0000] {logging_mixin.py:190} INFO - [2024-09-15T03:05:25.793+0000] {dag.py:3211} INFO - Sync 1 DAGs
[2024-09-15T03:05:25.857+0000] {logging_mixin.py:190} INFO - [2024-09-15T03:05:25.856+0000] {dag.py:4138} INFO - Setting next_dagrun for nasa to 2024-01-01 00:00:00+00:00, run_after=2024-01-01 00:15:00+00:00
[2024-09-15T03:05:25.897+0000] {processor.py:208} INFO - Processing /opt/airflow/dags/nasa/nasa.py took 0.190 seconds
[2024-09-15T03:05:56.150+0000] {processor.py:186} INFO - Started process (PID=684) to work on /opt/airflow/dags/nasa/nasa.py
[2024-09-15T03:05:56.151+0000] {processor.py:914} INFO - Processing file /opt/airflow/dags/nasa/nasa.py for tasks to queue
[2024-09-15T03:05:56.158+0000] {logging_mixin.py:190} INFO - [2024-09-15T03:05:56.157+0000] {dagbag.py:587} INFO - Filling up the DagBag from /opt/airflow/dags/nasa/nasa.py
[2024-09-15T03:05:56.190+0000] {processor.py:925} INFO - DAG(s) 'nasa' retrieved from /opt/airflow/dags/nasa/nasa.py
[2024-09-15T03:05:56.233+0000] {logging_mixin.py:190} INFO - [2024-09-15T03:05:56.233+0000] {dag.py:3211} INFO - Sync 1 DAGs
[2024-09-15T03:05:56.301+0000] {logging_mixin.py:190} INFO - [2024-09-15T03:05:56.300+0000] {dag.py:4138} INFO - Setting next_dagrun for nasa to 2024-01-01 00:00:00+00:00, run_after=2024-01-01 00:15:00+00:00
[2024-09-15T03:05:56.343+0000] {processor.py:208} INFO - Processing /opt/airflow/dags/nasa/nasa.py took 0.219 seconds
[2024-09-15T03:06:26.582+0000] {processor.py:186} INFO - Started process (PID=693) to work on /opt/airflow/dags/nasa/nasa.py
[2024-09-15T03:06:26.594+0000] {processor.py:914} INFO - Processing file /opt/airflow/dags/nasa/nasa.py for tasks to queue
[2024-09-15T03:06:26.600+0000] {logging_mixin.py:190} INFO - [2024-09-15T03:06:26.599+0000] {dagbag.py:587} INFO - Filling up the DagBag from /opt/airflow/dags/nasa/nasa.py
[2024-09-15T03:06:26.617+0000] {processor.py:925} INFO - DAG(s) 'nasa' retrieved from /opt/airflow/dags/nasa/nasa.py
[2024-09-15T03:06:26.647+0000] {logging_mixin.py:190} INFO - [2024-09-15T03:06:26.647+0000] {dag.py:3211} INFO - Sync 1 DAGs
[2024-09-15T03:06:26.695+0000] {logging_mixin.py:190} INFO - [2024-09-15T03:06:26.695+0000] {dag.py:4138} INFO - Setting next_dagrun for nasa to 2024-01-01 00:00:00+00:00, run_after=2024-01-01 00:15:00+00:00
[2024-09-15T03:06:26.729+0000] {processor.py:208} INFO - Processing /opt/airflow/dags/nasa/nasa.py took 0.157 seconds
[2024-09-15T03:06:57.047+0000] {processor.py:186} INFO - Started process (PID=702) to work on /opt/airflow/dags/nasa/nasa.py
[2024-09-15T03:06:57.048+0000] {processor.py:914} INFO - Processing file /opt/airflow/dags/nasa/nasa.py for tasks to queue
[2024-09-15T03:06:57.052+0000] {logging_mixin.py:190} INFO - [2024-09-15T03:06:57.052+0000] {dagbag.py:587} INFO - Filling up the DagBag from /opt/airflow/dags/nasa/nasa.py
[2024-09-15T03:06:57.068+0000] {processor.py:925} INFO - DAG(s) 'nasa' retrieved from /opt/airflow/dags/nasa/nasa.py
[2024-09-15T03:06:57.098+0000] {logging_mixin.py:190} INFO - [2024-09-15T03:06:57.098+0000] {dag.py:3211} INFO - Sync 1 DAGs
[2024-09-15T03:06:57.144+0000] {logging_mixin.py:190} INFO - [2024-09-15T03:06:57.143+0000] {dag.py:4138} INFO - Setting next_dagrun for nasa to 2024-01-01 00:00:00+00:00, run_after=2024-01-01 00:15:00+00:00
[2024-09-15T03:06:57.172+0000] {processor.py:208} INFO - Processing /opt/airflow/dags/nasa/nasa.py took 0.135 seconds
[2024-09-15T03:07:27.510+0000] {processor.py:186} INFO - Started process (PID=710) to work on /opt/airflow/dags/nasa/nasa.py
[2024-09-15T03:07:27.511+0000] {processor.py:914} INFO - Processing file /opt/airflow/dags/nasa/nasa.py for tasks to queue
[2024-09-15T03:07:27.516+0000] {logging_mixin.py:190} INFO - [2024-09-15T03:07:27.515+0000] {dagbag.py:587} INFO - Filling up the DagBag from /opt/airflow/dags/nasa/nasa.py
[2024-09-15T03:07:27.537+0000] {processor.py:925} INFO - DAG(s) 'nasa' retrieved from /opt/airflow/dags/nasa/nasa.py
[2024-09-15T03:07:27.577+0000] {logging_mixin.py:190} INFO - [2024-09-15T03:07:27.577+0000] {dag.py:3211} INFO - Sync 1 DAGs
[2024-09-15T03:07:27.643+0000] {logging_mixin.py:190} INFO - [2024-09-15T03:07:27.643+0000] {dag.py:4138} INFO - Setting next_dagrun for nasa to 2024-01-01 00:00:00+00:00, run_after=2024-01-01 00:15:00+00:00
[2024-09-15T03:07:27.678+0000] {processor.py:208} INFO - Processing /opt/airflow/dags/nasa/nasa.py took 0.183 seconds
[2024-09-15T03:07:57.929+0000] {processor.py:186} INFO - Started process (PID=718) to work on /opt/airflow/dags/nasa/nasa.py
[2024-09-15T03:07:57.930+0000] {processor.py:914} INFO - Processing file /opt/airflow/dags/nasa/nasa.py for tasks to queue
[2024-09-15T03:07:57.934+0000] {logging_mixin.py:190} INFO - [2024-09-15T03:07:57.933+0000] {dagbag.py:587} INFO - Filling up the DagBag from /opt/airflow/dags/nasa/nasa.py
[2024-09-15T03:07:57.950+0000] {processor.py:925} INFO - DAG(s) 'nasa' retrieved from /opt/airflow/dags/nasa/nasa.py
[2024-09-15T03:07:57.980+0000] {logging_mixin.py:190} INFO - [2024-09-15T03:07:57.979+0000] {dag.py:3211} INFO - Sync 1 DAGs
[2024-09-15T03:07:58.023+0000] {logging_mixin.py:190} INFO - [2024-09-15T03:07:58.023+0000] {dag.py:4138} INFO - Setting next_dagrun for nasa to 2024-01-01 00:00:00+00:00, run_after=2024-01-01 00:15:00+00:00
[2024-09-15T03:07:58.052+0000] {processor.py:208} INFO - Processing /opt/airflow/dags/nasa/nasa.py took 0.133 seconds
[2024-09-15T03:08:28.352+0000] {processor.py:186} INFO - Started process (PID=726) to work on /opt/airflow/dags/nasa/nasa.py
[2024-09-15T03:08:28.353+0000] {processor.py:914} INFO - Processing file /opt/airflow/dags/nasa/nasa.py for tasks to queue
[2024-09-15T03:08:28.357+0000] {logging_mixin.py:190} INFO - [2024-09-15T03:08:28.356+0000] {dagbag.py:587} INFO - Filling up the DagBag from /opt/airflow/dags/nasa/nasa.py
[2024-09-15T03:08:28.373+0000] {processor.py:925} INFO - DAG(s) 'nasa' retrieved from /opt/airflow/dags/nasa/nasa.py
[2024-09-15T03:08:28.403+0000] {logging_mixin.py:190} INFO - [2024-09-15T03:08:28.403+0000] {dag.py:3211} INFO - Sync 1 DAGs
[2024-09-15T03:08:28.448+0000] {logging_mixin.py:190} INFO - [2024-09-15T03:08:28.448+0000] {dag.py:4138} INFO - Setting next_dagrun for nasa to 2024-01-01 00:00:00+00:00, run_after=2024-01-01 00:15:00+00:00
[2024-09-15T03:08:28.481+0000] {processor.py:208} INFO - Processing /opt/airflow/dags/nasa/nasa.py took 0.140 seconds
[2024-09-15T03:08:58.858+0000] {processor.py:186} INFO - Started process (PID=734) to work on /opt/airflow/dags/nasa/nasa.py
[2024-09-15T03:08:58.860+0000] {processor.py:914} INFO - Processing file /opt/airflow/dags/nasa/nasa.py for tasks to queue
[2024-09-15T03:08:58.865+0000] {logging_mixin.py:190} INFO - [2024-09-15T03:08:58.864+0000] {dagbag.py:587} INFO - Filling up the DagBag from /opt/airflow/dags/nasa/nasa.py
[2024-09-15T03:08:58.885+0000] {processor.py:925} INFO - DAG(s) 'nasa' retrieved from /opt/airflow/dags/nasa/nasa.py
[2024-09-15T03:08:58.924+0000] {logging_mixin.py:190} INFO - [2024-09-15T03:08:58.924+0000] {dag.py:3211} INFO - Sync 1 DAGs
[2024-09-15T03:08:58.992+0000] {logging_mixin.py:190} INFO - [2024-09-15T03:08:58.991+0000] {dag.py:4138} INFO - Setting next_dagrun for nasa to 2024-01-01 00:00:00+00:00, run_after=2024-01-01 00:15:00+00:00
[2024-09-15T03:08:59.032+0000] {processor.py:208} INFO - Processing /opt/airflow/dags/nasa/nasa.py took 0.188 seconds
