[2024-09-07T00:00:13.444+0000] {processor.py:186} INFO - Started process (PID=17380) to work on /opt/airflow/dags/1-bashoperator.py
[2024-09-07T00:00:13.445+0000] {processor.py:914} INFO - Processing file /opt/airflow/dags/1-bashoperator.py for tasks to queue
[2024-09-07T00:00:13.451+0000] {logging_mixin.py:190} INFO - [2024-09-07T00:00:13.450+0000] {dagbag.py:587} INFO - Filling up the DagBag from /opt/airflow/dags/1-bashoperator.py
[2024-09-07T00:00:13.492+0000] {processor.py:925} INFO - DAG(s) 'basoperator' retrieved from /opt/airflow/dags/1-bashoperator.py
[2024-09-07T00:00:13.559+0000] {logging_mixin.py:190} INFO - [2024-09-07T00:00:13.558+0000] {dag.py:3211} INFO - Sync 1 DAGs
[2024-09-07T00:00:13.648+0000] {logging_mixin.py:190} INFO - [2024-09-07T00:00:13.647+0000] {dag.py:4138} INFO - Setting next_dagrun for basoperator to 2024-08-24 00:00:00+00:00, run_after=2024-08-25 00:00:00+00:00
[2024-09-07T00:00:13.715+0000] {processor.py:208} INFO - Processing /opt/airflow/dags/1-bashoperator.py took 0.298 seconds
[2024-09-07T00:00:44.171+0000] {processor.py:186} INFO - Started process (PID=17393) to work on /opt/airflow/dags/1-bashoperator.py
[2024-09-07T00:00:44.194+0000] {processor.py:914} INFO - Processing file /opt/airflow/dags/1-bashoperator.py for tasks to queue
[2024-09-07T00:00:44.197+0000] {logging_mixin.py:190} INFO - [2024-09-07T00:00:44.197+0000] {dagbag.py:587} INFO - Filling up the DagBag from /opt/airflow/dags/1-bashoperator.py
[2024-09-07T00:00:44.211+0000] {processor.py:925} INFO - DAG(s) 'basoperator' retrieved from /opt/airflow/dags/1-bashoperator.py
[2024-09-07T00:00:44.250+0000] {logging_mixin.py:190} INFO - [2024-09-07T00:00:44.250+0000] {dag.py:3211} INFO - Sync 1 DAGs
[2024-09-07T00:00:44.294+0000] {logging_mixin.py:190} INFO - [2024-09-07T00:00:44.293+0000] {dag.py:4138} INFO - Setting next_dagrun for basoperator to 2024-08-24 00:00:00+00:00, run_after=2024-08-25 00:00:00+00:00
[2024-09-07T00:00:44.337+0000] {processor.py:208} INFO - Processing /opt/airflow/dags/1-bashoperator.py took 0.179 seconds
[2024-09-07T00:01:14.837+0000] {processor.py:186} INFO - Started process (PID=17405) to work on /opt/airflow/dags/1-bashoperator.py
[2024-09-07T00:01:14.838+0000] {processor.py:914} INFO - Processing file /opt/airflow/dags/1-bashoperator.py for tasks to queue
[2024-09-07T00:01:14.844+0000] {logging_mixin.py:190} INFO - [2024-09-07T00:01:14.843+0000] {dagbag.py:587} INFO - Filling up the DagBag from /opt/airflow/dags/1-bashoperator.py
[2024-09-07T00:01:14.862+0000] {processor.py:925} INFO - DAG(s) 'basoperator' retrieved from /opt/airflow/dags/1-bashoperator.py
[2024-09-07T00:01:14.917+0000] {logging_mixin.py:190} INFO - [2024-09-07T00:01:14.916+0000] {dag.py:3211} INFO - Sync 1 DAGs
[2024-09-07T00:01:14.975+0000] {logging_mixin.py:190} INFO - [2024-09-07T00:01:14.975+0000] {dag.py:4138} INFO - Setting next_dagrun for basoperator to 2024-08-24 00:00:00+00:00, run_after=2024-08-25 00:00:00+00:00
[2024-09-07T00:01:15.005+0000] {processor.py:208} INFO - Processing /opt/airflow/dags/1-bashoperator.py took 0.181 seconds
[2024-09-07T00:01:45.338+0000] {processor.py:186} INFO - Started process (PID=17418) to work on /opt/airflow/dags/1-bashoperator.py
[2024-09-07T00:01:45.339+0000] {processor.py:914} INFO - Processing file /opt/airflow/dags/1-bashoperator.py for tasks to queue
[2024-09-07T00:01:45.345+0000] {logging_mixin.py:190} INFO - [2024-09-07T00:01:45.344+0000] {dagbag.py:587} INFO - Filling up the DagBag from /opt/airflow/dags/1-bashoperator.py
[2024-09-07T00:01:45.364+0000] {processor.py:925} INFO - DAG(s) 'basoperator' retrieved from /opt/airflow/dags/1-bashoperator.py
[2024-09-07T00:01:45.416+0000] {logging_mixin.py:190} INFO - [2024-09-07T00:01:45.415+0000] {dag.py:3211} INFO - Sync 1 DAGs
[2024-09-07T00:01:45.474+0000] {logging_mixin.py:190} INFO - [2024-09-07T00:01:45.473+0000] {dag.py:4138} INFO - Setting next_dagrun for basoperator to 2024-08-24 00:00:00+00:00, run_after=2024-08-25 00:00:00+00:00
[2024-09-07T00:01:45.509+0000] {processor.py:208} INFO - Processing /opt/airflow/dags/1-bashoperator.py took 0.182 seconds
[2024-09-07T00:02:16.455+0000] {processor.py:186} INFO - Started process (PID=17431) to work on /opt/airflow/dags/1-bashoperator.py
[2024-09-07T00:02:16.458+0000] {processor.py:914} INFO - Processing file /opt/airflow/dags/1-bashoperator.py for tasks to queue
[2024-09-07T00:02:16.467+0000] {logging_mixin.py:190} INFO - [2024-09-07T00:02:16.466+0000] {dagbag.py:587} INFO - Filling up the DagBag from /opt/airflow/dags/1-bashoperator.py
[2024-09-07T00:02:16.497+0000] {processor.py:925} INFO - DAG(s) 'basoperator' retrieved from /opt/airflow/dags/1-bashoperator.py
[2024-09-07T00:02:16.568+0000] {logging_mixin.py:190} INFO - [2024-09-07T00:02:16.568+0000] {dag.py:3211} INFO - Sync 1 DAGs
[2024-09-07T00:02:16.638+0000] {logging_mixin.py:190} INFO - [2024-09-07T00:02:16.638+0000] {dag.py:4138} INFO - Setting next_dagrun for basoperator to 2024-08-24 00:00:00+00:00, run_after=2024-08-25 00:00:00+00:00
[2024-09-07T00:02:16.709+0000] {processor.py:208} INFO - Processing /opt/airflow/dags/1-bashoperator.py took 0.270 seconds
[2024-09-07T00:02:47.269+0000] {processor.py:186} INFO - Started process (PID=17444) to work on /opt/airflow/dags/1-bashoperator.py
[2024-09-07T00:02:47.270+0000] {processor.py:914} INFO - Processing file /opt/airflow/dags/1-bashoperator.py for tasks to queue
[2024-09-07T00:02:47.285+0000] {logging_mixin.py:190} INFO - [2024-09-07T00:02:47.284+0000] {dagbag.py:587} INFO - Filling up the DagBag from /opt/airflow/dags/1-bashoperator.py
[2024-09-07T00:02:47.304+0000] {processor.py:925} INFO - DAG(s) 'basoperator' retrieved from /opt/airflow/dags/1-bashoperator.py
[2024-09-07T00:02:47.388+0000] {logging_mixin.py:190} INFO - [2024-09-07T00:02:47.387+0000] {dag.py:3211} INFO - Sync 1 DAGs
[2024-09-07T00:02:47.451+0000] {logging_mixin.py:190} INFO - [2024-09-07T00:02:47.451+0000] {dag.py:4138} INFO - Setting next_dagrun for basoperator to 2024-08-24 00:00:00+00:00, run_after=2024-08-25 00:00:00+00:00
[2024-09-07T00:02:47.513+0000] {processor.py:208} INFO - Processing /opt/airflow/dags/1-bashoperator.py took 0.274 seconds
[2024-09-07T00:03:18.223+0000] {processor.py:186} INFO - Started process (PID=17456) to work on /opt/airflow/dags/1-bashoperator.py
[2024-09-07T00:03:18.267+0000] {processor.py:914} INFO - Processing file /opt/airflow/dags/1-bashoperator.py for tasks to queue
[2024-09-07T00:03:18.272+0000] {logging_mixin.py:190} INFO - [2024-09-07T00:03:18.271+0000] {dagbag.py:587} INFO - Filling up the DagBag from /opt/airflow/dags/1-bashoperator.py
[2024-09-07T00:03:18.292+0000] {processor.py:925} INFO - DAG(s) 'basoperator' retrieved from /opt/airflow/dags/1-bashoperator.py
[2024-09-07T00:03:18.332+0000] {logging_mixin.py:190} INFO - [2024-09-07T00:03:18.331+0000] {dag.py:3211} INFO - Sync 1 DAGs
[2024-09-07T00:03:18.376+0000] {logging_mixin.py:190} INFO - [2024-09-07T00:03:18.375+0000] {dag.py:4138} INFO - Setting next_dagrun for basoperator to 2024-08-24 00:00:00+00:00, run_after=2024-08-25 00:00:00+00:00
[2024-09-07T00:03:18.407+0000] {processor.py:208} INFO - Processing /opt/airflow/dags/1-bashoperator.py took 0.197 seconds
[2024-09-07T00:03:48.517+0000] {processor.py:186} INFO - Started process (PID=17469) to work on /opt/airflow/dags/1-bashoperator.py
[2024-09-07T00:03:48.519+0000] {processor.py:914} INFO - Processing file /opt/airflow/dags/1-bashoperator.py for tasks to queue
[2024-09-07T00:03:48.523+0000] {logging_mixin.py:190} INFO - [2024-09-07T00:03:48.522+0000] {dagbag.py:587} INFO - Filling up the DagBag from /opt/airflow/dags/1-bashoperator.py
[2024-09-07T00:03:48.542+0000] {processor.py:925} INFO - DAG(s) 'basoperator' retrieved from /opt/airflow/dags/1-bashoperator.py
[2024-09-07T00:03:48.587+0000] {logging_mixin.py:190} INFO - [2024-09-07T00:03:48.587+0000] {dag.py:3211} INFO - Sync 1 DAGs
[2024-09-07T00:03:48.646+0000] {logging_mixin.py:190} INFO - [2024-09-07T00:03:48.645+0000] {dag.py:4138} INFO - Setting next_dagrun for basoperator to 2024-08-24 00:00:00+00:00, run_after=2024-08-25 00:00:00+00:00
[2024-09-07T00:03:48.681+0000] {processor.py:208} INFO - Processing /opt/airflow/dags/1-bashoperator.py took 0.179 seconds
[2024-09-07T00:04:18.871+0000] {processor.py:186} INFO - Started process (PID=17482) to work on /opt/airflow/dags/1-bashoperator.py
[2024-09-07T00:04:18.873+0000] {processor.py:914} INFO - Processing file /opt/airflow/dags/1-bashoperator.py for tasks to queue
[2024-09-07T00:04:18.877+0000] {logging_mixin.py:190} INFO - [2024-09-07T00:04:18.877+0000] {dagbag.py:587} INFO - Filling up the DagBag from /opt/airflow/dags/1-bashoperator.py
[2024-09-07T00:04:18.896+0000] {processor.py:925} INFO - DAG(s) 'basoperator' retrieved from /opt/airflow/dags/1-bashoperator.py
[2024-09-07T00:04:18.957+0000] {logging_mixin.py:190} INFO - [2024-09-07T00:04:18.956+0000] {dag.py:3211} INFO - Sync 1 DAGs
[2024-09-07T00:04:19.015+0000] {logging_mixin.py:190} INFO - [2024-09-07T00:04:19.014+0000] {dag.py:4138} INFO - Setting next_dagrun for basoperator to 2024-08-24 00:00:00+00:00, run_after=2024-08-25 00:00:00+00:00
[2024-09-07T00:04:19.053+0000] {processor.py:208} INFO - Processing /opt/airflow/dags/1-bashoperator.py took 0.199 seconds
[2024-09-07T00:04:49.430+0000] {processor.py:186} INFO - Started process (PID=17495) to work on /opt/airflow/dags/1-bashoperator.py
[2024-09-07T00:04:49.432+0000] {processor.py:914} INFO - Processing file /opt/airflow/dags/1-bashoperator.py for tasks to queue
[2024-09-07T00:04:49.437+0000] {logging_mixin.py:190} INFO - [2024-09-07T00:04:49.436+0000] {dagbag.py:587} INFO - Filling up the DagBag from /opt/airflow/dags/1-bashoperator.py
[2024-09-07T00:04:49.455+0000] {processor.py:925} INFO - DAG(s) 'basoperator' retrieved from /opt/airflow/dags/1-bashoperator.py
[2024-09-07T00:04:49.506+0000] {logging_mixin.py:190} INFO - [2024-09-07T00:04:49.505+0000] {dag.py:3211} INFO - Sync 1 DAGs
[2024-09-07T00:04:49.555+0000] {logging_mixin.py:190} INFO - [2024-09-07T00:04:49.555+0000] {dag.py:4138} INFO - Setting next_dagrun for basoperator to 2024-08-24 00:00:00+00:00, run_after=2024-08-25 00:00:00+00:00
[2024-09-07T00:04:49.590+0000] {processor.py:208} INFO - Processing /opt/airflow/dags/1-bashoperator.py took 0.173 seconds
[2024-09-07T00:05:20.338+0000] {processor.py:186} INFO - Started process (PID=17508) to work on /opt/airflow/dags/1-bashoperator.py
[2024-09-07T00:05:20.358+0000] {processor.py:914} INFO - Processing file /opt/airflow/dags/1-bashoperator.py for tasks to queue
[2024-09-07T00:05:20.363+0000] {logging_mixin.py:190} INFO - [2024-09-07T00:05:20.363+0000] {dagbag.py:587} INFO - Filling up the DagBag from /opt/airflow/dags/1-bashoperator.py
[2024-09-07T00:05:20.384+0000] {processor.py:925} INFO - DAG(s) 'basoperator' retrieved from /opt/airflow/dags/1-bashoperator.py
[2024-09-07T00:05:20.443+0000] {logging_mixin.py:190} INFO - [2024-09-07T00:05:20.442+0000] {dag.py:3211} INFO - Sync 1 DAGs
[2024-09-07T00:05:20.509+0000] {logging_mixin.py:190} INFO - [2024-09-07T00:05:20.509+0000] {dag.py:4138} INFO - Setting next_dagrun for basoperator to 2024-08-24 00:00:00+00:00, run_after=2024-08-25 00:00:00+00:00
[2024-09-07T00:05:20.573+0000] {processor.py:208} INFO - Processing /opt/airflow/dags/1-bashoperator.py took 0.252 seconds
[2024-09-07T00:05:50.685+0000] {processor.py:186} INFO - Started process (PID=17520) to work on /opt/airflow/dags/1-bashoperator.py
[2024-09-07T00:05:50.687+0000] {processor.py:914} INFO - Processing file /opt/airflow/dags/1-bashoperator.py for tasks to queue
[2024-09-07T00:05:50.694+0000] {logging_mixin.py:190} INFO - [2024-09-07T00:05:50.693+0000] {dagbag.py:587} INFO - Filling up the DagBag from /opt/airflow/dags/1-bashoperator.py
[2024-09-07T00:05:50.718+0000] {processor.py:925} INFO - DAG(s) 'basoperator' retrieved from /opt/airflow/dags/1-bashoperator.py
[2024-09-07T00:05:50.867+0000] {logging_mixin.py:190} INFO - [2024-09-07T00:05:50.867+0000] {dag.py:3211} INFO - Sync 1 DAGs
[2024-09-07T00:05:50.934+0000] {logging_mixin.py:190} INFO - [2024-09-07T00:05:50.934+0000] {dag.py:4138} INFO - Setting next_dagrun for basoperator to 2024-08-24 00:00:00+00:00, run_after=2024-08-25 00:00:00+00:00
[2024-09-07T00:05:50.979+0000] {processor.py:208} INFO - Processing /opt/airflow/dags/1-bashoperator.py took 0.330 seconds
[2024-09-07T00:06:21.202+0000] {processor.py:186} INFO - Started process (PID=17538) to work on /opt/airflow/dags/1-bashoperator.py
[2024-09-07T00:06:21.204+0000] {processor.py:914} INFO - Processing file /opt/airflow/dags/1-bashoperator.py for tasks to queue
[2024-09-07T00:06:21.208+0000] {logging_mixin.py:190} INFO - [2024-09-07T00:06:21.207+0000] {dagbag.py:587} INFO - Filling up the DagBag from /opt/airflow/dags/1-bashoperator.py
[2024-09-07T00:06:21.221+0000] {processor.py:925} INFO - DAG(s) 'basoperator' retrieved from /opt/airflow/dags/1-bashoperator.py
[2024-09-07T00:06:21.264+0000] {logging_mixin.py:190} INFO - [2024-09-07T00:06:21.264+0000] {dag.py:3211} INFO - Sync 1 DAGs
[2024-09-07T00:06:21.315+0000] {logging_mixin.py:190} INFO - [2024-09-07T00:06:21.314+0000] {dag.py:4138} INFO - Setting next_dagrun for basoperator to 2024-08-24 00:00:00+00:00, run_after=2024-08-25 00:00:00+00:00
[2024-09-07T00:06:21.342+0000] {processor.py:208} INFO - Processing /opt/airflow/dags/1-bashoperator.py took 0.152 seconds
[2024-09-07T00:06:51.625+0000] {processor.py:186} INFO - Started process (PID=17550) to work on /opt/airflow/dags/1-bashoperator.py
[2024-09-07T00:06:51.627+0000] {processor.py:914} INFO - Processing file /opt/airflow/dags/1-bashoperator.py for tasks to queue
[2024-09-07T00:06:51.631+0000] {logging_mixin.py:190} INFO - [2024-09-07T00:06:51.630+0000] {dagbag.py:587} INFO - Filling up the DagBag from /opt/airflow/dags/1-bashoperator.py
[2024-09-07T00:06:51.647+0000] {processor.py:925} INFO - DAG(s) 'basoperator' retrieved from /opt/airflow/dags/1-bashoperator.py
[2024-09-07T00:06:51.692+0000] {logging_mixin.py:190} INFO - [2024-09-07T00:06:51.692+0000] {dag.py:3211} INFO - Sync 1 DAGs
[2024-09-07T00:06:51.736+0000] {logging_mixin.py:190} INFO - [2024-09-07T00:06:51.735+0000] {dag.py:4138} INFO - Setting next_dagrun for basoperator to 2024-08-24 00:00:00+00:00, run_after=2024-08-25 00:00:00+00:00
[2024-09-07T00:06:51.768+0000] {processor.py:208} INFO - Processing /opt/airflow/dags/1-bashoperator.py took 0.155 seconds
[2024-09-07T00:07:21.861+0000] {processor.py:186} INFO - Started process (PID=17563) to work on /opt/airflow/dags/1-bashoperator.py
[2024-09-07T00:07:21.862+0000] {processor.py:914} INFO - Processing file /opt/airflow/dags/1-bashoperator.py for tasks to queue
[2024-09-07T00:07:21.867+0000] {logging_mixin.py:190} INFO - [2024-09-07T00:07:21.867+0000] {dagbag.py:587} INFO - Filling up the DagBag from /opt/airflow/dags/1-bashoperator.py
[2024-09-07T00:07:21.886+0000] {processor.py:925} INFO - DAG(s) 'basoperator' retrieved from /opt/airflow/dags/1-bashoperator.py
[2024-09-07T00:07:21.936+0000] {logging_mixin.py:190} INFO - [2024-09-07T00:07:21.935+0000] {dag.py:3211} INFO - Sync 1 DAGs
[2024-09-07T00:07:21.985+0000] {logging_mixin.py:190} INFO - [2024-09-07T00:07:21.984+0000] {dag.py:4138} INFO - Setting next_dagrun for basoperator to 2024-08-24 00:00:00+00:00, run_after=2024-08-25 00:00:00+00:00
[2024-09-07T00:07:22.022+0000] {processor.py:208} INFO - Processing /opt/airflow/dags/1-bashoperator.py took 0.175 seconds
[2024-09-07T00:07:52.220+0000] {processor.py:186} INFO - Started process (PID=17576) to work on /opt/airflow/dags/1-bashoperator.py
[2024-09-07T00:07:52.223+0000] {processor.py:914} INFO - Processing file /opt/airflow/dags/1-bashoperator.py for tasks to queue
[2024-09-07T00:07:52.227+0000] {logging_mixin.py:190} INFO - [2024-09-07T00:07:52.226+0000] {dagbag.py:587} INFO - Filling up the DagBag from /opt/airflow/dags/1-bashoperator.py
[2024-09-07T00:07:52.242+0000] {processor.py:925} INFO - DAG(s) 'basoperator' retrieved from /opt/airflow/dags/1-bashoperator.py
[2024-09-07T00:07:52.281+0000] {logging_mixin.py:190} INFO - [2024-09-07T00:07:52.281+0000] {dag.py:3211} INFO - Sync 1 DAGs
[2024-09-07T00:07:52.327+0000] {logging_mixin.py:190} INFO - [2024-09-07T00:07:52.326+0000] {dag.py:4138} INFO - Setting next_dagrun for basoperator to 2024-08-24 00:00:00+00:00, run_after=2024-08-25 00:00:00+00:00
[2024-09-07T00:07:52.359+0000] {processor.py:208} INFO - Processing /opt/airflow/dags/1-bashoperator.py took 0.150 seconds
[2024-09-07T00:08:22.462+0000] {processor.py:186} INFO - Started process (PID=17589) to work on /opt/airflow/dags/1-bashoperator.py
[2024-09-07T00:08:22.470+0000] {processor.py:914} INFO - Processing file /opt/airflow/dags/1-bashoperator.py for tasks to queue
[2024-09-07T00:08:22.475+0000] {logging_mixin.py:190} INFO - [2024-09-07T00:08:22.475+0000] {dagbag.py:587} INFO - Filling up the DagBag from /opt/airflow/dags/1-bashoperator.py
[2024-09-07T00:08:22.499+0000] {processor.py:925} INFO - DAG(s) 'basoperator' retrieved from /opt/airflow/dags/1-bashoperator.py
[2024-09-07T00:08:22.569+0000] {logging_mixin.py:190} INFO - [2024-09-07T00:08:22.568+0000] {dag.py:3211} INFO - Sync 1 DAGs
[2024-09-07T00:08:22.620+0000] {logging_mixin.py:190} INFO - [2024-09-07T00:08:22.620+0000] {dag.py:4138} INFO - Setting next_dagrun for basoperator to 2024-08-24 00:00:00+00:00, run_after=2024-08-25 00:00:00+00:00
[2024-09-07T00:08:22.657+0000] {processor.py:208} INFO - Processing /opt/airflow/dags/1-bashoperator.py took 0.212 seconds
[2024-09-07T00:08:53.515+0000] {processor.py:186} INFO - Started process (PID=17602) to work on /opt/airflow/dags/1-bashoperator.py
[2024-09-07T00:08:53.517+0000] {processor.py:914} INFO - Processing file /opt/airflow/dags/1-bashoperator.py for tasks to queue
[2024-09-07T00:08:53.521+0000] {logging_mixin.py:190} INFO - [2024-09-07T00:08:53.520+0000] {dagbag.py:587} INFO - Filling up the DagBag from /opt/airflow/dags/1-bashoperator.py
[2024-09-07T00:08:53.540+0000] {processor.py:925} INFO - DAG(s) 'basoperator' retrieved from /opt/airflow/dags/1-bashoperator.py
[2024-09-07T00:08:53.584+0000] {logging_mixin.py:190} INFO - [2024-09-07T00:08:53.584+0000] {dag.py:3211} INFO - Sync 1 DAGs
[2024-09-07T00:08:53.635+0000] {logging_mixin.py:190} INFO - [2024-09-07T00:08:53.634+0000] {dag.py:4138} INFO - Setting next_dagrun for basoperator to 2024-08-24 00:00:00+00:00, run_after=2024-08-25 00:00:00+00:00
[2024-09-07T00:08:53.668+0000] {processor.py:208} INFO - Processing /opt/airflow/dags/1-bashoperator.py took 0.165 seconds
[2024-09-07T00:09:24.451+0000] {processor.py:186} INFO - Started process (PID=17615) to work on /opt/airflow/dags/1-bashoperator.py
[2024-09-07T00:09:24.452+0000] {processor.py:914} INFO - Processing file /opt/airflow/dags/1-bashoperator.py for tasks to queue
[2024-09-07T00:09:24.457+0000] {logging_mixin.py:190} INFO - [2024-09-07T00:09:24.456+0000] {dagbag.py:587} INFO - Filling up the DagBag from /opt/airflow/dags/1-bashoperator.py
[2024-09-07T00:09:24.474+0000] {processor.py:925} INFO - DAG(s) 'basoperator' retrieved from /opt/airflow/dags/1-bashoperator.py
[2024-09-07T00:09:24.525+0000] {logging_mixin.py:190} INFO - [2024-09-07T00:09:24.525+0000] {dag.py:3211} INFO - Sync 1 DAGs
[2024-09-07T00:09:24.574+0000] {logging_mixin.py:190} INFO - [2024-09-07T00:09:24.573+0000] {dag.py:4138} INFO - Setting next_dagrun for basoperator to 2024-08-24 00:00:00+00:00, run_after=2024-08-25 00:00:00+00:00
[2024-09-07T00:09:24.607+0000] {processor.py:208} INFO - Processing /opt/airflow/dags/1-bashoperator.py took 0.167 seconds
[2024-09-07T00:09:55.364+0000] {processor.py:186} INFO - Started process (PID=17627) to work on /opt/airflow/dags/1-bashoperator.py
[2024-09-07T00:09:55.365+0000] {processor.py:914} INFO - Processing file /opt/airflow/dags/1-bashoperator.py for tasks to queue
[2024-09-07T00:09:55.370+0000] {logging_mixin.py:190} INFO - [2024-09-07T00:09:55.370+0000] {dagbag.py:587} INFO - Filling up the DagBag from /opt/airflow/dags/1-bashoperator.py
[2024-09-07T00:09:55.390+0000] {processor.py:925} INFO - DAG(s) 'basoperator' retrieved from /opt/airflow/dags/1-bashoperator.py
[2024-09-07T00:09:55.442+0000] {logging_mixin.py:190} INFO - [2024-09-07T00:09:55.442+0000] {dag.py:3211} INFO - Sync 1 DAGs
[2024-09-07T00:09:55.494+0000] {logging_mixin.py:190} INFO - [2024-09-07T00:09:55.494+0000] {dag.py:4138} INFO - Setting next_dagrun for basoperator to 2024-08-24 00:00:00+00:00, run_after=2024-08-25 00:00:00+00:00
[2024-09-07T00:09:55.529+0000] {processor.py:208} INFO - Processing /opt/airflow/dags/1-bashoperator.py took 0.176 seconds
[2024-09-07T00:10:26.129+0000] {processor.py:186} INFO - Started process (PID=17640) to work on /opt/airflow/dags/1-bashoperator.py
[2024-09-07T00:10:26.131+0000] {processor.py:914} INFO - Processing file /opt/airflow/dags/1-bashoperator.py for tasks to queue
[2024-09-07T00:10:26.135+0000] {logging_mixin.py:190} INFO - [2024-09-07T00:10:26.134+0000] {dagbag.py:587} INFO - Filling up the DagBag from /opt/airflow/dags/1-bashoperator.py
[2024-09-07T00:10:26.152+0000] {processor.py:925} INFO - DAG(s) 'basoperator' retrieved from /opt/airflow/dags/1-bashoperator.py
[2024-09-07T00:10:26.201+0000] {logging_mixin.py:190} INFO - [2024-09-07T00:10:26.200+0000] {dag.py:3211} INFO - Sync 1 DAGs
[2024-09-07T00:10:26.247+0000] {logging_mixin.py:190} INFO - [2024-09-07T00:10:26.246+0000] {dag.py:4138} INFO - Setting next_dagrun for basoperator to 2024-08-24 00:00:00+00:00, run_after=2024-08-25 00:00:00+00:00
[2024-09-07T00:10:26.276+0000] {processor.py:208} INFO - Processing /opt/airflow/dags/1-bashoperator.py took 0.157 seconds
[2024-09-07T00:10:57.017+0000] {processor.py:186} INFO - Started process (PID=17653) to work on /opt/airflow/dags/1-bashoperator.py
[2024-09-07T00:10:57.019+0000] {processor.py:914} INFO - Processing file /opt/airflow/dags/1-bashoperator.py for tasks to queue
[2024-09-07T00:10:57.023+0000] {logging_mixin.py:190} INFO - [2024-09-07T00:10:57.023+0000] {dagbag.py:587} INFO - Filling up the DagBag from /opt/airflow/dags/1-bashoperator.py
[2024-09-07T00:10:57.043+0000] {processor.py:925} INFO - DAG(s) 'basoperator' retrieved from /opt/airflow/dags/1-bashoperator.py
[2024-09-07T00:10:57.150+0000] {logging_mixin.py:190} INFO - [2024-09-07T00:10:57.150+0000] {dag.py:3211} INFO - Sync 1 DAGs
[2024-09-07T00:10:57.235+0000] {logging_mixin.py:190} INFO - [2024-09-07T00:10:57.234+0000] {dag.py:4138} INFO - Setting next_dagrun for basoperator to 2024-08-24 00:00:00+00:00, run_after=2024-08-25 00:00:00+00:00
[2024-09-07T00:10:57.310+0000] {processor.py:208} INFO - Processing /opt/airflow/dags/1-bashoperator.py took 0.305 seconds
[2024-09-07T00:11:28.010+0000] {processor.py:186} INFO - Started process (PID=17666) to work on /opt/airflow/dags/1-bashoperator.py
[2024-09-07T00:11:28.011+0000] {processor.py:914} INFO - Processing file /opt/airflow/dags/1-bashoperator.py for tasks to queue
[2024-09-07T00:11:28.017+0000] {logging_mixin.py:190} INFO - [2024-09-07T00:11:28.016+0000] {dagbag.py:587} INFO - Filling up the DagBag from /opt/airflow/dags/1-bashoperator.py
[2024-09-07T00:11:28.033+0000] {processor.py:925} INFO - DAG(s) 'basoperator' retrieved from /opt/airflow/dags/1-bashoperator.py
[2024-09-07T00:11:28.081+0000] {logging_mixin.py:190} INFO - [2024-09-07T00:11:28.080+0000] {dag.py:3211} INFO - Sync 1 DAGs
[2024-09-07T00:11:28.130+0000] {logging_mixin.py:190} INFO - [2024-09-07T00:11:28.129+0000] {dag.py:4138} INFO - Setting next_dagrun for basoperator to 2024-08-24 00:00:00+00:00, run_after=2024-08-25 00:00:00+00:00
[2024-09-07T00:11:28.163+0000] {processor.py:208} INFO - Processing /opt/airflow/dags/1-bashoperator.py took 0.166 seconds
[2024-09-07T00:11:58.852+0000] {processor.py:186} INFO - Started process (PID=17679) to work on /opt/airflow/dags/1-bashoperator.py
[2024-09-07T00:11:58.854+0000] {processor.py:914} INFO - Processing file /opt/airflow/dags/1-bashoperator.py for tasks to queue
[2024-09-07T00:11:58.858+0000] {logging_mixin.py:190} INFO - [2024-09-07T00:11:58.858+0000] {dagbag.py:587} INFO - Filling up the DagBag from /opt/airflow/dags/1-bashoperator.py
[2024-09-07T00:11:58.878+0000] {processor.py:925} INFO - DAG(s) 'basoperator' retrieved from /opt/airflow/dags/1-bashoperator.py
[2024-09-07T00:11:58.935+0000] {logging_mixin.py:190} INFO - [2024-09-07T00:11:58.934+0000] {dag.py:3211} INFO - Sync 1 DAGs
[2024-09-07T00:11:58.998+0000] {logging_mixin.py:190} INFO - [2024-09-07T00:11:58.997+0000] {dag.py:4138} INFO - Setting next_dagrun for basoperator to 2024-08-24 00:00:00+00:00, run_after=2024-08-25 00:00:00+00:00
[2024-09-07T00:11:59.038+0000] {processor.py:208} INFO - Processing /opt/airflow/dags/1-bashoperator.py took 0.201 seconds
[2024-09-07T00:12:29.785+0000] {processor.py:186} INFO - Started process (PID=17691) to work on /opt/airflow/dags/1-bashoperator.py
[2024-09-07T00:12:29.786+0000] {processor.py:914} INFO - Processing file /opt/airflow/dags/1-bashoperator.py for tasks to queue
[2024-09-07T00:12:29.791+0000] {logging_mixin.py:190} INFO - [2024-09-07T00:12:29.790+0000] {dagbag.py:587} INFO - Filling up the DagBag from /opt/airflow/dags/1-bashoperator.py
[2024-09-07T00:12:29.811+0000] {processor.py:925} INFO - DAG(s) 'basoperator' retrieved from /opt/airflow/dags/1-bashoperator.py
[2024-09-07T00:12:29.863+0000] {logging_mixin.py:190} INFO - [2024-09-07T00:12:29.863+0000] {dag.py:3211} INFO - Sync 1 DAGs
[2024-09-07T00:12:29.926+0000] {logging_mixin.py:190} INFO - [2024-09-07T00:12:29.925+0000] {dag.py:4138} INFO - Setting next_dagrun for basoperator to 2024-08-24 00:00:00+00:00, run_after=2024-08-25 00:00:00+00:00
[2024-09-07T00:12:29.959+0000] {processor.py:208} INFO - Processing /opt/airflow/dags/1-bashoperator.py took 0.187 seconds
[2024-09-07T00:13:00.798+0000] {processor.py:186} INFO - Started process (PID=17704) to work on /opt/airflow/dags/1-bashoperator.py
[2024-09-07T00:13:00.799+0000] {processor.py:914} INFO - Processing file /opt/airflow/dags/1-bashoperator.py for tasks to queue
[2024-09-07T00:13:00.803+0000] {logging_mixin.py:190} INFO - [2024-09-07T00:13:00.802+0000] {dagbag.py:587} INFO - Filling up the DagBag from /opt/airflow/dags/1-bashoperator.py
[2024-09-07T00:13:00.819+0000] {processor.py:925} INFO - DAG(s) 'basoperator' retrieved from /opt/airflow/dags/1-bashoperator.py
[2024-09-07T00:13:00.861+0000] {logging_mixin.py:190} INFO - [2024-09-07T00:13:00.861+0000] {dag.py:3211} INFO - Sync 1 DAGs
[2024-09-07T00:13:00.904+0000] {logging_mixin.py:190} INFO - [2024-09-07T00:13:00.903+0000] {dag.py:4138} INFO - Setting next_dagrun for basoperator to 2024-08-24 00:00:00+00:00, run_after=2024-08-25 00:00:00+00:00
[2024-09-07T00:13:00.933+0000] {processor.py:208} INFO - Processing /opt/airflow/dags/1-bashoperator.py took 0.145 seconds
[2024-09-07T00:13:31.736+0000] {processor.py:186} INFO - Started process (PID=17717) to work on /opt/airflow/dags/1-bashoperator.py
[2024-09-07T00:13:31.738+0000] {processor.py:914} INFO - Processing file /opt/airflow/dags/1-bashoperator.py for tasks to queue
[2024-09-07T00:13:31.743+0000] {logging_mixin.py:190} INFO - [2024-09-07T00:13:31.743+0000] {dagbag.py:587} INFO - Filling up the DagBag from /opt/airflow/dags/1-bashoperator.py
[2024-09-07T00:13:31.761+0000] {processor.py:925} INFO - DAG(s) 'basoperator' retrieved from /opt/airflow/dags/1-bashoperator.py
[2024-09-07T00:13:31.809+0000] {logging_mixin.py:190} INFO - [2024-09-07T00:13:31.808+0000] {dag.py:3211} INFO - Sync 1 DAGs
[2024-09-07T00:13:31.861+0000] {logging_mixin.py:190} INFO - [2024-09-07T00:13:31.860+0000] {dag.py:4138} INFO - Setting next_dagrun for basoperator to 2024-08-24 00:00:00+00:00, run_after=2024-08-25 00:00:00+00:00
[2024-09-07T00:13:31.892+0000] {processor.py:208} INFO - Processing /opt/airflow/dags/1-bashoperator.py took 0.168 seconds
[2024-09-07T00:14:02.648+0000] {processor.py:186} INFO - Started process (PID=17730) to work on /opt/airflow/dags/1-bashoperator.py
[2024-09-07T00:14:02.649+0000] {processor.py:914} INFO - Processing file /opt/airflow/dags/1-bashoperator.py for tasks to queue
[2024-09-07T00:14:02.653+0000] {logging_mixin.py:190} INFO - [2024-09-07T00:14:02.653+0000] {dagbag.py:587} INFO - Filling up the DagBag from /opt/airflow/dags/1-bashoperator.py
[2024-09-07T00:14:02.668+0000] {processor.py:925} INFO - DAG(s) 'basoperator' retrieved from /opt/airflow/dags/1-bashoperator.py
[2024-09-07T00:14:02.711+0000] {logging_mixin.py:190} INFO - [2024-09-07T00:14:02.710+0000] {dag.py:3211} INFO - Sync 1 DAGs
[2024-09-07T00:14:02.758+0000] {logging_mixin.py:190} INFO - [2024-09-07T00:14:02.758+0000] {dag.py:4138} INFO - Setting next_dagrun for basoperator to 2024-08-24 00:00:00+00:00, run_after=2024-08-25 00:00:00+00:00
[2024-09-07T00:14:02.790+0000] {processor.py:208} INFO - Processing /opt/airflow/dags/1-bashoperator.py took 0.154 seconds
[2024-09-07T00:14:33.537+0000] {processor.py:186} INFO - Started process (PID=17743) to work on /opt/airflow/dags/1-bashoperator.py
[2024-09-07T00:14:33.555+0000] {processor.py:914} INFO - Processing file /opt/airflow/dags/1-bashoperator.py for tasks to queue
[2024-09-07T00:14:33.559+0000] {logging_mixin.py:190} INFO - [2024-09-07T00:14:33.558+0000] {dagbag.py:587} INFO - Filling up the DagBag from /opt/airflow/dags/1-bashoperator.py
[2024-09-07T00:14:33.576+0000] {processor.py:925} INFO - DAG(s) 'basoperator' retrieved from /opt/airflow/dags/1-bashoperator.py
[2024-09-07T00:14:33.628+0000] {logging_mixin.py:190} INFO - [2024-09-07T00:14:33.627+0000] {dag.py:3211} INFO - Sync 1 DAGs
[2024-09-07T00:14:33.681+0000] {logging_mixin.py:190} INFO - [2024-09-07T00:14:33.681+0000] {dag.py:4138} INFO - Setting next_dagrun for basoperator to 2024-08-24 00:00:00+00:00, run_after=2024-08-25 00:00:00+00:00
[2024-09-07T00:14:33.723+0000] {processor.py:208} INFO - Processing /opt/airflow/dags/1-bashoperator.py took 0.204 seconds
[2024-09-07T00:15:04.287+0000] {processor.py:186} INFO - Started process (PID=17756) to work on /opt/airflow/dags/1-bashoperator.py
[2024-09-07T00:15:04.294+0000] {processor.py:914} INFO - Processing file /opt/airflow/dags/1-bashoperator.py for tasks to queue
[2024-09-07T00:15:04.299+0000] {logging_mixin.py:190} INFO - [2024-09-07T00:15:04.298+0000] {dagbag.py:587} INFO - Filling up the DagBag from /opt/airflow/dags/1-bashoperator.py
[2024-09-07T00:15:04.321+0000] {processor.py:925} INFO - DAG(s) 'basoperator' retrieved from /opt/airflow/dags/1-bashoperator.py
[2024-09-07T00:15:04.375+0000] {logging_mixin.py:190} INFO - [2024-09-07T00:15:04.375+0000] {dag.py:3211} INFO - Sync 1 DAGs
[2024-09-07T00:15:04.434+0000] {logging_mixin.py:190} INFO - [2024-09-07T00:15:04.433+0000] {dag.py:4138} INFO - Setting next_dagrun for basoperator to 2024-08-24 00:00:00+00:00, run_after=2024-08-25 00:00:00+00:00
[2024-09-07T00:15:04.465+0000] {processor.py:208} INFO - Processing /opt/airflow/dags/1-bashoperator.py took 0.192 seconds
[2024-09-07T00:15:35.217+0000] {processor.py:186} INFO - Started process (PID=17769) to work on /opt/airflow/dags/1-bashoperator.py
[2024-09-07T00:15:35.219+0000] {processor.py:914} INFO - Processing file /opt/airflow/dags/1-bashoperator.py for tasks to queue
[2024-09-07T00:15:35.223+0000] {logging_mixin.py:190} INFO - [2024-09-07T00:15:35.222+0000] {dagbag.py:587} INFO - Filling up the DagBag from /opt/airflow/dags/1-bashoperator.py
[2024-09-07T00:15:35.238+0000] {processor.py:925} INFO - DAG(s) 'basoperator' retrieved from /opt/airflow/dags/1-bashoperator.py
[2024-09-07T00:15:35.281+0000] {logging_mixin.py:190} INFO - [2024-09-07T00:15:35.280+0000] {dag.py:3211} INFO - Sync 1 DAGs
[2024-09-07T00:15:35.325+0000] {logging_mixin.py:190} INFO - [2024-09-07T00:15:35.324+0000] {dag.py:4138} INFO - Setting next_dagrun for basoperator to 2024-08-24 00:00:00+00:00, run_after=2024-08-25 00:00:00+00:00
[2024-09-07T00:15:35.356+0000] {processor.py:208} INFO - Processing /opt/airflow/dags/1-bashoperator.py took 0.152 seconds
[2024-09-07T00:16:06.145+0000] {processor.py:186} INFO - Started process (PID=17782) to work on /opt/airflow/dags/1-bashoperator.py
[2024-09-07T00:16:06.160+0000] {processor.py:914} INFO - Processing file /opt/airflow/dags/1-bashoperator.py for tasks to queue
[2024-09-07T00:16:06.164+0000] {logging_mixin.py:190} INFO - [2024-09-07T00:16:06.163+0000] {dagbag.py:587} INFO - Filling up the DagBag from /opt/airflow/dags/1-bashoperator.py
[2024-09-07T00:16:06.181+0000] {processor.py:925} INFO - DAG(s) 'basoperator' retrieved from /opt/airflow/dags/1-bashoperator.py
[2024-09-07T00:16:06.223+0000] {logging_mixin.py:190} INFO - [2024-09-07T00:16:06.223+0000] {dag.py:3211} INFO - Sync 1 DAGs
[2024-09-07T00:16:06.268+0000] {logging_mixin.py:190} INFO - [2024-09-07T00:16:06.268+0000] {dag.py:4138} INFO - Setting next_dagrun for basoperator to 2024-08-24 00:00:00+00:00, run_after=2024-08-25 00:00:00+00:00
[2024-09-07T00:16:06.302+0000] {processor.py:208} INFO - Processing /opt/airflow/dags/1-bashoperator.py took 0.168 seconds
[2024-09-07T00:16:36.469+0000] {processor.py:186} INFO - Started process (PID=17795) to work on /opt/airflow/dags/1-bashoperator.py
[2024-09-07T00:16:36.471+0000] {processor.py:914} INFO - Processing file /opt/airflow/dags/1-bashoperator.py for tasks to queue
[2024-09-07T00:16:36.475+0000] {logging_mixin.py:190} INFO - [2024-09-07T00:16:36.474+0000] {dagbag.py:587} INFO - Filling up the DagBag from /opt/airflow/dags/1-bashoperator.py
[2024-09-07T00:16:36.491+0000] {processor.py:925} INFO - DAG(s) 'basoperator' retrieved from /opt/airflow/dags/1-bashoperator.py
[2024-09-07T00:16:36.530+0000] {logging_mixin.py:190} INFO - [2024-09-07T00:16:36.530+0000] {dag.py:3211} INFO - Sync 1 DAGs
[2024-09-07T00:16:36.582+0000] {logging_mixin.py:190} INFO - [2024-09-07T00:16:36.582+0000] {dag.py:4138} INFO - Setting next_dagrun for basoperator to 2024-08-24 00:00:00+00:00, run_after=2024-08-25 00:00:00+00:00
[2024-09-07T00:16:36.615+0000] {processor.py:208} INFO - Processing /opt/airflow/dags/1-bashoperator.py took 0.157 seconds
[2024-09-07T00:17:07.478+0000] {processor.py:186} INFO - Started process (PID=17808) to work on /opt/airflow/dags/1-bashoperator.py
[2024-09-07T00:17:07.479+0000] {processor.py:914} INFO - Processing file /opt/airflow/dags/1-bashoperator.py for tasks to queue
[2024-09-07T00:17:07.484+0000] {logging_mixin.py:190} INFO - [2024-09-07T00:17:07.484+0000] {dagbag.py:587} INFO - Filling up the DagBag from /opt/airflow/dags/1-bashoperator.py
[2024-09-07T00:17:07.500+0000] {processor.py:925} INFO - DAG(s) 'basoperator' retrieved from /opt/airflow/dags/1-bashoperator.py
[2024-09-07T00:17:07.547+0000] {logging_mixin.py:190} INFO - [2024-09-07T00:17:07.546+0000] {dag.py:3211} INFO - Sync 1 DAGs
[2024-09-07T00:17:07.595+0000] {logging_mixin.py:190} INFO - [2024-09-07T00:17:07.595+0000] {dag.py:4138} INFO - Setting next_dagrun for basoperator to 2024-08-24 00:00:00+00:00, run_after=2024-08-25 00:00:00+00:00
[2024-09-07T00:17:07.625+0000] {processor.py:208} INFO - Processing /opt/airflow/dags/1-bashoperator.py took 0.158 seconds
[2024-09-07T00:17:38.172+0000] {processor.py:186} INFO - Started process (PID=17821) to work on /opt/airflow/dags/1-bashoperator.py
[2024-09-07T00:17:38.174+0000] {processor.py:914} INFO - Processing file /opt/airflow/dags/1-bashoperator.py for tasks to queue
[2024-09-07T00:17:38.180+0000] {logging_mixin.py:190} INFO - [2024-09-07T00:17:38.180+0000] {dagbag.py:587} INFO - Filling up the DagBag from /opt/airflow/dags/1-bashoperator.py
[2024-09-07T00:17:38.199+0000] {processor.py:925} INFO - DAG(s) 'basoperator' retrieved from /opt/airflow/dags/1-bashoperator.py
[2024-09-07T00:17:38.240+0000] {logging_mixin.py:190} INFO - [2024-09-07T00:17:38.239+0000] {dag.py:3211} INFO - Sync 1 DAGs
[2024-09-07T00:17:38.288+0000] {logging_mixin.py:190} INFO - [2024-09-07T00:17:38.288+0000] {dag.py:4138} INFO - Setting next_dagrun for basoperator to 2024-08-24 00:00:00+00:00, run_after=2024-08-25 00:00:00+00:00
[2024-09-07T00:17:38.321+0000] {processor.py:208} INFO - Processing /opt/airflow/dags/1-bashoperator.py took 0.161 seconds
[2024-09-07T00:18:09.136+0000] {processor.py:186} INFO - Started process (PID=17834) to work on /opt/airflow/dags/1-bashoperator.py
[2024-09-07T00:18:09.139+0000] {processor.py:914} INFO - Processing file /opt/airflow/dags/1-bashoperator.py for tasks to queue
[2024-09-07T00:18:09.144+0000] {logging_mixin.py:190} INFO - [2024-09-07T00:18:09.143+0000] {dagbag.py:587} INFO - Filling up the DagBag from /opt/airflow/dags/1-bashoperator.py
[2024-09-07T00:18:09.179+0000] {processor.py:925} INFO - DAG(s) 'basoperator' retrieved from /opt/airflow/dags/1-bashoperator.py
[2024-09-07T00:18:09.241+0000] {logging_mixin.py:190} INFO - [2024-09-07T00:18:09.240+0000] {dag.py:3211} INFO - Sync 1 DAGs
[2024-09-07T00:18:09.343+0000] {logging_mixin.py:190} INFO - [2024-09-07T00:18:09.342+0000] {dag.py:4138} INFO - Setting next_dagrun for basoperator to 2024-08-24 00:00:00+00:00, run_after=2024-08-25 00:00:00+00:00
[2024-09-07T00:18:09.390+0000] {processor.py:208} INFO - Processing /opt/airflow/dags/1-bashoperator.py took 0.272 seconds
[2024-09-07T00:18:39.857+0000] {processor.py:186} INFO - Started process (PID=17847) to work on /opt/airflow/dags/1-bashoperator.py
[2024-09-07T00:18:39.859+0000] {processor.py:914} INFO - Processing file /opt/airflow/dags/1-bashoperator.py for tasks to queue
[2024-09-07T00:18:39.864+0000] {logging_mixin.py:190} INFO - [2024-09-07T00:18:39.863+0000] {dagbag.py:587} INFO - Filling up the DagBag from /opt/airflow/dags/1-bashoperator.py
[2024-09-07T00:18:39.882+0000] {processor.py:925} INFO - DAG(s) 'basoperator' retrieved from /opt/airflow/dags/1-bashoperator.py
[2024-09-07T00:18:39.928+0000] {logging_mixin.py:190} INFO - [2024-09-07T00:18:39.927+0000] {dag.py:3211} INFO - Sync 1 DAGs
[2024-09-07T00:18:39.977+0000] {logging_mixin.py:190} INFO - [2024-09-07T00:18:39.977+0000] {dag.py:4138} INFO - Setting next_dagrun for basoperator to 2024-08-24 00:00:00+00:00, run_after=2024-08-25 00:00:00+00:00
[2024-09-07T00:18:40.016+0000] {processor.py:208} INFO - Processing /opt/airflow/dags/1-bashoperator.py took 0.169 seconds
[2024-09-07T00:19:10.743+0000] {processor.py:186} INFO - Started process (PID=17860) to work on /opt/airflow/dags/1-bashoperator.py
[2024-09-07T00:19:10.745+0000] {processor.py:914} INFO - Processing file /opt/airflow/dags/1-bashoperator.py for tasks to queue
[2024-09-07T00:19:10.749+0000] {logging_mixin.py:190} INFO - [2024-09-07T00:19:10.749+0000] {dagbag.py:587} INFO - Filling up the DagBag from /opt/airflow/dags/1-bashoperator.py
[2024-09-07T00:19:10.765+0000] {processor.py:925} INFO - DAG(s) 'basoperator' retrieved from /opt/airflow/dags/1-bashoperator.py
[2024-09-07T00:19:10.809+0000] {logging_mixin.py:190} INFO - [2024-09-07T00:19:10.808+0000] {dag.py:3211} INFO - Sync 1 DAGs
[2024-09-07T00:19:10.851+0000] {logging_mixin.py:190} INFO - [2024-09-07T00:19:10.850+0000] {dag.py:4138} INFO - Setting next_dagrun for basoperator to 2024-08-24 00:00:00+00:00, run_after=2024-08-25 00:00:00+00:00
[2024-09-07T00:19:10.886+0000] {processor.py:208} INFO - Processing /opt/airflow/dags/1-bashoperator.py took 0.153 seconds
[2024-09-07T00:19:41.704+0000] {processor.py:186} INFO - Started process (PID=17872) to work on /opt/airflow/dags/1-bashoperator.py
[2024-09-07T00:19:41.706+0000] {processor.py:914} INFO - Processing file /opt/airflow/dags/1-bashoperator.py for tasks to queue
[2024-09-07T00:19:41.711+0000] {logging_mixin.py:190} INFO - [2024-09-07T00:19:41.710+0000] {dagbag.py:587} INFO - Filling up the DagBag from /opt/airflow/dags/1-bashoperator.py
[2024-09-07T00:19:41.729+0000] {processor.py:925} INFO - DAG(s) 'basoperator' retrieved from /opt/airflow/dags/1-bashoperator.py
[2024-09-07T00:19:41.772+0000] {logging_mixin.py:190} INFO - [2024-09-07T00:19:41.771+0000] {dag.py:3211} INFO - Sync 1 DAGs
[2024-09-07T00:19:41.820+0000] {logging_mixin.py:190} INFO - [2024-09-07T00:19:41.820+0000] {dag.py:4138} INFO - Setting next_dagrun for basoperator to 2024-08-24 00:00:00+00:00, run_after=2024-08-25 00:00:00+00:00
[2024-09-07T00:19:41.848+0000] {processor.py:208} INFO - Processing /opt/airflow/dags/1-bashoperator.py took 0.155 seconds
[2024-09-07T00:20:12.657+0000] {processor.py:186} INFO - Started process (PID=17884) to work on /opt/airflow/dags/1-bashoperator.py
[2024-09-07T00:20:12.658+0000] {processor.py:914} INFO - Processing file /opt/airflow/dags/1-bashoperator.py for tasks to queue
[2024-09-07T00:20:12.663+0000] {logging_mixin.py:190} INFO - [2024-09-07T00:20:12.662+0000] {dagbag.py:587} INFO - Filling up the DagBag from /opt/airflow/dags/1-bashoperator.py
[2024-09-07T00:20:12.679+0000] {processor.py:925} INFO - DAG(s) 'basoperator' retrieved from /opt/airflow/dags/1-bashoperator.py
[2024-09-07T00:20:12.717+0000] {logging_mixin.py:190} INFO - [2024-09-07T00:20:12.717+0000] {dag.py:3211} INFO - Sync 1 DAGs
[2024-09-07T00:20:12.761+0000] {logging_mixin.py:190} INFO - [2024-09-07T00:20:12.761+0000] {dag.py:4138} INFO - Setting next_dagrun for basoperator to 2024-08-24 00:00:00+00:00, run_after=2024-08-25 00:00:00+00:00
[2024-09-07T00:20:12.788+0000] {processor.py:208} INFO - Processing /opt/airflow/dags/1-bashoperator.py took 0.145 seconds
[2024-09-07T00:20:43.573+0000] {processor.py:186} INFO - Started process (PID=17897) to work on /opt/airflow/dags/1-bashoperator.py
[2024-09-07T00:20:43.575+0000] {processor.py:914} INFO - Processing file /opt/airflow/dags/1-bashoperator.py for tasks to queue
[2024-09-07T00:20:43.580+0000] {logging_mixin.py:190} INFO - [2024-09-07T00:20:43.579+0000] {dagbag.py:587} INFO - Filling up the DagBag from /opt/airflow/dags/1-bashoperator.py
[2024-09-07T00:20:43.597+0000] {processor.py:925} INFO - DAG(s) 'basoperator' retrieved from /opt/airflow/dags/1-bashoperator.py
[2024-09-07T00:20:43.639+0000] {logging_mixin.py:190} INFO - [2024-09-07T00:20:43.639+0000] {dag.py:3211} INFO - Sync 1 DAGs
[2024-09-07T00:20:43.691+0000] {logging_mixin.py:190} INFO - [2024-09-07T00:20:43.691+0000] {dag.py:4138} INFO - Setting next_dagrun for basoperator to 2024-08-24 00:00:00+00:00, run_after=2024-08-25 00:00:00+00:00
[2024-09-07T00:20:43.720+0000] {processor.py:208} INFO - Processing /opt/airflow/dags/1-bashoperator.py took 0.160 seconds
[2024-09-07T00:21:13.808+0000] {processor.py:186} INFO - Started process (PID=17910) to work on /opt/airflow/dags/1-bashoperator.py
[2024-09-07T00:21:13.825+0000] {processor.py:914} INFO - Processing file /opt/airflow/dags/1-bashoperator.py for tasks to queue
[2024-09-07T00:21:13.832+0000] {logging_mixin.py:190} INFO - [2024-09-07T00:21:13.831+0000] {dagbag.py:587} INFO - Filling up the DagBag from /opt/airflow/dags/1-bashoperator.py
[2024-09-07T00:21:13.864+0000] {processor.py:925} INFO - DAG(s) 'basoperator' retrieved from /opt/airflow/dags/1-bashoperator.py
[2024-09-07T00:21:13.939+0000] {logging_mixin.py:190} INFO - [2024-09-07T00:21:13.938+0000] {dag.py:3211} INFO - Sync 1 DAGs
[2024-09-07T00:21:14.004+0000] {logging_mixin.py:190} INFO - [2024-09-07T00:21:14.003+0000] {dag.py:4138} INFO - Setting next_dagrun for basoperator to 2024-08-24 00:00:00+00:00, run_after=2024-08-25 00:00:00+00:00
[2024-09-07T00:21:14.047+0000] {processor.py:208} INFO - Processing /opt/airflow/dags/1-bashoperator.py took 0.261 seconds
[2024-09-07T00:21:44.149+0000] {processor.py:186} INFO - Started process (PID=17923) to work on /opt/airflow/dags/1-bashoperator.py
[2024-09-07T00:21:44.151+0000] {processor.py:914} INFO - Processing file /opt/airflow/dags/1-bashoperator.py for tasks to queue
[2024-09-07T00:21:44.155+0000] {logging_mixin.py:190} INFO - [2024-09-07T00:21:44.154+0000] {dagbag.py:587} INFO - Filling up the DagBag from /opt/airflow/dags/1-bashoperator.py
[2024-09-07T00:21:44.173+0000] {processor.py:925} INFO - DAG(s) 'basoperator' retrieved from /opt/airflow/dags/1-bashoperator.py
[2024-09-07T00:21:44.212+0000] {logging_mixin.py:190} INFO - [2024-09-07T00:21:44.212+0000] {dag.py:3211} INFO - Sync 1 DAGs
[2024-09-07T00:21:44.260+0000] {logging_mixin.py:190} INFO - [2024-09-07T00:21:44.260+0000] {dag.py:4138} INFO - Setting next_dagrun for basoperator to 2024-08-24 00:00:00+00:00, run_after=2024-08-25 00:00:00+00:00
[2024-09-07T00:21:44.289+0000] {processor.py:208} INFO - Processing /opt/airflow/dags/1-bashoperator.py took 0.151 seconds
[2024-09-07T00:22:14.502+0000] {processor.py:186} INFO - Started process (PID=17935) to work on /opt/airflow/dags/1-bashoperator.py
[2024-09-07T00:22:14.504+0000] {processor.py:914} INFO - Processing file /opt/airflow/dags/1-bashoperator.py for tasks to queue
[2024-09-07T00:22:14.508+0000] {logging_mixin.py:190} INFO - [2024-09-07T00:22:14.508+0000] {dagbag.py:587} INFO - Filling up the DagBag from /opt/airflow/dags/1-bashoperator.py
[2024-09-07T00:22:14.523+0000] {processor.py:925} INFO - DAG(s) 'basoperator' retrieved from /opt/airflow/dags/1-bashoperator.py
[2024-09-07T00:22:14.568+0000] {logging_mixin.py:190} INFO - [2024-09-07T00:22:14.567+0000] {dag.py:3211} INFO - Sync 1 DAGs
[2024-09-07T00:22:14.615+0000] {logging_mixin.py:190} INFO - [2024-09-07T00:22:14.615+0000] {dag.py:4138} INFO - Setting next_dagrun for basoperator to 2024-08-24 00:00:00+00:00, run_after=2024-08-25 00:00:00+00:00
[2024-09-07T00:22:14.648+0000] {processor.py:208} INFO - Processing /opt/airflow/dags/1-bashoperator.py took 0.157 seconds
[2024-09-07T00:22:44.824+0000] {processor.py:186} INFO - Started process (PID=17948) to work on /opt/airflow/dags/1-bashoperator.py
[2024-09-07T00:22:44.825+0000] {processor.py:914} INFO - Processing file /opt/airflow/dags/1-bashoperator.py for tasks to queue
[2024-09-07T00:22:44.829+0000] {logging_mixin.py:190} INFO - [2024-09-07T00:22:44.828+0000] {dagbag.py:587} INFO - Filling up the DagBag from /opt/airflow/dags/1-bashoperator.py
[2024-09-07T00:22:44.844+0000] {processor.py:925} INFO - DAG(s) 'basoperator' retrieved from /opt/airflow/dags/1-bashoperator.py
[2024-09-07T00:22:44.884+0000] {logging_mixin.py:190} INFO - [2024-09-07T00:22:44.883+0000] {dag.py:3211} INFO - Sync 1 DAGs
[2024-09-07T00:22:44.926+0000] {logging_mixin.py:190} INFO - [2024-09-07T00:22:44.926+0000] {dag.py:4138} INFO - Setting next_dagrun for basoperator to 2024-08-24 00:00:00+00:00, run_after=2024-08-25 00:00:00+00:00
[2024-09-07T00:22:44.962+0000] {processor.py:208} INFO - Processing /opt/airflow/dags/1-bashoperator.py took 0.148 seconds
[2024-09-07T00:23:15.161+0000] {processor.py:186} INFO - Started process (PID=17961) to work on /opt/airflow/dags/1-bashoperator.py
[2024-09-07T00:23:15.163+0000] {processor.py:914} INFO - Processing file /opt/airflow/dags/1-bashoperator.py for tasks to queue
[2024-09-07T00:23:15.168+0000] {logging_mixin.py:190} INFO - [2024-09-07T00:23:15.167+0000] {dagbag.py:587} INFO - Filling up the DagBag from /opt/airflow/dags/1-bashoperator.py
[2024-09-07T00:23:15.183+0000] {processor.py:925} INFO - DAG(s) 'basoperator' retrieved from /opt/airflow/dags/1-bashoperator.py
[2024-09-07T00:23:15.226+0000] {logging_mixin.py:190} INFO - [2024-09-07T00:23:15.225+0000] {dag.py:3211} INFO - Sync 1 DAGs
[2024-09-07T00:23:15.267+0000] {logging_mixin.py:190} INFO - [2024-09-07T00:23:15.267+0000] {dag.py:4138} INFO - Setting next_dagrun for basoperator to 2024-08-24 00:00:00+00:00, run_after=2024-08-25 00:00:00+00:00
[2024-09-07T00:23:15.299+0000] {processor.py:208} INFO - Processing /opt/airflow/dags/1-bashoperator.py took 0.150 seconds
[2024-09-07T00:23:45.359+0000] {processor.py:186} INFO - Started process (PID=17974) to work on /opt/airflow/dags/1-bashoperator.py
[2024-09-07T00:23:45.361+0000] {processor.py:914} INFO - Processing file /opt/airflow/dags/1-bashoperator.py for tasks to queue
[2024-09-07T00:23:45.367+0000] {logging_mixin.py:190} INFO - [2024-09-07T00:23:45.366+0000] {dagbag.py:587} INFO - Filling up the DagBag from /opt/airflow/dags/1-bashoperator.py
[2024-09-07T00:23:45.383+0000] {processor.py:925} INFO - DAG(s) 'basoperator' retrieved from /opt/airflow/dags/1-bashoperator.py
[2024-09-07T00:23:45.424+0000] {logging_mixin.py:190} INFO - [2024-09-07T00:23:45.424+0000] {dag.py:3211} INFO - Sync 1 DAGs
[2024-09-07T00:23:45.476+0000] {logging_mixin.py:190} INFO - [2024-09-07T00:23:45.475+0000] {dag.py:4138} INFO - Setting next_dagrun for basoperator to 2024-08-24 00:00:00+00:00, run_after=2024-08-25 00:00:00+00:00
[2024-09-07T00:23:45.508+0000] {processor.py:208} INFO - Processing /opt/airflow/dags/1-bashoperator.py took 0.161 seconds
[2024-09-07T00:24:15.612+0000] {processor.py:186} INFO - Started process (PID=17986) to work on /opt/airflow/dags/1-bashoperator.py
[2024-09-07T00:24:15.614+0000] {processor.py:914} INFO - Processing file /opt/airflow/dags/1-bashoperator.py for tasks to queue
[2024-09-07T00:24:15.622+0000] {logging_mixin.py:190} INFO - [2024-09-07T00:24:15.621+0000] {dagbag.py:587} INFO - Filling up the DagBag from /opt/airflow/dags/1-bashoperator.py
[2024-09-07T00:24:15.667+0000] {processor.py:925} INFO - DAG(s) 'basoperator' retrieved from /opt/airflow/dags/1-bashoperator.py
[2024-09-07T00:24:15.720+0000] {logging_mixin.py:190} INFO - [2024-09-07T00:24:15.720+0000] {dag.py:3211} INFO - Sync 1 DAGs
[2024-09-07T00:24:15.786+0000] {logging_mixin.py:190} INFO - [2024-09-07T00:24:15.786+0000] {dag.py:4138} INFO - Setting next_dagrun for basoperator to 2024-08-24 00:00:00+00:00, run_after=2024-08-25 00:00:00+00:00
[2024-09-07T00:24:15.823+0000] {processor.py:208} INFO - Processing /opt/airflow/dags/1-bashoperator.py took 0.225 seconds
[2024-09-07T00:24:45.962+0000] {processor.py:186} INFO - Started process (PID=18000) to work on /opt/airflow/dags/1-bashoperator.py
[2024-09-07T00:24:45.985+0000] {processor.py:914} INFO - Processing file /opt/airflow/dags/1-bashoperator.py for tasks to queue
[2024-09-07T00:24:45.989+0000] {logging_mixin.py:190} INFO - [2024-09-07T00:24:45.988+0000] {dagbag.py:587} INFO - Filling up the DagBag from /opt/airflow/dags/1-bashoperator.py
[2024-09-07T00:24:46.005+0000] {processor.py:925} INFO - DAG(s) 'basoperator' retrieved from /opt/airflow/dags/1-bashoperator.py
[2024-09-07T00:24:46.049+0000] {logging_mixin.py:190} INFO - [2024-09-07T00:24:46.048+0000] {dag.py:3211} INFO - Sync 1 DAGs
[2024-09-07T00:24:46.089+0000] {logging_mixin.py:190} INFO - [2024-09-07T00:24:46.089+0000] {dag.py:4138} INFO - Setting next_dagrun for basoperator to 2024-08-24 00:00:00+00:00, run_after=2024-08-25 00:00:00+00:00
[2024-09-07T00:24:46.116+0000] {processor.py:208} INFO - Processing /opt/airflow/dags/1-bashoperator.py took 0.165 seconds
[2024-09-07T00:25:16.843+0000] {processor.py:186} INFO - Started process (PID=18013) to work on /opt/airflow/dags/1-bashoperator.py
[2024-09-07T00:25:16.864+0000] {processor.py:914} INFO - Processing file /opt/airflow/dags/1-bashoperator.py for tasks to queue
[2024-09-07T00:25:16.868+0000] {logging_mixin.py:190} INFO - [2024-09-07T00:25:16.867+0000] {dagbag.py:587} INFO - Filling up the DagBag from /opt/airflow/dags/1-bashoperator.py
[2024-09-07T00:25:16.883+0000] {processor.py:925} INFO - DAG(s) 'basoperator' retrieved from /opt/airflow/dags/1-bashoperator.py
[2024-09-07T00:25:16.924+0000] {logging_mixin.py:190} INFO - [2024-09-07T00:25:16.923+0000] {dag.py:3211} INFO - Sync 1 DAGs
[2024-09-07T00:25:16.968+0000] {logging_mixin.py:190} INFO - [2024-09-07T00:25:16.968+0000] {dag.py:4138} INFO - Setting next_dagrun for basoperator to 2024-08-24 00:00:00+00:00, run_after=2024-08-25 00:00:00+00:00
[2024-09-07T00:25:16.998+0000] {processor.py:208} INFO - Processing /opt/airflow/dags/1-bashoperator.py took 0.165 seconds
