[2024-09-07T00:00:02.702+0000] {processor.py:186} INFO - Started process (PID=17378) to work on /opt/airflow/dags/4-customoperator.py
[2024-09-07T00:00:02.704+0000] {processor.py:914} INFO - Processing file /opt/airflow/dags/4-customoperator.py for tasks to queue
[2024-09-07T00:00:02.708+0000] {logging_mixin.py:190} INFO - [2024-09-07T00:00:02.707+0000] {dagbag.py:587} INFO - Filling up the DagBag from /opt/airflow/dags/4-customoperator.py
[2024-09-07T00:00:02.743+0000] {processor.py:925} INFO - DAG(s) 'customoperator' retrieved from /opt/airflow/dags/4-customoperator.py
[2024-09-07T00:00:02.837+0000] {logging_mixin.py:190} INFO - [2024-09-07T00:00:02.837+0000] {dag.py:3211} INFO - Sync 1 DAGs
[2024-09-07T00:00:02.986+0000] {logging_mixin.py:190} INFO - [2024-09-07T00:00:02.985+0000] {dag.py:4138} INFO - Setting next_dagrun for customoperator to None, run_after=None
[2024-09-07T00:00:03.168+0000] {processor.py:208} INFO - Processing /opt/airflow/dags/4-customoperator.py took 0.484 seconds
[2024-09-07T00:00:33.884+0000] {processor.py:186} INFO - Started process (PID=17391) to work on /opt/airflow/dags/4-customoperator.py
[2024-09-07T00:00:33.907+0000] {processor.py:914} INFO - Processing file /opt/airflow/dags/4-customoperator.py for tasks to queue
[2024-09-07T00:00:33.913+0000] {logging_mixin.py:190} INFO - [2024-09-07T00:00:33.912+0000] {dagbag.py:587} INFO - Filling up the DagBag from /opt/airflow/dags/4-customoperator.py
[2024-09-07T00:00:33.931+0000] {processor.py:925} INFO - DAG(s) 'customoperator' retrieved from /opt/airflow/dags/4-customoperator.py
[2024-09-07T00:00:33.980+0000] {logging_mixin.py:190} INFO - [2024-09-07T00:00:33.979+0000] {dag.py:3211} INFO - Sync 1 DAGs
[2024-09-07T00:00:34.032+0000] {logging_mixin.py:190} INFO - [2024-09-07T00:00:34.031+0000] {dag.py:4138} INFO - Setting next_dagrun for customoperator to None, run_after=None
[2024-09-07T00:00:34.067+0000] {processor.py:208} INFO - Processing /opt/airflow/dags/4-customoperator.py took 0.195 seconds
[2024-09-07T00:01:04.593+0000] {processor.py:186} INFO - Started process (PID=17403) to work on /opt/airflow/dags/4-customoperator.py
[2024-09-07T00:01:04.598+0000] {processor.py:914} INFO - Processing file /opt/airflow/dags/4-customoperator.py for tasks to queue
[2024-09-07T00:01:04.602+0000] {logging_mixin.py:190} INFO - [2024-09-07T00:01:04.602+0000] {dagbag.py:587} INFO - Filling up the DagBag from /opt/airflow/dags/4-customoperator.py
[2024-09-07T00:01:04.621+0000] {processor.py:925} INFO - DAG(s) 'customoperator' retrieved from /opt/airflow/dags/4-customoperator.py
[2024-09-07T00:01:04.690+0000] {logging_mixin.py:190} INFO - [2024-09-07T00:01:04.690+0000] {dag.py:3211} INFO - Sync 1 DAGs
[2024-09-07T00:01:04.815+0000] {logging_mixin.py:190} INFO - [2024-09-07T00:01:04.815+0000] {dag.py:4138} INFO - Setting next_dagrun for customoperator to None, run_after=None
[2024-09-07T00:01:04.916+0000] {processor.py:208} INFO - Processing /opt/airflow/dags/4-customoperator.py took 0.337 seconds
[2024-09-07T00:01:35.251+0000] {processor.py:186} INFO - Started process (PID=17416) to work on /opt/airflow/dags/4-customoperator.py
[2024-09-07T00:01:35.253+0000] {processor.py:914} INFO - Processing file /opt/airflow/dags/4-customoperator.py for tasks to queue
[2024-09-07T00:01:35.257+0000] {logging_mixin.py:190} INFO - [2024-09-07T00:01:35.256+0000] {dagbag.py:587} INFO - Filling up the DagBag from /opt/airflow/dags/4-customoperator.py
[2024-09-07T00:01:35.276+0000] {processor.py:925} INFO - DAG(s) 'customoperator' retrieved from /opt/airflow/dags/4-customoperator.py
[2024-09-07T00:01:35.330+0000] {logging_mixin.py:190} INFO - [2024-09-07T00:01:35.329+0000] {dag.py:3211} INFO - Sync 1 DAGs
[2024-09-07T00:01:35.381+0000] {logging_mixin.py:190} INFO - [2024-09-07T00:01:35.381+0000] {dag.py:4138} INFO - Setting next_dagrun for customoperator to None, run_after=None
[2024-09-07T00:01:35.413+0000] {processor.py:208} INFO - Processing /opt/airflow/dags/4-customoperator.py took 0.173 seconds
[2024-09-07T00:02:06.004+0000] {processor.py:186} INFO - Started process (PID=17429) to work on /opt/airflow/dags/4-customoperator.py
[2024-09-07T00:02:06.006+0000] {processor.py:914} INFO - Processing file /opt/airflow/dags/4-customoperator.py for tasks to queue
[2024-09-07T00:02:06.011+0000] {logging_mixin.py:190} INFO - [2024-09-07T00:02:06.010+0000] {dagbag.py:587} INFO - Filling up the DagBag from /opt/airflow/dags/4-customoperator.py
[2024-09-07T00:02:06.032+0000] {processor.py:925} INFO - DAG(s) 'customoperator' retrieved from /opt/airflow/dags/4-customoperator.py
[2024-09-07T00:02:06.113+0000] {logging_mixin.py:190} INFO - [2024-09-07T00:02:06.092+0000] {dag.py:3211} INFO - Sync 1 DAGs
[2024-09-07T00:02:06.203+0000] {logging_mixin.py:190} INFO - [2024-09-07T00:02:06.203+0000] {dag.py:4138} INFO - Setting next_dagrun for customoperator to None, run_after=None
[2024-09-07T00:02:06.278+0000] {processor.py:208} INFO - Processing /opt/airflow/dags/4-customoperator.py took 0.289 seconds
[2024-09-07T00:02:36.890+0000] {processor.py:186} INFO - Started process (PID=17442) to work on /opt/airflow/dags/4-customoperator.py
[2024-09-07T00:02:36.892+0000] {processor.py:914} INFO - Processing file /opt/airflow/dags/4-customoperator.py for tasks to queue
[2024-09-07T00:02:36.897+0000] {logging_mixin.py:190} INFO - [2024-09-07T00:02:36.896+0000] {dagbag.py:587} INFO - Filling up the DagBag from /opt/airflow/dags/4-customoperator.py
[2024-09-07T00:02:36.914+0000] {processor.py:925} INFO - DAG(s) 'customoperator' retrieved from /opt/airflow/dags/4-customoperator.py
[2024-09-07T00:02:36.970+0000] {logging_mixin.py:190} INFO - [2024-09-07T00:02:36.969+0000] {dag.py:3211} INFO - Sync 1 DAGs
[2024-09-07T00:02:37.080+0000] {logging_mixin.py:190} INFO - [2024-09-07T00:02:37.080+0000] {dag.py:4138} INFO - Setting next_dagrun for customoperator to None, run_after=None
[2024-09-07T00:02:37.146+0000] {processor.py:208} INFO - Processing /opt/airflow/dags/4-customoperator.py took 0.270 seconds
[2024-09-07T00:03:07.902+0000] {processor.py:186} INFO - Started process (PID=17454) to work on /opt/airflow/dags/4-customoperator.py
[2024-09-07T00:03:07.908+0000] {processor.py:914} INFO - Processing file /opt/airflow/dags/4-customoperator.py for tasks to queue
[2024-09-07T00:03:07.913+0000] {logging_mixin.py:190} INFO - [2024-09-07T00:03:07.912+0000] {dagbag.py:587} INFO - Filling up the DagBag from /opt/airflow/dags/4-customoperator.py
[2024-09-07T00:03:07.946+0000] {processor.py:925} INFO - DAG(s) 'customoperator' retrieved from /opt/airflow/dags/4-customoperator.py
[2024-09-07T00:03:08.011+0000] {logging_mixin.py:190} INFO - [2024-09-07T00:03:08.010+0000] {dag.py:3211} INFO - Sync 1 DAGs
[2024-09-07T00:03:08.072+0000] {logging_mixin.py:190} INFO - [2024-09-07T00:03:08.071+0000] {dag.py:4138} INFO - Setting next_dagrun for customoperator to None, run_after=None
[2024-09-07T00:03:08.109+0000] {processor.py:208} INFO - Processing /opt/airflow/dags/4-customoperator.py took 0.223 seconds
[2024-09-07T00:03:38.175+0000] {processor.py:186} INFO - Started process (PID=17467) to work on /opt/airflow/dags/4-customoperator.py
[2024-09-07T00:03:38.195+0000] {processor.py:914} INFO - Processing file /opt/airflow/dags/4-customoperator.py for tasks to queue
[2024-09-07T00:03:38.200+0000] {logging_mixin.py:190} INFO - [2024-09-07T00:03:38.199+0000] {dagbag.py:587} INFO - Filling up the DagBag from /opt/airflow/dags/4-customoperator.py
[2024-09-07T00:03:38.219+0000] {processor.py:925} INFO - DAG(s) 'customoperator' retrieved from /opt/airflow/dags/4-customoperator.py
[2024-09-07T00:03:38.273+0000] {logging_mixin.py:190} INFO - [2024-09-07T00:03:38.272+0000] {dag.py:3211} INFO - Sync 1 DAGs
[2024-09-07T00:03:38.333+0000] {logging_mixin.py:190} INFO - [2024-09-07T00:03:38.333+0000] {dag.py:4138} INFO - Setting next_dagrun for customoperator to None, run_after=None
[2024-09-07T00:03:38.375+0000] {processor.py:208} INFO - Processing /opt/airflow/dags/4-customoperator.py took 0.216 seconds
[2024-09-07T00:04:08.482+0000] {processor.py:186} INFO - Started process (PID=17480) to work on /opt/airflow/dags/4-customoperator.py
[2024-09-07T00:04:08.484+0000] {processor.py:914} INFO - Processing file /opt/airflow/dags/4-customoperator.py for tasks to queue
[2024-09-07T00:04:08.488+0000] {logging_mixin.py:190} INFO - [2024-09-07T00:04:08.488+0000] {dagbag.py:587} INFO - Filling up the DagBag from /opt/airflow/dags/4-customoperator.py
[2024-09-07T00:04:08.507+0000] {processor.py:925} INFO - DAG(s) 'customoperator' retrieved from /opt/airflow/dags/4-customoperator.py
[2024-09-07T00:04:08.556+0000] {logging_mixin.py:190} INFO - [2024-09-07T00:04:08.556+0000] {dag.py:3211} INFO - Sync 1 DAGs
[2024-09-07T00:04:08.605+0000] {logging_mixin.py:190} INFO - [2024-09-07T00:04:08.605+0000] {dag.py:4138} INFO - Setting next_dagrun for customoperator to None, run_after=None
[2024-09-07T00:04:08.638+0000] {processor.py:208} INFO - Processing /opt/airflow/dags/4-customoperator.py took 0.170 seconds
[2024-09-07T00:04:39.312+0000] {processor.py:186} INFO - Started process (PID=17493) to work on /opt/airflow/dags/4-customoperator.py
[2024-09-07T00:04:39.326+0000] {processor.py:914} INFO - Processing file /opt/airflow/dags/4-customoperator.py for tasks to queue
[2024-09-07T00:04:39.336+0000] {logging_mixin.py:190} INFO - [2024-09-07T00:04:39.335+0000] {dagbag.py:587} INFO - Filling up the DagBag from /opt/airflow/dags/4-customoperator.py
[2024-09-07T00:04:39.356+0000] {processor.py:925} INFO - DAG(s) 'customoperator' retrieved from /opt/airflow/dags/4-customoperator.py
[2024-09-07T00:04:39.412+0000] {logging_mixin.py:190} INFO - [2024-09-07T00:04:39.412+0000] {dag.py:3211} INFO - Sync 1 DAGs
[2024-09-07T00:04:39.477+0000] {logging_mixin.py:190} INFO - [2024-09-07T00:04:39.476+0000] {dag.py:4138} INFO - Setting next_dagrun for customoperator to None, run_after=None
[2024-09-07T00:04:39.517+0000] {processor.py:208} INFO - Processing /opt/airflow/dags/4-customoperator.py took 0.219 seconds
[2024-09-07T00:05:10.026+0000] {processor.py:186} INFO - Started process (PID=17506) to work on /opt/airflow/dags/4-customoperator.py
[2024-09-07T00:05:10.034+0000] {processor.py:914} INFO - Processing file /opt/airflow/dags/4-customoperator.py for tasks to queue
[2024-09-07T00:05:10.039+0000] {logging_mixin.py:190} INFO - [2024-09-07T00:05:10.039+0000] {dagbag.py:587} INFO - Filling up the DagBag from /opt/airflow/dags/4-customoperator.py
[2024-09-07T00:05:10.057+0000] {processor.py:925} INFO - DAG(s) 'customoperator' retrieved from /opt/airflow/dags/4-customoperator.py
[2024-09-07T00:05:10.108+0000] {logging_mixin.py:190} INFO - [2024-09-07T00:05:10.108+0000] {dag.py:3211} INFO - Sync 1 DAGs
[2024-09-07T00:05:10.166+0000] {logging_mixin.py:190} INFO - [2024-09-07T00:05:10.166+0000] {dag.py:4138} INFO - Setting next_dagrun for customoperator to None, run_after=None
[2024-09-07T00:05:10.206+0000] {processor.py:208} INFO - Processing /opt/airflow/dags/4-customoperator.py took 0.194 seconds
[2024-09-07T00:05:40.319+0000] {processor.py:186} INFO - Started process (PID=17518) to work on /opt/airflow/dags/4-customoperator.py
[2024-09-07T00:05:40.341+0000] {processor.py:914} INFO - Processing file /opt/airflow/dags/4-customoperator.py for tasks to queue
[2024-09-07T00:05:40.345+0000] {logging_mixin.py:190} INFO - [2024-09-07T00:05:40.344+0000] {dagbag.py:587} INFO - Filling up the DagBag from /opt/airflow/dags/4-customoperator.py
[2024-09-07T00:05:40.363+0000] {processor.py:925} INFO - DAG(s) 'customoperator' retrieved from /opt/airflow/dags/4-customoperator.py
[2024-09-07T00:05:40.415+0000] {logging_mixin.py:190} INFO - [2024-09-07T00:05:40.414+0000] {dag.py:3211} INFO - Sync 1 DAGs
[2024-09-07T00:05:40.472+0000] {logging_mixin.py:190} INFO - [2024-09-07T00:05:40.472+0000] {dag.py:4138} INFO - Setting next_dagrun for customoperator to None, run_after=None
[2024-09-07T00:05:40.503+0000] {processor.py:208} INFO - Processing /opt/airflow/dags/4-customoperator.py took 0.195 seconds
[2024-09-07T00:06:10.660+0000] {processor.py:186} INFO - Started process (PID=17530) to work on /opt/airflow/dags/4-customoperator.py
[2024-09-07T00:06:10.663+0000] {processor.py:914} INFO - Processing file /opt/airflow/dags/4-customoperator.py for tasks to queue
[2024-09-07T00:06:10.668+0000] {logging_mixin.py:190} INFO - [2024-09-07T00:06:10.667+0000] {dagbag.py:587} INFO - Filling up the DagBag from /opt/airflow/dags/4-customoperator.py
[2024-09-07T00:06:10.688+0000] {processor.py:925} INFO - DAG(s) 'customoperator' retrieved from /opt/airflow/dags/4-customoperator.py
[2024-09-07T00:06:10.741+0000] {logging_mixin.py:190} INFO - [2024-09-07T00:06:10.740+0000] {dag.py:3211} INFO - Sync 1 DAGs
[2024-09-07T00:06:10.790+0000] {logging_mixin.py:190} INFO - [2024-09-07T00:06:10.790+0000] {dag.py:4138} INFO - Setting next_dagrun for customoperator to None, run_after=None
[2024-09-07T00:06:10.826+0000] {processor.py:208} INFO - Processing /opt/airflow/dags/4-customoperator.py took 0.180 seconds
[2024-09-07T00:06:40.927+0000] {processor.py:186} INFO - Started process (PID=17543) to work on /opt/airflow/dags/4-customoperator.py
[2024-09-07T00:06:40.944+0000] {processor.py:914} INFO - Processing file /opt/airflow/dags/4-customoperator.py for tasks to queue
[2024-09-07T00:06:40.950+0000] {logging_mixin.py:190} INFO - [2024-09-07T00:06:40.949+0000] {dagbag.py:587} INFO - Filling up the DagBag from /opt/airflow/dags/4-customoperator.py
[2024-09-07T00:06:40.964+0000] {processor.py:925} INFO - DAG(s) 'customoperator' retrieved from /opt/airflow/dags/4-customoperator.py
[2024-09-07T00:06:41.022+0000] {logging_mixin.py:190} INFO - [2024-09-07T00:06:41.021+0000] {dag.py:3211} INFO - Sync 1 DAGs
[2024-09-07T00:06:41.085+0000] {logging_mixin.py:190} INFO - [2024-09-07T00:06:41.084+0000] {dag.py:4138} INFO - Setting next_dagrun for customoperator to None, run_after=None
[2024-09-07T00:06:41.129+0000] {processor.py:208} INFO - Processing /opt/airflow/dags/4-customoperator.py took 0.212 seconds
[2024-09-07T00:07:11.327+0000] {processor.py:186} INFO - Started process (PID=17555) to work on /opt/airflow/dags/4-customoperator.py
[2024-09-07T00:07:11.336+0000] {processor.py:914} INFO - Processing file /opt/airflow/dags/4-customoperator.py for tasks to queue
[2024-09-07T00:07:11.340+0000] {logging_mixin.py:190} INFO - [2024-09-07T00:07:11.339+0000] {dagbag.py:587} INFO - Filling up the DagBag from /opt/airflow/dags/4-customoperator.py
[2024-09-07T00:07:11.355+0000] {processor.py:925} INFO - DAG(s) 'customoperator' retrieved from /opt/airflow/dags/4-customoperator.py
[2024-09-07T00:07:11.404+0000] {logging_mixin.py:190} INFO - [2024-09-07T00:07:11.403+0000] {dag.py:3211} INFO - Sync 1 DAGs
[2024-09-07T00:07:11.463+0000] {logging_mixin.py:190} INFO - [2024-09-07T00:07:11.462+0000] {dag.py:4138} INFO - Setting next_dagrun for customoperator to None, run_after=None
[2024-09-07T00:07:11.503+0000] {processor.py:208} INFO - Processing /opt/airflow/dags/4-customoperator.py took 0.192 seconds
[2024-09-07T00:07:41.640+0000] {processor.py:186} INFO - Started process (PID=17568) to work on /opt/airflow/dags/4-customoperator.py
[2024-09-07T00:07:41.661+0000] {processor.py:914} INFO - Processing file /opt/airflow/dags/4-customoperator.py for tasks to queue
[2024-09-07T00:07:41.665+0000] {logging_mixin.py:190} INFO - [2024-09-07T00:07:41.664+0000] {dagbag.py:587} INFO - Filling up the DagBag from /opt/airflow/dags/4-customoperator.py
[2024-09-07T00:07:41.683+0000] {processor.py:925} INFO - DAG(s) 'customoperator' retrieved from /opt/airflow/dags/4-customoperator.py
[2024-09-07T00:07:41.741+0000] {logging_mixin.py:190} INFO - [2024-09-07T00:07:41.741+0000] {dag.py:3211} INFO - Sync 1 DAGs
[2024-09-07T00:07:41.803+0000] {logging_mixin.py:190} INFO - [2024-09-07T00:07:41.802+0000] {dag.py:4138} INFO - Setting next_dagrun for customoperator to None, run_after=None
[2024-09-07T00:07:41.849+0000] {processor.py:208} INFO - Processing /opt/airflow/dags/4-customoperator.py took 0.224 seconds
[2024-09-07T00:08:11.981+0000] {processor.py:186} INFO - Started process (PID=17581) to work on /opt/airflow/dags/4-customoperator.py
[2024-09-07T00:08:11.996+0000] {processor.py:914} INFO - Processing file /opt/airflow/dags/4-customoperator.py for tasks to queue
[2024-09-07T00:08:11.999+0000] {logging_mixin.py:190} INFO - [2024-09-07T00:08:11.999+0000] {dagbag.py:587} INFO - Filling up the DagBag from /opt/airflow/dags/4-customoperator.py
[2024-09-07T00:08:12.015+0000] {processor.py:925} INFO - DAG(s) 'customoperator' retrieved from /opt/airflow/dags/4-customoperator.py
[2024-09-07T00:08:12.057+0000] {logging_mixin.py:190} INFO - [2024-09-07T00:08:12.056+0000] {dag.py:3211} INFO - Sync 1 DAGs
[2024-09-07T00:08:12.101+0000] {logging_mixin.py:190} INFO - [2024-09-07T00:08:12.100+0000] {dag.py:4138} INFO - Setting next_dagrun for customoperator to None, run_after=None
[2024-09-07T00:08:12.138+0000] {processor.py:208} INFO - Processing /opt/airflow/dags/4-customoperator.py took 0.169 seconds
[2024-09-07T00:08:42.214+0000] {processor.py:186} INFO - Started process (PID=17594) to work on /opt/airflow/dags/4-customoperator.py
[2024-09-07T00:08:42.216+0000] {processor.py:914} INFO - Processing file /opt/airflow/dags/4-customoperator.py for tasks to queue
[2024-09-07T00:08:42.220+0000] {logging_mixin.py:190} INFO - [2024-09-07T00:08:42.220+0000] {dagbag.py:587} INFO - Filling up the DagBag from /opt/airflow/dags/4-customoperator.py
[2024-09-07T00:08:42.234+0000] {processor.py:925} INFO - DAG(s) 'customoperator' retrieved from /opt/airflow/dags/4-customoperator.py
[2024-09-07T00:08:42.275+0000] {logging_mixin.py:190} INFO - [2024-09-07T00:08:42.274+0000] {dag.py:3211} INFO - Sync 1 DAGs
[2024-09-07T00:08:42.325+0000] {logging_mixin.py:190} INFO - [2024-09-07T00:08:42.324+0000] {dag.py:4138} INFO - Setting next_dagrun for customoperator to None, run_after=None
[2024-09-07T00:08:42.360+0000] {processor.py:208} INFO - Processing /opt/airflow/dags/4-customoperator.py took 0.158 seconds
[2024-09-07T00:09:13.156+0000] {processor.py:186} INFO - Started process (PID=17607) to work on /opt/airflow/dags/4-customoperator.py
[2024-09-07T00:09:13.158+0000] {processor.py:914} INFO - Processing file /opt/airflow/dags/4-customoperator.py for tasks to queue
[2024-09-07T00:09:13.163+0000] {logging_mixin.py:190} INFO - [2024-09-07T00:09:13.162+0000] {dagbag.py:587} INFO - Filling up the DagBag from /opt/airflow/dags/4-customoperator.py
[2024-09-07T00:09:13.179+0000] {processor.py:925} INFO - DAG(s) 'customoperator' retrieved from /opt/airflow/dags/4-customoperator.py
[2024-09-07T00:09:13.230+0000] {logging_mixin.py:190} INFO - [2024-09-07T00:09:13.230+0000] {dag.py:3211} INFO - Sync 1 DAGs
[2024-09-07T00:09:13.284+0000] {logging_mixin.py:190} INFO - [2024-09-07T00:09:13.284+0000] {dag.py:4138} INFO - Setting next_dagrun for customoperator to None, run_after=None
[2024-09-07T00:09:13.316+0000] {processor.py:208} INFO - Processing /opt/airflow/dags/4-customoperator.py took 0.174 seconds
[2024-09-07T00:09:44.002+0000] {processor.py:186} INFO - Started process (PID=17620) to work on /opt/airflow/dags/4-customoperator.py
[2024-09-07T00:09:44.006+0000] {processor.py:914} INFO - Processing file /opt/airflow/dags/4-customoperator.py for tasks to queue
[2024-09-07T00:09:44.016+0000] {logging_mixin.py:190} INFO - [2024-09-07T00:09:44.015+0000] {dagbag.py:587} INFO - Filling up the DagBag from /opt/airflow/dags/4-customoperator.py
[2024-09-07T00:09:44.034+0000] {processor.py:925} INFO - DAG(s) 'customoperator' retrieved from /opt/airflow/dags/4-customoperator.py
[2024-09-07T00:09:44.087+0000] {logging_mixin.py:190} INFO - [2024-09-07T00:09:44.086+0000] {dag.py:3211} INFO - Sync 1 DAGs
[2024-09-07T00:09:44.145+0000] {logging_mixin.py:190} INFO - [2024-09-07T00:09:44.144+0000] {dag.py:4138} INFO - Setting next_dagrun for customoperator to None, run_after=None
[2024-09-07T00:09:44.182+0000] {processor.py:208} INFO - Processing /opt/airflow/dags/4-customoperator.py took 0.194 seconds
[2024-09-07T00:10:14.811+0000] {processor.py:186} INFO - Started process (PID=17632) to work on /opt/airflow/dags/4-customoperator.py
[2024-09-07T00:10:14.813+0000] {processor.py:914} INFO - Processing file /opt/airflow/dags/4-customoperator.py for tasks to queue
[2024-09-07T00:10:14.817+0000] {logging_mixin.py:190} INFO - [2024-09-07T00:10:14.817+0000] {dagbag.py:587} INFO - Filling up the DagBag from /opt/airflow/dags/4-customoperator.py
[2024-09-07T00:10:14.839+0000] {processor.py:925} INFO - DAG(s) 'customoperator' retrieved from /opt/airflow/dags/4-customoperator.py
[2024-09-07T00:10:14.888+0000] {logging_mixin.py:190} INFO - [2024-09-07T00:10:14.888+0000] {dag.py:3211} INFO - Sync 1 DAGs
[2024-09-07T00:10:14.938+0000] {logging_mixin.py:190} INFO - [2024-09-07T00:10:14.938+0000] {dag.py:4138} INFO - Setting next_dagrun for customoperator to None, run_after=None
[2024-09-07T00:10:14.976+0000] {processor.py:208} INFO - Processing /opt/airflow/dags/4-customoperator.py took 0.181 seconds
[2024-09-07T00:10:45.691+0000] {processor.py:186} INFO - Started process (PID=17645) to work on /opt/airflow/dags/4-customoperator.py
[2024-09-07T00:10:45.693+0000] {processor.py:914} INFO - Processing file /opt/airflow/dags/4-customoperator.py for tasks to queue
[2024-09-07T00:10:45.698+0000] {logging_mixin.py:190} INFO - [2024-09-07T00:10:45.697+0000] {dagbag.py:587} INFO - Filling up the DagBag from /opt/airflow/dags/4-customoperator.py
[2024-09-07T00:10:45.718+0000] {processor.py:925} INFO - DAG(s) 'customoperator' retrieved from /opt/airflow/dags/4-customoperator.py
[2024-09-07T00:10:45.779+0000] {logging_mixin.py:190} INFO - [2024-09-07T00:10:45.778+0000] {dag.py:3211} INFO - Sync 1 DAGs
[2024-09-07T00:10:45.839+0000] {logging_mixin.py:190} INFO - [2024-09-07T00:10:45.839+0000] {dag.py:4138} INFO - Setting next_dagrun for customoperator to None, run_after=None
[2024-09-07T00:10:45.880+0000] {processor.py:208} INFO - Processing /opt/airflow/dags/4-customoperator.py took 0.204 seconds
[2024-09-07T00:11:16.731+0000] {processor.py:186} INFO - Started process (PID=17658) to work on /opt/airflow/dags/4-customoperator.py
[2024-09-07T00:11:16.733+0000] {processor.py:914} INFO - Processing file /opt/airflow/dags/4-customoperator.py for tasks to queue
[2024-09-07T00:11:16.739+0000] {logging_mixin.py:190} INFO - [2024-09-07T00:11:16.738+0000] {dagbag.py:587} INFO - Filling up the DagBag from /opt/airflow/dags/4-customoperator.py
[2024-09-07T00:11:16.761+0000] {processor.py:925} INFO - DAG(s) 'customoperator' retrieved from /opt/airflow/dags/4-customoperator.py
[2024-09-07T00:11:16.801+0000] {logging_mixin.py:190} INFO - [2024-09-07T00:11:16.801+0000] {dag.py:3211} INFO - Sync 1 DAGs
[2024-09-07T00:11:16.849+0000] {logging_mixin.py:190} INFO - [2024-09-07T00:11:16.849+0000] {dag.py:4138} INFO - Setting next_dagrun for customoperator to None, run_after=None
[2024-09-07T00:11:16.880+0000] {processor.py:208} INFO - Processing /opt/airflow/dags/4-customoperator.py took 0.164 seconds
[2024-09-07T00:11:47.584+0000] {processor.py:186} INFO - Started process (PID=17671) to work on /opt/airflow/dags/4-customoperator.py
[2024-09-07T00:11:47.585+0000] {processor.py:914} INFO - Processing file /opt/airflow/dags/4-customoperator.py for tasks to queue
[2024-09-07T00:11:47.589+0000] {logging_mixin.py:190} INFO - [2024-09-07T00:11:47.588+0000] {dagbag.py:587} INFO - Filling up the DagBag from /opt/airflow/dags/4-customoperator.py
[2024-09-07T00:11:47.604+0000] {processor.py:925} INFO - DAG(s) 'customoperator' retrieved from /opt/airflow/dags/4-customoperator.py
[2024-09-07T00:11:47.649+0000] {logging_mixin.py:190} INFO - [2024-09-07T00:11:47.649+0000] {dag.py:3211} INFO - Sync 1 DAGs
[2024-09-07T00:11:47.692+0000] {logging_mixin.py:190} INFO - [2024-09-07T00:11:47.692+0000] {dag.py:4138} INFO - Setting next_dagrun for customoperator to None, run_after=None
[2024-09-07T00:11:47.721+0000] {processor.py:208} INFO - Processing /opt/airflow/dags/4-customoperator.py took 0.149 seconds
[2024-09-07T00:12:18.495+0000] {processor.py:186} INFO - Started process (PID=17684) to work on /opt/airflow/dags/4-customoperator.py
[2024-09-07T00:12:18.512+0000] {processor.py:914} INFO - Processing file /opt/airflow/dags/4-customoperator.py for tasks to queue
[2024-09-07T00:12:18.516+0000] {logging_mixin.py:190} INFO - [2024-09-07T00:12:18.515+0000] {dagbag.py:587} INFO - Filling up the DagBag from /opt/airflow/dags/4-customoperator.py
[2024-09-07T00:12:18.534+0000] {processor.py:925} INFO - DAG(s) 'customoperator' retrieved from /opt/airflow/dags/4-customoperator.py
[2024-09-07T00:12:18.579+0000] {logging_mixin.py:190} INFO - [2024-09-07T00:12:18.579+0000] {dag.py:3211} INFO - Sync 1 DAGs
[2024-09-07T00:12:18.625+0000] {logging_mixin.py:190} INFO - [2024-09-07T00:12:18.625+0000] {dag.py:4138} INFO - Setting next_dagrun for customoperator to None, run_after=None
[2024-09-07T00:12:18.654+0000] {processor.py:208} INFO - Processing /opt/airflow/dags/4-customoperator.py took 0.173 seconds
[2024-09-07T00:12:49.438+0000] {processor.py:186} INFO - Started process (PID=17696) to work on /opt/airflow/dags/4-customoperator.py
[2024-09-07T00:12:49.454+0000] {processor.py:914} INFO - Processing file /opt/airflow/dags/4-customoperator.py for tasks to queue
[2024-09-07T00:12:49.460+0000] {logging_mixin.py:190} INFO - [2024-09-07T00:12:49.459+0000] {dagbag.py:587} INFO - Filling up the DagBag from /opt/airflow/dags/4-customoperator.py
[2024-09-07T00:12:49.481+0000] {processor.py:925} INFO - DAG(s) 'customoperator' retrieved from /opt/airflow/dags/4-customoperator.py
[2024-09-07T00:12:49.578+0000] {logging_mixin.py:190} INFO - [2024-09-07T00:12:49.577+0000] {dag.py:3211} INFO - Sync 1 DAGs
[2024-09-07T00:12:49.635+0000] {logging_mixin.py:190} INFO - [2024-09-07T00:12:49.634+0000] {dag.py:4138} INFO - Setting next_dagrun for customoperator to None, run_after=None
[2024-09-07T00:12:49.671+0000] {processor.py:208} INFO - Processing /opt/airflow/dags/4-customoperator.py took 0.266 seconds
[2024-09-07T00:13:20.398+0000] {processor.py:186} INFO - Started process (PID=17709) to work on /opt/airflow/dags/4-customoperator.py
[2024-09-07T00:13:20.411+0000] {processor.py:914} INFO - Processing file /opt/airflow/dags/4-customoperator.py for tasks to queue
[2024-09-07T00:13:20.415+0000] {logging_mixin.py:190} INFO - [2024-09-07T00:13:20.414+0000] {dagbag.py:587} INFO - Filling up the DagBag from /opt/airflow/dags/4-customoperator.py
[2024-09-07T00:13:20.433+0000] {processor.py:925} INFO - DAG(s) 'customoperator' retrieved from /opt/airflow/dags/4-customoperator.py
[2024-09-07T00:13:20.490+0000] {logging_mixin.py:190} INFO - [2024-09-07T00:13:20.489+0000] {dag.py:3211} INFO - Sync 1 DAGs
[2024-09-07T00:13:20.561+0000] {logging_mixin.py:190} INFO - [2024-09-07T00:13:20.561+0000] {dag.py:4138} INFO - Setting next_dagrun for customoperator to None, run_after=None
[2024-09-07T00:13:20.602+0000] {processor.py:208} INFO - Processing /opt/airflow/dags/4-customoperator.py took 0.218 seconds
[2024-09-07T00:13:51.301+0000] {processor.py:186} INFO - Started process (PID=17722) to work on /opt/airflow/dags/4-customoperator.py
[2024-09-07T00:13:51.323+0000] {processor.py:914} INFO - Processing file /opt/airflow/dags/4-customoperator.py for tasks to queue
[2024-09-07T00:13:51.328+0000] {logging_mixin.py:190} INFO - [2024-09-07T00:13:51.327+0000] {dagbag.py:587} INFO - Filling up the DagBag from /opt/airflow/dags/4-customoperator.py
[2024-09-07T00:13:51.346+0000] {processor.py:925} INFO - DAG(s) 'customoperator' retrieved from /opt/airflow/dags/4-customoperator.py
[2024-09-07T00:13:51.402+0000] {logging_mixin.py:190} INFO - [2024-09-07T00:13:51.402+0000] {dag.py:3211} INFO - Sync 1 DAGs
[2024-09-07T00:13:51.466+0000] {logging_mixin.py:190} INFO - [2024-09-07T00:13:51.465+0000] {dag.py:4138} INFO - Setting next_dagrun for customoperator to None, run_after=None
[2024-09-07T00:13:51.505+0000] {processor.py:208} INFO - Processing /opt/airflow/dags/4-customoperator.py took 0.217 seconds
[2024-09-07T00:14:22.210+0000] {processor.py:186} INFO - Started process (PID=17735) to work on /opt/airflow/dags/4-customoperator.py
[2024-09-07T00:14:22.212+0000] {processor.py:914} INFO - Processing file /opt/airflow/dags/4-customoperator.py for tasks to queue
[2024-09-07T00:14:22.217+0000] {logging_mixin.py:190} INFO - [2024-09-07T00:14:22.216+0000] {dagbag.py:587} INFO - Filling up the DagBag from /opt/airflow/dags/4-customoperator.py
[2024-09-07T00:14:22.234+0000] {processor.py:925} INFO - DAG(s) 'customoperator' retrieved from /opt/airflow/dags/4-customoperator.py
[2024-09-07T00:14:22.286+0000] {logging_mixin.py:190} INFO - [2024-09-07T00:14:22.285+0000] {dag.py:3211} INFO - Sync 1 DAGs
[2024-09-07T00:14:22.335+0000] {logging_mixin.py:190} INFO - [2024-09-07T00:14:22.334+0000] {dag.py:4138} INFO - Setting next_dagrun for customoperator to None, run_after=None
[2024-09-07T00:14:22.367+0000] {processor.py:208} INFO - Processing /opt/airflow/dags/4-customoperator.py took 0.170 seconds
[2024-09-07T00:14:52.962+0000] {processor.py:186} INFO - Started process (PID=17748) to work on /opt/airflow/dags/4-customoperator.py
[2024-09-07T00:14:52.964+0000] {processor.py:914} INFO - Processing file /opt/airflow/dags/4-customoperator.py for tasks to queue
[2024-09-07T00:14:52.968+0000] {logging_mixin.py:190} INFO - [2024-09-07T00:14:52.967+0000] {dagbag.py:587} INFO - Filling up the DagBag from /opt/airflow/dags/4-customoperator.py
[2024-09-07T00:14:52.986+0000] {processor.py:925} INFO - DAG(s) 'customoperator' retrieved from /opt/airflow/dags/4-customoperator.py
[2024-09-07T00:14:53.035+0000] {logging_mixin.py:190} INFO - [2024-09-07T00:14:53.034+0000] {dag.py:3211} INFO - Sync 1 DAGs
[2024-09-07T00:14:53.097+0000] {logging_mixin.py:190} INFO - [2024-09-07T00:14:53.096+0000] {dag.py:4138} INFO - Setting next_dagrun for customoperator to None, run_after=None
[2024-09-07T00:14:53.153+0000] {processor.py:208} INFO - Processing /opt/airflow/dags/4-customoperator.py took 0.205 seconds
[2024-09-07T00:15:23.906+0000] {processor.py:186} INFO - Started process (PID=17767) to work on /opt/airflow/dags/4-customoperator.py
[2024-09-07T00:15:23.908+0000] {processor.py:914} INFO - Processing file /opt/airflow/dags/4-customoperator.py for tasks to queue
[2024-09-07T00:15:23.912+0000] {logging_mixin.py:190} INFO - [2024-09-07T00:15:23.911+0000] {dagbag.py:587} INFO - Filling up the DagBag from /opt/airflow/dags/4-customoperator.py
[2024-09-07T00:15:23.929+0000] {processor.py:925} INFO - DAG(s) 'customoperator' retrieved from /opt/airflow/dags/4-customoperator.py
[2024-09-07T00:15:23.974+0000] {logging_mixin.py:190} INFO - [2024-09-07T00:15:23.973+0000] {dag.py:3211} INFO - Sync 1 DAGs
[2024-09-07T00:15:24.033+0000] {logging_mixin.py:190} INFO - [2024-09-07T00:15:24.032+0000] {dag.py:4138} INFO - Setting next_dagrun for customoperator to None, run_after=None
[2024-09-07T00:15:24.067+0000] {processor.py:208} INFO - Processing /opt/airflow/dags/4-customoperator.py took 0.176 seconds
[2024-09-07T00:15:54.854+0000] {processor.py:186} INFO - Started process (PID=17780) to work on /opt/airflow/dags/4-customoperator.py
[2024-09-07T00:15:54.855+0000] {processor.py:914} INFO - Processing file /opt/airflow/dags/4-customoperator.py for tasks to queue
[2024-09-07T00:15:54.860+0000] {logging_mixin.py:190} INFO - [2024-09-07T00:15:54.859+0000] {dagbag.py:587} INFO - Filling up the DagBag from /opt/airflow/dags/4-customoperator.py
[2024-09-07T00:15:54.877+0000] {processor.py:925} INFO - DAG(s) 'customoperator' retrieved from /opt/airflow/dags/4-customoperator.py
[2024-09-07T00:15:54.922+0000] {logging_mixin.py:190} INFO - [2024-09-07T00:15:54.921+0000] {dag.py:3211} INFO - Sync 1 DAGs
[2024-09-07T00:15:54.976+0000] {logging_mixin.py:190} INFO - [2024-09-07T00:15:54.976+0000] {dag.py:4138} INFO - Setting next_dagrun for customoperator to None, run_after=None
[2024-09-07T00:15:55.013+0000] {processor.py:208} INFO - Processing /opt/airflow/dags/4-customoperator.py took 0.169 seconds
[2024-09-07T00:16:25.192+0000] {processor.py:186} INFO - Started process (PID=17793) to work on /opt/airflow/dags/4-customoperator.py
[2024-09-07T00:16:25.194+0000] {processor.py:914} INFO - Processing file /opt/airflow/dags/4-customoperator.py for tasks to queue
[2024-09-07T00:16:25.199+0000] {logging_mixin.py:190} INFO - [2024-09-07T00:16:25.198+0000] {dagbag.py:587} INFO - Filling up the DagBag from /opt/airflow/dags/4-customoperator.py
[2024-09-07T00:16:25.214+0000] {processor.py:925} INFO - DAG(s) 'customoperator' retrieved from /opt/airflow/dags/4-customoperator.py
[2024-09-07T00:16:25.255+0000] {logging_mixin.py:190} INFO - [2024-09-07T00:16:25.255+0000] {dag.py:3211} INFO - Sync 1 DAGs
[2024-09-07T00:16:25.303+0000] {logging_mixin.py:190} INFO - [2024-09-07T00:16:25.302+0000] {dag.py:4138} INFO - Setting next_dagrun for customoperator to None, run_after=None
[2024-09-07T00:16:25.335+0000] {processor.py:208} INFO - Processing /opt/airflow/dags/4-customoperator.py took 0.153 seconds
[2024-09-07T00:16:56.130+0000] {processor.py:186} INFO - Started process (PID=17806) to work on /opt/airflow/dags/4-customoperator.py
[2024-09-07T00:16:56.133+0000] {processor.py:914} INFO - Processing file /opt/airflow/dags/4-customoperator.py for tasks to queue
[2024-09-07T00:16:56.140+0000] {logging_mixin.py:190} INFO - [2024-09-07T00:16:56.139+0000] {dagbag.py:587} INFO - Filling up the DagBag from /opt/airflow/dags/4-customoperator.py
[2024-09-07T00:16:56.161+0000] {processor.py:925} INFO - DAG(s) 'customoperator' retrieved from /opt/airflow/dags/4-customoperator.py
[2024-09-07T00:16:56.226+0000] {logging_mixin.py:190} INFO - [2024-09-07T00:16:56.225+0000] {dag.py:3211} INFO - Sync 1 DAGs
[2024-09-07T00:16:56.302+0000] {logging_mixin.py:190} INFO - [2024-09-07T00:16:56.301+0000] {dag.py:4138} INFO - Setting next_dagrun for customoperator to None, run_after=None
[2024-09-07T00:16:56.346+0000] {processor.py:208} INFO - Processing /opt/airflow/dags/4-customoperator.py took 0.232 seconds
[2024-09-07T00:17:27.052+0000] {processor.py:186} INFO - Started process (PID=17819) to work on /opt/airflow/dags/4-customoperator.py
[2024-09-07T00:17:27.054+0000] {processor.py:914} INFO - Processing file /opt/airflow/dags/4-customoperator.py for tasks to queue
[2024-09-07T00:17:27.059+0000] {logging_mixin.py:190} INFO - [2024-09-07T00:17:27.058+0000] {dagbag.py:587} INFO - Filling up the DagBag from /opt/airflow/dags/4-customoperator.py
[2024-09-07T00:17:27.085+0000] {processor.py:925} INFO - DAG(s) 'customoperator' retrieved from /opt/airflow/dags/4-customoperator.py
[2024-09-07T00:17:27.140+0000] {logging_mixin.py:190} INFO - [2024-09-07T00:17:27.140+0000] {dag.py:3211} INFO - Sync 1 DAGs
[2024-09-07T00:17:27.199+0000] {logging_mixin.py:190} INFO - [2024-09-07T00:17:27.198+0000] {dag.py:4138} INFO - Setting next_dagrun for customoperator to None, run_after=None
[2024-09-07T00:17:27.238+0000] {processor.py:208} INFO - Processing /opt/airflow/dags/4-customoperator.py took 0.210 seconds
[2024-09-07T00:17:57.817+0000] {processor.py:186} INFO - Started process (PID=17832) to work on /opt/airflow/dags/4-customoperator.py
[2024-09-07T00:17:57.819+0000] {processor.py:914} INFO - Processing file /opt/airflow/dags/4-customoperator.py for tasks to queue
[2024-09-07T00:17:57.823+0000] {logging_mixin.py:190} INFO - [2024-09-07T00:17:57.822+0000] {dagbag.py:587} INFO - Filling up the DagBag from /opt/airflow/dags/4-customoperator.py
[2024-09-07T00:17:57.839+0000] {processor.py:925} INFO - DAG(s) 'customoperator' retrieved from /opt/airflow/dags/4-customoperator.py
[2024-09-07T00:17:57.882+0000] {logging_mixin.py:190} INFO - [2024-09-07T00:17:57.882+0000] {dag.py:3211} INFO - Sync 1 DAGs
[2024-09-07T00:17:57.933+0000] {logging_mixin.py:190} INFO - [2024-09-07T00:17:57.932+0000] {dag.py:4138} INFO - Setting next_dagrun for customoperator to None, run_after=None
[2024-09-07T00:17:57.970+0000] {processor.py:208} INFO - Processing /opt/airflow/dags/4-customoperator.py took 0.165 seconds
[2024-09-07T00:18:28.554+0000] {processor.py:186} INFO - Started process (PID=17845) to work on /opt/airflow/dags/4-customoperator.py
[2024-09-07T00:18:28.556+0000] {processor.py:914} INFO - Processing file /opt/airflow/dags/4-customoperator.py for tasks to queue
[2024-09-07T00:18:28.562+0000] {logging_mixin.py:190} INFO - [2024-09-07T00:18:28.561+0000] {dagbag.py:587} INFO - Filling up the DagBag from /opt/airflow/dags/4-customoperator.py
[2024-09-07T00:18:28.577+0000] {processor.py:925} INFO - DAG(s) 'customoperator' retrieved from /opt/airflow/dags/4-customoperator.py
[2024-09-07T00:18:28.623+0000] {logging_mixin.py:190} INFO - [2024-09-07T00:18:28.623+0000] {dag.py:3211} INFO - Sync 1 DAGs
[2024-09-07T00:18:28.674+0000] {logging_mixin.py:190} INFO - [2024-09-07T00:18:28.674+0000] {dag.py:4138} INFO - Setting next_dagrun for customoperator to None, run_after=None
[2024-09-07T00:18:28.715+0000] {processor.py:208} INFO - Processing /opt/airflow/dags/4-customoperator.py took 0.173 seconds
[2024-09-07T00:18:59.448+0000] {processor.py:186} INFO - Started process (PID=17858) to work on /opt/airflow/dags/4-customoperator.py
[2024-09-07T00:18:59.450+0000] {processor.py:914} INFO - Processing file /opt/airflow/dags/4-customoperator.py for tasks to queue
[2024-09-07T00:18:59.454+0000] {logging_mixin.py:190} INFO - [2024-09-07T00:18:59.453+0000] {dagbag.py:587} INFO - Filling up the DagBag from /opt/airflow/dags/4-customoperator.py
[2024-09-07T00:18:59.471+0000] {processor.py:925} INFO - DAG(s) 'customoperator' retrieved from /opt/airflow/dags/4-customoperator.py
[2024-09-07T00:18:59.523+0000] {logging_mixin.py:190} INFO - [2024-09-07T00:18:59.522+0000] {dag.py:3211} INFO - Sync 1 DAGs
[2024-09-07T00:18:59.574+0000] {logging_mixin.py:190} INFO - [2024-09-07T00:18:59.574+0000] {dag.py:4138} INFO - Setting next_dagrun for customoperator to None, run_after=None
[2024-09-07T00:18:59.611+0000] {processor.py:208} INFO - Processing /opt/airflow/dags/4-customoperator.py took 0.174 seconds
[2024-09-07T00:19:30.419+0000] {processor.py:186} INFO - Started process (PID=17870) to work on /opt/airflow/dags/4-customoperator.py
[2024-09-07T00:19:30.421+0000] {processor.py:914} INFO - Processing file /opt/airflow/dags/4-customoperator.py for tasks to queue
[2024-09-07T00:19:30.425+0000] {logging_mixin.py:190} INFO - [2024-09-07T00:19:30.425+0000] {dagbag.py:587} INFO - Filling up the DagBag from /opt/airflow/dags/4-customoperator.py
[2024-09-07T00:19:30.444+0000] {processor.py:925} INFO - DAG(s) 'customoperator' retrieved from /opt/airflow/dags/4-customoperator.py
[2024-09-07T00:19:30.496+0000] {logging_mixin.py:190} INFO - [2024-09-07T00:19:30.495+0000] {dag.py:3211} INFO - Sync 1 DAGs
[2024-09-07T00:19:30.543+0000] {logging_mixin.py:190} INFO - [2024-09-07T00:19:30.542+0000] {dag.py:4138} INFO - Setting next_dagrun for customoperator to None, run_after=None
[2024-09-07T00:19:30.582+0000] {processor.py:208} INFO - Processing /opt/airflow/dags/4-customoperator.py took 0.179 seconds
[2024-09-07T00:20:01.303+0000] {processor.py:186} INFO - Started process (PID=17882) to work on /opt/airflow/dags/4-customoperator.py
[2024-09-07T00:20:01.305+0000] {processor.py:914} INFO - Processing file /opt/airflow/dags/4-customoperator.py for tasks to queue
[2024-09-07T00:20:01.309+0000] {logging_mixin.py:190} INFO - [2024-09-07T00:20:01.309+0000] {dagbag.py:587} INFO - Filling up the DagBag from /opt/airflow/dags/4-customoperator.py
[2024-09-07T00:20:01.326+0000] {processor.py:925} INFO - DAG(s) 'customoperator' retrieved from /opt/airflow/dags/4-customoperator.py
[2024-09-07T00:20:01.393+0000] {logging_mixin.py:190} INFO - [2024-09-07T00:20:01.392+0000] {dag.py:3211} INFO - Sync 1 DAGs
[2024-09-07T00:20:01.457+0000] {logging_mixin.py:190} INFO - [2024-09-07T00:20:01.457+0000] {dag.py:4138} INFO - Setting next_dagrun for customoperator to None, run_after=None
[2024-09-07T00:20:01.512+0000] {processor.py:208} INFO - Processing /opt/airflow/dags/4-customoperator.py took 0.223 seconds
[2024-09-07T00:20:32.209+0000] {processor.py:186} INFO - Started process (PID=17895) to work on /opt/airflow/dags/4-customoperator.py
[2024-09-07T00:20:32.210+0000] {processor.py:914} INFO - Processing file /opt/airflow/dags/4-customoperator.py for tasks to queue
[2024-09-07T00:20:32.216+0000] {logging_mixin.py:190} INFO - [2024-09-07T00:20:32.215+0000] {dagbag.py:587} INFO - Filling up the DagBag from /opt/airflow/dags/4-customoperator.py
[2024-09-07T00:20:32.235+0000] {processor.py:925} INFO - DAG(s) 'customoperator' retrieved from /opt/airflow/dags/4-customoperator.py
[2024-09-07T00:20:32.321+0000] {logging_mixin.py:190} INFO - [2024-09-07T00:20:32.320+0000] {dag.py:3211} INFO - Sync 1 DAGs
[2024-09-07T00:20:32.381+0000] {logging_mixin.py:190} INFO - [2024-09-07T00:20:32.380+0000] {dag.py:4138} INFO - Setting next_dagrun for customoperator to None, run_after=None
[2024-09-07T00:20:32.423+0000] {processor.py:208} INFO - Processing /opt/airflow/dags/4-customoperator.py took 0.232 seconds
[2024-09-07T00:21:02.486+0000] {processor.py:186} INFO - Started process (PID=17908) to work on /opt/airflow/dags/4-customoperator.py
[2024-09-07T00:21:02.487+0000] {processor.py:914} INFO - Processing file /opt/airflow/dags/4-customoperator.py for tasks to queue
[2024-09-07T00:21:02.492+0000] {logging_mixin.py:190} INFO - [2024-09-07T00:21:02.491+0000] {dagbag.py:587} INFO - Filling up the DagBag from /opt/airflow/dags/4-customoperator.py
[2024-09-07T00:21:02.510+0000] {processor.py:925} INFO - DAG(s) 'customoperator' retrieved from /opt/airflow/dags/4-customoperator.py
[2024-09-07T00:21:02.560+0000] {logging_mixin.py:190} INFO - [2024-09-07T00:21:02.559+0000] {dag.py:3211} INFO - Sync 1 DAGs
[2024-09-07T00:21:02.609+0000] {logging_mixin.py:190} INFO - [2024-09-07T00:21:02.609+0000] {dag.py:4138} INFO - Setting next_dagrun for customoperator to None, run_after=None
[2024-09-07T00:21:02.642+0000] {processor.py:208} INFO - Processing /opt/airflow/dags/4-customoperator.py took 0.171 seconds
[2024-09-07T00:21:32.813+0000] {processor.py:186} INFO - Started process (PID=17921) to work on /opt/airflow/dags/4-customoperator.py
[2024-09-07T00:21:32.817+0000] {processor.py:914} INFO - Processing file /opt/airflow/dags/4-customoperator.py for tasks to queue
[2024-09-07T00:21:32.826+0000] {logging_mixin.py:190} INFO - [2024-09-07T00:21:32.826+0000] {dagbag.py:587} INFO - Filling up the DagBag from /opt/airflow/dags/4-customoperator.py
[2024-09-07T00:21:32.845+0000] {processor.py:925} INFO - DAG(s) 'customoperator' retrieved from /opt/airflow/dags/4-customoperator.py
[2024-09-07T00:21:32.910+0000] {logging_mixin.py:190} INFO - [2024-09-07T00:21:32.910+0000] {dag.py:3211} INFO - Sync 1 DAGs
[2024-09-07T00:21:32.974+0000] {logging_mixin.py:190} INFO - [2024-09-07T00:21:32.973+0000] {dag.py:4138} INFO - Setting next_dagrun for customoperator to None, run_after=None
[2024-09-07T00:21:33.018+0000] {processor.py:208} INFO - Processing /opt/airflow/dags/4-customoperator.py took 0.221 seconds
[2024-09-07T00:22:03.154+0000] {processor.py:186} INFO - Started process (PID=17933) to work on /opt/airflow/dags/4-customoperator.py
[2024-09-07T00:22:03.166+0000] {processor.py:914} INFO - Processing file /opt/airflow/dags/4-customoperator.py for tasks to queue
[2024-09-07T00:22:03.172+0000] {logging_mixin.py:190} INFO - [2024-09-07T00:22:03.171+0000] {dagbag.py:587} INFO - Filling up the DagBag from /opt/airflow/dags/4-customoperator.py
[2024-09-07T00:22:03.192+0000] {processor.py:925} INFO - DAG(s) 'customoperator' retrieved from /opt/airflow/dags/4-customoperator.py
[2024-09-07T00:22:03.269+0000] {logging_mixin.py:190} INFO - [2024-09-07T00:22:03.269+0000] {dag.py:3211} INFO - Sync 1 DAGs
[2024-09-07T00:22:03.334+0000] {logging_mixin.py:190} INFO - [2024-09-07T00:22:03.334+0000] {dag.py:4138} INFO - Setting next_dagrun for customoperator to None, run_after=None
[2024-09-07T00:22:03.373+0000] {processor.py:208} INFO - Processing /opt/airflow/dags/4-customoperator.py took 0.233 seconds
[2024-09-07T00:22:33.538+0000] {processor.py:186} INFO - Started process (PID=17946) to work on /opt/airflow/dags/4-customoperator.py
[2024-09-07T00:22:33.540+0000] {processor.py:914} INFO - Processing file /opt/airflow/dags/4-customoperator.py for tasks to queue
[2024-09-07T00:22:33.544+0000] {logging_mixin.py:190} INFO - [2024-09-07T00:22:33.543+0000] {dagbag.py:587} INFO - Filling up the DagBag from /opt/airflow/dags/4-customoperator.py
[2024-09-07T00:22:33.562+0000] {processor.py:925} INFO - DAG(s) 'customoperator' retrieved from /opt/airflow/dags/4-customoperator.py
[2024-09-07T00:22:33.615+0000] {logging_mixin.py:190} INFO - [2024-09-07T00:22:33.614+0000] {dag.py:3211} INFO - Sync 1 DAGs
[2024-09-07T00:22:33.667+0000] {logging_mixin.py:190} INFO - [2024-09-07T00:22:33.666+0000] {dag.py:4138} INFO - Setting next_dagrun for customoperator to None, run_after=None
[2024-09-07T00:22:33.703+0000] {processor.py:208} INFO - Processing /opt/airflow/dags/4-customoperator.py took 0.178 seconds
[2024-09-07T00:23:03.816+0000] {processor.py:186} INFO - Started process (PID=17959) to work on /opt/airflow/dags/4-customoperator.py
[2024-09-07T00:23:03.830+0000] {processor.py:914} INFO - Processing file /opt/airflow/dags/4-customoperator.py for tasks to queue
[2024-09-07T00:23:03.835+0000] {logging_mixin.py:190} INFO - [2024-09-07T00:23:03.834+0000] {dagbag.py:587} INFO - Filling up the DagBag from /opt/airflow/dags/4-customoperator.py
[2024-09-07T00:23:03.855+0000] {processor.py:925} INFO - DAG(s) 'customoperator' retrieved from /opt/airflow/dags/4-customoperator.py
[2024-09-07T00:23:03.926+0000] {logging_mixin.py:190} INFO - [2024-09-07T00:23:03.925+0000] {dag.py:3211} INFO - Sync 1 DAGs
[2024-09-07T00:23:03.982+0000] {logging_mixin.py:190} INFO - [2024-09-07T00:23:03.982+0000] {dag.py:4138} INFO - Setting next_dagrun for customoperator to None, run_after=None
[2024-09-07T00:23:04.019+0000] {processor.py:208} INFO - Processing /opt/airflow/dags/4-customoperator.py took 0.230 seconds
[2024-09-07T00:23:34.085+0000] {processor.py:186} INFO - Started process (PID=17972) to work on /opt/airflow/dags/4-customoperator.py
[2024-09-07T00:23:34.087+0000] {processor.py:914} INFO - Processing file /opt/airflow/dags/4-customoperator.py for tasks to queue
[2024-09-07T00:23:34.092+0000] {logging_mixin.py:190} INFO - [2024-09-07T00:23:34.091+0000] {dagbag.py:587} INFO - Filling up the DagBag from /opt/airflow/dags/4-customoperator.py
[2024-09-07T00:23:34.110+0000] {processor.py:925} INFO - DAG(s) 'customoperator' retrieved from /opt/airflow/dags/4-customoperator.py
[2024-09-07T00:23:34.161+0000] {logging_mixin.py:190} INFO - [2024-09-07T00:23:34.160+0000] {dag.py:3211} INFO - Sync 1 DAGs
[2024-09-07T00:23:34.216+0000] {logging_mixin.py:190} INFO - [2024-09-07T00:23:34.216+0000] {dag.py:4138} INFO - Setting next_dagrun for customoperator to None, run_after=None
[2024-09-07T00:23:34.250+0000] {processor.py:208} INFO - Processing /opt/airflow/dags/4-customoperator.py took 0.179 seconds
[2024-09-07T00:24:04.320+0000] {processor.py:186} INFO - Started process (PID=17984) to work on /opt/airflow/dags/4-customoperator.py
[2024-09-07T00:24:04.322+0000] {processor.py:914} INFO - Processing file /opt/airflow/dags/4-customoperator.py for tasks to queue
[2024-09-07T00:24:04.327+0000] {logging_mixin.py:190} INFO - [2024-09-07T00:24:04.326+0000] {dagbag.py:587} INFO - Filling up the DagBag from /opt/airflow/dags/4-customoperator.py
[2024-09-07T00:24:04.345+0000] {processor.py:925} INFO - DAG(s) 'customoperator' retrieved from /opt/airflow/dags/4-customoperator.py
[2024-09-07T00:24:04.399+0000] {logging_mixin.py:190} INFO - [2024-09-07T00:24:04.399+0000] {dag.py:3211} INFO - Sync 1 DAGs
[2024-09-07T00:24:04.456+0000] {logging_mixin.py:190} INFO - [2024-09-07T00:24:04.455+0000] {dag.py:4138} INFO - Setting next_dagrun for customoperator to None, run_after=None
[2024-09-07T00:24:04.486+0000] {processor.py:208} INFO - Processing /opt/airflow/dags/4-customoperator.py took 0.180 seconds
[2024-09-07T00:24:34.657+0000] {processor.py:186} INFO - Started process (PID=17998) to work on /opt/airflow/dags/4-customoperator.py
[2024-09-07T00:24:34.658+0000] {processor.py:914} INFO - Processing file /opt/airflow/dags/4-customoperator.py for tasks to queue
[2024-09-07T00:24:34.663+0000] {logging_mixin.py:190} INFO - [2024-09-07T00:24:34.662+0000] {dagbag.py:587} INFO - Filling up the DagBag from /opt/airflow/dags/4-customoperator.py
[2024-09-07T00:24:34.682+0000] {processor.py:925} INFO - DAG(s) 'customoperator' retrieved from /opt/airflow/dags/4-customoperator.py
[2024-09-07T00:24:34.734+0000] {logging_mixin.py:190} INFO - [2024-09-07T00:24:34.734+0000] {dag.py:3211} INFO - Sync 1 DAGs
[2024-09-07T00:24:34.794+0000] {logging_mixin.py:190} INFO - [2024-09-07T00:24:34.793+0000] {dag.py:4138} INFO - Setting next_dagrun for customoperator to None, run_after=None
[2024-09-07T00:24:34.832+0000] {processor.py:208} INFO - Processing /opt/airflow/dags/4-customoperator.py took 0.189 seconds
[2024-09-07T00:25:05.535+0000] {processor.py:186} INFO - Started process (PID=18011) to work on /opt/airflow/dags/4-customoperator.py
[2024-09-07T00:25:05.537+0000] {processor.py:914} INFO - Processing file /opt/airflow/dags/4-customoperator.py for tasks to queue
[2024-09-07T00:25:05.541+0000] {logging_mixin.py:190} INFO - [2024-09-07T00:25:05.541+0000] {dagbag.py:587} INFO - Filling up the DagBag from /opt/airflow/dags/4-customoperator.py
[2024-09-07T00:25:05.560+0000] {processor.py:925} INFO - DAG(s) 'customoperator' retrieved from /opt/airflow/dags/4-customoperator.py
[2024-09-07T00:25:05.608+0000] {logging_mixin.py:190} INFO - [2024-09-07T00:25:05.607+0000] {dag.py:3211} INFO - Sync 1 DAGs
[2024-09-07T00:25:05.665+0000] {logging_mixin.py:190} INFO - [2024-09-07T00:25:05.664+0000] {dag.py:4138} INFO - Setting next_dagrun for customoperator to None, run_after=None
[2024-09-07T00:25:05.702+0000] {processor.py:208} INFO - Processing /opt/airflow/dags/4-customoperator.py took 0.180 seconds
[2024-09-07T00:25:35.876+0000] {processor.py:186} INFO - Started process (PID=18024) to work on /opt/airflow/dags/4-customoperator.py
[2024-09-07T00:25:35.878+0000] {processor.py:914} INFO - Processing file /opt/airflow/dags/4-customoperator.py for tasks to queue
[2024-09-07T00:25:35.884+0000] {logging_mixin.py:190} INFO - [2024-09-07T00:25:35.883+0000] {dagbag.py:587} INFO - Filling up the DagBag from /opt/airflow/dags/4-customoperator.py
[2024-09-07T00:25:35.902+0000] {processor.py:925} INFO - DAG(s) 'customoperator' retrieved from /opt/airflow/dags/4-customoperator.py
[2024-09-07T00:25:35.945+0000] {logging_mixin.py:190} INFO - [2024-09-07T00:25:35.945+0000] {dag.py:3211} INFO - Sync 1 DAGs
[2024-09-07T00:25:35.991+0000] {logging_mixin.py:190} INFO - [2024-09-07T00:25:35.991+0000] {dag.py:4138} INFO - Setting next_dagrun for customoperator to None, run_after=None
[2024-09-07T00:25:36.028+0000] {processor.py:208} INFO - Processing /opt/airflow/dags/4-customoperator.py took 0.165 seconds
