[2024-09-07T00:00:23.639+0000] {processor.py:186} INFO - Started process (PID=17389) to work on /opt/airflow/dags/5.1-orchestration.py
[2024-09-07T00:00:23.645+0000] {processor.py:914} INFO - Processing file /opt/airflow/dags/5.1-orchestration.py for tasks to queue
[2024-09-07T00:00:23.658+0000] {logging_mixin.py:190} INFO - [2024-09-07T00:00:23.657+0000] {dagbag.py:587} INFO - Filling up the DagBag from /opt/airflow/dags/5.1-orchestration.py
[2024-09-07T00:00:23.740+0000] {processor.py:925} INFO - DAG(s) '5.1-orchestration' retrieved from /opt/airflow/dags/5.1-orchestration.py
[2024-09-07T00:00:23.876+0000] {logging_mixin.py:190} INFO - [2024-09-07T00:00:23.876+0000] {dag.py:3211} INFO - Sync 1 DAGs
[2024-09-07T00:00:24.000+0000] {logging_mixin.py:190} INFO - [2024-09-07T00:00:23.996+0000] {dag.py:4138} INFO - Setting next_dagrun for 5.1-orchestration to None, run_after=None
[2024-09-07T00:00:24.131+0000] {processor.py:208} INFO - Processing /opt/airflow/dags/5.1-orchestration.py took 0.529 seconds
[2024-09-07T00:00:54.282+0000] {processor.py:186} INFO - Started process (PID=17401) to work on /opt/airflow/dags/5.1-orchestration.py
[2024-09-07T00:00:54.289+0000] {processor.py:914} INFO - Processing file /opt/airflow/dags/5.1-orchestration.py for tasks to queue
[2024-09-07T00:00:54.293+0000] {logging_mixin.py:190} INFO - [2024-09-07T00:00:54.293+0000] {dagbag.py:587} INFO - Filling up the DagBag from /opt/airflow/dags/5.1-orchestration.py
[2024-09-07T00:00:54.311+0000] {processor.py:925} INFO - DAG(s) '5.1-orchestration' retrieved from /opt/airflow/dags/5.1-orchestration.py
[2024-09-07T00:00:54.365+0000] {logging_mixin.py:190} INFO - [2024-09-07T00:00:54.365+0000] {dag.py:3211} INFO - Sync 1 DAGs
[2024-09-07T00:00:54.431+0000] {logging_mixin.py:190} INFO - [2024-09-07T00:00:54.430+0000] {dag.py:4138} INFO - Setting next_dagrun for 5.1-orchestration to None, run_after=None
[2024-09-07T00:00:54.467+0000] {processor.py:208} INFO - Processing /opt/airflow/dags/5.1-orchestration.py took 0.196 seconds
[2024-09-07T00:01:24.944+0000] {processor.py:186} INFO - Started process (PID=17414) to work on /opt/airflow/dags/5.1-orchestration.py
[2024-09-07T00:01:24.946+0000] {processor.py:914} INFO - Processing file /opt/airflow/dags/5.1-orchestration.py for tasks to queue
[2024-09-07T00:01:24.950+0000] {logging_mixin.py:190} INFO - [2024-09-07T00:01:24.950+0000] {dagbag.py:587} INFO - Filling up the DagBag from /opt/airflow/dags/5.1-orchestration.py
[2024-09-07T00:01:24.980+0000] {processor.py:925} INFO - DAG(s) '5.1-orchestration' retrieved from /opt/airflow/dags/5.1-orchestration.py
[2024-09-07T00:01:25.040+0000] {logging_mixin.py:190} INFO - [2024-09-07T00:01:25.039+0000] {dag.py:3211} INFO - Sync 1 DAGs
[2024-09-07T00:01:25.103+0000] {logging_mixin.py:190} INFO - [2024-09-07T00:01:25.103+0000] {dag.py:4138} INFO - Setting next_dagrun for 5.1-orchestration to None, run_after=None
[2024-09-07T00:01:25.141+0000] {processor.py:208} INFO - Processing /opt/airflow/dags/5.1-orchestration.py took 0.210 seconds
[2024-09-07T00:01:55.690+0000] {processor.py:186} INFO - Started process (PID=17427) to work on /opt/airflow/dags/5.1-orchestration.py
[2024-09-07T00:01:55.691+0000] {processor.py:914} INFO - Processing file /opt/airflow/dags/5.1-orchestration.py for tasks to queue
[2024-09-07T00:01:55.697+0000] {logging_mixin.py:190} INFO - [2024-09-07T00:01:55.696+0000] {dagbag.py:587} INFO - Filling up the DagBag from /opt/airflow/dags/5.1-orchestration.py
[2024-09-07T00:01:55.725+0000] {processor.py:925} INFO - DAG(s) '5.1-orchestration' retrieved from /opt/airflow/dags/5.1-orchestration.py
[2024-09-07T00:01:55.781+0000] {logging_mixin.py:190} INFO - [2024-09-07T00:01:55.781+0000] {dag.py:3211} INFO - Sync 1 DAGs
[2024-09-07T00:01:55.841+0000] {logging_mixin.py:190} INFO - [2024-09-07T00:01:55.840+0000] {dag.py:4138} INFO - Setting next_dagrun for 5.1-orchestration to None, run_after=None
[2024-09-07T00:01:55.881+0000] {processor.py:208} INFO - Processing /opt/airflow/dags/5.1-orchestration.py took 0.204 seconds
[2024-09-07T00:02:26.672+0000] {processor.py:186} INFO - Started process (PID=17440) to work on /opt/airflow/dags/5.1-orchestration.py
[2024-09-07T00:02:26.681+0000] {processor.py:914} INFO - Processing file /opt/airflow/dags/5.1-orchestration.py for tasks to queue
[2024-09-07T00:02:26.691+0000] {logging_mixin.py:190} INFO - [2024-09-07T00:02:26.690+0000] {dagbag.py:587} INFO - Filling up the DagBag from /opt/airflow/dags/5.1-orchestration.py
[2024-09-07T00:02:26.791+0000] {processor.py:925} INFO - DAG(s) '5.1-orchestration' retrieved from /opt/airflow/dags/5.1-orchestration.py
[2024-09-07T00:02:26.897+0000] {logging_mixin.py:190} INFO - [2024-09-07T00:02:26.886+0000] {dag.py:3211} INFO - Sync 1 DAGs
[2024-09-07T00:02:27.018+0000] {logging_mixin.py:190} INFO - [2024-09-07T00:02:27.017+0000] {dag.py:4138} INFO - Setting next_dagrun for 5.1-orchestration to None, run_after=None
[2024-09-07T00:02:27.079+0000] {processor.py:208} INFO - Processing /opt/airflow/dags/5.1-orchestration.py took 0.455 seconds
[2024-09-07T00:02:57.397+0000] {processor.py:186} INFO - Started process (PID=17452) to work on /opt/airflow/dags/5.1-orchestration.py
[2024-09-07T00:02:57.398+0000] {processor.py:914} INFO - Processing file /opt/airflow/dags/5.1-orchestration.py for tasks to queue
[2024-09-07T00:02:57.403+0000] {logging_mixin.py:190} INFO - [2024-09-07T00:02:57.402+0000] {dagbag.py:587} INFO - Filling up the DagBag from /opt/airflow/dags/5.1-orchestration.py
[2024-09-07T00:02:57.429+0000] {processor.py:925} INFO - DAG(s) '5.1-orchestration' retrieved from /opt/airflow/dags/5.1-orchestration.py
[2024-09-07T00:02:57.520+0000] {logging_mixin.py:190} INFO - [2024-09-07T00:02:57.520+0000] {dag.py:3211} INFO - Sync 1 DAGs
[2024-09-07T00:02:57.663+0000] {logging_mixin.py:190} INFO - [2024-09-07T00:02:57.662+0000] {dag.py:4138} INFO - Setting next_dagrun for 5.1-orchestration to None, run_after=None
[2024-09-07T00:02:57.731+0000] {processor.py:208} INFO - Processing /opt/airflow/dags/5.1-orchestration.py took 0.348 seconds
[2024-09-07T00:03:28.533+0000] {processor.py:186} INFO - Started process (PID=17465) to work on /opt/airflow/dags/5.1-orchestration.py
[2024-09-07T00:03:28.556+0000] {processor.py:914} INFO - Processing file /opt/airflow/dags/5.1-orchestration.py for tasks to queue
[2024-09-07T00:03:28.561+0000] {logging_mixin.py:190} INFO - [2024-09-07T00:03:28.560+0000] {dagbag.py:587} INFO - Filling up the DagBag from /opt/airflow/dags/5.1-orchestration.py
[2024-09-07T00:03:28.582+0000] {processor.py:925} INFO - DAG(s) '5.1-orchestration' retrieved from /opt/airflow/dags/5.1-orchestration.py
[2024-09-07T00:03:28.633+0000] {logging_mixin.py:190} INFO - [2024-09-07T00:03:28.632+0000] {dag.py:3211} INFO - Sync 1 DAGs
[2024-09-07T00:03:28.720+0000] {logging_mixin.py:190} INFO - [2024-09-07T00:03:28.720+0000] {dag.py:4138} INFO - Setting next_dagrun for 5.1-orchestration to None, run_after=None
[2024-09-07T00:03:28.799+0000] {processor.py:208} INFO - Processing /opt/airflow/dags/5.1-orchestration.py took 0.275 seconds
[2024-09-07T00:03:59.841+0000] {processor.py:186} INFO - Started process (PID=17478) to work on /opt/airflow/dags/5.1-orchestration.py
[2024-09-07T00:03:59.848+0000] {processor.py:914} INFO - Processing file /opt/airflow/dags/5.1-orchestration.py for tasks to queue
[2024-09-07T00:03:59.854+0000] {logging_mixin.py:190} INFO - [2024-09-07T00:03:59.853+0000] {dagbag.py:587} INFO - Filling up the DagBag from /opt/airflow/dags/5.1-orchestration.py
[2024-09-07T00:03:59.924+0000] {processor.py:925} INFO - DAG(s) '5.1-orchestration' retrieved from /opt/airflow/dags/5.1-orchestration.py
[2024-09-07T00:03:59.990+0000] {logging_mixin.py:190} INFO - [2024-09-07T00:03:59.989+0000] {dag.py:3211} INFO - Sync 1 DAGs
[2024-09-07T00:04:00.064+0000] {logging_mixin.py:190} INFO - [2024-09-07T00:04:00.063+0000] {dag.py:4138} INFO - Setting next_dagrun for 5.1-orchestration to None, run_after=None
[2024-09-07T00:04:00.121+0000] {processor.py:208} INFO - Processing /opt/airflow/dags/5.1-orchestration.py took 0.301 seconds
[2024-09-07T00:04:30.992+0000] {processor.py:186} INFO - Started process (PID=17491) to work on /opt/airflow/dags/5.1-orchestration.py
[2024-09-07T00:04:30.994+0000] {processor.py:914} INFO - Processing file /opt/airflow/dags/5.1-orchestration.py for tasks to queue
[2024-09-07T00:04:30.998+0000] {logging_mixin.py:190} INFO - [2024-09-07T00:04:30.998+0000] {dagbag.py:587} INFO - Filling up the DagBag from /opt/airflow/dags/5.1-orchestration.py
[2024-09-07T00:04:31.026+0000] {processor.py:925} INFO - DAG(s) '5.1-orchestration' retrieved from /opt/airflow/dags/5.1-orchestration.py
[2024-09-07T00:04:31.083+0000] {logging_mixin.py:190} INFO - [2024-09-07T00:04:31.082+0000] {dag.py:3211} INFO - Sync 1 DAGs
[2024-09-07T00:04:31.146+0000] {logging_mixin.py:190} INFO - [2024-09-07T00:04:31.145+0000] {dag.py:4138} INFO - Setting next_dagrun for 5.1-orchestration to None, run_after=None
[2024-09-07T00:04:31.188+0000] {processor.py:208} INFO - Processing /opt/airflow/dags/5.1-orchestration.py took 0.210 seconds
[2024-09-07T00:05:01.732+0000] {processor.py:186} INFO - Started process (PID=17504) to work on /opt/airflow/dags/5.1-orchestration.py
[2024-09-07T00:05:01.739+0000] {processor.py:914} INFO - Processing file /opt/airflow/dags/5.1-orchestration.py for tasks to queue
[2024-09-07T00:05:01.744+0000] {logging_mixin.py:190} INFO - [2024-09-07T00:05:01.743+0000] {dagbag.py:587} INFO - Filling up the DagBag from /opt/airflow/dags/5.1-orchestration.py
[2024-09-07T00:05:01.770+0000] {processor.py:925} INFO - DAG(s) '5.1-orchestration' retrieved from /opt/airflow/dags/5.1-orchestration.py
[2024-09-07T00:05:01.832+0000] {logging_mixin.py:190} INFO - [2024-09-07T00:05:01.831+0000] {dag.py:3211} INFO - Sync 1 DAGs
[2024-09-07T00:05:01.893+0000] {logging_mixin.py:190} INFO - [2024-09-07T00:05:01.892+0000] {dag.py:4138} INFO - Setting next_dagrun for 5.1-orchestration to None, run_after=None
[2024-09-07T00:05:01.929+0000] {processor.py:208} INFO - Processing /opt/airflow/dags/5.1-orchestration.py took 0.210 seconds
[2024-09-07T00:05:32.786+0000] {processor.py:186} INFO - Started process (PID=17516) to work on /opt/airflow/dags/5.1-orchestration.py
[2024-09-07T00:05:32.797+0000] {processor.py:914} INFO - Processing file /opt/airflow/dags/5.1-orchestration.py for tasks to queue
[2024-09-07T00:05:32.801+0000] {logging_mixin.py:190} INFO - [2024-09-07T00:05:32.800+0000] {dagbag.py:587} INFO - Filling up the DagBag from /opt/airflow/dags/5.1-orchestration.py
[2024-09-07T00:05:32.832+0000] {processor.py:925} INFO - DAG(s) '5.1-orchestration' retrieved from /opt/airflow/dags/5.1-orchestration.py
[2024-09-07T00:05:32.953+0000] {logging_mixin.py:190} INFO - [2024-09-07T00:05:32.952+0000] {dag.py:3211} INFO - Sync 1 DAGs
[2024-09-07T00:05:33.028+0000] {logging_mixin.py:190} INFO - [2024-09-07T00:05:33.027+0000] {dag.py:4138} INFO - Setting next_dagrun for 5.1-orchestration to None, run_after=None
[2024-09-07T00:05:33.085+0000] {processor.py:208} INFO - Processing /opt/airflow/dags/5.1-orchestration.py took 0.313 seconds
[2024-09-07T00:06:03.161+0000] {processor.py:186} INFO - Started process (PID=17528) to work on /opt/airflow/dags/5.1-orchestration.py
[2024-09-07T00:06:03.162+0000] {processor.py:914} INFO - Processing file /opt/airflow/dags/5.1-orchestration.py for tasks to queue
[2024-09-07T00:06:03.167+0000] {logging_mixin.py:190} INFO - [2024-09-07T00:06:03.167+0000] {dagbag.py:587} INFO - Filling up the DagBag from /opt/airflow/dags/5.1-orchestration.py
[2024-09-07T00:06:03.186+0000] {processor.py:925} INFO - DAG(s) '5.1-orchestration' retrieved from /opt/airflow/dags/5.1-orchestration.py
[2024-09-07T00:06:03.231+0000] {logging_mixin.py:190} INFO - [2024-09-07T00:06:03.230+0000] {dag.py:3211} INFO - Sync 1 DAGs
[2024-09-07T00:06:03.327+0000] {logging_mixin.py:190} INFO - [2024-09-07T00:06:03.327+0000] {dag.py:4138} INFO - Setting next_dagrun for 5.1-orchestration to None, run_after=None
[2024-09-07T00:06:03.369+0000] {processor.py:208} INFO - Processing /opt/airflow/dags/5.1-orchestration.py took 0.221 seconds
[2024-09-07T00:06:33.482+0000] {processor.py:186} INFO - Started process (PID=17541) to work on /opt/airflow/dags/5.1-orchestration.py
[2024-09-07T00:06:33.486+0000] {processor.py:914} INFO - Processing file /opt/airflow/dags/5.1-orchestration.py for tasks to queue
[2024-09-07T00:06:33.491+0000] {logging_mixin.py:190} INFO - [2024-09-07T00:06:33.490+0000] {dagbag.py:587} INFO - Filling up the DagBag from /opt/airflow/dags/5.1-orchestration.py
[2024-09-07T00:06:33.517+0000] {processor.py:925} INFO - DAG(s) '5.1-orchestration' retrieved from /opt/airflow/dags/5.1-orchestration.py
[2024-09-07T00:06:33.565+0000] {logging_mixin.py:190} INFO - [2024-09-07T00:06:33.564+0000] {dag.py:3211} INFO - Sync 1 DAGs
[2024-09-07T00:06:33.627+0000] {logging_mixin.py:190} INFO - [2024-09-07T00:06:33.626+0000] {dag.py:4138} INFO - Setting next_dagrun for 5.1-orchestration to None, run_after=None
[2024-09-07T00:06:33.662+0000] {processor.py:208} INFO - Processing /opt/airflow/dags/5.1-orchestration.py took 0.195 seconds
[2024-09-07T00:07:03.902+0000] {processor.py:186} INFO - Started process (PID=17553) to work on /opt/airflow/dags/5.1-orchestration.py
[2024-09-07T00:07:03.907+0000] {processor.py:914} INFO - Processing file /opt/airflow/dags/5.1-orchestration.py for tasks to queue
[2024-09-07T00:07:03.912+0000] {logging_mixin.py:190} INFO - [2024-09-07T00:07:03.911+0000] {dagbag.py:587} INFO - Filling up the DagBag from /opt/airflow/dags/5.1-orchestration.py
[2024-09-07T00:07:03.939+0000] {processor.py:925} INFO - DAG(s) '5.1-orchestration' retrieved from /opt/airflow/dags/5.1-orchestration.py
[2024-09-07T00:07:04.092+0000] {logging_mixin.py:190} INFO - [2024-09-07T00:07:04.091+0000] {dag.py:3211} INFO - Sync 1 DAGs
[2024-09-07T00:07:04.175+0000] {logging_mixin.py:190} INFO - [2024-09-07T00:07:04.175+0000] {dag.py:4138} INFO - Setting next_dagrun for 5.1-orchestration to None, run_after=None
[2024-09-07T00:07:04.216+0000] {processor.py:208} INFO - Processing /opt/airflow/dags/5.1-orchestration.py took 0.324 seconds
[2024-09-07T00:07:34.345+0000] {processor.py:186} INFO - Started process (PID=17566) to work on /opt/airflow/dags/5.1-orchestration.py
[2024-09-07T00:07:34.368+0000] {processor.py:914} INFO - Processing file /opt/airflow/dags/5.1-orchestration.py for tasks to queue
[2024-09-07T00:07:34.374+0000] {logging_mixin.py:190} INFO - [2024-09-07T00:07:34.373+0000] {dagbag.py:587} INFO - Filling up the DagBag from /opt/airflow/dags/5.1-orchestration.py
[2024-09-07T00:07:34.395+0000] {processor.py:925} INFO - DAG(s) '5.1-orchestration' retrieved from /opt/airflow/dags/5.1-orchestration.py
[2024-09-07T00:07:34.452+0000] {logging_mixin.py:190} INFO - [2024-09-07T00:07:34.451+0000] {dag.py:3211} INFO - Sync 1 DAGs
[2024-09-07T00:07:34.503+0000] {logging_mixin.py:190} INFO - [2024-09-07T00:07:34.503+0000] {dag.py:4138} INFO - Setting next_dagrun for 5.1-orchestration to None, run_after=None
[2024-09-07T00:07:34.534+0000] {processor.py:208} INFO - Processing /opt/airflow/dags/5.1-orchestration.py took 0.203 seconds
[2024-09-07T00:08:04.739+0000] {processor.py:186} INFO - Started process (PID=17579) to work on /opt/airflow/dags/5.1-orchestration.py
[2024-09-07T00:08:04.740+0000] {processor.py:914} INFO - Processing file /opt/airflow/dags/5.1-orchestration.py for tasks to queue
[2024-09-07T00:08:04.745+0000] {logging_mixin.py:190} INFO - [2024-09-07T00:08:04.744+0000] {dagbag.py:587} INFO - Filling up the DagBag from /opt/airflow/dags/5.1-orchestration.py
[2024-09-07T00:08:04.765+0000] {processor.py:925} INFO - DAG(s) '5.1-orchestration' retrieved from /opt/airflow/dags/5.1-orchestration.py
[2024-09-07T00:08:04.814+0000] {logging_mixin.py:190} INFO - [2024-09-07T00:08:04.813+0000] {dag.py:3211} INFO - Sync 1 DAGs
[2024-09-07T00:08:04.860+0000] {logging_mixin.py:190} INFO - [2024-09-07T00:08:04.860+0000] {dag.py:4138} INFO - Setting next_dagrun for 5.1-orchestration to None, run_after=None
[2024-09-07T00:08:04.890+0000] {processor.py:208} INFO - Processing /opt/airflow/dags/5.1-orchestration.py took 0.161 seconds
[2024-09-07T00:08:34.977+0000] {processor.py:186} INFO - Started process (PID=17592) to work on /opt/airflow/dags/5.1-orchestration.py
[2024-09-07T00:08:34.979+0000] {processor.py:914} INFO - Processing file /opt/airflow/dags/5.1-orchestration.py for tasks to queue
[2024-09-07T00:08:34.983+0000] {logging_mixin.py:190} INFO - [2024-09-07T00:08:34.982+0000] {dagbag.py:587} INFO - Filling up the DagBag from /opt/airflow/dags/5.1-orchestration.py
[2024-09-07T00:08:35.002+0000] {processor.py:925} INFO - DAG(s) '5.1-orchestration' retrieved from /opt/airflow/dags/5.1-orchestration.py
[2024-09-07T00:08:35.042+0000] {logging_mixin.py:190} INFO - [2024-09-07T00:08:35.042+0000] {dag.py:3211} INFO - Sync 1 DAGs
[2024-09-07T00:08:35.086+0000] {logging_mixin.py:190} INFO - [2024-09-07T00:08:35.086+0000] {dag.py:4138} INFO - Setting next_dagrun for 5.1-orchestration to None, run_after=None
[2024-09-07T00:08:35.113+0000] {processor.py:208} INFO - Processing /opt/airflow/dags/5.1-orchestration.py took 0.148 seconds
[2024-09-07T00:09:05.829+0000] {processor.py:186} INFO - Started process (PID=17605) to work on /opt/airflow/dags/5.1-orchestration.py
[2024-09-07T00:09:05.831+0000] {processor.py:914} INFO - Processing file /opt/airflow/dags/5.1-orchestration.py for tasks to queue
[2024-09-07T00:09:05.835+0000] {logging_mixin.py:190} INFO - [2024-09-07T00:09:05.835+0000] {dagbag.py:587} INFO - Filling up the DagBag from /opt/airflow/dags/5.1-orchestration.py
[2024-09-07T00:09:05.864+0000] {processor.py:925} INFO - DAG(s) '5.1-orchestration' retrieved from /opt/airflow/dags/5.1-orchestration.py
[2024-09-07T00:09:05.927+0000] {logging_mixin.py:190} INFO - [2024-09-07T00:09:05.926+0000] {dag.py:3211} INFO - Sync 1 DAGs
[2024-09-07T00:09:05.989+0000] {logging_mixin.py:190} INFO - [2024-09-07T00:09:05.989+0000] {dag.py:4138} INFO - Setting next_dagrun for 5.1-orchestration to None, run_after=None
[2024-09-07T00:09:06.026+0000] {processor.py:208} INFO - Processing /opt/airflow/dags/5.1-orchestration.py took 0.212 seconds
[2024-09-07T00:09:36.751+0000] {processor.py:186} INFO - Started process (PID=17618) to work on /opt/airflow/dags/5.1-orchestration.py
[2024-09-07T00:09:36.752+0000] {processor.py:914} INFO - Processing file /opt/airflow/dags/5.1-orchestration.py for tasks to queue
[2024-09-07T00:09:36.755+0000] {logging_mixin.py:190} INFO - [2024-09-07T00:09:36.755+0000] {dagbag.py:587} INFO - Filling up the DagBag from /opt/airflow/dags/5.1-orchestration.py
[2024-09-07T00:09:36.777+0000] {processor.py:925} INFO - DAG(s) '5.1-orchestration' retrieved from /opt/airflow/dags/5.1-orchestration.py
[2024-09-07T00:09:36.827+0000] {logging_mixin.py:190} INFO - [2024-09-07T00:09:36.827+0000] {dag.py:3211} INFO - Sync 1 DAGs
[2024-09-07T00:09:36.877+0000] {logging_mixin.py:190} INFO - [2024-09-07T00:09:36.877+0000] {dag.py:4138} INFO - Setting next_dagrun for 5.1-orchestration to None, run_after=None
[2024-09-07T00:09:36.909+0000] {processor.py:208} INFO - Processing /opt/airflow/dags/5.1-orchestration.py took 0.173 seconds
[2024-09-07T00:10:07.487+0000] {processor.py:186} INFO - Started process (PID=17630) to work on /opt/airflow/dags/5.1-orchestration.py
[2024-09-07T00:10:07.489+0000] {processor.py:914} INFO - Processing file /opt/airflow/dags/5.1-orchestration.py for tasks to queue
[2024-09-07T00:10:07.494+0000] {logging_mixin.py:190} INFO - [2024-09-07T00:10:07.494+0000] {dagbag.py:587} INFO - Filling up the DagBag from /opt/airflow/dags/5.1-orchestration.py
[2024-09-07T00:10:07.532+0000] {processor.py:925} INFO - DAG(s) '5.1-orchestration' retrieved from /opt/airflow/dags/5.1-orchestration.py
[2024-09-07T00:10:07.593+0000] {logging_mixin.py:190} INFO - [2024-09-07T00:10:07.593+0000] {dag.py:3211} INFO - Sync 1 DAGs
[2024-09-07T00:10:07.660+0000] {logging_mixin.py:190} INFO - [2024-09-07T00:10:07.660+0000] {dag.py:4138} INFO - Setting next_dagrun for 5.1-orchestration to None, run_after=None
[2024-09-07T00:10:07.694+0000] {processor.py:208} INFO - Processing /opt/airflow/dags/5.1-orchestration.py took 0.221 seconds
[2024-09-07T00:10:38.415+0000] {processor.py:186} INFO - Started process (PID=17643) to work on /opt/airflow/dags/5.1-orchestration.py
[2024-09-07T00:10:38.417+0000] {processor.py:914} INFO - Processing file /opt/airflow/dags/5.1-orchestration.py for tasks to queue
[2024-09-07T00:10:38.421+0000] {logging_mixin.py:190} INFO - [2024-09-07T00:10:38.420+0000] {dagbag.py:587} INFO - Filling up the DagBag from /opt/airflow/dags/5.1-orchestration.py
[2024-09-07T00:10:38.445+0000] {processor.py:925} INFO - DAG(s) '5.1-orchestration' retrieved from /opt/airflow/dags/5.1-orchestration.py
[2024-09-07T00:10:38.507+0000] {logging_mixin.py:190} INFO - [2024-09-07T00:10:38.507+0000] {dag.py:3211} INFO - Sync 1 DAGs
[2024-09-07T00:10:38.555+0000] {logging_mixin.py:190} INFO - [2024-09-07T00:10:38.555+0000] {dag.py:4138} INFO - Setting next_dagrun for 5.1-orchestration to None, run_after=None
[2024-09-07T00:10:38.590+0000] {processor.py:208} INFO - Processing /opt/airflow/dags/5.1-orchestration.py took 0.189 seconds
[2024-09-07T00:11:09.456+0000] {processor.py:186} INFO - Started process (PID=17656) to work on /opt/airflow/dags/5.1-orchestration.py
[2024-09-07T00:11:09.475+0000] {processor.py:914} INFO - Processing file /opt/airflow/dags/5.1-orchestration.py for tasks to queue
[2024-09-07T00:11:09.479+0000] {logging_mixin.py:190} INFO - [2024-09-07T00:11:09.478+0000] {dagbag.py:587} INFO - Filling up the DagBag from /opt/airflow/dags/5.1-orchestration.py
[2024-09-07T00:11:09.501+0000] {processor.py:925} INFO - DAG(s) '5.1-orchestration' retrieved from /opt/airflow/dags/5.1-orchestration.py
[2024-09-07T00:11:09.547+0000] {logging_mixin.py:190} INFO - [2024-09-07T00:11:09.547+0000] {dag.py:3211} INFO - Sync 1 DAGs
[2024-09-07T00:11:09.599+0000] {logging_mixin.py:190} INFO - [2024-09-07T00:11:09.598+0000] {dag.py:4138} INFO - Setting next_dagrun for 5.1-orchestration to None, run_after=None
[2024-09-07T00:11:09.630+0000] {processor.py:208} INFO - Processing /opt/airflow/dags/5.1-orchestration.py took 0.185 seconds
[2024-09-07T00:11:40.323+0000] {processor.py:186} INFO - Started process (PID=17669) to work on /opt/airflow/dags/5.1-orchestration.py
[2024-09-07T00:11:40.343+0000] {processor.py:914} INFO - Processing file /opt/airflow/dags/5.1-orchestration.py for tasks to queue
[2024-09-07T00:11:40.348+0000] {logging_mixin.py:190} INFO - [2024-09-07T00:11:40.347+0000] {dagbag.py:587} INFO - Filling up the DagBag from /opt/airflow/dags/5.1-orchestration.py
[2024-09-07T00:11:40.370+0000] {processor.py:925} INFO - DAG(s) '5.1-orchestration' retrieved from /opt/airflow/dags/5.1-orchestration.py
[2024-09-07T00:11:40.415+0000] {logging_mixin.py:190} INFO - [2024-09-07T00:11:40.414+0000] {dag.py:3211} INFO - Sync 1 DAGs
[2024-09-07T00:11:40.465+0000] {logging_mixin.py:190} INFO - [2024-09-07T00:11:40.465+0000] {dag.py:4138} INFO - Setting next_dagrun for 5.1-orchestration to None, run_after=None
[2024-09-07T00:11:40.496+0000] {processor.py:208} INFO - Processing /opt/airflow/dags/5.1-orchestration.py took 0.186 seconds
[2024-09-07T00:12:11.203+0000] {processor.py:186} INFO - Started process (PID=17682) to work on /opt/airflow/dags/5.1-orchestration.py
[2024-09-07T00:12:11.212+0000] {processor.py:914} INFO - Processing file /opt/airflow/dags/5.1-orchestration.py for tasks to queue
[2024-09-07T00:12:11.218+0000] {logging_mixin.py:190} INFO - [2024-09-07T00:12:11.218+0000] {dagbag.py:587} INFO - Filling up the DagBag from /opt/airflow/dags/5.1-orchestration.py
[2024-09-07T00:12:11.246+0000] {processor.py:925} INFO - DAG(s) '5.1-orchestration' retrieved from /opt/airflow/dags/5.1-orchestration.py
[2024-09-07T00:12:11.296+0000] {logging_mixin.py:190} INFO - [2024-09-07T00:12:11.295+0000] {dag.py:3211} INFO - Sync 1 DAGs
[2024-09-07T00:12:11.354+0000] {logging_mixin.py:190} INFO - [2024-09-07T00:12:11.354+0000] {dag.py:4138} INFO - Setting next_dagrun for 5.1-orchestration to None, run_after=None
[2024-09-07T00:12:11.391+0000] {processor.py:208} INFO - Processing /opt/airflow/dags/5.1-orchestration.py took 0.206 seconds
[2024-09-07T00:12:42.105+0000] {processor.py:186} INFO - Started process (PID=17694) to work on /opt/airflow/dags/5.1-orchestration.py
[2024-09-07T00:12:42.110+0000] {processor.py:914} INFO - Processing file /opt/airflow/dags/5.1-orchestration.py for tasks to queue
[2024-09-07T00:12:42.115+0000] {logging_mixin.py:190} INFO - [2024-09-07T00:12:42.114+0000] {dagbag.py:587} INFO - Filling up the DagBag from /opt/airflow/dags/5.1-orchestration.py
[2024-09-07T00:12:42.148+0000] {processor.py:925} INFO - DAG(s) '5.1-orchestration' retrieved from /opt/airflow/dags/5.1-orchestration.py
[2024-09-07T00:12:42.206+0000] {logging_mixin.py:190} INFO - [2024-09-07T00:12:42.206+0000] {dag.py:3211} INFO - Sync 1 DAGs
[2024-09-07T00:12:42.273+0000] {logging_mixin.py:190} INFO - [2024-09-07T00:12:42.273+0000] {dag.py:4138} INFO - Setting next_dagrun for 5.1-orchestration to None, run_after=None
[2024-09-07T00:12:42.311+0000] {processor.py:208} INFO - Processing /opt/airflow/dags/5.1-orchestration.py took 0.221 seconds
[2024-09-07T00:13:13.067+0000] {processor.py:186} INFO - Started process (PID=17707) to work on /opt/airflow/dags/5.1-orchestration.py
[2024-09-07T00:13:13.077+0000] {processor.py:914} INFO - Processing file /opt/airflow/dags/5.1-orchestration.py for tasks to queue
[2024-09-07T00:13:13.082+0000] {logging_mixin.py:190} INFO - [2024-09-07T00:13:13.081+0000] {dagbag.py:587} INFO - Filling up the DagBag from /opt/airflow/dags/5.1-orchestration.py
[2024-09-07T00:13:13.111+0000] {processor.py:925} INFO - DAG(s) '5.1-orchestration' retrieved from /opt/airflow/dags/5.1-orchestration.py
[2024-09-07T00:13:13.169+0000] {logging_mixin.py:190} INFO - [2024-09-07T00:13:13.168+0000] {dag.py:3211} INFO - Sync 1 DAGs
[2024-09-07T00:13:13.230+0000] {logging_mixin.py:190} INFO - [2024-09-07T00:13:13.229+0000] {dag.py:4138} INFO - Setting next_dagrun for 5.1-orchestration to None, run_after=None
[2024-09-07T00:13:13.276+0000] {processor.py:208} INFO - Processing /opt/airflow/dags/5.1-orchestration.py took 0.218 seconds
[2024-09-07T00:13:44.034+0000] {processor.py:186} INFO - Started process (PID=17720) to work on /opt/airflow/dags/5.1-orchestration.py
[2024-09-07T00:13:44.045+0000] {processor.py:914} INFO - Processing file /opt/airflow/dags/5.1-orchestration.py for tasks to queue
[2024-09-07T00:13:44.049+0000] {logging_mixin.py:190} INFO - [2024-09-07T00:13:44.049+0000] {dagbag.py:587} INFO - Filling up the DagBag from /opt/airflow/dags/5.1-orchestration.py
[2024-09-07T00:13:44.068+0000] {processor.py:925} INFO - DAG(s) '5.1-orchestration' retrieved from /opt/airflow/dags/5.1-orchestration.py
[2024-09-07T00:13:44.111+0000] {logging_mixin.py:190} INFO - [2024-09-07T00:13:44.111+0000] {dag.py:3211} INFO - Sync 1 DAGs
[2024-09-07T00:13:44.167+0000] {logging_mixin.py:190} INFO - [2024-09-07T00:13:44.167+0000] {dag.py:4138} INFO - Setting next_dagrun for 5.1-orchestration to None, run_after=None
[2024-09-07T00:13:44.198+0000] {processor.py:208} INFO - Processing /opt/airflow/dags/5.1-orchestration.py took 0.176 seconds
[2024-09-07T00:14:14.940+0000] {processor.py:186} INFO - Started process (PID=17733) to work on /opt/airflow/dags/5.1-orchestration.py
[2024-09-07T00:14:14.941+0000] {processor.py:914} INFO - Processing file /opt/airflow/dags/5.1-orchestration.py for tasks to queue
[2024-09-07T00:14:14.944+0000] {logging_mixin.py:190} INFO - [2024-09-07T00:14:14.944+0000] {dagbag.py:587} INFO - Filling up the DagBag from /opt/airflow/dags/5.1-orchestration.py
[2024-09-07T00:14:14.965+0000] {processor.py:925} INFO - DAG(s) '5.1-orchestration' retrieved from /opt/airflow/dags/5.1-orchestration.py
[2024-09-07T00:14:15.020+0000] {logging_mixin.py:190} INFO - [2024-09-07T00:14:15.019+0000] {dag.py:3211} INFO - Sync 1 DAGs
[2024-09-07T00:14:15.075+0000] {logging_mixin.py:190} INFO - [2024-09-07T00:14:15.074+0000] {dag.py:4138} INFO - Setting next_dagrun for 5.1-orchestration to None, run_after=None
[2024-09-07T00:14:15.109+0000] {processor.py:208} INFO - Processing /opt/airflow/dags/5.1-orchestration.py took 0.182 seconds
[2024-09-07T00:14:45.670+0000] {processor.py:186} INFO - Started process (PID=17746) to work on /opt/airflow/dags/5.1-orchestration.py
[2024-09-07T00:14:45.671+0000] {processor.py:914} INFO - Processing file /opt/airflow/dags/5.1-orchestration.py for tasks to queue
[2024-09-07T00:14:45.676+0000] {logging_mixin.py:190} INFO - [2024-09-07T00:14:45.675+0000] {dagbag.py:587} INFO - Filling up the DagBag from /opt/airflow/dags/5.1-orchestration.py
[2024-09-07T00:14:45.697+0000] {processor.py:925} INFO - DAG(s) '5.1-orchestration' retrieved from /opt/airflow/dags/5.1-orchestration.py
[2024-09-07T00:14:45.747+0000] {logging_mixin.py:190} INFO - [2024-09-07T00:14:45.747+0000] {dag.py:3211} INFO - Sync 1 DAGs
[2024-09-07T00:14:45.799+0000] {logging_mixin.py:190} INFO - [2024-09-07T00:14:45.799+0000] {dag.py:4138} INFO - Setting next_dagrun for 5.1-orchestration to None, run_after=None
[2024-09-07T00:14:45.830+0000] {processor.py:208} INFO - Processing /opt/airflow/dags/5.1-orchestration.py took 0.171 seconds
[2024-09-07T00:15:16.613+0000] {processor.py:186} INFO - Started process (PID=17759) to work on /opt/airflow/dags/5.1-orchestration.py
[2024-09-07T00:15:16.617+0000] {processor.py:914} INFO - Processing file /opt/airflow/dags/5.1-orchestration.py for tasks to queue
[2024-09-07T00:15:16.622+0000] {logging_mixin.py:190} INFO - [2024-09-07T00:15:16.621+0000] {dagbag.py:587} INFO - Filling up the DagBag from /opt/airflow/dags/5.1-orchestration.py
[2024-09-07T00:15:16.644+0000] {processor.py:925} INFO - DAG(s) '5.1-orchestration' retrieved from /opt/airflow/dags/5.1-orchestration.py
[2024-09-07T00:15:16.688+0000] {logging_mixin.py:190} INFO - [2024-09-07T00:15:16.688+0000] {dag.py:3211} INFO - Sync 1 DAGs
[2024-09-07T00:15:16.746+0000] {logging_mixin.py:190} INFO - [2024-09-07T00:15:16.745+0000] {dag.py:4138} INFO - Setting next_dagrun for 5.1-orchestration to None, run_after=None
[2024-09-07T00:15:16.784+0000] {processor.py:208} INFO - Processing /opt/airflow/dags/5.1-orchestration.py took 0.181 seconds
[2024-09-07T00:15:47.494+0000] {processor.py:186} INFO - Started process (PID=17772) to work on /opt/airflow/dags/5.1-orchestration.py
[2024-09-07T00:15:47.508+0000] {processor.py:914} INFO - Processing file /opt/airflow/dags/5.1-orchestration.py for tasks to queue
[2024-09-07T00:15:47.514+0000] {logging_mixin.py:190} INFO - [2024-09-07T00:15:47.513+0000] {dagbag.py:587} INFO - Filling up the DagBag from /opt/airflow/dags/5.1-orchestration.py
[2024-09-07T00:15:47.541+0000] {processor.py:925} INFO - DAG(s) '5.1-orchestration' retrieved from /opt/airflow/dags/5.1-orchestration.py
[2024-09-07T00:15:47.603+0000] {logging_mixin.py:190} INFO - [2024-09-07T00:15:47.602+0000] {dag.py:3211} INFO - Sync 1 DAGs
[2024-09-07T00:15:47.720+0000] {logging_mixin.py:190} INFO - [2024-09-07T00:15:47.720+0000] {dag.py:4138} INFO - Setting next_dagrun for 5.1-orchestration to None, run_after=None
[2024-09-07T00:15:47.761+0000] {processor.py:208} INFO - Processing /opt/airflow/dags/5.1-orchestration.py took 0.278 seconds
[2024-09-07T00:16:18.471+0000] {processor.py:186} INFO - Started process (PID=17785) to work on /opt/airflow/dags/5.1-orchestration.py
[2024-09-07T00:16:18.488+0000] {processor.py:914} INFO - Processing file /opt/airflow/dags/5.1-orchestration.py for tasks to queue
[2024-09-07T00:16:18.501+0000] {logging_mixin.py:190} INFO - [2024-09-07T00:16:18.501+0000] {dagbag.py:587} INFO - Filling up the DagBag from /opt/airflow/dags/5.1-orchestration.py
[2024-09-07T00:16:18.565+0000] {processor.py:925} INFO - DAG(s) '5.1-orchestration' retrieved from /opt/airflow/dags/5.1-orchestration.py
[2024-09-07T00:16:18.663+0000] {logging_mixin.py:190} INFO - [2024-09-07T00:16:18.662+0000] {dag.py:3211} INFO - Sync 1 DAGs
[2024-09-07T00:16:18.807+0000] {logging_mixin.py:190} INFO - [2024-09-07T00:16:18.807+0000] {dag.py:4138} INFO - Setting next_dagrun for 5.1-orchestration to None, run_after=None
[2024-09-07T00:16:18.899+0000] {processor.py:208} INFO - Processing /opt/airflow/dags/5.1-orchestration.py took 0.450 seconds
[2024-09-07T00:16:49.810+0000] {processor.py:186} INFO - Started process (PID=17798) to work on /opt/airflow/dags/5.1-orchestration.py
[2024-09-07T00:16:49.812+0000] {processor.py:914} INFO - Processing file /opt/airflow/dags/5.1-orchestration.py for tasks to queue
[2024-09-07T00:16:49.817+0000] {logging_mixin.py:190} INFO - [2024-09-07T00:16:49.816+0000] {dagbag.py:587} INFO - Filling up the DagBag from /opt/airflow/dags/5.1-orchestration.py
[2024-09-07T00:16:49.850+0000] {processor.py:925} INFO - DAG(s) '5.1-orchestration' retrieved from /opt/airflow/dags/5.1-orchestration.py
[2024-09-07T00:16:49.918+0000] {logging_mixin.py:190} INFO - [2024-09-07T00:16:49.918+0000] {dag.py:3211} INFO - Sync 1 DAGs
[2024-09-07T00:16:49.985+0000] {logging_mixin.py:190} INFO - [2024-09-07T00:16:49.984+0000] {dag.py:4138} INFO - Setting next_dagrun for 5.1-orchestration to None, run_after=None
[2024-09-07T00:16:50.017+0000] {processor.py:208} INFO - Processing /opt/airflow/dags/5.1-orchestration.py took 0.222 seconds
[2024-09-07T00:17:20.762+0000] {processor.py:186} INFO - Started process (PID=17811) to work on /opt/airflow/dags/5.1-orchestration.py
[2024-09-07T00:17:20.794+0000] {processor.py:914} INFO - Processing file /opt/airflow/dags/5.1-orchestration.py for tasks to queue
[2024-09-07T00:17:20.798+0000] {logging_mixin.py:190} INFO - [2024-09-07T00:17:20.798+0000] {dagbag.py:587} INFO - Filling up the DagBag from /opt/airflow/dags/5.1-orchestration.py
[2024-09-07T00:17:20.820+0000] {processor.py:925} INFO - DAG(s) '5.1-orchestration' retrieved from /opt/airflow/dags/5.1-orchestration.py
[2024-09-07T00:17:20.861+0000] {logging_mixin.py:190} INFO - [2024-09-07T00:17:20.861+0000] {dag.py:3211} INFO - Sync 1 DAGs
[2024-09-07T00:17:20.913+0000] {logging_mixin.py:190} INFO - [2024-09-07T00:17:20.912+0000] {dag.py:4138} INFO - Setting next_dagrun for 5.1-orchestration to None, run_after=None
[2024-09-07T00:17:20.943+0000] {processor.py:208} INFO - Processing /opt/airflow/dags/5.1-orchestration.py took 0.191 seconds
[2024-09-07T00:17:51.484+0000] {processor.py:186} INFO - Started process (PID=17824) to work on /opt/airflow/dags/5.1-orchestration.py
[2024-09-07T00:17:51.486+0000] {processor.py:914} INFO - Processing file /opt/airflow/dags/5.1-orchestration.py for tasks to queue
[2024-09-07T00:17:51.492+0000] {logging_mixin.py:190} INFO - [2024-09-07T00:17:51.491+0000] {dagbag.py:587} INFO - Filling up the DagBag from /opt/airflow/dags/5.1-orchestration.py
[2024-09-07T00:17:51.521+0000] {processor.py:925} INFO - DAG(s) '5.1-orchestration' retrieved from /opt/airflow/dags/5.1-orchestration.py
[2024-09-07T00:17:51.589+0000] {logging_mixin.py:190} INFO - [2024-09-07T00:17:51.589+0000] {dag.py:3211} INFO - Sync 1 DAGs
[2024-09-07T00:17:51.659+0000] {logging_mixin.py:190} INFO - [2024-09-07T00:17:51.659+0000] {dag.py:4138} INFO - Setting next_dagrun for 5.1-orchestration to None, run_after=None
[2024-09-07T00:17:51.701+0000] {processor.py:208} INFO - Processing /opt/airflow/dags/5.1-orchestration.py took 0.233 seconds
[2024-09-07T00:18:22.262+0000] {processor.py:186} INFO - Started process (PID=17837) to work on /opt/airflow/dags/5.1-orchestration.py
[2024-09-07T00:18:22.264+0000] {processor.py:914} INFO - Processing file /opt/airflow/dags/5.1-orchestration.py for tasks to queue
[2024-09-07T00:18:22.268+0000] {logging_mixin.py:190} INFO - [2024-09-07T00:18:22.268+0000] {dagbag.py:587} INFO - Filling up the DagBag from /opt/airflow/dags/5.1-orchestration.py
[2024-09-07T00:18:22.295+0000] {processor.py:925} INFO - DAG(s) '5.1-orchestration' retrieved from /opt/airflow/dags/5.1-orchestration.py
[2024-09-07T00:18:22.337+0000] {logging_mixin.py:190} INFO - [2024-09-07T00:18:22.336+0000] {dag.py:3211} INFO - Sync 1 DAGs
[2024-09-07T00:18:22.401+0000] {logging_mixin.py:190} INFO - [2024-09-07T00:18:22.400+0000] {dag.py:4138} INFO - Setting next_dagrun for 5.1-orchestration to None, run_after=None
[2024-09-07T00:18:22.443+0000] {processor.py:208} INFO - Processing /opt/airflow/dags/5.1-orchestration.py took 0.196 seconds
[2024-09-07T00:18:53.177+0000] {processor.py:186} INFO - Started process (PID=17850) to work on /opt/airflow/dags/5.1-orchestration.py
[2024-09-07T00:18:53.178+0000] {processor.py:914} INFO - Processing file /opt/airflow/dags/5.1-orchestration.py for tasks to queue
[2024-09-07T00:18:53.183+0000] {logging_mixin.py:190} INFO - [2024-09-07T00:18:53.182+0000] {dagbag.py:587} INFO - Filling up the DagBag from /opt/airflow/dags/5.1-orchestration.py
[2024-09-07T00:18:53.210+0000] {processor.py:925} INFO - DAG(s) '5.1-orchestration' retrieved from /opt/airflow/dags/5.1-orchestration.py
[2024-09-07T00:18:53.269+0000] {logging_mixin.py:190} INFO - [2024-09-07T00:18:53.269+0000] {dag.py:3211} INFO - Sync 1 DAGs
[2024-09-07T00:18:53.321+0000] {logging_mixin.py:190} INFO - [2024-09-07T00:18:53.321+0000] {dag.py:4138} INFO - Setting next_dagrun for 5.1-orchestration to None, run_after=None
[2024-09-07T00:18:53.357+0000] {processor.py:208} INFO - Processing /opt/airflow/dags/5.1-orchestration.py took 0.193 seconds
[2024-09-07T00:19:24.044+0000] {processor.py:186} INFO - Started process (PID=17863) to work on /opt/airflow/dags/5.1-orchestration.py
[2024-09-07T00:19:24.063+0000] {processor.py:914} INFO - Processing file /opt/airflow/dags/5.1-orchestration.py for tasks to queue
[2024-09-07T00:19:24.069+0000] {logging_mixin.py:190} INFO - [2024-09-07T00:19:24.068+0000] {dagbag.py:587} INFO - Filling up the DagBag from /opt/airflow/dags/5.1-orchestration.py
[2024-09-07T00:19:24.096+0000] {processor.py:925} INFO - DAG(s) '5.1-orchestration' retrieved from /opt/airflow/dags/5.1-orchestration.py
[2024-09-07T00:19:24.154+0000] {logging_mixin.py:190} INFO - [2024-09-07T00:19:24.153+0000] {dag.py:3211} INFO - Sync 1 DAGs
[2024-09-07T00:19:24.221+0000] {logging_mixin.py:190} INFO - [2024-09-07T00:19:24.221+0000] {dag.py:4138} INFO - Setting next_dagrun for 5.1-orchestration to None, run_after=None
[2024-09-07T00:19:24.259+0000] {processor.py:208} INFO - Processing /opt/airflow/dags/5.1-orchestration.py took 0.230 seconds
[2024-09-07T00:19:54.987+0000] {processor.py:186} INFO - Started process (PID=17880) to work on /opt/airflow/dags/5.1-orchestration.py
[2024-09-07T00:19:54.998+0000] {processor.py:914} INFO - Processing file /opt/airflow/dags/5.1-orchestration.py for tasks to queue
[2024-09-07T00:19:55.003+0000] {logging_mixin.py:190} INFO - [2024-09-07T00:19:55.002+0000] {dagbag.py:587} INFO - Filling up the DagBag from /opt/airflow/dags/5.1-orchestration.py
[2024-09-07T00:19:55.030+0000] {processor.py:925} INFO - DAG(s) '5.1-orchestration' retrieved from /opt/airflow/dags/5.1-orchestration.py
[2024-09-07T00:19:55.092+0000] {logging_mixin.py:190} INFO - [2024-09-07T00:19:55.091+0000] {dag.py:3211} INFO - Sync 1 DAGs
[2024-09-07T00:19:55.164+0000] {logging_mixin.py:190} INFO - [2024-09-07T00:19:55.164+0000] {dag.py:4138} INFO - Setting next_dagrun for 5.1-orchestration to None, run_after=None
[2024-09-07T00:19:55.197+0000] {processor.py:208} INFO - Processing /opt/airflow/dags/5.1-orchestration.py took 0.222 seconds
[2024-09-07T00:20:25.944+0000] {processor.py:186} INFO - Started process (PID=17893) to work on /opt/airflow/dags/5.1-orchestration.py
[2024-09-07T00:20:25.946+0000] {processor.py:914} INFO - Processing file /opt/airflow/dags/5.1-orchestration.py for tasks to queue
[2024-09-07T00:20:25.949+0000] {logging_mixin.py:190} INFO - [2024-09-07T00:20:25.949+0000] {dagbag.py:587} INFO - Filling up the DagBag from /opt/airflow/dags/5.1-orchestration.py
[2024-09-07T00:20:25.973+0000] {processor.py:925} INFO - DAG(s) '5.1-orchestration' retrieved from /opt/airflow/dags/5.1-orchestration.py
[2024-09-07T00:20:26.022+0000] {logging_mixin.py:190} INFO - [2024-09-07T00:20:26.022+0000] {dag.py:3211} INFO - Sync 1 DAGs
[2024-09-07T00:20:26.065+0000] {logging_mixin.py:190} INFO - [2024-09-07T00:20:26.065+0000] {dag.py:4138} INFO - Setting next_dagrun for 5.1-orchestration to None, run_after=None
[2024-09-07T00:20:26.093+0000] {processor.py:208} INFO - Processing /opt/airflow/dags/5.1-orchestration.py took 0.158 seconds
[2024-09-07T00:20:56.878+0000] {processor.py:186} INFO - Started process (PID=17906) to work on /opt/airflow/dags/5.1-orchestration.py
[2024-09-07T00:20:56.890+0000] {processor.py:914} INFO - Processing file /opt/airflow/dags/5.1-orchestration.py for tasks to queue
[2024-09-07T00:20:56.895+0000] {logging_mixin.py:190} INFO - [2024-09-07T00:20:56.895+0000] {dagbag.py:587} INFO - Filling up the DagBag from /opt/airflow/dags/5.1-orchestration.py
[2024-09-07T00:20:56.937+0000] {processor.py:925} INFO - DAG(s) '5.1-orchestration' retrieved from /opt/airflow/dags/5.1-orchestration.py
[2024-09-07T00:20:57.011+0000] {logging_mixin.py:190} INFO - [2024-09-07T00:20:57.011+0000] {dag.py:3211} INFO - Sync 1 DAGs
[2024-09-07T00:20:57.073+0000] {logging_mixin.py:190} INFO - [2024-09-07T00:20:57.073+0000] {dag.py:4138} INFO - Setting next_dagrun for 5.1-orchestration to None, run_after=None
[2024-09-07T00:20:57.108+0000] {processor.py:208} INFO - Processing /opt/airflow/dags/5.1-orchestration.py took 0.246 seconds
[2024-09-07T00:21:27.230+0000] {processor.py:186} INFO - Started process (PID=17919) to work on /opt/airflow/dags/5.1-orchestration.py
[2024-09-07T00:21:27.233+0000] {processor.py:914} INFO - Processing file /opt/airflow/dags/5.1-orchestration.py for tasks to queue
[2024-09-07T00:21:27.239+0000] {logging_mixin.py:190} INFO - [2024-09-07T00:21:27.239+0000] {dagbag.py:587} INFO - Filling up the DagBag from /opt/airflow/dags/5.1-orchestration.py
[2024-09-07T00:21:27.276+0000] {processor.py:925} INFO - DAG(s) '5.1-orchestration' retrieved from /opt/airflow/dags/5.1-orchestration.py
[2024-09-07T00:21:27.350+0000] {logging_mixin.py:190} INFO - [2024-09-07T00:21:27.350+0000] {dag.py:3211} INFO - Sync 1 DAGs
[2024-09-07T00:21:27.438+0000] {logging_mixin.py:190} INFO - [2024-09-07T00:21:27.437+0000] {dag.py:4138} INFO - Setting next_dagrun for 5.1-orchestration to None, run_after=None
[2024-09-07T00:21:27.481+0000] {processor.py:208} INFO - Processing /opt/airflow/dags/5.1-orchestration.py took 0.266 seconds
[2024-09-07T00:21:57.543+0000] {processor.py:186} INFO - Started process (PID=17931) to work on /opt/airflow/dags/5.1-orchestration.py
[2024-09-07T00:21:57.555+0000] {processor.py:914} INFO - Processing file /opt/airflow/dags/5.1-orchestration.py for tasks to queue
[2024-09-07T00:21:57.561+0000] {logging_mixin.py:190} INFO - [2024-09-07T00:21:57.561+0000] {dagbag.py:587} INFO - Filling up the DagBag from /opt/airflow/dags/5.1-orchestration.py
[2024-09-07T00:21:57.603+0000] {processor.py:925} INFO - DAG(s) '5.1-orchestration' retrieved from /opt/airflow/dags/5.1-orchestration.py
[2024-09-07T00:21:57.675+0000] {logging_mixin.py:190} INFO - [2024-09-07T00:21:57.674+0000] {dag.py:3211} INFO - Sync 1 DAGs
[2024-09-07T00:21:57.751+0000] {logging_mixin.py:190} INFO - [2024-09-07T00:21:57.751+0000] {dag.py:4138} INFO - Setting next_dagrun for 5.1-orchestration to None, run_after=None
[2024-09-07T00:21:57.809+0000] {processor.py:208} INFO - Processing /opt/airflow/dags/5.1-orchestration.py took 0.280 seconds
[2024-09-07T00:22:28.009+0000] {processor.py:186} INFO - Started process (PID=17944) to work on /opt/airflow/dags/5.1-orchestration.py
[2024-09-07T00:22:28.016+0000] {processor.py:914} INFO - Processing file /opt/airflow/dags/5.1-orchestration.py for tasks to queue
[2024-09-07T00:22:28.021+0000] {logging_mixin.py:190} INFO - [2024-09-07T00:22:28.020+0000] {dagbag.py:587} INFO - Filling up the DagBag from /opt/airflow/dags/5.1-orchestration.py
[2024-09-07T00:22:28.051+0000] {processor.py:925} INFO - DAG(s) '5.1-orchestration' retrieved from /opt/airflow/dags/5.1-orchestration.py
[2024-09-07T00:22:28.111+0000] {logging_mixin.py:190} INFO - [2024-09-07T00:22:28.110+0000] {dag.py:3211} INFO - Sync 1 DAGs
[2024-09-07T00:22:28.173+0000] {logging_mixin.py:190} INFO - [2024-09-07T00:22:28.172+0000] {dag.py:4138} INFO - Setting next_dagrun for 5.1-orchestration to None, run_after=None
[2024-09-07T00:22:28.210+0000] {processor.py:208} INFO - Processing /opt/airflow/dags/5.1-orchestration.py took 0.216 seconds
[2024-09-07T00:22:58.316+0000] {processor.py:186} INFO - Started process (PID=17957) to work on /opt/airflow/dags/5.1-orchestration.py
[2024-09-07T00:22:58.326+0000] {processor.py:914} INFO - Processing file /opt/airflow/dags/5.1-orchestration.py for tasks to queue
[2024-09-07T00:22:58.331+0000] {logging_mixin.py:190} INFO - [2024-09-07T00:22:58.330+0000] {dagbag.py:587} INFO - Filling up the DagBag from /opt/airflow/dags/5.1-orchestration.py
[2024-09-07T00:22:58.356+0000] {processor.py:925} INFO - DAG(s) '5.1-orchestration' retrieved from /opt/airflow/dags/5.1-orchestration.py
[2024-09-07T00:22:58.400+0000] {logging_mixin.py:190} INFO - [2024-09-07T00:22:58.399+0000] {dag.py:3211} INFO - Sync 1 DAGs
[2024-09-07T00:22:58.443+0000] {logging_mixin.py:190} INFO - [2024-09-07T00:22:58.443+0000] {dag.py:4138} INFO - Setting next_dagrun for 5.1-orchestration to None, run_after=None
[2024-09-07T00:22:58.473+0000] {processor.py:208} INFO - Processing /opt/airflow/dags/5.1-orchestration.py took 0.169 seconds
[2024-09-07T00:23:28.627+0000] {processor.py:186} INFO - Started process (PID=17970) to work on /opt/airflow/dags/5.1-orchestration.py
[2024-09-07T00:23:28.668+0000] {processor.py:914} INFO - Processing file /opt/airflow/dags/5.1-orchestration.py for tasks to queue
[2024-09-07T00:23:28.672+0000] {logging_mixin.py:190} INFO - [2024-09-07T00:23:28.672+0000] {dagbag.py:587} INFO - Filling up the DagBag from /opt/airflow/dags/5.1-orchestration.py
[2024-09-07T00:23:28.693+0000] {processor.py:925} INFO - DAG(s) '5.1-orchestration' retrieved from /opt/airflow/dags/5.1-orchestration.py
[2024-09-07T00:23:28.748+0000] {logging_mixin.py:190} INFO - [2024-09-07T00:23:28.747+0000] {dag.py:3211} INFO - Sync 1 DAGs
[2024-09-07T00:23:28.798+0000] {logging_mixin.py:190} INFO - [2024-09-07T00:23:28.797+0000] {dag.py:4138} INFO - Setting next_dagrun for 5.1-orchestration to None, run_after=None
[2024-09-07T00:23:28.825+0000] {processor.py:208} INFO - Processing /opt/airflow/dags/5.1-orchestration.py took 0.208 seconds
[2024-09-07T00:23:59.067+0000] {processor.py:186} INFO - Started process (PID=17982) to work on /opt/airflow/dags/5.1-orchestration.py
[2024-09-07T00:23:59.069+0000] {processor.py:914} INFO - Processing file /opt/airflow/dags/5.1-orchestration.py for tasks to queue
[2024-09-07T00:23:59.073+0000] {logging_mixin.py:190} INFO - [2024-09-07T00:23:59.072+0000] {dagbag.py:587} INFO - Filling up the DagBag from /opt/airflow/dags/5.1-orchestration.py
[2024-09-07T00:23:59.092+0000] {processor.py:925} INFO - DAG(s) '5.1-orchestration' retrieved from /opt/airflow/dags/5.1-orchestration.py
[2024-09-07T00:23:59.143+0000] {logging_mixin.py:190} INFO - [2024-09-07T00:23:59.142+0000] {dag.py:3211} INFO - Sync 1 DAGs
[2024-09-07T00:23:59.200+0000] {logging_mixin.py:190} INFO - [2024-09-07T00:23:59.199+0000] {dag.py:4138} INFO - Setting next_dagrun for 5.1-orchestration to None, run_after=None
[2024-09-07T00:23:59.234+0000] {processor.py:208} INFO - Processing /opt/airflow/dags/5.1-orchestration.py took 0.185 seconds
[2024-09-07T00:24:29.399+0000] {processor.py:186} INFO - Started process (PID=17996) to work on /opt/airflow/dags/5.1-orchestration.py
[2024-09-07T00:24:29.400+0000] {processor.py:914} INFO - Processing file /opt/airflow/dags/5.1-orchestration.py for tasks to queue
[2024-09-07T00:24:29.404+0000] {logging_mixin.py:190} INFO - [2024-09-07T00:24:29.404+0000] {dagbag.py:587} INFO - Filling up the DagBag from /opt/airflow/dags/5.1-orchestration.py
[2024-09-07T00:24:29.423+0000] {processor.py:925} INFO - DAG(s) '5.1-orchestration' retrieved from /opt/airflow/dags/5.1-orchestration.py
[2024-09-07T00:24:29.481+0000] {logging_mixin.py:190} INFO - [2024-09-07T00:24:29.481+0000] {dag.py:3211} INFO - Sync 1 DAGs
[2024-09-07T00:24:29.536+0000] {logging_mixin.py:190} INFO - [2024-09-07T00:24:29.536+0000] {dag.py:4138} INFO - Setting next_dagrun for 5.1-orchestration to None, run_after=None
[2024-09-07T00:24:29.566+0000] {processor.py:208} INFO - Processing /opt/airflow/dags/5.1-orchestration.py took 0.181 seconds
[2024-09-07T00:25:00.288+0000] {processor.py:186} INFO - Started process (PID=18009) to work on /opt/airflow/dags/5.1-orchestration.py
[2024-09-07T00:25:00.289+0000] {processor.py:914} INFO - Processing file /opt/airflow/dags/5.1-orchestration.py for tasks to queue
[2024-09-07T00:25:00.293+0000] {logging_mixin.py:190} INFO - [2024-09-07T00:25:00.293+0000] {dagbag.py:587} INFO - Filling up the DagBag from /opt/airflow/dags/5.1-orchestration.py
[2024-09-07T00:25:00.318+0000] {processor.py:925} INFO - DAG(s) '5.1-orchestration' retrieved from /opt/airflow/dags/5.1-orchestration.py
[2024-09-07T00:25:00.366+0000] {logging_mixin.py:190} INFO - [2024-09-07T00:25:00.366+0000] {dag.py:3211} INFO - Sync 1 DAGs
[2024-09-07T00:25:00.424+0000] {logging_mixin.py:190} INFO - [2024-09-07T00:25:00.423+0000] {dag.py:4138} INFO - Setting next_dagrun for 5.1-orchestration to None, run_after=None
[2024-09-07T00:25:00.452+0000] {processor.py:208} INFO - Processing /opt/airflow/dags/5.1-orchestration.py took 0.178 seconds
[2024-09-07T00:25:31.206+0000] {processor.py:186} INFO - Started process (PID=18022) to work on /opt/airflow/dags/5.1-orchestration.py
[2024-09-07T00:25:31.210+0000] {processor.py:914} INFO - Processing file /opt/airflow/dags/5.1-orchestration.py for tasks to queue
[2024-09-07T00:25:31.216+0000] {logging_mixin.py:190} INFO - [2024-09-07T00:25:31.215+0000] {dagbag.py:587} INFO - Filling up the DagBag from /opt/airflow/dags/5.1-orchestration.py
[2024-09-07T00:25:31.247+0000] {processor.py:925} INFO - DAG(s) '5.1-orchestration' retrieved from /opt/airflow/dags/5.1-orchestration.py
[2024-09-07T00:25:31.333+0000] {logging_mixin.py:190} INFO - [2024-09-07T00:25:31.333+0000] {dag.py:3211} INFO - Sync 1 DAGs
[2024-09-07T00:25:31.401+0000] {logging_mixin.py:190} INFO - [2024-09-07T00:25:31.400+0000] {dag.py:4138} INFO - Setting next_dagrun for 5.1-orchestration to None, run_after=None
[2024-09-07T00:25:31.439+0000] {processor.py:208} INFO - Processing /opt/airflow/dags/5.1-orchestration.py took 0.264 seconds
