[2024-09-07T00:00:26.830+0000] {processor.py:186} INFO - Started process (PID=17390) to work on /opt/airflow/dags/5.2-orchestration.py
[2024-09-07T00:00:26.831+0000] {processor.py:914} INFO - Processing file /opt/airflow/dags/5.2-orchestration.py for tasks to queue
[2024-09-07T00:00:26.835+0000] {logging_mixin.py:190} INFO - [2024-09-07T00:00:26.835+0000] {dagbag.py:587} INFO - Filling up the DagBag from /opt/airflow/dags/5.2-orchestration.py
[2024-09-07T00:00:26.861+0000] {processor.py:925} INFO - DAG(s) '5.2-orchestration' retrieved from /opt/airflow/dags/5.2-orchestration.py
[2024-09-07T00:00:26.925+0000] {logging_mixin.py:190} INFO - [2024-09-07T00:00:26.924+0000] {dag.py:3211} INFO - Sync 1 DAGs
[2024-09-07T00:00:26.991+0000] {logging_mixin.py:190} INFO - [2024-09-07T00:00:26.990+0000] {dag.py:4138} INFO - Setting next_dagrun for 5.2-orchestration to None, run_after=None
[2024-09-07T00:00:27.029+0000] {processor.py:208} INFO - Processing /opt/airflow/dags/5.2-orchestration.py took 0.213 seconds
[2024-09-07T00:00:57.502+0000] {processor.py:186} INFO - Started process (PID=17402) to work on /opt/airflow/dags/5.2-orchestration.py
[2024-09-07T00:00:57.503+0000] {processor.py:914} INFO - Processing file /opt/airflow/dags/5.2-orchestration.py for tasks to queue
[2024-09-07T00:00:57.507+0000] {logging_mixin.py:190} INFO - [2024-09-07T00:00:57.506+0000] {dagbag.py:587} INFO - Filling up the DagBag from /opt/airflow/dags/5.2-orchestration.py
[2024-09-07T00:00:57.525+0000] {processor.py:925} INFO - DAG(s) '5.2-orchestration' retrieved from /opt/airflow/dags/5.2-orchestration.py
[2024-09-07T00:00:57.571+0000] {logging_mixin.py:190} INFO - [2024-09-07T00:00:57.571+0000] {dag.py:3211} INFO - Sync 1 DAGs
[2024-09-07T00:00:57.625+0000] {logging_mixin.py:190} INFO - [2024-09-07T00:00:57.624+0000] {dag.py:4138} INFO - Setting next_dagrun for 5.2-orchestration to None, run_after=None
[2024-09-07T00:00:57.658+0000] {processor.py:208} INFO - Processing /opt/airflow/dags/5.2-orchestration.py took 0.167 seconds
[2024-09-07T00:01:28.194+0000] {processor.py:186} INFO - Started process (PID=17415) to work on /opt/airflow/dags/5.2-orchestration.py
[2024-09-07T00:01:28.209+0000] {processor.py:914} INFO - Processing file /opt/airflow/dags/5.2-orchestration.py for tasks to queue
[2024-09-07T00:01:28.214+0000] {logging_mixin.py:190} INFO - [2024-09-07T00:01:28.213+0000] {dagbag.py:587} INFO - Filling up the DagBag from /opt/airflow/dags/5.2-orchestration.py
[2024-09-07T00:01:28.238+0000] {processor.py:925} INFO - DAG(s) '5.2-orchestration' retrieved from /opt/airflow/dags/5.2-orchestration.py
[2024-09-07T00:01:28.283+0000] {logging_mixin.py:190} INFO - [2024-09-07T00:01:28.282+0000] {dag.py:3211} INFO - Sync 1 DAGs
[2024-09-07T00:01:28.334+0000] {logging_mixin.py:190} INFO - [2024-09-07T00:01:28.333+0000] {dag.py:4138} INFO - Setting next_dagrun for 5.2-orchestration to None, run_after=None
[2024-09-07T00:01:28.366+0000] {processor.py:208} INFO - Processing /opt/airflow/dags/5.2-orchestration.py took 0.184 seconds
[2024-09-07T00:01:58.912+0000] {processor.py:186} INFO - Started process (PID=17428) to work on /opt/airflow/dags/5.2-orchestration.py
[2024-09-07T00:01:58.913+0000] {processor.py:914} INFO - Processing file /opt/airflow/dags/5.2-orchestration.py for tasks to queue
[2024-09-07T00:01:58.918+0000] {logging_mixin.py:190} INFO - [2024-09-07T00:01:58.917+0000] {dagbag.py:587} INFO - Filling up the DagBag from /opt/airflow/dags/5.2-orchestration.py
[2024-09-07T00:01:58.942+0000] {processor.py:925} INFO - DAG(s) '5.2-orchestration' retrieved from /opt/airflow/dags/5.2-orchestration.py
[2024-09-07T00:01:59.000+0000] {logging_mixin.py:190} INFO - [2024-09-07T00:01:58.999+0000] {dag.py:3211} INFO - Sync 1 DAGs
[2024-09-07T00:01:59.098+0000] {logging_mixin.py:190} INFO - [2024-09-07T00:01:59.098+0000] {dag.py:4138} INFO - Setting next_dagrun for 5.2-orchestration to None, run_after=None
[2024-09-07T00:01:59.146+0000] {processor.py:208} INFO - Processing /opt/airflow/dags/5.2-orchestration.py took 0.249 seconds
[2024-09-07T00:02:29.840+0000] {processor.py:186} INFO - Started process (PID=17441) to work on /opt/airflow/dags/5.2-orchestration.py
[2024-09-07T00:02:29.857+0000] {processor.py:914} INFO - Processing file /opt/airflow/dags/5.2-orchestration.py for tasks to queue
[2024-09-07T00:02:29.862+0000] {logging_mixin.py:190} INFO - [2024-09-07T00:02:29.861+0000] {dagbag.py:587} INFO - Filling up the DagBag from /opt/airflow/dags/5.2-orchestration.py
[2024-09-07T00:02:29.892+0000] {processor.py:925} INFO - DAG(s) '5.2-orchestration' retrieved from /opt/airflow/dags/5.2-orchestration.py
[2024-09-07T00:02:29.956+0000] {logging_mixin.py:190} INFO - [2024-09-07T00:02:29.955+0000] {dag.py:3211} INFO - Sync 1 DAGs
[2024-09-07T00:02:30.023+0000] {logging_mixin.py:190} INFO - [2024-09-07T00:02:30.022+0000] {dag.py:4138} INFO - Setting next_dagrun for 5.2-orchestration to None, run_after=None
[2024-09-07T00:02:30.063+0000] {processor.py:208} INFO - Processing /opt/airflow/dags/5.2-orchestration.py took 0.237 seconds
[2024-09-07T00:03:00.817+0000] {processor.py:186} INFO - Started process (PID=17453) to work on /opt/airflow/dags/5.2-orchestration.py
[2024-09-07T00:03:00.819+0000] {processor.py:914} INFO - Processing file /opt/airflow/dags/5.2-orchestration.py for tasks to queue
[2024-09-07T00:03:00.823+0000] {logging_mixin.py:190} INFO - [2024-09-07T00:03:00.822+0000] {dagbag.py:587} INFO - Filling up the DagBag from /opt/airflow/dags/5.2-orchestration.py
[2024-09-07T00:03:00.843+0000] {processor.py:925} INFO - DAG(s) '5.2-orchestration' retrieved from /opt/airflow/dags/5.2-orchestration.py
[2024-09-07T00:03:00.890+0000] {logging_mixin.py:190} INFO - [2024-09-07T00:03:00.889+0000] {dag.py:3211} INFO - Sync 1 DAGs
[2024-09-07T00:03:00.936+0000] {logging_mixin.py:190} INFO - [2024-09-07T00:03:00.935+0000] {dag.py:4138} INFO - Setting next_dagrun for 5.2-orchestration to None, run_after=None
[2024-09-07T00:03:00.967+0000] {processor.py:208} INFO - Processing /opt/airflow/dags/5.2-orchestration.py took 0.164 seconds
[2024-09-07T00:03:31.886+0000] {processor.py:186} INFO - Started process (PID=17466) to work on /opt/airflow/dags/5.2-orchestration.py
[2024-09-07T00:03:31.900+0000] {processor.py:914} INFO - Processing file /opt/airflow/dags/5.2-orchestration.py for tasks to queue
[2024-09-07T00:03:31.906+0000] {logging_mixin.py:190} INFO - [2024-09-07T00:03:31.905+0000] {dagbag.py:587} INFO - Filling up the DagBag from /opt/airflow/dags/5.2-orchestration.py
[2024-09-07T00:03:31.929+0000] {processor.py:925} INFO - DAG(s) '5.2-orchestration' retrieved from /opt/airflow/dags/5.2-orchestration.py
[2024-09-07T00:03:31.987+0000] {logging_mixin.py:190} INFO - [2024-09-07T00:03:31.986+0000] {dag.py:3211} INFO - Sync 1 DAGs
[2024-09-07T00:03:32.050+0000] {logging_mixin.py:190} INFO - [2024-09-07T00:03:32.049+0000] {dag.py:4138} INFO - Setting next_dagrun for 5.2-orchestration to None, run_after=None
[2024-09-07T00:03:32.087+0000] {processor.py:208} INFO - Processing /opt/airflow/dags/5.2-orchestration.py took 0.215 seconds
[2024-09-07T00:04:02.193+0000] {processor.py:186} INFO - Started process (PID=17479) to work on /opt/airflow/dags/5.2-orchestration.py
[2024-09-07T00:04:02.195+0000] {processor.py:914} INFO - Processing file /opt/airflow/dags/5.2-orchestration.py for tasks to queue
[2024-09-07T00:04:02.199+0000] {logging_mixin.py:190} INFO - [2024-09-07T00:04:02.199+0000] {dagbag.py:587} INFO - Filling up the DagBag from /opt/airflow/dags/5.2-orchestration.py
[2024-09-07T00:04:02.225+0000] {processor.py:925} INFO - DAG(s) '5.2-orchestration' retrieved from /opt/airflow/dags/5.2-orchestration.py
[2024-09-07T00:04:02.278+0000] {logging_mixin.py:190} INFO - [2024-09-07T00:04:02.277+0000] {dag.py:3211} INFO - Sync 1 DAGs
[2024-09-07T00:04:02.334+0000] {logging_mixin.py:190} INFO - [2024-09-07T00:04:02.333+0000] {dag.py:4138} INFO - Setting next_dagrun for 5.2-orchestration to None, run_after=None
[2024-09-07T00:04:02.375+0000] {processor.py:208} INFO - Processing /opt/airflow/dags/5.2-orchestration.py took 0.197 seconds
[2024-09-07T00:04:33.251+0000] {processor.py:186} INFO - Started process (PID=17492) to work on /opt/airflow/dags/5.2-orchestration.py
[2024-09-07T00:04:33.392+0000] {processor.py:914} INFO - Processing file /opt/airflow/dags/5.2-orchestration.py for tasks to queue
[2024-09-07T00:04:33.397+0000] {logging_mixin.py:190} INFO - [2024-09-07T00:04:33.396+0000] {dagbag.py:587} INFO - Filling up the DagBag from /opt/airflow/dags/5.2-orchestration.py
[2024-09-07T00:04:33.420+0000] {processor.py:925} INFO - DAG(s) '5.2-orchestration' retrieved from /opt/airflow/dags/5.2-orchestration.py
[2024-09-07T00:04:33.466+0000] {logging_mixin.py:190} INFO - [2024-09-07T00:04:33.466+0000] {dag.py:3211} INFO - Sync 1 DAGs
[2024-09-07T00:04:33.510+0000] {logging_mixin.py:190} INFO - [2024-09-07T00:04:33.509+0000] {dag.py:4138} INFO - Setting next_dagrun for 5.2-orchestration to None, run_after=None
[2024-09-07T00:04:33.537+0000] {processor.py:208} INFO - Processing /opt/airflow/dags/5.2-orchestration.py took 0.306 seconds
[2024-09-07T00:05:03.962+0000] {processor.py:186} INFO - Started process (PID=17505) to work on /opt/airflow/dags/5.2-orchestration.py
[2024-09-07T00:05:03.964+0000] {processor.py:914} INFO - Processing file /opt/airflow/dags/5.2-orchestration.py for tasks to queue
[2024-09-07T00:05:03.967+0000] {logging_mixin.py:190} INFO - [2024-09-07T00:05:03.967+0000] {dagbag.py:587} INFO - Filling up the DagBag from /opt/airflow/dags/5.2-orchestration.py
[2024-09-07T00:05:03.986+0000] {processor.py:925} INFO - DAG(s) '5.2-orchestration' retrieved from /opt/airflow/dags/5.2-orchestration.py
[2024-09-07T00:05:04.032+0000] {logging_mixin.py:190} INFO - [2024-09-07T00:05:04.032+0000] {dag.py:3211} INFO - Sync 1 DAGs
[2024-09-07T00:05:04.085+0000] {logging_mixin.py:190} INFO - [2024-09-07T00:05:04.085+0000] {dag.py:4138} INFO - Setting next_dagrun for 5.2-orchestration to None, run_after=None
[2024-09-07T00:05:04.119+0000] {processor.py:208} INFO - Processing /opt/airflow/dags/5.2-orchestration.py took 0.166 seconds
[2024-09-07T00:05:35.115+0000] {processor.py:186} INFO - Started process (PID=17517) to work on /opt/airflow/dags/5.2-orchestration.py
[2024-09-07T00:05:35.116+0000] {processor.py:914} INFO - Processing file /opt/airflow/dags/5.2-orchestration.py for tasks to queue
[2024-09-07T00:05:35.122+0000] {logging_mixin.py:190} INFO - [2024-09-07T00:05:35.121+0000] {dagbag.py:587} INFO - Filling up the DagBag from /opt/airflow/dags/5.2-orchestration.py
[2024-09-07T00:05:35.139+0000] {processor.py:925} INFO - DAG(s) '5.2-orchestration' retrieved from /opt/airflow/dags/5.2-orchestration.py
[2024-09-07T00:05:35.180+0000] {logging_mixin.py:190} INFO - [2024-09-07T00:05:35.180+0000] {dag.py:3211} INFO - Sync 1 DAGs
[2024-09-07T00:05:35.225+0000] {logging_mixin.py:190} INFO - [2024-09-07T00:05:35.224+0000] {dag.py:4138} INFO - Setting next_dagrun for 5.2-orchestration to None, run_after=None
[2024-09-07T00:05:35.255+0000] {processor.py:208} INFO - Processing /opt/airflow/dags/5.2-orchestration.py took 0.152 seconds
[2024-09-07T00:06:05.387+0000] {processor.py:186} INFO - Started process (PID=17529) to work on /opt/airflow/dags/5.2-orchestration.py
[2024-09-07T00:06:05.389+0000] {processor.py:914} INFO - Processing file /opt/airflow/dags/5.2-orchestration.py for tasks to queue
[2024-09-07T00:06:05.393+0000] {logging_mixin.py:190} INFO - [2024-09-07T00:06:05.393+0000] {dagbag.py:587} INFO - Filling up the DagBag from /opt/airflow/dags/5.2-orchestration.py
[2024-09-07T00:06:05.417+0000] {processor.py:925} INFO - DAG(s) '5.2-orchestration' retrieved from /opt/airflow/dags/5.2-orchestration.py
[2024-09-07T00:06:05.480+0000] {logging_mixin.py:190} INFO - [2024-09-07T00:06:05.480+0000] {dag.py:3211} INFO - Sync 1 DAGs
[2024-09-07T00:06:05.543+0000] {logging_mixin.py:190} INFO - [2024-09-07T00:06:05.543+0000] {dag.py:4138} INFO - Setting next_dagrun for 5.2-orchestration to None, run_after=None
[2024-09-07T00:06:05.581+0000] {processor.py:208} INFO - Processing /opt/airflow/dags/5.2-orchestration.py took 0.208 seconds
[2024-09-07T00:06:35.691+0000] {processor.py:186} INFO - Started process (PID=17542) to work on /opt/airflow/dags/5.2-orchestration.py
[2024-09-07T00:06:35.693+0000] {processor.py:914} INFO - Processing file /opt/airflow/dags/5.2-orchestration.py for tasks to queue
[2024-09-07T00:06:35.697+0000] {logging_mixin.py:190} INFO - [2024-09-07T00:06:35.697+0000] {dagbag.py:587} INFO - Filling up the DagBag from /opt/airflow/dags/5.2-orchestration.py
[2024-09-07T00:06:35.718+0000] {processor.py:925} INFO - DAG(s) '5.2-orchestration' retrieved from /opt/airflow/dags/5.2-orchestration.py
[2024-09-07T00:06:35.765+0000] {logging_mixin.py:190} INFO - [2024-09-07T00:06:35.764+0000] {dag.py:3211} INFO - Sync 1 DAGs
[2024-09-07T00:06:35.827+0000] {logging_mixin.py:190} INFO - [2024-09-07T00:06:35.826+0000] {dag.py:4138} INFO - Setting next_dagrun for 5.2-orchestration to None, run_after=None
[2024-09-07T00:06:35.856+0000] {processor.py:208} INFO - Processing /opt/airflow/dags/5.2-orchestration.py took 0.179 seconds
[2024-09-07T00:07:06.267+0000] {processor.py:186} INFO - Started process (PID=17554) to work on /opt/airflow/dags/5.2-orchestration.py
[2024-09-07T00:07:06.272+0000] {processor.py:914} INFO - Processing file /opt/airflow/dags/5.2-orchestration.py for tasks to queue
[2024-09-07T00:07:06.277+0000] {logging_mixin.py:190} INFO - [2024-09-07T00:07:06.276+0000] {dagbag.py:587} INFO - Filling up the DagBag from /opt/airflow/dags/5.2-orchestration.py
[2024-09-07T00:07:06.302+0000] {processor.py:925} INFO - DAG(s) '5.2-orchestration' retrieved from /opt/airflow/dags/5.2-orchestration.py
[2024-09-07T00:07:06.374+0000] {logging_mixin.py:190} INFO - [2024-09-07T00:07:06.373+0000] {dag.py:3211} INFO - Sync 1 DAGs
[2024-09-07T00:07:06.434+0000] {logging_mixin.py:190} INFO - [2024-09-07T00:07:06.434+0000] {dag.py:4138} INFO - Setting next_dagrun for 5.2-orchestration to None, run_after=None
[2024-09-07T00:07:06.498+0000] {processor.py:208} INFO - Processing /opt/airflow/dags/5.2-orchestration.py took 0.257 seconds
[2024-09-07T00:07:36.572+0000] {processor.py:186} INFO - Started process (PID=17567) to work on /opt/airflow/dags/5.2-orchestration.py
[2024-09-07T00:07:36.573+0000] {processor.py:914} INFO - Processing file /opt/airflow/dags/5.2-orchestration.py for tasks to queue
[2024-09-07T00:07:36.579+0000] {logging_mixin.py:190} INFO - [2024-09-07T00:07:36.578+0000] {dagbag.py:587} INFO - Filling up the DagBag from /opt/airflow/dags/5.2-orchestration.py
[2024-09-07T00:07:36.602+0000] {processor.py:925} INFO - DAG(s) '5.2-orchestration' retrieved from /opt/airflow/dags/5.2-orchestration.py
[2024-09-07T00:07:36.652+0000] {logging_mixin.py:190} INFO - [2024-09-07T00:07:36.652+0000] {dag.py:3211} INFO - Sync 1 DAGs
[2024-09-07T00:07:36.710+0000] {logging_mixin.py:190} INFO - [2024-09-07T00:07:36.709+0000] {dag.py:4138} INFO - Setting next_dagrun for 5.2-orchestration to None, run_after=None
[2024-09-07T00:07:36.745+0000] {processor.py:208} INFO - Processing /opt/airflow/dags/5.2-orchestration.py took 0.188 seconds
[2024-09-07T00:08:06.941+0000] {processor.py:186} INFO - Started process (PID=17580) to work on /opt/airflow/dags/5.2-orchestration.py
[2024-09-07T00:08:06.943+0000] {processor.py:914} INFO - Processing file /opt/airflow/dags/5.2-orchestration.py for tasks to queue
[2024-09-07T00:08:06.948+0000] {logging_mixin.py:190} INFO - [2024-09-07T00:08:06.947+0000] {dagbag.py:587} INFO - Filling up the DagBag from /opt/airflow/dags/5.2-orchestration.py
[2024-09-07T00:08:06.969+0000] {processor.py:925} INFO - DAG(s) '5.2-orchestration' retrieved from /opt/airflow/dags/5.2-orchestration.py
[2024-09-07T00:08:07.025+0000] {logging_mixin.py:190} INFO - [2024-09-07T00:08:07.024+0000] {dag.py:3211} INFO - Sync 1 DAGs
[2024-09-07T00:08:07.083+0000] {logging_mixin.py:190} INFO - [2024-09-07T00:08:07.083+0000] {dag.py:4138} INFO - Setting next_dagrun for 5.2-orchestration to None, run_after=None
[2024-09-07T00:08:07.120+0000] {processor.py:208} INFO - Processing /opt/airflow/dags/5.2-orchestration.py took 0.193 seconds
[2024-09-07T00:08:37.175+0000] {processor.py:186} INFO - Started process (PID=17593) to work on /opt/airflow/dags/5.2-orchestration.py
[2024-09-07T00:08:37.176+0000] {processor.py:914} INFO - Processing file /opt/airflow/dags/5.2-orchestration.py for tasks to queue
[2024-09-07T00:08:37.179+0000] {logging_mixin.py:190} INFO - [2024-09-07T00:08:37.179+0000] {dagbag.py:587} INFO - Filling up the DagBag from /opt/airflow/dags/5.2-orchestration.py
[2024-09-07T00:08:37.198+0000] {processor.py:925} INFO - DAG(s) '5.2-orchestration' retrieved from /opt/airflow/dags/5.2-orchestration.py
[2024-09-07T00:08:37.250+0000] {logging_mixin.py:190} INFO - [2024-09-07T00:08:37.249+0000] {dag.py:3211} INFO - Sync 1 DAGs
[2024-09-07T00:08:37.305+0000] {logging_mixin.py:190} INFO - [2024-09-07T00:08:37.305+0000] {dag.py:4138} INFO - Setting next_dagrun for 5.2-orchestration to None, run_after=None
[2024-09-07T00:08:37.340+0000] {processor.py:208} INFO - Processing /opt/airflow/dags/5.2-orchestration.py took 0.179 seconds
[2024-09-07T00:09:08.087+0000] {processor.py:186} INFO - Started process (PID=17606) to work on /opt/airflow/dags/5.2-orchestration.py
[2024-09-07T00:09:08.091+0000] {processor.py:914} INFO - Processing file /opt/airflow/dags/5.2-orchestration.py for tasks to queue
[2024-09-07T00:09:08.096+0000] {logging_mixin.py:190} INFO - [2024-09-07T00:09:08.095+0000] {dagbag.py:587} INFO - Filling up the DagBag from /opt/airflow/dags/5.2-orchestration.py
[2024-09-07T00:09:08.125+0000] {processor.py:925} INFO - DAG(s) '5.2-orchestration' retrieved from /opt/airflow/dags/5.2-orchestration.py
[2024-09-07T00:09:08.183+0000] {logging_mixin.py:190} INFO - [2024-09-07T00:09:08.182+0000] {dag.py:3211} INFO - Sync 1 DAGs
[2024-09-07T00:09:08.243+0000] {logging_mixin.py:190} INFO - [2024-09-07T00:09:08.243+0000] {dag.py:4138} INFO - Setting next_dagrun for 5.2-orchestration to None, run_after=None
[2024-09-07T00:09:08.280+0000] {processor.py:208} INFO - Processing /opt/airflow/dags/5.2-orchestration.py took 0.207 seconds
[2024-09-07T00:09:38.784+0000] {processor.py:186} INFO - Started process (PID=17619) to work on /opt/airflow/dags/5.2-orchestration.py
[2024-09-07T00:09:38.786+0000] {processor.py:914} INFO - Processing file /opt/airflow/dags/5.2-orchestration.py for tasks to queue
[2024-09-07T00:09:38.790+0000] {logging_mixin.py:190} INFO - [2024-09-07T00:09:38.790+0000] {dagbag.py:587} INFO - Filling up the DagBag from /opt/airflow/dags/5.2-orchestration.py
[2024-09-07T00:09:38.809+0000] {processor.py:925} INFO - DAG(s) '5.2-orchestration' retrieved from /opt/airflow/dags/5.2-orchestration.py
[2024-09-07T00:09:38.861+0000] {logging_mixin.py:190} INFO - [2024-09-07T00:09:38.861+0000] {dag.py:3211} INFO - Sync 1 DAGs
[2024-09-07T00:09:38.926+0000] {logging_mixin.py:190} INFO - [2024-09-07T00:09:38.926+0000] {dag.py:4138} INFO - Setting next_dagrun for 5.2-orchestration to None, run_after=None
[2024-09-07T00:09:38.963+0000] {processor.py:208} INFO - Processing /opt/airflow/dags/5.2-orchestration.py took 0.192 seconds
[2024-09-07T00:10:09.694+0000] {processor.py:186} INFO - Started process (PID=17631) to work on /opt/airflow/dags/5.2-orchestration.py
[2024-09-07T00:10:09.697+0000] {processor.py:914} INFO - Processing file /opt/airflow/dags/5.2-orchestration.py for tasks to queue
[2024-09-07T00:10:09.703+0000] {logging_mixin.py:190} INFO - [2024-09-07T00:10:09.702+0000] {dagbag.py:587} INFO - Filling up the DagBag from /opt/airflow/dags/5.2-orchestration.py
[2024-09-07T00:10:09.728+0000] {processor.py:925} INFO - DAG(s) '5.2-orchestration' retrieved from /opt/airflow/dags/5.2-orchestration.py
[2024-09-07T00:10:09.786+0000] {logging_mixin.py:190} INFO - [2024-09-07T00:10:09.786+0000] {dag.py:3211} INFO - Sync 1 DAGs
[2024-09-07T00:10:09.857+0000] {logging_mixin.py:190} INFO - [2024-09-07T00:10:09.857+0000] {dag.py:4138} INFO - Setting next_dagrun for 5.2-orchestration to None, run_after=None
[2024-09-07T00:10:09.896+0000] {processor.py:208} INFO - Processing /opt/airflow/dags/5.2-orchestration.py took 0.215 seconds
[2024-09-07T00:10:40.538+0000] {processor.py:186} INFO - Started process (PID=17644) to work on /opt/airflow/dags/5.2-orchestration.py
[2024-09-07T00:10:40.540+0000] {processor.py:914} INFO - Processing file /opt/airflow/dags/5.2-orchestration.py for tasks to queue
[2024-09-07T00:10:40.545+0000] {logging_mixin.py:190} INFO - [2024-09-07T00:10:40.544+0000] {dagbag.py:587} INFO - Filling up the DagBag from /opt/airflow/dags/5.2-orchestration.py
[2024-09-07T00:10:40.565+0000] {processor.py:925} INFO - DAG(s) '5.2-orchestration' retrieved from /opt/airflow/dags/5.2-orchestration.py
[2024-09-07T00:10:40.613+0000] {logging_mixin.py:190} INFO - [2024-09-07T00:10:40.613+0000] {dag.py:3211} INFO - Sync 1 DAGs
[2024-09-07T00:10:40.665+0000] {logging_mixin.py:190} INFO - [2024-09-07T00:10:40.665+0000] {dag.py:4138} INFO - Setting next_dagrun for 5.2-orchestration to None, run_after=None
[2024-09-07T00:10:40.702+0000] {processor.py:208} INFO - Processing /opt/airflow/dags/5.2-orchestration.py took 0.174 seconds
[2024-09-07T00:11:11.653+0000] {processor.py:186} INFO - Started process (PID=17657) to work on /opt/airflow/dags/5.2-orchestration.py
[2024-09-07T00:11:11.654+0000] {processor.py:914} INFO - Processing file /opt/airflow/dags/5.2-orchestration.py for tasks to queue
[2024-09-07T00:11:11.659+0000] {logging_mixin.py:190} INFO - [2024-09-07T00:11:11.658+0000] {dagbag.py:587} INFO - Filling up the DagBag from /opt/airflow/dags/5.2-orchestration.py
[2024-09-07T00:11:11.683+0000] {processor.py:925} INFO - DAG(s) '5.2-orchestration' retrieved from /opt/airflow/dags/5.2-orchestration.py
[2024-09-07T00:11:11.737+0000] {logging_mixin.py:190} INFO - [2024-09-07T00:11:11.737+0000] {dag.py:3211} INFO - Sync 1 DAGs
[2024-09-07T00:11:11.798+0000] {logging_mixin.py:190} INFO - [2024-09-07T00:11:11.798+0000] {dag.py:4138} INFO - Setting next_dagrun for 5.2-orchestration to None, run_after=None
[2024-09-07T00:11:11.834+0000] {processor.py:208} INFO - Processing /opt/airflow/dags/5.2-orchestration.py took 0.193 seconds
[2024-09-07T00:11:42.535+0000] {processor.py:186} INFO - Started process (PID=17670) to work on /opt/airflow/dags/5.2-orchestration.py
[2024-09-07T00:11:42.554+0000] {processor.py:914} INFO - Processing file /opt/airflow/dags/5.2-orchestration.py for tasks to queue
[2024-09-07T00:11:42.559+0000] {logging_mixin.py:190} INFO - [2024-09-07T00:11:42.558+0000] {dagbag.py:587} INFO - Filling up the DagBag from /opt/airflow/dags/5.2-orchestration.py
[2024-09-07T00:11:42.582+0000] {processor.py:925} INFO - DAG(s) '5.2-orchestration' retrieved from /opt/airflow/dags/5.2-orchestration.py
[2024-09-07T00:11:42.632+0000] {logging_mixin.py:190} INFO - [2024-09-07T00:11:42.632+0000] {dag.py:3211} INFO - Sync 1 DAGs
[2024-09-07T00:11:42.694+0000] {logging_mixin.py:190} INFO - [2024-09-07T00:11:42.693+0000] {dag.py:4138} INFO - Setting next_dagrun for 5.2-orchestration to None, run_after=None
[2024-09-07T00:11:42.738+0000] {processor.py:208} INFO - Processing /opt/airflow/dags/5.2-orchestration.py took 0.217 seconds
[2024-09-07T00:12:13.435+0000] {processor.py:186} INFO - Started process (PID=17683) to work on /opt/airflow/dags/5.2-orchestration.py
[2024-09-07T00:12:13.437+0000] {processor.py:914} INFO - Processing file /opt/airflow/dags/5.2-orchestration.py for tasks to queue
[2024-09-07T00:12:13.440+0000] {logging_mixin.py:190} INFO - [2024-09-07T00:12:13.439+0000] {dagbag.py:587} INFO - Filling up the DagBag from /opt/airflow/dags/5.2-orchestration.py
[2024-09-07T00:12:13.458+0000] {processor.py:925} INFO - DAG(s) '5.2-orchestration' retrieved from /opt/airflow/dags/5.2-orchestration.py
[2024-09-07T00:12:13.508+0000] {logging_mixin.py:190} INFO - [2024-09-07T00:12:13.508+0000] {dag.py:3211} INFO - Sync 1 DAGs
[2024-09-07T00:12:13.567+0000] {logging_mixin.py:190} INFO - [2024-09-07T00:12:13.567+0000] {dag.py:4138} INFO - Setting next_dagrun for 5.2-orchestration to None, run_after=None
[2024-09-07T00:12:13.598+0000] {processor.py:208} INFO - Processing /opt/airflow/dags/5.2-orchestration.py took 0.175 seconds
[2024-09-07T00:12:44.301+0000] {processor.py:186} INFO - Started process (PID=17695) to work on /opt/airflow/dags/5.2-orchestration.py
[2024-09-07T00:12:44.304+0000] {processor.py:914} INFO - Processing file /opt/airflow/dags/5.2-orchestration.py for tasks to queue
[2024-09-07T00:12:44.310+0000] {logging_mixin.py:190} INFO - [2024-09-07T00:12:44.309+0000] {dagbag.py:587} INFO - Filling up the DagBag from /opt/airflow/dags/5.2-orchestration.py
[2024-09-07T00:12:44.334+0000] {processor.py:925} INFO - DAG(s) '5.2-orchestration' retrieved from /opt/airflow/dags/5.2-orchestration.py
[2024-09-07T00:12:44.395+0000] {logging_mixin.py:190} INFO - [2024-09-07T00:12:44.394+0000] {dag.py:3211} INFO - Sync 1 DAGs
[2024-09-07T00:12:44.459+0000] {logging_mixin.py:190} INFO - [2024-09-07T00:12:44.458+0000] {dag.py:4138} INFO - Setting next_dagrun for 5.2-orchestration to None, run_after=None
[2024-09-07T00:12:44.498+0000] {processor.py:208} INFO - Processing /opt/airflow/dags/5.2-orchestration.py took 0.212 seconds
[2024-09-07T00:13:15.292+0000] {processor.py:186} INFO - Started process (PID=17708) to work on /opt/airflow/dags/5.2-orchestration.py
[2024-09-07T00:13:15.294+0000] {processor.py:914} INFO - Processing file /opt/airflow/dags/5.2-orchestration.py for tasks to queue
[2024-09-07T00:13:15.299+0000] {logging_mixin.py:190} INFO - [2024-09-07T00:13:15.298+0000] {dagbag.py:587} INFO - Filling up the DagBag from /opt/airflow/dags/5.2-orchestration.py
[2024-09-07T00:13:15.321+0000] {processor.py:925} INFO - DAG(s) '5.2-orchestration' retrieved from /opt/airflow/dags/5.2-orchestration.py
[2024-09-07T00:13:15.377+0000] {logging_mixin.py:190} INFO - [2024-09-07T00:13:15.373+0000] {dag.py:3211} INFO - Sync 1 DAGs
[2024-09-07T00:13:15.436+0000] {logging_mixin.py:190} INFO - [2024-09-07T00:13:15.436+0000] {dag.py:4138} INFO - Setting next_dagrun for 5.2-orchestration to None, run_after=None
[2024-09-07T00:13:15.474+0000] {processor.py:208} INFO - Processing /opt/airflow/dags/5.2-orchestration.py took 0.196 seconds
[2024-09-07T00:13:46.235+0000] {processor.py:186} INFO - Started process (PID=17721) to work on /opt/airflow/dags/5.2-orchestration.py
[2024-09-07T00:13:46.237+0000] {processor.py:914} INFO - Processing file /opt/airflow/dags/5.2-orchestration.py for tasks to queue
[2024-09-07T00:13:46.242+0000] {logging_mixin.py:190} INFO - [2024-09-07T00:13:46.241+0000] {dagbag.py:587} INFO - Filling up the DagBag from /opt/airflow/dags/5.2-orchestration.py
[2024-09-07T00:13:46.268+0000] {processor.py:925} INFO - DAG(s) '5.2-orchestration' retrieved from /opt/airflow/dags/5.2-orchestration.py
[2024-09-07T00:13:46.326+0000] {logging_mixin.py:190} INFO - [2024-09-07T00:13:46.326+0000] {dag.py:3211} INFO - Sync 1 DAGs
[2024-09-07T00:13:46.395+0000] {logging_mixin.py:190} INFO - [2024-09-07T00:13:46.395+0000] {dag.py:4138} INFO - Setting next_dagrun for 5.2-orchestration to None, run_after=None
[2024-09-07T00:13:46.435+0000] {processor.py:208} INFO - Processing /opt/airflow/dags/5.2-orchestration.py took 0.227 seconds
[2024-09-07T00:14:17.155+0000] {processor.py:186} INFO - Started process (PID=17734) to work on /opt/airflow/dags/5.2-orchestration.py
[2024-09-07T00:14:17.157+0000] {processor.py:914} INFO - Processing file /opt/airflow/dags/5.2-orchestration.py for tasks to queue
[2024-09-07T00:14:17.162+0000] {logging_mixin.py:190} INFO - [2024-09-07T00:14:17.161+0000] {dagbag.py:587} INFO - Filling up the DagBag from /opt/airflow/dags/5.2-orchestration.py
[2024-09-07T00:14:17.186+0000] {processor.py:925} INFO - DAG(s) '5.2-orchestration' retrieved from /opt/airflow/dags/5.2-orchestration.py
[2024-09-07T00:14:17.238+0000] {logging_mixin.py:190} INFO - [2024-09-07T00:14:17.237+0000] {dag.py:3211} INFO - Sync 1 DAGs
[2024-09-07T00:14:17.297+0000] {logging_mixin.py:190} INFO - [2024-09-07T00:14:17.297+0000] {dag.py:4138} INFO - Setting next_dagrun for 5.2-orchestration to None, run_after=None
[2024-09-07T00:14:17.334+0000] {processor.py:208} INFO - Processing /opt/airflow/dags/5.2-orchestration.py took 0.195 seconds
[2024-09-07T00:14:47.887+0000] {processor.py:186} INFO - Started process (PID=17747) to work on /opt/airflow/dags/5.2-orchestration.py
[2024-09-07T00:14:47.889+0000] {processor.py:914} INFO - Processing file /opt/airflow/dags/5.2-orchestration.py for tasks to queue
[2024-09-07T00:14:47.894+0000] {logging_mixin.py:190} INFO - [2024-09-07T00:14:47.893+0000] {dagbag.py:587} INFO - Filling up the DagBag from /opt/airflow/dags/5.2-orchestration.py
[2024-09-07T00:14:47.920+0000] {processor.py:925} INFO - DAG(s) '5.2-orchestration' retrieved from /opt/airflow/dags/5.2-orchestration.py
[2024-09-07T00:14:47.976+0000] {logging_mixin.py:190} INFO - [2024-09-07T00:14:47.975+0000] {dag.py:3211} INFO - Sync 1 DAGs
[2024-09-07T00:14:48.036+0000] {logging_mixin.py:190} INFO - [2024-09-07T00:14:48.036+0000] {dag.py:4138} INFO - Setting next_dagrun for 5.2-orchestration to None, run_after=None
[2024-09-07T00:14:48.070+0000] {processor.py:208} INFO - Processing /opt/airflow/dags/5.2-orchestration.py took 0.196 seconds
[2024-09-07T00:15:18.848+0000] {processor.py:186} INFO - Started process (PID=17760) to work on /opt/airflow/dags/5.2-orchestration.py
[2024-09-07T00:15:18.850+0000] {processor.py:914} INFO - Processing file /opt/airflow/dags/5.2-orchestration.py for tasks to queue
[2024-09-07T00:15:18.855+0000] {logging_mixin.py:190} INFO - [2024-09-07T00:15:18.854+0000] {dagbag.py:587} INFO - Filling up the DagBag from /opt/airflow/dags/5.2-orchestration.py
[2024-09-07T00:15:18.879+0000] {processor.py:925} INFO - DAG(s) '5.2-orchestration' retrieved from /opt/airflow/dags/5.2-orchestration.py
[2024-09-07T00:15:18.933+0000] {logging_mixin.py:190} INFO - [2024-09-07T00:15:18.933+0000] {dag.py:3211} INFO - Sync 1 DAGs
[2024-09-07T00:15:18.991+0000] {logging_mixin.py:190} INFO - [2024-09-07T00:15:18.990+0000] {dag.py:4138} INFO - Setting next_dagrun for 5.2-orchestration to None, run_after=None
[2024-09-07T00:15:19.024+0000] {processor.py:208} INFO - Processing /opt/airflow/dags/5.2-orchestration.py took 0.189 seconds
[2024-09-07T00:15:49.776+0000] {processor.py:186} INFO - Started process (PID=17773) to work on /opt/airflow/dags/5.2-orchestration.py
[2024-09-07T00:15:49.777+0000] {processor.py:914} INFO - Processing file /opt/airflow/dags/5.2-orchestration.py for tasks to queue
[2024-09-07T00:15:49.782+0000] {logging_mixin.py:190} INFO - [2024-09-07T00:15:49.781+0000] {dagbag.py:587} INFO - Filling up the DagBag from /opt/airflow/dags/5.2-orchestration.py
[2024-09-07T00:15:49.803+0000] {processor.py:925} INFO - DAG(s) '5.2-orchestration' retrieved from /opt/airflow/dags/5.2-orchestration.py
[2024-09-07T00:15:49.853+0000] {logging_mixin.py:190} INFO - [2024-09-07T00:15:49.852+0000] {dag.py:3211} INFO - Sync 1 DAGs
[2024-09-07T00:15:49.905+0000] {logging_mixin.py:190} INFO - [2024-09-07T00:15:49.905+0000] {dag.py:4138} INFO - Setting next_dagrun for 5.2-orchestration to None, run_after=None
[2024-09-07T00:15:49.942+0000] {processor.py:208} INFO - Processing /opt/airflow/dags/5.2-orchestration.py took 0.178 seconds
[2024-09-07T00:16:20.916+0000] {processor.py:186} INFO - Started process (PID=17786) to work on /opt/airflow/dags/5.2-orchestration.py
[2024-09-07T00:16:20.918+0000] {processor.py:914} INFO - Processing file /opt/airflow/dags/5.2-orchestration.py for tasks to queue
[2024-09-07T00:16:20.924+0000] {logging_mixin.py:190} INFO - [2024-09-07T00:16:20.923+0000] {dagbag.py:587} INFO - Filling up the DagBag from /opt/airflow/dags/5.2-orchestration.py
[2024-09-07T00:16:20.957+0000] {processor.py:925} INFO - DAG(s) '5.2-orchestration' retrieved from /opt/airflow/dags/5.2-orchestration.py
[2024-09-07T00:16:21.014+0000] {logging_mixin.py:190} INFO - [2024-09-07T00:16:21.013+0000] {dag.py:3211} INFO - Sync 1 DAGs
[2024-09-07T00:16:21.080+0000] {logging_mixin.py:190} INFO - [2024-09-07T00:16:21.079+0000] {dag.py:4138} INFO - Setting next_dagrun for 5.2-orchestration to None, run_after=None
[2024-09-07T00:16:21.118+0000] {processor.py:208} INFO - Processing /opt/airflow/dags/5.2-orchestration.py took 0.216 seconds
[2024-09-07T00:16:52.031+0000] {processor.py:186} INFO - Started process (PID=17799) to work on /opt/airflow/dags/5.2-orchestration.py
[2024-09-07T00:16:52.032+0000] {processor.py:914} INFO - Processing file /opt/airflow/dags/5.2-orchestration.py for tasks to queue
[2024-09-07T00:16:52.038+0000] {logging_mixin.py:190} INFO - [2024-09-07T00:16:52.037+0000] {dagbag.py:587} INFO - Filling up the DagBag from /opt/airflow/dags/5.2-orchestration.py
[2024-09-07T00:16:52.066+0000] {processor.py:925} INFO - DAG(s) '5.2-orchestration' retrieved from /opt/airflow/dags/5.2-orchestration.py
[2024-09-07T00:16:52.131+0000] {logging_mixin.py:190} INFO - [2024-09-07T00:16:52.130+0000] {dag.py:3211} INFO - Sync 1 DAGs
[2024-09-07T00:16:52.203+0000] {logging_mixin.py:190} INFO - [2024-09-07T00:16:52.202+0000] {dag.py:4138} INFO - Setting next_dagrun for 5.2-orchestration to None, run_after=None
[2024-09-07T00:16:52.243+0000] {processor.py:208} INFO - Processing /opt/airflow/dags/5.2-orchestration.py took 0.228 seconds
[2024-09-07T00:17:22.989+0000] {processor.py:186} INFO - Started process (PID=17812) to work on /opt/airflow/dags/5.2-orchestration.py
[2024-09-07T00:17:23.008+0000] {processor.py:914} INFO - Processing file /opt/airflow/dags/5.2-orchestration.py for tasks to queue
[2024-09-07T00:17:23.013+0000] {logging_mixin.py:190} INFO - [2024-09-07T00:17:23.013+0000] {dagbag.py:587} INFO - Filling up the DagBag from /opt/airflow/dags/5.2-orchestration.py
[2024-09-07T00:17:23.036+0000] {processor.py:925} INFO - DAG(s) '5.2-orchestration' retrieved from /opt/airflow/dags/5.2-orchestration.py
[2024-09-07T00:17:23.091+0000] {logging_mixin.py:190} INFO - [2024-09-07T00:17:23.090+0000] {dag.py:3211} INFO - Sync 1 DAGs
[2024-09-07T00:17:23.151+0000] {logging_mixin.py:190} INFO - [2024-09-07T00:17:23.151+0000] {dag.py:4138} INFO - Setting next_dagrun for 5.2-orchestration to None, run_after=None
[2024-09-07T00:17:23.188+0000] {processor.py:208} INFO - Processing /opt/airflow/dags/5.2-orchestration.py took 0.217 seconds
[2024-09-07T00:17:53.778+0000] {processor.py:186} INFO - Started process (PID=17825) to work on /opt/airflow/dags/5.2-orchestration.py
[2024-09-07T00:17:53.780+0000] {processor.py:914} INFO - Processing file /opt/airflow/dags/5.2-orchestration.py for tasks to queue
[2024-09-07T00:17:53.785+0000] {logging_mixin.py:190} INFO - [2024-09-07T00:17:53.785+0000] {dagbag.py:587} INFO - Filling up the DagBag from /opt/airflow/dags/5.2-orchestration.py
[2024-09-07T00:17:53.815+0000] {processor.py:925} INFO - DAG(s) '5.2-orchestration' retrieved from /opt/airflow/dags/5.2-orchestration.py
[2024-09-07T00:17:53.917+0000] {logging_mixin.py:190} INFO - [2024-09-07T00:17:53.916+0000] {dag.py:3211} INFO - Sync 1 DAGs
[2024-09-07T00:17:53.991+0000] {logging_mixin.py:190} INFO - [2024-09-07T00:17:53.990+0000] {dag.py:4138} INFO - Setting next_dagrun for 5.2-orchestration to None, run_after=None
[2024-09-07T00:17:54.034+0000] {processor.py:208} INFO - Processing /opt/airflow/dags/5.2-orchestration.py took 0.277 seconds
[2024-09-07T00:18:24.501+0000] {processor.py:186} INFO - Started process (PID=17844) to work on /opt/airflow/dags/5.2-orchestration.py
[2024-09-07T00:18:24.502+0000] {processor.py:914} INFO - Processing file /opt/airflow/dags/5.2-orchestration.py for tasks to queue
[2024-09-07T00:18:24.506+0000] {logging_mixin.py:190} INFO - [2024-09-07T00:18:24.505+0000] {dagbag.py:587} INFO - Filling up the DagBag from /opt/airflow/dags/5.2-orchestration.py
[2024-09-07T00:18:24.525+0000] {processor.py:925} INFO - DAG(s) '5.2-orchestration' retrieved from /opt/airflow/dags/5.2-orchestration.py
[2024-09-07T00:18:24.573+0000] {logging_mixin.py:190} INFO - [2024-09-07T00:18:24.572+0000] {dag.py:3211} INFO - Sync 1 DAGs
[2024-09-07T00:18:24.634+0000] {logging_mixin.py:190} INFO - [2024-09-07T00:18:24.633+0000] {dag.py:4138} INFO - Setting next_dagrun for 5.2-orchestration to None, run_after=None
[2024-09-07T00:18:24.673+0000] {processor.py:208} INFO - Processing /opt/airflow/dags/5.2-orchestration.py took 0.184 seconds
[2024-09-07T00:18:55.203+0000] {processor.py:186} INFO - Started process (PID=17857) to work on /opt/airflow/dags/5.2-orchestration.py
[2024-09-07T00:18:55.225+0000] {processor.py:914} INFO - Processing file /opt/airflow/dags/5.2-orchestration.py for tasks to queue
[2024-09-07T00:18:55.229+0000] {logging_mixin.py:190} INFO - [2024-09-07T00:18:55.228+0000] {dagbag.py:587} INFO - Filling up the DagBag from /opt/airflow/dags/5.2-orchestration.py
[2024-09-07T00:18:55.255+0000] {processor.py:925} INFO - DAG(s) '5.2-orchestration' retrieved from /opt/airflow/dags/5.2-orchestration.py
[2024-09-07T00:18:55.314+0000] {logging_mixin.py:190} INFO - [2024-09-07T00:18:55.314+0000] {dag.py:3211} INFO - Sync 1 DAGs
[2024-09-07T00:18:55.387+0000] {logging_mixin.py:190} INFO - [2024-09-07T00:18:55.386+0000] {dag.py:4138} INFO - Setting next_dagrun for 5.2-orchestration to None, run_after=None
[2024-09-07T00:18:55.433+0000] {processor.py:208} INFO - Processing /opt/airflow/dags/5.2-orchestration.py took 0.244 seconds
[2024-09-07T00:19:26.250+0000] {processor.py:186} INFO - Started process (PID=17869) to work on /opt/airflow/dags/5.2-orchestration.py
[2024-09-07T00:19:26.263+0000] {processor.py:914} INFO - Processing file /opt/airflow/dags/5.2-orchestration.py for tasks to queue
[2024-09-07T00:19:26.268+0000] {logging_mixin.py:190} INFO - [2024-09-07T00:19:26.268+0000] {dagbag.py:587} INFO - Filling up the DagBag from /opt/airflow/dags/5.2-orchestration.py
[2024-09-07T00:19:26.292+0000] {processor.py:925} INFO - DAG(s) '5.2-orchestration' retrieved from /opt/airflow/dags/5.2-orchestration.py
[2024-09-07T00:19:26.348+0000] {logging_mixin.py:190} INFO - [2024-09-07T00:19:26.347+0000] {dag.py:3211} INFO - Sync 1 DAGs
[2024-09-07T00:19:26.413+0000] {logging_mixin.py:190} INFO - [2024-09-07T00:19:26.413+0000] {dag.py:4138} INFO - Setting next_dagrun for 5.2-orchestration to None, run_after=None
[2024-09-07T00:19:26.449+0000] {processor.py:208} INFO - Processing /opt/airflow/dags/5.2-orchestration.py took 0.213 seconds
[2024-09-07T00:19:57.238+0000] {processor.py:186} INFO - Started process (PID=17881) to work on /opt/airflow/dags/5.2-orchestration.py
[2024-09-07T00:19:57.253+0000] {processor.py:914} INFO - Processing file /opt/airflow/dags/5.2-orchestration.py for tasks to queue
[2024-09-07T00:19:57.258+0000] {logging_mixin.py:190} INFO - [2024-09-07T00:19:57.257+0000] {dagbag.py:587} INFO - Filling up the DagBag from /opt/airflow/dags/5.2-orchestration.py
[2024-09-07T00:19:57.281+0000] {processor.py:925} INFO - DAG(s) '5.2-orchestration' retrieved from /opt/airflow/dags/5.2-orchestration.py
[2024-09-07T00:19:57.336+0000] {logging_mixin.py:190} INFO - [2024-09-07T00:19:57.336+0000] {dag.py:3211} INFO - Sync 1 DAGs
[2024-09-07T00:19:57.402+0000] {logging_mixin.py:190} INFO - [2024-09-07T00:19:57.402+0000] {dag.py:4138} INFO - Setting next_dagrun for 5.2-orchestration to None, run_after=None
[2024-09-07T00:19:57.441+0000] {processor.py:208} INFO - Processing /opt/airflow/dags/5.2-orchestration.py took 0.218 seconds
[2024-09-07T00:20:28.151+0000] {processor.py:186} INFO - Started process (PID=17894) to work on /opt/airflow/dags/5.2-orchestration.py
[2024-09-07T00:20:28.153+0000] {processor.py:914} INFO - Processing file /opt/airflow/dags/5.2-orchestration.py for tasks to queue
[2024-09-07T00:20:28.158+0000] {logging_mixin.py:190} INFO - [2024-09-07T00:20:28.157+0000] {dagbag.py:587} INFO - Filling up the DagBag from /opt/airflow/dags/5.2-orchestration.py
[2024-09-07T00:20:28.183+0000] {processor.py:925} INFO - DAG(s) '5.2-orchestration' retrieved from /opt/airflow/dags/5.2-orchestration.py
[2024-09-07T00:20:28.232+0000] {logging_mixin.py:190} INFO - [2024-09-07T00:20:28.231+0000] {dag.py:3211} INFO - Sync 1 DAGs
[2024-09-07T00:20:28.294+0000] {logging_mixin.py:190} INFO - [2024-09-07T00:20:28.293+0000] {dag.py:4138} INFO - Setting next_dagrun for 5.2-orchestration to None, run_after=None
[2024-09-07T00:20:28.329+0000] {processor.py:208} INFO - Processing /opt/airflow/dags/5.2-orchestration.py took 0.190 seconds
[2024-09-07T00:20:59.157+0000] {processor.py:186} INFO - Started process (PID=17907) to work on /opt/airflow/dags/5.2-orchestration.py
[2024-09-07T00:20:59.159+0000] {processor.py:914} INFO - Processing file /opt/airflow/dags/5.2-orchestration.py for tasks to queue
[2024-09-07T00:20:59.165+0000] {logging_mixin.py:190} INFO - [2024-09-07T00:20:59.164+0000] {dagbag.py:587} INFO - Filling up the DagBag from /opt/airflow/dags/5.2-orchestration.py
[2024-09-07T00:20:59.189+0000] {processor.py:925} INFO - DAG(s) '5.2-orchestration' retrieved from /opt/airflow/dags/5.2-orchestration.py
[2024-09-07T00:20:59.247+0000] {logging_mixin.py:190} INFO - [2024-09-07T00:20:59.246+0000] {dag.py:3211} INFO - Sync 1 DAGs
[2024-09-07T00:20:59.312+0000] {logging_mixin.py:190} INFO - [2024-09-07T00:20:59.311+0000] {dag.py:4138} INFO - Setting next_dagrun for 5.2-orchestration to None, run_after=None
[2024-09-07T00:20:59.389+0000] {processor.py:208} INFO - Processing /opt/airflow/dags/5.2-orchestration.py took 0.245 seconds
[2024-09-07T00:21:29.534+0000] {processor.py:186} INFO - Started process (PID=17920) to work on /opt/airflow/dags/5.2-orchestration.py
[2024-09-07T00:21:29.544+0000] {processor.py:914} INFO - Processing file /opt/airflow/dags/5.2-orchestration.py for tasks to queue
[2024-09-07T00:21:29.548+0000] {logging_mixin.py:190} INFO - [2024-09-07T00:21:29.548+0000] {dagbag.py:587} INFO - Filling up the DagBag from /opt/airflow/dags/5.2-orchestration.py
[2024-09-07T00:21:29.569+0000] {processor.py:925} INFO - DAG(s) '5.2-orchestration' retrieved from /opt/airflow/dags/5.2-orchestration.py
[2024-09-07T00:21:29.627+0000] {logging_mixin.py:190} INFO - [2024-09-07T00:21:29.627+0000] {dag.py:3211} INFO - Sync 1 DAGs
[2024-09-07T00:21:29.698+0000] {logging_mixin.py:190} INFO - [2024-09-07T00:21:29.697+0000] {dag.py:4138} INFO - Setting next_dagrun for 5.2-orchestration to None, run_after=None
[2024-09-07T00:21:29.739+0000] {processor.py:208} INFO - Processing /opt/airflow/dags/5.2-orchestration.py took 0.219 seconds
[2024-09-07T00:21:59.880+0000] {processor.py:186} INFO - Started process (PID=17932) to work on /opt/airflow/dags/5.2-orchestration.py
[2024-09-07T00:21:59.940+0000] {processor.py:914} INFO - Processing file /opt/airflow/dags/5.2-orchestration.py for tasks to queue
[2024-09-07T00:21:59.944+0000] {logging_mixin.py:190} INFO - [2024-09-07T00:21:59.943+0000] {dagbag.py:587} INFO - Filling up the DagBag from /opt/airflow/dags/5.2-orchestration.py
[2024-09-07T00:21:59.964+0000] {processor.py:925} INFO - DAG(s) '5.2-orchestration' retrieved from /opt/airflow/dags/5.2-orchestration.py
[2024-09-07T00:22:00.012+0000] {logging_mixin.py:190} INFO - [2024-09-07T00:22:00.011+0000] {dag.py:3211} INFO - Sync 1 DAGs
[2024-09-07T00:22:00.055+0000] {logging_mixin.py:190} INFO - [2024-09-07T00:22:00.054+0000] {dag.py:4138} INFO - Setting next_dagrun for 5.2-orchestration to None, run_after=None
[2024-09-07T00:22:00.087+0000] {processor.py:208} INFO - Processing /opt/airflow/dags/5.2-orchestration.py took 0.223 seconds
[2024-09-07T00:22:30.276+0000] {processor.py:186} INFO - Started process (PID=17945) to work on /opt/airflow/dags/5.2-orchestration.py
[2024-09-07T00:22:30.278+0000] {processor.py:914} INFO - Processing file /opt/airflow/dags/5.2-orchestration.py for tasks to queue
[2024-09-07T00:22:30.282+0000] {logging_mixin.py:190} INFO - [2024-09-07T00:22:30.282+0000] {dagbag.py:587} INFO - Filling up the DagBag from /opt/airflow/dags/5.2-orchestration.py
[2024-09-07T00:22:30.306+0000] {processor.py:925} INFO - DAG(s) '5.2-orchestration' retrieved from /opt/airflow/dags/5.2-orchestration.py
[2024-09-07T00:22:30.365+0000] {logging_mixin.py:190} INFO - [2024-09-07T00:22:30.364+0000] {dag.py:3211} INFO - Sync 1 DAGs
[2024-09-07T00:22:30.429+0000] {logging_mixin.py:190} INFO - [2024-09-07T00:22:30.428+0000] {dag.py:4138} INFO - Setting next_dagrun for 5.2-orchestration to None, run_after=None
[2024-09-07T00:22:30.468+0000] {processor.py:208} INFO - Processing /opt/airflow/dags/5.2-orchestration.py took 0.205 seconds
[2024-09-07T00:23:00.536+0000] {processor.py:186} INFO - Started process (PID=17958) to work on /opt/airflow/dags/5.2-orchestration.py
[2024-09-07T00:23:00.537+0000] {processor.py:914} INFO - Processing file /opt/airflow/dags/5.2-orchestration.py for tasks to queue
[2024-09-07T00:23:00.542+0000] {logging_mixin.py:190} INFO - [2024-09-07T00:23:00.541+0000] {dagbag.py:587} INFO - Filling up the DagBag from /opt/airflow/dags/5.2-orchestration.py
[2024-09-07T00:23:00.566+0000] {processor.py:925} INFO - DAG(s) '5.2-orchestration' retrieved from /opt/airflow/dags/5.2-orchestration.py
[2024-09-07T00:23:00.623+0000] {logging_mixin.py:190} INFO - [2024-09-07T00:23:00.623+0000] {dag.py:3211} INFO - Sync 1 DAGs
[2024-09-07T00:23:00.685+0000] {logging_mixin.py:190} INFO - [2024-09-07T00:23:00.684+0000] {dag.py:4138} INFO - Setting next_dagrun for 5.2-orchestration to None, run_after=None
[2024-09-07T00:23:00.726+0000] {processor.py:208} INFO - Processing /opt/airflow/dags/5.2-orchestration.py took 0.204 seconds
[2024-09-07T00:23:30.856+0000] {processor.py:186} INFO - Started process (PID=17971) to work on /opt/airflow/dags/5.2-orchestration.py
[2024-09-07T00:23:30.859+0000] {processor.py:914} INFO - Processing file /opt/airflow/dags/5.2-orchestration.py for tasks to queue
[2024-09-07T00:23:30.863+0000] {logging_mixin.py:190} INFO - [2024-09-07T00:23:30.863+0000] {dagbag.py:587} INFO - Filling up the DagBag from /opt/airflow/dags/5.2-orchestration.py
[2024-09-07T00:23:30.883+0000] {processor.py:925} INFO - DAG(s) '5.2-orchestration' retrieved from /opt/airflow/dags/5.2-orchestration.py
[2024-09-07T00:23:30.927+0000] {logging_mixin.py:190} INFO - [2024-09-07T00:23:30.926+0000] {dag.py:3211} INFO - Sync 1 DAGs
[2024-09-07T00:23:30.987+0000] {logging_mixin.py:190} INFO - [2024-09-07T00:23:30.986+0000] {dag.py:4138} INFO - Setting next_dagrun for 5.2-orchestration to None, run_after=None
[2024-09-07T00:23:31.022+0000] {processor.py:208} INFO - Processing /opt/airflow/dags/5.2-orchestration.py took 0.178 seconds
[2024-09-07T00:24:01.083+0000] {processor.py:186} INFO - Started process (PID=17983) to work on /opt/airflow/dags/5.2-orchestration.py
[2024-09-07T00:24:01.095+0000] {processor.py:914} INFO - Processing file /opt/airflow/dags/5.2-orchestration.py for tasks to queue
[2024-09-07T00:24:01.100+0000] {logging_mixin.py:190} INFO - [2024-09-07T00:24:01.099+0000] {dagbag.py:587} INFO - Filling up the DagBag from /opt/airflow/dags/5.2-orchestration.py
[2024-09-07T00:24:01.117+0000] {processor.py:925} INFO - DAG(s) '5.2-orchestration' retrieved from /opt/airflow/dags/5.2-orchestration.py
[2024-09-07T00:24:01.165+0000] {logging_mixin.py:190} INFO - [2024-09-07T00:24:01.165+0000] {dag.py:3211} INFO - Sync 1 DAGs
[2024-09-07T00:24:01.228+0000] {logging_mixin.py:190} INFO - [2024-09-07T00:24:01.228+0000] {dag.py:4138} INFO - Setting next_dagrun for 5.2-orchestration to None, run_after=None
[2024-09-07T00:24:01.264+0000] {processor.py:208} INFO - Processing /opt/airflow/dags/5.2-orchestration.py took 0.193 seconds
[2024-09-07T00:24:31.590+0000] {processor.py:186} INFO - Started process (PID=17997) to work on /opt/airflow/dags/5.2-orchestration.py
[2024-09-07T00:24:31.592+0000] {processor.py:914} INFO - Processing file /opt/airflow/dags/5.2-orchestration.py for tasks to queue
[2024-09-07T00:24:31.595+0000] {logging_mixin.py:190} INFO - [2024-09-07T00:24:31.595+0000] {dagbag.py:587} INFO - Filling up the DagBag from /opt/airflow/dags/5.2-orchestration.py
[2024-09-07T00:24:31.619+0000] {processor.py:925} INFO - DAG(s) '5.2-orchestration' retrieved from /opt/airflow/dags/5.2-orchestration.py
[2024-09-07T00:24:31.671+0000] {logging_mixin.py:190} INFO - [2024-09-07T00:24:31.671+0000] {dag.py:3211} INFO - Sync 1 DAGs
[2024-09-07T00:24:31.734+0000] {logging_mixin.py:190} INFO - [2024-09-07T00:24:31.733+0000] {dag.py:4138} INFO - Setting next_dagrun for 5.2-orchestration to None, run_after=None
[2024-09-07T00:24:31.768+0000] {processor.py:208} INFO - Processing /opt/airflow/dags/5.2-orchestration.py took 0.190 seconds
[2024-09-07T00:25:02.498+0000] {processor.py:186} INFO - Started process (PID=18010) to work on /opt/airflow/dags/5.2-orchestration.py
[2024-09-07T00:25:02.521+0000] {processor.py:914} INFO - Processing file /opt/airflow/dags/5.2-orchestration.py for tasks to queue
[2024-09-07T00:25:02.525+0000] {logging_mixin.py:190} INFO - [2024-09-07T00:25:02.525+0000] {dagbag.py:587} INFO - Filling up the DagBag from /opt/airflow/dags/5.2-orchestration.py
[2024-09-07T00:25:02.549+0000] {processor.py:925} INFO - DAG(s) '5.2-orchestration' retrieved from /opt/airflow/dags/5.2-orchestration.py
[2024-09-07T00:25:02.600+0000] {logging_mixin.py:190} INFO - [2024-09-07T00:25:02.600+0000] {dag.py:3211} INFO - Sync 1 DAGs
[2024-09-07T00:25:02.642+0000] {logging_mixin.py:190} INFO - [2024-09-07T00:25:02.642+0000] {dag.py:4138} INFO - Setting next_dagrun for 5.2-orchestration to None, run_after=None
[2024-09-07T00:25:02.675+0000] {processor.py:208} INFO - Processing /opt/airflow/dags/5.2-orchestration.py took 0.190 seconds
[2024-09-07T00:25:33.418+0000] {processor.py:186} INFO - Started process (PID=18023) to work on /opt/airflow/dags/5.2-orchestration.py
[2024-09-07T00:25:33.420+0000] {processor.py:914} INFO - Processing file /opt/airflow/dags/5.2-orchestration.py for tasks to queue
[2024-09-07T00:25:33.425+0000] {logging_mixin.py:190} INFO - [2024-09-07T00:25:33.424+0000] {dagbag.py:587} INFO - Filling up the DagBag from /opt/airflow/dags/5.2-orchestration.py
[2024-09-07T00:25:33.452+0000] {processor.py:925} INFO - DAG(s) '5.2-orchestration' retrieved from /opt/airflow/dags/5.2-orchestration.py
[2024-09-07T00:25:33.589+0000] {logging_mixin.py:190} INFO - [2024-09-07T00:25:33.588+0000] {dag.py:3211} INFO - Sync 1 DAGs
[2024-09-07T00:25:33.732+0000] {logging_mixin.py:190} INFO - [2024-09-07T00:25:33.731+0000] {dag.py:4138} INFO - Setting next_dagrun for 5.2-orchestration to None, run_after=None
[2024-09-07T00:25:33.802+0000] {processor.py:208} INFO - Processing /opt/airflow/dags/5.2-orchestration.py took 0.418 seconds
