[2024-09-07T00:00:16.509+0000] {processor.py:186} INFO - Started process (PID=17381) to work on /opt/airflow/dags/5.3-orchestration.py
[2024-09-07T00:00:16.510+0000] {processor.py:914} INFO - Processing file /opt/airflow/dags/5.3-orchestration.py for tasks to queue
[2024-09-07T00:00:16.514+0000] {logging_mixin.py:190} INFO - [2024-09-07T00:00:16.513+0000] {dagbag.py:587} INFO - Filling up the DagBag from /opt/airflow/dags/5.3-orchestration.py
[2024-09-07T00:00:16.535+0000] {processor.py:925} INFO - DAG(s) '5.3-orchestration' retrieved from /opt/airflow/dags/5.3-orchestration.py
[2024-09-07T00:00:16.584+0000] {logging_mixin.py:190} INFO - [2024-09-07T00:00:16.584+0000] {dag.py:3211} INFO - Sync 1 DAGs
[2024-09-07T00:00:16.641+0000] {logging_mixin.py:190} INFO - [2024-09-07T00:00:16.640+0000] {dag.py:4138} INFO - Setting next_dagrun for 5.3-orchestration to None, run_after=None
[2024-09-07T00:00:16.677+0000] {processor.py:208} INFO - Processing /opt/airflow/dags/5.3-orchestration.py took 0.182 seconds
[2024-09-07T00:00:47.218+0000] {processor.py:186} INFO - Started process (PID=17394) to work on /opt/airflow/dags/5.3-orchestration.py
[2024-09-07T00:00:47.220+0000] {processor.py:914} INFO - Processing file /opt/airflow/dags/5.3-orchestration.py for tasks to queue
[2024-09-07T00:00:47.224+0000] {logging_mixin.py:190} INFO - [2024-09-07T00:00:47.223+0000] {dagbag.py:587} INFO - Filling up the DagBag from /opt/airflow/dags/5.3-orchestration.py
[2024-09-07T00:00:47.244+0000] {processor.py:925} INFO - DAG(s) '5.3-orchestration' retrieved from /opt/airflow/dags/5.3-orchestration.py
[2024-09-07T00:00:47.293+0000] {logging_mixin.py:190} INFO - [2024-09-07T00:00:47.293+0000] {dag.py:3211} INFO - Sync 1 DAGs
[2024-09-07T00:00:47.340+0000] {logging_mixin.py:190} INFO - [2024-09-07T00:00:47.339+0000] {dag.py:4138} INFO - Setting next_dagrun for 5.3-orchestration to None, run_after=None
[2024-09-07T00:00:47.369+0000] {processor.py:208} INFO - Processing /opt/airflow/dags/5.3-orchestration.py took 0.164 seconds
[2024-09-07T00:01:17.872+0000] {processor.py:186} INFO - Started process (PID=17406) to work on /opt/airflow/dags/5.3-orchestration.py
[2024-09-07T00:01:17.873+0000] {processor.py:914} INFO - Processing file /opt/airflow/dags/5.3-orchestration.py for tasks to queue
[2024-09-07T00:01:17.877+0000] {logging_mixin.py:190} INFO - [2024-09-07T00:01:17.877+0000] {dagbag.py:587} INFO - Filling up the DagBag from /opt/airflow/dags/5.3-orchestration.py
[2024-09-07T00:01:17.897+0000] {processor.py:925} INFO - DAG(s) '5.3-orchestration' retrieved from /opt/airflow/dags/5.3-orchestration.py
[2024-09-07T00:01:17.940+0000] {logging_mixin.py:190} INFO - [2024-09-07T00:01:17.939+0000] {dag.py:3211} INFO - Sync 1 DAGs
[2024-09-07T00:01:17.985+0000] {logging_mixin.py:190} INFO - [2024-09-07T00:01:17.984+0000] {dag.py:4138} INFO - Setting next_dagrun for 5.3-orchestration to None, run_after=None
[2024-09-07T00:01:18.013+0000] {processor.py:208} INFO - Processing /opt/airflow/dags/5.3-orchestration.py took 0.151 seconds
[2024-09-07T00:01:48.608+0000] {processor.py:186} INFO - Started process (PID=17419) to work on /opt/airflow/dags/5.3-orchestration.py
[2024-09-07T00:01:48.627+0000] {processor.py:914} INFO - Processing file /opt/airflow/dags/5.3-orchestration.py for tasks to queue
[2024-09-07T00:01:48.632+0000] {logging_mixin.py:190} INFO - [2024-09-07T00:01:48.631+0000] {dagbag.py:587} INFO - Filling up the DagBag from /opt/airflow/dags/5.3-orchestration.py
[2024-09-07T00:01:48.658+0000] {processor.py:925} INFO - DAG(s) '5.3-orchestration' retrieved from /opt/airflow/dags/5.3-orchestration.py
[2024-09-07T00:01:48.728+0000] {logging_mixin.py:190} INFO - [2024-09-07T00:01:48.728+0000] {dag.py:3211} INFO - Sync 1 DAGs
[2024-09-07T00:01:48.789+0000] {logging_mixin.py:190} INFO - [2024-09-07T00:01:48.788+0000] {dag.py:4138} INFO - Setting next_dagrun for 5.3-orchestration to None, run_after=None
[2024-09-07T00:01:48.827+0000] {processor.py:208} INFO - Processing /opt/airflow/dags/5.3-orchestration.py took 0.232 seconds
[2024-09-07T00:02:19.512+0000] {processor.py:186} INFO - Started process (PID=17432) to work on /opt/airflow/dags/5.3-orchestration.py
[2024-09-07T00:02:19.513+0000] {processor.py:914} INFO - Processing file /opt/airflow/dags/5.3-orchestration.py for tasks to queue
[2024-09-07T00:02:19.518+0000] {logging_mixin.py:190} INFO - [2024-09-07T00:02:19.517+0000] {dagbag.py:587} INFO - Filling up the DagBag from /opt/airflow/dags/5.3-orchestration.py
[2024-09-07T00:02:19.538+0000] {processor.py:925} INFO - DAG(s) '5.3-orchestration' retrieved from /opt/airflow/dags/5.3-orchestration.py
[2024-09-07T00:02:19.586+0000] {logging_mixin.py:190} INFO - [2024-09-07T00:02:19.586+0000] {dag.py:3211} INFO - Sync 1 DAGs
[2024-09-07T00:02:19.630+0000] {logging_mixin.py:190} INFO - [2024-09-07T00:02:19.630+0000] {dag.py:4138} INFO - Setting next_dagrun for 5.3-orchestration to None, run_after=None
[2024-09-07T00:02:19.663+0000] {processor.py:208} INFO - Processing /opt/airflow/dags/5.3-orchestration.py took 0.161 seconds
[2024-09-07T00:02:50.320+0000] {processor.py:186} INFO - Started process (PID=17450) to work on /opt/airflow/dags/5.3-orchestration.py
[2024-09-07T00:02:50.343+0000] {processor.py:914} INFO - Processing file /opt/airflow/dags/5.3-orchestration.py for tasks to queue
[2024-09-07T00:02:50.348+0000] {logging_mixin.py:190} INFO - [2024-09-07T00:02:50.347+0000] {dagbag.py:587} INFO - Filling up the DagBag from /opt/airflow/dags/5.3-orchestration.py
[2024-09-07T00:02:50.373+0000] {processor.py:925} INFO - DAG(s) '5.3-orchestration' retrieved from /opt/airflow/dags/5.3-orchestration.py
[2024-09-07T00:02:50.432+0000] {logging_mixin.py:190} INFO - [2024-09-07T00:02:50.432+0000] {dag.py:3211} INFO - Sync 1 DAGs
[2024-09-07T00:02:50.497+0000] {logging_mixin.py:190} INFO - [2024-09-07T00:02:50.496+0000] {dag.py:4138} INFO - Setting next_dagrun for 5.3-orchestration to None, run_after=None
[2024-09-07T00:02:50.537+0000] {processor.py:208} INFO - Processing /opt/airflow/dags/5.3-orchestration.py took 0.230 seconds
[2024-09-07T00:03:21.301+0000] {processor.py:186} INFO - Started process (PID=17463) to work on /opt/airflow/dags/5.3-orchestration.py
[2024-09-07T00:03:21.302+0000] {processor.py:914} INFO - Processing file /opt/airflow/dags/5.3-orchestration.py for tasks to queue
[2024-09-07T00:03:21.306+0000] {logging_mixin.py:190} INFO - [2024-09-07T00:03:21.305+0000] {dagbag.py:587} INFO - Filling up the DagBag from /opt/airflow/dags/5.3-orchestration.py
[2024-09-07T00:03:21.326+0000] {processor.py:925} INFO - DAG(s) '5.3-orchestration' retrieved from /opt/airflow/dags/5.3-orchestration.py
[2024-09-07T00:03:21.369+0000] {logging_mixin.py:190} INFO - [2024-09-07T00:03:21.368+0000] {dag.py:3211} INFO - Sync 1 DAGs
[2024-09-07T00:03:21.416+0000] {logging_mixin.py:190} INFO - [2024-09-07T00:03:21.415+0000] {dag.py:4138} INFO - Setting next_dagrun for 5.3-orchestration to None, run_after=None
[2024-09-07T00:03:21.447+0000] {processor.py:208} INFO - Processing /opt/airflow/dags/5.3-orchestration.py took 0.157 seconds
[2024-09-07T00:03:51.543+0000] {processor.py:186} INFO - Started process (PID=17476) to work on /opt/airflow/dags/5.3-orchestration.py
[2024-09-07T00:03:51.558+0000] {processor.py:914} INFO - Processing file /opt/airflow/dags/5.3-orchestration.py for tasks to queue
[2024-09-07T00:03:51.563+0000] {logging_mixin.py:190} INFO - [2024-09-07T00:03:51.562+0000] {dagbag.py:587} INFO - Filling up the DagBag from /opt/airflow/dags/5.3-orchestration.py
[2024-09-07T00:03:51.586+0000] {processor.py:925} INFO - DAG(s) '5.3-orchestration' retrieved from /opt/airflow/dags/5.3-orchestration.py
[2024-09-07T00:03:51.640+0000] {logging_mixin.py:190} INFO - [2024-09-07T00:03:51.639+0000] {dag.py:3211} INFO - Sync 1 DAGs
[2024-09-07T00:03:51.699+0000] {logging_mixin.py:190} INFO - [2024-09-07T00:03:51.698+0000] {dag.py:4138} INFO - Setting next_dagrun for 5.3-orchestration to None, run_after=None
[2024-09-07T00:03:51.736+0000] {processor.py:208} INFO - Processing /opt/airflow/dags/5.3-orchestration.py took 0.204 seconds
[2024-09-07T00:04:21.910+0000] {processor.py:186} INFO - Started process (PID=17489) to work on /opt/airflow/dags/5.3-orchestration.py
[2024-09-07T00:04:21.911+0000] {processor.py:914} INFO - Processing file /opt/airflow/dags/5.3-orchestration.py for tasks to queue
[2024-09-07T00:04:21.915+0000] {logging_mixin.py:190} INFO - [2024-09-07T00:04:21.915+0000] {dagbag.py:587} INFO - Filling up the DagBag from /opt/airflow/dags/5.3-orchestration.py
[2024-09-07T00:04:21.940+0000] {processor.py:925} INFO - DAG(s) '5.3-orchestration' retrieved from /opt/airflow/dags/5.3-orchestration.py
[2024-09-07T00:04:21.988+0000] {logging_mixin.py:190} INFO - [2024-09-07T00:04:21.987+0000] {dag.py:3211} INFO - Sync 1 DAGs
[2024-09-07T00:04:22.032+0000] {logging_mixin.py:190} INFO - [2024-09-07T00:04:22.032+0000] {dag.py:4138} INFO - Setting next_dagrun for 5.3-orchestration to None, run_after=None
[2024-09-07T00:04:22.060+0000] {processor.py:208} INFO - Processing /opt/airflow/dags/5.3-orchestration.py took 0.160 seconds
[2024-09-07T00:04:52.632+0000] {processor.py:186} INFO - Started process (PID=17502) to work on /opt/airflow/dags/5.3-orchestration.py
[2024-09-07T00:04:52.794+0000] {processor.py:914} INFO - Processing file /opt/airflow/dags/5.3-orchestration.py for tasks to queue
[2024-09-07T00:04:52.799+0000] {logging_mixin.py:190} INFO - [2024-09-07T00:04:52.798+0000] {dagbag.py:587} INFO - Filling up the DagBag from /opt/airflow/dags/5.3-orchestration.py
[2024-09-07T00:04:52.823+0000] {processor.py:925} INFO - DAG(s) '5.3-orchestration' retrieved from /opt/airflow/dags/5.3-orchestration.py
[2024-09-07T00:04:52.875+0000] {logging_mixin.py:190} INFO - [2024-09-07T00:04:52.875+0000] {dag.py:3211} INFO - Sync 1 DAGs
[2024-09-07T00:04:52.925+0000] {logging_mixin.py:190} INFO - [2024-09-07T00:04:52.924+0000] {dag.py:4138} INFO - Setting next_dagrun for 5.3-orchestration to None, run_after=None
[2024-09-07T00:04:52.955+0000] {processor.py:208} INFO - Processing /opt/airflow/dags/5.3-orchestration.py took 0.341 seconds
[2024-09-07T00:05:23.630+0000] {processor.py:186} INFO - Started process (PID=17514) to work on /opt/airflow/dags/5.3-orchestration.py
[2024-09-07T00:05:23.651+0000] {processor.py:914} INFO - Processing file /opt/airflow/dags/5.3-orchestration.py for tasks to queue
[2024-09-07T00:05:23.657+0000] {logging_mixin.py:190} INFO - [2024-09-07T00:05:23.657+0000] {dagbag.py:587} INFO - Filling up the DagBag from /opt/airflow/dags/5.3-orchestration.py
[2024-09-07T00:05:23.681+0000] {processor.py:925} INFO - DAG(s) '5.3-orchestration' retrieved from /opt/airflow/dags/5.3-orchestration.py
[2024-09-07T00:05:23.730+0000] {logging_mixin.py:190} INFO - [2024-09-07T00:05:23.729+0000] {dag.py:3211} INFO - Sync 1 DAGs
[2024-09-07T00:05:23.776+0000] {logging_mixin.py:190} INFO - [2024-09-07T00:05:23.776+0000] {dag.py:4138} INFO - Setting next_dagrun for 5.3-orchestration to None, run_after=None
[2024-09-07T00:05:23.806+0000] {processor.py:208} INFO - Processing /opt/airflow/dags/5.3-orchestration.py took 0.187 seconds
[2024-09-07T00:05:53.894+0000] {processor.py:186} INFO - Started process (PID=17526) to work on /opt/airflow/dags/5.3-orchestration.py
[2024-09-07T00:05:53.896+0000] {processor.py:914} INFO - Processing file /opt/airflow/dags/5.3-orchestration.py for tasks to queue
[2024-09-07T00:05:53.901+0000] {logging_mixin.py:190} INFO - [2024-09-07T00:05:53.900+0000] {dagbag.py:587} INFO - Filling up the DagBag from /opt/airflow/dags/5.3-orchestration.py
[2024-09-07T00:05:53.927+0000] {processor.py:925} INFO - DAG(s) '5.3-orchestration' retrieved from /opt/airflow/dags/5.3-orchestration.py
[2024-09-07T00:05:53.970+0000] {logging_mixin.py:190} INFO - [2024-09-07T00:05:53.970+0000] {dag.py:3211} INFO - Sync 1 DAGs
[2024-09-07T00:05:54.018+0000] {logging_mixin.py:190} INFO - [2024-09-07T00:05:54.018+0000] {dag.py:4138} INFO - Setting next_dagrun for 5.3-orchestration to None, run_after=None
[2024-09-07T00:05:54.055+0000] {processor.py:208} INFO - Processing /opt/airflow/dags/5.3-orchestration.py took 0.171 seconds
[2024-09-07T00:06:24.229+0000] {processor.py:186} INFO - Started process (PID=17539) to work on /opt/airflow/dags/5.3-orchestration.py
[2024-09-07T00:06:24.245+0000] {processor.py:914} INFO - Processing file /opt/airflow/dags/5.3-orchestration.py for tasks to queue
[2024-09-07T00:06:24.250+0000] {logging_mixin.py:190} INFO - [2024-09-07T00:06:24.249+0000] {dagbag.py:587} INFO - Filling up the DagBag from /opt/airflow/dags/5.3-orchestration.py
[2024-09-07T00:06:24.270+0000] {processor.py:925} INFO - DAG(s) '5.3-orchestration' retrieved from /opt/airflow/dags/5.3-orchestration.py
[2024-09-07T00:06:24.318+0000] {logging_mixin.py:190} INFO - [2024-09-07T00:06:24.318+0000] {dag.py:3211} INFO - Sync 1 DAGs
[2024-09-07T00:06:24.370+0000] {logging_mixin.py:190} INFO - [2024-09-07T00:06:24.369+0000] {dag.py:4138} INFO - Setting next_dagrun for 5.3-orchestration to None, run_after=None
[2024-09-07T00:06:24.406+0000] {processor.py:208} INFO - Processing /opt/airflow/dags/5.3-orchestration.py took 0.187 seconds
[2024-09-07T00:06:54.655+0000] {processor.py:186} INFO - Started process (PID=17551) to work on /opt/airflow/dags/5.3-orchestration.py
[2024-09-07T00:06:54.676+0000] {processor.py:914} INFO - Processing file /opt/airflow/dags/5.3-orchestration.py for tasks to queue
[2024-09-07T00:06:54.682+0000] {logging_mixin.py:190} INFO - [2024-09-07T00:06:54.681+0000] {dagbag.py:587} INFO - Filling up the DagBag from /opt/airflow/dags/5.3-orchestration.py
[2024-09-07T00:06:54.709+0000] {processor.py:925} INFO - DAG(s) '5.3-orchestration' retrieved from /opt/airflow/dags/5.3-orchestration.py
[2024-09-07T00:06:54.774+0000] {logging_mixin.py:190} INFO - [2024-09-07T00:06:54.774+0000] {dag.py:3211} INFO - Sync 1 DAGs
[2024-09-07T00:06:54.835+0000] {logging_mixin.py:190} INFO - [2024-09-07T00:06:54.834+0000] {dag.py:4138} INFO - Setting next_dagrun for 5.3-orchestration to None, run_after=None
[2024-09-07T00:06:54.868+0000] {processor.py:208} INFO - Processing /opt/airflow/dags/5.3-orchestration.py took 0.225 seconds
[2024-09-07T00:07:25.093+0000] {processor.py:186} INFO - Started process (PID=17564) to work on /opt/airflow/dags/5.3-orchestration.py
[2024-09-07T00:07:25.095+0000] {processor.py:914} INFO - Processing file /opt/airflow/dags/5.3-orchestration.py for tasks to queue
[2024-09-07T00:07:25.098+0000] {logging_mixin.py:190} INFO - [2024-09-07T00:07:25.098+0000] {dagbag.py:587} INFO - Filling up the DagBag from /opt/airflow/dags/5.3-orchestration.py
[2024-09-07T00:07:25.117+0000] {processor.py:925} INFO - DAG(s) '5.3-orchestration' retrieved from /opt/airflow/dags/5.3-orchestration.py
[2024-09-07T00:07:25.158+0000] {logging_mixin.py:190} INFO - [2024-09-07T00:07:25.158+0000] {dag.py:3211} INFO - Sync 1 DAGs
[2024-09-07T00:07:25.205+0000] {logging_mixin.py:190} INFO - [2024-09-07T00:07:25.205+0000] {dag.py:4138} INFO - Setting next_dagrun for 5.3-orchestration to None, run_after=None
[2024-09-07T00:07:25.235+0000] {processor.py:208} INFO - Processing /opt/airflow/dags/5.3-orchestration.py took 0.153 seconds
[2024-09-07T00:07:55.423+0000] {processor.py:186} INFO - Started process (PID=17577) to work on /opt/airflow/dags/5.3-orchestration.py
[2024-09-07T00:07:55.424+0000] {processor.py:914} INFO - Processing file /opt/airflow/dags/5.3-orchestration.py for tasks to queue
[2024-09-07T00:07:55.428+0000] {logging_mixin.py:190} INFO - [2024-09-07T00:07:55.428+0000] {dagbag.py:587} INFO - Filling up the DagBag from /opt/airflow/dags/5.3-orchestration.py
[2024-09-07T00:07:55.453+0000] {processor.py:925} INFO - DAG(s) '5.3-orchestration' retrieved from /opt/airflow/dags/5.3-orchestration.py
[2024-09-07T00:07:55.514+0000] {logging_mixin.py:190} INFO - [2024-09-07T00:07:55.514+0000] {dag.py:3211} INFO - Sync 1 DAGs
[2024-09-07T00:07:55.579+0000] {logging_mixin.py:190} INFO - [2024-09-07T00:07:55.579+0000] {dag.py:4138} INFO - Setting next_dagrun for 5.3-orchestration to None, run_after=None
[2024-09-07T00:07:55.623+0000] {processor.py:208} INFO - Processing /opt/airflow/dags/5.3-orchestration.py took 0.214 seconds
[2024-09-07T00:08:25.722+0000] {processor.py:186} INFO - Started process (PID=17590) to work on /opt/airflow/dags/5.3-orchestration.py
[2024-09-07T00:08:25.723+0000] {processor.py:914} INFO - Processing file /opt/airflow/dags/5.3-orchestration.py for tasks to queue
[2024-09-07T00:08:25.726+0000] {logging_mixin.py:190} INFO - [2024-09-07T00:08:25.726+0000] {dagbag.py:587} INFO - Filling up the DagBag from /opt/airflow/dags/5.3-orchestration.py
[2024-09-07T00:08:25.746+0000] {processor.py:925} INFO - DAG(s) '5.3-orchestration' retrieved from /opt/airflow/dags/5.3-orchestration.py
[2024-09-07T00:08:25.790+0000] {logging_mixin.py:190} INFO - [2024-09-07T00:08:25.790+0000] {dag.py:3211} INFO - Sync 1 DAGs
[2024-09-07T00:08:25.836+0000] {logging_mixin.py:190} INFO - [2024-09-07T00:08:25.835+0000] {dag.py:4138} INFO - Setting next_dagrun for 5.3-orchestration to None, run_after=None
[2024-09-07T00:08:25.863+0000] {processor.py:208} INFO - Processing /opt/airflow/dags/5.3-orchestration.py took 0.151 seconds
[2024-09-07T00:08:56.704+0000] {processor.py:186} INFO - Started process (PID=17603) to work on /opt/airflow/dags/5.3-orchestration.py
[2024-09-07T00:08:56.728+0000] {processor.py:914} INFO - Processing file /opt/airflow/dags/5.3-orchestration.py for tasks to queue
[2024-09-07T00:08:56.732+0000] {logging_mixin.py:190} INFO - [2024-09-07T00:08:56.731+0000] {dagbag.py:587} INFO - Filling up the DagBag from /opt/airflow/dags/5.3-orchestration.py
[2024-09-07T00:08:56.756+0000] {processor.py:925} INFO - DAG(s) '5.3-orchestration' retrieved from /opt/airflow/dags/5.3-orchestration.py
[2024-09-07T00:08:56.812+0000] {logging_mixin.py:190} INFO - [2024-09-07T00:08:56.812+0000] {dag.py:3211} INFO - Sync 1 DAGs
[2024-09-07T00:08:56.873+0000] {logging_mixin.py:190} INFO - [2024-09-07T00:08:56.873+0000] {dag.py:4138} INFO - Setting next_dagrun for 5.3-orchestration to None, run_after=None
[2024-09-07T00:08:56.908+0000] {processor.py:208} INFO - Processing /opt/airflow/dags/5.3-orchestration.py took 0.216 seconds
[2024-09-07T00:09:27.494+0000] {processor.py:186} INFO - Started process (PID=17616) to work on /opt/airflow/dags/5.3-orchestration.py
[2024-09-07T00:09:27.507+0000] {processor.py:914} INFO - Processing file /opt/airflow/dags/5.3-orchestration.py for tasks to queue
[2024-09-07T00:09:27.513+0000] {logging_mixin.py:190} INFO - [2024-09-07T00:09:27.512+0000] {dagbag.py:587} INFO - Filling up the DagBag from /opt/airflow/dags/5.3-orchestration.py
[2024-09-07T00:09:27.532+0000] {processor.py:925} INFO - DAG(s) '5.3-orchestration' retrieved from /opt/airflow/dags/5.3-orchestration.py
[2024-09-07T00:09:27.580+0000] {logging_mixin.py:190} INFO - [2024-09-07T00:09:27.579+0000] {dag.py:3211} INFO - Sync 1 DAGs
[2024-09-07T00:09:27.624+0000] {logging_mixin.py:190} INFO - [2024-09-07T00:09:27.624+0000] {dag.py:4138} INFO - Setting next_dagrun for 5.3-orchestration to None, run_after=None
[2024-09-07T00:09:27.654+0000] {processor.py:208} INFO - Processing /opt/airflow/dags/5.3-orchestration.py took 0.173 seconds
[2024-09-07T00:09:58.406+0000] {processor.py:186} INFO - Started process (PID=17628) to work on /opt/airflow/dags/5.3-orchestration.py
[2024-09-07T00:09:58.408+0000] {processor.py:914} INFO - Processing file /opt/airflow/dags/5.3-orchestration.py for tasks to queue
[2024-09-07T00:09:58.412+0000] {logging_mixin.py:190} INFO - [2024-09-07T00:09:58.411+0000] {dagbag.py:587} INFO - Filling up the DagBag from /opt/airflow/dags/5.3-orchestration.py
[2024-09-07T00:09:58.432+0000] {processor.py:925} INFO - DAG(s) '5.3-orchestration' retrieved from /opt/airflow/dags/5.3-orchestration.py
[2024-09-07T00:09:58.478+0000] {logging_mixin.py:190} INFO - [2024-09-07T00:09:58.478+0000] {dag.py:3211} INFO - Sync 1 DAGs
[2024-09-07T00:09:58.523+0000] {logging_mixin.py:190} INFO - [2024-09-07T00:09:58.523+0000] {dag.py:4138} INFO - Setting next_dagrun for 5.3-orchestration to None, run_after=None
[2024-09-07T00:09:58.552+0000] {processor.py:208} INFO - Processing /opt/airflow/dags/5.3-orchestration.py took 0.158 seconds
[2024-09-07T00:10:29.271+0000] {processor.py:186} INFO - Started process (PID=17641) to work on /opt/airflow/dags/5.3-orchestration.py
[2024-09-07T00:10:29.272+0000] {processor.py:914} INFO - Processing file /opt/airflow/dags/5.3-orchestration.py for tasks to queue
[2024-09-07T00:10:29.277+0000] {logging_mixin.py:190} INFO - [2024-09-07T00:10:29.276+0000] {dagbag.py:587} INFO - Filling up the DagBag from /opt/airflow/dags/5.3-orchestration.py
[2024-09-07T00:10:29.296+0000] {processor.py:925} INFO - DAG(s) '5.3-orchestration' retrieved from /opt/airflow/dags/5.3-orchestration.py
[2024-09-07T00:10:29.340+0000] {logging_mixin.py:190} INFO - [2024-09-07T00:10:29.339+0000] {dag.py:3211} INFO - Sync 1 DAGs
[2024-09-07T00:10:29.393+0000] {logging_mixin.py:190} INFO - [2024-09-07T00:10:29.393+0000] {dag.py:4138} INFO - Setting next_dagrun for 5.3-orchestration to None, run_after=None
[2024-09-07T00:10:29.421+0000] {processor.py:208} INFO - Processing /opt/airflow/dags/5.3-orchestration.py took 0.162 seconds
[2024-09-07T00:11:00.278+0000] {processor.py:186} INFO - Started process (PID=17654) to work on /opt/airflow/dags/5.3-orchestration.py
[2024-09-07T00:11:00.293+0000] {processor.py:914} INFO - Processing file /opt/airflow/dags/5.3-orchestration.py for tasks to queue
[2024-09-07T00:11:00.298+0000] {logging_mixin.py:190} INFO - [2024-09-07T00:11:00.297+0000] {dagbag.py:587} INFO - Filling up the DagBag from /opt/airflow/dags/5.3-orchestration.py
[2024-09-07T00:11:00.316+0000] {processor.py:925} INFO - DAG(s) '5.3-orchestration' retrieved from /opt/airflow/dags/5.3-orchestration.py
[2024-09-07T00:11:00.357+0000] {logging_mixin.py:190} INFO - [2024-09-07T00:11:00.357+0000] {dag.py:3211} INFO - Sync 1 DAGs
[2024-09-07T00:11:00.410+0000] {logging_mixin.py:190} INFO - [2024-09-07T00:11:00.410+0000] {dag.py:4138} INFO - Setting next_dagrun for 5.3-orchestration to None, run_after=None
[2024-09-07T00:11:00.436+0000] {processor.py:208} INFO - Processing /opt/airflow/dags/5.3-orchestration.py took 0.168 seconds
[2024-09-07T00:11:31.223+0000] {processor.py:186} INFO - Started process (PID=17667) to work on /opt/airflow/dags/5.3-orchestration.py
[2024-09-07T00:11:31.239+0000] {processor.py:914} INFO - Processing file /opt/airflow/dags/5.3-orchestration.py for tasks to queue
[2024-09-07T00:11:31.243+0000] {logging_mixin.py:190} INFO - [2024-09-07T00:11:31.242+0000] {dagbag.py:587} INFO - Filling up the DagBag from /opt/airflow/dags/5.3-orchestration.py
[2024-09-07T00:11:31.265+0000] {processor.py:925} INFO - DAG(s) '5.3-orchestration' retrieved from /opt/airflow/dags/5.3-orchestration.py
[2024-09-07T00:11:31.315+0000] {logging_mixin.py:190} INFO - [2024-09-07T00:11:31.315+0000] {dag.py:3211} INFO - Sync 1 DAGs
[2024-09-07T00:11:31.369+0000] {logging_mixin.py:190} INFO - [2024-09-07T00:11:31.368+0000] {dag.py:4138} INFO - Setting next_dagrun for 5.3-orchestration to None, run_after=None
[2024-09-07T00:11:31.406+0000] {processor.py:208} INFO - Processing /opt/airflow/dags/5.3-orchestration.py took 0.197 seconds
[2024-09-07T00:12:01.926+0000] {processor.py:186} INFO - Started process (PID=17680) to work on /opt/airflow/dags/5.3-orchestration.py
[2024-09-07T00:12:01.929+0000] {processor.py:914} INFO - Processing file /opt/airflow/dags/5.3-orchestration.py for tasks to queue
[2024-09-07T00:12:01.933+0000] {logging_mixin.py:190} INFO - [2024-09-07T00:12:01.932+0000] {dagbag.py:587} INFO - Filling up the DagBag from /opt/airflow/dags/5.3-orchestration.py
[2024-09-07T00:12:01.957+0000] {processor.py:925} INFO - DAG(s) '5.3-orchestration' retrieved from /opt/airflow/dags/5.3-orchestration.py
[2024-09-07T00:12:02.014+0000] {logging_mixin.py:190} INFO - [2024-09-07T00:12:02.014+0000] {dag.py:3211} INFO - Sync 1 DAGs
[2024-09-07T00:12:02.080+0000] {logging_mixin.py:190} INFO - [2024-09-07T00:12:02.080+0000] {dag.py:4138} INFO - Setting next_dagrun for 5.3-orchestration to None, run_after=None
[2024-09-07T00:12:02.123+0000] {processor.py:208} INFO - Processing /opt/airflow/dags/5.3-orchestration.py took 0.209 seconds
[2024-09-07T00:12:32.990+0000] {processor.py:186} INFO - Started process (PID=17692) to work on /opt/airflow/dags/5.3-orchestration.py
[2024-09-07T00:12:33.009+0000] {processor.py:914} INFO - Processing file /opt/airflow/dags/5.3-orchestration.py for tasks to queue
[2024-09-07T00:12:33.013+0000] {logging_mixin.py:190} INFO - [2024-09-07T00:12:33.013+0000] {dagbag.py:587} INFO - Filling up the DagBag from /opt/airflow/dags/5.3-orchestration.py
[2024-09-07T00:12:33.038+0000] {processor.py:925} INFO - DAG(s) '5.3-orchestration' retrieved from /opt/airflow/dags/5.3-orchestration.py
[2024-09-07T00:12:33.089+0000] {logging_mixin.py:190} INFO - [2024-09-07T00:12:33.089+0000] {dag.py:3211} INFO - Sync 1 DAGs
[2024-09-07T00:12:33.140+0000] {logging_mixin.py:190} INFO - [2024-09-07T00:12:33.140+0000] {dag.py:4138} INFO - Setting next_dagrun for 5.3-orchestration to None, run_after=None
[2024-09-07T00:12:33.175+0000] {processor.py:208} INFO - Processing /opt/airflow/dags/5.3-orchestration.py took 0.200 seconds
[2024-09-07T00:13:03.881+0000] {processor.py:186} INFO - Started process (PID=17705) to work on /opt/airflow/dags/5.3-orchestration.py
[2024-09-07T00:13:03.898+0000] {processor.py:914} INFO - Processing file /opt/airflow/dags/5.3-orchestration.py for tasks to queue
[2024-09-07T00:13:03.903+0000] {logging_mixin.py:190} INFO - [2024-09-07T00:13:03.902+0000] {dagbag.py:587} INFO - Filling up the DagBag from /opt/airflow/dags/5.3-orchestration.py
[2024-09-07T00:13:03.922+0000] {processor.py:925} INFO - DAG(s) '5.3-orchestration' retrieved from /opt/airflow/dags/5.3-orchestration.py
[2024-09-07T00:13:03.969+0000] {logging_mixin.py:190} INFO - [2024-09-07T00:13:03.968+0000] {dag.py:3211} INFO - Sync 1 DAGs
[2024-09-07T00:13:04.014+0000] {logging_mixin.py:190} INFO - [2024-09-07T00:13:04.013+0000] {dag.py:4138} INFO - Setting next_dagrun for 5.3-orchestration to None, run_after=None
[2024-09-07T00:13:04.045+0000] {processor.py:208} INFO - Processing /opt/airflow/dags/5.3-orchestration.py took 0.175 seconds
[2024-09-07T00:13:34.909+0000] {processor.py:186} INFO - Started process (PID=17718) to work on /opt/airflow/dags/5.3-orchestration.py
[2024-09-07T00:13:34.932+0000] {processor.py:914} INFO - Processing file /opt/airflow/dags/5.3-orchestration.py for tasks to queue
[2024-09-07T00:13:34.937+0000] {logging_mixin.py:190} INFO - [2024-09-07T00:13:34.936+0000] {dagbag.py:587} INFO - Filling up the DagBag from /opt/airflow/dags/5.3-orchestration.py
[2024-09-07T00:13:34.959+0000] {processor.py:925} INFO - DAG(s) '5.3-orchestration' retrieved from /opt/airflow/dags/5.3-orchestration.py
[2024-09-07T00:13:35.005+0000] {logging_mixin.py:190} INFO - [2024-09-07T00:13:35.005+0000] {dag.py:3211} INFO - Sync 1 DAGs
[2024-09-07T00:13:35.060+0000] {logging_mixin.py:190} INFO - [2024-09-07T00:13:35.060+0000] {dag.py:4138} INFO - Setting next_dagrun for 5.3-orchestration to None, run_after=None
[2024-09-07T00:13:35.099+0000] {processor.py:208} INFO - Processing /opt/airflow/dags/5.3-orchestration.py took 0.202 seconds
[2024-09-07T00:14:05.678+0000] {processor.py:186} INFO - Started process (PID=17731) to work on /opt/airflow/dags/5.3-orchestration.py
[2024-09-07T00:14:05.690+0000] {processor.py:914} INFO - Processing file /opt/airflow/dags/5.3-orchestration.py for tasks to queue
[2024-09-07T00:14:05.694+0000] {logging_mixin.py:190} INFO - [2024-09-07T00:14:05.693+0000] {dagbag.py:587} INFO - Filling up the DagBag from /opt/airflow/dags/5.3-orchestration.py
[2024-09-07T00:14:05.714+0000] {processor.py:925} INFO - DAG(s) '5.3-orchestration' retrieved from /opt/airflow/dags/5.3-orchestration.py
[2024-09-07T00:14:05.761+0000] {logging_mixin.py:190} INFO - [2024-09-07T00:14:05.760+0000] {dag.py:3211} INFO - Sync 1 DAGs
[2024-09-07T00:14:05.810+0000] {logging_mixin.py:190} INFO - [2024-09-07T00:14:05.809+0000] {dag.py:4138} INFO - Setting next_dagrun for 5.3-orchestration to None, run_after=None
[2024-09-07T00:14:05.840+0000] {processor.py:208} INFO - Processing /opt/airflow/dags/5.3-orchestration.py took 0.175 seconds
[2024-09-07T00:14:36.593+0000] {processor.py:186} INFO - Started process (PID=17744) to work on /opt/airflow/dags/5.3-orchestration.py
[2024-09-07T00:14:36.595+0000] {processor.py:914} INFO - Processing file /opt/airflow/dags/5.3-orchestration.py for tasks to queue
[2024-09-07T00:14:36.600+0000] {logging_mixin.py:190} INFO - [2024-09-07T00:14:36.600+0000] {dagbag.py:587} INFO - Filling up the DagBag from /opt/airflow/dags/5.3-orchestration.py
[2024-09-07T00:14:36.620+0000] {processor.py:925} INFO - DAG(s) '5.3-orchestration' retrieved from /opt/airflow/dags/5.3-orchestration.py
[2024-09-07T00:14:36.665+0000] {logging_mixin.py:190} INFO - [2024-09-07T00:14:36.664+0000] {dag.py:3211} INFO - Sync 1 DAGs
[2024-09-07T00:14:36.712+0000] {logging_mixin.py:190} INFO - [2024-09-07T00:14:36.712+0000] {dag.py:4138} INFO - Setting next_dagrun for 5.3-orchestration to None, run_after=None
[2024-09-07T00:14:36.741+0000] {processor.py:208} INFO - Processing /opt/airflow/dags/5.3-orchestration.py took 0.159 seconds
[2024-09-07T00:15:07.467+0000] {processor.py:186} INFO - Started process (PID=17757) to work on /opt/airflow/dags/5.3-orchestration.py
[2024-09-07T00:15:07.494+0000] {processor.py:914} INFO - Processing file /opt/airflow/dags/5.3-orchestration.py for tasks to queue
[2024-09-07T00:15:07.498+0000] {logging_mixin.py:190} INFO - [2024-09-07T00:15:07.498+0000] {dagbag.py:587} INFO - Filling up the DagBag from /opt/airflow/dags/5.3-orchestration.py
[2024-09-07T00:15:07.523+0000] {processor.py:925} INFO - DAG(s) '5.3-orchestration' retrieved from /opt/airflow/dags/5.3-orchestration.py
[2024-09-07T00:15:07.582+0000] {logging_mixin.py:190} INFO - [2024-09-07T00:15:07.581+0000] {dag.py:3211} INFO - Sync 1 DAGs
[2024-09-07T00:15:07.663+0000] {logging_mixin.py:190} INFO - [2024-09-07T00:15:07.663+0000] {dag.py:4138} INFO - Setting next_dagrun for 5.3-orchestration to None, run_after=None
[2024-09-07T00:15:07.701+0000] {processor.py:208} INFO - Processing /opt/airflow/dags/5.3-orchestration.py took 0.246 seconds
[2024-09-07T00:15:38.252+0000] {processor.py:186} INFO - Started process (PID=17770) to work on /opt/airflow/dags/5.3-orchestration.py
[2024-09-07T00:15:38.273+0000] {processor.py:914} INFO - Processing file /opt/airflow/dags/5.3-orchestration.py for tasks to queue
[2024-09-07T00:15:38.278+0000] {logging_mixin.py:190} INFO - [2024-09-07T00:15:38.277+0000] {dagbag.py:587} INFO - Filling up the DagBag from /opt/airflow/dags/5.3-orchestration.py
[2024-09-07T00:15:38.305+0000] {processor.py:925} INFO - DAG(s) '5.3-orchestration' retrieved from /opt/airflow/dags/5.3-orchestration.py
[2024-09-07T00:15:38.363+0000] {logging_mixin.py:190} INFO - [2024-09-07T00:15:38.363+0000] {dag.py:3211} INFO - Sync 1 DAGs
[2024-09-07T00:15:38.489+0000] {logging_mixin.py:190} INFO - [2024-09-07T00:15:38.489+0000] {dag.py:4138} INFO - Setting next_dagrun for 5.3-orchestration to None, run_after=None
[2024-09-07T00:15:38.531+0000] {processor.py:208} INFO - Processing /opt/airflow/dags/5.3-orchestration.py took 0.293 seconds
[2024-09-07T00:16:09.294+0000] {processor.py:186} INFO - Started process (PID=17783) to work on /opt/airflow/dags/5.3-orchestration.py
[2024-09-07T00:16:09.308+0000] {processor.py:914} INFO - Processing file /opt/airflow/dags/5.3-orchestration.py for tasks to queue
[2024-09-07T00:16:09.313+0000] {logging_mixin.py:190} INFO - [2024-09-07T00:16:09.312+0000] {dagbag.py:587} INFO - Filling up the DagBag from /opt/airflow/dags/5.3-orchestration.py
[2024-09-07T00:16:09.335+0000] {processor.py:925} INFO - DAG(s) '5.3-orchestration' retrieved from /opt/airflow/dags/5.3-orchestration.py
[2024-09-07T00:16:09.381+0000] {logging_mixin.py:190} INFO - [2024-09-07T00:16:09.381+0000] {dag.py:3211} INFO - Sync 1 DAGs
[2024-09-07T00:16:09.436+0000] {logging_mixin.py:190} INFO - [2024-09-07T00:16:09.436+0000] {dag.py:4138} INFO - Setting next_dagrun for 5.3-orchestration to None, run_after=None
[2024-09-07T00:16:09.467+0000] {processor.py:208} INFO - Processing /opt/airflow/dags/5.3-orchestration.py took 0.183 seconds
[2024-09-07T00:16:39.513+0000] {processor.py:186} INFO - Started process (PID=17796) to work on /opt/airflow/dags/5.3-orchestration.py
[2024-09-07T00:16:39.522+0000] {processor.py:914} INFO - Processing file /opt/airflow/dags/5.3-orchestration.py for tasks to queue
[2024-09-07T00:16:39.527+0000] {logging_mixin.py:190} INFO - [2024-09-07T00:16:39.526+0000] {dagbag.py:587} INFO - Filling up the DagBag from /opt/airflow/dags/5.3-orchestration.py
[2024-09-07T00:16:39.545+0000] {processor.py:925} INFO - DAG(s) '5.3-orchestration' retrieved from /opt/airflow/dags/5.3-orchestration.py
[2024-09-07T00:16:39.591+0000] {logging_mixin.py:190} INFO - [2024-09-07T00:16:39.590+0000] {dag.py:3211} INFO - Sync 1 DAGs
[2024-09-07T00:16:39.644+0000] {logging_mixin.py:190} INFO - [2024-09-07T00:16:39.644+0000] {dag.py:4138} INFO - Setting next_dagrun for 5.3-orchestration to None, run_after=None
[2024-09-07T00:16:39.675+0000] {processor.py:208} INFO - Processing /opt/airflow/dags/5.3-orchestration.py took 0.176 seconds
[2024-09-07T00:17:10.669+0000] {processor.py:186} INFO - Started process (PID=17809) to work on /opt/airflow/dags/5.3-orchestration.py
[2024-09-07T00:17:10.685+0000] {processor.py:914} INFO - Processing file /opt/airflow/dags/5.3-orchestration.py for tasks to queue
[2024-09-07T00:17:10.688+0000] {logging_mixin.py:190} INFO - [2024-09-07T00:17:10.687+0000] {dagbag.py:587} INFO - Filling up the DagBag from /opt/airflow/dags/5.3-orchestration.py
[2024-09-07T00:17:10.710+0000] {processor.py:925} INFO - DAG(s) '5.3-orchestration' retrieved from /opt/airflow/dags/5.3-orchestration.py
[2024-09-07T00:17:10.770+0000] {logging_mixin.py:190} INFO - [2024-09-07T00:17:10.769+0000] {dag.py:3211} INFO - Sync 1 DAGs
[2024-09-07T00:17:10.826+0000] {logging_mixin.py:190} INFO - [2024-09-07T00:17:10.825+0000] {dag.py:4138} INFO - Setting next_dagrun for 5.3-orchestration to None, run_after=None
[2024-09-07T00:17:10.863+0000] {processor.py:208} INFO - Processing /opt/airflow/dags/5.3-orchestration.py took 0.206 seconds
[2024-09-07T00:17:41.380+0000] {processor.py:186} INFO - Started process (PID=17822) to work on /opt/airflow/dags/5.3-orchestration.py
[2024-09-07T00:17:41.382+0000] {processor.py:914} INFO - Processing file /opt/airflow/dags/5.3-orchestration.py for tasks to queue
[2024-09-07T00:17:41.385+0000] {logging_mixin.py:190} INFO - [2024-09-07T00:17:41.385+0000] {dagbag.py:587} INFO - Filling up the DagBag from /opt/airflow/dags/5.3-orchestration.py
[2024-09-07T00:17:41.405+0000] {processor.py:925} INFO - DAG(s) '5.3-orchestration' retrieved from /opt/airflow/dags/5.3-orchestration.py
[2024-09-07T00:17:41.451+0000] {logging_mixin.py:190} INFO - [2024-09-07T00:17:41.451+0000] {dag.py:3211} INFO - Sync 1 DAGs
[2024-09-07T00:17:41.495+0000] {logging_mixin.py:190} INFO - [2024-09-07T00:17:41.494+0000] {dag.py:4138} INFO - Setting next_dagrun for 5.3-orchestration to None, run_after=None
[2024-09-07T00:17:41.525+0000] {processor.py:208} INFO - Processing /opt/airflow/dags/5.3-orchestration.py took 0.156 seconds
[2024-09-07T00:18:12.169+0000] {processor.py:186} INFO - Started process (PID=17835) to work on /opt/airflow/dags/5.3-orchestration.py
[2024-09-07T00:18:12.188+0000] {processor.py:914} INFO - Processing file /opt/airflow/dags/5.3-orchestration.py for tasks to queue
[2024-09-07T00:18:12.193+0000] {logging_mixin.py:190} INFO - [2024-09-07T00:18:12.192+0000] {dagbag.py:587} INFO - Filling up the DagBag from /opt/airflow/dags/5.3-orchestration.py
[2024-09-07T00:18:12.218+0000] {processor.py:925} INFO - DAG(s) '5.3-orchestration' retrieved from /opt/airflow/dags/5.3-orchestration.py
[2024-09-07T00:18:12.266+0000] {logging_mixin.py:190} INFO - [2024-09-07T00:18:12.266+0000] {dag.py:3211} INFO - Sync 1 DAGs
[2024-09-07T00:18:12.323+0000] {logging_mixin.py:190} INFO - [2024-09-07T00:18:12.322+0000] {dag.py:4138} INFO - Setting next_dagrun for 5.3-orchestration to None, run_after=None
[2024-09-07T00:18:12.358+0000] {processor.py:208} INFO - Processing /opt/airflow/dags/5.3-orchestration.py took 0.202 seconds
[2024-09-07T00:18:43.042+0000] {processor.py:186} INFO - Started process (PID=17848) to work on /opt/airflow/dags/5.3-orchestration.py
[2024-09-07T00:18:43.043+0000] {processor.py:914} INFO - Processing file /opt/airflow/dags/5.3-orchestration.py for tasks to queue
[2024-09-07T00:18:43.062+0000] {logging_mixin.py:190} INFO - [2024-09-07T00:18:43.061+0000] {dagbag.py:587} INFO - Filling up the DagBag from /opt/airflow/dags/5.3-orchestration.py
[2024-09-07T00:18:43.092+0000] {processor.py:925} INFO - DAG(s) '5.3-orchestration' retrieved from /opt/airflow/dags/5.3-orchestration.py
[2024-09-07T00:18:43.171+0000] {logging_mixin.py:190} INFO - [2024-09-07T00:18:43.170+0000] {dag.py:3211} INFO - Sync 1 DAGs
[2024-09-07T00:18:43.239+0000] {logging_mixin.py:190} INFO - [2024-09-07T00:18:43.239+0000] {dag.py:4138} INFO - Setting next_dagrun for 5.3-orchestration to None, run_after=None
[2024-09-07T00:18:43.278+0000] {processor.py:208} INFO - Processing /opt/airflow/dags/5.3-orchestration.py took 0.251 seconds
[2024-09-07T00:19:13.801+0000] {processor.py:186} INFO - Started process (PID=17861) to work on /opt/airflow/dags/5.3-orchestration.py
[2024-09-07T00:19:13.824+0000] {processor.py:914} INFO - Processing file /opt/airflow/dags/5.3-orchestration.py for tasks to queue
[2024-09-07T00:19:13.827+0000] {logging_mixin.py:190} INFO - [2024-09-07T00:19:13.827+0000] {dagbag.py:587} INFO - Filling up the DagBag from /opt/airflow/dags/5.3-orchestration.py
[2024-09-07T00:19:13.846+0000] {processor.py:925} INFO - DAG(s) '5.3-orchestration' retrieved from /opt/airflow/dags/5.3-orchestration.py
[2024-09-07T00:19:13.894+0000] {logging_mixin.py:190} INFO - [2024-09-07T00:19:13.893+0000] {dag.py:3211} INFO - Sync 1 DAGs
[2024-09-07T00:19:13.955+0000] {logging_mixin.py:190} INFO - [2024-09-07T00:19:13.955+0000] {dag.py:4138} INFO - Setting next_dagrun for 5.3-orchestration to None, run_after=None
[2024-09-07T00:19:13.991+0000] {processor.py:208} INFO - Processing /opt/airflow/dags/5.3-orchestration.py took 0.200 seconds
[2024-09-07T00:19:44.862+0000] {processor.py:186} INFO - Started process (PID=17873) to work on /opt/airflow/dags/5.3-orchestration.py
[2024-09-07T00:19:44.864+0000] {processor.py:914} INFO - Processing file /opt/airflow/dags/5.3-orchestration.py for tasks to queue
[2024-09-07T00:19:44.868+0000] {logging_mixin.py:190} INFO - [2024-09-07T00:19:44.868+0000] {dagbag.py:587} INFO - Filling up the DagBag from /opt/airflow/dags/5.3-orchestration.py
[2024-09-07T00:19:44.894+0000] {processor.py:925} INFO - DAG(s) '5.3-orchestration' retrieved from /opt/airflow/dags/5.3-orchestration.py
[2024-09-07T00:19:44.956+0000] {logging_mixin.py:190} INFO - [2024-09-07T00:19:44.956+0000] {dag.py:3211} INFO - Sync 1 DAGs
[2024-09-07T00:19:45.034+0000] {logging_mixin.py:190} INFO - [2024-09-07T00:19:45.034+0000] {dag.py:4138} INFO - Setting next_dagrun for 5.3-orchestration to None, run_after=None
[2024-09-07T00:19:45.077+0000] {processor.py:208} INFO - Processing /opt/airflow/dags/5.3-orchestration.py took 0.229 seconds
[2024-09-07T00:20:15.684+0000] {processor.py:186} INFO - Started process (PID=17885) to work on /opt/airflow/dags/5.3-orchestration.py
[2024-09-07T00:20:15.694+0000] {processor.py:914} INFO - Processing file /opt/airflow/dags/5.3-orchestration.py for tasks to queue
[2024-09-07T00:20:15.699+0000] {logging_mixin.py:190} INFO - [2024-09-07T00:20:15.698+0000] {dagbag.py:587} INFO - Filling up the DagBag from /opt/airflow/dags/5.3-orchestration.py
[2024-09-07T00:20:15.724+0000] {processor.py:925} INFO - DAG(s) '5.3-orchestration' retrieved from /opt/airflow/dags/5.3-orchestration.py
[2024-09-07T00:20:15.781+0000] {logging_mixin.py:190} INFO - [2024-09-07T00:20:15.780+0000] {dag.py:3211} INFO - Sync 1 DAGs
[2024-09-07T00:20:15.842+0000] {logging_mixin.py:190} INFO - [2024-09-07T00:20:15.841+0000] {dag.py:4138} INFO - Setting next_dagrun for 5.3-orchestration to None, run_after=None
[2024-09-07T00:20:15.878+0000] {processor.py:208} INFO - Processing /opt/airflow/dags/5.3-orchestration.py took 0.206 seconds
[2024-09-07T00:20:46.605+0000] {processor.py:186} INFO - Started process (PID=17898) to work on /opt/airflow/dags/5.3-orchestration.py
[2024-09-07T00:20:46.607+0000] {processor.py:914} INFO - Processing file /opt/airflow/dags/5.3-orchestration.py for tasks to queue
[2024-09-07T00:20:46.613+0000] {logging_mixin.py:190} INFO - [2024-09-07T00:20:46.612+0000] {dagbag.py:587} INFO - Filling up the DagBag from /opt/airflow/dags/5.3-orchestration.py
[2024-09-07T00:20:46.640+0000] {processor.py:925} INFO - DAG(s) '5.3-orchestration' retrieved from /opt/airflow/dags/5.3-orchestration.py
[2024-09-07T00:20:46.694+0000] {logging_mixin.py:190} INFO - [2024-09-07T00:20:46.693+0000] {dag.py:3211} INFO - Sync 1 DAGs
[2024-09-07T00:20:46.739+0000] {logging_mixin.py:190} INFO - [2024-09-07T00:20:46.739+0000] {dag.py:4138} INFO - Setting next_dagrun for 5.3-orchestration to None, run_after=None
[2024-09-07T00:20:46.775+0000] {processor.py:208} INFO - Processing /opt/airflow/dags/5.3-orchestration.py took 0.182 seconds
[2024-09-07T00:21:17.014+0000] {processor.py:186} INFO - Started process (PID=17911) to work on /opt/airflow/dags/5.3-orchestration.py
[2024-09-07T00:21:17.016+0000] {processor.py:914} INFO - Processing file /opt/airflow/dags/5.3-orchestration.py for tasks to queue
[2024-09-07T00:21:17.021+0000] {logging_mixin.py:190} INFO - [2024-09-07T00:21:17.020+0000] {dagbag.py:587} INFO - Filling up the DagBag from /opt/airflow/dags/5.3-orchestration.py
[2024-09-07T00:21:17.052+0000] {processor.py:925} INFO - DAG(s) '5.3-orchestration' retrieved from /opt/airflow/dags/5.3-orchestration.py
[2024-09-07T00:21:17.116+0000] {logging_mixin.py:190} INFO - [2024-09-07T00:21:17.116+0000] {dag.py:3211} INFO - Sync 1 DAGs
[2024-09-07T00:21:17.202+0000] {logging_mixin.py:190} INFO - [2024-09-07T00:21:17.201+0000] {dag.py:4138} INFO - Setting next_dagrun for 5.3-orchestration to None, run_after=None
[2024-09-07T00:21:17.250+0000] {processor.py:208} INFO - Processing /opt/airflow/dags/5.3-orchestration.py took 0.251 seconds
[2024-09-07T00:21:47.355+0000] {processor.py:186} INFO - Started process (PID=17924) to work on /opt/airflow/dags/5.3-orchestration.py
[2024-09-07T00:21:47.357+0000] {processor.py:914} INFO - Processing file /opt/airflow/dags/5.3-orchestration.py for tasks to queue
[2024-09-07T00:21:47.362+0000] {logging_mixin.py:190} INFO - [2024-09-07T00:21:47.361+0000] {dagbag.py:587} INFO - Filling up the DagBag from /opt/airflow/dags/5.3-orchestration.py
[2024-09-07T00:21:47.389+0000] {processor.py:925} INFO - DAG(s) '5.3-orchestration' retrieved from /opt/airflow/dags/5.3-orchestration.py
[2024-09-07T00:21:47.445+0000] {logging_mixin.py:190} INFO - [2024-09-07T00:21:47.445+0000] {dag.py:3211} INFO - Sync 1 DAGs
[2024-09-07T00:21:47.507+0000] {logging_mixin.py:190} INFO - [2024-09-07T00:21:47.507+0000] {dag.py:4138} INFO - Setting next_dagrun for 5.3-orchestration to None, run_after=None
[2024-09-07T00:21:47.570+0000] {processor.py:208} INFO - Processing /opt/airflow/dags/5.3-orchestration.py took 0.229 seconds
[2024-09-07T00:22:17.709+0000] {processor.py:186} INFO - Started process (PID=17936) to work on /opt/airflow/dags/5.3-orchestration.py
[2024-09-07T00:22:17.710+0000] {processor.py:914} INFO - Processing file /opt/airflow/dags/5.3-orchestration.py for tasks to queue
[2024-09-07T00:22:17.714+0000] {logging_mixin.py:190} INFO - [2024-09-07T00:22:17.714+0000] {dagbag.py:587} INFO - Filling up the DagBag from /opt/airflow/dags/5.3-orchestration.py
[2024-09-07T00:22:17.734+0000] {processor.py:925} INFO - DAG(s) '5.3-orchestration' retrieved from /opt/airflow/dags/5.3-orchestration.py
[2024-09-07T00:22:17.790+0000] {logging_mixin.py:190} INFO - [2024-09-07T00:22:17.790+0000] {dag.py:3211} INFO - Sync 1 DAGs
[2024-09-07T00:22:17.849+0000] {logging_mixin.py:190} INFO - [2024-09-07T00:22:17.848+0000] {dag.py:4138} INFO - Setting next_dagrun for 5.3-orchestration to None, run_after=None
[2024-09-07T00:22:17.888+0000] {processor.py:208} INFO - Processing /opt/airflow/dags/5.3-orchestration.py took 0.193 seconds
[2024-09-07T00:22:48.023+0000] {processor.py:186} INFO - Started process (PID=17949) to work on /opt/airflow/dags/5.3-orchestration.py
[2024-09-07T00:22:48.025+0000] {processor.py:914} INFO - Processing file /opt/airflow/dags/5.3-orchestration.py for tasks to queue
[2024-09-07T00:22:48.029+0000] {logging_mixin.py:190} INFO - [2024-09-07T00:22:48.029+0000] {dagbag.py:587} INFO - Filling up the DagBag from /opt/airflow/dags/5.3-orchestration.py
[2024-09-07T00:22:48.048+0000] {processor.py:925} INFO - DAG(s) '5.3-orchestration' retrieved from /opt/airflow/dags/5.3-orchestration.py
[2024-09-07T00:22:48.102+0000] {logging_mixin.py:190} INFO - [2024-09-07T00:22:48.101+0000] {dag.py:3211} INFO - Sync 1 DAGs
[2024-09-07T00:22:48.162+0000] {logging_mixin.py:190} INFO - [2024-09-07T00:22:48.161+0000] {dag.py:4138} INFO - Setting next_dagrun for 5.3-orchestration to None, run_after=None
[2024-09-07T00:22:48.192+0000] {processor.py:208} INFO - Processing /opt/airflow/dags/5.3-orchestration.py took 0.182 seconds
[2024-09-07T00:23:18.352+0000] {processor.py:186} INFO - Started process (PID=17962) to work on /opt/airflow/dags/5.3-orchestration.py
[2024-09-07T00:23:18.354+0000] {processor.py:914} INFO - Processing file /opt/airflow/dags/5.3-orchestration.py for tasks to queue
[2024-09-07T00:23:18.359+0000] {logging_mixin.py:190} INFO - [2024-09-07T00:23:18.359+0000] {dagbag.py:587} INFO - Filling up the DagBag from /opt/airflow/dags/5.3-orchestration.py
[2024-09-07T00:23:18.378+0000] {processor.py:925} INFO - DAG(s) '5.3-orchestration' retrieved from /opt/airflow/dags/5.3-orchestration.py
[2024-09-07T00:23:18.431+0000] {logging_mixin.py:190} INFO - [2024-09-07T00:23:18.431+0000] {dag.py:3211} INFO - Sync 1 DAGs
[2024-09-07T00:23:18.479+0000] {logging_mixin.py:190} INFO - [2024-09-07T00:23:18.478+0000] {dag.py:4138} INFO - Setting next_dagrun for 5.3-orchestration to None, run_after=None
[2024-09-07T00:23:18.513+0000] {processor.py:208} INFO - Processing /opt/airflow/dags/5.3-orchestration.py took 0.171 seconds
[2024-09-07T00:23:48.564+0000] {processor.py:186} INFO - Started process (PID=17975) to work on /opt/airflow/dags/5.3-orchestration.py
[2024-09-07T00:23:48.566+0000] {processor.py:914} INFO - Processing file /opt/airflow/dags/5.3-orchestration.py for tasks to queue
[2024-09-07T00:23:48.571+0000] {logging_mixin.py:190} INFO - [2024-09-07T00:23:48.570+0000] {dagbag.py:587} INFO - Filling up the DagBag from /opt/airflow/dags/5.3-orchestration.py
[2024-09-07T00:23:48.596+0000] {processor.py:925} INFO - DAG(s) '5.3-orchestration' retrieved from /opt/airflow/dags/5.3-orchestration.py
[2024-09-07T00:23:48.653+0000] {logging_mixin.py:190} INFO - [2024-09-07T00:23:48.653+0000] {dag.py:3211} INFO - Sync 1 DAGs
[2024-09-07T00:23:48.709+0000] {logging_mixin.py:190} INFO - [2024-09-07T00:23:48.709+0000] {dag.py:4138} INFO - Setting next_dagrun for 5.3-orchestration to None, run_after=None
[2024-09-07T00:23:48.747+0000] {processor.py:208} INFO - Processing /opt/airflow/dags/5.3-orchestration.py took 0.196 seconds
[2024-09-07T00:24:18.922+0000] {processor.py:186} INFO - Started process (PID=17987) to work on /opt/airflow/dags/5.3-orchestration.py
[2024-09-07T00:24:18.932+0000] {processor.py:914} INFO - Processing file /opt/airflow/dags/5.3-orchestration.py for tasks to queue
[2024-09-07T00:24:18.937+0000] {logging_mixin.py:190} INFO - [2024-09-07T00:24:18.936+0000] {dagbag.py:587} INFO - Filling up the DagBag from /opt/airflow/dags/5.3-orchestration.py
[2024-09-07T00:24:18.961+0000] {processor.py:925} INFO - DAG(s) '5.3-orchestration' retrieved from /opt/airflow/dags/5.3-orchestration.py
[2024-09-07T00:24:19.042+0000] {logging_mixin.py:190} INFO - [2024-09-07T00:24:19.041+0000] {dag.py:3211} INFO - Sync 1 DAGs
[2024-09-07T00:24:19.165+0000] {logging_mixin.py:190} INFO - [2024-09-07T00:24:19.164+0000] {dag.py:4138} INFO - Setting next_dagrun for 5.3-orchestration to None, run_after=None
[2024-09-07T00:24:19.261+0000] {processor.py:208} INFO - Processing /opt/airflow/dags/5.3-orchestration.py took 0.367 seconds
[2024-09-07T00:24:50.165+0000] {processor.py:186} INFO - Started process (PID=18001) to work on /opt/airflow/dags/5.3-orchestration.py
[2024-09-07T00:24:50.173+0000] {processor.py:914} INFO - Processing file /opt/airflow/dags/5.3-orchestration.py for tasks to queue
[2024-09-07T00:24:50.176+0000] {logging_mixin.py:190} INFO - [2024-09-07T00:24:50.176+0000] {dagbag.py:587} INFO - Filling up the DagBag from /opt/airflow/dags/5.3-orchestration.py
[2024-09-07T00:24:50.194+0000] {processor.py:925} INFO - DAG(s) '5.3-orchestration' retrieved from /opt/airflow/dags/5.3-orchestration.py
[2024-09-07T00:24:50.237+0000] {logging_mixin.py:190} INFO - [2024-09-07T00:24:50.237+0000] {dag.py:3211} INFO - Sync 1 DAGs
[2024-09-07T00:24:50.283+0000] {logging_mixin.py:190} INFO - [2024-09-07T00:24:50.283+0000] {dag.py:4138} INFO - Setting next_dagrun for 5.3-orchestration to None, run_after=None
[2024-09-07T00:24:50.319+0000] {processor.py:208} INFO - Processing /opt/airflow/dags/5.3-orchestration.py took 0.166 seconds
[2024-09-07T00:25:21.060+0000] {processor.py:186} INFO - Started process (PID=18014) to work on /opt/airflow/dags/5.3-orchestration.py
[2024-09-07T00:25:21.070+0000] {processor.py:914} INFO - Processing file /opt/airflow/dags/5.3-orchestration.py for tasks to queue
[2024-09-07T00:25:21.074+0000] {logging_mixin.py:190} INFO - [2024-09-07T00:25:21.073+0000] {dagbag.py:587} INFO - Filling up the DagBag from /opt/airflow/dags/5.3-orchestration.py
[2024-09-07T00:25:21.091+0000] {processor.py:925} INFO - DAG(s) '5.3-orchestration' retrieved from /opt/airflow/dags/5.3-orchestration.py
[2024-09-07T00:25:21.146+0000] {logging_mixin.py:190} INFO - [2024-09-07T00:25:21.145+0000] {dag.py:3211} INFO - Sync 1 DAGs
[2024-09-07T00:25:21.208+0000] {logging_mixin.py:190} INFO - [2024-09-07T00:25:21.208+0000] {dag.py:4138} INFO - Setting next_dagrun for 5.3-orchestration to None, run_after=None
[2024-09-07T00:25:21.248+0000] {processor.py:208} INFO - Processing /opt/airflow/dags/5.3-orchestration.py took 0.199 seconds
