[2024-09-01T23:13:41.331+0000] {processor.py:186} INFO - Started process (PID=65) to work on /opt/airflow/dags/1-bashoperator.py
[2024-09-01T23:13:41.332+0000] {processor.py:914} INFO - Processing file /opt/airflow/dags/1-bashoperator.py for tasks to queue
[2024-09-01T23:13:41.336+0000] {logging_mixin.py:190} INFO - [2024-09-01T23:13:41.336+0000] {dagbag.py:587} INFO - Filling up the DagBag from /opt/airflow/dags/1-bashoperator.py
[2024-09-01T23:13:41.355+0000] {processor.py:925} INFO - DAG(s) 'basoperator' retrieved from /opt/airflow/dags/1-bashoperator.py
[2024-09-01T23:13:41.405+0000] {logging_mixin.py:190} INFO - [2024-09-01T23:13:41.404+0000] {dag.py:3211} INFO - Sync 1 DAGs
[2024-09-01T23:13:41.467+0000] {logging_mixin.py:190} INFO - [2024-09-01T23:13:41.467+0000] {dag.py:4138} INFO - Setting next_dagrun for basoperator to 2024-08-24 00:00:00+00:00, run_after=2024-08-25 00:00:00+00:00
[2024-09-01T23:13:41.505+0000] {processor.py:208} INFO - Processing /opt/airflow/dags/1-bashoperator.py took 0.191 seconds
[2024-09-01T23:14:12.176+0000] {processor.py:186} INFO - Started process (PID=77) to work on /opt/airflow/dags/1-bashoperator.py
[2024-09-01T23:14:12.177+0000] {processor.py:914} INFO - Processing file /opt/airflow/dags/1-bashoperator.py for tasks to queue
[2024-09-01T23:14:12.182+0000] {logging_mixin.py:190} INFO - [2024-09-01T23:14:12.181+0000] {dagbag.py:587} INFO - Filling up the DagBag from /opt/airflow/dags/1-bashoperator.py
[2024-09-01T23:14:12.196+0000] {processor.py:925} INFO - DAG(s) 'basoperator' retrieved from /opt/airflow/dags/1-bashoperator.py
[2024-09-01T23:14:12.239+0000] {logging_mixin.py:190} INFO - [2024-09-01T23:14:12.239+0000] {dag.py:3211} INFO - Sync 1 DAGs
[2024-09-01T23:14:12.280+0000] {logging_mixin.py:190} INFO - [2024-09-01T23:14:12.280+0000] {dag.py:4138} INFO - Setting next_dagrun for basoperator to 2024-08-24 00:00:00+00:00, run_after=2024-08-25 00:00:00+00:00
[2024-09-01T23:14:12.308+0000] {processor.py:208} INFO - Processing /opt/airflow/dags/1-bashoperator.py took 0.142 seconds
[2024-09-01T23:14:43.013+0000] {processor.py:186} INFO - Started process (PID=89) to work on /opt/airflow/dags/1-bashoperator.py
[2024-09-01T23:14:43.016+0000] {processor.py:914} INFO - Processing file /opt/airflow/dags/1-bashoperator.py for tasks to queue
[2024-09-01T23:14:43.019+0000] {logging_mixin.py:190} INFO - [2024-09-01T23:14:43.019+0000] {dagbag.py:587} INFO - Filling up the DagBag from /opt/airflow/dags/1-bashoperator.py
[2024-09-01T23:14:43.034+0000] {processor.py:925} INFO - DAG(s) 'basoperator' retrieved from /opt/airflow/dags/1-bashoperator.py
[2024-09-01T23:14:43.076+0000] {logging_mixin.py:190} INFO - [2024-09-01T23:14:43.075+0000] {dag.py:3211} INFO - Sync 1 DAGs
[2024-09-01T23:14:43.118+0000] {logging_mixin.py:190} INFO - [2024-09-01T23:14:43.118+0000] {dag.py:4138} INFO - Setting next_dagrun for basoperator to 2024-08-24 00:00:00+00:00, run_after=2024-08-25 00:00:00+00:00
[2024-09-01T23:14:43.152+0000] {processor.py:208} INFO - Processing /opt/airflow/dags/1-bashoperator.py took 0.148 seconds
[2024-09-01T23:15:13.763+0000] {processor.py:186} INFO - Started process (PID=101) to work on /opt/airflow/dags/1-bashoperator.py
[2024-09-01T23:15:13.764+0000] {processor.py:914} INFO - Processing file /opt/airflow/dags/1-bashoperator.py for tasks to queue
[2024-09-01T23:15:13.767+0000] {logging_mixin.py:190} INFO - [2024-09-01T23:15:13.766+0000] {dagbag.py:587} INFO - Filling up the DagBag from /opt/airflow/dags/1-bashoperator.py
[2024-09-01T23:15:13.779+0000] {processor.py:925} INFO - DAG(s) 'basoperator' retrieved from /opt/airflow/dags/1-bashoperator.py
[2024-09-01T23:15:13.820+0000] {logging_mixin.py:190} INFO - [2024-09-01T23:15:13.820+0000] {dag.py:3211} INFO - Sync 1 DAGs
[2024-09-01T23:15:13.876+0000] {logging_mixin.py:190} INFO - [2024-09-01T23:15:13.875+0000] {dag.py:4138} INFO - Setting next_dagrun for basoperator to 2024-08-24 00:00:00+00:00, run_after=2024-08-25 00:00:00+00:00
[2024-09-01T23:15:13.909+0000] {processor.py:208} INFO - Processing /opt/airflow/dags/1-bashoperator.py took 0.155 seconds
[2024-09-01T23:15:45.316+0000] {processor.py:186} INFO - Started process (PID=112) to work on /opt/airflow/dags/1-bashoperator.py
[2024-09-01T23:15:45.417+0000] {processor.py:914} INFO - Processing file /opt/airflow/dags/1-bashoperator.py for tasks to queue
[2024-09-01T23:15:45.422+0000] {logging_mixin.py:190} INFO - [2024-09-01T23:15:45.421+0000] {dagbag.py:587} INFO - Filling up the DagBag from /opt/airflow/dags/1-bashoperator.py
[2024-09-01T23:15:45.440+0000] {processor.py:925} INFO - DAG(s) 'basoperator' retrieved from /opt/airflow/dags/1-bashoperator.py
[2024-09-01T23:15:45.490+0000] {logging_mixin.py:190} INFO - [2024-09-01T23:15:45.489+0000] {dag.py:3211} INFO - Sync 1 DAGs
[2024-09-01T23:15:45.552+0000] {logging_mixin.py:190} INFO - [2024-09-01T23:15:45.551+0000] {dag.py:4138} INFO - Setting next_dagrun for basoperator to 2024-08-24 00:00:00+00:00, run_after=2024-08-25 00:00:00+00:00
[2024-09-01T23:15:45.592+0000] {processor.py:208} INFO - Processing /opt/airflow/dags/1-bashoperator.py took 0.309 seconds
[2024-09-01T23:16:15.685+0000] {processor.py:186} INFO - Started process (PID=125) to work on /opt/airflow/dags/1-bashoperator.py
[2024-09-01T23:16:15.686+0000] {processor.py:914} INFO - Processing file /opt/airflow/dags/1-bashoperator.py for tasks to queue
[2024-09-01T23:16:15.689+0000] {logging_mixin.py:190} INFO - [2024-09-01T23:16:15.688+0000] {dagbag.py:587} INFO - Filling up the DagBag from /opt/airflow/dags/1-bashoperator.py
[2024-09-01T23:16:15.704+0000] {processor.py:925} INFO - DAG(s) 'basoperator' retrieved from /opt/airflow/dags/1-bashoperator.py
[2024-09-01T23:16:15.751+0000] {logging_mixin.py:190} INFO - [2024-09-01T23:16:15.751+0000] {dag.py:3211} INFO - Sync 1 DAGs
[2024-09-01T23:16:16.016+0000] {logging_mixin.py:190} INFO - [2024-09-01T23:16:16.015+0000] {dag.py:4138} INFO - Setting next_dagrun for basoperator to 2024-08-24 00:00:00+00:00, run_after=2024-08-25 00:00:00+00:00
[2024-09-01T23:16:16.050+0000] {processor.py:208} INFO - Processing /opt/airflow/dags/1-bashoperator.py took 0.376 seconds
[2024-09-01T23:16:46.825+0000] {processor.py:186} INFO - Started process (PID=137) to work on /opt/airflow/dags/1-bashoperator.py
[2024-09-01T23:16:46.903+0000] {processor.py:914} INFO - Processing file /opt/airflow/dags/1-bashoperator.py for tasks to queue
[2024-09-01T23:16:46.906+0000] {logging_mixin.py:190} INFO - [2024-09-01T23:16:46.905+0000] {dagbag.py:587} INFO - Filling up the DagBag from /opt/airflow/dags/1-bashoperator.py
[2024-09-01T23:16:46.920+0000] {processor.py:925} INFO - DAG(s) 'basoperator' retrieved from /opt/airflow/dags/1-bashoperator.py
[2024-09-01T23:16:46.978+0000] {logging_mixin.py:190} INFO - [2024-09-01T23:16:46.977+0000] {dag.py:3211} INFO - Sync 1 DAGs
[2024-09-01T23:16:47.265+0000] {logging_mixin.py:190} INFO - [2024-09-01T23:16:47.264+0000] {dag.py:4138} INFO - Setting next_dagrun for basoperator to 2024-08-24 00:00:00+00:00, run_after=2024-08-25 00:00:00+00:00
[2024-09-01T23:16:47.302+0000] {processor.py:208} INFO - Processing /opt/airflow/dags/1-bashoperator.py took 0.491 seconds
[2024-09-01T23:17:18.295+0000] {processor.py:186} INFO - Started process (PID=149) to work on /opt/airflow/dags/1-bashoperator.py
[2024-09-01T23:17:18.297+0000] {processor.py:914} INFO - Processing file /opt/airflow/dags/1-bashoperator.py for tasks to queue
[2024-09-01T23:17:18.302+0000] {logging_mixin.py:190} INFO - [2024-09-01T23:17:18.302+0000] {dagbag.py:587} INFO - Filling up the DagBag from /opt/airflow/dags/1-bashoperator.py
[2024-09-01T23:17:18.320+0000] {processor.py:925} INFO - DAG(s) 'basoperator' retrieved from /opt/airflow/dags/1-bashoperator.py
[2024-09-01T23:17:18.540+0000] {logging_mixin.py:190} INFO - [2024-09-01T23:17:18.540+0000] {dag.py:3211} INFO - Sync 1 DAGs
[2024-09-01T23:17:18.589+0000] {logging_mixin.py:190} INFO - [2024-09-01T23:17:18.588+0000] {dag.py:4138} INFO - Setting next_dagrun for basoperator to 2024-08-24 00:00:00+00:00, run_after=2024-08-25 00:00:00+00:00
[2024-09-01T23:17:18.614+0000] {processor.py:208} INFO - Processing /opt/airflow/dags/1-bashoperator.py took 0.333 seconds
[2024-09-01T23:17:48.774+0000] {processor.py:186} INFO - Started process (PID=161) to work on /opt/airflow/dags/1-bashoperator.py
[2024-09-01T23:17:48.853+0000] {processor.py:914} INFO - Processing file /opt/airflow/dags/1-bashoperator.py for tasks to queue
[2024-09-01T23:17:49.021+0000] {logging_mixin.py:190} INFO - [2024-09-01T23:17:49.020+0000] {dagbag.py:587} INFO - Filling up the DagBag from /opt/airflow/dags/1-bashoperator.py
[2024-09-01T23:17:49.033+0000] {processor.py:925} INFO - DAG(s) 'basoperator' retrieved from /opt/airflow/dags/1-bashoperator.py
[2024-09-01T23:17:49.063+0000] {logging_mixin.py:190} INFO - [2024-09-01T23:17:49.063+0000] {dag.py:3211} INFO - Sync 1 DAGs
[2024-09-01T23:17:49.100+0000] {logging_mixin.py:190} INFO - [2024-09-01T23:17:49.100+0000] {dag.py:4138} INFO - Setting next_dagrun for basoperator to 2024-08-24 00:00:00+00:00, run_after=2024-08-25 00:00:00+00:00
[2024-09-01T23:17:49.128+0000] {processor.py:208} INFO - Processing /opt/airflow/dags/1-bashoperator.py took 0.364 seconds
[2024-09-01T23:18:19.912+0000] {processor.py:186} INFO - Started process (PID=172) to work on /opt/airflow/dags/1-bashoperator.py
[2024-09-01T23:18:19.917+0000] {processor.py:914} INFO - Processing file /opt/airflow/dags/1-bashoperator.py for tasks to queue
[2024-09-01T23:18:19.927+0000] {logging_mixin.py:190} INFO - [2024-09-01T23:18:19.926+0000] {dagbag.py:587} INFO - Filling up the DagBag from /opt/airflow/dags/1-bashoperator.py
[2024-09-01T23:18:19.960+0000] {processor.py:925} INFO - DAG(s) 'basoperator' retrieved from /opt/airflow/dags/1-bashoperator.py
[2024-09-01T23:18:20.019+0000] {logging_mixin.py:190} INFO - [2024-09-01T23:18:20.018+0000] {dag.py:3211} INFO - Sync 1 DAGs
[2024-09-01T23:18:20.078+0000] {logging_mixin.py:190} INFO - [2024-09-01T23:18:20.076+0000] {dag.py:4138} INFO - Setting next_dagrun for basoperator to 2024-08-24 00:00:00+00:00, run_after=2024-08-25 00:00:00+00:00
[2024-09-01T23:18:20.118+0000] {processor.py:208} INFO - Processing /opt/airflow/dags/1-bashoperator.py took 0.232 seconds
[2024-09-01T23:18:51.086+0000] {processor.py:186} INFO - Started process (PID=183) to work on /opt/airflow/dags/1-bashoperator.py
[2024-09-01T23:18:51.128+0000] {processor.py:914} INFO - Processing file /opt/airflow/dags/1-bashoperator.py for tasks to queue
[2024-09-01T23:18:51.132+0000] {logging_mixin.py:190} INFO - [2024-09-01T23:18:51.132+0000] {dagbag.py:587} INFO - Filling up the DagBag from /opt/airflow/dags/1-bashoperator.py
[2024-09-01T23:18:51.175+0000] {processor.py:925} INFO - DAG(s) 'basoperator' retrieved from /opt/airflow/dags/1-bashoperator.py
[2024-09-01T23:18:51.314+0000] {logging_mixin.py:190} INFO - [2024-09-01T23:18:51.313+0000] {dag.py:3211} INFO - Sync 1 DAGs
[2024-09-01T23:18:51.458+0000] {logging_mixin.py:190} INFO - [2024-09-01T23:18:51.457+0000] {dag.py:4138} INFO - Setting next_dagrun for basoperator to 2024-08-24 00:00:00+00:00, run_after=2024-08-25 00:00:00+00:00
[2024-09-01T23:18:51.542+0000] {processor.py:208} INFO - Processing /opt/airflow/dags/1-bashoperator.py took 0.506 seconds
[2024-09-01T23:19:21.918+0000] {processor.py:186} INFO - Started process (PID=195) to work on /opt/airflow/dags/1-bashoperator.py
[2024-09-01T23:19:21.919+0000] {processor.py:914} INFO - Processing file /opt/airflow/dags/1-bashoperator.py for tasks to queue
[2024-09-01T23:19:21.923+0000] {logging_mixin.py:190} INFO - [2024-09-01T23:19:21.922+0000] {dagbag.py:587} INFO - Filling up the DagBag from /opt/airflow/dags/1-bashoperator.py
[2024-09-01T23:19:21.936+0000] {processor.py:925} INFO - DAG(s) 'basoperator' retrieved from /opt/airflow/dags/1-bashoperator.py
[2024-09-01T23:19:21.971+0000] {logging_mixin.py:190} INFO - [2024-09-01T23:19:21.971+0000] {dag.py:3211} INFO - Sync 1 DAGs
[2024-09-01T23:19:22.022+0000] {logging_mixin.py:190} INFO - [2024-09-01T23:19:22.022+0000] {dag.py:4138} INFO - Setting next_dagrun for basoperator to 2024-08-24 00:00:00+00:00, run_after=2024-08-25 00:00:00+00:00
[2024-09-01T23:19:22.062+0000] {processor.py:208} INFO - Processing /opt/airflow/dags/1-bashoperator.py took 0.155 seconds
[2024-09-01T23:19:52.670+0000] {processor.py:186} INFO - Started process (PID=206) to work on /opt/airflow/dags/1-bashoperator.py
[2024-09-01T23:19:52.703+0000] {processor.py:914} INFO - Processing file /opt/airflow/dags/1-bashoperator.py for tasks to queue
[2024-09-01T23:19:52.706+0000] {logging_mixin.py:190} INFO - [2024-09-01T23:19:52.706+0000] {dagbag.py:587} INFO - Filling up the DagBag from /opt/airflow/dags/1-bashoperator.py
[2024-09-01T23:19:52.726+0000] {processor.py:925} INFO - DAG(s) 'basoperator' retrieved from /opt/airflow/dags/1-bashoperator.py
[2024-09-01T23:19:52.765+0000] {logging_mixin.py:190} INFO - [2024-09-01T23:19:52.765+0000] {dag.py:3211} INFO - Sync 1 DAGs
[2024-09-01T23:19:52.808+0000] {logging_mixin.py:190} INFO - [2024-09-01T23:19:52.807+0000] {dag.py:4138} INFO - Setting next_dagrun for basoperator to 2024-08-24 00:00:00+00:00, run_after=2024-08-25 00:00:00+00:00
[2024-09-01T23:19:52.842+0000] {processor.py:208} INFO - Processing /opt/airflow/dags/1-bashoperator.py took 0.183 seconds
[2024-09-01T23:20:23.553+0000] {processor.py:186} INFO - Started process (PID=218) to work on /opt/airflow/dags/1-bashoperator.py
[2024-09-01T23:20:23.554+0000] {processor.py:914} INFO - Processing file /opt/airflow/dags/1-bashoperator.py for tasks to queue
[2024-09-01T23:20:23.559+0000] {logging_mixin.py:190} INFO - [2024-09-01T23:20:23.558+0000] {dagbag.py:587} INFO - Filling up the DagBag from /opt/airflow/dags/1-bashoperator.py
[2024-09-01T23:20:23.581+0000] {processor.py:925} INFO - DAG(s) 'basoperator' retrieved from /opt/airflow/dags/1-bashoperator.py
[2024-09-01T23:20:23.628+0000] {logging_mixin.py:190} INFO - [2024-09-01T23:20:23.628+0000] {dag.py:3211} INFO - Sync 1 DAGs
[2024-09-01T23:20:23.676+0000] {logging_mixin.py:190} INFO - [2024-09-01T23:20:23.675+0000] {dag.py:4138} INFO - Setting next_dagrun for basoperator to 2024-08-24 00:00:00+00:00, run_after=2024-08-25 00:00:00+00:00
[2024-09-01T23:20:23.709+0000] {processor.py:208} INFO - Processing /opt/airflow/dags/1-bashoperator.py took 0.177 seconds
[2024-09-01T23:20:54.724+0000] {processor.py:186} INFO - Started process (PID=236) to work on /opt/airflow/dags/1-bashoperator.py
[2024-09-01T23:20:54.742+0000] {processor.py:914} INFO - Processing file /opt/airflow/dags/1-bashoperator.py for tasks to queue
[2024-09-01T23:20:54.747+0000] {logging_mixin.py:190} INFO - [2024-09-01T23:20:54.746+0000] {dagbag.py:587} INFO - Filling up the DagBag from /opt/airflow/dags/1-bashoperator.py
[2024-09-01T23:20:54.770+0000] {processor.py:925} INFO - DAG(s) 'basoperator' retrieved from /opt/airflow/dags/1-bashoperator.py
[2024-09-01T23:20:54.827+0000] {logging_mixin.py:190} INFO - [2024-09-01T23:20:54.827+0000] {dag.py:3211} INFO - Sync 1 DAGs
[2024-09-01T23:20:54.933+0000] {logging_mixin.py:190} INFO - [2024-09-01T23:20:54.932+0000] {dag.py:4138} INFO - Setting next_dagrun for basoperator to 2024-08-24 00:00:00+00:00, run_after=2024-08-25 00:00:00+00:00
[2024-09-01T23:20:55.028+0000] {processor.py:208} INFO - Processing /opt/airflow/dags/1-bashoperator.py took 0.321 seconds
[2024-09-01T23:21:25.194+0000] {processor.py:186} INFO - Started process (PID=248) to work on /opt/airflow/dags/1-bashoperator.py
[2024-09-01T23:21:25.195+0000] {processor.py:914} INFO - Processing file /opt/airflow/dags/1-bashoperator.py for tasks to queue
[2024-09-01T23:21:25.200+0000] {logging_mixin.py:190} INFO - [2024-09-01T23:21:25.199+0000] {dagbag.py:587} INFO - Filling up the DagBag from /opt/airflow/dags/1-bashoperator.py
[2024-09-01T23:21:25.218+0000] {processor.py:925} INFO - DAG(s) 'basoperator' retrieved from /opt/airflow/dags/1-bashoperator.py
[2024-09-01T23:21:25.281+0000] {logging_mixin.py:190} INFO - [2024-09-01T23:21:25.280+0000] {dag.py:3211} INFO - Sync 1 DAGs
[2024-09-01T23:21:25.349+0000] {logging_mixin.py:190} INFO - [2024-09-01T23:21:25.348+0000] {dag.py:4138} INFO - Setting next_dagrun for basoperator to 2024-08-24 00:00:00+00:00, run_after=2024-08-25 00:00:00+00:00
[2024-09-01T23:21:25.400+0000] {processor.py:208} INFO - Processing /opt/airflow/dags/1-bashoperator.py took 0.230 seconds
[2024-09-01T23:21:55.736+0000] {processor.py:186} INFO - Started process (PID=259) to work on /opt/airflow/dags/1-bashoperator.py
[2024-09-01T23:21:55.750+0000] {processor.py:914} INFO - Processing file /opt/airflow/dags/1-bashoperator.py for tasks to queue
[2024-09-01T23:21:55.753+0000] {logging_mixin.py:190} INFO - [2024-09-01T23:21:55.752+0000] {dagbag.py:587} INFO - Filling up the DagBag from /opt/airflow/dags/1-bashoperator.py
[2024-09-01T23:21:55.768+0000] {processor.py:925} INFO - DAG(s) 'basoperator' retrieved from /opt/airflow/dags/1-bashoperator.py
[2024-09-01T23:21:55.815+0000] {logging_mixin.py:190} INFO - [2024-09-01T23:21:55.815+0000] {dag.py:3211} INFO - Sync 1 DAGs
[2024-09-01T23:21:55.867+0000] {logging_mixin.py:190} INFO - [2024-09-01T23:21:55.866+0000] {dag.py:4138} INFO - Setting next_dagrun for basoperator to 2024-08-24 00:00:00+00:00, run_after=2024-08-25 00:00:00+00:00
[2024-09-01T23:21:55.915+0000] {processor.py:208} INFO - Processing /opt/airflow/dags/1-bashoperator.py took 0.190 seconds
[2024-09-01T23:22:26.824+0000] {processor.py:186} INFO - Started process (PID=271) to work on /opt/airflow/dags/1-bashoperator.py
[2024-09-01T23:22:26.826+0000] {processor.py:914} INFO - Processing file /opt/airflow/dags/1-bashoperator.py for tasks to queue
[2024-09-01T23:22:26.831+0000] {logging_mixin.py:190} INFO - [2024-09-01T23:22:26.831+0000] {dagbag.py:587} INFO - Filling up the DagBag from /opt/airflow/dags/1-bashoperator.py
[2024-09-01T23:22:26.854+0000] {processor.py:925} INFO - DAG(s) 'basoperator' retrieved from /opt/airflow/dags/1-bashoperator.py
[2024-09-01T23:22:26.917+0000] {logging_mixin.py:190} INFO - [2024-09-01T23:22:26.916+0000] {dag.py:3211} INFO - Sync 1 DAGs
[2024-09-01T23:22:26.991+0000] {logging_mixin.py:190} INFO - [2024-09-01T23:22:26.991+0000] {dag.py:4138} INFO - Setting next_dagrun for basoperator to 2024-08-24 00:00:00+00:00, run_after=2024-08-25 00:00:00+00:00
[2024-09-01T23:22:27.030+0000] {processor.py:208} INFO - Processing /opt/airflow/dags/1-bashoperator.py took 0.227 seconds
[2024-09-01T23:22:57.867+0000] {processor.py:186} INFO - Started process (PID=283) to work on /opt/airflow/dags/1-bashoperator.py
[2024-09-01T23:22:57.869+0000] {processor.py:914} INFO - Processing file /opt/airflow/dags/1-bashoperator.py for tasks to queue
[2024-09-01T23:22:57.873+0000] {logging_mixin.py:190} INFO - [2024-09-01T23:22:57.873+0000] {dagbag.py:587} INFO - Filling up the DagBag from /opt/airflow/dags/1-bashoperator.py
[2024-09-01T23:22:57.887+0000] {processor.py:925} INFO - DAG(s) 'basoperator' retrieved from /opt/airflow/dags/1-bashoperator.py
[2024-09-01T23:22:57.933+0000] {logging_mixin.py:190} INFO - [2024-09-01T23:22:57.933+0000] {dag.py:3211} INFO - Sync 1 DAGs
[2024-09-01T23:22:57.983+0000] {logging_mixin.py:190} INFO - [2024-09-01T23:22:57.983+0000] {dag.py:4138} INFO - Setting next_dagrun for basoperator to 2024-08-24 00:00:00+00:00, run_after=2024-08-25 00:00:00+00:00
[2024-09-01T23:22:58.015+0000] {processor.py:208} INFO - Processing /opt/airflow/dags/1-bashoperator.py took 0.157 seconds
[2024-09-01T23:23:28.541+0000] {processor.py:186} INFO - Started process (PID=295) to work on /opt/airflow/dags/1-bashoperator.py
[2024-09-01T23:23:28.542+0000] {processor.py:914} INFO - Processing file /opt/airflow/dags/1-bashoperator.py for tasks to queue
[2024-09-01T23:23:28.545+0000] {logging_mixin.py:190} INFO - [2024-09-01T23:23:28.545+0000] {dagbag.py:587} INFO - Filling up the DagBag from /opt/airflow/dags/1-bashoperator.py
[2024-09-01T23:23:28.560+0000] {processor.py:925} INFO - DAG(s) 'basoperator' retrieved from /opt/airflow/dags/1-bashoperator.py
[2024-09-01T23:23:28.614+0000] {logging_mixin.py:190} INFO - [2024-09-01T23:23:28.614+0000] {dag.py:3211} INFO - Sync 1 DAGs
[2024-09-01T23:23:28.677+0000] {logging_mixin.py:190} INFO - [2024-09-01T23:23:28.676+0000] {dag.py:4138} INFO - Setting next_dagrun for basoperator to 2024-08-24 00:00:00+00:00, run_after=2024-08-25 00:00:00+00:00
[2024-09-01T23:23:28.720+0000] {processor.py:208} INFO - Processing /opt/airflow/dags/1-bashoperator.py took 0.189 seconds
[2024-09-01T23:23:59.482+0000] {processor.py:186} INFO - Started process (PID=307) to work on /opt/airflow/dags/1-bashoperator.py
[2024-09-01T23:23:59.504+0000] {processor.py:914} INFO - Processing file /opt/airflow/dags/1-bashoperator.py for tasks to queue
[2024-09-01T23:23:59.510+0000] {logging_mixin.py:190} INFO - [2024-09-01T23:23:59.509+0000] {dagbag.py:587} INFO - Filling up the DagBag from /opt/airflow/dags/1-bashoperator.py
[2024-09-01T23:23:59.532+0000] {processor.py:925} INFO - DAG(s) 'basoperator' retrieved from /opt/airflow/dags/1-bashoperator.py
[2024-09-01T23:23:59.590+0000] {logging_mixin.py:190} INFO - [2024-09-01T23:23:59.589+0000] {dag.py:3211} INFO - Sync 1 DAGs
[2024-09-01T23:23:59.651+0000] {logging_mixin.py:190} INFO - [2024-09-01T23:23:59.651+0000] {dag.py:4138} INFO - Setting next_dagrun for basoperator to 2024-08-24 00:00:00+00:00, run_after=2024-08-25 00:00:00+00:00
[2024-09-01T23:23:59.683+0000] {processor.py:208} INFO - Processing /opt/airflow/dags/1-bashoperator.py took 0.218 seconds
[2024-09-01T23:24:30.133+0000] {processor.py:186} INFO - Started process (PID=319) to work on /opt/airflow/dags/1-bashoperator.py
[2024-09-01T23:24:30.134+0000] {processor.py:914} INFO - Processing file /opt/airflow/dags/1-bashoperator.py for tasks to queue
[2024-09-01T23:24:30.137+0000] {logging_mixin.py:190} INFO - [2024-09-01T23:24:30.136+0000] {dagbag.py:587} INFO - Filling up the DagBag from /opt/airflow/dags/1-bashoperator.py
[2024-09-01T23:24:30.151+0000] {processor.py:925} INFO - DAG(s) 'basoperator' retrieved from /opt/airflow/dags/1-bashoperator.py
[2024-09-01T23:24:30.192+0000] {logging_mixin.py:190} INFO - [2024-09-01T23:24:30.192+0000] {dag.py:3211} INFO - Sync 1 DAGs
[2024-09-01T23:24:30.230+0000] {logging_mixin.py:190} INFO - [2024-09-01T23:24:30.229+0000] {dag.py:4138} INFO - Setting next_dagrun for basoperator to 2024-08-24 00:00:00+00:00, run_after=2024-08-25 00:00:00+00:00
[2024-09-01T23:24:30.258+0000] {processor.py:208} INFO - Processing /opt/airflow/dags/1-bashoperator.py took 0.135 seconds
[2024-09-01T23:25:00.896+0000] {processor.py:186} INFO - Started process (PID=331) to work on /opt/airflow/dags/1-bashoperator.py
[2024-09-01T23:25:00.929+0000] {processor.py:914} INFO - Processing file /opt/airflow/dags/1-bashoperator.py for tasks to queue
[2024-09-01T23:25:00.933+0000] {logging_mixin.py:190} INFO - [2024-09-01T23:25:00.933+0000] {dagbag.py:587} INFO - Filling up the DagBag from /opt/airflow/dags/1-bashoperator.py
[2024-09-01T23:25:00.948+0000] {processor.py:925} INFO - DAG(s) 'basoperator' retrieved from /opt/airflow/dags/1-bashoperator.py
[2024-09-01T23:25:00.989+0000] {logging_mixin.py:190} INFO - [2024-09-01T23:25:00.989+0000] {dag.py:3211} INFO - Sync 1 DAGs
[2024-09-01T23:25:01.030+0000] {logging_mixin.py:190} INFO - [2024-09-01T23:25:01.030+0000] {dag.py:4138} INFO - Setting next_dagrun for basoperator to 2024-08-24 00:00:00+00:00, run_after=2024-08-25 00:00:00+00:00
[2024-09-01T23:25:01.064+0000] {processor.py:208} INFO - Processing /opt/airflow/dags/1-bashoperator.py took 0.184 seconds
[2024-09-01T23:25:31.851+0000] {processor.py:186} INFO - Started process (PID=343) to work on /opt/airflow/dags/1-bashoperator.py
[2024-09-01T23:25:31.852+0000] {processor.py:914} INFO - Processing file /opt/airflow/dags/1-bashoperator.py for tasks to queue
[2024-09-01T23:25:31.855+0000] {logging_mixin.py:190} INFO - [2024-09-01T23:25:31.855+0000] {dagbag.py:587} INFO - Filling up the DagBag from /opt/airflow/dags/1-bashoperator.py
[2024-09-01T23:25:31.873+0000] {processor.py:925} INFO - DAG(s) 'basoperator' retrieved from /opt/airflow/dags/1-bashoperator.py
[2024-09-01T23:25:31.938+0000] {logging_mixin.py:190} INFO - [2024-09-01T23:25:31.937+0000] {dag.py:3211} INFO - Sync 1 DAGs
[2024-09-01T23:25:32.001+0000] {logging_mixin.py:190} INFO - [2024-09-01T23:25:32.000+0000] {dag.py:4138} INFO - Setting next_dagrun for basoperator to 2024-08-24 00:00:00+00:00, run_after=2024-08-25 00:00:00+00:00
[2024-09-01T23:25:32.035+0000] {processor.py:208} INFO - Processing /opt/airflow/dags/1-bashoperator.py took 0.194 seconds
[2024-09-01T23:26:03.112+0000] {processor.py:186} INFO - Started process (PID=355) to work on /opt/airflow/dags/1-bashoperator.py
[2024-09-01T23:26:03.173+0000] {processor.py:914} INFO - Processing file /opt/airflow/dags/1-bashoperator.py for tasks to queue
[2024-09-01T23:26:03.182+0000] {logging_mixin.py:190} INFO - [2024-09-01T23:26:03.181+0000] {dagbag.py:587} INFO - Filling up the DagBag from /opt/airflow/dags/1-bashoperator.py
[2024-09-01T23:26:03.238+0000] {processor.py:925} INFO - DAG(s) 'basoperator' retrieved from /opt/airflow/dags/1-bashoperator.py
[2024-09-01T23:26:03.319+0000] {logging_mixin.py:190} INFO - [2024-09-01T23:26:03.319+0000] {dag.py:3211} INFO - Sync 1 DAGs
[2024-09-01T23:26:03.383+0000] {logging_mixin.py:190} INFO - [2024-09-01T23:26:03.383+0000] {dag.py:4138} INFO - Setting next_dagrun for basoperator to 2024-08-24 00:00:00+00:00, run_after=2024-08-25 00:00:00+00:00
[2024-09-01T23:26:03.437+0000] {processor.py:208} INFO - Processing /opt/airflow/dags/1-bashoperator.py took 0.359 seconds
[2024-09-01T23:26:33.495+0000] {processor.py:186} INFO - Started process (PID=366) to work on /opt/airflow/dags/1-bashoperator.py
[2024-09-01T23:26:33.644+0000] {processor.py:914} INFO - Processing file /opt/airflow/dags/1-bashoperator.py for tasks to queue
[2024-09-01T23:26:33.648+0000] {logging_mixin.py:190} INFO - [2024-09-01T23:26:33.648+0000] {dagbag.py:587} INFO - Filling up the DagBag from /opt/airflow/dags/1-bashoperator.py
[2024-09-01T23:26:33.661+0000] {processor.py:925} INFO - DAG(s) 'basoperator' retrieved from /opt/airflow/dags/1-bashoperator.py
[2024-09-01T23:26:33.699+0000] {logging_mixin.py:190} INFO - [2024-09-01T23:26:33.698+0000] {dag.py:3211} INFO - Sync 1 DAGs
[2024-09-01T23:26:33.735+0000] {logging_mixin.py:190} INFO - [2024-09-01T23:26:33.735+0000] {dag.py:4138} INFO - Setting next_dagrun for basoperator to 2024-08-24 00:00:00+00:00, run_after=2024-08-25 00:00:00+00:00
[2024-09-01T23:26:33.760+0000] {processor.py:208} INFO - Processing /opt/airflow/dags/1-bashoperator.py took 0.276 seconds
[2024-09-01T23:27:04.453+0000] {processor.py:186} INFO - Started process (PID=378) to work on /opt/airflow/dags/1-bashoperator.py
[2024-09-01T23:27:04.476+0000] {processor.py:914} INFO - Processing file /opt/airflow/dags/1-bashoperator.py for tasks to queue
[2024-09-01T23:27:04.480+0000] {logging_mixin.py:190} INFO - [2024-09-01T23:27:04.479+0000] {dagbag.py:587} INFO - Filling up the DagBag from /opt/airflow/dags/1-bashoperator.py
[2024-09-01T23:27:04.497+0000] {processor.py:925} INFO - DAG(s) 'basoperator' retrieved from /opt/airflow/dags/1-bashoperator.py
[2024-09-01T23:27:04.538+0000] {logging_mixin.py:190} INFO - [2024-09-01T23:27:04.538+0000] {dag.py:3211} INFO - Sync 1 DAGs
[2024-09-01T23:27:04.577+0000] {logging_mixin.py:190} INFO - [2024-09-01T23:27:04.577+0000] {dag.py:4138} INFO - Setting next_dagrun for basoperator to 2024-08-24 00:00:00+00:00, run_after=2024-08-25 00:00:00+00:00
[2024-09-01T23:27:04.610+0000] {processor.py:208} INFO - Processing /opt/airflow/dags/1-bashoperator.py took 0.170 seconds
[2024-09-01T23:27:35.151+0000] {processor.py:186} INFO - Started process (PID=390) to work on /opt/airflow/dags/1-bashoperator.py
[2024-09-01T23:27:35.167+0000] {processor.py:914} INFO - Processing file /opt/airflow/dags/1-bashoperator.py for tasks to queue
[2024-09-01T23:27:35.171+0000] {logging_mixin.py:190} INFO - [2024-09-01T23:27:35.170+0000] {dagbag.py:587} INFO - Filling up the DagBag from /opt/airflow/dags/1-bashoperator.py
[2024-09-01T23:27:35.184+0000] {processor.py:925} INFO - DAG(s) 'basoperator' retrieved from /opt/airflow/dags/1-bashoperator.py
[2024-09-01T23:27:35.221+0000] {logging_mixin.py:190} INFO - [2024-09-01T23:27:35.220+0000] {dag.py:3211} INFO - Sync 1 DAGs
[2024-09-01T23:27:35.274+0000] {logging_mixin.py:190} INFO - [2024-09-01T23:27:35.273+0000] {dag.py:4138} INFO - Setting next_dagrun for basoperator to 2024-08-24 00:00:00+00:00, run_after=2024-08-25 00:00:00+00:00
[2024-09-01T23:27:35.304+0000] {processor.py:208} INFO - Processing /opt/airflow/dags/1-bashoperator.py took 0.167 seconds
[2024-09-01T23:28:05.918+0000] {processor.py:186} INFO - Started process (PID=402) to work on /opt/airflow/dags/1-bashoperator.py
[2024-09-01T23:28:05.936+0000] {processor.py:914} INFO - Processing file /opt/airflow/dags/1-bashoperator.py for tasks to queue
[2024-09-01T23:28:05.940+0000] {logging_mixin.py:190} INFO - [2024-09-01T23:28:05.939+0000] {dagbag.py:587} INFO - Filling up the DagBag from /opt/airflow/dags/1-bashoperator.py
[2024-09-01T23:28:05.955+0000] {processor.py:925} INFO - DAG(s) 'basoperator' retrieved from /opt/airflow/dags/1-bashoperator.py
[2024-09-01T23:28:05.996+0000] {logging_mixin.py:190} INFO - [2024-09-01T23:28:05.996+0000] {dag.py:3211} INFO - Sync 1 DAGs
[2024-09-01T23:28:06.049+0000] {logging_mixin.py:190} INFO - [2024-09-01T23:28:06.049+0000] {dag.py:4138} INFO - Setting next_dagrun for basoperator to 2024-08-24 00:00:00+00:00, run_after=2024-08-25 00:00:00+00:00
[2024-09-01T23:28:06.084+0000] {processor.py:208} INFO - Processing /opt/airflow/dags/1-bashoperator.py took 0.175 seconds
[2024-09-01T23:28:37.022+0000] {processor.py:186} INFO - Started process (PID=413) to work on /opt/airflow/dags/1-bashoperator.py
[2024-09-01T23:28:37.038+0000] {processor.py:914} INFO - Processing file /opt/airflow/dags/1-bashoperator.py for tasks to queue
[2024-09-01T23:28:37.045+0000] {logging_mixin.py:190} INFO - [2024-09-01T23:28:37.044+0000] {dagbag.py:587} INFO - Filling up the DagBag from /opt/airflow/dags/1-bashoperator.py
[2024-09-01T23:28:37.067+0000] {processor.py:925} INFO - DAG(s) 'basoperator' retrieved from /opt/airflow/dags/1-bashoperator.py
[2024-09-01T23:28:37.131+0000] {logging_mixin.py:190} INFO - [2024-09-01T23:28:37.130+0000] {dag.py:3211} INFO - Sync 1 DAGs
[2024-09-01T23:28:37.207+0000] {logging_mixin.py:190} INFO - [2024-09-01T23:28:37.207+0000] {dag.py:4138} INFO - Setting next_dagrun for basoperator to 2024-08-24 00:00:00+00:00, run_after=2024-08-25 00:00:00+00:00
[2024-09-01T23:28:37.250+0000] {processor.py:208} INFO - Processing /opt/airflow/dags/1-bashoperator.py took 0.259 seconds
[2024-09-01T23:29:07.405+0000] {processor.py:186} INFO - Started process (PID=426) to work on /opt/airflow/dags/1-bashoperator.py
[2024-09-01T23:29:07.430+0000] {processor.py:914} INFO - Processing file /opt/airflow/dags/1-bashoperator.py for tasks to queue
[2024-09-01T23:29:07.434+0000] {logging_mixin.py:190} INFO - [2024-09-01T23:29:07.433+0000] {dagbag.py:587} INFO - Filling up the DagBag from /opt/airflow/dags/1-bashoperator.py
[2024-09-01T23:29:07.454+0000] {processor.py:925} INFO - DAG(s) 'basoperator' retrieved from /opt/airflow/dags/1-bashoperator.py
[2024-09-01T23:29:07.510+0000] {logging_mixin.py:190} INFO - [2024-09-01T23:29:07.509+0000] {dag.py:3211} INFO - Sync 1 DAGs
[2024-09-01T23:29:07.563+0000] {logging_mixin.py:190} INFO - [2024-09-01T23:29:07.562+0000] {dag.py:4138} INFO - Setting next_dagrun for basoperator to 2024-08-24 00:00:00+00:00, run_after=2024-08-25 00:00:00+00:00
[2024-09-01T23:29:07.590+0000] {processor.py:208} INFO - Processing /opt/airflow/dags/1-bashoperator.py took 0.199 seconds
[2024-09-01T23:29:38.346+0000] {processor.py:186} INFO - Started process (PID=437) to work on /opt/airflow/dags/1-bashoperator.py
[2024-09-01T23:29:38.365+0000] {processor.py:914} INFO - Processing file /opt/airflow/dags/1-bashoperator.py for tasks to queue
[2024-09-01T23:29:38.370+0000] {logging_mixin.py:190} INFO - [2024-09-01T23:29:38.369+0000] {dagbag.py:587} INFO - Filling up the DagBag from /opt/airflow/dags/1-bashoperator.py
[2024-09-01T23:29:38.391+0000] {processor.py:925} INFO - DAG(s) 'basoperator' retrieved from /opt/airflow/dags/1-bashoperator.py
[2024-09-01T23:29:38.448+0000] {logging_mixin.py:190} INFO - [2024-09-01T23:29:38.447+0000] {dag.py:3211} INFO - Sync 1 DAGs
[2024-09-01T23:29:38.508+0000] {logging_mixin.py:190} INFO - [2024-09-01T23:29:38.508+0000] {dag.py:4138} INFO - Setting next_dagrun for basoperator to 2024-08-24 00:00:00+00:00, run_after=2024-08-25 00:00:00+00:00
[2024-09-01T23:29:38.546+0000] {processor.py:208} INFO - Processing /opt/airflow/dags/1-bashoperator.py took 0.216 seconds
[2024-09-01T23:30:09.310+0000] {processor.py:186} INFO - Started process (PID=449) to work on /opt/airflow/dags/1-bashoperator.py
[2024-09-01T23:30:09.322+0000] {processor.py:914} INFO - Processing file /opt/airflow/dags/1-bashoperator.py for tasks to queue
[2024-09-01T23:30:09.327+0000] {logging_mixin.py:190} INFO - [2024-09-01T23:30:09.326+0000] {dagbag.py:587} INFO - Filling up the DagBag from /opt/airflow/dags/1-bashoperator.py
[2024-09-01T23:30:09.342+0000] {processor.py:925} INFO - DAG(s) 'basoperator' retrieved from /opt/airflow/dags/1-bashoperator.py
[2024-09-01T23:30:09.397+0000] {logging_mixin.py:190} INFO - [2024-09-01T23:30:09.396+0000] {dag.py:3211} INFO - Sync 1 DAGs
[2024-09-01T23:30:09.455+0000] {logging_mixin.py:190} INFO - [2024-09-01T23:30:09.455+0000] {dag.py:4138} INFO - Setting next_dagrun for basoperator to 2024-08-24 00:00:00+00:00, run_after=2024-08-25 00:00:00+00:00
[2024-09-01T23:30:09.486+0000] {processor.py:208} INFO - Processing /opt/airflow/dags/1-bashoperator.py took 0.188 seconds
[2024-09-01T23:30:40.185+0000] {processor.py:186} INFO - Started process (PID=461) to work on /opt/airflow/dags/1-bashoperator.py
[2024-09-01T23:30:40.186+0000] {processor.py:914} INFO - Processing file /opt/airflow/dags/1-bashoperator.py for tasks to queue
[2024-09-01T23:30:40.190+0000] {logging_mixin.py:190} INFO - [2024-09-01T23:30:40.189+0000] {dagbag.py:587} INFO - Filling up the DagBag from /opt/airflow/dags/1-bashoperator.py
[2024-09-01T23:30:40.205+0000] {processor.py:925} INFO - DAG(s) 'basoperator' retrieved from /opt/airflow/dags/1-bashoperator.py
[2024-09-01T23:30:40.255+0000] {logging_mixin.py:190} INFO - [2024-09-01T23:30:40.254+0000] {dag.py:3211} INFO - Sync 1 DAGs
[2024-09-01T23:30:40.294+0000] {logging_mixin.py:190} INFO - [2024-09-01T23:30:40.294+0000] {dag.py:4138} INFO - Setting next_dagrun for basoperator to 2024-08-24 00:00:00+00:00, run_after=2024-08-25 00:00:00+00:00
[2024-09-01T23:30:40.322+0000] {processor.py:208} INFO - Processing /opt/airflow/dags/1-bashoperator.py took 0.149 seconds
[2024-09-01T23:31:10.845+0000] {processor.py:186} INFO - Started process (PID=473) to work on /opt/airflow/dags/1-bashoperator.py
[2024-09-01T23:31:10.847+0000] {processor.py:914} INFO - Processing file /opt/airflow/dags/1-bashoperator.py for tasks to queue
[2024-09-01T23:31:10.850+0000] {logging_mixin.py:190} INFO - [2024-09-01T23:31:10.850+0000] {dagbag.py:587} INFO - Filling up the DagBag from /opt/airflow/dags/1-bashoperator.py
[2024-09-01T23:31:10.864+0000] {processor.py:925} INFO - DAG(s) 'basoperator' retrieved from /opt/airflow/dags/1-bashoperator.py
[2024-09-01T23:31:10.918+0000] {logging_mixin.py:190} INFO - [2024-09-01T23:31:10.917+0000] {dag.py:3211} INFO - Sync 1 DAGs
[2024-09-01T23:31:10.958+0000] {logging_mixin.py:190} INFO - [2024-09-01T23:31:10.958+0000] {dag.py:4138} INFO - Setting next_dagrun for basoperator to 2024-08-24 00:00:00+00:00, run_after=2024-08-25 00:00:00+00:00
[2024-09-01T23:31:10.991+0000] {processor.py:208} INFO - Processing /opt/airflow/dags/1-bashoperator.py took 0.156 seconds
[2024-09-01T23:31:41.925+0000] {processor.py:186} INFO - Started process (PID=485) to work on /opt/airflow/dags/1-bashoperator.py
[2024-09-01T23:31:41.937+0000] {processor.py:914} INFO - Processing file /opt/airflow/dags/1-bashoperator.py for tasks to queue
[2024-09-01T23:31:41.942+0000] {logging_mixin.py:190} INFO - [2024-09-01T23:31:41.941+0000] {dagbag.py:587} INFO - Filling up the DagBag from /opt/airflow/dags/1-bashoperator.py
[2024-09-01T23:31:41.969+0000] {processor.py:925} INFO - DAG(s) 'basoperator' retrieved from /opt/airflow/dags/1-bashoperator.py
[2024-09-01T23:31:42.038+0000] {logging_mixin.py:190} INFO - [2024-09-01T23:31:42.037+0000] {dag.py:3211} INFO - Sync 1 DAGs
[2024-09-01T23:31:42.108+0000] {logging_mixin.py:190} INFO - [2024-09-01T23:31:42.108+0000] {dag.py:4138} INFO - Setting next_dagrun for basoperator to 2024-08-24 00:00:00+00:00, run_after=2024-08-25 00:00:00+00:00
[2024-09-01T23:31:42.151+0000] {processor.py:208} INFO - Processing /opt/airflow/dags/1-bashoperator.py took 0.242 seconds
[2024-09-01T23:32:12.200+0000] {processor.py:186} INFO - Started process (PID=497) to work on /opt/airflow/dags/1-bashoperator.py
[2024-09-01T23:32:12.202+0000] {processor.py:914} INFO - Processing file /opt/airflow/dags/1-bashoperator.py for tasks to queue
[2024-09-01T23:32:12.206+0000] {logging_mixin.py:190} INFO - [2024-09-01T23:32:12.205+0000] {dagbag.py:587} INFO - Filling up the DagBag from /opt/airflow/dags/1-bashoperator.py
[2024-09-01T23:32:12.225+0000] {processor.py:925} INFO - DAG(s) 'basoperator' retrieved from /opt/airflow/dags/1-bashoperator.py
[2024-09-01T23:32:12.283+0000] {logging_mixin.py:190} INFO - [2024-09-01T23:32:12.282+0000] {dag.py:3211} INFO - Sync 1 DAGs
[2024-09-01T23:32:12.340+0000] {logging_mixin.py:190} INFO - [2024-09-01T23:32:12.339+0000] {dag.py:4138} INFO - Setting next_dagrun for basoperator to 2024-08-24 00:00:00+00:00, run_after=2024-08-25 00:00:00+00:00
[2024-09-01T23:32:12.374+0000] {processor.py:208} INFO - Processing /opt/airflow/dags/1-bashoperator.py took 0.184 seconds
[2024-09-01T23:32:42.555+0000] {processor.py:186} INFO - Started process (PID=509) to work on /opt/airflow/dags/1-bashoperator.py
[2024-09-01T23:32:42.577+0000] {processor.py:914} INFO - Processing file /opt/airflow/dags/1-bashoperator.py for tasks to queue
[2024-09-01T23:32:42.583+0000] {logging_mixin.py:190} INFO - [2024-09-01T23:32:42.582+0000] {dagbag.py:587} INFO - Filling up the DagBag from /opt/airflow/dags/1-bashoperator.py
[2024-09-01T23:32:42.604+0000] {processor.py:925} INFO - DAG(s) 'basoperator' retrieved from /opt/airflow/dags/1-bashoperator.py
[2024-09-01T23:32:42.651+0000] {logging_mixin.py:190} INFO - [2024-09-01T23:32:42.650+0000] {dag.py:3211} INFO - Sync 1 DAGs
[2024-09-01T23:32:42.707+0000] {logging_mixin.py:190} INFO - [2024-09-01T23:32:42.706+0000] {dag.py:4138} INFO - Setting next_dagrun for basoperator to 2024-08-24 00:00:00+00:00, run_after=2024-08-25 00:00:00+00:00
[2024-09-01T23:32:42.747+0000] {processor.py:208} INFO - Processing /opt/airflow/dags/1-bashoperator.py took 0.207 seconds
[2024-09-01T23:33:12.874+0000] {processor.py:186} INFO - Started process (PID=521) to work on /opt/airflow/dags/1-bashoperator.py
[2024-09-01T23:33:12.890+0000] {processor.py:914} INFO - Processing file /opt/airflow/dags/1-bashoperator.py for tasks to queue
[2024-09-01T23:33:12.895+0000] {logging_mixin.py:190} INFO - [2024-09-01T23:33:12.894+0000] {dagbag.py:587} INFO - Filling up the DagBag from /opt/airflow/dags/1-bashoperator.py
[2024-09-01T23:33:12.934+0000] {processor.py:925} INFO - DAG(s) 'basoperator' retrieved from /opt/airflow/dags/1-bashoperator.py
[2024-09-01T23:33:12.988+0000] {logging_mixin.py:190} INFO - [2024-09-01T23:33:12.987+0000] {dag.py:3211} INFO - Sync 1 DAGs
[2024-09-01T23:33:13.060+0000] {logging_mixin.py:190} INFO - [2024-09-01T23:33:13.060+0000] {dag.py:4138} INFO - Setting next_dagrun for basoperator to 2024-08-24 00:00:00+00:00, run_after=2024-08-25 00:00:00+00:00
[2024-09-01T23:33:13.102+0000] {processor.py:208} INFO - Processing /opt/airflow/dags/1-bashoperator.py took 0.243 seconds
[2024-09-01T23:33:43.401+0000] {processor.py:186} INFO - Started process (PID=533) to work on /opt/airflow/dags/1-bashoperator.py
[2024-09-01T23:33:43.426+0000] {processor.py:914} INFO - Processing file /opt/airflow/dags/1-bashoperator.py for tasks to queue
[2024-09-01T23:33:43.431+0000] {logging_mixin.py:190} INFO - [2024-09-01T23:33:43.430+0000] {dagbag.py:587} INFO - Filling up the DagBag from /opt/airflow/dags/1-bashoperator.py
[2024-09-01T23:33:43.453+0000] {processor.py:925} INFO - DAG(s) 'basoperator' retrieved from /opt/airflow/dags/1-bashoperator.py
[2024-09-01T23:33:43.514+0000] {logging_mixin.py:190} INFO - [2024-09-01T23:33:43.514+0000] {dag.py:3211} INFO - Sync 1 DAGs
[2024-09-01T23:33:43.575+0000] {logging_mixin.py:190} INFO - [2024-09-01T23:33:43.574+0000] {dag.py:4138} INFO - Setting next_dagrun for basoperator to 2024-08-24 00:00:00+00:00, run_after=2024-08-25 00:00:00+00:00
[2024-09-01T23:33:43.619+0000] {processor.py:208} INFO - Processing /opt/airflow/dags/1-bashoperator.py took 0.237 seconds
[2024-09-01T23:34:14.158+0000] {processor.py:186} INFO - Started process (PID=544) to work on /opt/airflow/dags/1-bashoperator.py
[2024-09-01T23:34:14.178+0000] {processor.py:914} INFO - Processing file /opt/airflow/dags/1-bashoperator.py for tasks to queue
[2024-09-01T23:34:14.184+0000] {logging_mixin.py:190} INFO - [2024-09-01T23:34:14.182+0000] {dagbag.py:587} INFO - Filling up the DagBag from /opt/airflow/dags/1-bashoperator.py
[2024-09-01T23:34:14.220+0000] {processor.py:925} INFO - DAG(s) 'basoperator' retrieved from /opt/airflow/dags/1-bashoperator.py
[2024-09-01T23:34:14.287+0000] {logging_mixin.py:190} INFO - [2024-09-01T23:34:14.286+0000] {dag.py:3211} INFO - Sync 1 DAGs
[2024-09-01T23:34:14.365+0000] {logging_mixin.py:190} INFO - [2024-09-01T23:34:14.364+0000] {dag.py:4138} INFO - Setting next_dagrun for basoperator to 2024-08-24 00:00:00+00:00, run_after=2024-08-25 00:00:00+00:00
[2024-09-01T23:34:14.414+0000] {processor.py:208} INFO - Processing /opt/airflow/dags/1-bashoperator.py took 0.277 seconds
[2024-09-01T23:34:44.566+0000] {processor.py:186} INFO - Started process (PID=556) to work on /opt/airflow/dags/1-bashoperator.py
[2024-09-01T23:34:44.593+0000] {processor.py:914} INFO - Processing file /opt/airflow/dags/1-bashoperator.py for tasks to queue
[2024-09-01T23:34:44.604+0000] {logging_mixin.py:190} INFO - [2024-09-01T23:34:44.603+0000] {dagbag.py:587} INFO - Filling up the DagBag from /opt/airflow/dags/1-bashoperator.py
[2024-09-01T23:34:44.629+0000] {processor.py:925} INFO - DAG(s) 'basoperator' retrieved from /opt/airflow/dags/1-bashoperator.py
[2024-09-01T23:34:44.732+0000] {logging_mixin.py:190} INFO - [2024-09-01T23:34:44.732+0000] {dag.py:3211} INFO - Sync 1 DAGs
[2024-09-01T23:34:44.816+0000] {logging_mixin.py:190} INFO - [2024-09-01T23:34:44.816+0000] {dag.py:4138} INFO - Setting next_dagrun for basoperator to 2024-08-24 00:00:00+00:00, run_after=2024-08-25 00:00:00+00:00
[2024-09-01T23:34:44.866+0000] {processor.py:208} INFO - Processing /opt/airflow/dags/1-bashoperator.py took 0.318 seconds
[2024-09-01T23:35:14.970+0000] {processor.py:186} INFO - Started process (PID=568) to work on /opt/airflow/dags/1-bashoperator.py
[2024-09-01T23:35:14.983+0000] {processor.py:914} INFO - Processing file /opt/airflow/dags/1-bashoperator.py for tasks to queue
[2024-09-01T23:35:14.987+0000] {logging_mixin.py:190} INFO - [2024-09-01T23:35:14.986+0000] {dagbag.py:587} INFO - Filling up the DagBag from /opt/airflow/dags/1-bashoperator.py
[2024-09-01T23:35:15.003+0000] {processor.py:925} INFO - DAG(s) 'basoperator' retrieved from /opt/airflow/dags/1-bashoperator.py
[2024-09-01T23:35:15.056+0000] {logging_mixin.py:190} INFO - [2024-09-01T23:35:15.055+0000] {dag.py:3211} INFO - Sync 1 DAGs
[2024-09-01T23:35:15.125+0000] {logging_mixin.py:190} INFO - [2024-09-01T23:35:15.124+0000] {dag.py:4138} INFO - Setting next_dagrun for basoperator to 2024-08-24 00:00:00+00:00, run_after=2024-08-25 00:00:00+00:00
[2024-09-01T23:35:15.162+0000] {processor.py:208} INFO - Processing /opt/airflow/dags/1-bashoperator.py took 0.205 seconds
[2024-09-01T23:35:45.652+0000] {processor.py:186} INFO - Started process (PID=580) to work on /opt/airflow/dags/1-bashoperator.py
[2024-09-01T23:35:45.818+0000] {processor.py:914} INFO - Processing file /opt/airflow/dags/1-bashoperator.py for tasks to queue
[2024-09-01T23:35:45.823+0000] {logging_mixin.py:190} INFO - [2024-09-01T23:35:45.822+0000] {dagbag.py:587} INFO - Filling up the DagBag from /opt/airflow/dags/1-bashoperator.py
[2024-09-01T23:35:45.848+0000] {processor.py:925} INFO - DAG(s) 'basoperator' retrieved from /opt/airflow/dags/1-bashoperator.py
[2024-09-01T23:35:45.915+0000] {logging_mixin.py:190} INFO - [2024-09-01T23:35:45.914+0000] {dag.py:3211} INFO - Sync 1 DAGs
[2024-09-01T23:35:45.984+0000] {logging_mixin.py:190} INFO - [2024-09-01T23:35:45.983+0000] {dag.py:4138} INFO - Setting next_dagrun for basoperator to 2024-08-24 00:00:00+00:00, run_after=2024-08-25 00:00:00+00:00
[2024-09-01T23:35:46.044+0000] {processor.py:208} INFO - Processing /opt/airflow/dags/1-bashoperator.py took 0.419 seconds
[2024-09-01T23:36:16.716+0000] {processor.py:186} INFO - Started process (PID=592) to work on /opt/airflow/dags/1-bashoperator.py
[2024-09-01T23:36:16.728+0000] {processor.py:914} INFO - Processing file /opt/airflow/dags/1-bashoperator.py for tasks to queue
[2024-09-01T23:36:16.734+0000] {logging_mixin.py:190} INFO - [2024-09-01T23:36:16.733+0000] {dagbag.py:587} INFO - Filling up the DagBag from /opt/airflow/dags/1-bashoperator.py
[2024-09-01T23:36:16.761+0000] {processor.py:925} INFO - DAG(s) 'basoperator' retrieved from /opt/airflow/dags/1-bashoperator.py
[2024-09-01T23:36:16.830+0000] {logging_mixin.py:190} INFO - [2024-09-01T23:36:16.829+0000] {dag.py:3211} INFO - Sync 1 DAGs
[2024-09-01T23:36:16.888+0000] {logging_mixin.py:190} INFO - [2024-09-01T23:36:16.887+0000] {dag.py:4138} INFO - Setting next_dagrun for basoperator to 2024-08-24 00:00:00+00:00, run_after=2024-08-25 00:00:00+00:00
[2024-09-01T23:36:16.925+0000] {processor.py:208} INFO - Processing /opt/airflow/dags/1-bashoperator.py took 0.240 seconds
[2024-09-01T23:36:47.059+0000] {processor.py:186} INFO - Started process (PID=604) to work on /opt/airflow/dags/1-bashoperator.py
[2024-09-01T23:36:47.076+0000] {processor.py:914} INFO - Processing file /opt/airflow/dags/1-bashoperator.py for tasks to queue
[2024-09-01T23:36:47.086+0000] {logging_mixin.py:190} INFO - [2024-09-01T23:36:47.081+0000] {dagbag.py:587} INFO - Filling up the DagBag from /opt/airflow/dags/1-bashoperator.py
[2024-09-01T23:36:47.106+0000] {processor.py:925} INFO - DAG(s) 'basoperator' retrieved from /opt/airflow/dags/1-bashoperator.py
[2024-09-01T23:36:47.154+0000] {logging_mixin.py:190} INFO - [2024-09-01T23:36:47.153+0000] {dag.py:3211} INFO - Sync 1 DAGs
[2024-09-01T23:36:47.208+0000] {logging_mixin.py:190} INFO - [2024-09-01T23:36:47.207+0000] {dag.py:4138} INFO - Setting next_dagrun for basoperator to 2024-08-24 00:00:00+00:00, run_after=2024-08-25 00:00:00+00:00
[2024-09-01T23:36:47.249+0000] {processor.py:208} INFO - Processing /opt/airflow/dags/1-bashoperator.py took 0.203 seconds
[2024-09-01T23:37:17.426+0000] {processor.py:186} INFO - Started process (PID=616) to work on /opt/airflow/dags/1-bashoperator.py
[2024-09-01T23:37:17.457+0000] {processor.py:914} INFO - Processing file /opt/airflow/dags/1-bashoperator.py for tasks to queue
[2024-09-01T23:37:17.462+0000] {logging_mixin.py:190} INFO - [2024-09-01T23:37:17.462+0000] {dagbag.py:587} INFO - Filling up the DagBag from /opt/airflow/dags/1-bashoperator.py
[2024-09-01T23:37:17.482+0000] {processor.py:925} INFO - DAG(s) 'basoperator' retrieved from /opt/airflow/dags/1-bashoperator.py
[2024-09-01T23:37:17.546+0000] {logging_mixin.py:190} INFO - [2024-09-01T23:37:17.545+0000] {dag.py:3211} INFO - Sync 1 DAGs
[2024-09-01T23:37:17.612+0000] {logging_mixin.py:190} INFO - [2024-09-01T23:37:17.611+0000] {dag.py:4138} INFO - Setting next_dagrun for basoperator to 2024-08-24 00:00:00+00:00, run_after=2024-08-25 00:00:00+00:00
[2024-09-01T23:37:17.652+0000] {processor.py:208} INFO - Processing /opt/airflow/dags/1-bashoperator.py took 0.241 seconds
[2024-09-01T23:37:48.095+0000] {processor.py:186} INFO - Started process (PID=628) to work on /opt/airflow/dags/1-bashoperator.py
[2024-09-01T23:37:48.147+0000] {processor.py:914} INFO - Processing file /opt/airflow/dags/1-bashoperator.py for tasks to queue
[2024-09-01T23:37:48.152+0000] {logging_mixin.py:190} INFO - [2024-09-01T23:37:48.152+0000] {dagbag.py:587} INFO - Filling up the DagBag from /opt/airflow/dags/1-bashoperator.py
[2024-09-01T23:37:48.180+0000] {processor.py:925} INFO - DAG(s) 'basoperator' retrieved from /opt/airflow/dags/1-bashoperator.py
[2024-09-01T23:37:48.245+0000] {logging_mixin.py:190} INFO - [2024-09-01T23:37:48.244+0000] {dag.py:3211} INFO - Sync 1 DAGs
[2024-09-01T23:37:48.319+0000] {logging_mixin.py:190} INFO - [2024-09-01T23:37:48.318+0000] {dag.py:4138} INFO - Setting next_dagrun for basoperator to 2024-08-24 00:00:00+00:00, run_after=2024-08-25 00:00:00+00:00
[2024-09-01T23:37:48.371+0000] {processor.py:208} INFO - Processing /opt/airflow/dags/1-bashoperator.py took 0.301 seconds
[2024-09-01T23:38:18.599+0000] {processor.py:186} INFO - Started process (PID=640) to work on /opt/airflow/dags/1-bashoperator.py
[2024-09-01T23:38:18.613+0000] {processor.py:914} INFO - Processing file /opt/airflow/dags/1-bashoperator.py for tasks to queue
[2024-09-01T23:38:18.618+0000] {logging_mixin.py:190} INFO - [2024-09-01T23:38:18.617+0000] {dagbag.py:587} INFO - Filling up the DagBag from /opt/airflow/dags/1-bashoperator.py
[2024-09-01T23:38:18.639+0000] {processor.py:925} INFO - DAG(s) 'basoperator' retrieved from /opt/airflow/dags/1-bashoperator.py
[2024-09-01T23:38:18.683+0000] {logging_mixin.py:190} INFO - [2024-09-01T23:38:18.683+0000] {dag.py:3211} INFO - Sync 1 DAGs
[2024-09-01T23:38:18.731+0000] {logging_mixin.py:190} INFO - [2024-09-01T23:38:18.731+0000] {dag.py:4138} INFO - Setting next_dagrun for basoperator to 2024-08-24 00:00:00+00:00, run_after=2024-08-25 00:00:00+00:00
[2024-09-01T23:38:18.768+0000] {processor.py:208} INFO - Processing /opt/airflow/dags/1-bashoperator.py took 0.184 seconds
[2024-09-01T23:38:49.581+0000] {processor.py:186} INFO - Started process (PID=652) to work on /opt/airflow/dags/1-bashoperator.py
[2024-09-01T23:38:49.598+0000] {processor.py:914} INFO - Processing file /opt/airflow/dags/1-bashoperator.py for tasks to queue
[2024-09-01T23:38:49.603+0000] {logging_mixin.py:190} INFO - [2024-09-01T23:38:49.602+0000] {dagbag.py:587} INFO - Filling up the DagBag from /opt/airflow/dags/1-bashoperator.py
[2024-09-01T23:38:49.622+0000] {processor.py:925} INFO - DAG(s) 'basoperator' retrieved from /opt/airflow/dags/1-bashoperator.py
[2024-09-01T23:38:49.684+0000] {logging_mixin.py:190} INFO - [2024-09-01T23:38:49.683+0000] {dag.py:3211} INFO - Sync 1 DAGs
[2024-09-01T23:38:49.752+0000] {logging_mixin.py:190} INFO - [2024-09-01T23:38:49.751+0000] {dag.py:4138} INFO - Setting next_dagrun for basoperator to 2024-08-24 00:00:00+00:00, run_after=2024-08-25 00:00:00+00:00
[2024-09-01T23:38:49.798+0000] {processor.py:208} INFO - Processing /opt/airflow/dags/1-bashoperator.py took 0.235 seconds
[2024-09-01T23:39:20.501+0000] {processor.py:186} INFO - Started process (PID=664) to work on /opt/airflow/dags/1-bashoperator.py
[2024-09-01T23:39:20.503+0000] {processor.py:914} INFO - Processing file /opt/airflow/dags/1-bashoperator.py for tasks to queue
[2024-09-01T23:39:20.508+0000] {logging_mixin.py:190} INFO - [2024-09-01T23:39:20.507+0000] {dagbag.py:587} INFO - Filling up the DagBag from /opt/airflow/dags/1-bashoperator.py
[2024-09-01T23:39:20.528+0000] {processor.py:925} INFO - DAG(s) 'basoperator' retrieved from /opt/airflow/dags/1-bashoperator.py
[2024-09-01T23:39:20.578+0000] {logging_mixin.py:190} INFO - [2024-09-01T23:39:20.578+0000] {dag.py:3211} INFO - Sync 1 DAGs
[2024-09-01T23:39:20.651+0000] {logging_mixin.py:190} INFO - [2024-09-01T23:39:20.650+0000] {dag.py:4138} INFO - Setting next_dagrun for basoperator to 2024-08-24 00:00:00+00:00, run_after=2024-08-25 00:00:00+00:00
[2024-09-01T23:39:20.697+0000] {processor.py:208} INFO - Processing /opt/airflow/dags/1-bashoperator.py took 0.210 seconds
[2024-09-01T23:39:51.207+0000] {processor.py:186} INFO - Started process (PID=676) to work on /opt/airflow/dags/1-bashoperator.py
[2024-09-01T23:39:51.231+0000] {processor.py:914} INFO - Processing file /opt/airflow/dags/1-bashoperator.py for tasks to queue
[2024-09-01T23:39:51.236+0000] {logging_mixin.py:190} INFO - [2024-09-01T23:39:51.235+0000] {dagbag.py:587} INFO - Filling up the DagBag from /opt/airflow/dags/1-bashoperator.py
[2024-09-01T23:39:51.256+0000] {processor.py:925} INFO - DAG(s) 'basoperator' retrieved from /opt/airflow/dags/1-bashoperator.py
[2024-09-01T23:39:51.318+0000] {logging_mixin.py:190} INFO - [2024-09-01T23:39:51.318+0000] {dag.py:3211} INFO - Sync 1 DAGs
[2024-09-01T23:39:51.396+0000] {logging_mixin.py:190} INFO - [2024-09-01T23:39:51.396+0000] {dag.py:4138} INFO - Setting next_dagrun for basoperator to 2024-08-24 00:00:00+00:00, run_after=2024-08-25 00:00:00+00:00
[2024-09-01T23:39:51.444+0000] {processor.py:208} INFO - Processing /opt/airflow/dags/1-bashoperator.py took 0.246 seconds
[2024-09-01T23:40:21.957+0000] {processor.py:186} INFO - Started process (PID=689) to work on /opt/airflow/dags/1-bashoperator.py
[2024-09-01T23:40:21.959+0000] {processor.py:914} INFO - Processing file /opt/airflow/dags/1-bashoperator.py for tasks to queue
[2024-09-01T23:40:21.963+0000] {logging_mixin.py:190} INFO - [2024-09-01T23:40:21.962+0000] {dagbag.py:587} INFO - Filling up the DagBag from /opt/airflow/dags/1-bashoperator.py
[2024-09-01T23:40:21.978+0000] {processor.py:925} INFO - DAG(s) 'basoperator' retrieved from /opt/airflow/dags/1-bashoperator.py
[2024-09-01T23:40:22.024+0000] {logging_mixin.py:190} INFO - [2024-09-01T23:40:22.024+0000] {dag.py:3211} INFO - Sync 1 DAGs
[2024-09-01T23:40:22.085+0000] {logging_mixin.py:190} INFO - [2024-09-01T23:40:22.084+0000] {dag.py:4138} INFO - Setting next_dagrun for basoperator to 2024-08-24 00:00:00+00:00, run_after=2024-08-25 00:00:00+00:00
[2024-09-01T23:40:22.118+0000] {processor.py:208} INFO - Processing /opt/airflow/dags/1-bashoperator.py took 0.176 seconds
[2024-09-01T23:40:52.898+0000] {processor.py:186} INFO - Started process (PID=701) to work on /opt/airflow/dags/1-bashoperator.py
[2024-09-01T23:40:52.899+0000] {processor.py:914} INFO - Processing file /opt/airflow/dags/1-bashoperator.py for tasks to queue
[2024-09-01T23:40:52.903+0000] {logging_mixin.py:190} INFO - [2024-09-01T23:40:52.903+0000] {dagbag.py:587} INFO - Filling up the DagBag from /opt/airflow/dags/1-bashoperator.py
[2024-09-01T23:40:52.919+0000] {processor.py:925} INFO - DAG(s) 'basoperator' retrieved from /opt/airflow/dags/1-bashoperator.py
[2024-09-01T23:40:52.970+0000] {logging_mixin.py:190} INFO - [2024-09-01T23:40:52.970+0000] {dag.py:3211} INFO - Sync 1 DAGs
[2024-09-01T23:40:53.022+0000] {logging_mixin.py:190} INFO - [2024-09-01T23:40:53.022+0000] {dag.py:4138} INFO - Setting next_dagrun for basoperator to 2024-08-24 00:00:00+00:00, run_after=2024-08-25 00:00:00+00:00
[2024-09-01T23:40:53.056+0000] {processor.py:208} INFO - Processing /opt/airflow/dags/1-bashoperator.py took 0.172 seconds
[2024-09-01T23:41:23.829+0000] {processor.py:186} INFO - Started process (PID=712) to work on /opt/airflow/dags/1-bashoperator.py
[2024-09-01T23:41:23.864+0000] {processor.py:914} INFO - Processing file /opt/airflow/dags/1-bashoperator.py for tasks to queue
[2024-09-01T23:41:23.869+0000] {logging_mixin.py:190} INFO - [2024-09-01T23:41:23.868+0000] {dagbag.py:587} INFO - Filling up the DagBag from /opt/airflow/dags/1-bashoperator.py
[2024-09-01T23:41:23.887+0000] {processor.py:925} INFO - DAG(s) 'basoperator' retrieved from /opt/airflow/dags/1-bashoperator.py
[2024-09-01T23:41:23.938+0000] {logging_mixin.py:190} INFO - [2024-09-01T23:41:23.938+0000] {dag.py:3211} INFO - Sync 1 DAGs
[2024-09-01T23:41:23.998+0000] {logging_mixin.py:190} INFO - [2024-09-01T23:41:23.997+0000] {dag.py:4138} INFO - Setting next_dagrun for basoperator to 2024-08-24 00:00:00+00:00, run_after=2024-08-25 00:00:00+00:00
[2024-09-01T23:41:24.039+0000] {processor.py:208} INFO - Processing /opt/airflow/dags/1-bashoperator.py took 0.226 seconds
[2024-09-01T23:41:54.558+0000] {processor.py:186} INFO - Started process (PID=724) to work on /opt/airflow/dags/1-bashoperator.py
[2024-09-01T23:41:54.600+0000] {processor.py:914} INFO - Processing file /opt/airflow/dags/1-bashoperator.py for tasks to queue
[2024-09-01T23:41:54.604+0000] {logging_mixin.py:190} INFO - [2024-09-01T23:41:54.603+0000] {dagbag.py:587} INFO - Filling up the DagBag from /opt/airflow/dags/1-bashoperator.py
[2024-09-01T23:41:54.621+0000] {processor.py:925} INFO - DAG(s) 'basoperator' retrieved from /opt/airflow/dags/1-bashoperator.py
[2024-09-01T23:41:54.662+0000] {logging_mixin.py:190} INFO - [2024-09-01T23:41:54.661+0000] {dag.py:3211} INFO - Sync 1 DAGs
[2024-09-01T23:41:54.713+0000] {logging_mixin.py:190} INFO - [2024-09-01T23:41:54.713+0000] {dag.py:4138} INFO - Setting next_dagrun for basoperator to 2024-08-24 00:00:00+00:00, run_after=2024-08-25 00:00:00+00:00
[2024-09-01T23:41:54.753+0000] {processor.py:208} INFO - Processing /opt/airflow/dags/1-bashoperator.py took 0.206 seconds
[2024-09-01T23:42:25.239+0000] {processor.py:186} INFO - Started process (PID=736) to work on /opt/airflow/dags/1-bashoperator.py
[2024-09-01T23:42:25.241+0000] {processor.py:914} INFO - Processing file /opt/airflow/dags/1-bashoperator.py for tasks to queue
[2024-09-01T23:42:25.244+0000] {logging_mixin.py:190} INFO - [2024-09-01T23:42:25.244+0000] {dagbag.py:587} INFO - Filling up the DagBag from /opt/airflow/dags/1-bashoperator.py
[2024-09-01T23:42:25.260+0000] {processor.py:925} INFO - DAG(s) 'basoperator' retrieved from /opt/airflow/dags/1-bashoperator.py
[2024-09-01T23:42:25.303+0000] {logging_mixin.py:190} INFO - [2024-09-01T23:42:25.303+0000] {dag.py:3211} INFO - Sync 1 DAGs
[2024-09-01T23:42:25.351+0000] {logging_mixin.py:190} INFO - [2024-09-01T23:42:25.351+0000] {dag.py:4138} INFO - Setting next_dagrun for basoperator to 2024-08-24 00:00:00+00:00, run_after=2024-08-25 00:00:00+00:00
[2024-09-01T23:42:25.385+0000] {processor.py:208} INFO - Processing /opt/airflow/dags/1-bashoperator.py took 0.155 seconds
[2024-09-01T23:42:56.122+0000] {processor.py:186} INFO - Started process (PID=748) to work on /opt/airflow/dags/1-bashoperator.py
[2024-09-01T23:42:56.124+0000] {processor.py:914} INFO - Processing file /opt/airflow/dags/1-bashoperator.py for tasks to queue
[2024-09-01T23:42:56.128+0000] {logging_mixin.py:190} INFO - [2024-09-01T23:42:56.128+0000] {dagbag.py:587} INFO - Filling up the DagBag from /opt/airflow/dags/1-bashoperator.py
[2024-09-01T23:42:56.141+0000] {processor.py:925} INFO - DAG(s) 'basoperator' retrieved from /opt/airflow/dags/1-bashoperator.py
[2024-09-01T23:42:56.193+0000] {logging_mixin.py:190} INFO - [2024-09-01T23:42:56.192+0000] {dag.py:3211} INFO - Sync 1 DAGs
[2024-09-01T23:42:56.257+0000] {logging_mixin.py:190} INFO - [2024-09-01T23:42:56.256+0000] {dag.py:4138} INFO - Setting next_dagrun for basoperator to 2024-08-24 00:00:00+00:00, run_after=2024-08-25 00:00:00+00:00
[2024-09-01T23:42:56.292+0000] {processor.py:208} INFO - Processing /opt/airflow/dags/1-bashoperator.py took 0.182 seconds
[2024-09-01T23:43:26.858+0000] {processor.py:186} INFO - Started process (PID=760) to work on /opt/airflow/dags/1-bashoperator.py
[2024-09-01T23:43:26.874+0000] {processor.py:914} INFO - Processing file /opt/airflow/dags/1-bashoperator.py for tasks to queue
[2024-09-01T23:43:26.878+0000] {logging_mixin.py:190} INFO - [2024-09-01T23:43:26.878+0000] {dagbag.py:587} INFO - Filling up the DagBag from /opt/airflow/dags/1-bashoperator.py
[2024-09-01T23:43:26.897+0000] {processor.py:925} INFO - DAG(s) 'basoperator' retrieved from /opt/airflow/dags/1-bashoperator.py
[2024-09-01T23:43:26.976+0000] {logging_mixin.py:190} INFO - [2024-09-01T23:43:26.976+0000] {dag.py:3211} INFO - Sync 1 DAGs
[2024-09-01T23:43:27.104+0000] {logging_mixin.py:190} INFO - [2024-09-01T23:43:27.104+0000] {dag.py:4138} INFO - Setting next_dagrun for basoperator to 2024-08-24 00:00:00+00:00, run_after=2024-08-25 00:00:00+00:00
[2024-09-01T23:43:27.166+0000] {processor.py:208} INFO - Processing /opt/airflow/dags/1-bashoperator.py took 0.322 seconds
[2024-09-01T23:43:57.845+0000] {processor.py:186} INFO - Started process (PID=771) to work on /opt/airflow/dags/1-bashoperator.py
[2024-09-01T23:43:57.865+0000] {processor.py:914} INFO - Processing file /opt/airflow/dags/1-bashoperator.py for tasks to queue
[2024-09-01T23:43:57.869+0000] {logging_mixin.py:190} INFO - [2024-09-01T23:43:57.868+0000] {dagbag.py:587} INFO - Filling up the DagBag from /opt/airflow/dags/1-bashoperator.py
[2024-09-01T23:43:57.886+0000] {processor.py:925} INFO - DAG(s) 'basoperator' retrieved from /opt/airflow/dags/1-bashoperator.py
[2024-09-01T23:43:57.943+0000] {logging_mixin.py:190} INFO - [2024-09-01T23:43:57.942+0000] {dag.py:3211} INFO - Sync 1 DAGs
[2024-09-01T23:43:58.007+0000] {logging_mixin.py:190} INFO - [2024-09-01T23:43:58.006+0000] {dag.py:4138} INFO - Setting next_dagrun for basoperator to 2024-08-24 00:00:00+00:00, run_after=2024-08-25 00:00:00+00:00
[2024-09-01T23:43:58.045+0000] {processor.py:208} INFO - Processing /opt/airflow/dags/1-bashoperator.py took 0.213 seconds
[2024-09-01T23:44:28.571+0000] {processor.py:186} INFO - Started process (PID=783) to work on /opt/airflow/dags/1-bashoperator.py
[2024-09-01T23:44:28.572+0000] {processor.py:914} INFO - Processing file /opt/airflow/dags/1-bashoperator.py for tasks to queue
[2024-09-01T23:44:28.576+0000] {logging_mixin.py:190} INFO - [2024-09-01T23:44:28.576+0000] {dagbag.py:587} INFO - Filling up the DagBag from /opt/airflow/dags/1-bashoperator.py
[2024-09-01T23:44:28.589+0000] {processor.py:925} INFO - DAG(s) 'basoperator' retrieved from /opt/airflow/dags/1-bashoperator.py
[2024-09-01T23:44:28.640+0000] {logging_mixin.py:190} INFO - [2024-09-01T23:44:28.640+0000] {dag.py:3211} INFO - Sync 1 DAGs
[2024-09-01T23:44:28.696+0000] {logging_mixin.py:190} INFO - [2024-09-01T23:44:28.695+0000] {dag.py:4138} INFO - Setting next_dagrun for basoperator to 2024-08-24 00:00:00+00:00, run_after=2024-08-25 00:00:00+00:00
[2024-09-01T23:44:28.739+0000] {processor.py:208} INFO - Processing /opt/airflow/dags/1-bashoperator.py took 0.178 seconds
[2024-09-01T23:44:59.581+0000] {processor.py:186} INFO - Started process (PID=794) to work on /opt/airflow/dags/1-bashoperator.py
[2024-09-01T23:44:59.583+0000] {processor.py:914} INFO - Processing file /opt/airflow/dags/1-bashoperator.py for tasks to queue
[2024-09-01T23:44:59.586+0000] {logging_mixin.py:190} INFO - [2024-09-01T23:44:59.586+0000] {dagbag.py:587} INFO - Filling up the DagBag from /opt/airflow/dags/1-bashoperator.py
[2024-09-01T23:44:59.603+0000] {processor.py:925} INFO - DAG(s) 'basoperator' retrieved from /opt/airflow/dags/1-bashoperator.py
[2024-09-01T23:44:59.640+0000] {logging_mixin.py:190} INFO - [2024-09-01T23:44:59.640+0000] {dag.py:3211} INFO - Sync 1 DAGs
[2024-09-01T23:44:59.694+0000] {logging_mixin.py:190} INFO - [2024-09-01T23:44:59.693+0000] {dag.py:4138} INFO - Setting next_dagrun for basoperator to 2024-08-24 00:00:00+00:00, run_after=2024-08-25 00:00:00+00:00
[2024-09-01T23:44:59.734+0000] {processor.py:208} INFO - Processing /opt/airflow/dags/1-bashoperator.py took 0.163 seconds
[2024-09-01T23:45:30.405+0000] {processor.py:186} INFO - Started process (PID=806) to work on /opt/airflow/dags/1-bashoperator.py
[2024-09-01T23:45:30.435+0000] {processor.py:914} INFO - Processing file /opt/airflow/dags/1-bashoperator.py for tasks to queue
[2024-09-01T23:45:30.438+0000] {logging_mixin.py:190} INFO - [2024-09-01T23:45:30.438+0000] {dagbag.py:587} INFO - Filling up the DagBag from /opt/airflow/dags/1-bashoperator.py
[2024-09-01T23:45:30.453+0000] {processor.py:925} INFO - DAG(s) 'basoperator' retrieved from /opt/airflow/dags/1-bashoperator.py
[2024-09-01T23:45:30.492+0000] {logging_mixin.py:190} INFO - [2024-09-01T23:45:30.492+0000] {dag.py:3211} INFO - Sync 1 DAGs
[2024-09-01T23:45:30.545+0000] {logging_mixin.py:190} INFO - [2024-09-01T23:45:30.545+0000] {dag.py:4138} INFO - Setting next_dagrun for basoperator to 2024-08-24 00:00:00+00:00, run_after=2024-08-25 00:00:00+00:00
[2024-09-01T23:45:30.626+0000] {processor.py:208} INFO - Processing /opt/airflow/dags/1-bashoperator.py took 0.233 seconds
[2024-09-01T23:46:01.078+0000] {processor.py:186} INFO - Started process (PID=822) to work on /opt/airflow/dags/1-bashoperator.py
[2024-09-01T23:46:01.093+0000] {processor.py:914} INFO - Processing file /opt/airflow/dags/1-bashoperator.py for tasks to queue
[2024-09-01T23:46:01.096+0000] {logging_mixin.py:190} INFO - [2024-09-01T23:46:01.096+0000] {dagbag.py:587} INFO - Filling up the DagBag from /opt/airflow/dags/1-bashoperator.py
[2024-09-01T23:46:01.112+0000] {processor.py:925} INFO - DAG(s) 'basoperator' retrieved from /opt/airflow/dags/1-bashoperator.py
[2024-09-01T23:46:01.152+0000] {logging_mixin.py:190} INFO - [2024-09-01T23:46:01.152+0000] {dag.py:3211} INFO - Sync 1 DAGs
[2024-09-01T23:46:01.196+0000] {logging_mixin.py:190} INFO - [2024-09-01T23:46:01.195+0000] {dag.py:4138} INFO - Setting next_dagrun for basoperator to 2024-08-24 00:00:00+00:00, run_after=2024-08-25 00:00:00+00:00
[2024-09-01T23:46:01.224+0000] {processor.py:208} INFO - Processing /opt/airflow/dags/1-bashoperator.py took 0.155 seconds
[2024-09-01T23:46:31.874+0000] {processor.py:186} INFO - Started process (PID=833) to work on /opt/airflow/dags/1-bashoperator.py
[2024-09-01T23:46:31.888+0000] {processor.py:914} INFO - Processing file /opt/airflow/dags/1-bashoperator.py for tasks to queue
[2024-09-01T23:46:31.893+0000] {logging_mixin.py:190} INFO - [2024-09-01T23:46:31.893+0000] {dagbag.py:587} INFO - Filling up the DagBag from /opt/airflow/dags/1-bashoperator.py
[2024-09-01T23:46:31.911+0000] {processor.py:925} INFO - DAG(s) 'basoperator' retrieved from /opt/airflow/dags/1-bashoperator.py
[2024-09-01T23:46:31.958+0000] {logging_mixin.py:190} INFO - [2024-09-01T23:46:31.958+0000] {dag.py:3211} INFO - Sync 1 DAGs
[2024-09-01T23:46:32.014+0000] {logging_mixin.py:190} INFO - [2024-09-01T23:46:32.013+0000] {dag.py:4138} INFO - Setting next_dagrun for basoperator to 2024-08-24 00:00:00+00:00, run_after=2024-08-25 00:00:00+00:00
[2024-09-01T23:46:32.121+0000] {processor.py:208} INFO - Processing /opt/airflow/dags/1-bashoperator.py took 0.262 seconds
[2024-09-01T23:47:02.584+0000] {processor.py:186} INFO - Started process (PID=845) to work on /opt/airflow/dags/1-bashoperator.py
[2024-09-01T23:47:02.590+0000] {processor.py:914} INFO - Processing file /opt/airflow/dags/1-bashoperator.py for tasks to queue
[2024-09-01T23:47:02.593+0000] {logging_mixin.py:190} INFO - [2024-09-01T23:47:02.593+0000] {dagbag.py:587} INFO - Filling up the DagBag from /opt/airflow/dags/1-bashoperator.py
[2024-09-01T23:47:02.608+0000] {processor.py:925} INFO - DAG(s) 'basoperator' retrieved from /opt/airflow/dags/1-bashoperator.py
[2024-09-01T23:47:02.665+0000] {logging_mixin.py:190} INFO - [2024-09-01T23:47:02.664+0000] {dag.py:3211} INFO - Sync 1 DAGs
[2024-09-01T23:47:02.725+0000] {logging_mixin.py:190} INFO - [2024-09-01T23:47:02.724+0000] {dag.py:4138} INFO - Setting next_dagrun for basoperator to 2024-08-24 00:00:00+00:00, run_after=2024-08-25 00:00:00+00:00
[2024-09-01T23:47:02.761+0000] {processor.py:208} INFO - Processing /opt/airflow/dags/1-bashoperator.py took 0.188 seconds
[2024-09-01T23:47:33.571+0000] {processor.py:186} INFO - Started process (PID=857) to work on /opt/airflow/dags/1-bashoperator.py
[2024-09-01T23:47:33.612+0000] {processor.py:914} INFO - Processing file /opt/airflow/dags/1-bashoperator.py for tasks to queue
[2024-09-01T23:47:33.617+0000] {logging_mixin.py:190} INFO - [2024-09-01T23:47:33.616+0000] {dagbag.py:587} INFO - Filling up the DagBag from /opt/airflow/dags/1-bashoperator.py
[2024-09-01T23:47:33.637+0000] {processor.py:925} INFO - DAG(s) 'basoperator' retrieved from /opt/airflow/dags/1-bashoperator.py
[2024-09-01T23:47:33.709+0000] {logging_mixin.py:190} INFO - [2024-09-01T23:47:33.708+0000] {dag.py:3211} INFO - Sync 1 DAGs
[2024-09-01T23:47:33.768+0000] {logging_mixin.py:190} INFO - [2024-09-01T23:47:33.768+0000] {dag.py:4138} INFO - Setting next_dagrun for basoperator to 2024-08-24 00:00:00+00:00, run_after=2024-08-25 00:00:00+00:00
[2024-09-01T23:47:33.807+0000] {processor.py:208} INFO - Processing /opt/airflow/dags/1-bashoperator.py took 0.252 seconds
[2024-09-01T23:48:03.891+0000] {processor.py:186} INFO - Started process (PID=869) to work on /opt/airflow/dags/1-bashoperator.py
[2024-09-01T23:48:04.025+0000] {processor.py:914} INFO - Processing file /opt/airflow/dags/1-bashoperator.py for tasks to queue
[2024-09-01T23:48:04.028+0000] {logging_mixin.py:190} INFO - [2024-09-01T23:48:04.028+0000] {dagbag.py:587} INFO - Filling up the DagBag from /opt/airflow/dags/1-bashoperator.py
[2024-09-01T23:48:04.042+0000] {processor.py:925} INFO - DAG(s) 'basoperator' retrieved from /opt/airflow/dags/1-bashoperator.py
[2024-09-01T23:48:04.081+0000] {logging_mixin.py:190} INFO - [2024-09-01T23:48:04.081+0000] {dag.py:3211} INFO - Sync 1 DAGs
[2024-09-01T23:48:04.127+0000] {logging_mixin.py:190} INFO - [2024-09-01T23:48:04.126+0000] {dag.py:4138} INFO - Setting next_dagrun for basoperator to 2024-08-24 00:00:00+00:00, run_after=2024-08-25 00:00:00+00:00
[2024-09-01T23:48:04.155+0000] {processor.py:208} INFO - Processing /opt/airflow/dags/1-bashoperator.py took 0.276 seconds
[2024-09-01T23:48:34.250+0000] {processor.py:186} INFO - Started process (PID=881) to work on /opt/airflow/dags/1-bashoperator.py
[2024-09-01T23:48:34.295+0000] {processor.py:914} INFO - Processing file /opt/airflow/dags/1-bashoperator.py for tasks to queue
[2024-09-01T23:48:34.300+0000] {logging_mixin.py:190} INFO - [2024-09-01T23:48:34.300+0000] {dagbag.py:587} INFO - Filling up the DagBag from /opt/airflow/dags/1-bashoperator.py
[2024-09-01T23:48:34.320+0000] {processor.py:925} INFO - DAG(s) 'basoperator' retrieved from /opt/airflow/dags/1-bashoperator.py
[2024-09-01T23:48:34.378+0000] {logging_mixin.py:190} INFO - [2024-09-01T23:48:34.377+0000] {dag.py:3211} INFO - Sync 1 DAGs
[2024-09-01T23:48:34.438+0000] {logging_mixin.py:190} INFO - [2024-09-01T23:48:34.438+0000] {dag.py:4138} INFO - Setting next_dagrun for basoperator to 2024-08-24 00:00:00+00:00, run_after=2024-08-25 00:00:00+00:00
[2024-09-01T23:48:34.477+0000] {processor.py:208} INFO - Processing /opt/airflow/dags/1-bashoperator.py took 0.246 seconds
[2024-09-01T23:49:05.377+0000] {processor.py:186} INFO - Started process (PID=893) to work on /opt/airflow/dags/1-bashoperator.py
[2024-09-01T23:49:05.396+0000] {processor.py:914} INFO - Processing file /opt/airflow/dags/1-bashoperator.py for tasks to queue
[2024-09-01T23:49:05.401+0000] {logging_mixin.py:190} INFO - [2024-09-01T23:49:05.400+0000] {dagbag.py:587} INFO - Filling up the DagBag from /opt/airflow/dags/1-bashoperator.py
[2024-09-01T23:49:05.416+0000] {processor.py:925} INFO - DAG(s) 'basoperator' retrieved from /opt/airflow/dags/1-bashoperator.py
[2024-09-01T23:49:05.471+0000] {logging_mixin.py:190} INFO - [2024-09-01T23:49:05.471+0000] {dag.py:3211} INFO - Sync 1 DAGs
[2024-09-01T23:49:05.533+0000] {logging_mixin.py:190} INFO - [2024-09-01T23:49:05.533+0000] {dag.py:4138} INFO - Setting next_dagrun for basoperator to 2024-08-24 00:00:00+00:00, run_after=2024-08-25 00:00:00+00:00
[2024-09-01T23:49:05.570+0000] {processor.py:208} INFO - Processing /opt/airflow/dags/1-bashoperator.py took 0.208 seconds
[2024-09-01T23:49:36.221+0000] {processor.py:186} INFO - Started process (PID=906) to work on /opt/airflow/dags/1-bashoperator.py
[2024-09-01T23:49:36.242+0000] {processor.py:914} INFO - Processing file /opt/airflow/dags/1-bashoperator.py for tasks to queue
[2024-09-01T23:49:36.245+0000] {logging_mixin.py:190} INFO - [2024-09-01T23:49:36.245+0000] {dagbag.py:587} INFO - Filling up the DagBag from /opt/airflow/dags/1-bashoperator.py
[2024-09-01T23:49:36.258+0000] {processor.py:925} INFO - DAG(s) 'basoperator' retrieved from /opt/airflow/dags/1-bashoperator.py
[2024-09-01T23:49:36.297+0000] {logging_mixin.py:190} INFO - [2024-09-01T23:49:36.297+0000] {dag.py:3211} INFO - Sync 1 DAGs
[2024-09-01T23:49:36.340+0000] {logging_mixin.py:190} INFO - [2024-09-01T23:49:36.339+0000] {dag.py:4138} INFO - Setting next_dagrun for basoperator to 2024-08-24 00:00:00+00:00, run_after=2024-08-25 00:00:00+00:00
[2024-09-01T23:49:36.369+0000] {processor.py:208} INFO - Processing /opt/airflow/dags/1-bashoperator.py took 0.169 seconds
[2024-09-01T23:50:07.114+0000] {processor.py:186} INFO - Started process (PID=918) to work on /opt/airflow/dags/1-bashoperator.py
[2024-09-01T23:50:07.132+0000] {processor.py:914} INFO - Processing file /opt/airflow/dags/1-bashoperator.py for tasks to queue
[2024-09-01T23:50:07.135+0000] {logging_mixin.py:190} INFO - [2024-09-01T23:50:07.134+0000] {dagbag.py:587} INFO - Filling up the DagBag from /opt/airflow/dags/1-bashoperator.py
[2024-09-01T23:50:07.150+0000] {processor.py:925} INFO - DAG(s) 'basoperator' retrieved from /opt/airflow/dags/1-bashoperator.py
[2024-09-01T23:50:07.199+0000] {logging_mixin.py:190} INFO - [2024-09-01T23:50:07.199+0000] {dag.py:3211} INFO - Sync 1 DAGs
[2024-09-01T23:50:07.255+0000] {logging_mixin.py:190} INFO - [2024-09-01T23:50:07.255+0000] {dag.py:4138} INFO - Setting next_dagrun for basoperator to 2024-08-24 00:00:00+00:00, run_after=2024-08-25 00:00:00+00:00
[2024-09-01T23:50:07.288+0000] {processor.py:208} INFO - Processing /opt/airflow/dags/1-bashoperator.py took 0.183 seconds
[2024-09-01T23:50:37.723+0000] {processor.py:186} INFO - Started process (PID=931) to work on /opt/airflow/dags/1-bashoperator.py
[2024-09-01T23:50:37.739+0000] {processor.py:914} INFO - Processing file /opt/airflow/dags/1-bashoperator.py for tasks to queue
[2024-09-01T23:50:37.743+0000] {logging_mixin.py:190} INFO - [2024-09-01T23:50:37.742+0000] {dagbag.py:587} INFO - Filling up the DagBag from /opt/airflow/dags/1-bashoperator.py
[2024-09-01T23:50:37.755+0000] {processor.py:925} INFO - DAG(s) 'basoperator' retrieved from /opt/airflow/dags/1-bashoperator.py
[2024-09-01T23:50:37.800+0000] {logging_mixin.py:190} INFO - [2024-09-01T23:50:37.800+0000] {dag.py:3211} INFO - Sync 1 DAGs
[2024-09-01T23:50:37.856+0000] {logging_mixin.py:190} INFO - [2024-09-01T23:50:37.856+0000] {dag.py:4138} INFO - Setting next_dagrun for basoperator to 2024-08-24 00:00:00+00:00, run_after=2024-08-25 00:00:00+00:00
[2024-09-01T23:50:37.888+0000] {processor.py:208} INFO - Processing /opt/airflow/dags/1-bashoperator.py took 0.176 seconds
[2024-09-01T23:51:08.642+0000] {processor.py:186} INFO - Started process (PID=943) to work on /opt/airflow/dags/1-bashoperator.py
[2024-09-01T23:51:08.662+0000] {processor.py:914} INFO - Processing file /opt/airflow/dags/1-bashoperator.py for tasks to queue
[2024-09-01T23:51:08.666+0000] {logging_mixin.py:190} INFO - [2024-09-01T23:51:08.666+0000] {dagbag.py:587} INFO - Filling up the DagBag from /opt/airflow/dags/1-bashoperator.py
[2024-09-01T23:51:08.680+0000] {processor.py:925} INFO - DAG(s) 'basoperator' retrieved from /opt/airflow/dags/1-bashoperator.py
[2024-09-01T23:51:08.720+0000] {logging_mixin.py:190} INFO - [2024-09-01T23:51:08.720+0000] {dag.py:3211} INFO - Sync 1 DAGs
[2024-09-01T23:51:08.763+0000] {logging_mixin.py:190} INFO - [2024-09-01T23:51:08.763+0000] {dag.py:4138} INFO - Setting next_dagrun for basoperator to 2024-08-24 00:00:00+00:00, run_after=2024-08-25 00:00:00+00:00
[2024-09-01T23:51:08.792+0000] {processor.py:208} INFO - Processing /opt/airflow/dags/1-bashoperator.py took 0.158 seconds
[2024-09-01T23:51:39.566+0000] {processor.py:186} INFO - Started process (PID=955) to work on /opt/airflow/dags/1-bashoperator.py
[2024-09-01T23:51:39.589+0000] {processor.py:914} INFO - Processing file /opt/airflow/dags/1-bashoperator.py for tasks to queue
[2024-09-01T23:51:39.593+0000] {logging_mixin.py:190} INFO - [2024-09-01T23:51:39.593+0000] {dagbag.py:587} INFO - Filling up the DagBag from /opt/airflow/dags/1-bashoperator.py
[2024-09-01T23:51:39.616+0000] {processor.py:925} INFO - DAG(s) 'basoperator' retrieved from /opt/airflow/dags/1-bashoperator.py
[2024-09-01T23:51:39.669+0000] {logging_mixin.py:190} INFO - [2024-09-01T23:51:39.669+0000] {dag.py:3211} INFO - Sync 1 DAGs
[2024-09-01T23:51:39.726+0000] {logging_mixin.py:190} INFO - [2024-09-01T23:51:39.725+0000] {dag.py:4138} INFO - Setting next_dagrun for basoperator to 2024-08-24 00:00:00+00:00, run_after=2024-08-25 00:00:00+00:00
[2024-09-01T23:51:39.762+0000] {processor.py:208} INFO - Processing /opt/airflow/dags/1-bashoperator.py took 0.211 seconds
[2024-09-01T23:52:10.714+0000] {processor.py:186} INFO - Started process (PID=967) to work on /opt/airflow/dags/1-bashoperator.py
[2024-09-01T23:52:10.733+0000] {processor.py:914} INFO - Processing file /opt/airflow/dags/1-bashoperator.py for tasks to queue
[2024-09-01T23:52:10.747+0000] {logging_mixin.py:190} INFO - [2024-09-01T23:52:10.746+0000] {dagbag.py:587} INFO - Filling up the DagBag from /opt/airflow/dags/1-bashoperator.py
[2024-09-01T23:52:10.792+0000] {processor.py:925} INFO - DAG(s) 'basoperator' retrieved from /opt/airflow/dags/1-bashoperator.py
[2024-09-01T23:52:10.850+0000] {logging_mixin.py:190} INFO - [2024-09-01T23:52:10.849+0000] {dag.py:3211} INFO - Sync 1 DAGs
[2024-09-01T23:52:10.914+0000] {logging_mixin.py:190} INFO - [2024-09-01T23:52:10.913+0000] {dag.py:4138} INFO - Setting next_dagrun for basoperator to 2024-08-24 00:00:00+00:00, run_after=2024-08-25 00:00:00+00:00
[2024-09-01T23:52:10.975+0000] {processor.py:208} INFO - Processing /opt/airflow/dags/1-bashoperator.py took 0.286 seconds
[2024-09-01T23:52:41.110+0000] {processor.py:186} INFO - Started process (PID=979) to work on /opt/airflow/dags/1-bashoperator.py
[2024-09-01T23:52:41.159+0000] {processor.py:914} INFO - Processing file /opt/airflow/dags/1-bashoperator.py for tasks to queue
[2024-09-01T23:52:41.165+0000] {logging_mixin.py:190} INFO - [2024-09-01T23:52:41.164+0000] {dagbag.py:587} INFO - Filling up the DagBag from /opt/airflow/dags/1-bashoperator.py
[2024-09-01T23:52:41.187+0000] {processor.py:925} INFO - DAG(s) 'basoperator' retrieved from /opt/airflow/dags/1-bashoperator.py
[2024-09-01T23:52:41.321+0000] {logging_mixin.py:190} INFO - [2024-09-01T23:52:41.320+0000] {dag.py:3211} INFO - Sync 1 DAGs
[2024-09-01T23:52:41.487+0000] {logging_mixin.py:190} INFO - [2024-09-01T23:52:41.487+0000] {dag.py:4138} INFO - Setting next_dagrun for basoperator to 2024-08-24 00:00:00+00:00, run_after=2024-08-25 00:00:00+00:00
[2024-09-01T23:52:41.603+0000] {processor.py:208} INFO - Processing /opt/airflow/dags/1-bashoperator.py took 0.508 seconds
[2024-09-01T23:53:12.189+0000] {processor.py:186} INFO - Started process (PID=991) to work on /opt/airflow/dags/1-bashoperator.py
[2024-09-01T23:53:12.205+0000] {processor.py:914} INFO - Processing file /opt/airflow/dags/1-bashoperator.py for tasks to queue
[2024-09-01T23:53:12.211+0000] {logging_mixin.py:190} INFO - [2024-09-01T23:53:12.211+0000] {dagbag.py:587} INFO - Filling up the DagBag from /opt/airflow/dags/1-bashoperator.py
[2024-09-01T23:53:12.229+0000] {processor.py:925} INFO - DAG(s) 'basoperator' retrieved from /opt/airflow/dags/1-bashoperator.py
[2024-09-01T23:53:12.275+0000] {logging_mixin.py:190} INFO - [2024-09-01T23:53:12.275+0000] {dag.py:3211} INFO - Sync 1 DAGs
[2024-09-01T23:53:12.321+0000] {logging_mixin.py:190} INFO - [2024-09-01T23:53:12.321+0000] {dag.py:4138} INFO - Setting next_dagrun for basoperator to 2024-08-24 00:00:00+00:00, run_after=2024-08-25 00:00:00+00:00
[2024-09-01T23:53:12.347+0000] {processor.py:208} INFO - Processing /opt/airflow/dags/1-bashoperator.py took 0.192 seconds
[2024-09-01T23:53:42.858+0000] {processor.py:186} INFO - Started process (PID=1003) to work on /opt/airflow/dags/1-bashoperator.py
[2024-09-01T23:53:42.873+0000] {processor.py:914} INFO - Processing file /opt/airflow/dags/1-bashoperator.py for tasks to queue
[2024-09-01T23:53:42.877+0000] {logging_mixin.py:190} INFO - [2024-09-01T23:53:42.876+0000] {dagbag.py:587} INFO - Filling up the DagBag from /opt/airflow/dags/1-bashoperator.py
[2024-09-01T23:53:42.892+0000] {processor.py:925} INFO - DAG(s) 'basoperator' retrieved from /opt/airflow/dags/1-bashoperator.py
[2024-09-01T23:53:42.938+0000] {logging_mixin.py:190} INFO - [2024-09-01T23:53:42.937+0000] {dag.py:3211} INFO - Sync 1 DAGs
[2024-09-01T23:53:42.987+0000] {logging_mixin.py:190} INFO - [2024-09-01T23:53:42.986+0000] {dag.py:4138} INFO - Setting next_dagrun for basoperator to 2024-08-24 00:00:00+00:00, run_after=2024-08-25 00:00:00+00:00
[2024-09-01T23:53:43.013+0000] {processor.py:208} INFO - Processing /opt/airflow/dags/1-bashoperator.py took 0.167 seconds
[2024-09-01T23:54:13.670+0000] {processor.py:186} INFO - Started process (PID=1015) to work on /opt/airflow/dags/1-bashoperator.py
[2024-09-01T23:54:13.686+0000] {processor.py:914} INFO - Processing file /opt/airflow/dags/1-bashoperator.py for tasks to queue
[2024-09-01T23:54:13.692+0000] {logging_mixin.py:190} INFO - [2024-09-01T23:54:13.691+0000] {dagbag.py:587} INFO - Filling up the DagBag from /opt/airflow/dags/1-bashoperator.py
[2024-09-01T23:54:13.721+0000] {processor.py:925} INFO - DAG(s) 'basoperator' retrieved from /opt/airflow/dags/1-bashoperator.py
[2024-09-01T23:54:13.798+0000] {logging_mixin.py:190} INFO - [2024-09-01T23:54:13.797+0000] {dag.py:3211} INFO - Sync 1 DAGs
[2024-09-01T23:54:13.912+0000] {logging_mixin.py:190} INFO - [2024-09-01T23:54:13.912+0000] {dag.py:4138} INFO - Setting next_dagrun for basoperator to 2024-08-24 00:00:00+00:00, run_after=2024-08-25 00:00:00+00:00
[2024-09-01T23:54:13.956+0000] {processor.py:208} INFO - Processing /opt/airflow/dags/1-bashoperator.py took 0.306 seconds
[2024-09-01T23:54:44.159+0000] {processor.py:186} INFO - Started process (PID=1026) to work on /opt/airflow/dags/1-bashoperator.py
[2024-09-01T23:54:44.188+0000] {processor.py:914} INFO - Processing file /opt/airflow/dags/1-bashoperator.py for tasks to queue
[2024-09-01T23:54:44.193+0000] {logging_mixin.py:190} INFO - [2024-09-01T23:54:44.192+0000] {dagbag.py:587} INFO - Filling up the DagBag from /opt/airflow/dags/1-bashoperator.py
[2024-09-01T23:54:44.213+0000] {processor.py:925} INFO - DAG(s) 'basoperator' retrieved from /opt/airflow/dags/1-bashoperator.py
[2024-09-01T23:54:44.259+0000] {logging_mixin.py:190} INFO - [2024-09-01T23:54:44.258+0000] {dag.py:3211} INFO - Sync 1 DAGs
[2024-09-01T23:54:44.307+0000] {logging_mixin.py:190} INFO - [2024-09-01T23:54:44.307+0000] {dag.py:4138} INFO - Setting next_dagrun for basoperator to 2024-08-24 00:00:00+00:00, run_after=2024-08-25 00:00:00+00:00
[2024-09-01T23:54:44.337+0000] {processor.py:208} INFO - Processing /opt/airflow/dags/1-bashoperator.py took 0.187 seconds
[2024-09-01T23:55:15.272+0000] {processor.py:186} INFO - Started process (PID=1037) to work on /opt/airflow/dags/1-bashoperator.py
[2024-09-01T23:55:15.290+0000] {processor.py:914} INFO - Processing file /opt/airflow/dags/1-bashoperator.py for tasks to queue
[2024-09-01T23:55:15.294+0000] {logging_mixin.py:190} INFO - [2024-09-01T23:55:15.293+0000] {dagbag.py:587} INFO - Filling up the DagBag from /opt/airflow/dags/1-bashoperator.py
[2024-09-01T23:55:15.312+0000] {processor.py:925} INFO - DAG(s) 'basoperator' retrieved from /opt/airflow/dags/1-bashoperator.py
[2024-09-01T23:55:15.354+0000] {logging_mixin.py:190} INFO - [2024-09-01T23:55:15.354+0000] {dag.py:3211} INFO - Sync 1 DAGs
[2024-09-01T23:55:15.419+0000] {logging_mixin.py:190} INFO - [2024-09-01T23:55:15.419+0000] {dag.py:4138} INFO - Setting next_dagrun for basoperator to 2024-08-24 00:00:00+00:00, run_after=2024-08-25 00:00:00+00:00
[2024-09-01T23:55:15.455+0000] {processor.py:208} INFO - Processing /opt/airflow/dags/1-bashoperator.py took 0.193 seconds
[2024-09-01T23:55:45.510+0000] {processor.py:186} INFO - Started process (PID=1049) to work on /opt/airflow/dags/1-bashoperator.py
[2024-09-01T23:55:45.548+0000] {processor.py:914} INFO - Processing file /opt/airflow/dags/1-bashoperator.py for tasks to queue
[2024-09-01T23:55:45.552+0000] {logging_mixin.py:190} INFO - [2024-09-01T23:55:45.552+0000] {dagbag.py:587} INFO - Filling up the DagBag from /opt/airflow/dags/1-bashoperator.py
[2024-09-01T23:55:45.571+0000] {processor.py:925} INFO - DAG(s) 'basoperator' retrieved from /opt/airflow/dags/1-bashoperator.py
[2024-09-01T23:55:45.628+0000] {logging_mixin.py:190} INFO - [2024-09-01T23:55:45.627+0000] {dag.py:3211} INFO - Sync 1 DAGs
[2024-09-01T23:55:45.691+0000] {logging_mixin.py:190} INFO - [2024-09-01T23:55:45.691+0000] {dag.py:4138} INFO - Setting next_dagrun for basoperator to 2024-08-24 00:00:00+00:00, run_after=2024-08-25 00:00:00+00:00
[2024-09-01T23:55:45.731+0000] {processor.py:208} INFO - Processing /opt/airflow/dags/1-bashoperator.py took 0.238 seconds
[2024-09-01T23:56:16.592+0000] {processor.py:186} INFO - Started process (PID=1060) to work on /opt/airflow/dags/1-bashoperator.py
[2024-09-01T23:56:16.616+0000] {processor.py:914} INFO - Processing file /opt/airflow/dags/1-bashoperator.py for tasks to queue
[2024-09-01T23:56:16.620+0000] {logging_mixin.py:190} INFO - [2024-09-01T23:56:16.620+0000] {dagbag.py:587} INFO - Filling up the DagBag from /opt/airflow/dags/1-bashoperator.py
[2024-09-01T23:56:16.641+0000] {processor.py:925} INFO - DAG(s) 'basoperator' retrieved from /opt/airflow/dags/1-bashoperator.py
[2024-09-01T23:56:16.721+0000] {logging_mixin.py:190} INFO - [2024-09-01T23:56:16.720+0000] {dag.py:3211} INFO - Sync 1 DAGs
[2024-09-01T23:56:16.784+0000] {logging_mixin.py:190} INFO - [2024-09-01T23:56:16.783+0000] {dag.py:4138} INFO - Setting next_dagrun for basoperator to 2024-08-24 00:00:00+00:00, run_after=2024-08-25 00:00:00+00:00
[2024-09-01T23:56:16.825+0000] {processor.py:208} INFO - Processing /opt/airflow/dags/1-bashoperator.py took 0.248 seconds
[2024-09-01T23:56:47.010+0000] {processor.py:186} INFO - Started process (PID=1071) to work on /opt/airflow/dags/1-bashoperator.py
[2024-09-01T23:56:47.031+0000] {processor.py:914} INFO - Processing file /opt/airflow/dags/1-bashoperator.py for tasks to queue
[2024-09-01T23:56:47.036+0000] {logging_mixin.py:190} INFO - [2024-09-01T23:56:47.035+0000] {dagbag.py:587} INFO - Filling up the DagBag from /opt/airflow/dags/1-bashoperator.py
[2024-09-01T23:56:47.057+0000] {processor.py:925} INFO - DAG(s) 'basoperator' retrieved from /opt/airflow/dags/1-bashoperator.py
[2024-09-01T23:56:47.122+0000] {logging_mixin.py:190} INFO - [2024-09-01T23:56:47.121+0000] {dag.py:3211} INFO - Sync 1 DAGs
[2024-09-01T23:56:47.196+0000] {logging_mixin.py:190} INFO - [2024-09-01T23:56:47.195+0000] {dag.py:4138} INFO - Setting next_dagrun for basoperator to 2024-08-24 00:00:00+00:00, run_after=2024-08-25 00:00:00+00:00
[2024-09-01T23:56:47.237+0000] {processor.py:208} INFO - Processing /opt/airflow/dags/1-bashoperator.py took 0.241 seconds
[2024-09-01T23:57:17.433+0000] {processor.py:186} INFO - Started process (PID=1082) to work on /opt/airflow/dags/1-bashoperator.py
[2024-09-01T23:57:17.455+0000] {processor.py:914} INFO - Processing file /opt/airflow/dags/1-bashoperator.py for tasks to queue
[2024-09-01T23:57:17.460+0000] {logging_mixin.py:190} INFO - [2024-09-01T23:57:17.459+0000] {dagbag.py:587} INFO - Filling up the DagBag from /opt/airflow/dags/1-bashoperator.py
[2024-09-01T23:57:17.479+0000] {processor.py:925} INFO - DAG(s) 'basoperator' retrieved from /opt/airflow/dags/1-bashoperator.py
[2024-09-01T23:57:17.542+0000] {logging_mixin.py:190} INFO - [2024-09-01T23:57:17.541+0000] {dag.py:3211} INFO - Sync 1 DAGs
[2024-09-01T23:57:17.610+0000] {logging_mixin.py:190} INFO - [2024-09-01T23:57:17.609+0000] {dag.py:4138} INFO - Setting next_dagrun for basoperator to 2024-08-24 00:00:00+00:00, run_after=2024-08-25 00:00:00+00:00
[2024-09-01T23:57:17.647+0000] {processor.py:208} INFO - Processing /opt/airflow/dags/1-bashoperator.py took 0.224 seconds
[2024-09-01T23:57:48.512+0000] {processor.py:186} INFO - Started process (PID=1094) to work on /opt/airflow/dags/1-bashoperator.py
[2024-09-01T23:57:48.535+0000] {processor.py:914} INFO - Processing file /opt/airflow/dags/1-bashoperator.py for tasks to queue
[2024-09-01T23:57:48.540+0000] {logging_mixin.py:190} INFO - [2024-09-01T23:57:48.539+0000] {dagbag.py:587} INFO - Filling up the DagBag from /opt/airflow/dags/1-bashoperator.py
[2024-09-01T23:57:48.565+0000] {processor.py:925} INFO - DAG(s) 'basoperator' retrieved from /opt/airflow/dags/1-bashoperator.py
[2024-09-01T23:57:48.632+0000] {logging_mixin.py:190} INFO - [2024-09-01T23:57:48.632+0000] {dag.py:3211} INFO - Sync 1 DAGs
[2024-09-01T23:57:48.708+0000] {logging_mixin.py:190} INFO - [2024-09-01T23:57:48.707+0000] {dag.py:4138} INFO - Setting next_dagrun for basoperator to 2024-08-24 00:00:00+00:00, run_after=2024-08-25 00:00:00+00:00
[2024-09-01T23:57:48.757+0000] {processor.py:208} INFO - Processing /opt/airflow/dags/1-bashoperator.py took 0.266 seconds
[2024-09-01T23:58:19.770+0000] {processor.py:186} INFO - Started process (PID=1106) to work on /opt/airflow/dags/1-bashoperator.py
[2024-09-01T23:58:19.791+0000] {processor.py:914} INFO - Processing file /opt/airflow/dags/1-bashoperator.py for tasks to queue
[2024-09-01T23:58:19.796+0000] {logging_mixin.py:190} INFO - [2024-09-01T23:58:19.795+0000] {dagbag.py:587} INFO - Filling up the DagBag from /opt/airflow/dags/1-bashoperator.py
[2024-09-01T23:58:19.815+0000] {processor.py:925} INFO - DAG(s) 'basoperator' retrieved from /opt/airflow/dags/1-bashoperator.py
[2024-09-01T23:58:19.866+0000] {logging_mixin.py:190} INFO - [2024-09-01T23:58:19.865+0000] {dag.py:3211} INFO - Sync 1 DAGs
[2024-09-01T23:58:19.928+0000] {logging_mixin.py:190} INFO - [2024-09-01T23:58:19.927+0000] {dag.py:4138} INFO - Setting next_dagrun for basoperator to 2024-08-24 00:00:00+00:00, run_after=2024-08-25 00:00:00+00:00
[2024-09-01T23:58:19.970+0000] {processor.py:208} INFO - Processing /opt/airflow/dags/1-bashoperator.py took 0.212 seconds
[2024-09-01T23:58:50.751+0000] {processor.py:186} INFO - Started process (PID=1118) to work on /opt/airflow/dags/1-bashoperator.py
[2024-09-01T23:58:50.771+0000] {processor.py:914} INFO - Processing file /opt/airflow/dags/1-bashoperator.py for tasks to queue
[2024-09-01T23:58:50.776+0000] {logging_mixin.py:190} INFO - [2024-09-01T23:58:50.776+0000] {dagbag.py:587} INFO - Filling up the DagBag from /opt/airflow/dags/1-bashoperator.py
[2024-09-01T23:58:50.802+0000] {processor.py:925} INFO - DAG(s) 'basoperator' retrieved from /opt/airflow/dags/1-bashoperator.py
[2024-09-01T23:58:50.886+0000] {logging_mixin.py:190} INFO - [2024-09-01T23:58:50.886+0000] {dag.py:3211} INFO - Sync 1 DAGs
[2024-09-01T23:58:50.962+0000] {logging_mixin.py:190} INFO - [2024-09-01T23:58:50.962+0000] {dag.py:4138} INFO - Setting next_dagrun for basoperator to 2024-08-24 00:00:00+00:00, run_after=2024-08-25 00:00:00+00:00
[2024-09-01T23:58:51.002+0000] {processor.py:208} INFO - Processing /opt/airflow/dags/1-bashoperator.py took 0.266 seconds
[2024-09-01T23:59:21.759+0000] {processor.py:186} INFO - Started process (PID=1130) to work on /opt/airflow/dags/1-bashoperator.py
[2024-09-01T23:59:21.784+0000] {processor.py:914} INFO - Processing file /opt/airflow/dags/1-bashoperator.py for tasks to queue
[2024-09-01T23:59:21.788+0000] {logging_mixin.py:190} INFO - [2024-09-01T23:59:21.788+0000] {dagbag.py:587} INFO - Filling up the DagBag from /opt/airflow/dags/1-bashoperator.py
[2024-09-01T23:59:21.852+0000] {processor.py:925} INFO - DAG(s) 'basoperator' retrieved from /opt/airflow/dags/1-bashoperator.py
[2024-09-01T23:59:21.909+0000] {logging_mixin.py:190} INFO - [2024-09-01T23:59:21.908+0000] {dag.py:3211} INFO - Sync 1 DAGs
[2024-09-01T23:59:21.981+0000] {logging_mixin.py:190} INFO - [2024-09-01T23:59:21.981+0000] {dag.py:4138} INFO - Setting next_dagrun for basoperator to 2024-08-24 00:00:00+00:00, run_after=2024-08-25 00:00:00+00:00
[2024-09-01T23:59:22.039+0000] {processor.py:208} INFO - Processing /opt/airflow/dags/1-bashoperator.py took 0.295 seconds
[2024-09-01T23:59:52.452+0000] {processor.py:186} INFO - Started process (PID=1141) to work on /opt/airflow/dags/1-bashoperator.py
[2024-09-01T23:59:52.474+0000] {processor.py:914} INFO - Processing file /opt/airflow/dags/1-bashoperator.py for tasks to queue
[2024-09-01T23:59:52.478+0000] {logging_mixin.py:190} INFO - [2024-09-01T23:59:52.477+0000] {dagbag.py:587} INFO - Filling up the DagBag from /opt/airflow/dags/1-bashoperator.py
[2024-09-01T23:59:52.495+0000] {processor.py:925} INFO - DAG(s) 'basoperator' retrieved from /opt/airflow/dags/1-bashoperator.py
[2024-09-01T23:59:52.546+0000] {logging_mixin.py:190} INFO - [2024-09-01T23:59:52.545+0000] {dag.py:3211} INFO - Sync 1 DAGs
[2024-09-01T23:59:52.598+0000] {logging_mixin.py:190} INFO - [2024-09-01T23:59:52.597+0000] {dag.py:4138} INFO - Setting next_dagrun for basoperator to 2024-08-24 00:00:00+00:00, run_after=2024-08-25 00:00:00+00:00
[2024-09-01T23:59:52.633+0000] {processor.py:208} INFO - Processing /opt/airflow/dags/1-bashoperator.py took 0.190 seconds
