[2024-09-01T23:13:41.110+0000] {processor.py:186} INFO - Started process (PID=64) to work on /opt/airflow/dags/2-pythonoperator.py
[2024-09-01T23:13:41.111+0000] {processor.py:914} INFO - Processing file /opt/airflow/dags/2-pythonoperator.py for tasks to queue
[2024-09-01T23:13:41.115+0000] {logging_mixin.py:190} INFO - [2024-09-01T23:13:41.115+0000] {dagbag.py:587} INFO - Filling up the DagBag from /opt/airflow/dags/2-pythonoperator.py
[2024-09-01T23:13:41.141+0000] {processor.py:925} INFO - DAG(s) 'pythonoperator' retrieved from /opt/airflow/dags/2-pythonoperator.py
[2024-09-01T23:13:41.196+0000] {logging_mixin.py:190} INFO - [2024-09-01T23:13:41.195+0000] {dag.py:3211} INFO - Sync 1 DAGs
[2024-09-01T23:13:41.259+0000] {logging_mixin.py:190} INFO - [2024-09-01T23:13:41.258+0000] {dag.py:4138} INFO - Setting next_dagrun for pythonoperator to None, run_after=None
[2024-09-01T23:13:41.305+0000] {processor.py:208} INFO - Processing /opt/airflow/dags/2-pythonoperator.py took 0.207 seconds
[2024-09-01T23:14:12.024+0000] {processor.py:186} INFO - Started process (PID=76) to work on /opt/airflow/dags/2-pythonoperator.py
[2024-09-01T23:14:12.026+0000] {processor.py:914} INFO - Processing file /opt/airflow/dags/2-pythonoperator.py for tasks to queue
[2024-09-01T23:14:12.029+0000] {logging_mixin.py:190} INFO - [2024-09-01T23:14:12.028+0000] {dagbag.py:587} INFO - Filling up the DagBag from /opt/airflow/dags/2-pythonoperator.py
[2024-09-01T23:14:12.040+0000] {processor.py:925} INFO - DAG(s) 'pythonoperator' retrieved from /opt/airflow/dags/2-pythonoperator.py
[2024-09-01T23:14:12.076+0000] {logging_mixin.py:190} INFO - [2024-09-01T23:14:12.075+0000] {dag.py:3211} INFO - Sync 1 DAGs
[2024-09-01T23:14:12.111+0000] {logging_mixin.py:190} INFO - [2024-09-01T23:14:12.111+0000] {dag.py:4138} INFO - Setting next_dagrun for pythonoperator to None, run_after=None
[2024-09-01T23:14:12.140+0000] {processor.py:208} INFO - Processing /opt/airflow/dags/2-pythonoperator.py took 0.125 seconds
[2024-09-01T23:14:42.820+0000] {processor.py:186} INFO - Started process (PID=88) to work on /opt/airflow/dags/2-pythonoperator.py
[2024-09-01T23:14:42.822+0000] {processor.py:914} INFO - Processing file /opt/airflow/dags/2-pythonoperator.py for tasks to queue
[2024-09-01T23:14:42.827+0000] {logging_mixin.py:190} INFO - [2024-09-01T23:14:42.826+0000] {dagbag.py:587} INFO - Filling up the DagBag from /opt/airflow/dags/2-pythonoperator.py
[2024-09-01T23:14:42.845+0000] {processor.py:925} INFO - DAG(s) 'pythonoperator' retrieved from /opt/airflow/dags/2-pythonoperator.py
[2024-09-01T23:14:42.889+0000] {logging_mixin.py:190} INFO - [2024-09-01T23:14:42.889+0000] {dag.py:3211} INFO - Sync 1 DAGs
[2024-09-01T23:14:42.938+0000] {logging_mixin.py:190} INFO - [2024-09-01T23:14:42.937+0000] {dag.py:4138} INFO - Setting next_dagrun for pythonoperator to None, run_after=None
[2024-09-01T23:14:42.974+0000] {processor.py:208} INFO - Processing /opt/airflow/dags/2-pythonoperator.py took 0.169 seconds
[2024-09-01T23:15:13.615+0000] {processor.py:186} INFO - Started process (PID=100) to work on /opt/airflow/dags/2-pythonoperator.py
[2024-09-01T23:15:13.616+0000] {processor.py:914} INFO - Processing file /opt/airflow/dags/2-pythonoperator.py for tasks to queue
[2024-09-01T23:15:13.622+0000] {logging_mixin.py:190} INFO - [2024-09-01T23:15:13.621+0000] {dagbag.py:587} INFO - Filling up the DagBag from /opt/airflow/dags/2-pythonoperator.py
[2024-09-01T23:15:13.637+0000] {processor.py:925} INFO - DAG(s) 'pythonoperator' retrieved from /opt/airflow/dags/2-pythonoperator.py
[2024-09-01T23:15:13.674+0000] {logging_mixin.py:190} INFO - [2024-09-01T23:15:13.674+0000] {dag.py:3211} INFO - Sync 1 DAGs
[2024-09-01T23:15:13.714+0000] {logging_mixin.py:190} INFO - [2024-09-01T23:15:13.713+0000] {dag.py:4138} INFO - Setting next_dagrun for pythonoperator to None, run_after=None
[2024-09-01T23:15:13.741+0000] {processor.py:208} INFO - Processing /opt/airflow/dags/2-pythonoperator.py took 0.137 seconds
[2024-09-01T23:15:44.946+0000] {processor.py:186} INFO - Started process (PID=111) to work on /opt/airflow/dags/2-pythonoperator.py
[2024-09-01T23:15:45.017+0000] {processor.py:914} INFO - Processing file /opt/airflow/dags/2-pythonoperator.py for tasks to queue
[2024-09-01T23:15:45.026+0000] {logging_mixin.py:190} INFO - [2024-09-01T23:15:45.025+0000] {dagbag.py:587} INFO - Filling up the DagBag from /opt/airflow/dags/2-pythonoperator.py
[2024-09-01T23:15:45.115+0000] {processor.py:925} INFO - DAG(s) 'pythonoperator' retrieved from /opt/airflow/dags/2-pythonoperator.py
[2024-09-01T23:15:45.291+0000] {logging_mixin.py:190} INFO - [2024-09-01T23:15:45.290+0000] {dag.py:3211} INFO - Sync 1 DAGs
[2024-09-01T23:15:45.351+0000] {logging_mixin.py:190} INFO - [2024-09-01T23:15:45.351+0000] {dag.py:4138} INFO - Setting next_dagrun for pythonoperator to None, run_after=None
[2024-09-01T23:15:45.394+0000] {processor.py:208} INFO - Processing /opt/airflow/dags/2-pythonoperator.py took 0.494 seconds
[2024-09-01T23:16:15.679+0000] {processor.py:186} INFO - Started process (PID=124) to work on /opt/airflow/dags/2-pythonoperator.py
[2024-09-01T23:16:15.680+0000] {processor.py:914} INFO - Processing file /opt/airflow/dags/2-pythonoperator.py for tasks to queue
[2024-09-01T23:16:15.684+0000] {logging_mixin.py:190} INFO - [2024-09-01T23:16:15.683+0000] {dagbag.py:587} INFO - Filling up the DagBag from /opt/airflow/dags/2-pythonoperator.py
[2024-09-01T23:16:15.697+0000] {processor.py:925} INFO - DAG(s) 'pythonoperator' retrieved from /opt/airflow/dags/2-pythonoperator.py
[2024-09-01T23:16:15.745+0000] {logging_mixin.py:190} INFO - [2024-09-01T23:16:15.744+0000] {dag.py:3211} INFO - Sync 1 DAGs
[2024-09-01T23:16:16.010+0000] {logging_mixin.py:190} INFO - [2024-09-01T23:16:16.009+0000] {dag.py:4138} INFO - Setting next_dagrun for pythonoperator to None, run_after=None
[2024-09-01T23:16:16.039+0000] {processor.py:208} INFO - Processing /opt/airflow/dags/2-pythonoperator.py took 0.371 seconds
[2024-09-01T23:16:46.812+0000] {processor.py:186} INFO - Started process (PID=136) to work on /opt/airflow/dags/2-pythonoperator.py
[2024-09-01T23:16:46.905+0000] {processor.py:914} INFO - Processing file /opt/airflow/dags/2-pythonoperator.py for tasks to queue
[2024-09-01T23:16:46.910+0000] {logging_mixin.py:190} INFO - [2024-09-01T23:16:46.909+0000] {dagbag.py:587} INFO - Filling up the DagBag from /opt/airflow/dags/2-pythonoperator.py
[2024-09-01T23:16:46.928+0000] {processor.py:925} INFO - DAG(s) 'pythonoperator' retrieved from /opt/airflow/dags/2-pythonoperator.py
[2024-09-01T23:16:46.988+0000] {logging_mixin.py:190} INFO - [2024-09-01T23:16:46.987+0000] {dag.py:3211} INFO - Sync 1 DAGs
[2024-09-01T23:16:47.226+0000] {logging_mixin.py:190} INFO - [2024-09-01T23:16:47.226+0000] {dag.py:4138} INFO - Setting next_dagrun for pythonoperator to None, run_after=None
[2024-09-01T23:16:47.271+0000] {processor.py:208} INFO - Processing /opt/airflow/dags/2-pythonoperator.py took 0.470 seconds
[2024-09-01T23:17:17.812+0000] {processor.py:186} INFO - Started process (PID=148) to work on /opt/airflow/dags/2-pythonoperator.py
[2024-09-01T23:17:17.813+0000] {processor.py:914} INFO - Processing file /opt/airflow/dags/2-pythonoperator.py for tasks to queue
[2024-09-01T23:17:17.816+0000] {logging_mixin.py:190} INFO - [2024-09-01T23:17:17.816+0000] {dagbag.py:587} INFO - Filling up the DagBag from /opt/airflow/dags/2-pythonoperator.py
[2024-09-01T23:17:17.835+0000] {processor.py:925} INFO - DAG(s) 'pythonoperator' retrieved from /opt/airflow/dags/2-pythonoperator.py
[2024-09-01T23:17:18.147+0000] {logging_mixin.py:190} INFO - [2024-09-01T23:17:18.147+0000] {dag.py:3211} INFO - Sync 1 DAGs
[2024-09-01T23:17:18.198+0000] {logging_mixin.py:190} INFO - [2024-09-01T23:17:18.198+0000] {dag.py:4138} INFO - Setting next_dagrun for pythonoperator to None, run_after=None
[2024-09-01T23:17:18.236+0000] {processor.py:208} INFO - Processing /opt/airflow/dags/2-pythonoperator.py took 0.438 seconds
[2024-09-01T23:17:48.355+0000] {processor.py:186} INFO - Started process (PID=160) to work on /opt/airflow/dags/2-pythonoperator.py
[2024-09-01T23:17:48.379+0000] {processor.py:914} INFO - Processing file /opt/airflow/dags/2-pythonoperator.py for tasks to queue
[2024-09-01T23:17:48.646+0000] {logging_mixin.py:190} INFO - [2024-09-01T23:17:48.645+0000] {dagbag.py:587} INFO - Filling up the DagBag from /opt/airflow/dags/2-pythonoperator.py
[2024-09-01T23:17:48.659+0000] {processor.py:925} INFO - DAG(s) 'pythonoperator' retrieved from /opt/airflow/dags/2-pythonoperator.py
[2024-09-01T23:17:48.705+0000] {logging_mixin.py:190} INFO - [2024-09-01T23:17:48.705+0000] {dag.py:3211} INFO - Sync 1 DAGs
[2024-09-01T23:17:48.752+0000] {logging_mixin.py:190} INFO - [2024-09-01T23:17:48.752+0000] {dag.py:4138} INFO - Setting next_dagrun for pythonoperator to None, run_after=None
[2024-09-01T23:17:48.780+0000] {processor.py:208} INFO - Processing /opt/airflow/dags/2-pythonoperator.py took 0.438 seconds
[2024-09-01T23:18:19.515+0000] {processor.py:186} INFO - Started process (PID=171) to work on /opt/airflow/dags/2-pythonoperator.py
[2024-09-01T23:18:19.516+0000] {processor.py:914} INFO - Processing file /opt/airflow/dags/2-pythonoperator.py for tasks to queue
[2024-09-01T23:18:19.520+0000] {logging_mixin.py:190} INFO - [2024-09-01T23:18:19.520+0000] {dagbag.py:587} INFO - Filling up the DagBag from /opt/airflow/dags/2-pythonoperator.py
[2024-09-01T23:18:19.537+0000] {processor.py:925} INFO - DAG(s) 'pythonoperator' retrieved from /opt/airflow/dags/2-pythonoperator.py
[2024-09-01T23:18:19.592+0000] {logging_mixin.py:190} INFO - [2024-09-01T23:18:19.592+0000] {dag.py:3211} INFO - Sync 1 DAGs
[2024-09-01T23:18:19.746+0000] {logging_mixin.py:190} INFO - [2024-09-01T23:18:19.746+0000] {dag.py:4138} INFO - Setting next_dagrun for pythonoperator to None, run_after=None
[2024-09-01T23:18:19.827+0000] {processor.py:208} INFO - Processing /opt/airflow/dags/2-pythonoperator.py took 0.323 seconds
[2024-09-01T23:18:50.607+0000] {processor.py:186} INFO - Started process (PID=182) to work on /opt/airflow/dags/2-pythonoperator.py
[2024-09-01T23:18:50.633+0000] {processor.py:914} INFO - Processing file /opt/airflow/dags/2-pythonoperator.py for tasks to queue
[2024-09-01T23:18:50.642+0000] {logging_mixin.py:190} INFO - [2024-09-01T23:18:50.641+0000] {dagbag.py:587} INFO - Filling up the DagBag from /opt/airflow/dags/2-pythonoperator.py
[2024-09-01T23:18:50.673+0000] {processor.py:925} INFO - DAG(s) 'pythonoperator' retrieved from /opt/airflow/dags/2-pythonoperator.py
[2024-09-01T23:18:50.769+0000] {logging_mixin.py:190} INFO - [2024-09-01T23:18:50.769+0000] {dag.py:3211} INFO - Sync 1 DAGs
[2024-09-01T23:18:50.879+0000] {logging_mixin.py:190} INFO - [2024-09-01T23:18:50.879+0000] {dag.py:4138} INFO - Setting next_dagrun for pythonoperator to None, run_after=None
[2024-09-01T23:18:50.937+0000] {processor.py:208} INFO - Processing /opt/airflow/dags/2-pythonoperator.py took 0.349 seconds
[2024-09-01T23:19:21.725+0000] {processor.py:186} INFO - Started process (PID=194) to work on /opt/airflow/dags/2-pythonoperator.py
[2024-09-01T23:19:21.726+0000] {processor.py:914} INFO - Processing file /opt/airflow/dags/2-pythonoperator.py for tasks to queue
[2024-09-01T23:19:21.730+0000] {logging_mixin.py:190} INFO - [2024-09-01T23:19:21.729+0000] {dagbag.py:587} INFO - Filling up the DagBag from /opt/airflow/dags/2-pythonoperator.py
[2024-09-01T23:19:21.747+0000] {processor.py:925} INFO - DAG(s) 'pythonoperator' retrieved from /opt/airflow/dags/2-pythonoperator.py
[2024-09-01T23:19:21.820+0000] {logging_mixin.py:190} INFO - [2024-09-01T23:19:21.819+0000] {dag.py:3211} INFO - Sync 1 DAGs
[2024-09-01T23:19:21.864+0000] {logging_mixin.py:190} INFO - [2024-09-01T23:19:21.864+0000] {dag.py:4138} INFO - Setting next_dagrun for pythonoperator to None, run_after=None
[2024-09-01T23:19:21.891+0000] {processor.py:208} INFO - Processing /opt/airflow/dags/2-pythonoperator.py took 0.175 seconds
[2024-09-01T23:19:52.403+0000] {processor.py:186} INFO - Started process (PID=205) to work on /opt/airflow/dags/2-pythonoperator.py
[2024-09-01T23:19:52.493+0000] {processor.py:914} INFO - Processing file /opt/airflow/dags/2-pythonoperator.py for tasks to queue
[2024-09-01T23:19:52.498+0000] {logging_mixin.py:190} INFO - [2024-09-01T23:19:52.497+0000] {dagbag.py:587} INFO - Filling up the DagBag from /opt/airflow/dags/2-pythonoperator.py
[2024-09-01T23:19:52.512+0000] {processor.py:925} INFO - DAG(s) 'pythonoperator' retrieved from /opt/airflow/dags/2-pythonoperator.py
[2024-09-01T23:19:52.565+0000] {logging_mixin.py:190} INFO - [2024-09-01T23:19:52.565+0000] {dag.py:3211} INFO - Sync 1 DAGs
[2024-09-01T23:19:52.621+0000] {logging_mixin.py:190} INFO - [2024-09-01T23:19:52.620+0000] {dag.py:4138} INFO - Setting next_dagrun for pythonoperator to None, run_after=None
[2024-09-01T23:19:52.652+0000] {processor.py:208} INFO - Processing /opt/airflow/dags/2-pythonoperator.py took 0.257 seconds
[2024-09-01T23:20:23.312+0000] {processor.py:186} INFO - Started process (PID=217) to work on /opt/airflow/dags/2-pythonoperator.py
[2024-09-01T23:20:23.313+0000] {processor.py:914} INFO - Processing file /opt/airflow/dags/2-pythonoperator.py for tasks to queue
[2024-09-01T23:20:23.320+0000] {logging_mixin.py:190} INFO - [2024-09-01T23:20:23.319+0000] {dagbag.py:587} INFO - Filling up the DagBag from /opt/airflow/dags/2-pythonoperator.py
[2024-09-01T23:20:23.341+0000] {processor.py:925} INFO - DAG(s) 'pythonoperator' retrieved from /opt/airflow/dags/2-pythonoperator.py
[2024-09-01T23:20:23.402+0000] {logging_mixin.py:190} INFO - [2024-09-01T23:20:23.401+0000] {dag.py:3211} INFO - Sync 1 DAGs
[2024-09-01T23:20:23.467+0000] {logging_mixin.py:190} INFO - [2024-09-01T23:20:23.466+0000] {dag.py:4138} INFO - Setting next_dagrun for pythonoperator to None, run_after=None
[2024-09-01T23:20:23.526+0000] {processor.py:208} INFO - Processing /opt/airflow/dags/2-pythonoperator.py took 0.231 seconds
[2024-09-01T23:20:54.349+0000] {processor.py:186} INFO - Started process (PID=229) to work on /opt/airflow/dags/2-pythonoperator.py
[2024-09-01T23:20:54.369+0000] {processor.py:914} INFO - Processing file /opt/airflow/dags/2-pythonoperator.py for tasks to queue
[2024-09-01T23:20:54.393+0000] {logging_mixin.py:190} INFO - [2024-09-01T23:20:54.378+0000] {dagbag.py:587} INFO - Filling up the DagBag from /opt/airflow/dags/2-pythonoperator.py
[2024-09-01T23:20:54.442+0000] {processor.py:925} INFO - DAG(s) 'pythonoperator' retrieved from /opt/airflow/dags/2-pythonoperator.py
[2024-09-01T23:20:54.538+0000] {logging_mixin.py:190} INFO - [2024-09-01T23:20:54.537+0000] {dag.py:3211} INFO - Sync 1 DAGs
[2024-09-01T23:20:54.607+0000] {logging_mixin.py:190} INFO - [2024-09-01T23:20:54.606+0000] {dag.py:4138} INFO - Setting next_dagrun for pythonoperator to None, run_after=None
[2024-09-01T23:20:54.658+0000] {processor.py:208} INFO - Processing /opt/airflow/dags/2-pythonoperator.py took 0.331 seconds
[2024-09-01T23:21:24.871+0000] {processor.py:186} INFO - Started process (PID=247) to work on /opt/airflow/dags/2-pythonoperator.py
[2024-09-01T23:21:24.873+0000] {processor.py:914} INFO - Processing file /opt/airflow/dags/2-pythonoperator.py for tasks to queue
[2024-09-01T23:21:24.877+0000] {logging_mixin.py:190} INFO - [2024-09-01T23:21:24.876+0000] {dagbag.py:587} INFO - Filling up the DagBag from /opt/airflow/dags/2-pythonoperator.py
[2024-09-01T23:21:24.893+0000] {processor.py:925} INFO - DAG(s) 'pythonoperator' retrieved from /opt/airflow/dags/2-pythonoperator.py
[2024-09-01T23:21:24.949+0000] {logging_mixin.py:190} INFO - [2024-09-01T23:21:24.948+0000] {dag.py:3211} INFO - Sync 1 DAGs
[2024-09-01T23:21:25.006+0000] {logging_mixin.py:190} INFO - [2024-09-01T23:21:25.005+0000] {dag.py:4138} INFO - Setting next_dagrun for pythonoperator to None, run_after=None
[2024-09-01T23:21:25.101+0000] {processor.py:208} INFO - Processing /opt/airflow/dags/2-pythonoperator.py took 0.246 seconds
[2024-09-01T23:21:55.323+0000] {processor.py:186} INFO - Started process (PID=258) to work on /opt/airflow/dags/2-pythonoperator.py
[2024-09-01T23:21:55.343+0000] {processor.py:914} INFO - Processing file /opt/airflow/dags/2-pythonoperator.py for tasks to queue
[2024-09-01T23:21:55.348+0000] {logging_mixin.py:190} INFO - [2024-09-01T23:21:55.347+0000] {dagbag.py:587} INFO - Filling up the DagBag from /opt/airflow/dags/2-pythonoperator.py
[2024-09-01T23:21:55.412+0000] {processor.py:925} INFO - DAG(s) 'pythonoperator' retrieved from /opt/airflow/dags/2-pythonoperator.py
[2024-09-01T23:21:55.531+0000] {logging_mixin.py:190} INFO - [2024-09-01T23:21:55.530+0000] {dag.py:3211} INFO - Sync 1 DAGs
[2024-09-01T23:21:55.626+0000] {logging_mixin.py:190} INFO - [2024-09-01T23:21:55.626+0000] {dag.py:4138} INFO - Setting next_dagrun for pythonoperator to None, run_after=None
[2024-09-01T23:21:55.666+0000] {processor.py:208} INFO - Processing /opt/airflow/dags/2-pythonoperator.py took 0.386 seconds
[2024-09-01T23:22:26.475+0000] {processor.py:186} INFO - Started process (PID=270) to work on /opt/airflow/dags/2-pythonoperator.py
[2024-09-01T23:22:26.478+0000] {processor.py:914} INFO - Processing file /opt/airflow/dags/2-pythonoperator.py for tasks to queue
[2024-09-01T23:22:26.483+0000] {logging_mixin.py:190} INFO - [2024-09-01T23:22:26.482+0000] {dagbag.py:587} INFO - Filling up the DagBag from /opt/airflow/dags/2-pythonoperator.py
[2024-09-01T23:22:26.510+0000] {processor.py:925} INFO - DAG(s) 'pythonoperator' retrieved from /opt/airflow/dags/2-pythonoperator.py
[2024-09-01T23:22:26.585+0000] {logging_mixin.py:190} INFO - [2024-09-01T23:22:26.584+0000] {dag.py:3211} INFO - Sync 1 DAGs
[2024-09-01T23:22:26.649+0000] {logging_mixin.py:190} INFO - [2024-09-01T23:22:26.649+0000] {dag.py:4138} INFO - Setting next_dagrun for pythonoperator to None, run_after=None
[2024-09-01T23:22:26.739+0000] {processor.py:208} INFO - Processing /opt/airflow/dags/2-pythonoperator.py took 0.286 seconds
[2024-09-01T23:22:57.679+0000] {processor.py:186} INFO - Started process (PID=282) to work on /opt/airflow/dags/2-pythonoperator.py
[2024-09-01T23:22:57.680+0000] {processor.py:914} INFO - Processing file /opt/airflow/dags/2-pythonoperator.py for tasks to queue
[2024-09-01T23:22:57.685+0000] {logging_mixin.py:190} INFO - [2024-09-01T23:22:57.685+0000] {dagbag.py:587} INFO - Filling up the DagBag from /opt/airflow/dags/2-pythonoperator.py
[2024-09-01T23:22:57.700+0000] {processor.py:925} INFO - DAG(s) 'pythonoperator' retrieved from /opt/airflow/dags/2-pythonoperator.py
[2024-09-01T23:22:57.743+0000] {logging_mixin.py:190} INFO - [2024-09-01T23:22:57.743+0000] {dag.py:3211} INFO - Sync 1 DAGs
[2024-09-01T23:22:57.796+0000] {logging_mixin.py:190} INFO - [2024-09-01T23:22:57.795+0000] {dag.py:4138} INFO - Setting next_dagrun for pythonoperator to None, run_after=None
[2024-09-01T23:22:57.829+0000] {processor.py:208} INFO - Processing /opt/airflow/dags/2-pythonoperator.py took 0.162 seconds
[2024-09-01T23:23:28.364+0000] {processor.py:186} INFO - Started process (PID=294) to work on /opt/airflow/dags/2-pythonoperator.py
[2024-09-01T23:23:28.365+0000] {processor.py:914} INFO - Processing file /opt/airflow/dags/2-pythonoperator.py for tasks to queue
[2024-09-01T23:23:28.368+0000] {logging_mixin.py:190} INFO - [2024-09-01T23:23:28.368+0000] {dagbag.py:587} INFO - Filling up the DagBag from /opt/airflow/dags/2-pythonoperator.py
[2024-09-01T23:23:28.384+0000] {processor.py:925} INFO - DAG(s) 'pythonoperator' retrieved from /opt/airflow/dags/2-pythonoperator.py
[2024-09-01T23:23:28.432+0000] {logging_mixin.py:190} INFO - [2024-09-01T23:23:28.432+0000] {dag.py:3211} INFO - Sync 1 DAGs
[2024-09-01T23:23:28.478+0000] {logging_mixin.py:190} INFO - [2024-09-01T23:23:28.478+0000] {dag.py:4138} INFO - Setting next_dagrun for pythonoperator to None, run_after=None
[2024-09-01T23:23:28.508+0000] {processor.py:208} INFO - Processing /opt/airflow/dags/2-pythonoperator.py took 0.155 seconds
[2024-09-01T23:23:59.192+0000] {processor.py:186} INFO - Started process (PID=306) to work on /opt/airflow/dags/2-pythonoperator.py
[2024-09-01T23:23:59.202+0000] {processor.py:914} INFO - Processing file /opt/airflow/dags/2-pythonoperator.py for tasks to queue
[2024-09-01T23:23:59.206+0000] {logging_mixin.py:190} INFO - [2024-09-01T23:23:59.206+0000] {dagbag.py:587} INFO - Filling up the DagBag from /opt/airflow/dags/2-pythonoperator.py
[2024-09-01T23:23:59.218+0000] {processor.py:925} INFO - DAG(s) 'pythonoperator' retrieved from /opt/airflow/dags/2-pythonoperator.py
[2024-09-01T23:23:59.276+0000] {logging_mixin.py:190} INFO - [2024-09-01T23:23:59.275+0000] {dag.py:3211} INFO - Sync 1 DAGs
[2024-09-01T23:23:59.406+0000] {logging_mixin.py:190} INFO - [2024-09-01T23:23:59.405+0000] {dag.py:4138} INFO - Setting next_dagrun for pythonoperator to None, run_after=None
[2024-09-01T23:23:59.449+0000] {processor.py:208} INFO - Processing /opt/airflow/dags/2-pythonoperator.py took 0.267 seconds
[2024-09-01T23:24:29.970+0000] {processor.py:186} INFO - Started process (PID=318) to work on /opt/airflow/dags/2-pythonoperator.py
[2024-09-01T23:24:29.972+0000] {processor.py:914} INFO - Processing file /opt/airflow/dags/2-pythonoperator.py for tasks to queue
[2024-09-01T23:24:29.978+0000] {logging_mixin.py:190} INFO - [2024-09-01T23:24:29.977+0000] {dagbag.py:587} INFO - Filling up the DagBag from /opt/airflow/dags/2-pythonoperator.py
[2024-09-01T23:24:29.995+0000] {processor.py:925} INFO - DAG(s) 'pythonoperator' retrieved from /opt/airflow/dags/2-pythonoperator.py
[2024-09-01T23:24:30.035+0000] {logging_mixin.py:190} INFO - [2024-09-01T23:24:30.034+0000] {dag.py:3211} INFO - Sync 1 DAGs
[2024-09-01T23:24:30.076+0000] {logging_mixin.py:190} INFO - [2024-09-01T23:24:30.076+0000] {dag.py:4138} INFO - Setting next_dagrun for pythonoperator to None, run_after=None
[2024-09-01T23:24:30.102+0000] {processor.py:208} INFO - Processing /opt/airflow/dags/2-pythonoperator.py took 0.144 seconds
[2024-09-01T23:25:00.721+0000] {processor.py:186} INFO - Started process (PID=330) to work on /opt/airflow/dags/2-pythonoperator.py
[2024-09-01T23:25:00.750+0000] {processor.py:914} INFO - Processing file /opt/airflow/dags/2-pythonoperator.py for tasks to queue
[2024-09-01T23:25:00.754+0000] {logging_mixin.py:190} INFO - [2024-09-01T23:25:00.753+0000] {dagbag.py:587} INFO - Filling up the DagBag from /opt/airflow/dags/2-pythonoperator.py
[2024-09-01T23:25:00.771+0000] {processor.py:925} INFO - DAG(s) 'pythonoperator' retrieved from /opt/airflow/dags/2-pythonoperator.py
[2024-09-01T23:25:00.828+0000] {logging_mixin.py:190} INFO - [2024-09-01T23:25:00.827+0000] {dag.py:3211} INFO - Sync 1 DAGs
[2024-09-01T23:25:00.884+0000] {logging_mixin.py:190} INFO - [2024-09-01T23:25:00.884+0000] {dag.py:4138} INFO - Setting next_dagrun for pythonoperator to None, run_after=None
[2024-09-01T23:25:00.917+0000] {processor.py:208} INFO - Processing /opt/airflow/dags/2-pythonoperator.py took 0.212 seconds
[2024-09-01T23:25:31.660+0000] {processor.py:186} INFO - Started process (PID=342) to work on /opt/airflow/dags/2-pythonoperator.py
[2024-09-01T23:25:31.662+0000] {processor.py:914} INFO - Processing file /opt/airflow/dags/2-pythonoperator.py for tasks to queue
[2024-09-01T23:25:31.667+0000] {logging_mixin.py:190} INFO - [2024-09-01T23:25:31.666+0000] {dagbag.py:587} INFO - Filling up the DagBag from /opt/airflow/dags/2-pythonoperator.py
[2024-09-01T23:25:31.684+0000] {processor.py:925} INFO - DAG(s) 'pythonoperator' retrieved from /opt/airflow/dags/2-pythonoperator.py
[2024-09-01T23:25:31.736+0000] {logging_mixin.py:190} INFO - [2024-09-01T23:25:31.735+0000] {dag.py:3211} INFO - Sync 1 DAGs
[2024-09-01T23:25:31.781+0000] {logging_mixin.py:190} INFO - [2024-09-01T23:25:31.781+0000] {dag.py:4138} INFO - Setting next_dagrun for pythonoperator to None, run_after=None
[2024-09-01T23:25:31.815+0000] {processor.py:208} INFO - Processing /opt/airflow/dags/2-pythonoperator.py took 0.169 seconds
[2024-09-01T23:26:02.653+0000] {processor.py:186} INFO - Started process (PID=354) to work on /opt/airflow/dags/2-pythonoperator.py
[2024-09-01T23:26:02.730+0000] {processor.py:914} INFO - Processing file /opt/airflow/dags/2-pythonoperator.py for tasks to queue
[2024-09-01T23:26:02.736+0000] {logging_mixin.py:190} INFO - [2024-09-01T23:26:02.735+0000] {dagbag.py:587} INFO - Filling up the DagBag from /opt/airflow/dags/2-pythonoperator.py
[2024-09-01T23:26:02.812+0000] {processor.py:925} INFO - DAG(s) 'pythonoperator' retrieved from /opt/airflow/dags/2-pythonoperator.py
[2024-09-01T23:26:02.901+0000] {logging_mixin.py:190} INFO - [2024-09-01T23:26:02.897+0000] {dag.py:3211} INFO - Sync 1 DAGs
[2024-09-01T23:26:02.981+0000] {logging_mixin.py:190} INFO - [2024-09-01T23:26:02.980+0000] {dag.py:4138} INFO - Setting next_dagrun for pythonoperator to None, run_after=None
[2024-09-01T23:26:03.025+0000] {processor.py:208} INFO - Processing /opt/airflow/dags/2-pythonoperator.py took 0.386 seconds
[2024-09-01T23:26:33.198+0000] {processor.py:186} INFO - Started process (PID=365) to work on /opt/airflow/dags/2-pythonoperator.py
[2024-09-01T23:26:33.316+0000] {processor.py:914} INFO - Processing file /opt/airflow/dags/2-pythonoperator.py for tasks to queue
[2024-09-01T23:26:33.319+0000] {logging_mixin.py:190} INFO - [2024-09-01T23:26:33.319+0000] {dagbag.py:587} INFO - Filling up the DagBag from /opt/airflow/dags/2-pythonoperator.py
[2024-09-01T23:26:33.333+0000] {processor.py:925} INFO - DAG(s) 'pythonoperator' retrieved from /opt/airflow/dags/2-pythonoperator.py
[2024-09-01T23:26:33.386+0000] {logging_mixin.py:190} INFO - [2024-09-01T23:26:33.385+0000] {dag.py:3211} INFO - Sync 1 DAGs
[2024-09-01T23:26:33.433+0000] {logging_mixin.py:190} INFO - [2024-09-01T23:26:33.433+0000] {dag.py:4138} INFO - Setting next_dagrun for pythonoperator to None, run_after=None
[2024-09-01T23:26:33.459+0000] {processor.py:208} INFO - Processing /opt/airflow/dags/2-pythonoperator.py took 0.270 seconds
[2024-09-01T23:27:04.240+0000] {processor.py:186} INFO - Started process (PID=377) to work on /opt/airflow/dags/2-pythonoperator.py
[2024-09-01T23:27:04.285+0000] {processor.py:914} INFO - Processing file /opt/airflow/dags/2-pythonoperator.py for tasks to queue
[2024-09-01T23:27:04.290+0000] {logging_mixin.py:190} INFO - [2024-09-01T23:27:04.289+0000] {dagbag.py:587} INFO - Filling up the DagBag from /opt/airflow/dags/2-pythonoperator.py
[2024-09-01T23:27:04.306+0000] {processor.py:925} INFO - DAG(s) 'pythonoperator' retrieved from /opt/airflow/dags/2-pythonoperator.py
[2024-09-01T23:27:04.357+0000] {logging_mixin.py:190} INFO - [2024-09-01T23:27:04.357+0000] {dag.py:3211} INFO - Sync 1 DAGs
[2024-09-01T23:27:04.413+0000] {logging_mixin.py:190} INFO - [2024-09-01T23:27:04.412+0000] {dag.py:4138} INFO - Setting next_dagrun for pythonoperator to None, run_after=None
[2024-09-01T23:27:04.457+0000] {processor.py:208} INFO - Processing /opt/airflow/dags/2-pythonoperator.py took 0.227 seconds
[2024-09-01T23:27:34.942+0000] {processor.py:186} INFO - Started process (PID=389) to work on /opt/airflow/dags/2-pythonoperator.py
[2024-09-01T23:27:34.986+0000] {processor.py:914} INFO - Processing file /opt/airflow/dags/2-pythonoperator.py for tasks to queue
[2024-09-01T23:27:34.992+0000] {logging_mixin.py:190} INFO - [2024-09-01T23:27:34.991+0000] {dagbag.py:587} INFO - Filling up the DagBag from /opt/airflow/dags/2-pythonoperator.py
[2024-09-01T23:27:35.011+0000] {processor.py:925} INFO - DAG(s) 'pythonoperator' retrieved from /opt/airflow/dags/2-pythonoperator.py
[2024-09-01T23:27:35.065+0000] {logging_mixin.py:190} INFO - [2024-09-01T23:27:35.065+0000] {dag.py:3211} INFO - Sync 1 DAGs
[2024-09-01T23:27:35.107+0000] {logging_mixin.py:190} INFO - [2024-09-01T23:27:35.107+0000] {dag.py:4138} INFO - Setting next_dagrun for pythonoperator to None, run_after=None
[2024-09-01T23:27:35.137+0000] {processor.py:208} INFO - Processing /opt/airflow/dags/2-pythonoperator.py took 0.208 seconds
[2024-09-01T23:28:05.690+0000] {processor.py:186} INFO - Started process (PID=401) to work on /opt/airflow/dags/2-pythonoperator.py
[2024-09-01T23:28:05.722+0000] {processor.py:914} INFO - Processing file /opt/airflow/dags/2-pythonoperator.py for tasks to queue
[2024-09-01T23:28:05.729+0000] {logging_mixin.py:190} INFO - [2024-09-01T23:28:05.728+0000] {dagbag.py:587} INFO - Filling up the DagBag from /opt/airflow/dags/2-pythonoperator.py
[2024-09-01T23:28:05.747+0000] {processor.py:925} INFO - DAG(s) 'pythonoperator' retrieved from /opt/airflow/dags/2-pythonoperator.py
[2024-09-01T23:28:05.800+0000] {logging_mixin.py:190} INFO - [2024-09-01T23:28:05.800+0000] {dag.py:3211} INFO - Sync 1 DAGs
[2024-09-01T23:28:05.844+0000] {logging_mixin.py:190} INFO - [2024-09-01T23:28:05.844+0000] {dag.py:4138} INFO - Setting next_dagrun for pythonoperator to None, run_after=None
[2024-09-01T23:28:05.878+0000] {processor.py:208} INFO - Processing /opt/airflow/dags/2-pythonoperator.py took 0.201 seconds
[2024-09-01T23:28:36.589+0000] {processor.py:186} INFO - Started process (PID=412) to work on /opt/airflow/dags/2-pythonoperator.py
[2024-09-01T23:28:36.591+0000] {processor.py:914} INFO - Processing file /opt/airflow/dags/2-pythonoperator.py for tasks to queue
[2024-09-01T23:28:36.598+0000] {logging_mixin.py:190} INFO - [2024-09-01T23:28:36.597+0000] {dagbag.py:587} INFO - Filling up the DagBag from /opt/airflow/dags/2-pythonoperator.py
[2024-09-01T23:28:36.651+0000] {processor.py:925} INFO - DAG(s) 'pythonoperator' retrieved from /opt/airflow/dags/2-pythonoperator.py
[2024-09-01T23:28:36.840+0000] {logging_mixin.py:190} INFO - [2024-09-01T23:28:36.839+0000] {dag.py:3211} INFO - Sync 1 DAGs
[2024-09-01T23:28:36.910+0000] {logging_mixin.py:190} INFO - [2024-09-01T23:28:36.910+0000] {dag.py:4138} INFO - Setting next_dagrun for pythonoperator to None, run_after=None
[2024-09-01T23:28:36.990+0000] {processor.py:208} INFO - Processing /opt/airflow/dags/2-pythonoperator.py took 0.426 seconds
[2024-09-01T23:29:07.100+0000] {processor.py:186} INFO - Started process (PID=425) to work on /opt/airflow/dags/2-pythonoperator.py
[2024-09-01T23:29:07.103+0000] {processor.py:914} INFO - Processing file /opt/airflow/dags/2-pythonoperator.py for tasks to queue
[2024-09-01T23:29:07.112+0000] {logging_mixin.py:190} INFO - [2024-09-01T23:29:07.111+0000] {dagbag.py:587} INFO - Filling up the DagBag from /opt/airflow/dags/2-pythonoperator.py
[2024-09-01T23:29:07.153+0000] {processor.py:925} INFO - DAG(s) 'pythonoperator' retrieved from /opt/airflow/dags/2-pythonoperator.py
[2024-09-01T23:29:07.238+0000] {logging_mixin.py:190} INFO - [2024-09-01T23:29:07.237+0000] {dag.py:3211} INFO - Sync 1 DAGs
[2024-09-01T23:29:07.306+0000] {logging_mixin.py:190} INFO - [2024-09-01T23:29:07.306+0000] {dag.py:4138} INFO - Setting next_dagrun for pythonoperator to None, run_after=None
[2024-09-01T23:29:07.369+0000] {processor.py:208} INFO - Processing /opt/airflow/dags/2-pythonoperator.py took 0.309 seconds
[2024-09-01T23:29:38.121+0000] {processor.py:186} INFO - Started process (PID=436) to work on /opt/airflow/dags/2-pythonoperator.py
[2024-09-01T23:29:38.129+0000] {processor.py:914} INFO - Processing file /opt/airflow/dags/2-pythonoperator.py for tasks to queue
[2024-09-01T23:29:38.133+0000] {logging_mixin.py:190} INFO - [2024-09-01T23:29:38.132+0000] {dagbag.py:587} INFO - Filling up the DagBag from /opt/airflow/dags/2-pythonoperator.py
[2024-09-01T23:29:38.152+0000] {processor.py:925} INFO - DAG(s) 'pythonoperator' retrieved from /opt/airflow/dags/2-pythonoperator.py
[2024-09-01T23:29:38.207+0000] {logging_mixin.py:190} INFO - [2024-09-01T23:29:38.206+0000] {dag.py:3211} INFO - Sync 1 DAGs
[2024-09-01T23:29:38.292+0000] {logging_mixin.py:190} INFO - [2024-09-01T23:29:38.291+0000] {dag.py:4138} INFO - Setting next_dagrun for pythonoperator to None, run_after=None
[2024-09-01T23:29:38.330+0000] {processor.py:208} INFO - Processing /opt/airflow/dags/2-pythonoperator.py took 0.231 seconds
[2024-09-01T23:30:09.105+0000] {processor.py:186} INFO - Started process (PID=448) to work on /opt/airflow/dags/2-pythonoperator.py
[2024-09-01T23:30:09.107+0000] {processor.py:914} INFO - Processing file /opt/airflow/dags/2-pythonoperator.py for tasks to queue
[2024-09-01T23:30:09.112+0000] {logging_mixin.py:190} INFO - [2024-09-01T23:30:09.112+0000] {dagbag.py:587} INFO - Filling up the DagBag from /opt/airflow/dags/2-pythonoperator.py
[2024-09-01T23:30:09.129+0000] {processor.py:925} INFO - DAG(s) 'pythonoperator' retrieved from /opt/airflow/dags/2-pythonoperator.py
[2024-09-01T23:30:09.186+0000] {logging_mixin.py:190} INFO - [2024-09-01T23:30:09.185+0000] {dag.py:3211} INFO - Sync 1 DAGs
[2024-09-01T23:30:09.249+0000] {logging_mixin.py:190} INFO - [2024-09-01T23:30:09.248+0000] {dag.py:4138} INFO - Setting next_dagrun for pythonoperator to None, run_after=None
[2024-09-01T23:30:09.283+0000] {processor.py:208} INFO - Processing /opt/airflow/dags/2-pythonoperator.py took 0.190 seconds
[2024-09-01T23:30:39.992+0000] {processor.py:186} INFO - Started process (PID=460) to work on /opt/airflow/dags/2-pythonoperator.py
[2024-09-01T23:30:40.022+0000] {processor.py:914} INFO - Processing file /opt/airflow/dags/2-pythonoperator.py for tasks to queue
[2024-09-01T23:30:40.026+0000] {logging_mixin.py:190} INFO - [2024-09-01T23:30:40.026+0000] {dagbag.py:587} INFO - Filling up the DagBag from /opt/airflow/dags/2-pythonoperator.py
[2024-09-01T23:30:40.041+0000] {processor.py:925} INFO - DAG(s) 'pythonoperator' retrieved from /opt/airflow/dags/2-pythonoperator.py
[2024-09-01T23:30:40.095+0000] {logging_mixin.py:190} INFO - [2024-09-01T23:30:40.094+0000] {dag.py:3211} INFO - Sync 1 DAGs
[2024-09-01T23:30:40.146+0000] {logging_mixin.py:190} INFO - [2024-09-01T23:30:40.145+0000] {dag.py:4138} INFO - Setting next_dagrun for pythonoperator to None, run_after=None
[2024-09-01T23:30:40.180+0000] {processor.py:208} INFO - Processing /opt/airflow/dags/2-pythonoperator.py took 0.199 seconds
[2024-09-01T23:31:10.667+0000] {processor.py:186} INFO - Started process (PID=472) to work on /opt/airflow/dags/2-pythonoperator.py
[2024-09-01T23:31:10.690+0000] {processor.py:914} INFO - Processing file /opt/airflow/dags/2-pythonoperator.py for tasks to queue
[2024-09-01T23:31:10.694+0000] {logging_mixin.py:190} INFO - [2024-09-01T23:31:10.694+0000] {dagbag.py:587} INFO - Filling up the DagBag from /opt/airflow/dags/2-pythonoperator.py
[2024-09-01T23:31:10.711+0000] {processor.py:925} INFO - DAG(s) 'pythonoperator' retrieved from /opt/airflow/dags/2-pythonoperator.py
[2024-09-01T23:31:10.752+0000] {logging_mixin.py:190} INFO - [2024-09-01T23:31:10.751+0000] {dag.py:3211} INFO - Sync 1 DAGs
[2024-09-01T23:31:10.799+0000] {logging_mixin.py:190} INFO - [2024-09-01T23:31:10.799+0000] {dag.py:4138} INFO - Setting next_dagrun for pythonoperator to None, run_after=None
[2024-09-01T23:31:10.834+0000] {processor.py:208} INFO - Processing /opt/airflow/dags/2-pythonoperator.py took 0.180 seconds
[2024-09-01T23:31:41.595+0000] {processor.py:186} INFO - Started process (PID=484) to work on /opt/airflow/dags/2-pythonoperator.py
[2024-09-01T23:31:41.614+0000] {processor.py:914} INFO - Processing file /opt/airflow/dags/2-pythonoperator.py for tasks to queue
[2024-09-01T23:31:41.619+0000] {logging_mixin.py:190} INFO - [2024-09-01T23:31:41.618+0000] {dagbag.py:587} INFO - Filling up the DagBag from /opt/airflow/dags/2-pythonoperator.py
[2024-09-01T23:31:41.648+0000] {processor.py:925} INFO - DAG(s) 'pythonoperator' retrieved from /opt/airflow/dags/2-pythonoperator.py
[2024-09-01T23:31:41.736+0000] {logging_mixin.py:190} INFO - [2024-09-01T23:31:41.735+0000] {dag.py:3211} INFO - Sync 1 DAGs
[2024-09-01T23:31:41.808+0000] {logging_mixin.py:190} INFO - [2024-09-01T23:31:41.807+0000] {dag.py:4138} INFO - Setting next_dagrun for pythonoperator to None, run_after=None
[2024-09-01T23:31:41.872+0000] {processor.py:208} INFO - Processing /opt/airflow/dags/2-pythonoperator.py took 0.295 seconds
[2024-09-01T23:32:12.019+0000] {processor.py:186} INFO - Started process (PID=496) to work on /opt/airflow/dags/2-pythonoperator.py
[2024-09-01T23:32:12.049+0000] {processor.py:914} INFO - Processing file /opt/airflow/dags/2-pythonoperator.py for tasks to queue
[2024-09-01T23:32:12.054+0000] {logging_mixin.py:190} INFO - [2024-09-01T23:32:12.054+0000] {dagbag.py:587} INFO - Filling up the DagBag from /opt/airflow/dags/2-pythonoperator.py
[2024-09-01T23:32:12.071+0000] {processor.py:925} INFO - DAG(s) 'pythonoperator' retrieved from /opt/airflow/dags/2-pythonoperator.py
[2024-09-01T23:32:12.117+0000] {logging_mixin.py:190} INFO - [2024-09-01T23:32:12.117+0000] {dag.py:3211} INFO - Sync 1 DAGs
[2024-09-01T23:32:12.175+0000] {logging_mixin.py:190} INFO - [2024-09-01T23:32:12.175+0000] {dag.py:4138} INFO - Setting next_dagrun for pythonoperator to None, run_after=None
[2024-09-01T23:32:12.212+0000] {processor.py:208} INFO - Processing /opt/airflow/dags/2-pythonoperator.py took 0.203 seconds
[2024-09-01T23:32:42.369+0000] {processor.py:186} INFO - Started process (PID=508) to work on /opt/airflow/dags/2-pythonoperator.py
[2024-09-01T23:32:42.442+0000] {processor.py:914} INFO - Processing file /opt/airflow/dags/2-pythonoperator.py for tasks to queue
[2024-09-01T23:32:42.446+0000] {logging_mixin.py:190} INFO - [2024-09-01T23:32:42.445+0000] {dagbag.py:587} INFO - Filling up the DagBag from /opt/airflow/dags/2-pythonoperator.py
[2024-09-01T23:32:42.460+0000] {processor.py:925} INFO - DAG(s) 'pythonoperator' retrieved from /opt/airflow/dags/2-pythonoperator.py
[2024-09-01T23:32:42.506+0000] {logging_mixin.py:190} INFO - [2024-09-01T23:32:42.505+0000] {dag.py:3211} INFO - Sync 1 DAGs
[2024-09-01T23:32:42.567+0000] {logging_mixin.py:190} INFO - [2024-09-01T23:32:42.566+0000] {dag.py:4138} INFO - Setting next_dagrun for pythonoperator to None, run_after=None
[2024-09-01T23:32:42.610+0000] {processor.py:208} INFO - Processing /opt/airflow/dags/2-pythonoperator.py took 0.256 seconds
[2024-09-01T23:33:12.706+0000] {processor.py:186} INFO - Started process (PID=520) to work on /opt/airflow/dags/2-pythonoperator.py
[2024-09-01T23:33:12.723+0000] {processor.py:914} INFO - Processing file /opt/airflow/dags/2-pythonoperator.py for tasks to queue
[2024-09-01T23:33:12.732+0000] {logging_mixin.py:190} INFO - [2024-09-01T23:33:12.731+0000] {dagbag.py:587} INFO - Filling up the DagBag from /opt/airflow/dags/2-pythonoperator.py
[2024-09-01T23:33:12.752+0000] {processor.py:925} INFO - DAG(s) 'pythonoperator' retrieved from /opt/airflow/dags/2-pythonoperator.py
[2024-09-01T23:33:12.810+0000] {logging_mixin.py:190} INFO - [2024-09-01T23:33:12.810+0000] {dag.py:3211} INFO - Sync 1 DAGs
[2024-09-01T23:33:12.869+0000] {logging_mixin.py:190} INFO - [2024-09-01T23:33:12.868+0000] {dag.py:4138} INFO - Setting next_dagrun for pythonoperator to None, run_after=None
[2024-09-01T23:33:12.920+0000] {processor.py:208} INFO - Processing /opt/airflow/dags/2-pythonoperator.py took 0.229 seconds
[2024-09-01T23:33:43.083+0000] {processor.py:186} INFO - Started process (PID=532) to work on /opt/airflow/dags/2-pythonoperator.py
[2024-09-01T23:33:43.103+0000] {processor.py:914} INFO - Processing file /opt/airflow/dags/2-pythonoperator.py for tasks to queue
[2024-09-01T23:33:43.108+0000] {logging_mixin.py:190} INFO - [2024-09-01T23:33:43.107+0000] {dagbag.py:587} INFO - Filling up the DagBag from /opt/airflow/dags/2-pythonoperator.py
[2024-09-01T23:33:43.137+0000] {processor.py:925} INFO - DAG(s) 'pythonoperator' retrieved from /opt/airflow/dags/2-pythonoperator.py
[2024-09-01T23:33:43.212+0000] {logging_mixin.py:190} INFO - [2024-09-01T23:33:43.211+0000] {dag.py:3211} INFO - Sync 1 DAGs
[2024-09-01T23:33:43.283+0000] {logging_mixin.py:190} INFO - [2024-09-01T23:33:43.283+0000] {dag.py:4138} INFO - Setting next_dagrun for pythonoperator to None, run_after=None
[2024-09-01T23:33:43.329+0000] {processor.py:208} INFO - Processing /opt/airflow/dags/2-pythonoperator.py took 0.273 seconds
[2024-09-01T23:34:13.830+0000] {processor.py:186} INFO - Started process (PID=543) to work on /opt/airflow/dags/2-pythonoperator.py
[2024-09-01T23:34:13.838+0000] {processor.py:914} INFO - Processing file /opt/airflow/dags/2-pythonoperator.py for tasks to queue
[2024-09-01T23:34:13.843+0000] {logging_mixin.py:190} INFO - [2024-09-01T23:34:13.843+0000] {dagbag.py:587} INFO - Filling up the DagBag from /opt/airflow/dags/2-pythonoperator.py
[2024-09-01T23:34:13.924+0000] {processor.py:925} INFO - DAG(s) 'pythonoperator' retrieved from /opt/airflow/dags/2-pythonoperator.py
[2024-09-01T23:34:14.075+0000] {logging_mixin.py:190} INFO - [2024-09-01T23:34:14.074+0000] {dag.py:3211} INFO - Sync 1 DAGs
[2024-09-01T23:34:14.201+0000] {logging_mixin.py:190} INFO - [2024-09-01T23:34:14.200+0000] {dag.py:4138} INFO - Setting next_dagrun for pythonoperator to None, run_after=None
[2024-09-01T23:34:14.287+0000] {processor.py:208} INFO - Processing /opt/airflow/dags/2-pythonoperator.py took 0.487 seconds
[2024-09-01T23:34:44.386+0000] {processor.py:186} INFO - Started process (PID=555) to work on /opt/airflow/dags/2-pythonoperator.py
[2024-09-01T23:34:44.389+0000] {processor.py:914} INFO - Processing file /opt/airflow/dags/2-pythonoperator.py for tasks to queue
[2024-09-01T23:34:44.397+0000] {logging_mixin.py:190} INFO - [2024-09-01T23:34:44.397+0000] {dagbag.py:587} INFO - Filling up the DagBag from /opt/airflow/dags/2-pythonoperator.py
[2024-09-01T23:34:44.414+0000] {processor.py:925} INFO - DAG(s) 'pythonoperator' retrieved from /opt/airflow/dags/2-pythonoperator.py
[2024-09-01T23:34:44.488+0000] {logging_mixin.py:190} INFO - [2024-09-01T23:34:44.488+0000] {dag.py:3211} INFO - Sync 1 DAGs
[2024-09-01T23:34:44.579+0000] {logging_mixin.py:190} INFO - [2024-09-01T23:34:44.579+0000] {dag.py:4138} INFO - Setting next_dagrun for pythonoperator to None, run_after=None
[2024-09-01T23:34:44.648+0000] {processor.py:208} INFO - Processing /opt/airflow/dags/2-pythonoperator.py took 0.284 seconds
[2024-09-01T23:35:14.741+0000] {processor.py:186} INFO - Started process (PID=567) to work on /opt/airflow/dags/2-pythonoperator.py
[2024-09-01T23:35:14.743+0000] {processor.py:914} INFO - Processing file /opt/airflow/dags/2-pythonoperator.py for tasks to queue
[2024-09-01T23:35:14.748+0000] {logging_mixin.py:190} INFO - [2024-09-01T23:35:14.748+0000] {dagbag.py:587} INFO - Filling up the DagBag from /opt/airflow/dags/2-pythonoperator.py
[2024-09-01T23:35:14.767+0000] {processor.py:925} INFO - DAG(s) 'pythonoperator' retrieved from /opt/airflow/dags/2-pythonoperator.py
[2024-09-01T23:35:14.826+0000] {logging_mixin.py:190} INFO - [2024-09-01T23:35:14.825+0000] {dag.py:3211} INFO - Sync 1 DAGs
[2024-09-01T23:35:14.890+0000] {logging_mixin.py:190} INFO - [2024-09-01T23:35:14.889+0000] {dag.py:4138} INFO - Setting next_dagrun for pythonoperator to None, run_after=None
[2024-09-01T23:35:14.935+0000] {processor.py:208} INFO - Processing /opt/airflow/dags/2-pythonoperator.py took 0.210 seconds
[2024-09-01T23:35:45.225+0000] {processor.py:186} INFO - Started process (PID=579) to work on /opt/airflow/dags/2-pythonoperator.py
[2024-09-01T23:35:45.321+0000] {processor.py:914} INFO - Processing file /opt/airflow/dags/2-pythonoperator.py for tasks to queue
[2024-09-01T23:35:45.326+0000] {logging_mixin.py:190} INFO - [2024-09-01T23:35:45.325+0000] {dagbag.py:587} INFO - Filling up the DagBag from /opt/airflow/dags/2-pythonoperator.py
[2024-09-01T23:35:45.351+0000] {processor.py:925} INFO - DAG(s) 'pythonoperator' retrieved from /opt/airflow/dags/2-pythonoperator.py
[2024-09-01T23:35:45.435+0000] {logging_mixin.py:190} INFO - [2024-09-01T23:35:45.434+0000] {dag.py:3211} INFO - Sync 1 DAGs
[2024-09-01T23:35:45.500+0000] {logging_mixin.py:190} INFO - [2024-09-01T23:35:45.499+0000] {dag.py:4138} INFO - Setting next_dagrun for pythonoperator to None, run_after=None
[2024-09-01T23:35:45.557+0000] {processor.py:208} INFO - Processing /opt/airflow/dags/2-pythonoperator.py took 0.358 seconds
[2024-09-01T23:36:16.329+0000] {processor.py:186} INFO - Started process (PID=591) to work on /opt/airflow/dags/2-pythonoperator.py
[2024-09-01T23:36:16.356+0000] {processor.py:914} INFO - Processing file /opt/airflow/dags/2-pythonoperator.py for tasks to queue
[2024-09-01T23:36:16.360+0000] {logging_mixin.py:190} INFO - [2024-09-01T23:36:16.360+0000] {dagbag.py:587} INFO - Filling up the DagBag from /opt/airflow/dags/2-pythonoperator.py
[2024-09-01T23:36:16.399+0000] {processor.py:925} INFO - DAG(s) 'pythonoperator' retrieved from /opt/airflow/dags/2-pythonoperator.py
[2024-09-01T23:36:16.494+0000] {logging_mixin.py:190} INFO - [2024-09-01T23:36:16.493+0000] {dag.py:3211} INFO - Sync 1 DAGs
[2024-09-01T23:36:16.598+0000] {logging_mixin.py:190} INFO - [2024-09-01T23:36:16.592+0000] {dag.py:4138} INFO - Setting next_dagrun for pythonoperator to None, run_after=None
[2024-09-01T23:36:16.647+0000] {processor.py:208} INFO - Processing /opt/airflow/dags/2-pythonoperator.py took 0.332 seconds
[2024-09-01T23:36:46.803+0000] {processor.py:186} INFO - Started process (PID=603) to work on /opt/airflow/dags/2-pythonoperator.py
[2024-09-01T23:36:46.843+0000] {processor.py:914} INFO - Processing file /opt/airflow/dags/2-pythonoperator.py for tasks to queue
[2024-09-01T23:36:46.849+0000] {logging_mixin.py:190} INFO - [2024-09-01T23:36:46.847+0000] {dagbag.py:587} INFO - Filling up the DagBag from /opt/airflow/dags/2-pythonoperator.py
[2024-09-01T23:36:46.870+0000] {processor.py:925} INFO - DAG(s) 'pythonoperator' retrieved from /opt/airflow/dags/2-pythonoperator.py
[2024-09-01T23:36:46.966+0000] {logging_mixin.py:190} INFO - [2024-09-01T23:36:46.965+0000] {dag.py:3211} INFO - Sync 1 DAGs
[2024-09-01T23:36:47.036+0000] {logging_mixin.py:190} INFO - [2024-09-01T23:36:47.035+0000] {dag.py:4138} INFO - Setting next_dagrun for pythonoperator to None, run_after=None
[2024-09-01T23:36:47.073+0000] {processor.py:208} INFO - Processing /opt/airflow/dags/2-pythonoperator.py took 0.281 seconds
[2024-09-01T23:37:17.163+0000] {processor.py:186} INFO - Started process (PID=615) to work on /opt/airflow/dags/2-pythonoperator.py
[2024-09-01T23:37:17.179+0000] {processor.py:914} INFO - Processing file /opt/airflow/dags/2-pythonoperator.py for tasks to queue
[2024-09-01T23:37:17.185+0000] {logging_mixin.py:190} INFO - [2024-09-01T23:37:17.184+0000] {dagbag.py:587} INFO - Filling up the DagBag from /opt/airflow/dags/2-pythonoperator.py
[2024-09-01T23:37:17.207+0000] {processor.py:925} INFO - DAG(s) 'pythonoperator' retrieved from /opt/airflow/dags/2-pythonoperator.py
[2024-09-01T23:37:17.267+0000] {logging_mixin.py:190} INFO - [2024-09-01T23:37:17.266+0000] {dag.py:3211} INFO - Sync 1 DAGs
[2024-09-01T23:37:17.335+0000] {logging_mixin.py:190} INFO - [2024-09-01T23:37:17.334+0000] {dag.py:4138} INFO - Setting next_dagrun for pythonoperator to None, run_after=None
[2024-09-01T23:37:17.376+0000] {processor.py:208} INFO - Processing /opt/airflow/dags/2-pythonoperator.py took 0.228 seconds
[2024-09-01T23:37:47.623+0000] {processor.py:186} INFO - Started process (PID=627) to work on /opt/airflow/dags/2-pythonoperator.py
[2024-09-01T23:37:47.687+0000] {processor.py:914} INFO - Processing file /opt/airflow/dags/2-pythonoperator.py for tasks to queue
[2024-09-01T23:37:47.692+0000] {logging_mixin.py:190} INFO - [2024-09-01T23:37:47.692+0000] {dagbag.py:587} INFO - Filling up the DagBag from /opt/airflow/dags/2-pythonoperator.py
[2024-09-01T23:37:47.756+0000] {processor.py:925} INFO - DAG(s) 'pythonoperator' retrieved from /opt/airflow/dags/2-pythonoperator.py
[2024-09-01T23:37:47.858+0000] {logging_mixin.py:190} INFO - [2024-09-01T23:37:47.857+0000] {dag.py:3211} INFO - Sync 1 DAGs
[2024-09-01T23:37:47.939+0000] {logging_mixin.py:190} INFO - [2024-09-01T23:37:47.938+0000] {dag.py:4138} INFO - Setting next_dagrun for pythonoperator to None, run_after=None
[2024-09-01T23:37:48.043+0000] {processor.py:208} INFO - Processing /opt/airflow/dags/2-pythonoperator.py took 0.450 seconds
[2024-09-01T23:38:18.376+0000] {processor.py:186} INFO - Started process (PID=639) to work on /opt/airflow/dags/2-pythonoperator.py
[2024-09-01T23:38:18.429+0000] {processor.py:914} INFO - Processing file /opt/airflow/dags/2-pythonoperator.py for tasks to queue
[2024-09-01T23:38:18.434+0000] {logging_mixin.py:190} INFO - [2024-09-01T23:38:18.433+0000] {dagbag.py:587} INFO - Filling up the DagBag from /opt/airflow/dags/2-pythonoperator.py
[2024-09-01T23:38:18.452+0000] {processor.py:925} INFO - DAG(s) 'pythonoperator' retrieved from /opt/airflow/dags/2-pythonoperator.py
[2024-09-01T23:38:18.508+0000] {logging_mixin.py:190} INFO - [2024-09-01T23:38:18.507+0000] {dag.py:3211} INFO - Sync 1 DAGs
[2024-09-01T23:38:18.572+0000] {logging_mixin.py:190} INFO - [2024-09-01T23:38:18.572+0000] {dag.py:4138} INFO - Setting next_dagrun for pythonoperator to None, run_after=None
[2024-09-01T23:38:18.610+0000] {processor.py:208} INFO - Processing /opt/airflow/dags/2-pythonoperator.py took 0.249 seconds
[2024-09-01T23:38:49.333+0000] {processor.py:186} INFO - Started process (PID=651) to work on /opt/airflow/dags/2-pythonoperator.py
[2024-09-01T23:38:49.353+0000] {processor.py:914} INFO - Processing file /opt/airflow/dags/2-pythonoperator.py for tasks to queue
[2024-09-01T23:38:49.359+0000] {logging_mixin.py:190} INFO - [2024-09-01T23:38:49.358+0000] {dagbag.py:587} INFO - Filling up the DagBag from /opt/airflow/dags/2-pythonoperator.py
[2024-09-01T23:38:49.388+0000] {processor.py:925} INFO - DAG(s) 'pythonoperator' retrieved from /opt/airflow/dags/2-pythonoperator.py
[2024-09-01T23:38:49.447+0000] {logging_mixin.py:190} INFO - [2024-09-01T23:38:49.446+0000] {dag.py:3211} INFO - Sync 1 DAGs
[2024-09-01T23:38:49.506+0000] {logging_mixin.py:190} INFO - [2024-09-01T23:38:49.505+0000] {dag.py:4138} INFO - Setting next_dagrun for pythonoperator to None, run_after=None
[2024-09-01T23:38:49.552+0000] {processor.py:208} INFO - Processing /opt/airflow/dags/2-pythonoperator.py took 0.234 seconds
[2024-09-01T23:39:20.138+0000] {processor.py:186} INFO - Started process (PID=663) to work on /opt/airflow/dags/2-pythonoperator.py
[2024-09-01T23:39:20.152+0000] {processor.py:914} INFO - Processing file /opt/airflow/dags/2-pythonoperator.py for tasks to queue
[2024-09-01T23:39:20.158+0000] {logging_mixin.py:190} INFO - [2024-09-01T23:39:20.157+0000] {dagbag.py:587} INFO - Filling up the DagBag from /opt/airflow/dags/2-pythonoperator.py
[2024-09-01T23:39:20.208+0000] {processor.py:925} INFO - DAG(s) 'pythonoperator' retrieved from /opt/airflow/dags/2-pythonoperator.py
[2024-09-01T23:39:20.319+0000] {logging_mixin.py:190} INFO - [2024-09-01T23:39:20.318+0000] {dag.py:3211} INFO - Sync 1 DAGs
[2024-09-01T23:39:20.400+0000] {logging_mixin.py:190} INFO - [2024-09-01T23:39:20.399+0000] {dag.py:4138} INFO - Setting next_dagrun for pythonoperator to None, run_after=None
[2024-09-01T23:39:20.452+0000] {processor.py:208} INFO - Processing /opt/airflow/dags/2-pythonoperator.py took 0.351 seconds
[2024-09-01T23:39:51.004+0000] {processor.py:186} INFO - Started process (PID=675) to work on /opt/airflow/dags/2-pythonoperator.py
[2024-09-01T23:39:51.005+0000] {processor.py:914} INFO - Processing file /opt/airflow/dags/2-pythonoperator.py for tasks to queue
[2024-09-01T23:39:51.009+0000] {logging_mixin.py:190} INFO - [2024-09-01T23:39:51.008+0000] {dagbag.py:587} INFO - Filling up the DagBag from /opt/airflow/dags/2-pythonoperator.py
[2024-09-01T23:39:51.026+0000] {processor.py:925} INFO - DAG(s) 'pythonoperator' retrieved from /opt/airflow/dags/2-pythonoperator.py
[2024-09-01T23:39:51.073+0000] {logging_mixin.py:190} INFO - [2024-09-01T23:39:51.072+0000] {dag.py:3211} INFO - Sync 1 DAGs
[2024-09-01T23:39:51.130+0000] {logging_mixin.py:190} INFO - [2024-09-01T23:39:51.130+0000] {dag.py:4138} INFO - Setting next_dagrun for pythonoperator to None, run_after=None
[2024-09-01T23:39:51.174+0000] {processor.py:208} INFO - Processing /opt/airflow/dags/2-pythonoperator.py took 0.180 seconds
[2024-09-01T23:40:21.703+0000] {processor.py:186} INFO - Started process (PID=688) to work on /opt/airflow/dags/2-pythonoperator.py
[2024-09-01T23:40:21.723+0000] {processor.py:914} INFO - Processing file /opt/airflow/dags/2-pythonoperator.py for tasks to queue
[2024-09-01T23:40:21.727+0000] {logging_mixin.py:190} INFO - [2024-09-01T23:40:21.727+0000] {dagbag.py:587} INFO - Filling up the DagBag from /opt/airflow/dags/2-pythonoperator.py
[2024-09-01T23:40:21.748+0000] {processor.py:925} INFO - DAG(s) 'pythonoperator' retrieved from /opt/airflow/dags/2-pythonoperator.py
[2024-09-01T23:40:21.807+0000] {logging_mixin.py:190} INFO - [2024-09-01T23:40:21.806+0000] {dag.py:3211} INFO - Sync 1 DAGs
[2024-09-01T23:40:21.867+0000] {logging_mixin.py:190} INFO - [2024-09-01T23:40:21.867+0000] {dag.py:4138} INFO - Setting next_dagrun for pythonoperator to None, run_after=None
[2024-09-01T23:40:21.905+0000] {processor.py:208} INFO - Processing /opt/airflow/dags/2-pythonoperator.py took 0.216 seconds
[2024-09-01T23:40:52.669+0000] {processor.py:186} INFO - Started process (PID=700) to work on /opt/airflow/dags/2-pythonoperator.py
[2024-09-01T23:40:52.712+0000] {processor.py:914} INFO - Processing file /opt/airflow/dags/2-pythonoperator.py for tasks to queue
[2024-09-01T23:40:52.718+0000] {logging_mixin.py:190} INFO - [2024-09-01T23:40:52.717+0000] {dagbag.py:587} INFO - Filling up the DagBag from /opt/airflow/dags/2-pythonoperator.py
[2024-09-01T23:40:52.734+0000] {processor.py:925} INFO - DAG(s) 'pythonoperator' retrieved from /opt/airflow/dags/2-pythonoperator.py
[2024-09-01T23:40:52.785+0000] {logging_mixin.py:190} INFO - [2024-09-01T23:40:52.785+0000] {dag.py:3211} INFO - Sync 1 DAGs
[2024-09-01T23:40:52.840+0000] {logging_mixin.py:190} INFO - [2024-09-01T23:40:52.840+0000] {dag.py:4138} INFO - Setting next_dagrun for pythonoperator to None, run_after=None
[2024-09-01T23:40:52.875+0000] {processor.py:208} INFO - Processing /opt/airflow/dags/2-pythonoperator.py took 0.218 seconds
[2024-09-01T23:41:23.560+0000] {processor.py:186} INFO - Started process (PID=711) to work on /opt/airflow/dags/2-pythonoperator.py
[2024-09-01T23:41:23.570+0000] {processor.py:914} INFO - Processing file /opt/airflow/dags/2-pythonoperator.py for tasks to queue
[2024-09-01T23:41:23.587+0000] {logging_mixin.py:190} INFO - [2024-09-01T23:41:23.586+0000] {dagbag.py:587} INFO - Filling up the DagBag from /opt/airflow/dags/2-pythonoperator.py
[2024-09-01T23:41:23.619+0000] {processor.py:925} INFO - DAG(s) 'pythonoperator' retrieved from /opt/airflow/dags/2-pythonoperator.py
[2024-09-01T23:41:23.724+0000] {logging_mixin.py:190} INFO - [2024-09-01T23:41:23.724+0000] {dag.py:3211} INFO - Sync 1 DAGs
[2024-09-01T23:41:23.788+0000] {logging_mixin.py:190} INFO - [2024-09-01T23:41:23.787+0000] {dag.py:4138} INFO - Setting next_dagrun for pythonoperator to None, run_after=None
[2024-09-01T23:41:23.827+0000] {processor.py:208} INFO - Processing /opt/airflow/dags/2-pythonoperator.py took 0.284 seconds
[2024-09-01T23:41:54.342+0000] {processor.py:186} INFO - Started process (PID=723) to work on /opt/airflow/dags/2-pythonoperator.py
[2024-09-01T23:41:54.370+0000] {processor.py:914} INFO - Processing file /opt/airflow/dags/2-pythonoperator.py for tasks to queue
[2024-09-01T23:41:54.375+0000] {logging_mixin.py:190} INFO - [2024-09-01T23:41:54.374+0000] {dagbag.py:587} INFO - Filling up the DagBag from /opt/airflow/dags/2-pythonoperator.py
[2024-09-01T23:41:54.393+0000] {processor.py:925} INFO - DAG(s) 'pythonoperator' retrieved from /opt/airflow/dags/2-pythonoperator.py
[2024-09-01T23:41:54.439+0000] {logging_mixin.py:190} INFO - [2024-09-01T23:41:54.439+0000] {dag.py:3211} INFO - Sync 1 DAGs
[2024-09-01T23:41:54.491+0000] {logging_mixin.py:190} INFO - [2024-09-01T23:41:54.491+0000] {dag.py:4138} INFO - Setting next_dagrun for pythonoperator to None, run_after=None
[2024-09-01T23:41:54.530+0000] {processor.py:208} INFO - Processing /opt/airflow/dags/2-pythonoperator.py took 0.200 seconds
[2024-09-01T23:42:25.039+0000] {processor.py:186} INFO - Started process (PID=735) to work on /opt/airflow/dags/2-pythonoperator.py
[2024-09-01T23:42:25.041+0000] {processor.py:914} INFO - Processing file /opt/airflow/dags/2-pythonoperator.py for tasks to queue
[2024-09-01T23:42:25.047+0000] {logging_mixin.py:190} INFO - [2024-09-01T23:42:25.046+0000] {dagbag.py:587} INFO - Filling up the DagBag from /opt/airflow/dags/2-pythonoperator.py
[2024-09-01T23:42:25.065+0000] {processor.py:925} INFO - DAG(s) 'pythonoperator' retrieved from /opt/airflow/dags/2-pythonoperator.py
[2024-09-01T23:42:25.114+0000] {logging_mixin.py:190} INFO - [2024-09-01T23:42:25.114+0000] {dag.py:3211} INFO - Sync 1 DAGs
[2024-09-01T23:42:25.160+0000] {logging_mixin.py:190} INFO - [2024-09-01T23:42:25.160+0000] {dag.py:4138} INFO - Setting next_dagrun for pythonoperator to None, run_after=None
[2024-09-01T23:42:25.198+0000] {processor.py:208} INFO - Processing /opt/airflow/dags/2-pythonoperator.py took 0.171 seconds
[2024-09-01T23:42:55.921+0000] {processor.py:186} INFO - Started process (PID=747) to work on /opt/airflow/dags/2-pythonoperator.py
[2024-09-01T23:42:55.933+0000] {processor.py:914} INFO - Processing file /opt/airflow/dags/2-pythonoperator.py for tasks to queue
[2024-09-01T23:42:55.939+0000] {logging_mixin.py:190} INFO - [2024-09-01T23:42:55.938+0000] {dagbag.py:587} INFO - Filling up the DagBag from /opt/airflow/dags/2-pythonoperator.py
[2024-09-01T23:42:55.955+0000] {processor.py:925} INFO - DAG(s) 'pythonoperator' retrieved from /opt/airflow/dags/2-pythonoperator.py
[2024-09-01T23:42:56.002+0000] {logging_mixin.py:190} INFO - [2024-09-01T23:42:56.001+0000] {dag.py:3211} INFO - Sync 1 DAGs
[2024-09-01T23:42:56.062+0000] {logging_mixin.py:190} INFO - [2024-09-01T23:42:56.062+0000] {dag.py:4138} INFO - Setting next_dagrun for pythonoperator to None, run_after=None
[2024-09-01T23:42:56.100+0000] {processor.py:208} INFO - Processing /opt/airflow/dags/2-pythonoperator.py took 0.193 seconds
[2024-09-01T23:43:26.613+0000] {processor.py:186} INFO - Started process (PID=759) to work on /opt/airflow/dags/2-pythonoperator.py
[2024-09-01T23:43:26.617+0000] {processor.py:914} INFO - Processing file /opt/airflow/dags/2-pythonoperator.py for tasks to queue
[2024-09-01T23:43:26.622+0000] {logging_mixin.py:190} INFO - [2024-09-01T23:43:26.621+0000] {dagbag.py:587} INFO - Filling up the DagBag from /opt/airflow/dags/2-pythonoperator.py
[2024-09-01T23:43:26.638+0000] {processor.py:925} INFO - DAG(s) 'pythonoperator' retrieved from /opt/airflow/dags/2-pythonoperator.py
[2024-09-01T23:43:26.698+0000] {logging_mixin.py:190} INFO - [2024-09-01T23:43:26.698+0000] {dag.py:3211} INFO - Sync 1 DAGs
[2024-09-01T23:43:26.759+0000] {logging_mixin.py:190} INFO - [2024-09-01T23:43:26.758+0000] {dag.py:4138} INFO - Setting next_dagrun for pythonoperator to None, run_after=None
[2024-09-01T23:43:26.802+0000] {processor.py:208} INFO - Processing /opt/airflow/dags/2-pythonoperator.py took 0.203 seconds
[2024-09-01T23:43:57.642+0000] {processor.py:186} INFO - Started process (PID=770) to work on /opt/airflow/dags/2-pythonoperator.py
[2024-09-01T23:43:57.666+0000] {processor.py:914} INFO - Processing file /opt/airflow/dags/2-pythonoperator.py for tasks to queue
[2024-09-01T23:43:57.670+0000] {logging_mixin.py:190} INFO - [2024-09-01T23:43:57.670+0000] {dagbag.py:587} INFO - Filling up the DagBag from /opt/airflow/dags/2-pythonoperator.py
[2024-09-01T23:43:57.688+0000] {processor.py:925} INFO - DAG(s) 'pythonoperator' retrieved from /opt/airflow/dags/2-pythonoperator.py
[2024-09-01T23:43:57.747+0000] {logging_mixin.py:190} INFO - [2024-09-01T23:43:57.747+0000] {dag.py:3211} INFO - Sync 1 DAGs
[2024-09-01T23:43:57.800+0000] {logging_mixin.py:190} INFO - [2024-09-01T23:43:57.800+0000] {dag.py:4138} INFO - Setting next_dagrun for pythonoperator to None, run_after=None
[2024-09-01T23:43:57.832+0000] {processor.py:208} INFO - Processing /opt/airflow/dags/2-pythonoperator.py took 0.203 seconds
[2024-09-01T23:44:28.373+0000] {processor.py:186} INFO - Started process (PID=782) to work on /opt/airflow/dags/2-pythonoperator.py
[2024-09-01T23:44:28.375+0000] {processor.py:914} INFO - Processing file /opt/airflow/dags/2-pythonoperator.py for tasks to queue
[2024-09-01T23:44:28.380+0000] {logging_mixin.py:190} INFO - [2024-09-01T23:44:28.380+0000] {dagbag.py:587} INFO - Filling up the DagBag from /opt/airflow/dags/2-pythonoperator.py
[2024-09-01T23:44:28.397+0000] {processor.py:925} INFO - DAG(s) 'pythonoperator' retrieved from /opt/airflow/dags/2-pythonoperator.py
[2024-09-01T23:44:28.454+0000] {logging_mixin.py:190} INFO - [2024-09-01T23:44:28.453+0000] {dag.py:3211} INFO - Sync 1 DAGs
[2024-09-01T23:44:28.506+0000] {logging_mixin.py:190} INFO - [2024-09-01T23:44:28.505+0000] {dag.py:4138} INFO - Setting next_dagrun for pythonoperator to None, run_after=None
[2024-09-01T23:44:28.541+0000] {processor.py:208} INFO - Processing /opt/airflow/dags/2-pythonoperator.py took 0.182 seconds
[2024-09-01T23:44:59.283+0000] {processor.py:186} INFO - Started process (PID=793) to work on /opt/airflow/dags/2-pythonoperator.py
[2024-09-01T23:44:59.328+0000] {processor.py:914} INFO - Processing file /opt/airflow/dags/2-pythonoperator.py for tasks to queue
[2024-09-01T23:44:59.333+0000] {logging_mixin.py:190} INFO - [2024-09-01T23:44:59.333+0000] {dagbag.py:587} INFO - Filling up the DagBag from /opt/airflow/dags/2-pythonoperator.py
[2024-09-01T23:44:59.351+0000] {processor.py:925} INFO - DAG(s) 'pythonoperator' retrieved from /opt/airflow/dags/2-pythonoperator.py
[2024-09-01T23:44:59.429+0000] {logging_mixin.py:190} INFO - [2024-09-01T23:44:59.428+0000] {dag.py:3211} INFO - Sync 1 DAGs
[2024-09-01T23:44:59.492+0000] {logging_mixin.py:190} INFO - [2024-09-01T23:44:59.492+0000] {dag.py:4138} INFO - Setting next_dagrun for pythonoperator to None, run_after=None
[2024-09-01T23:44:59.538+0000] {processor.py:208} INFO - Processing /opt/airflow/dags/2-pythonoperator.py took 0.267 seconds
[2024-09-01T23:45:30.215+0000] {processor.py:186} INFO - Started process (PID=805) to work on /opt/airflow/dags/2-pythonoperator.py
[2024-09-01T23:45:30.220+0000] {processor.py:914} INFO - Processing file /opt/airflow/dags/2-pythonoperator.py for tasks to queue
[2024-09-01T23:45:30.224+0000] {logging_mixin.py:190} INFO - [2024-09-01T23:45:30.223+0000] {dagbag.py:587} INFO - Filling up the DagBag from /opt/airflow/dags/2-pythonoperator.py
[2024-09-01T23:45:30.236+0000] {processor.py:925} INFO - DAG(s) 'pythonoperator' retrieved from /opt/airflow/dags/2-pythonoperator.py
[2024-09-01T23:45:30.283+0000] {logging_mixin.py:190} INFO - [2024-09-01T23:45:30.283+0000] {dag.py:3211} INFO - Sync 1 DAGs
[2024-09-01T23:45:30.329+0000] {logging_mixin.py:190} INFO - [2024-09-01T23:45:30.329+0000] {dag.py:4138} INFO - Setting next_dagrun for pythonoperator to None, run_after=None
[2024-09-01T23:45:30.363+0000] {processor.py:208} INFO - Processing /opt/airflow/dags/2-pythonoperator.py took 0.158 seconds
[2024-09-01T23:46:00.883+0000] {processor.py:186} INFO - Started process (PID=821) to work on /opt/airflow/dags/2-pythonoperator.py
[2024-09-01T23:46:00.890+0000] {processor.py:914} INFO - Processing file /opt/airflow/dags/2-pythonoperator.py for tasks to queue
[2024-09-01T23:46:00.894+0000] {logging_mixin.py:190} INFO - [2024-09-01T23:46:00.894+0000] {dagbag.py:587} INFO - Filling up the DagBag from /opt/airflow/dags/2-pythonoperator.py
[2024-09-01T23:46:00.913+0000] {processor.py:925} INFO - DAG(s) 'pythonoperator' retrieved from /opt/airflow/dags/2-pythonoperator.py
[2024-09-01T23:46:00.965+0000] {logging_mixin.py:190} INFO - [2024-09-01T23:46:00.964+0000] {dag.py:3211} INFO - Sync 1 DAGs
[2024-09-01T23:46:01.014+0000] {logging_mixin.py:190} INFO - [2024-09-01T23:46:01.014+0000] {dag.py:4138} INFO - Setting next_dagrun for pythonoperator to None, run_after=None
[2024-09-01T23:46:01.042+0000] {processor.py:208} INFO - Processing /opt/airflow/dags/2-pythonoperator.py took 0.170 seconds
[2024-09-01T23:46:31.678+0000] {processor.py:186} INFO - Started process (PID=832) to work on /opt/airflow/dags/2-pythonoperator.py
[2024-09-01T23:46:31.680+0000] {processor.py:914} INFO - Processing file /opt/airflow/dags/2-pythonoperator.py for tasks to queue
[2024-09-01T23:46:31.686+0000] {logging_mixin.py:190} INFO - [2024-09-01T23:46:31.685+0000] {dagbag.py:587} INFO - Filling up the DagBag from /opt/airflow/dags/2-pythonoperator.py
[2024-09-01T23:46:31.703+0000] {processor.py:925} INFO - DAG(s) 'pythonoperator' retrieved from /opt/airflow/dags/2-pythonoperator.py
[2024-09-01T23:46:31.756+0000] {logging_mixin.py:190} INFO - [2024-09-01T23:46:31.756+0000] {dag.py:3211} INFO - Sync 1 DAGs
[2024-09-01T23:46:31.804+0000] {logging_mixin.py:190} INFO - [2024-09-01T23:46:31.804+0000] {dag.py:4138} INFO - Setting next_dagrun for pythonoperator to None, run_after=None
[2024-09-01T23:46:31.840+0000] {processor.py:208} INFO - Processing /opt/airflow/dags/2-pythonoperator.py took 0.173 seconds
[2024-09-01T23:47:02.362+0000] {processor.py:186} INFO - Started process (PID=844) to work on /opt/airflow/dags/2-pythonoperator.py
[2024-09-01T23:47:02.378+0000] {processor.py:914} INFO - Processing file /opt/airflow/dags/2-pythonoperator.py for tasks to queue
[2024-09-01T23:47:02.385+0000] {logging_mixin.py:190} INFO - [2024-09-01T23:47:02.384+0000] {dagbag.py:587} INFO - Filling up the DagBag from /opt/airflow/dags/2-pythonoperator.py
[2024-09-01T23:47:02.405+0000] {processor.py:925} INFO - DAG(s) 'pythonoperator' retrieved from /opt/airflow/dags/2-pythonoperator.py
[2024-09-01T23:47:02.458+0000] {logging_mixin.py:190} INFO - [2024-09-01T23:47:02.458+0000] {dag.py:3211} INFO - Sync 1 DAGs
[2024-09-01T23:47:02.519+0000] {logging_mixin.py:190} INFO - [2024-09-01T23:47:02.519+0000] {dag.py:4138} INFO - Setting next_dagrun for pythonoperator to None, run_after=None
[2024-09-01T23:47:02.551+0000] {processor.py:208} INFO - Processing /opt/airflow/dags/2-pythonoperator.py took 0.203 seconds
[2024-09-01T23:47:33.300+0000] {processor.py:186} INFO - Started process (PID=856) to work on /opt/airflow/dags/2-pythonoperator.py
[2024-09-01T23:47:33.337+0000] {processor.py:914} INFO - Processing file /opt/airflow/dags/2-pythonoperator.py for tasks to queue
[2024-09-01T23:47:33.342+0000] {logging_mixin.py:190} INFO - [2024-09-01T23:47:33.341+0000] {dagbag.py:587} INFO - Filling up the DagBag from /opt/airflow/dags/2-pythonoperator.py
[2024-09-01T23:47:33.361+0000] {processor.py:925} INFO - DAG(s) 'pythonoperator' retrieved from /opt/airflow/dags/2-pythonoperator.py
[2024-09-01T23:47:33.436+0000] {logging_mixin.py:190} INFO - [2024-09-01T23:47:33.435+0000] {dag.py:3211} INFO - Sync 1 DAGs
[2024-09-01T23:47:33.501+0000] {logging_mixin.py:190} INFO - [2024-09-01T23:47:33.501+0000] {dag.py:4138} INFO - Setting next_dagrun for pythonoperator to None, run_after=None
[2024-09-01T23:47:33.560+0000] {processor.py:208} INFO - Processing /opt/airflow/dags/2-pythonoperator.py took 0.279 seconds
[2024-09-01T23:48:03.687+0000] {processor.py:186} INFO - Started process (PID=868) to work on /opt/airflow/dags/2-pythonoperator.py
[2024-09-01T23:48:03.702+0000] {processor.py:914} INFO - Processing file /opt/airflow/dags/2-pythonoperator.py for tasks to queue
[2024-09-01T23:48:03.707+0000] {logging_mixin.py:190} INFO - [2024-09-01T23:48:03.706+0000] {dagbag.py:587} INFO - Filling up the DagBag from /opt/airflow/dags/2-pythonoperator.py
[2024-09-01T23:48:03.725+0000] {processor.py:925} INFO - DAG(s) 'pythonoperator' retrieved from /opt/airflow/dags/2-pythonoperator.py
[2024-09-01T23:48:03.769+0000] {logging_mixin.py:190} INFO - [2024-09-01T23:48:03.769+0000] {dag.py:3211} INFO - Sync 1 DAGs
[2024-09-01T23:48:03.828+0000] {logging_mixin.py:190} INFO - [2024-09-01T23:48:03.828+0000] {dag.py:4138} INFO - Setting next_dagrun for pythonoperator to None, run_after=None
[2024-09-01T23:48:03.864+0000] {processor.py:208} INFO - Processing /opt/airflow/dags/2-pythonoperator.py took 0.187 seconds
[2024-09-01T23:48:33.949+0000] {processor.py:186} INFO - Started process (PID=880) to work on /opt/airflow/dags/2-pythonoperator.py
[2024-09-01T23:48:33.983+0000] {processor.py:914} INFO - Processing file /opt/airflow/dags/2-pythonoperator.py for tasks to queue
[2024-09-01T23:48:33.988+0000] {logging_mixin.py:190} INFO - [2024-09-01T23:48:33.987+0000] {dagbag.py:587} INFO - Filling up the DagBag from /opt/airflow/dags/2-pythonoperator.py
[2024-09-01T23:48:34.011+0000] {processor.py:925} INFO - DAG(s) 'pythonoperator' retrieved from /opt/airflow/dags/2-pythonoperator.py
[2024-09-01T23:48:34.085+0000] {logging_mixin.py:190} INFO - [2024-09-01T23:48:34.085+0000] {dag.py:3211} INFO - Sync 1 DAGs
[2024-09-01T23:48:34.146+0000] {logging_mixin.py:190} INFO - [2024-09-01T23:48:34.145+0000] {dag.py:4138} INFO - Setting next_dagrun for pythonoperator to None, run_after=None
[2024-09-01T23:48:34.210+0000] {processor.py:208} INFO - Processing /opt/airflow/dags/2-pythonoperator.py took 0.275 seconds
[2024-09-01T23:49:05.163+0000] {processor.py:186} INFO - Started process (PID=892) to work on /opt/airflow/dags/2-pythonoperator.py
[2024-09-01T23:49:05.171+0000] {processor.py:914} INFO - Processing file /opt/airflow/dags/2-pythonoperator.py for tasks to queue
[2024-09-01T23:49:05.178+0000] {logging_mixin.py:190} INFO - [2024-09-01T23:49:05.176+0000] {dagbag.py:587} INFO - Filling up the DagBag from /opt/airflow/dags/2-pythonoperator.py
[2024-09-01T23:49:05.196+0000] {processor.py:925} INFO - DAG(s) 'pythonoperator' retrieved from /opt/airflow/dags/2-pythonoperator.py
[2024-09-01T23:49:05.253+0000] {logging_mixin.py:190} INFO - [2024-09-01T23:49:05.253+0000] {dag.py:3211} INFO - Sync 1 DAGs
[2024-09-01T23:49:05.315+0000] {logging_mixin.py:190} INFO - [2024-09-01T23:49:05.314+0000] {dag.py:4138} INFO - Setting next_dagrun for pythonoperator to None, run_after=None
[2024-09-01T23:49:05.350+0000] {processor.py:208} INFO - Processing /opt/airflow/dags/2-pythonoperator.py took 0.201 seconds
[2024-09-01T23:49:36.033+0000] {processor.py:186} INFO - Started process (PID=905) to work on /opt/airflow/dags/2-pythonoperator.py
[2024-09-01T23:49:36.051+0000] {processor.py:914} INFO - Processing file /opt/airflow/dags/2-pythonoperator.py for tasks to queue
[2024-09-01T23:49:36.055+0000] {logging_mixin.py:190} INFO - [2024-09-01T23:49:36.054+0000] {dagbag.py:587} INFO - Filling up the DagBag from /opt/airflow/dags/2-pythonoperator.py
[2024-09-01T23:49:36.069+0000] {processor.py:925} INFO - DAG(s) 'pythonoperator' retrieved from /opt/airflow/dags/2-pythonoperator.py
[2024-09-01T23:49:36.109+0000] {logging_mixin.py:190} INFO - [2024-09-01T23:49:36.109+0000] {dag.py:3211} INFO - Sync 1 DAGs
[2024-09-01T23:49:36.152+0000] {logging_mixin.py:190} INFO - [2024-09-01T23:49:36.152+0000] {dag.py:4138} INFO - Setting next_dagrun for pythonoperator to None, run_after=None
[2024-09-01T23:49:36.179+0000] {processor.py:208} INFO - Processing /opt/airflow/dags/2-pythonoperator.py took 0.156 seconds
[2024-09-01T23:50:06.916+0000] {processor.py:186} INFO - Started process (PID=917) to work on /opt/airflow/dags/2-pythonoperator.py
[2024-09-01T23:50:06.930+0000] {processor.py:914} INFO - Processing file /opt/airflow/dags/2-pythonoperator.py for tasks to queue
[2024-09-01T23:50:06.934+0000] {logging_mixin.py:190} INFO - [2024-09-01T23:50:06.933+0000] {dagbag.py:587} INFO - Filling up the DagBag from /opt/airflow/dags/2-pythonoperator.py
[2024-09-01T23:50:06.947+0000] {processor.py:925} INFO - DAG(s) 'pythonoperator' retrieved from /opt/airflow/dags/2-pythonoperator.py
[2024-09-01T23:50:06.996+0000] {logging_mixin.py:190} INFO - [2024-09-01T23:50:06.995+0000] {dag.py:3211} INFO - Sync 1 DAGs
[2024-09-01T23:50:07.047+0000] {logging_mixin.py:190} INFO - [2024-09-01T23:50:07.046+0000] {dag.py:4138} INFO - Setting next_dagrun for pythonoperator to None, run_after=None
[2024-09-01T23:50:07.087+0000] {processor.py:208} INFO - Processing /opt/airflow/dags/2-pythonoperator.py took 0.185 seconds
[2024-09-01T23:50:37.546+0000] {processor.py:186} INFO - Started process (PID=930) to work on /opt/airflow/dags/2-pythonoperator.py
[2024-09-01T23:50:37.564+0000] {processor.py:914} INFO - Processing file /opt/airflow/dags/2-pythonoperator.py for tasks to queue
[2024-09-01T23:50:37.569+0000] {logging_mixin.py:190} INFO - [2024-09-01T23:50:37.568+0000] {dagbag.py:587} INFO - Filling up the DagBag from /opt/airflow/dags/2-pythonoperator.py
[2024-09-01T23:50:37.582+0000] {processor.py:925} INFO - DAG(s) 'pythonoperator' retrieved from /opt/airflow/dags/2-pythonoperator.py
[2024-09-01T23:50:37.621+0000] {logging_mixin.py:190} INFO - [2024-09-01T23:50:37.621+0000] {dag.py:3211} INFO - Sync 1 DAGs
[2024-09-01T23:50:37.665+0000] {logging_mixin.py:190} INFO - [2024-09-01T23:50:37.665+0000] {dag.py:4138} INFO - Setting next_dagrun for pythonoperator to None, run_after=None
[2024-09-01T23:50:37.694+0000] {processor.py:208} INFO - Processing /opt/airflow/dags/2-pythonoperator.py took 0.159 seconds
[2024-09-01T23:51:08.464+0000] {processor.py:186} INFO - Started process (PID=942) to work on /opt/airflow/dags/2-pythonoperator.py
[2024-09-01T23:51:08.477+0000] {processor.py:914} INFO - Processing file /opt/airflow/dags/2-pythonoperator.py for tasks to queue
[2024-09-01T23:51:08.481+0000] {logging_mixin.py:190} INFO - [2024-09-01T23:51:08.480+0000] {dagbag.py:587} INFO - Filling up the DagBag from /opt/airflow/dags/2-pythonoperator.py
[2024-09-01T23:51:08.494+0000] {processor.py:925} INFO - DAG(s) 'pythonoperator' retrieved from /opt/airflow/dags/2-pythonoperator.py
[2024-09-01T23:51:08.534+0000] {logging_mixin.py:190} INFO - [2024-09-01T23:51:08.533+0000] {dag.py:3211} INFO - Sync 1 DAGs
[2024-09-01T23:51:08.579+0000] {logging_mixin.py:190} INFO - [2024-09-01T23:51:08.578+0000] {dag.py:4138} INFO - Setting next_dagrun for pythonoperator to None, run_after=None
[2024-09-01T23:51:08.612+0000] {processor.py:208} INFO - Processing /opt/airflow/dags/2-pythonoperator.py took 0.160 seconds
[2024-09-01T23:51:39.323+0000] {processor.py:186} INFO - Started process (PID=954) to work on /opt/airflow/dags/2-pythonoperator.py
[2024-09-01T23:51:39.334+0000] {processor.py:914} INFO - Processing file /opt/airflow/dags/2-pythonoperator.py for tasks to queue
[2024-09-01T23:51:39.342+0000] {logging_mixin.py:190} INFO - [2024-09-01T23:51:39.341+0000] {dagbag.py:587} INFO - Filling up the DagBag from /opt/airflow/dags/2-pythonoperator.py
[2024-09-01T23:51:39.360+0000] {processor.py:925} INFO - DAG(s) 'pythonoperator' retrieved from /opt/airflow/dags/2-pythonoperator.py
[2024-09-01T23:51:39.427+0000] {logging_mixin.py:190} INFO - [2024-09-01T23:51:39.426+0000] {dag.py:3211} INFO - Sync 1 DAGs
[2024-09-01T23:51:39.485+0000] {logging_mixin.py:190} INFO - [2024-09-01T23:51:39.485+0000] {dag.py:4138} INFO - Setting next_dagrun for pythonoperator to None, run_after=None
[2024-09-01T23:51:39.526+0000] {processor.py:208} INFO - Processing /opt/airflow/dags/2-pythonoperator.py took 0.219 seconds
[2024-09-01T23:52:10.431+0000] {processor.py:186} INFO - Started process (PID=966) to work on /opt/airflow/dags/2-pythonoperator.py
[2024-09-01T23:52:10.446+0000] {processor.py:914} INFO - Processing file /opt/airflow/dags/2-pythonoperator.py for tasks to queue
[2024-09-01T23:52:10.450+0000] {logging_mixin.py:190} INFO - [2024-09-01T23:52:10.449+0000] {dagbag.py:587} INFO - Filling up the DagBag from /opt/airflow/dags/2-pythonoperator.py
[2024-09-01T23:52:10.468+0000] {processor.py:925} INFO - DAG(s) 'pythonoperator' retrieved from /opt/airflow/dags/2-pythonoperator.py
[2024-09-01T23:52:10.526+0000] {logging_mixin.py:190} INFO - [2024-09-01T23:52:10.526+0000] {dag.py:3211} INFO - Sync 1 DAGs
[2024-09-01T23:52:10.619+0000] {logging_mixin.py:190} INFO - [2024-09-01T23:52:10.618+0000] {dag.py:4138} INFO - Setting next_dagrun for pythonoperator to None, run_after=None
[2024-09-01T23:52:10.718+0000] {processor.py:208} INFO - Processing /opt/airflow/dags/2-pythonoperator.py took 0.296 seconds
[2024-09-01T23:52:40.871+0000] {processor.py:186} INFO - Started process (PID=978) to work on /opt/airflow/dags/2-pythonoperator.py
[2024-09-01T23:52:40.881+0000] {processor.py:914} INFO - Processing file /opt/airflow/dags/2-pythonoperator.py for tasks to queue
[2024-09-01T23:52:40.886+0000] {logging_mixin.py:190} INFO - [2024-09-01T23:52:40.885+0000] {dagbag.py:587} INFO - Filling up the DagBag from /opt/airflow/dags/2-pythonoperator.py
[2024-09-01T23:52:40.897+0000] {processor.py:925} INFO - DAG(s) 'pythonoperator' retrieved from /opt/airflow/dags/2-pythonoperator.py
[2024-09-01T23:52:40.951+0000] {logging_mixin.py:190} INFO - [2024-09-01T23:52:40.950+0000] {dag.py:3211} INFO - Sync 1 DAGs
[2024-09-01T23:52:41.015+0000] {logging_mixin.py:190} INFO - [2024-09-01T23:52:41.015+0000] {dag.py:4138} INFO - Setting next_dagrun for pythonoperator to None, run_after=None
[2024-09-01T23:52:41.059+0000] {processor.py:208} INFO - Processing /opt/airflow/dags/2-pythonoperator.py took 0.197 seconds
[2024-09-01T23:53:11.123+0000] {processor.py:186} INFO - Started process (PID=990) to work on /opt/airflow/dags/2-pythonoperator.py
[2024-09-01T23:53:11.139+0000] {processor.py:914} INFO - Processing file /opt/airflow/dags/2-pythonoperator.py for tasks to queue
[2024-09-01T23:53:11.144+0000] {logging_mixin.py:190} INFO - [2024-09-01T23:53:11.144+0000] {dagbag.py:587} INFO - Filling up the DagBag from /opt/airflow/dags/2-pythonoperator.py
[2024-09-01T23:53:11.160+0000] {processor.py:925} INFO - DAG(s) 'pythonoperator' retrieved from /opt/airflow/dags/2-pythonoperator.py
[2024-09-01T23:53:11.208+0000] {logging_mixin.py:190} INFO - [2024-09-01T23:53:11.207+0000] {dag.py:3211} INFO - Sync 1 DAGs
[2024-09-01T23:53:11.261+0000] {logging_mixin.py:190} INFO - [2024-09-01T23:53:11.261+0000] {dag.py:4138} INFO - Setting next_dagrun for pythonoperator to None, run_after=None
[2024-09-01T23:53:11.296+0000] {processor.py:208} INFO - Processing /opt/airflow/dags/2-pythonoperator.py took 0.186 seconds
[2024-09-01T23:53:41.776+0000] {processor.py:186} INFO - Started process (PID=1002) to work on /opt/airflow/dags/2-pythonoperator.py
[2024-09-01T23:53:41.786+0000] {processor.py:914} INFO - Processing file /opt/airflow/dags/2-pythonoperator.py for tasks to queue
[2024-09-01T23:53:41.791+0000] {logging_mixin.py:190} INFO - [2024-09-01T23:53:41.790+0000] {dagbag.py:587} INFO - Filling up the DagBag from /opt/airflow/dags/2-pythonoperator.py
[2024-09-01T23:53:41.807+0000] {processor.py:925} INFO - DAG(s) 'pythonoperator' retrieved from /opt/airflow/dags/2-pythonoperator.py
[2024-09-01T23:53:41.845+0000] {logging_mixin.py:190} INFO - [2024-09-01T23:53:41.844+0000] {dag.py:3211} INFO - Sync 1 DAGs
[2024-09-01T23:53:41.891+0000] {logging_mixin.py:190} INFO - [2024-09-01T23:53:41.890+0000] {dag.py:4138} INFO - Setting next_dagrun for pythonoperator to None, run_after=None
[2024-09-01T23:53:41.919+0000] {processor.py:208} INFO - Processing /opt/airflow/dags/2-pythonoperator.py took 0.154 seconds
[2024-09-01T23:54:12.491+0000] {processor.py:186} INFO - Started process (PID=1014) to work on /opt/airflow/dags/2-pythonoperator.py
[2024-09-01T23:54:12.498+0000] {processor.py:914} INFO - Processing file /opt/airflow/dags/2-pythonoperator.py for tasks to queue
[2024-09-01T23:54:12.502+0000] {logging_mixin.py:190} INFO - [2024-09-01T23:54:12.502+0000] {dagbag.py:587} INFO - Filling up the DagBag from /opt/airflow/dags/2-pythonoperator.py
[2024-09-01T23:54:12.515+0000] {processor.py:925} INFO - DAG(s) 'pythonoperator' retrieved from /opt/airflow/dags/2-pythonoperator.py
[2024-09-01T23:54:12.559+0000] {logging_mixin.py:190} INFO - [2024-09-01T23:54:12.559+0000] {dag.py:3211} INFO - Sync 1 DAGs
[2024-09-01T23:54:12.606+0000] {logging_mixin.py:190} INFO - [2024-09-01T23:54:12.605+0000] {dag.py:4138} INFO - Setting next_dagrun for pythonoperator to None, run_after=None
[2024-09-01T23:54:12.637+0000] {processor.py:208} INFO - Processing /opt/airflow/dags/2-pythonoperator.py took 0.157 seconds
[2024-09-01T23:54:43.149+0000] {processor.py:186} INFO - Started process (PID=1025) to work on /opt/airflow/dags/2-pythonoperator.py
[2024-09-01T23:54:43.156+0000] {processor.py:914} INFO - Processing file /opt/airflow/dags/2-pythonoperator.py for tasks to queue
[2024-09-01T23:54:43.161+0000] {logging_mixin.py:190} INFO - [2024-09-01T23:54:43.160+0000] {dagbag.py:587} INFO - Filling up the DagBag from /opt/airflow/dags/2-pythonoperator.py
[2024-09-01T23:54:43.173+0000] {processor.py:925} INFO - DAG(s) 'pythonoperator' retrieved from /opt/airflow/dags/2-pythonoperator.py
[2024-09-01T23:54:43.221+0000] {logging_mixin.py:190} INFO - [2024-09-01T23:54:43.221+0000] {dag.py:3211} INFO - Sync 1 DAGs
[2024-09-01T23:54:43.282+0000] {logging_mixin.py:190} INFO - [2024-09-01T23:54:43.281+0000] {dag.py:4138} INFO - Setting next_dagrun for pythonoperator to None, run_after=None
[2024-09-01T23:54:43.310+0000] {processor.py:208} INFO - Processing /opt/airflow/dags/2-pythonoperator.py took 0.172 seconds
[2024-09-01T23:55:13.895+0000] {processor.py:186} INFO - Started process (PID=1036) to work on /opt/airflow/dags/2-pythonoperator.py
[2024-09-01T23:55:13.924+0000] {processor.py:914} INFO - Processing file /opt/airflow/dags/2-pythonoperator.py for tasks to queue
[2024-09-01T23:55:13.934+0000] {logging_mixin.py:190} INFO - [2024-09-01T23:55:13.933+0000] {dagbag.py:587} INFO - Filling up the DagBag from /opt/airflow/dags/2-pythonoperator.py
[2024-09-01T23:55:13.969+0000] {processor.py:925} INFO - DAG(s) 'pythonoperator' retrieved from /opt/airflow/dags/2-pythonoperator.py
[2024-09-01T23:55:14.109+0000] {logging_mixin.py:190} INFO - [2024-09-01T23:55:14.108+0000] {dag.py:3211} INFO - Sync 1 DAGs
[2024-09-01T23:55:14.236+0000] {logging_mixin.py:190} INFO - [2024-09-01T23:55:14.235+0000] {dag.py:4138} INFO - Setting next_dagrun for pythonoperator to None, run_after=None
[2024-09-01T23:55:14.279+0000] {processor.py:208} INFO - Processing /opt/airflow/dags/2-pythonoperator.py took 0.398 seconds
[2024-09-01T23:55:45.136+0000] {processor.py:186} INFO - Started process (PID=1048) to work on /opt/airflow/dags/2-pythonoperator.py
[2024-09-01T23:55:45.139+0000] {processor.py:914} INFO - Processing file /opt/airflow/dags/2-pythonoperator.py for tasks to queue
[2024-09-01T23:55:45.152+0000] {logging_mixin.py:190} INFO - [2024-09-01T23:55:45.151+0000] {dagbag.py:587} INFO - Filling up the DagBag from /opt/airflow/dags/2-pythonoperator.py
[2024-09-01T23:55:45.213+0000] {processor.py:925} INFO - DAG(s) 'pythonoperator' retrieved from /opt/airflow/dags/2-pythonoperator.py
[2024-09-01T23:55:45.373+0000] {logging_mixin.py:190} INFO - [2024-09-01T23:55:45.373+0000] {dag.py:3211} INFO - Sync 1 DAGs
[2024-09-01T23:55:45.448+0000] {logging_mixin.py:190} INFO - [2024-09-01T23:55:45.447+0000] {dag.py:4138} INFO - Setting next_dagrun for pythonoperator to None, run_after=None
[2024-09-01T23:55:45.510+0000] {processor.py:208} INFO - Processing /opt/airflow/dags/2-pythonoperator.py took 0.397 seconds
[2024-09-01T23:56:16.319+0000] {processor.py:186} INFO - Started process (PID=1059) to work on /opt/airflow/dags/2-pythonoperator.py
[2024-09-01T23:56:16.337+0000] {processor.py:914} INFO - Processing file /opt/airflow/dags/2-pythonoperator.py for tasks to queue
[2024-09-01T23:56:16.342+0000] {logging_mixin.py:190} INFO - [2024-09-01T23:56:16.341+0000] {dagbag.py:587} INFO - Filling up the DagBag from /opt/airflow/dags/2-pythonoperator.py
[2024-09-01T23:56:16.360+0000] {processor.py:925} INFO - DAG(s) 'pythonoperator' retrieved from /opt/airflow/dags/2-pythonoperator.py
[2024-09-01T23:56:16.422+0000] {logging_mixin.py:190} INFO - [2024-09-01T23:56:16.422+0000] {dag.py:3211} INFO - Sync 1 DAGs
[2024-09-01T23:56:16.491+0000] {logging_mixin.py:190} INFO - [2024-09-01T23:56:16.491+0000] {dag.py:4138} INFO - Setting next_dagrun for pythonoperator to None, run_after=None
[2024-09-01T23:56:16.546+0000] {processor.py:208} INFO - Processing /opt/airflow/dags/2-pythonoperator.py took 0.240 seconds
[2024-09-01T23:56:46.771+0000] {processor.py:186} INFO - Started process (PID=1070) to work on /opt/airflow/dags/2-pythonoperator.py
[2024-09-01T23:56:46.780+0000] {processor.py:914} INFO - Processing file /opt/airflow/dags/2-pythonoperator.py for tasks to queue
[2024-09-01T23:56:46.785+0000] {logging_mixin.py:190} INFO - [2024-09-01T23:56:46.784+0000] {dagbag.py:587} INFO - Filling up the DagBag from /opt/airflow/dags/2-pythonoperator.py
[2024-09-01T23:56:46.808+0000] {processor.py:925} INFO - DAG(s) 'pythonoperator' retrieved from /opt/airflow/dags/2-pythonoperator.py
[2024-09-01T23:56:46.871+0000] {logging_mixin.py:190} INFO - [2024-09-01T23:56:46.871+0000] {dag.py:3211} INFO - Sync 1 DAGs
[2024-09-01T23:56:46.931+0000] {logging_mixin.py:190} INFO - [2024-09-01T23:56:46.931+0000] {dag.py:4138} INFO - Setting next_dagrun for pythonoperator to None, run_after=None
[2024-09-01T23:56:46.972+0000] {processor.py:208} INFO - Processing /opt/airflow/dags/2-pythonoperator.py took 0.216 seconds
[2024-09-01T23:57:17.184+0000] {processor.py:186} INFO - Started process (PID=1081) to work on /opt/airflow/dags/2-pythonoperator.py
[2024-09-01T23:57:17.193+0000] {processor.py:914} INFO - Processing file /opt/airflow/dags/2-pythonoperator.py for tasks to queue
[2024-09-01T23:57:17.199+0000] {logging_mixin.py:190} INFO - [2024-09-01T23:57:17.198+0000] {dagbag.py:587} INFO - Filling up the DagBag from /opt/airflow/dags/2-pythonoperator.py
[2024-09-01T23:57:17.219+0000] {processor.py:925} INFO - DAG(s) 'pythonoperator' retrieved from /opt/airflow/dags/2-pythonoperator.py
[2024-09-01T23:57:17.289+0000] {logging_mixin.py:190} INFO - [2024-09-01T23:57:17.289+0000] {dag.py:3211} INFO - Sync 1 DAGs
[2024-09-01T23:57:17.349+0000] {logging_mixin.py:190} INFO - [2024-09-01T23:57:17.348+0000] {dag.py:4138} INFO - Setting next_dagrun for pythonoperator to None, run_after=None
[2024-09-01T23:57:17.390+0000] {processor.py:208} INFO - Processing /opt/airflow/dags/2-pythonoperator.py took 0.219 seconds
[2024-09-01T23:57:48.222+0000] {processor.py:186} INFO - Started process (PID=1093) to work on /opt/airflow/dags/2-pythonoperator.py
[2024-09-01T23:57:48.232+0000] {processor.py:914} INFO - Processing file /opt/airflow/dags/2-pythonoperator.py for tasks to queue
[2024-09-01T23:57:48.237+0000] {logging_mixin.py:190} INFO - [2024-09-01T23:57:48.237+0000] {dagbag.py:587} INFO - Filling up the DagBag from /opt/airflow/dags/2-pythonoperator.py
[2024-09-01T23:57:48.266+0000] {processor.py:925} INFO - DAG(s) 'pythonoperator' retrieved from /opt/airflow/dags/2-pythonoperator.py
[2024-09-01T23:57:48.356+0000] {logging_mixin.py:190} INFO - [2024-09-01T23:57:48.348+0000] {dag.py:3211} INFO - Sync 1 DAGs
[2024-09-01T23:57:48.432+0000] {logging_mixin.py:190} INFO - [2024-09-01T23:57:48.431+0000] {dag.py:4138} INFO - Setting next_dagrun for pythonoperator to None, run_after=None
[2024-09-01T23:57:48.473+0000] {processor.py:208} INFO - Processing /opt/airflow/dags/2-pythonoperator.py took 0.272 seconds
[2024-09-01T23:58:18.539+0000] {processor.py:186} INFO - Started process (PID=1105) to work on /opt/airflow/dags/2-pythonoperator.py
[2024-09-01T23:58:18.557+0000] {processor.py:914} INFO - Processing file /opt/airflow/dags/2-pythonoperator.py for tasks to queue
[2024-09-01T23:58:18.562+0000] {logging_mixin.py:190} INFO - [2024-09-01T23:58:18.561+0000] {dagbag.py:587} INFO - Filling up the DagBag from /opt/airflow/dags/2-pythonoperator.py
[2024-09-01T23:58:18.584+0000] {processor.py:925} INFO - DAG(s) 'pythonoperator' retrieved from /opt/airflow/dags/2-pythonoperator.py
[2024-09-01T23:58:18.639+0000] {logging_mixin.py:190} INFO - [2024-09-01T23:58:18.639+0000] {dag.py:3211} INFO - Sync 1 DAGs
[2024-09-01T23:58:18.693+0000] {logging_mixin.py:190} INFO - [2024-09-01T23:58:18.692+0000] {dag.py:4138} INFO - Setting next_dagrun for pythonoperator to None, run_after=None
[2024-09-01T23:58:18.722+0000] {processor.py:208} INFO - Processing /opt/airflow/dags/2-pythonoperator.py took 0.200 seconds
[2024-09-01T23:58:49.379+0000] {processor.py:186} INFO - Started process (PID=1117) to work on /opt/airflow/dags/2-pythonoperator.py
[2024-09-01T23:58:49.392+0000] {processor.py:914} INFO - Processing file /opt/airflow/dags/2-pythonoperator.py for tasks to queue
[2024-09-01T23:58:49.404+0000] {logging_mixin.py:190} INFO - [2024-09-01T23:58:49.403+0000] {dagbag.py:587} INFO - Filling up the DagBag from /opt/airflow/dags/2-pythonoperator.py
[2024-09-01T23:58:49.430+0000] {processor.py:925} INFO - DAG(s) 'pythonoperator' retrieved from /opt/airflow/dags/2-pythonoperator.py
[2024-09-01T23:58:49.505+0000] {logging_mixin.py:190} INFO - [2024-09-01T23:58:49.504+0000] {dag.py:3211} INFO - Sync 1 DAGs
[2024-09-01T23:58:49.603+0000] {logging_mixin.py:190} INFO - [2024-09-01T23:58:49.603+0000] {dag.py:4138} INFO - Setting next_dagrun for pythonoperator to None, run_after=None
[2024-09-01T23:58:49.677+0000] {processor.py:208} INFO - Processing /opt/airflow/dags/2-pythonoperator.py took 0.318 seconds
[2024-09-01T23:59:20.493+0000] {processor.py:186} INFO - Started process (PID=1129) to work on /opt/airflow/dags/2-pythonoperator.py
[2024-09-01T23:59:20.505+0000] {processor.py:914} INFO - Processing file /opt/airflow/dags/2-pythonoperator.py for tasks to queue
[2024-09-01T23:59:20.509+0000] {logging_mixin.py:190} INFO - [2024-09-01T23:59:20.509+0000] {dagbag.py:587} INFO - Filling up the DagBag from /opt/airflow/dags/2-pythonoperator.py
[2024-09-01T23:59:20.540+0000] {processor.py:925} INFO - DAG(s) 'pythonoperator' retrieved from /opt/airflow/dags/2-pythonoperator.py
[2024-09-01T23:59:20.602+0000] {logging_mixin.py:190} INFO - [2024-09-01T23:59:20.601+0000] {dag.py:3211} INFO - Sync 1 DAGs
[2024-09-01T23:59:20.666+0000] {logging_mixin.py:190} INFO - [2024-09-01T23:59:20.665+0000] {dag.py:4138} INFO - Setting next_dagrun for pythonoperator to None, run_after=None
[2024-09-01T23:59:20.704+0000] {processor.py:208} INFO - Processing /opt/airflow/dags/2-pythonoperator.py took 0.227 seconds
[2024-09-01T23:59:51.231+0000] {processor.py:186} INFO - Started process (PID=1140) to work on /opt/airflow/dags/2-pythonoperator.py
[2024-09-01T23:59:51.240+0000] {processor.py:914} INFO - Processing file /opt/airflow/dags/2-pythonoperator.py for tasks to queue
[2024-09-01T23:59:51.244+0000] {logging_mixin.py:190} INFO - [2024-09-01T23:59:51.244+0000] {dagbag.py:587} INFO - Filling up the DagBag from /opt/airflow/dags/2-pythonoperator.py
[2024-09-01T23:59:51.257+0000] {processor.py:925} INFO - DAG(s) 'pythonoperator' retrieved from /opt/airflow/dags/2-pythonoperator.py
[2024-09-01T23:59:51.314+0000] {logging_mixin.py:190} INFO - [2024-09-01T23:59:51.313+0000] {dag.py:3211} INFO - Sync 1 DAGs
[2024-09-01T23:59:51.372+0000] {logging_mixin.py:190} INFO - [2024-09-01T23:59:51.372+0000] {dag.py:4138} INFO - Setting next_dagrun for pythonoperator to None, run_after=None
[2024-09-01T23:59:51.411+0000] {processor.py:208} INFO - Processing /opt/airflow/dags/2-pythonoperator.py took 0.194 seconds
