[2024-09-01T23:13:41.089+0000] {processor.py:186} INFO - Started process (PID=63) to work on /opt/airflow/dags/4-customoperator.py
[2024-09-01T23:13:41.090+0000] {processor.py:914} INFO - Processing file /opt/airflow/dags/4-customoperator.py for tasks to queue
[2024-09-01T23:13:41.095+0000] {logging_mixin.py:190} INFO - [2024-09-01T23:13:41.094+0000] {dagbag.py:587} INFO - Filling up the DagBag from /opt/airflow/dags/4-customoperator.py
[2024-09-01T23:13:41.112+0000] {processor.py:925} INFO - DAG(s) 'customoperator' retrieved from /opt/airflow/dags/4-customoperator.py
[2024-09-01T23:13:41.168+0000] {logging_mixin.py:190} INFO - [2024-09-01T23:13:41.168+0000] {dag.py:3211} INFO - Sync 1 DAGs
[2024-09-01T23:13:41.227+0000] {logging_mixin.py:190} INFO - [2024-09-01T23:13:41.226+0000] {dag.py:4138} INFO - Setting next_dagrun for customoperator to None, run_after=None
[2024-09-01T23:13:41.262+0000] {processor.py:208} INFO - Processing /opt/airflow/dags/4-customoperator.py took 0.186 seconds
[2024-09-01T23:14:11.836+0000] {processor.py:186} INFO - Started process (PID=75) to work on /opt/airflow/dags/4-customoperator.py
[2024-09-01T23:14:11.838+0000] {processor.py:914} INFO - Processing file /opt/airflow/dags/4-customoperator.py for tasks to queue
[2024-09-01T23:14:11.841+0000] {logging_mixin.py:190} INFO - [2024-09-01T23:14:11.841+0000] {dagbag.py:587} INFO - Filling up the DagBag from /opt/airflow/dags/4-customoperator.py
[2024-09-01T23:14:11.856+0000] {processor.py:925} INFO - DAG(s) 'customoperator' retrieved from /opt/airflow/dags/4-customoperator.py
[2024-09-01T23:14:11.909+0000] {logging_mixin.py:190} INFO - [2024-09-01T23:14:11.908+0000] {dag.py:3211} INFO - Sync 1 DAGs
[2024-09-01T23:14:11.963+0000] {logging_mixin.py:190} INFO - [2024-09-01T23:14:11.963+0000] {dag.py:4138} INFO - Setting next_dagrun for customoperator to None, run_after=None
[2024-09-01T23:14:11.996+0000] {processor.py:208} INFO - Processing /opt/airflow/dags/4-customoperator.py took 0.171 seconds
[2024-09-01T23:14:42.806+0000] {processor.py:186} INFO - Started process (PID=87) to work on /opt/airflow/dags/4-customoperator.py
[2024-09-01T23:14:42.809+0000] {processor.py:914} INFO - Processing file /opt/airflow/dags/4-customoperator.py for tasks to queue
[2024-09-01T23:14:42.813+0000] {logging_mixin.py:190} INFO - [2024-09-01T23:14:42.812+0000] {dagbag.py:587} INFO - Filling up the DagBag from /opt/airflow/dags/4-customoperator.py
[2024-09-01T23:14:42.834+0000] {processor.py:925} INFO - DAG(s) 'customoperator' retrieved from /opt/airflow/dags/4-customoperator.py
[2024-09-01T23:14:42.885+0000] {logging_mixin.py:190} INFO - [2024-09-01T23:14:42.885+0000] {dag.py:3211} INFO - Sync 1 DAGs
[2024-09-01T23:14:42.943+0000] {logging_mixin.py:190} INFO - [2024-09-01T23:14:42.943+0000] {dag.py:4138} INFO - Setting next_dagrun for customoperator to None, run_after=None
[2024-09-01T23:14:42.984+0000] {processor.py:208} INFO - Processing /opt/airflow/dags/4-customoperator.py took 0.189 seconds
[2024-09-01T23:15:13.606+0000] {processor.py:186} INFO - Started process (PID=99) to work on /opt/airflow/dags/4-customoperator.py
[2024-09-01T23:15:13.607+0000] {processor.py:914} INFO - Processing file /opt/airflow/dags/4-customoperator.py for tasks to queue
[2024-09-01T23:15:13.611+0000] {logging_mixin.py:190} INFO - [2024-09-01T23:15:13.610+0000] {dagbag.py:587} INFO - Filling up the DagBag from /opt/airflow/dags/4-customoperator.py
[2024-09-01T23:15:13.626+0000] {processor.py:925} INFO - DAG(s) 'customoperator' retrieved from /opt/airflow/dags/4-customoperator.py
[2024-09-01T23:15:13.665+0000] {logging_mixin.py:190} INFO - [2024-09-01T23:15:13.665+0000] {dag.py:3211} INFO - Sync 1 DAGs
[2024-09-01T23:15:13.704+0000] {logging_mixin.py:190} INFO - [2024-09-01T23:15:13.704+0000] {dag.py:4138} INFO - Setting next_dagrun for customoperator to None, run_after=None
[2024-09-01T23:15:13.730+0000] {processor.py:208} INFO - Processing /opt/airflow/dags/4-customoperator.py took 0.134 seconds
[2024-09-01T23:15:44.490+0000] {processor.py:186} INFO - Started process (PID=110) to work on /opt/airflow/dags/4-customoperator.py
[2024-09-01T23:15:44.608+0000] {processor.py:914} INFO - Processing file /opt/airflow/dags/4-customoperator.py for tasks to queue
[2024-09-01T23:15:44.613+0000] {logging_mixin.py:190} INFO - [2024-09-01T23:15:44.612+0000] {dagbag.py:587} INFO - Filling up the DagBag from /opt/airflow/dags/4-customoperator.py
[2024-09-01T23:15:44.651+0000] {processor.py:925} INFO - DAG(s) 'customoperator' retrieved from /opt/airflow/dags/4-customoperator.py
[2024-09-01T23:15:44.726+0000] {logging_mixin.py:190} INFO - [2024-09-01T23:15:44.725+0000] {dag.py:3211} INFO - Sync 1 DAGs
[2024-09-01T23:15:44.792+0000] {logging_mixin.py:190} INFO - [2024-09-01T23:15:44.791+0000] {dag.py:4138} INFO - Setting next_dagrun for customoperator to None, run_after=None
[2024-09-01T23:15:44.852+0000] {processor.py:208} INFO - Processing /opt/airflow/dags/4-customoperator.py took 0.377 seconds
[2024-09-01T23:16:15.032+0000] {processor.py:186} INFO - Started process (PID=122) to work on /opt/airflow/dags/4-customoperator.py
[2024-09-01T23:16:15.033+0000] {processor.py:914} INFO - Processing file /opt/airflow/dags/4-customoperator.py for tasks to queue
[2024-09-01T23:16:15.036+0000] {logging_mixin.py:190} INFO - [2024-09-01T23:16:15.035+0000] {dagbag.py:587} INFO - Filling up the DagBag from /opt/airflow/dags/4-customoperator.py
[2024-09-01T23:16:15.048+0000] {processor.py:925} INFO - DAG(s) 'customoperator' retrieved from /opt/airflow/dags/4-customoperator.py
[2024-09-01T23:16:15.091+0000] {logging_mixin.py:190} INFO - [2024-09-01T23:16:15.090+0000] {dag.py:3211} INFO - Sync 1 DAGs
[2024-09-01T23:16:15.286+0000] {logging_mixin.py:190} INFO - [2024-09-01T23:16:15.286+0000] {dag.py:4138} INFO - Setting next_dagrun for customoperator to None, run_after=None
[2024-09-01T23:16:15.311+0000] {processor.py:208} INFO - Processing /opt/airflow/dags/4-customoperator.py took 0.292 seconds
[2024-09-01T23:16:46.312+0000] {processor.py:186} INFO - Started process (PID=135) to work on /opt/airflow/dags/4-customoperator.py
[2024-09-01T23:16:46.420+0000] {processor.py:914} INFO - Processing file /opt/airflow/dags/4-customoperator.py for tasks to queue
[2024-09-01T23:16:46.424+0000] {logging_mixin.py:190} INFO - [2024-09-01T23:16:46.423+0000] {dagbag.py:587} INFO - Filling up the DagBag from /opt/airflow/dags/4-customoperator.py
[2024-09-01T23:16:46.438+0000] {processor.py:925} INFO - DAG(s) 'customoperator' retrieved from /opt/airflow/dags/4-customoperator.py
[2024-09-01T23:16:46.478+0000] {logging_mixin.py:190} INFO - [2024-09-01T23:16:46.478+0000] {dag.py:3211} INFO - Sync 1 DAGs
[2024-09-01T23:16:46.736+0000] {logging_mixin.py:190} INFO - [2024-09-01T23:16:46.736+0000] {dag.py:4138} INFO - Setting next_dagrun for customoperator to None, run_after=None
[2024-09-01T23:16:46.767+0000] {processor.py:208} INFO - Processing /opt/airflow/dags/4-customoperator.py took 0.464 seconds
[2024-09-01T23:17:17.587+0000] {processor.py:186} INFO - Started process (PID=147) to work on /opt/airflow/dags/4-customoperator.py
[2024-09-01T23:17:17.856+0000] {processor.py:914} INFO - Processing file /opt/airflow/dags/4-customoperator.py for tasks to queue
[2024-09-01T23:17:17.862+0000] {logging_mixin.py:190} INFO - [2024-09-01T23:17:17.861+0000] {dagbag.py:587} INFO - Filling up the DagBag from /opt/airflow/dags/4-customoperator.py
[2024-09-01T23:17:17.905+0000] {processor.py:925} INFO - DAG(s) 'customoperator' retrieved from /opt/airflow/dags/4-customoperator.py
[2024-09-01T23:17:18.188+0000] {logging_mixin.py:190} INFO - [2024-09-01T23:17:18.188+0000] {dag.py:3211} INFO - Sync 1 DAGs
[2024-09-01T23:17:18.244+0000] {logging_mixin.py:190} INFO - [2024-09-01T23:17:18.244+0000] {dag.py:4138} INFO - Setting next_dagrun for customoperator to None, run_after=None
[2024-09-01T23:17:18.284+0000] {processor.py:208} INFO - Processing /opt/airflow/dags/4-customoperator.py took 0.711 seconds
[2024-09-01T23:17:48.355+0000] {processor.py:186} INFO - Started process (PID=159) to work on /opt/airflow/dags/4-customoperator.py
[2024-09-01T23:17:48.357+0000] {processor.py:914} INFO - Processing file /opt/airflow/dags/4-customoperator.py for tasks to queue
[2024-09-01T23:17:48.591+0000] {logging_mixin.py:190} INFO - [2024-09-01T23:17:48.360+0000] {dagbag.py:587} INFO - Filling up the DagBag from /opt/airflow/dags/4-customoperator.py
[2024-09-01T23:17:48.606+0000] {processor.py:925} INFO - DAG(s) 'customoperator' retrieved from /opt/airflow/dags/4-customoperator.py
[2024-09-01T23:17:48.651+0000] {logging_mixin.py:190} INFO - [2024-09-01T23:17:48.650+0000] {dag.py:3211} INFO - Sync 1 DAGs
[2024-09-01T23:17:48.702+0000] {logging_mixin.py:190} INFO - [2024-09-01T23:17:48.702+0000] {dag.py:4138} INFO - Setting next_dagrun for customoperator to None, run_after=None
[2024-09-01T23:17:48.736+0000] {processor.py:208} INFO - Processing /opt/airflow/dags/4-customoperator.py took 0.405 seconds
[2024-09-01T23:18:19.510+0000] {processor.py:186} INFO - Started process (PID=170) to work on /opt/airflow/dags/4-customoperator.py
[2024-09-01T23:18:19.609+0000] {processor.py:914} INFO - Processing file /opt/airflow/dags/4-customoperator.py for tasks to queue
[2024-09-01T23:18:19.614+0000] {logging_mixin.py:190} INFO - [2024-09-01T23:18:19.614+0000] {dagbag.py:587} INFO - Filling up the DagBag from /opt/airflow/dags/4-customoperator.py
[2024-09-01T23:18:19.667+0000] {processor.py:925} INFO - DAG(s) 'customoperator' retrieved from /opt/airflow/dags/4-customoperator.py
[2024-09-01T23:18:19.802+0000] {logging_mixin.py:190} INFO - [2024-09-01T23:18:19.801+0000] {dag.py:3211} INFO - Sync 1 DAGs
[2024-09-01T23:18:19.898+0000] {logging_mixin.py:190} INFO - [2024-09-01T23:18:19.897+0000] {dag.py:4138} INFO - Setting next_dagrun for customoperator to None, run_after=None
[2024-09-01T23:18:19.939+0000] {processor.py:208} INFO - Processing /opt/airflow/dags/4-customoperator.py took 0.443 seconds
[2024-09-01T23:18:50.535+0000] {processor.py:186} INFO - Started process (PID=181) to work on /opt/airflow/dags/4-customoperator.py
[2024-09-01T23:18:50.536+0000] {processor.py:914} INFO - Processing file /opt/airflow/dags/4-customoperator.py for tasks to queue
[2024-09-01T23:18:50.573+0000] {logging_mixin.py:190} INFO - [2024-09-01T23:18:50.568+0000] {dagbag.py:587} INFO - Filling up the DagBag from /opt/airflow/dags/4-customoperator.py
[2024-09-01T23:18:50.653+0000] {processor.py:925} INFO - DAG(s) 'customoperator' retrieved from /opt/airflow/dags/4-customoperator.py
[2024-09-01T23:18:50.854+0000] {logging_mixin.py:190} INFO - [2024-09-01T23:18:50.854+0000] {dag.py:3211} INFO - Sync 1 DAGs
[2024-09-01T23:18:51.021+0000] {logging_mixin.py:190} INFO - [2024-09-01T23:18:51.021+0000] {dag.py:4138} INFO - Setting next_dagrun for customoperator to None, run_after=None
[2024-09-01T23:18:51.141+0000] {processor.py:208} INFO - Processing /opt/airflow/dags/4-customoperator.py took 0.665 seconds
[2024-09-01T23:19:21.718+0000] {processor.py:186} INFO - Started process (PID=193) to work on /opt/airflow/dags/4-customoperator.py
[2024-09-01T23:19:21.719+0000] {processor.py:914} INFO - Processing file /opt/airflow/dags/4-customoperator.py for tasks to queue
[2024-09-01T23:19:21.722+0000] {logging_mixin.py:190} INFO - [2024-09-01T23:19:21.722+0000] {dagbag.py:587} INFO - Filling up the DagBag from /opt/airflow/dags/4-customoperator.py
[2024-09-01T23:19:21.735+0000] {processor.py:925} INFO - DAG(s) 'customoperator' retrieved from /opt/airflow/dags/4-customoperator.py
[2024-09-01T23:19:21.805+0000] {logging_mixin.py:190} INFO - [2024-09-01T23:19:21.804+0000] {dag.py:3211} INFO - Sync 1 DAGs
[2024-09-01T23:19:21.852+0000] {logging_mixin.py:190} INFO - [2024-09-01T23:19:21.851+0000] {dag.py:4138} INFO - Setting next_dagrun for customoperator to None, run_after=None
[2024-09-01T23:19:21.878+0000] {processor.py:208} INFO - Processing /opt/airflow/dags/4-customoperator.py took 0.170 seconds
[2024-09-01T23:19:52.396+0000] {processor.py:186} INFO - Started process (PID=204) to work on /opt/airflow/dags/4-customoperator.py
[2024-09-01T23:19:52.474+0000] {processor.py:914} INFO - Processing file /opt/airflow/dags/4-customoperator.py for tasks to queue
[2024-09-01T23:19:52.478+0000] {logging_mixin.py:190} INFO - [2024-09-01T23:19:52.478+0000] {dagbag.py:587} INFO - Filling up the DagBag from /opt/airflow/dags/4-customoperator.py
[2024-09-01T23:19:52.492+0000] {processor.py:925} INFO - DAG(s) 'customoperator' retrieved from /opt/airflow/dags/4-customoperator.py
[2024-09-01T23:19:52.542+0000] {logging_mixin.py:190} INFO - [2024-09-01T23:19:52.542+0000] {dag.py:3211} INFO - Sync 1 DAGs
[2024-09-01T23:19:52.603+0000] {logging_mixin.py:190} INFO - [2024-09-01T23:19:52.602+0000] {dag.py:4138} INFO - Setting next_dagrun for customoperator to None, run_after=None
[2024-09-01T23:19:52.632+0000] {processor.py:208} INFO - Processing /opt/airflow/dags/4-customoperator.py took 0.248 seconds
[2024-09-01T23:20:23.288+0000] {processor.py:186} INFO - Started process (PID=216) to work on /opt/airflow/dags/4-customoperator.py
[2024-09-01T23:20:23.294+0000] {processor.py:914} INFO - Processing file /opt/airflow/dags/4-customoperator.py for tasks to queue
[2024-09-01T23:20:23.300+0000] {logging_mixin.py:190} INFO - [2024-09-01T23:20:23.299+0000] {dagbag.py:587} INFO - Filling up the DagBag from /opt/airflow/dags/4-customoperator.py
[2024-09-01T23:20:23.323+0000] {processor.py:925} INFO - DAG(s) 'customoperator' retrieved from /opt/airflow/dags/4-customoperator.py
[2024-09-01T23:20:23.384+0000] {logging_mixin.py:190} INFO - [2024-09-01T23:20:23.384+0000] {dag.py:3211} INFO - Sync 1 DAGs
[2024-09-01T23:20:23.448+0000] {logging_mixin.py:190} INFO - [2024-09-01T23:20:23.447+0000] {dag.py:4138} INFO - Setting next_dagrun for customoperator to None, run_after=None
[2024-09-01T23:20:23.488+0000] {processor.py:208} INFO - Processing /opt/airflow/dags/4-customoperator.py took 0.217 seconds
[2024-09-01T23:20:54.347+0000] {processor.py:186} INFO - Started process (PID=228) to work on /opt/airflow/dags/4-customoperator.py
[2024-09-01T23:20:54.363+0000] {processor.py:914} INFO - Processing file /opt/airflow/dags/4-customoperator.py for tasks to queue
[2024-09-01T23:20:54.389+0000] {logging_mixin.py:190} INFO - [2024-09-01T23:20:54.382+0000] {dagbag.py:587} INFO - Filling up the DagBag from /opt/airflow/dags/4-customoperator.py
[2024-09-01T23:20:54.453+0000] {processor.py:925} INFO - DAG(s) 'customoperator' retrieved from /opt/airflow/dags/4-customoperator.py
[2024-09-01T23:20:54.532+0000] {logging_mixin.py:190} INFO - [2024-09-01T23:20:54.531+0000] {dag.py:3211} INFO - Sync 1 DAGs
[2024-09-01T23:20:54.618+0000] {logging_mixin.py:190} INFO - [2024-09-01T23:20:54.618+0000] {dag.py:4138} INFO - Setting next_dagrun for customoperator to None, run_after=None
[2024-09-01T23:20:54.673+0000] {processor.py:208} INFO - Processing /opt/airflow/dags/4-customoperator.py took 0.363 seconds
[2024-09-01T23:21:24.853+0000] {processor.py:186} INFO - Started process (PID=246) to work on /opt/airflow/dags/4-customoperator.py
[2024-09-01T23:21:24.854+0000] {processor.py:914} INFO - Processing file /opt/airflow/dags/4-customoperator.py for tasks to queue
[2024-09-01T23:21:24.860+0000] {logging_mixin.py:190} INFO - [2024-09-01T23:21:24.859+0000] {dagbag.py:587} INFO - Filling up the DagBag from /opt/airflow/dags/4-customoperator.py
[2024-09-01T23:21:24.880+0000] {processor.py:925} INFO - DAG(s) 'customoperator' retrieved from /opt/airflow/dags/4-customoperator.py
[2024-09-01T23:21:24.943+0000] {logging_mixin.py:190} INFO - [2024-09-01T23:21:24.942+0000] {dag.py:3211} INFO - Sync 1 DAGs
[2024-09-01T23:21:25.006+0000] {logging_mixin.py:190} INFO - [2024-09-01T23:21:25.006+0000] {dag.py:4138} INFO - Setting next_dagrun for customoperator to None, run_after=None
[2024-09-01T23:21:25.068+0000] {processor.py:208} INFO - Processing /opt/airflow/dags/4-customoperator.py took 0.233 seconds
[2024-09-01T23:21:55.283+0000] {processor.py:186} INFO - Started process (PID=257) to work on /opt/airflow/dags/4-customoperator.py
[2024-09-01T23:21:55.309+0000] {processor.py:914} INFO - Processing file /opt/airflow/dags/4-customoperator.py for tasks to queue
[2024-09-01T23:21:55.324+0000] {logging_mixin.py:190} INFO - [2024-09-01T23:21:55.313+0000] {dagbag.py:587} INFO - Filling up the DagBag from /opt/airflow/dags/4-customoperator.py
[2024-09-01T23:21:55.379+0000] {processor.py:925} INFO - DAG(s) 'customoperator' retrieved from /opt/airflow/dags/4-customoperator.py
[2024-09-01T23:21:55.469+0000] {logging_mixin.py:190} INFO - [2024-09-01T23:21:55.468+0000] {dag.py:3211} INFO - Sync 1 DAGs
[2024-09-01T23:21:55.643+0000] {logging_mixin.py:190} INFO - [2024-09-01T23:21:55.643+0000] {dag.py:4138} INFO - Setting next_dagrun for customoperator to None, run_after=None
[2024-09-01T23:21:55.698+0000] {processor.py:208} INFO - Processing /opt/airflow/dags/4-customoperator.py took 0.433 seconds
[2024-09-01T23:22:26.437+0000] {processor.py:186} INFO - Started process (PID=269) to work on /opt/airflow/dags/4-customoperator.py
[2024-09-01T23:22:26.443+0000] {processor.py:914} INFO - Processing file /opt/airflow/dags/4-customoperator.py for tasks to queue
[2024-09-01T23:22:26.455+0000] {logging_mixin.py:190} INFO - [2024-09-01T23:22:26.455+0000] {dagbag.py:587} INFO - Filling up the DagBag from /opt/airflow/dags/4-customoperator.py
[2024-09-01T23:22:26.506+0000] {processor.py:925} INFO - DAG(s) 'customoperator' retrieved from /opt/airflow/dags/4-customoperator.py
[2024-09-01T23:22:26.619+0000] {logging_mixin.py:190} INFO - [2024-09-01T23:22:26.618+0000] {dag.py:3211} INFO - Sync 1 DAGs
[2024-09-01T23:22:26.714+0000] {logging_mixin.py:190} INFO - [2024-09-01T23:22:26.714+0000] {dag.py:4138} INFO - Setting next_dagrun for customoperator to None, run_after=None
[2024-09-01T23:22:26.757+0000] {processor.py:208} INFO - Processing /opt/airflow/dags/4-customoperator.py took 0.357 seconds
[2024-09-01T23:22:57.669+0000] {processor.py:186} INFO - Started process (PID=281) to work on /opt/airflow/dags/4-customoperator.py
[2024-09-01T23:22:57.671+0000] {processor.py:914} INFO - Processing file /opt/airflow/dags/4-customoperator.py for tasks to queue
[2024-09-01T23:22:57.676+0000] {logging_mixin.py:190} INFO - [2024-09-01T23:22:57.676+0000] {dagbag.py:587} INFO - Filling up the DagBag from /opt/airflow/dags/4-customoperator.py
[2024-09-01T23:22:57.690+0000] {processor.py:925} INFO - DAG(s) 'customoperator' retrieved from /opt/airflow/dags/4-customoperator.py
[2024-09-01T23:22:57.734+0000] {logging_mixin.py:190} INFO - [2024-09-01T23:22:57.734+0000] {dag.py:3211} INFO - Sync 1 DAGs
[2024-09-01T23:22:57.783+0000] {logging_mixin.py:190} INFO - [2024-09-01T23:22:57.783+0000] {dag.py:4138} INFO - Setting next_dagrun for customoperator to None, run_after=None
[2024-09-01T23:22:57.824+0000] {processor.py:208} INFO - Processing /opt/airflow/dags/4-customoperator.py took 0.167 seconds
[2024-09-01T23:23:28.365+0000] {processor.py:186} INFO - Started process (PID=293) to work on /opt/airflow/dags/4-customoperator.py
[2024-09-01T23:23:28.366+0000] {processor.py:914} INFO - Processing file /opt/airflow/dags/4-customoperator.py for tasks to queue
[2024-09-01T23:23:28.370+0000] {logging_mixin.py:190} INFO - [2024-09-01T23:23:28.369+0000] {dagbag.py:587} INFO - Filling up the DagBag from /opt/airflow/dags/4-customoperator.py
[2024-09-01T23:23:28.383+0000] {processor.py:925} INFO - DAG(s) 'customoperator' retrieved from /opt/airflow/dags/4-customoperator.py
[2024-09-01T23:23:28.424+0000] {logging_mixin.py:190} INFO - [2024-09-01T23:23:28.424+0000] {dag.py:3211} INFO - Sync 1 DAGs
[2024-09-01T23:23:28.466+0000] {logging_mixin.py:190} INFO - [2024-09-01T23:23:28.466+0000] {dag.py:4138} INFO - Setting next_dagrun for customoperator to None, run_after=None
[2024-09-01T23:23:28.495+0000] {processor.py:208} INFO - Processing /opt/airflow/dags/4-customoperator.py took 0.143 seconds
[2024-09-01T23:23:59.182+0000] {processor.py:186} INFO - Started process (PID=305) to work on /opt/airflow/dags/4-customoperator.py
[2024-09-01T23:23:59.202+0000] {processor.py:914} INFO - Processing file /opt/airflow/dags/4-customoperator.py for tasks to queue
[2024-09-01T23:23:59.206+0000] {logging_mixin.py:190} INFO - [2024-09-01T23:23:59.205+0000] {dagbag.py:587} INFO - Filling up the DagBag from /opt/airflow/dags/4-customoperator.py
[2024-09-01T23:23:59.218+0000] {processor.py:925} INFO - DAG(s) 'customoperator' retrieved from /opt/airflow/dags/4-customoperator.py
[2024-09-01T23:23:59.262+0000] {logging_mixin.py:190} INFO - [2024-09-01T23:23:59.261+0000] {dag.py:3211} INFO - Sync 1 DAGs
[2024-09-01T23:23:59.359+0000] {logging_mixin.py:190} INFO - [2024-09-01T23:23:59.358+0000] {dag.py:4138} INFO - Setting next_dagrun for customoperator to None, run_after=None
[2024-09-01T23:23:59.420+0000] {processor.py:208} INFO - Processing /opt/airflow/dags/4-customoperator.py took 0.249 seconds
[2024-09-01T23:24:29.960+0000] {processor.py:186} INFO - Started process (PID=317) to work on /opt/airflow/dags/4-customoperator.py
[2024-09-01T23:24:29.961+0000] {processor.py:914} INFO - Processing file /opt/airflow/dags/4-customoperator.py for tasks to queue
[2024-09-01T23:24:29.965+0000] {logging_mixin.py:190} INFO - [2024-09-01T23:24:29.964+0000] {dagbag.py:587} INFO - Filling up the DagBag from /opt/airflow/dags/4-customoperator.py
[2024-09-01T23:24:29.981+0000] {processor.py:925} INFO - DAG(s) 'customoperator' retrieved from /opt/airflow/dags/4-customoperator.py
[2024-09-01T23:24:30.024+0000] {logging_mixin.py:190} INFO - [2024-09-01T23:24:30.023+0000] {dag.py:3211} INFO - Sync 1 DAGs
[2024-09-01T23:24:30.070+0000] {logging_mixin.py:190} INFO - [2024-09-01T23:24:30.069+0000] {dag.py:4138} INFO - Setting next_dagrun for customoperator to None, run_after=None
[2024-09-01T23:24:30.096+0000] {processor.py:208} INFO - Processing /opt/airflow/dags/4-customoperator.py took 0.146 seconds
[2024-09-01T23:25:00.707+0000] {processor.py:186} INFO - Started process (PID=329) to work on /opt/airflow/dags/4-customoperator.py
[2024-09-01T23:25:00.723+0000] {processor.py:914} INFO - Processing file /opt/airflow/dags/4-customoperator.py for tasks to queue
[2024-09-01T23:25:00.726+0000] {logging_mixin.py:190} INFO - [2024-09-01T23:25:00.726+0000] {dagbag.py:587} INFO - Filling up the DagBag from /opt/airflow/dags/4-customoperator.py
[2024-09-01T23:25:00.739+0000] {processor.py:925} INFO - DAG(s) 'customoperator' retrieved from /opt/airflow/dags/4-customoperator.py
[2024-09-01T23:25:00.777+0000] {logging_mixin.py:190} INFO - [2024-09-01T23:25:00.776+0000] {dag.py:3211} INFO - Sync 1 DAGs
[2024-09-01T23:25:00.821+0000] {logging_mixin.py:190} INFO - [2024-09-01T23:25:00.821+0000] {dag.py:4138} INFO - Setting next_dagrun for customoperator to None, run_after=None
[2024-09-01T23:25:00.849+0000] {processor.py:208} INFO - Processing /opt/airflow/dags/4-customoperator.py took 0.156 seconds
[2024-09-01T23:25:31.648+0000] {processor.py:186} INFO - Started process (PID=341) to work on /opt/airflow/dags/4-customoperator.py
[2024-09-01T23:25:31.650+0000] {processor.py:914} INFO - Processing file /opt/airflow/dags/4-customoperator.py for tasks to queue
[2024-09-01T23:25:31.655+0000] {logging_mixin.py:190} INFO - [2024-09-01T23:25:31.654+0000] {dagbag.py:587} INFO - Filling up the DagBag from /opt/airflow/dags/4-customoperator.py
[2024-09-01T23:25:31.675+0000] {processor.py:925} INFO - DAG(s) 'customoperator' retrieved from /opt/airflow/dags/4-customoperator.py
[2024-09-01T23:25:31.736+0000] {logging_mixin.py:190} INFO - [2024-09-01T23:25:31.735+0000] {dag.py:3211} INFO - Sync 1 DAGs
[2024-09-01T23:25:31.781+0000] {logging_mixin.py:190} INFO - [2024-09-01T23:25:31.780+0000] {dag.py:4138} INFO - Setting next_dagrun for customoperator to None, run_after=None
[2024-09-01T23:25:31.815+0000] {processor.py:208} INFO - Processing /opt/airflow/dags/4-customoperator.py took 0.180 seconds
[2024-09-01T23:26:02.656+0000] {processor.py:186} INFO - Started process (PID=353) to work on /opt/airflow/dags/4-customoperator.py
[2024-09-01T23:26:02.697+0000] {processor.py:914} INFO - Processing file /opt/airflow/dags/4-customoperator.py for tasks to queue
[2024-09-01T23:26:02.702+0000] {logging_mixin.py:190} INFO - [2024-09-01T23:26:02.702+0000] {dagbag.py:587} INFO - Filling up the DagBag from /opt/airflow/dags/4-customoperator.py
[2024-09-01T23:26:02.748+0000] {processor.py:925} INFO - DAG(s) 'customoperator' retrieved from /opt/airflow/dags/4-customoperator.py
[2024-09-01T23:26:02.835+0000] {logging_mixin.py:190} INFO - [2024-09-01T23:26:02.835+0000] {dag.py:3211} INFO - Sync 1 DAGs
[2024-09-01T23:26:02.982+0000] {logging_mixin.py:190} INFO - [2024-09-01T23:26:02.982+0000] {dag.py:4138} INFO - Setting next_dagrun for customoperator to None, run_after=None
[2024-09-01T23:26:03.050+0000] {processor.py:208} INFO - Processing /opt/airflow/dags/4-customoperator.py took 0.416 seconds
[2024-09-01T23:26:33.191+0000] {processor.py:186} INFO - Started process (PID=364) to work on /opt/airflow/dags/4-customoperator.py
[2024-09-01T23:26:33.229+0000] {processor.py:914} INFO - Processing file /opt/airflow/dags/4-customoperator.py for tasks to queue
[2024-09-01T23:26:33.236+0000] {logging_mixin.py:190} INFO - [2024-09-01T23:26:33.235+0000] {dagbag.py:587} INFO - Filling up the DagBag from /opt/airflow/dags/4-customoperator.py
[2024-09-01T23:26:33.256+0000] {processor.py:925} INFO - DAG(s) 'customoperator' retrieved from /opt/airflow/dags/4-customoperator.py
[2024-09-01T23:26:33.295+0000] {logging_mixin.py:190} INFO - [2024-09-01T23:26:33.295+0000] {dag.py:3211} INFO - Sync 1 DAGs
[2024-09-01T23:26:33.346+0000] {logging_mixin.py:190} INFO - [2024-09-01T23:26:33.345+0000] {dag.py:4138} INFO - Setting next_dagrun for customoperator to None, run_after=None
[2024-09-01T23:26:33.377+0000] {processor.py:208} INFO - Processing /opt/airflow/dags/4-customoperator.py took 0.197 seconds
[2024-09-01T23:27:04.233+0000] {processor.py:186} INFO - Started process (PID=376) to work on /opt/airflow/dags/4-customoperator.py
[2024-09-01T23:27:04.252+0000] {processor.py:914} INFO - Processing file /opt/airflow/dags/4-customoperator.py for tasks to queue
[2024-09-01T23:27:04.256+0000] {logging_mixin.py:190} INFO - [2024-09-01T23:27:04.256+0000] {dagbag.py:587} INFO - Filling up the DagBag from /opt/airflow/dags/4-customoperator.py
[2024-09-01T23:27:04.270+0000] {processor.py:925} INFO - DAG(s) 'customoperator' retrieved from /opt/airflow/dags/4-customoperator.py
[2024-09-01T23:27:04.317+0000] {logging_mixin.py:190} INFO - [2024-09-01T23:27:04.316+0000] {dag.py:3211} INFO - Sync 1 DAGs
[2024-09-01T23:27:04.375+0000] {logging_mixin.py:190} INFO - [2024-09-01T23:27:04.375+0000] {dag.py:4138} INFO - Setting next_dagrun for customoperator to None, run_after=None
[2024-09-01T23:27:04.410+0000] {processor.py:208} INFO - Processing /opt/airflow/dags/4-customoperator.py took 0.187 seconds
[2024-09-01T23:27:34.931+0000] {processor.py:186} INFO - Started process (PID=388) to work on /opt/airflow/dags/4-customoperator.py
[2024-09-01T23:27:34.944+0000] {processor.py:914} INFO - Processing file /opt/airflow/dags/4-customoperator.py for tasks to queue
[2024-09-01T23:27:34.949+0000] {logging_mixin.py:190} INFO - [2024-09-01T23:27:34.949+0000] {dagbag.py:587} INFO - Filling up the DagBag from /opt/airflow/dags/4-customoperator.py
[2024-09-01T23:27:34.972+0000] {processor.py:925} INFO - DAG(s) 'customoperator' retrieved from /opt/airflow/dags/4-customoperator.py
[2024-09-01T23:27:35.034+0000] {logging_mixin.py:190} INFO - [2024-09-01T23:27:35.033+0000] {dag.py:3211} INFO - Sync 1 DAGs
[2024-09-01T23:27:35.079+0000] {logging_mixin.py:190} INFO - [2024-09-01T23:27:35.079+0000] {dag.py:4138} INFO - Setting next_dagrun for customoperator to None, run_after=None
[2024-09-01T23:27:35.109+0000] {processor.py:208} INFO - Processing /opt/airflow/dags/4-customoperator.py took 0.188 seconds
[2024-09-01T23:28:05.681+0000] {processor.py:186} INFO - Started process (PID=400) to work on /opt/airflow/dags/4-customoperator.py
[2024-09-01T23:28:05.701+0000] {processor.py:914} INFO - Processing file /opt/airflow/dags/4-customoperator.py for tasks to queue
[2024-09-01T23:28:05.706+0000] {logging_mixin.py:190} INFO - [2024-09-01T23:28:05.706+0000] {dagbag.py:587} INFO - Filling up the DagBag from /opt/airflow/dags/4-customoperator.py
[2024-09-01T23:28:05.720+0000] {processor.py:925} INFO - DAG(s) 'customoperator' retrieved from /opt/airflow/dags/4-customoperator.py
[2024-09-01T23:28:05.780+0000] {logging_mixin.py:190} INFO - [2024-09-01T23:28:05.779+0000] {dag.py:3211} INFO - Sync 1 DAGs
[2024-09-01T23:28:05.840+0000] {logging_mixin.py:190} INFO - [2024-09-01T23:28:05.839+0000] {dag.py:4138} INFO - Setting next_dagrun for customoperator to None, run_after=None
[2024-09-01T23:28:05.878+0000] {processor.py:208} INFO - Processing /opt/airflow/dags/4-customoperator.py took 0.212 seconds
[2024-09-01T23:28:36.560+0000] {processor.py:186} INFO - Started process (PID=411) to work on /opt/airflow/dags/4-customoperator.py
[2024-09-01T23:28:36.570+0000] {processor.py:914} INFO - Processing file /opt/airflow/dags/4-customoperator.py for tasks to queue
[2024-09-01T23:28:36.576+0000] {logging_mixin.py:190} INFO - [2024-09-01T23:28:36.575+0000] {dagbag.py:587} INFO - Filling up the DagBag from /opt/airflow/dags/4-customoperator.py
[2024-09-01T23:28:36.595+0000] {processor.py:925} INFO - DAG(s) 'customoperator' retrieved from /opt/airflow/dags/4-customoperator.py
[2024-09-01T23:28:36.730+0000] {logging_mixin.py:190} INFO - [2024-09-01T23:28:36.729+0000] {dag.py:3211} INFO - Sync 1 DAGs
[2024-09-01T23:28:36.817+0000] {logging_mixin.py:190} INFO - [2024-09-01T23:28:36.816+0000] {dag.py:4138} INFO - Setting next_dagrun for customoperator to None, run_after=None
[2024-09-01T23:28:36.926+0000] {processor.py:208} INFO - Processing /opt/airflow/dags/4-customoperator.py took 0.381 seconds
[2024-09-01T23:29:07.094+0000] {processor.py:186} INFO - Started process (PID=424) to work on /opt/airflow/dags/4-customoperator.py
[2024-09-01T23:29:07.097+0000] {processor.py:914} INFO - Processing file /opt/airflow/dags/4-customoperator.py for tasks to queue
[2024-09-01T23:29:07.108+0000] {logging_mixin.py:190} INFO - [2024-09-01T23:29:07.108+0000] {dagbag.py:587} INFO - Filling up the DagBag from /opt/airflow/dags/4-customoperator.py
[2024-09-01T23:29:07.146+0000] {processor.py:925} INFO - DAG(s) 'customoperator' retrieved from /opt/airflow/dags/4-customoperator.py
[2024-09-01T23:29:07.204+0000] {logging_mixin.py:190} INFO - [2024-09-01T23:29:07.204+0000] {dag.py:3211} INFO - Sync 1 DAGs
[2024-09-01T23:29:07.268+0000] {logging_mixin.py:190} INFO - [2024-09-01T23:29:07.267+0000] {dag.py:4138} INFO - Setting next_dagrun for customoperator to None, run_after=None
[2024-09-01T23:29:07.338+0000] {processor.py:208} INFO - Processing /opt/airflow/dags/4-customoperator.py took 0.290 seconds
[2024-09-01T23:29:38.102+0000] {processor.py:186} INFO - Started process (PID=435) to work on /opt/airflow/dags/4-customoperator.py
[2024-09-01T23:29:38.105+0000] {processor.py:914} INFO - Processing file /opt/airflow/dags/4-customoperator.py for tasks to queue
[2024-09-01T23:29:38.111+0000] {logging_mixin.py:190} INFO - [2024-09-01T23:29:38.110+0000] {dagbag.py:587} INFO - Filling up the DagBag from /opt/airflow/dags/4-customoperator.py
[2024-09-01T23:29:38.130+0000] {processor.py:925} INFO - DAG(s) 'customoperator' retrieved from /opt/airflow/dags/4-customoperator.py
[2024-09-01T23:29:38.186+0000] {logging_mixin.py:190} INFO - [2024-09-01T23:29:38.185+0000] {dag.py:3211} INFO - Sync 1 DAGs
[2024-09-01T23:29:38.247+0000] {logging_mixin.py:190} INFO - [2024-09-01T23:29:38.247+0000] {dag.py:4138} INFO - Setting next_dagrun for customoperator to None, run_after=None
[2024-09-01T23:29:38.294+0000] {processor.py:208} INFO - Processing /opt/airflow/dags/4-customoperator.py took 0.205 seconds
[2024-09-01T23:30:09.096+0000] {processor.py:186} INFO - Started process (PID=447) to work on /opt/airflow/dags/4-customoperator.py
[2024-09-01T23:30:09.098+0000] {processor.py:914} INFO - Processing file /opt/airflow/dags/4-customoperator.py for tasks to queue
[2024-09-01T23:30:09.109+0000] {logging_mixin.py:190} INFO - [2024-09-01T23:30:09.109+0000] {dagbag.py:587} INFO - Filling up the DagBag from /opt/airflow/dags/4-customoperator.py
[2024-09-01T23:30:09.128+0000] {processor.py:925} INFO - DAG(s) 'customoperator' retrieved from /opt/airflow/dags/4-customoperator.py
[2024-09-01T23:30:09.186+0000] {logging_mixin.py:190} INFO - [2024-09-01T23:30:09.185+0000] {dag.py:3211} INFO - Sync 1 DAGs
[2024-09-01T23:30:09.237+0000] {logging_mixin.py:190} INFO - [2024-09-01T23:30:09.237+0000] {dag.py:4138} INFO - Setting next_dagrun for customoperator to None, run_after=None
[2024-09-01T23:30:09.272+0000] {processor.py:208} INFO - Processing /opt/airflow/dags/4-customoperator.py took 0.189 seconds
[2024-09-01T23:30:39.983+0000] {processor.py:186} INFO - Started process (PID=459) to work on /opt/airflow/dags/4-customoperator.py
[2024-09-01T23:30:40.002+0000] {processor.py:914} INFO - Processing file /opt/airflow/dags/4-customoperator.py for tasks to queue
[2024-09-01T23:30:40.006+0000] {logging_mixin.py:190} INFO - [2024-09-01T23:30:40.005+0000] {dagbag.py:587} INFO - Filling up the DagBag from /opt/airflow/dags/4-customoperator.py
[2024-09-01T23:30:40.020+0000] {processor.py:925} INFO - DAG(s) 'customoperator' retrieved from /opt/airflow/dags/4-customoperator.py
[2024-09-01T23:30:40.069+0000] {logging_mixin.py:190} INFO - [2024-09-01T23:30:40.068+0000] {dag.py:3211} INFO - Sync 1 DAGs
[2024-09-01T23:30:40.118+0000] {logging_mixin.py:190} INFO - [2024-09-01T23:30:40.117+0000] {dag.py:4138} INFO - Setting next_dagrun for customoperator to None, run_after=None
[2024-09-01T23:30:40.148+0000] {processor.py:208} INFO - Processing /opt/airflow/dags/4-customoperator.py took 0.178 seconds
[2024-09-01T23:31:10.656+0000] {processor.py:186} INFO - Started process (PID=471) to work on /opt/airflow/dags/4-customoperator.py
[2024-09-01T23:31:10.670+0000] {processor.py:914} INFO - Processing file /opt/airflow/dags/4-customoperator.py for tasks to queue
[2024-09-01T23:31:10.673+0000] {logging_mixin.py:190} INFO - [2024-09-01T23:31:10.673+0000] {dagbag.py:587} INFO - Filling up the DagBag from /opt/airflow/dags/4-customoperator.py
[2024-09-01T23:31:10.686+0000] {processor.py:925} INFO - DAG(s) 'customoperator' retrieved from /opt/airflow/dags/4-customoperator.py
[2024-09-01T23:31:10.730+0000] {logging_mixin.py:190} INFO - [2024-09-01T23:31:10.730+0000] {dag.py:3211} INFO - Sync 1 DAGs
[2024-09-01T23:31:10.778+0000] {logging_mixin.py:190} INFO - [2024-09-01T23:31:10.777+0000] {dag.py:4138} INFO - Setting next_dagrun for customoperator to None, run_after=None
[2024-09-01T23:31:10.808+0000] {processor.py:208} INFO - Processing /opt/airflow/dags/4-customoperator.py took 0.162 seconds
[2024-09-01T23:31:41.579+0000] {processor.py:186} INFO - Started process (PID=483) to work on /opt/airflow/dags/4-customoperator.py
[2024-09-01T23:31:41.593+0000] {processor.py:914} INFO - Processing file /opt/airflow/dags/4-customoperator.py for tasks to queue
[2024-09-01T23:31:41.604+0000] {logging_mixin.py:190} INFO - [2024-09-01T23:31:41.603+0000] {dagbag.py:587} INFO - Filling up the DagBag from /opt/airflow/dags/4-customoperator.py
[2024-09-01T23:31:41.638+0000] {processor.py:925} INFO - DAG(s) 'customoperator' retrieved from /opt/airflow/dags/4-customoperator.py
[2024-09-01T23:31:41.736+0000] {logging_mixin.py:190} INFO - [2024-09-01T23:31:41.735+0000] {dag.py:3211} INFO - Sync 1 DAGs
[2024-09-01T23:31:41.845+0000] {logging_mixin.py:190} INFO - [2024-09-01T23:31:41.844+0000] {dag.py:4138} INFO - Setting next_dagrun for customoperator to None, run_after=None
[2024-09-01T23:31:41.926+0000] {processor.py:208} INFO - Processing /opt/airflow/dags/4-customoperator.py took 0.361 seconds
[2024-09-01T23:32:12.008+0000] {processor.py:186} INFO - Started process (PID=495) to work on /opt/airflow/dags/4-customoperator.py
[2024-09-01T23:32:12.028+0000] {processor.py:914} INFO - Processing file /opt/airflow/dags/4-customoperator.py for tasks to queue
[2024-09-01T23:32:12.033+0000] {logging_mixin.py:190} INFO - [2024-09-01T23:32:12.033+0000] {dagbag.py:587} INFO - Filling up the DagBag from /opt/airflow/dags/4-customoperator.py
[2024-09-01T23:32:12.047+0000] {processor.py:925} INFO - DAG(s) 'customoperator' retrieved from /opt/airflow/dags/4-customoperator.py
[2024-09-01T23:32:12.089+0000] {logging_mixin.py:190} INFO - [2024-09-01T23:32:12.089+0000] {dag.py:3211} INFO - Sync 1 DAGs
[2024-09-01T23:32:12.139+0000] {logging_mixin.py:190} INFO - [2024-09-01T23:32:12.138+0000] {dag.py:4138} INFO - Setting next_dagrun for customoperator to None, run_after=None
[2024-09-01T23:32:12.165+0000] {processor.py:208} INFO - Processing /opt/airflow/dags/4-customoperator.py took 0.170 seconds
[2024-09-01T23:32:42.357+0000] {processor.py:186} INFO - Started process (PID=507) to work on /opt/airflow/dags/4-customoperator.py
[2024-09-01T23:32:42.360+0000] {processor.py:914} INFO - Processing file /opt/airflow/dags/4-customoperator.py for tasks to queue
[2024-09-01T23:32:42.365+0000] {logging_mixin.py:190} INFO - [2024-09-01T23:32:42.364+0000] {dagbag.py:587} INFO - Filling up the DagBag from /opt/airflow/dags/4-customoperator.py
[2024-09-01T23:32:42.380+0000] {processor.py:925} INFO - DAG(s) 'customoperator' retrieved from /opt/airflow/dags/4-customoperator.py
[2024-09-01T23:32:42.419+0000] {logging_mixin.py:190} INFO - [2024-09-01T23:32:42.419+0000] {dag.py:3211} INFO - Sync 1 DAGs
[2024-09-01T23:32:42.466+0000] {logging_mixin.py:190} INFO - [2024-09-01T23:32:42.465+0000] {dag.py:4138} INFO - Setting next_dagrun for customoperator to None, run_after=None
[2024-09-01T23:32:42.503+0000] {processor.py:208} INFO - Processing /opt/airflow/dags/4-customoperator.py took 0.160 seconds
[2024-09-01T23:33:12.627+0000] {processor.py:186} INFO - Started process (PID=519) to work on /opt/airflow/dags/4-customoperator.py
[2024-09-01T23:33:12.644+0000] {processor.py:914} INFO - Processing file /opt/airflow/dags/4-customoperator.py for tasks to queue
[2024-09-01T23:33:12.648+0000] {logging_mixin.py:190} INFO - [2024-09-01T23:33:12.648+0000] {dagbag.py:587} INFO - Filling up the DagBag from /opt/airflow/dags/4-customoperator.py
[2024-09-01T23:33:12.666+0000] {processor.py:925} INFO - DAG(s) 'customoperator' retrieved from /opt/airflow/dags/4-customoperator.py
[2024-09-01T23:33:12.722+0000] {logging_mixin.py:190} INFO - [2024-09-01T23:33:12.722+0000] {dag.py:3211} INFO - Sync 1 DAGs
[2024-09-01T23:33:12.782+0000] {logging_mixin.py:190} INFO - [2024-09-01T23:33:12.782+0000] {dag.py:4138} INFO - Setting next_dagrun for customoperator to None, run_after=None
[2024-09-01T23:33:12.818+0000] {processor.py:208} INFO - Processing /opt/airflow/dags/4-customoperator.py took 0.205 seconds
[2024-09-01T23:33:43.072+0000] {processor.py:186} INFO - Started process (PID=531) to work on /opt/airflow/dags/4-customoperator.py
[2024-09-01T23:33:43.077+0000] {processor.py:914} INFO - Processing file /opt/airflow/dags/4-customoperator.py for tasks to queue
[2024-09-01T23:33:43.086+0000] {logging_mixin.py:190} INFO - [2024-09-01T23:33:43.085+0000] {dagbag.py:587} INFO - Filling up the DagBag from /opt/airflow/dags/4-customoperator.py
[2024-09-01T23:33:43.109+0000] {processor.py:925} INFO - DAG(s) 'customoperator' retrieved from /opt/airflow/dags/4-customoperator.py
[2024-09-01T23:33:43.187+0000] {logging_mixin.py:190} INFO - [2024-09-01T23:33:43.186+0000] {dag.py:3211} INFO - Sync 1 DAGs
[2024-09-01T23:33:43.280+0000] {logging_mixin.py:190} INFO - [2024-09-01T23:33:43.279+0000] {dag.py:4138} INFO - Setting next_dagrun for customoperator to None, run_after=None
[2024-09-01T23:33:43.350+0000] {processor.py:208} INFO - Processing /opt/airflow/dags/4-customoperator.py took 0.293 seconds
[2024-09-01T23:34:13.795+0000] {processor.py:186} INFO - Started process (PID=542) to work on /opt/airflow/dags/4-customoperator.py
[2024-09-01T23:34:13.804+0000] {processor.py:914} INFO - Processing file /opt/airflow/dags/4-customoperator.py for tasks to queue
[2024-09-01T23:34:13.809+0000] {logging_mixin.py:190} INFO - [2024-09-01T23:34:13.808+0000] {dagbag.py:587} INFO - Filling up the DagBag from /opt/airflow/dags/4-customoperator.py
[2024-09-01T23:34:13.843+0000] {processor.py:925} INFO - DAG(s) 'customoperator' retrieved from /opt/airflow/dags/4-customoperator.py
[2024-09-01T23:34:13.917+0000] {logging_mixin.py:190} INFO - [2024-09-01T23:34:13.917+0000] {dag.py:3211} INFO - Sync 1 DAGs
[2024-09-01T23:34:14.019+0000] {logging_mixin.py:190} INFO - [2024-09-01T23:34:14.018+0000] {dag.py:4138} INFO - Setting next_dagrun for customoperator to None, run_after=None
[2024-09-01T23:34:14.084+0000] {processor.py:208} INFO - Processing /opt/airflow/dags/4-customoperator.py took 0.303 seconds
[2024-09-01T23:34:44.235+0000] {processor.py:186} INFO - Started process (PID=554) to work on /opt/airflow/dags/4-customoperator.py
[2024-09-01T23:34:44.237+0000] {processor.py:914} INFO - Processing file /opt/airflow/dags/4-customoperator.py for tasks to queue
[2024-09-01T23:34:44.243+0000] {logging_mixin.py:190} INFO - [2024-09-01T23:34:44.242+0000] {dagbag.py:587} INFO - Filling up the DagBag from /opt/airflow/dags/4-customoperator.py
[2024-09-01T23:34:44.263+0000] {processor.py:925} INFO - DAG(s) 'customoperator' retrieved from /opt/airflow/dags/4-customoperator.py
[2024-09-01T23:34:44.328+0000] {logging_mixin.py:190} INFO - [2024-09-01T23:34:44.328+0000] {dag.py:3211} INFO - Sync 1 DAGs
[2024-09-01T23:34:44.435+0000] {logging_mixin.py:190} INFO - [2024-09-01T23:34:44.435+0000] {dag.py:4138} INFO - Setting next_dagrun for customoperator to None, run_after=None
[2024-09-01T23:34:44.492+0000] {processor.py:208} INFO - Processing /opt/airflow/dags/4-customoperator.py took 0.273 seconds
[2024-09-01T23:35:14.728+0000] {processor.py:186} INFO - Started process (PID=566) to work on /opt/airflow/dags/4-customoperator.py
[2024-09-01T23:35:14.730+0000] {processor.py:914} INFO - Processing file /opt/airflow/dags/4-customoperator.py for tasks to queue
[2024-09-01T23:35:14.735+0000] {logging_mixin.py:190} INFO - [2024-09-01T23:35:14.734+0000] {dagbag.py:587} INFO - Filling up the DagBag from /opt/airflow/dags/4-customoperator.py
[2024-09-01T23:35:14.755+0000] {processor.py:925} INFO - DAG(s) 'customoperator' retrieved from /opt/airflow/dags/4-customoperator.py
[2024-09-01T23:35:14.812+0000] {logging_mixin.py:190} INFO - [2024-09-01T23:35:14.811+0000] {dag.py:3211} INFO - Sync 1 DAGs
[2024-09-01T23:35:14.875+0000] {logging_mixin.py:190} INFO - [2024-09-01T23:35:14.874+0000] {dag.py:4138} INFO - Setting next_dagrun for customoperator to None, run_after=None
[2024-09-01T23:35:14.915+0000] {processor.py:208} INFO - Processing /opt/airflow/dags/4-customoperator.py took 0.202 seconds
[2024-09-01T23:35:45.232+0000] {processor.py:186} INFO - Started process (PID=578) to work on /opt/airflow/dags/4-customoperator.py
[2024-09-01T23:35:45.343+0000] {processor.py:914} INFO - Processing file /opt/airflow/dags/4-customoperator.py for tasks to queue
[2024-09-01T23:35:45.348+0000] {logging_mixin.py:190} INFO - [2024-09-01T23:35:45.347+0000] {dagbag.py:587} INFO - Filling up the DagBag from /opt/airflow/dags/4-customoperator.py
[2024-09-01T23:35:45.383+0000] {processor.py:925} INFO - DAG(s) 'customoperator' retrieved from /opt/airflow/dags/4-customoperator.py
[2024-09-01T23:35:45.482+0000] {logging_mixin.py:190} INFO - [2024-09-01T23:35:45.480+0000] {dag.py:3211} INFO - Sync 1 DAGs
[2024-09-01T23:35:45.589+0000] {logging_mixin.py:190} INFO - [2024-09-01T23:35:45.588+0000] {dag.py:4138} INFO - Setting next_dagrun for customoperator to None, run_after=None
[2024-09-01T23:35:45.644+0000] {processor.py:208} INFO - Processing /opt/airflow/dags/4-customoperator.py took 0.447 seconds
[2024-09-01T23:36:16.324+0000] {processor.py:186} INFO - Started process (PID=590) to work on /opt/airflow/dags/4-customoperator.py
[2024-09-01T23:36:16.346+0000] {processor.py:914} INFO - Processing file /opt/airflow/dags/4-customoperator.py for tasks to queue
[2024-09-01T23:36:16.351+0000] {logging_mixin.py:190} INFO - [2024-09-01T23:36:16.350+0000] {dagbag.py:587} INFO - Filling up the DagBag from /opt/airflow/dags/4-customoperator.py
[2024-09-01T23:36:16.370+0000] {processor.py:925} INFO - DAG(s) 'customoperator' retrieved from /opt/airflow/dags/4-customoperator.py
[2024-09-01T23:36:16.441+0000] {logging_mixin.py:190} INFO - [2024-09-01T23:36:16.440+0000] {dag.py:3211} INFO - Sync 1 DAGs
[2024-09-01T23:36:16.513+0000] {logging_mixin.py:190} INFO - [2024-09-01T23:36:16.512+0000] {dag.py:4138} INFO - Setting next_dagrun for customoperator to None, run_after=None
[2024-09-01T23:36:16.622+0000] {processor.py:208} INFO - Processing /opt/airflow/dags/4-customoperator.py took 0.316 seconds
[2024-09-01T23:36:46.795+0000] {processor.py:186} INFO - Started process (PID=602) to work on /opt/airflow/dags/4-customoperator.py
[2024-09-01T23:36:46.820+0000] {processor.py:914} INFO - Processing file /opt/airflow/dags/4-customoperator.py for tasks to queue
[2024-09-01T23:36:46.825+0000] {logging_mixin.py:190} INFO - [2024-09-01T23:36:46.824+0000] {dagbag.py:587} INFO - Filling up the DagBag from /opt/airflow/dags/4-customoperator.py
[2024-09-01T23:36:46.843+0000] {processor.py:925} INFO - DAG(s) 'customoperator' retrieved from /opt/airflow/dags/4-customoperator.py
[2024-09-01T23:36:46.901+0000] {logging_mixin.py:190} INFO - [2024-09-01T23:36:46.900+0000] {dag.py:3211} INFO - Sync 1 DAGs
[2024-09-01T23:36:46.965+0000] {logging_mixin.py:190} INFO - [2024-09-01T23:36:46.964+0000] {dag.py:4138} INFO - Setting next_dagrun for customoperator to None, run_after=None
[2024-09-01T23:36:47.006+0000] {processor.py:208} INFO - Processing /opt/airflow/dags/4-customoperator.py took 0.226 seconds
[2024-09-01T23:37:17.149+0000] {processor.py:186} INFO - Started process (PID=614) to work on /opt/airflow/dags/4-customoperator.py
[2024-09-01T23:37:17.151+0000] {processor.py:914} INFO - Processing file /opt/airflow/dags/4-customoperator.py for tasks to queue
[2024-09-01T23:37:17.157+0000] {logging_mixin.py:190} INFO - [2024-09-01T23:37:17.156+0000] {dagbag.py:587} INFO - Filling up the DagBag from /opt/airflow/dags/4-customoperator.py
[2024-09-01T23:37:17.182+0000] {processor.py:925} INFO - DAG(s) 'customoperator' retrieved from /opt/airflow/dags/4-customoperator.py
[2024-09-01T23:37:17.246+0000] {logging_mixin.py:190} INFO - [2024-09-01T23:37:17.246+0000] {dag.py:3211} INFO - Sync 1 DAGs
[2024-09-01T23:37:17.332+0000] {logging_mixin.py:190} INFO - [2024-09-01T23:37:17.331+0000] {dag.py:4138} INFO - Setting next_dagrun for customoperator to None, run_after=None
[2024-09-01T23:37:17.376+0000] {processor.py:208} INFO - Processing /opt/airflow/dags/4-customoperator.py took 0.241 seconds
[2024-09-01T23:37:47.595+0000] {processor.py:186} INFO - Started process (PID=626) to work on /opt/airflow/dags/4-customoperator.py
[2024-09-01T23:37:47.598+0000] {processor.py:914} INFO - Processing file /opt/airflow/dags/4-customoperator.py for tasks to queue
[2024-09-01T23:37:47.606+0000] {logging_mixin.py:190} INFO - [2024-09-01T23:37:47.605+0000] {dagbag.py:587} INFO - Filling up the DagBag from /opt/airflow/dags/4-customoperator.py
[2024-09-01T23:37:47.636+0000] {processor.py:925} INFO - DAG(s) 'customoperator' retrieved from /opt/airflow/dags/4-customoperator.py
[2024-09-01T23:37:47.747+0000] {logging_mixin.py:190} INFO - [2024-09-01T23:37:47.747+0000] {dag.py:3211} INFO - Sync 1 DAGs
[2024-09-01T23:37:47.853+0000] {logging_mixin.py:190} INFO - [2024-09-01T23:37:47.853+0000] {dag.py:4138} INFO - Setting next_dagrun for customoperator to None, run_after=None
[2024-09-01T23:37:47.962+0000] {processor.py:208} INFO - Processing /opt/airflow/dags/4-customoperator.py took 0.396 seconds
[2024-09-01T23:38:18.366+0000] {processor.py:186} INFO - Started process (PID=638) to work on /opt/airflow/dags/4-customoperator.py
[2024-09-01T23:38:18.371+0000] {processor.py:914} INFO - Processing file /opt/airflow/dags/4-customoperator.py for tasks to queue
[2024-09-01T23:38:18.376+0000] {logging_mixin.py:190} INFO - [2024-09-01T23:38:18.375+0000] {dagbag.py:587} INFO - Filling up the DagBag from /opt/airflow/dags/4-customoperator.py
[2024-09-01T23:38:18.391+0000] {processor.py:925} INFO - DAG(s) 'customoperator' retrieved from /opt/airflow/dags/4-customoperator.py
[2024-09-01T23:38:18.441+0000] {logging_mixin.py:190} INFO - [2024-09-01T23:38:18.441+0000] {dag.py:3211} INFO - Sync 1 DAGs
[2024-09-01T23:38:18.502+0000] {logging_mixin.py:190} INFO - [2024-09-01T23:38:18.501+0000] {dag.py:4138} INFO - Setting next_dagrun for customoperator to None, run_after=None
[2024-09-01T23:38:18.549+0000] {processor.py:208} INFO - Processing /opt/airflow/dags/4-customoperator.py took 0.199 seconds
[2024-09-01T23:38:49.320+0000] {processor.py:186} INFO - Started process (PID=650) to work on /opt/airflow/dags/4-customoperator.py
[2024-09-01T23:38:49.322+0000] {processor.py:914} INFO - Processing file /opt/airflow/dags/4-customoperator.py for tasks to queue
[2024-09-01T23:38:49.328+0000] {logging_mixin.py:190} INFO - [2024-09-01T23:38:49.328+0000] {dagbag.py:587} INFO - Filling up the DagBag from /opt/airflow/dags/4-customoperator.py
[2024-09-01T23:38:49.347+0000] {processor.py:925} INFO - DAG(s) 'customoperator' retrieved from /opt/airflow/dags/4-customoperator.py
[2024-09-01T23:38:49.405+0000] {logging_mixin.py:190} INFO - [2024-09-01T23:38:49.404+0000] {dag.py:3211} INFO - Sync 1 DAGs
[2024-09-01T23:38:49.470+0000] {logging_mixin.py:190} INFO - [2024-09-01T23:38:49.470+0000] {dag.py:4138} INFO - Setting next_dagrun for customoperator to None, run_after=None
[2024-09-01T23:38:49.530+0000] {processor.py:208} INFO - Processing /opt/airflow/dags/4-customoperator.py took 0.224 seconds
[2024-09-01T23:39:20.131+0000] {processor.py:186} INFO - Started process (PID=662) to work on /opt/airflow/dags/4-customoperator.py
[2024-09-01T23:39:20.144+0000] {processor.py:914} INFO - Processing file /opt/airflow/dags/4-customoperator.py for tasks to queue
[2024-09-01T23:39:20.163+0000] {logging_mixin.py:190} INFO - [2024-09-01T23:39:20.148+0000] {dagbag.py:587} INFO - Filling up the DagBag from /opt/airflow/dags/4-customoperator.py
[2024-09-01T23:39:20.211+0000] {processor.py:925} INFO - DAG(s) 'customoperator' retrieved from /opt/airflow/dags/4-customoperator.py
[2024-09-01T23:39:20.294+0000] {logging_mixin.py:190} INFO - [2024-09-01T23:39:20.293+0000] {dag.py:3211} INFO - Sync 1 DAGs
[2024-09-01T23:39:20.406+0000] {logging_mixin.py:190} INFO - [2024-09-01T23:39:20.405+0000] {dag.py:4138} INFO - Setting next_dagrun for customoperator to None, run_after=None
[2024-09-01T23:39:20.451+0000] {processor.py:208} INFO - Processing /opt/airflow/dags/4-customoperator.py took 0.357 seconds
[2024-09-01T23:39:50.997+0000] {processor.py:186} INFO - Started process (PID=674) to work on /opt/airflow/dags/4-customoperator.py
[2024-09-01T23:39:51.020+0000] {processor.py:914} INFO - Processing file /opt/airflow/dags/4-customoperator.py for tasks to queue
[2024-09-01T23:39:51.024+0000] {logging_mixin.py:190} INFO - [2024-09-01T23:39:51.023+0000] {dagbag.py:587} INFO - Filling up the DagBag from /opt/airflow/dags/4-customoperator.py
[2024-09-01T23:39:51.040+0000] {processor.py:925} INFO - DAG(s) 'customoperator' retrieved from /opt/airflow/dags/4-customoperator.py
[2024-09-01T23:39:51.090+0000] {logging_mixin.py:190} INFO - [2024-09-01T23:39:51.089+0000] {dag.py:3211} INFO - Sync 1 DAGs
[2024-09-01T23:39:51.130+0000] {logging_mixin.py:190} INFO - [2024-09-01T23:39:51.130+0000] {dag.py:4138} INFO - Setting next_dagrun for customoperator to None, run_after=None
[2024-09-01T23:39:51.165+0000] {processor.py:208} INFO - Processing /opt/airflow/dags/4-customoperator.py took 0.181 seconds
[2024-09-01T23:40:21.692+0000] {processor.py:186} INFO - Started process (PID=687) to work on /opt/airflow/dags/4-customoperator.py
[2024-09-01T23:40:21.723+0000] {processor.py:914} INFO - Processing file /opt/airflow/dags/4-customoperator.py for tasks to queue
[2024-09-01T23:40:21.727+0000] {logging_mixin.py:190} INFO - [2024-09-01T23:40:21.726+0000] {dagbag.py:587} INFO - Filling up the DagBag from /opt/airflow/dags/4-customoperator.py
[2024-09-01T23:40:21.752+0000] {processor.py:925} INFO - DAG(s) 'customoperator' retrieved from /opt/airflow/dags/4-customoperator.py
[2024-09-01T23:40:21.809+0000] {logging_mixin.py:190} INFO - [2024-09-01T23:40:21.809+0000] {dag.py:3211} INFO - Sync 1 DAGs
[2024-09-01T23:40:21.868+0000] {logging_mixin.py:190} INFO - [2024-09-01T23:40:21.867+0000] {dag.py:4138} INFO - Setting next_dagrun for customoperator to None, run_after=None
[2024-09-01T23:40:21.905+0000] {processor.py:208} INFO - Processing /opt/airflow/dags/4-customoperator.py took 0.227 seconds
[2024-09-01T23:40:52.659+0000] {processor.py:186} INFO - Started process (PID=699) to work on /opt/airflow/dags/4-customoperator.py
[2024-09-01T23:40:52.724+0000] {processor.py:914} INFO - Processing file /opt/airflow/dags/4-customoperator.py for tasks to queue
[2024-09-01T23:40:52.728+0000] {logging_mixin.py:190} INFO - [2024-09-01T23:40:52.728+0000] {dagbag.py:587} INFO - Filling up the DagBag from /opt/airflow/dags/4-customoperator.py
[2024-09-01T23:40:52.743+0000] {processor.py:925} INFO - DAG(s) 'customoperator' retrieved from /opt/airflow/dags/4-customoperator.py
[2024-09-01T23:40:52.785+0000] {logging_mixin.py:190} INFO - [2024-09-01T23:40:52.785+0000] {dag.py:3211} INFO - Sync 1 DAGs
[2024-09-01T23:40:52.827+0000] {logging_mixin.py:190} INFO - [2024-09-01T23:40:52.826+0000] {dag.py:4138} INFO - Setting next_dagrun for customoperator to None, run_after=None
[2024-09-01T23:40:52.853+0000] {processor.py:208} INFO - Processing /opt/airflow/dags/4-customoperator.py took 0.205 seconds
[2024-09-01T23:41:23.550+0000] {processor.py:186} INFO - Started process (PID=710) to work on /opt/airflow/dags/4-customoperator.py
[2024-09-01T23:41:23.568+0000] {processor.py:914} INFO - Processing file /opt/airflow/dags/4-customoperator.py for tasks to queue
[2024-09-01T23:41:23.573+0000] {logging_mixin.py:190} INFO - [2024-09-01T23:41:23.572+0000] {dagbag.py:587} INFO - Filling up the DagBag from /opt/airflow/dags/4-customoperator.py
[2024-09-01T23:41:23.601+0000] {processor.py:925} INFO - DAG(s) 'customoperator' retrieved from /opt/airflow/dags/4-customoperator.py
[2024-09-01T23:41:23.661+0000] {logging_mixin.py:190} INFO - [2024-09-01T23:41:23.661+0000] {dag.py:3211} INFO - Sync 1 DAGs
[2024-09-01T23:41:23.733+0000] {logging_mixin.py:190} INFO - [2024-09-01T23:41:23.733+0000] {dag.py:4138} INFO - Setting next_dagrun for customoperator to None, run_after=None
[2024-09-01T23:41:23.774+0000] {processor.py:208} INFO - Processing /opt/airflow/dags/4-customoperator.py took 0.239 seconds
[2024-09-01T23:41:54.331+0000] {processor.py:186} INFO - Started process (PID=722) to work on /opt/airflow/dags/4-customoperator.py
[2024-09-01T23:41:54.359+0000] {processor.py:914} INFO - Processing file /opt/airflow/dags/4-customoperator.py for tasks to queue
[2024-09-01T23:41:54.363+0000] {logging_mixin.py:190} INFO - [2024-09-01T23:41:54.363+0000] {dagbag.py:587} INFO - Filling up the DagBag from /opt/airflow/dags/4-customoperator.py
[2024-09-01T23:41:54.381+0000] {processor.py:925} INFO - DAG(s) 'customoperator' retrieved from /opt/airflow/dags/4-customoperator.py
[2024-09-01T23:41:54.430+0000] {logging_mixin.py:190} INFO - [2024-09-01T23:41:54.429+0000] {dag.py:3211} INFO - Sync 1 DAGs
[2024-09-01T23:41:54.482+0000] {logging_mixin.py:190} INFO - [2024-09-01T23:41:54.481+0000] {dag.py:4138} INFO - Setting next_dagrun for customoperator to None, run_after=None
[2024-09-01T23:41:54.514+0000] {processor.py:208} INFO - Processing /opt/airflow/dags/4-customoperator.py took 0.195 seconds
[2024-09-01T23:42:25.029+0000] {processor.py:186} INFO - Started process (PID=734) to work on /opt/airflow/dags/4-customoperator.py
[2024-09-01T23:42:25.039+0000] {processor.py:914} INFO - Processing file /opt/airflow/dags/4-customoperator.py for tasks to queue
[2024-09-01T23:42:25.044+0000] {logging_mixin.py:190} INFO - [2024-09-01T23:42:25.043+0000] {dagbag.py:587} INFO - Filling up the DagBag from /opt/airflow/dags/4-customoperator.py
[2024-09-01T23:42:25.063+0000] {processor.py:925} INFO - DAG(s) 'customoperator' retrieved from /opt/airflow/dags/4-customoperator.py
[2024-09-01T23:42:25.119+0000] {logging_mixin.py:190} INFO - [2024-09-01T23:42:25.118+0000] {dag.py:3211} INFO - Sync 1 DAGs
[2024-09-01T23:42:25.170+0000] {logging_mixin.py:190} INFO - [2024-09-01T23:42:25.170+0000] {dag.py:4138} INFO - Setting next_dagrun for customoperator to None, run_after=None
[2024-09-01T23:42:25.201+0000] {processor.py:208} INFO - Processing /opt/airflow/dags/4-customoperator.py took 0.186 seconds
[2024-09-01T23:42:55.909+0000] {processor.py:186} INFO - Started process (PID=746) to work on /opt/airflow/dags/4-customoperator.py
[2024-09-01T23:42:55.932+0000] {processor.py:914} INFO - Processing file /opt/airflow/dags/4-customoperator.py for tasks to queue
[2024-09-01T23:42:55.937+0000] {logging_mixin.py:190} INFO - [2024-09-01T23:42:55.936+0000] {dagbag.py:587} INFO - Filling up the DagBag from /opt/airflow/dags/4-customoperator.py
[2024-09-01T23:42:55.953+0000] {processor.py:925} INFO - DAG(s) 'customoperator' retrieved from /opt/airflow/dags/4-customoperator.py
[2024-09-01T23:42:56.007+0000] {logging_mixin.py:190} INFO - [2024-09-01T23:42:56.007+0000] {dag.py:3211} INFO - Sync 1 DAGs
[2024-09-01T23:42:56.054+0000] {logging_mixin.py:190} INFO - [2024-09-01T23:42:56.053+0000] {dag.py:4138} INFO - Setting next_dagrun for customoperator to None, run_after=None
[2024-09-01T23:42:56.083+0000] {processor.py:208} INFO - Processing /opt/airflow/dags/4-customoperator.py took 0.185 seconds
[2024-09-01T23:43:26.616+0000] {processor.py:186} INFO - Started process (PID=758) to work on /opt/airflow/dags/4-customoperator.py
[2024-09-01T23:43:26.626+0000] {processor.py:914} INFO - Processing file /opt/airflow/dags/4-customoperator.py for tasks to queue
[2024-09-01T23:43:26.631+0000] {logging_mixin.py:190} INFO - [2024-09-01T23:43:26.630+0000] {dagbag.py:587} INFO - Filling up the DagBag from /opt/airflow/dags/4-customoperator.py
[2024-09-01T23:43:26.649+0000] {processor.py:925} INFO - DAG(s) 'customoperator' retrieved from /opt/airflow/dags/4-customoperator.py
[2024-09-01T23:43:26.704+0000] {logging_mixin.py:190} INFO - [2024-09-01T23:43:26.703+0000] {dag.py:3211} INFO - Sync 1 DAGs
[2024-09-01T23:43:26.770+0000] {logging_mixin.py:190} INFO - [2024-09-01T23:43:26.770+0000] {dag.py:4138} INFO - Setting next_dagrun for customoperator to None, run_after=None
[2024-09-01T23:43:26.826+0000] {processor.py:208} INFO - Processing /opt/airflow/dags/4-customoperator.py took 0.225 seconds
[2024-09-01T23:43:57.632+0000] {processor.py:186} INFO - Started process (PID=769) to work on /opt/airflow/dags/4-customoperator.py
[2024-09-01T23:43:57.635+0000] {processor.py:914} INFO - Processing file /opt/airflow/dags/4-customoperator.py for tasks to queue
[2024-09-01T23:43:57.640+0000] {logging_mixin.py:190} INFO - [2024-09-01T23:43:57.639+0000] {dagbag.py:587} INFO - Filling up the DagBag from /opt/airflow/dags/4-customoperator.py
[2024-09-01T23:43:57.653+0000] {processor.py:925} INFO - DAG(s) 'customoperator' retrieved from /opt/airflow/dags/4-customoperator.py
[2024-09-01T23:43:57.701+0000] {logging_mixin.py:190} INFO - [2024-09-01T23:43:57.701+0000] {dag.py:3211} INFO - Sync 1 DAGs
[2024-09-01T23:43:57.764+0000] {logging_mixin.py:190} INFO - [2024-09-01T23:43:57.763+0000] {dag.py:4138} INFO - Setting next_dagrun for customoperator to None, run_after=None
[2024-09-01T23:43:57.802+0000] {processor.py:208} INFO - Processing /opt/airflow/dags/4-customoperator.py took 0.183 seconds
[2024-09-01T23:44:28.363+0000] {processor.py:186} INFO - Started process (PID=781) to work on /opt/airflow/dags/4-customoperator.py
[2024-09-01T23:44:28.365+0000] {processor.py:914} INFO - Processing file /opt/airflow/dags/4-customoperator.py for tasks to queue
[2024-09-01T23:44:28.371+0000] {logging_mixin.py:190} INFO - [2024-09-01T23:44:28.370+0000] {dagbag.py:587} INFO - Filling up the DagBag from /opt/airflow/dags/4-customoperator.py
[2024-09-01T23:44:28.389+0000] {processor.py:925} INFO - DAG(s) 'customoperator' retrieved from /opt/airflow/dags/4-customoperator.py
[2024-09-01T23:44:28.441+0000] {logging_mixin.py:190} INFO - [2024-09-01T23:44:28.440+0000] {dag.py:3211} INFO - Sync 1 DAGs
[2024-09-01T23:44:28.499+0000] {logging_mixin.py:190} INFO - [2024-09-01T23:44:28.498+0000] {dag.py:4138} INFO - Setting next_dagrun for customoperator to None, run_after=None
[2024-09-01T23:44:28.535+0000] {processor.py:208} INFO - Processing /opt/airflow/dags/4-customoperator.py took 0.186 seconds
[2024-09-01T23:44:59.287+0000] {processor.py:186} INFO - Started process (PID=792) to work on /opt/airflow/dags/4-customoperator.py
[2024-09-01T23:44:59.341+0000] {processor.py:914} INFO - Processing file /opt/airflow/dags/4-customoperator.py for tasks to queue
[2024-09-01T23:44:59.347+0000] {logging_mixin.py:190} INFO - [2024-09-01T23:44:59.346+0000] {dagbag.py:587} INFO - Filling up the DagBag from /opt/airflow/dags/4-customoperator.py
[2024-09-01T23:44:59.373+0000] {processor.py:925} INFO - DAG(s) 'customoperator' retrieved from /opt/airflow/dags/4-customoperator.py
[2024-09-01T23:44:59.450+0000] {logging_mixin.py:190} INFO - [2024-09-01T23:44:59.449+0000] {dag.py:3211} INFO - Sync 1 DAGs
[2024-09-01T23:44:59.510+0000] {logging_mixin.py:190} INFO - [2024-09-01T23:44:59.509+0000] {dag.py:4138} INFO - Setting next_dagrun for customoperator to None, run_after=None
[2024-09-01T23:44:59.547+0000] {processor.py:208} INFO - Processing /opt/airflow/dags/4-customoperator.py took 0.284 seconds
[2024-09-01T23:45:30.207+0000] {processor.py:186} INFO - Started process (PID=804) to work on /opt/airflow/dags/4-customoperator.py
[2024-09-01T23:45:30.220+0000] {processor.py:914} INFO - Processing file /opt/airflow/dags/4-customoperator.py for tasks to queue
[2024-09-01T23:45:30.223+0000] {logging_mixin.py:190} INFO - [2024-09-01T23:45:30.223+0000] {dagbag.py:587} INFO - Filling up the DagBag from /opt/airflow/dags/4-customoperator.py
[2024-09-01T23:45:30.236+0000] {processor.py:925} INFO - DAG(s) 'customoperator' retrieved from /opt/airflow/dags/4-customoperator.py
[2024-09-01T23:45:30.286+0000] {logging_mixin.py:190} INFO - [2024-09-01T23:45:30.285+0000] {dag.py:3211} INFO - Sync 1 DAGs
[2024-09-01T23:45:30.341+0000] {logging_mixin.py:190} INFO - [2024-09-01T23:45:30.341+0000] {dag.py:4138} INFO - Setting next_dagrun for customoperator to None, run_after=None
[2024-09-01T23:45:30.376+0000] {processor.py:208} INFO - Processing /opt/airflow/dags/4-customoperator.py took 0.179 seconds
[2024-09-01T23:46:00.875+0000] {processor.py:186} INFO - Started process (PID=820) to work on /opt/airflow/dags/4-customoperator.py
[2024-09-01T23:46:00.889+0000] {processor.py:914} INFO - Processing file /opt/airflow/dags/4-customoperator.py for tasks to queue
[2024-09-01T23:46:00.894+0000] {logging_mixin.py:190} INFO - [2024-09-01T23:46:00.894+0000] {dagbag.py:587} INFO - Filling up the DagBag from /opt/airflow/dags/4-customoperator.py
[2024-09-01T23:46:00.914+0000] {processor.py:925} INFO - DAG(s) 'customoperator' retrieved from /opt/airflow/dags/4-customoperator.py
[2024-09-01T23:46:00.965+0000] {logging_mixin.py:190} INFO - [2024-09-01T23:46:00.964+0000] {dag.py:3211} INFO - Sync 1 DAGs
[2024-09-01T23:46:01.013+0000] {logging_mixin.py:190} INFO - [2024-09-01T23:46:01.013+0000] {dag.py:4138} INFO - Setting next_dagrun for customoperator to None, run_after=None
[2024-09-01T23:46:01.042+0000] {processor.py:208} INFO - Processing /opt/airflow/dags/4-customoperator.py took 0.181 seconds
[2024-09-01T23:46:31.668+0000] {processor.py:186} INFO - Started process (PID=831) to work on /opt/airflow/dags/4-customoperator.py
[2024-09-01T23:46:31.680+0000] {processor.py:914} INFO - Processing file /opt/airflow/dags/4-customoperator.py for tasks to queue
[2024-09-01T23:46:31.686+0000] {logging_mixin.py:190} INFO - [2024-09-01T23:46:31.685+0000] {dagbag.py:587} INFO - Filling up the DagBag from /opt/airflow/dags/4-customoperator.py
[2024-09-01T23:46:31.703+0000] {processor.py:925} INFO - DAG(s) 'customoperator' retrieved from /opt/airflow/dags/4-customoperator.py
[2024-09-01T23:46:31.754+0000] {logging_mixin.py:190} INFO - [2024-09-01T23:46:31.754+0000] {dag.py:3211} INFO - Sync 1 DAGs
[2024-09-01T23:46:31.803+0000] {logging_mixin.py:190} INFO - [2024-09-01T23:46:31.803+0000] {dag.py:4138} INFO - Setting next_dagrun for customoperator to None, run_after=None
[2024-09-01T23:46:31.829+0000] {processor.py:208} INFO - Processing /opt/airflow/dags/4-customoperator.py took 0.172 seconds
[2024-09-01T23:47:02.349+0000] {processor.py:186} INFO - Started process (PID=843) to work on /opt/airflow/dags/4-customoperator.py
[2024-09-01T23:47:02.360+0000] {processor.py:914} INFO - Processing file /opt/airflow/dags/4-customoperator.py for tasks to queue
[2024-09-01T23:47:02.365+0000] {logging_mixin.py:190} INFO - [2024-09-01T23:47:02.364+0000] {dagbag.py:587} INFO - Filling up the DagBag from /opt/airflow/dags/4-customoperator.py
[2024-09-01T23:47:02.384+0000] {processor.py:925} INFO - DAG(s) 'customoperator' retrieved from /opt/airflow/dags/4-customoperator.py
[2024-09-01T23:47:02.447+0000] {logging_mixin.py:190} INFO - [2024-09-01T23:47:02.447+0000] {dag.py:3211} INFO - Sync 1 DAGs
[2024-09-01T23:47:02.504+0000] {logging_mixin.py:190} INFO - [2024-09-01T23:47:02.504+0000] {dag.py:4138} INFO - Setting next_dagrun for customoperator to None, run_after=None
[2024-09-01T23:47:02.541+0000] {processor.py:208} INFO - Processing /opt/airflow/dags/4-customoperator.py took 0.206 seconds
[2024-09-01T23:47:33.287+0000] {processor.py:186} INFO - Started process (PID=855) to work on /opt/airflow/dags/4-customoperator.py
[2024-09-01T23:47:33.328+0000] {processor.py:914} INFO - Processing file /opt/airflow/dags/4-customoperator.py for tasks to queue
[2024-09-01T23:47:33.332+0000] {logging_mixin.py:190} INFO - [2024-09-01T23:47:33.332+0000] {dagbag.py:587} INFO - Filling up the DagBag from /opt/airflow/dags/4-customoperator.py
[2024-09-01T23:47:33.352+0000] {processor.py:925} INFO - DAG(s) 'customoperator' retrieved from /opt/airflow/dags/4-customoperator.py
[2024-09-01T23:47:33.414+0000] {logging_mixin.py:190} INFO - [2024-09-01T23:47:33.413+0000] {dag.py:3211} INFO - Sync 1 DAGs
[2024-09-01T23:47:33.476+0000] {logging_mixin.py:190} INFO - [2024-09-01T23:47:33.475+0000] {dag.py:4138} INFO - Setting next_dagrun for customoperator to None, run_after=None
[2024-09-01T23:47:33.520+0000] {processor.py:208} INFO - Processing /opt/airflow/dags/4-customoperator.py took 0.255 seconds
[2024-09-01T23:48:03.677+0000] {processor.py:186} INFO - Started process (PID=867) to work on /opt/airflow/dags/4-customoperator.py
[2024-09-01T23:48:03.696+0000] {processor.py:914} INFO - Processing file /opt/airflow/dags/4-customoperator.py for tasks to queue
[2024-09-01T23:48:03.700+0000] {logging_mixin.py:190} INFO - [2024-09-01T23:48:03.700+0000] {dagbag.py:587} INFO - Filling up the DagBag from /opt/airflow/dags/4-customoperator.py
[2024-09-01T23:48:03.718+0000] {processor.py:925} INFO - DAG(s) 'customoperator' retrieved from /opt/airflow/dags/4-customoperator.py
[2024-09-01T23:48:03.769+0000] {logging_mixin.py:190} INFO - [2024-09-01T23:48:03.769+0000] {dag.py:3211} INFO - Sync 1 DAGs
[2024-09-01T23:48:03.813+0000] {logging_mixin.py:190} INFO - [2024-09-01T23:48:03.812+0000] {dag.py:4138} INFO - Setting next_dagrun for customoperator to None, run_after=None
[2024-09-01T23:48:03.852+0000] {processor.py:208} INFO - Processing /opt/airflow/dags/4-customoperator.py took 0.186 seconds
[2024-09-01T23:48:33.902+0000] {processor.py:186} INFO - Started process (PID=879) to work on /opt/airflow/dags/4-customoperator.py
[2024-09-01T23:48:33.942+0000] {processor.py:914} INFO - Processing file /opt/airflow/dags/4-customoperator.py for tasks to queue
[2024-09-01T23:48:33.953+0000] {logging_mixin.py:190} INFO - [2024-09-01T23:48:33.952+0000] {dagbag.py:587} INFO - Filling up the DagBag from /opt/airflow/dags/4-customoperator.py
[2024-09-01T23:48:33.970+0000] {processor.py:925} INFO - DAG(s) 'customoperator' retrieved from /opt/airflow/dags/4-customoperator.py
[2024-09-01T23:48:34.046+0000] {logging_mixin.py:190} INFO - [2024-09-01T23:48:34.045+0000] {dag.py:3211} INFO - Sync 1 DAGs
[2024-09-01T23:48:34.145+0000] {logging_mixin.py:190} INFO - [2024-09-01T23:48:34.140+0000] {dag.py:4138} INFO - Setting next_dagrun for customoperator to None, run_after=None
[2024-09-01T23:48:34.189+0000] {processor.py:208} INFO - Processing /opt/airflow/dags/4-customoperator.py took 0.301 seconds
[2024-09-01T23:49:05.149+0000] {processor.py:186} INFO - Started process (PID=891) to work on /opt/airflow/dags/4-customoperator.py
[2024-09-01T23:49:05.168+0000] {processor.py:914} INFO - Processing file /opt/airflow/dags/4-customoperator.py for tasks to queue
[2024-09-01T23:49:05.173+0000] {logging_mixin.py:190} INFO - [2024-09-01T23:49:05.172+0000] {dagbag.py:587} INFO - Filling up the DagBag from /opt/airflow/dags/4-customoperator.py
[2024-09-01T23:49:05.191+0000] {processor.py:925} INFO - DAG(s) 'customoperator' retrieved from /opt/airflow/dags/4-customoperator.py
[2024-09-01T23:49:05.248+0000] {logging_mixin.py:190} INFO - [2024-09-01T23:49:05.247+0000] {dag.py:3211} INFO - Sync 1 DAGs
[2024-09-01T23:49:05.299+0000] {logging_mixin.py:190} INFO - [2024-09-01T23:49:05.298+0000] {dag.py:4138} INFO - Setting next_dagrun for customoperator to None, run_after=None
[2024-09-01T23:49:05.330+0000] {processor.py:208} INFO - Processing /opt/airflow/dags/4-customoperator.py took 0.192 seconds
[2024-09-01T23:49:36.026+0000] {processor.py:186} INFO - Started process (PID=904) to work on /opt/airflow/dags/4-customoperator.py
[2024-09-01T23:49:36.043+0000] {processor.py:914} INFO - Processing file /opt/airflow/dags/4-customoperator.py for tasks to queue
[2024-09-01T23:49:36.047+0000] {logging_mixin.py:190} INFO - [2024-09-01T23:49:36.046+0000] {dagbag.py:587} INFO - Filling up the DagBag from /opt/airflow/dags/4-customoperator.py
[2024-09-01T23:49:36.064+0000] {processor.py:925} INFO - DAG(s) 'customoperator' retrieved from /opt/airflow/dags/4-customoperator.py
[2024-09-01T23:49:36.104+0000] {logging_mixin.py:190} INFO - [2024-09-01T23:49:36.104+0000] {dag.py:3211} INFO - Sync 1 DAGs
[2024-09-01T23:49:36.146+0000] {logging_mixin.py:190} INFO - [2024-09-01T23:49:36.145+0000] {dag.py:4138} INFO - Setting next_dagrun for customoperator to None, run_after=None
[2024-09-01T23:49:36.173+0000] {processor.py:208} INFO - Processing /opt/airflow/dags/4-customoperator.py took 0.157 seconds
[2024-09-01T23:50:06.905+0000] {processor.py:186} INFO - Started process (PID=916) to work on /opt/airflow/dags/4-customoperator.py
[2024-09-01T23:50:06.921+0000] {processor.py:914} INFO - Processing file /opt/airflow/dags/4-customoperator.py for tasks to queue
[2024-09-01T23:50:06.926+0000] {logging_mixin.py:190} INFO - [2024-09-01T23:50:06.925+0000] {dagbag.py:587} INFO - Filling up the DagBag from /opt/airflow/dags/4-customoperator.py
[2024-09-01T23:50:06.940+0000] {processor.py:925} INFO - DAG(s) 'customoperator' retrieved from /opt/airflow/dags/4-customoperator.py
[2024-09-01T23:50:06.988+0000] {logging_mixin.py:190} INFO - [2024-09-01T23:50:06.987+0000] {dag.py:3211} INFO - Sync 1 DAGs
[2024-09-01T23:50:07.040+0000] {logging_mixin.py:190} INFO - [2024-09-01T23:50:07.040+0000] {dag.py:4138} INFO - Setting next_dagrun for customoperator to None, run_after=None
[2024-09-01T23:50:07.077+0000] {processor.py:208} INFO - Processing /opt/airflow/dags/4-customoperator.py took 0.184 seconds
[2024-09-01T23:50:37.537+0000] {processor.py:186} INFO - Started process (PID=929) to work on /opt/airflow/dags/4-customoperator.py
[2024-09-01T23:50:37.556+0000] {processor.py:914} INFO - Processing file /opt/airflow/dags/4-customoperator.py for tasks to queue
[2024-09-01T23:50:37.560+0000] {logging_mixin.py:190} INFO - [2024-09-01T23:50:37.560+0000] {dagbag.py:587} INFO - Filling up the DagBag from /opt/airflow/dags/4-customoperator.py
[2024-09-01T23:50:37.575+0000] {processor.py:925} INFO - DAG(s) 'customoperator' retrieved from /opt/airflow/dags/4-customoperator.py
[2024-09-01T23:50:37.615+0000] {logging_mixin.py:190} INFO - [2024-09-01T23:50:37.615+0000] {dag.py:3211} INFO - Sync 1 DAGs
[2024-09-01T23:50:37.659+0000] {logging_mixin.py:190} INFO - [2024-09-01T23:50:37.658+0000] {dag.py:4138} INFO - Setting next_dagrun for customoperator to None, run_after=None
[2024-09-01T23:50:37.688+0000] {processor.py:208} INFO - Processing /opt/airflow/dags/4-customoperator.py took 0.161 seconds
[2024-09-01T23:51:08.453+0000] {processor.py:186} INFO - Started process (PID=941) to work on /opt/airflow/dags/4-customoperator.py
[2024-09-01T23:51:08.469+0000] {processor.py:914} INFO - Processing file /opt/airflow/dags/4-customoperator.py for tasks to queue
[2024-09-01T23:51:08.474+0000] {logging_mixin.py:190} INFO - [2024-09-01T23:51:08.473+0000] {dagbag.py:587} INFO - Filling up the DagBag from /opt/airflow/dags/4-customoperator.py
[2024-09-01T23:51:08.486+0000] {processor.py:925} INFO - DAG(s) 'customoperator' retrieved from /opt/airflow/dags/4-customoperator.py
[2024-09-01T23:51:08.528+0000] {logging_mixin.py:190} INFO - [2024-09-01T23:51:08.528+0000] {dag.py:3211} INFO - Sync 1 DAGs
[2024-09-01T23:51:08.572+0000] {logging_mixin.py:190} INFO - [2024-09-01T23:51:08.571+0000] {dag.py:4138} INFO - Setting next_dagrun for customoperator to None, run_after=None
[2024-09-01T23:51:08.607+0000] {processor.py:208} INFO - Processing /opt/airflow/dags/4-customoperator.py took 0.163 seconds
[2024-09-01T23:51:39.303+0000] {processor.py:186} INFO - Started process (PID=953) to work on /opt/airflow/dags/4-customoperator.py
[2024-09-01T23:51:39.319+0000] {processor.py:914} INFO - Processing file /opt/airflow/dags/4-customoperator.py for tasks to queue
[2024-09-01T23:51:39.323+0000] {logging_mixin.py:190} INFO - [2024-09-01T23:51:39.322+0000] {dagbag.py:587} INFO - Filling up the DagBag from /opt/airflow/dags/4-customoperator.py
[2024-09-01T23:51:39.341+0000] {processor.py:925} INFO - DAG(s) 'customoperator' retrieved from /opt/airflow/dags/4-customoperator.py
[2024-09-01T23:51:39.396+0000] {logging_mixin.py:190} INFO - [2024-09-01T23:51:39.395+0000] {dag.py:3211} INFO - Sync 1 DAGs
[2024-09-01T23:51:39.472+0000] {logging_mixin.py:190} INFO - [2024-09-01T23:51:39.471+0000] {dag.py:4138} INFO - Setting next_dagrun for customoperator to None, run_after=None
[2024-09-01T23:51:39.508+0000] {processor.py:208} INFO - Processing /opt/airflow/dags/4-customoperator.py took 0.220 seconds
[2024-09-01T23:52:10.428+0000] {processor.py:186} INFO - Started process (PID=965) to work on /opt/airflow/dags/4-customoperator.py
[2024-09-01T23:52:10.442+0000] {processor.py:914} INFO - Processing file /opt/airflow/dags/4-customoperator.py for tasks to queue
[2024-09-01T23:52:10.447+0000] {logging_mixin.py:190} INFO - [2024-09-01T23:52:10.446+0000] {dagbag.py:587} INFO - Filling up the DagBag from /opt/airflow/dags/4-customoperator.py
[2024-09-01T23:52:10.465+0000] {processor.py:925} INFO - DAG(s) 'customoperator' retrieved from /opt/airflow/dags/4-customoperator.py
[2024-09-01T23:52:10.516+0000] {logging_mixin.py:190} INFO - [2024-09-01T23:52:10.515+0000] {dag.py:3211} INFO - Sync 1 DAGs
[2024-09-01T23:52:10.584+0000] {logging_mixin.py:190} INFO - [2024-09-01T23:52:10.584+0000] {dag.py:4138} INFO - Setting next_dagrun for customoperator to None, run_after=None
[2024-09-01T23:52:10.636+0000] {processor.py:208} INFO - Processing /opt/airflow/dags/4-customoperator.py took 0.221 seconds
[2024-09-01T23:52:40.683+0000] {processor.py:186} INFO - Started process (PID=977) to work on /opt/airflow/dags/4-customoperator.py
[2024-09-01T23:52:40.699+0000] {processor.py:914} INFO - Processing file /opt/airflow/dags/4-customoperator.py for tasks to queue
[2024-09-01T23:52:40.703+0000] {logging_mixin.py:190} INFO - [2024-09-01T23:52:40.702+0000] {dagbag.py:587} INFO - Filling up the DagBag from /opt/airflow/dags/4-customoperator.py
[2024-09-01T23:52:40.716+0000] {processor.py:925} INFO - DAG(s) 'customoperator' retrieved from /opt/airflow/dags/4-customoperator.py
[2024-09-01T23:52:40.762+0000] {logging_mixin.py:190} INFO - [2024-09-01T23:52:40.761+0000] {dag.py:3211} INFO - Sync 1 DAGs
[2024-09-01T23:52:40.807+0000] {logging_mixin.py:190} INFO - [2024-09-01T23:52:40.807+0000] {dag.py:4138} INFO - Setting next_dagrun for customoperator to None, run_after=None
[2024-09-01T23:52:40.835+0000] {processor.py:208} INFO - Processing /opt/airflow/dags/4-customoperator.py took 0.163 seconds
[2024-09-01T23:53:11.115+0000] {processor.py:186} INFO - Started process (PID=989) to work on /opt/airflow/dags/4-customoperator.py
[2024-09-01T23:53:11.135+0000] {processor.py:914} INFO - Processing file /opt/airflow/dags/4-customoperator.py for tasks to queue
[2024-09-01T23:53:11.140+0000] {logging_mixin.py:190} INFO - [2024-09-01T23:53:11.139+0000] {dagbag.py:587} INFO - Filling up the DagBag from /opt/airflow/dags/4-customoperator.py
[2024-09-01T23:53:11.157+0000] {processor.py:925} INFO - DAG(s) 'customoperator' retrieved from /opt/airflow/dags/4-customoperator.py
[2024-09-01T23:53:11.206+0000] {logging_mixin.py:190} INFO - [2024-09-01T23:53:11.205+0000] {dag.py:3211} INFO - Sync 1 DAGs
[2024-09-01T23:53:11.261+0000] {logging_mixin.py:190} INFO - [2024-09-01T23:53:11.261+0000] {dag.py:4138} INFO - Setting next_dagrun for customoperator to None, run_after=None
[2024-09-01T23:53:11.296+0000] {processor.py:208} INFO - Processing /opt/airflow/dags/4-customoperator.py took 0.196 seconds
[2024-09-01T23:53:41.766+0000] {processor.py:186} INFO - Started process (PID=1001) to work on /opt/airflow/dags/4-customoperator.py
[2024-09-01T23:53:41.785+0000] {processor.py:914} INFO - Processing file /opt/airflow/dags/4-customoperator.py for tasks to queue
[2024-09-01T23:53:41.790+0000] {logging_mixin.py:190} INFO - [2024-09-01T23:53:41.789+0000] {dagbag.py:587} INFO - Filling up the DagBag from /opt/airflow/dags/4-customoperator.py
[2024-09-01T23:53:41.807+0000] {processor.py:925} INFO - DAG(s) 'customoperator' retrieved from /opt/airflow/dags/4-customoperator.py
[2024-09-01T23:53:41.845+0000] {logging_mixin.py:190} INFO - [2024-09-01T23:53:41.844+0000] {dag.py:3211} INFO - Sync 1 DAGs
[2024-09-01T23:53:41.895+0000] {logging_mixin.py:190} INFO - [2024-09-01T23:53:41.895+0000] {dag.py:4138} INFO - Setting next_dagrun for customoperator to None, run_after=None
[2024-09-01T23:53:41.924+0000] {processor.py:208} INFO - Processing /opt/airflow/dags/4-customoperator.py took 0.168 seconds
[2024-09-01T23:54:12.483+0000] {processor.py:186} INFO - Started process (PID=1013) to work on /opt/airflow/dags/4-customoperator.py
[2024-09-01T23:54:12.498+0000] {processor.py:914} INFO - Processing file /opt/airflow/dags/4-customoperator.py for tasks to queue
[2024-09-01T23:54:12.503+0000] {logging_mixin.py:190} INFO - [2024-09-01T23:54:12.502+0000] {dagbag.py:587} INFO - Filling up the DagBag from /opt/airflow/dags/4-customoperator.py
[2024-09-01T23:54:12.516+0000] {processor.py:925} INFO - DAG(s) 'customoperator' retrieved from /opt/airflow/dags/4-customoperator.py
[2024-09-01T23:54:12.559+0000] {logging_mixin.py:190} INFO - [2024-09-01T23:54:12.559+0000] {dag.py:3211} INFO - Sync 1 DAGs
[2024-09-01T23:54:12.606+0000] {logging_mixin.py:190} INFO - [2024-09-01T23:54:12.605+0000] {dag.py:4138} INFO - Setting next_dagrun for customoperator to None, run_after=None
[2024-09-01T23:54:12.636+0000] {processor.py:208} INFO - Processing /opt/airflow/dags/4-customoperator.py took 0.164 seconds
[2024-09-01T23:54:43.143+0000] {processor.py:186} INFO - Started process (PID=1024) to work on /opt/airflow/dags/4-customoperator.py
[2024-09-01T23:54:43.156+0000] {processor.py:914} INFO - Processing file /opt/airflow/dags/4-customoperator.py for tasks to queue
[2024-09-01T23:54:43.161+0000] {logging_mixin.py:190} INFO - [2024-09-01T23:54:43.160+0000] {dagbag.py:587} INFO - Filling up the DagBag from /opt/airflow/dags/4-customoperator.py
[2024-09-01T23:54:43.173+0000] {processor.py:925} INFO - DAG(s) 'customoperator' retrieved from /opt/airflow/dags/4-customoperator.py
[2024-09-01T23:54:43.221+0000] {logging_mixin.py:190} INFO - [2024-09-01T23:54:43.221+0000] {dag.py:3211} INFO - Sync 1 DAGs
[2024-09-01T23:54:43.280+0000] {logging_mixin.py:190} INFO - [2024-09-01T23:54:43.279+0000] {dag.py:4138} INFO - Setting next_dagrun for customoperator to None, run_after=None
[2024-09-01T23:54:43.310+0000] {processor.py:208} INFO - Processing /opt/airflow/dags/4-customoperator.py took 0.182 seconds
[2024-09-01T23:55:13.882+0000] {processor.py:186} INFO - Started process (PID=1035) to work on /opt/airflow/dags/4-customoperator.py
[2024-09-01T23:55:13.924+0000] {processor.py:914} INFO - Processing file /opt/airflow/dags/4-customoperator.py for tasks to queue
[2024-09-01T23:55:13.937+0000] {logging_mixin.py:190} INFO - [2024-09-01T23:55:13.936+0000] {dagbag.py:587} INFO - Filling up the DagBag from /opt/airflow/dags/4-customoperator.py
[2024-09-01T23:55:13.985+0000] {processor.py:925} INFO - DAG(s) 'customoperator' retrieved from /opt/airflow/dags/4-customoperator.py
[2024-09-01T23:55:14.052+0000] {logging_mixin.py:190} INFO - [2024-09-01T23:55:14.052+0000] {dag.py:3211} INFO - Sync 1 DAGs
[2024-09-01T23:55:14.143+0000] {logging_mixin.py:190} INFO - [2024-09-01T23:55:14.143+0000] {dag.py:4138} INFO - Setting next_dagrun for customoperator to None, run_after=None
[2024-09-01T23:55:14.220+0000] {processor.py:208} INFO - Processing /opt/airflow/dags/4-customoperator.py took 0.349 seconds
[2024-09-01T23:55:45.101+0000] {processor.py:186} INFO - Started process (PID=1047) to work on /opt/airflow/dags/4-customoperator.py
[2024-09-01T23:55:45.130+0000] {processor.py:914} INFO - Processing file /opt/airflow/dags/4-customoperator.py for tasks to queue
[2024-09-01T23:55:45.147+0000] {logging_mixin.py:190} INFO - [2024-09-01T23:55:45.147+0000] {dagbag.py:587} INFO - Filling up the DagBag from /opt/airflow/dags/4-customoperator.py
[2024-09-01T23:55:45.204+0000] {processor.py:925} INFO - DAG(s) 'customoperator' retrieved from /opt/airflow/dags/4-customoperator.py
[2024-09-01T23:55:45.302+0000] {logging_mixin.py:190} INFO - [2024-09-01T23:55:45.302+0000] {dag.py:3211} INFO - Sync 1 DAGs
[2024-09-01T23:55:45.374+0000] {logging_mixin.py:190} INFO - [2024-09-01T23:55:45.373+0000] {dag.py:4138} INFO - Setting next_dagrun for customoperator to None, run_after=None
[2024-09-01T23:55:45.445+0000] {processor.py:208} INFO - Processing /opt/airflow/dags/4-customoperator.py took 0.361 seconds
[2024-09-01T23:56:16.306+0000] {processor.py:186} INFO - Started process (PID=1058) to work on /opt/airflow/dags/4-customoperator.py
[2024-09-01T23:56:16.327+0000] {processor.py:914} INFO - Processing file /opt/airflow/dags/4-customoperator.py for tasks to queue
[2024-09-01T23:56:16.333+0000] {logging_mixin.py:190} INFO - [2024-09-01T23:56:16.332+0000] {dagbag.py:587} INFO - Filling up the DagBag from /opt/airflow/dags/4-customoperator.py
[2024-09-01T23:56:16.353+0000] {processor.py:925} INFO - DAG(s) 'customoperator' retrieved from /opt/airflow/dags/4-customoperator.py
[2024-09-01T23:56:16.411+0000] {logging_mixin.py:190} INFO - [2024-09-01T23:56:16.409+0000] {dag.py:3211} INFO - Sync 1 DAGs
[2024-09-01T23:56:16.487+0000] {logging_mixin.py:190} INFO - [2024-09-01T23:56:16.487+0000] {dag.py:4138} INFO - Setting next_dagrun for customoperator to None, run_after=None
[2024-09-01T23:56:16.528+0000] {processor.py:208} INFO - Processing /opt/airflow/dags/4-customoperator.py took 0.236 seconds
[2024-09-01T23:56:46.761+0000] {processor.py:186} INFO - Started process (PID=1069) to work on /opt/airflow/dags/4-customoperator.py
[2024-09-01T23:56:46.773+0000] {processor.py:914} INFO - Processing file /opt/airflow/dags/4-customoperator.py for tasks to queue
[2024-09-01T23:56:46.779+0000] {logging_mixin.py:190} INFO - [2024-09-01T23:56:46.778+0000] {dagbag.py:587} INFO - Filling up the DagBag from /opt/airflow/dags/4-customoperator.py
[2024-09-01T23:56:46.799+0000] {processor.py:925} INFO - DAG(s) 'customoperator' retrieved from /opt/airflow/dags/4-customoperator.py
[2024-09-01T23:56:46.860+0000] {logging_mixin.py:190} INFO - [2024-09-01T23:56:46.859+0000] {dag.py:3211} INFO - Sync 1 DAGs
[2024-09-01T23:56:46.913+0000] {logging_mixin.py:190} INFO - [2024-09-01T23:56:46.913+0000] {dag.py:4138} INFO - Setting next_dagrun for customoperator to None, run_after=None
[2024-09-01T23:56:46.959+0000] {processor.py:208} INFO - Processing /opt/airflow/dags/4-customoperator.py took 0.213 seconds
[2024-09-01T23:57:17.171+0000] {processor.py:186} INFO - Started process (PID=1080) to work on /opt/airflow/dags/4-customoperator.py
[2024-09-01T23:57:17.187+0000] {processor.py:914} INFO - Processing file /opt/airflow/dags/4-customoperator.py for tasks to queue
[2024-09-01T23:57:17.191+0000] {logging_mixin.py:190} INFO - [2024-09-01T23:57:17.190+0000] {dagbag.py:587} INFO - Filling up the DagBag from /opt/airflow/dags/4-customoperator.py
[2024-09-01T23:57:17.215+0000] {processor.py:925} INFO - DAG(s) 'customoperator' retrieved from /opt/airflow/dags/4-customoperator.py
[2024-09-01T23:57:17.276+0000] {logging_mixin.py:190} INFO - [2024-09-01T23:57:17.276+0000] {dag.py:3211} INFO - Sync 1 DAGs
[2024-09-01T23:57:17.340+0000] {logging_mixin.py:190} INFO - [2024-09-01T23:57:17.339+0000] {dag.py:4138} INFO - Setting next_dagrun for customoperator to None, run_after=None
[2024-09-01T23:57:17.385+0000] {processor.py:208} INFO - Processing /opt/airflow/dags/4-customoperator.py took 0.228 seconds
[2024-09-01T23:57:48.200+0000] {processor.py:186} INFO - Started process (PID=1092) to work on /opt/airflow/dags/4-customoperator.py
[2024-09-01T23:57:48.217+0000] {processor.py:914} INFO - Processing file /opt/airflow/dags/4-customoperator.py for tasks to queue
[2024-09-01T23:57:48.224+0000] {logging_mixin.py:190} INFO - [2024-09-01T23:57:48.221+0000] {dagbag.py:587} INFO - Filling up the DagBag from /opt/airflow/dags/4-customoperator.py
[2024-09-01T23:57:48.267+0000] {processor.py:925} INFO - DAG(s) 'customoperator' retrieved from /opt/airflow/dags/4-customoperator.py
[2024-09-01T23:57:48.327+0000] {logging_mixin.py:190} INFO - [2024-09-01T23:57:48.326+0000] {dag.py:3211} INFO - Sync 1 DAGs
[2024-09-01T23:57:48.391+0000] {logging_mixin.py:190} INFO - [2024-09-01T23:57:48.390+0000] {dag.py:4138} INFO - Setting next_dagrun for customoperator to None, run_after=None
[2024-09-01T23:57:48.441+0000] {processor.py:208} INFO - Processing /opt/airflow/dags/4-customoperator.py took 0.257 seconds
[2024-09-01T23:58:18.533+0000] {processor.py:186} INFO - Started process (PID=1104) to work on /opt/airflow/dags/4-customoperator.py
[2024-09-01T23:58:18.553+0000] {processor.py:914} INFO - Processing file /opt/airflow/dags/4-customoperator.py for tasks to queue
[2024-09-01T23:58:18.558+0000] {logging_mixin.py:190} INFO - [2024-09-01T23:58:18.558+0000] {dagbag.py:587} INFO - Filling up the DagBag from /opt/airflow/dags/4-customoperator.py
[2024-09-01T23:58:18.584+0000] {processor.py:925} INFO - DAG(s) 'customoperator' retrieved from /opt/airflow/dags/4-customoperator.py
[2024-09-01T23:58:18.638+0000] {logging_mixin.py:190} INFO - [2024-09-01T23:58:18.637+0000] {dag.py:3211} INFO - Sync 1 DAGs
[2024-09-01T23:58:18.685+0000] {logging_mixin.py:190} INFO - [2024-09-01T23:58:18.685+0000] {dag.py:4138} INFO - Setting next_dagrun for customoperator to None, run_after=None
[2024-09-01T23:58:18.724+0000] {processor.py:208} INFO - Processing /opt/airflow/dags/4-customoperator.py took 0.217 seconds
[2024-09-01T23:58:49.366+0000] {processor.py:186} INFO - Started process (PID=1116) to work on /opt/airflow/dags/4-customoperator.py
[2024-09-01T23:58:49.389+0000] {processor.py:914} INFO - Processing file /opt/airflow/dags/4-customoperator.py for tasks to queue
[2024-09-01T23:58:49.398+0000] {logging_mixin.py:190} INFO - [2024-09-01T23:58:49.397+0000] {dagbag.py:587} INFO - Filling up the DagBag from /opt/airflow/dags/4-customoperator.py
[2024-09-01T23:58:49.450+0000] {processor.py:925} INFO - DAG(s) 'customoperator' retrieved from /opt/airflow/dags/4-customoperator.py
[2024-09-01T23:58:49.550+0000] {logging_mixin.py:190} INFO - [2024-09-01T23:58:49.549+0000] {dag.py:3211} INFO - Sync 1 DAGs
[2024-09-01T23:58:49.656+0000] {logging_mixin.py:190} INFO - [2024-09-01T23:58:49.655+0000] {dag.py:4138} INFO - Setting next_dagrun for customoperator to None, run_after=None
[2024-09-01T23:58:49.721+0000] {processor.py:208} INFO - Processing /opt/airflow/dags/4-customoperator.py took 0.370 seconds
[2024-09-01T23:59:20.491+0000] {processor.py:186} INFO - Started process (PID=1128) to work on /opt/airflow/dags/4-customoperator.py
[2024-09-01T23:59:20.502+0000] {processor.py:914} INFO - Processing file /opt/airflow/dags/4-customoperator.py for tasks to queue
[2024-09-01T23:59:20.513+0000] {logging_mixin.py:190} INFO - [2024-09-01T23:59:20.512+0000] {dagbag.py:587} INFO - Filling up the DagBag from /opt/airflow/dags/4-customoperator.py
[2024-09-01T23:59:20.535+0000] {processor.py:925} INFO - DAG(s) 'customoperator' retrieved from /opt/airflow/dags/4-customoperator.py
[2024-09-01T23:59:20.622+0000] {logging_mixin.py:190} INFO - [2024-09-01T23:59:20.622+0000] {dag.py:3211} INFO - Sync 1 DAGs
[2024-09-01T23:59:20.692+0000] {logging_mixin.py:190} INFO - [2024-09-01T23:59:20.692+0000] {dag.py:4138} INFO - Setting next_dagrun for customoperator to None, run_after=None
[2024-09-01T23:59:20.730+0000] {processor.py:208} INFO - Processing /opt/airflow/dags/4-customoperator.py took 0.261 seconds
[2024-09-01T23:59:51.221+0000] {processor.py:186} INFO - Started process (PID=1139) to work on /opt/airflow/dags/4-customoperator.py
[2024-09-01T23:59:51.240+0000] {processor.py:914} INFO - Processing file /opt/airflow/dags/4-customoperator.py for tasks to queue
[2024-09-01T23:59:51.244+0000] {logging_mixin.py:190} INFO - [2024-09-01T23:59:51.244+0000] {dagbag.py:587} INFO - Filling up the DagBag from /opt/airflow/dags/4-customoperator.py
[2024-09-01T23:59:51.262+0000] {processor.py:925} INFO - DAG(s) 'customoperator' retrieved from /opt/airflow/dags/4-customoperator.py
[2024-09-01T23:59:51.322+0000] {logging_mixin.py:190} INFO - [2024-09-01T23:59:51.322+0000] {dag.py:3211} INFO - Sync 1 DAGs
[2024-09-01T23:59:51.363+0000] {logging_mixin.py:190} INFO - [2024-09-01T23:59:51.363+0000] {dag.py:4138} INFO - Setting next_dagrun for customoperator to None, run_after=None
[2024-09-01T23:59:51.400+0000] {processor.py:208} INFO - Processing /opt/airflow/dags/4-customoperator.py took 0.194 seconds
