[2024-09-01T23:13:40.909+0000] {processor.py:186} INFO - Started process (PID=62) to work on /opt/airflow/dags/5.1-orchestration.py
[2024-09-01T23:13:40.910+0000] {processor.py:914} INFO - Processing file /opt/airflow/dags/5.1-orchestration.py for tasks to queue
[2024-09-01T23:13:40.914+0000] {logging_mixin.py:190} INFO - [2024-09-01T23:13:40.914+0000] {dagbag.py:587} INFO - Filling up the DagBag from /opt/airflow/dags/5.1-orchestration.py
[2024-09-01T23:13:40.941+0000] {processor.py:925} INFO - DAG(s) '5.1-orchestration' retrieved from /opt/airflow/dags/5.1-orchestration.py
[2024-09-01T23:13:40.981+0000] {logging_mixin.py:190} INFO - [2024-09-01T23:13:40.981+0000] {dag.py:3211} INFO - Sync 1 DAGs
[2024-09-01T23:13:41.023+0000] {logging_mixin.py:190} INFO - [2024-09-01T23:13:41.022+0000] {dag.py:4138} INFO - Setting next_dagrun for 5.1-orchestration to None, run_after=None
[2024-09-01T23:13:41.049+0000] {processor.py:208} INFO - Processing /opt/airflow/dags/5.1-orchestration.py took 0.152 seconds
[2024-09-01T23:14:11.817+0000] {processor.py:186} INFO - Started process (PID=74) to work on /opt/airflow/dags/5.1-orchestration.py
[2024-09-01T23:14:11.819+0000] {processor.py:914} INFO - Processing file /opt/airflow/dags/5.1-orchestration.py for tasks to queue
[2024-09-01T23:14:11.823+0000] {logging_mixin.py:190} INFO - [2024-09-01T23:14:11.822+0000] {dagbag.py:587} INFO - Filling up the DagBag from /opt/airflow/dags/5.1-orchestration.py
[2024-09-01T23:14:11.845+0000] {processor.py:925} INFO - DAG(s) '5.1-orchestration' retrieved from /opt/airflow/dags/5.1-orchestration.py
[2024-09-01T23:14:11.901+0000] {logging_mixin.py:190} INFO - [2024-09-01T23:14:11.901+0000] {dag.py:3211} INFO - Sync 1 DAGs
[2024-09-01T23:14:11.961+0000] {logging_mixin.py:190} INFO - [2024-09-01T23:14:11.960+0000] {dag.py:4138} INFO - Setting next_dagrun for 5.1-orchestration to None, run_after=None
[2024-09-01T23:14:11.989+0000] {processor.py:208} INFO - Processing /opt/airflow/dags/5.1-orchestration.py took 0.185 seconds
[2024-09-01T23:14:42.626+0000] {processor.py:186} INFO - Started process (PID=86) to work on /opt/airflow/dags/5.1-orchestration.py
[2024-09-01T23:14:42.629+0000] {processor.py:914} INFO - Processing file /opt/airflow/dags/5.1-orchestration.py for tasks to queue
[2024-09-01T23:14:42.633+0000] {logging_mixin.py:190} INFO - [2024-09-01T23:14:42.633+0000] {dagbag.py:587} INFO - Filling up the DagBag from /opt/airflow/dags/5.1-orchestration.py
[2024-09-01T23:14:42.654+0000] {processor.py:925} INFO - DAG(s) '5.1-orchestration' retrieved from /opt/airflow/dags/5.1-orchestration.py
[2024-09-01T23:14:42.696+0000] {logging_mixin.py:190} INFO - [2024-09-01T23:14:42.696+0000] {dag.py:3211} INFO - Sync 1 DAGs
[2024-09-01T23:14:42.739+0000] {logging_mixin.py:190} INFO - [2024-09-01T23:14:42.739+0000] {dag.py:4138} INFO - Setting next_dagrun for 5.1-orchestration to None, run_after=None
[2024-09-01T23:14:42.769+0000] {processor.py:208} INFO - Processing /opt/airflow/dags/5.1-orchestration.py took 0.154 seconds
[2024-09-01T23:15:13.436+0000] {processor.py:186} INFO - Started process (PID=98) to work on /opt/airflow/dags/5.1-orchestration.py
[2024-09-01T23:15:13.437+0000] {processor.py:914} INFO - Processing file /opt/airflow/dags/5.1-orchestration.py for tasks to queue
[2024-09-01T23:15:13.440+0000] {logging_mixin.py:190} INFO - [2024-09-01T23:15:13.439+0000] {dagbag.py:587} INFO - Filling up the DagBag from /opt/airflow/dags/5.1-orchestration.py
[2024-09-01T23:15:13.457+0000] {processor.py:925} INFO - DAG(s) '5.1-orchestration' retrieved from /opt/airflow/dags/5.1-orchestration.py
[2024-09-01T23:15:13.503+0000] {logging_mixin.py:190} INFO - [2024-09-01T23:15:13.502+0000] {dag.py:3211} INFO - Sync 1 DAGs
[2024-09-01T23:15:13.545+0000] {logging_mixin.py:190} INFO - [2024-09-01T23:15:13.544+0000] {dag.py:4138} INFO - Setting next_dagrun for 5.1-orchestration to None, run_after=None
[2024-09-01T23:15:13.573+0000] {processor.py:208} INFO - Processing /opt/airflow/dags/5.1-orchestration.py took 0.148 seconds
[2024-09-01T23:15:44.497+0000] {processor.py:186} INFO - Started process (PID=109) to work on /opt/airflow/dags/5.1-orchestration.py
[2024-09-01T23:15:44.617+0000] {processor.py:914} INFO - Processing file /opt/airflow/dags/5.1-orchestration.py for tasks to queue
[2024-09-01T23:15:44.625+0000] {logging_mixin.py:190} INFO - [2024-09-01T23:15:44.624+0000] {dagbag.py:587} INFO - Filling up the DagBag from /opt/airflow/dags/5.1-orchestration.py
[2024-09-01T23:15:44.677+0000] {processor.py:925} INFO - DAG(s) '5.1-orchestration' retrieved from /opt/airflow/dags/5.1-orchestration.py
[2024-09-01T23:15:44.816+0000] {logging_mixin.py:190} INFO - [2024-09-01T23:15:44.816+0000] {dag.py:3211} INFO - Sync 1 DAGs
[2024-09-01T23:15:44.932+0000] {logging_mixin.py:190} INFO - [2024-09-01T23:15:44.931+0000] {dag.py:4138} INFO - Setting next_dagrun for 5.1-orchestration to None, run_after=None
[2024-09-01T23:15:45.220+0000] {processor.py:208} INFO - Processing /opt/airflow/dags/5.1-orchestration.py took 0.758 seconds
[2024-09-01T23:16:15.345+0000] {processor.py:186} INFO - Started process (PID=123) to work on /opt/airflow/dags/5.1-orchestration.py
[2024-09-01T23:16:15.346+0000] {processor.py:914} INFO - Processing file /opt/airflow/dags/5.1-orchestration.py for tasks to queue
[2024-09-01T23:16:15.348+0000] {logging_mixin.py:190} INFO - [2024-09-01T23:16:15.348+0000] {dagbag.py:587} INFO - Filling up the DagBag from /opt/airflow/dags/5.1-orchestration.py
[2024-09-01T23:16:15.365+0000] {processor.py:925} INFO - DAG(s) '5.1-orchestration' retrieved from /opt/airflow/dags/5.1-orchestration.py
[2024-09-01T23:16:15.407+0000] {logging_mixin.py:190} INFO - [2024-09-01T23:16:15.406+0000] {dag.py:3211} INFO - Sync 1 DAGs
[2024-09-01T23:16:15.613+0000] {logging_mixin.py:190} INFO - [2024-09-01T23:16:15.613+0000] {dag.py:4138} INFO - Setting next_dagrun for 5.1-orchestration to None, run_after=None
[2024-09-01T23:16:15.641+0000] {processor.py:208} INFO - Processing /opt/airflow/dags/5.1-orchestration.py took 0.305 seconds
[2024-09-01T23:16:45.801+0000] {processor.py:186} INFO - Started process (PID=134) to work on /opt/airflow/dags/5.1-orchestration.py
[2024-09-01T23:16:45.928+0000] {processor.py:914} INFO - Processing file /opt/airflow/dags/5.1-orchestration.py for tasks to queue
[2024-09-01T23:16:45.933+0000] {logging_mixin.py:190} INFO - [2024-09-01T23:16:45.932+0000] {dagbag.py:587} INFO - Filling up the DagBag from /opt/airflow/dags/5.1-orchestration.py
[2024-09-01T23:16:45.953+0000] {processor.py:925} INFO - DAG(s) '5.1-orchestration' retrieved from /opt/airflow/dags/5.1-orchestration.py
[2024-09-01T23:16:45.995+0000] {logging_mixin.py:190} INFO - [2024-09-01T23:16:45.994+0000] {dag.py:3211} INFO - Sync 1 DAGs
[2024-09-01T23:16:46.237+0000] {logging_mixin.py:190} INFO - [2024-09-01T23:16:46.237+0000] {dag.py:4138} INFO - Setting next_dagrun for 5.1-orchestration to None, run_after=None
[2024-09-01T23:16:46.273+0000] {processor.py:208} INFO - Processing /opt/airflow/dags/5.1-orchestration.py took 0.485 seconds
[2024-09-01T23:17:17.137+0000] {processor.py:186} INFO - Started process (PID=146) to work on /opt/airflow/dags/5.1-orchestration.py
[2024-09-01T23:17:17.336+0000] {processor.py:914} INFO - Processing file /opt/airflow/dags/5.1-orchestration.py for tasks to queue
[2024-09-01T23:17:17.340+0000] {logging_mixin.py:190} INFO - [2024-09-01T23:17:17.339+0000] {dagbag.py:587} INFO - Filling up the DagBag from /opt/airflow/dags/5.1-orchestration.py
[2024-09-01T23:17:17.361+0000] {processor.py:925} INFO - DAG(s) '5.1-orchestration' retrieved from /opt/airflow/dags/5.1-orchestration.py
[2024-09-01T23:17:17.644+0000] {logging_mixin.py:190} INFO - [2024-09-01T23:17:17.643+0000] {dag.py:3211} INFO - Sync 1 DAGs
[2024-09-01T23:17:17.707+0000] {logging_mixin.py:190} INFO - [2024-09-01T23:17:17.707+0000] {dag.py:4138} INFO - Setting next_dagrun for 5.1-orchestration to None, run_after=None
[2024-09-01T23:17:17.747+0000] {processor.py:208} INFO - Processing /opt/airflow/dags/5.1-orchestration.py took 0.620 seconds
[2024-09-01T23:17:47.906+0000] {processor.py:186} INFO - Started process (PID=158) to work on /opt/airflow/dags/5.1-orchestration.py
[2024-09-01T23:17:47.907+0000] {processor.py:914} INFO - Processing file /opt/airflow/dags/5.1-orchestration.py for tasks to queue
[2024-09-01T23:17:47.909+0000] {logging_mixin.py:190} INFO - [2024-09-01T23:17:47.909+0000] {dagbag.py:587} INFO - Filling up the DagBag from /opt/airflow/dags/5.1-orchestration.py
[2024-09-01T23:17:48.124+0000] {processor.py:925} INFO - DAG(s) '5.1-orchestration' retrieved from /opt/airflow/dags/5.1-orchestration.py
[2024-09-01T23:17:48.196+0000] {logging_mixin.py:190} INFO - [2024-09-01T23:17:48.196+0000] {dag.py:3211} INFO - Sync 1 DAGs
[2024-09-01T23:17:48.251+0000] {logging_mixin.py:190} INFO - [2024-09-01T23:17:48.251+0000] {dag.py:4138} INFO - Setting next_dagrun for 5.1-orchestration to None, run_after=None
[2024-09-01T23:17:48.289+0000] {processor.py:208} INFO - Processing /opt/airflow/dags/5.1-orchestration.py took 0.396 seconds
[2024-09-01T23:18:18.487+0000] {processor.py:186} INFO - Started process (PID=169) to work on /opt/airflow/dags/5.1-orchestration.py
[2024-09-01T23:18:18.496+0000] {processor.py:914} INFO - Processing file /opt/airflow/dags/5.1-orchestration.py for tasks to queue
[2024-09-01T23:18:18.502+0000] {logging_mixin.py:190} INFO - [2024-09-01T23:18:18.501+0000] {dagbag.py:587} INFO - Filling up the DagBag from /opt/airflow/dags/5.1-orchestration.py
[2024-09-01T23:18:18.531+0000] {processor.py:925} INFO - DAG(s) '5.1-orchestration' retrieved from /opt/airflow/dags/5.1-orchestration.py
[2024-09-01T23:18:18.604+0000] {logging_mixin.py:190} INFO - [2024-09-01T23:18:18.603+0000] {dag.py:3211} INFO - Sync 1 DAGs
[2024-09-01T23:18:18.669+0000] {logging_mixin.py:190} INFO - [2024-09-01T23:18:18.669+0000] {dag.py:4138} INFO - Setting next_dagrun for 5.1-orchestration to None, run_after=None
[2024-09-01T23:18:18.706+0000] {processor.py:208} INFO - Processing /opt/airflow/dags/5.1-orchestration.py took 0.229 seconds
[2024-09-01T23:18:50.052+0000] {processor.py:186} INFO - Started process (PID=180) to work on /opt/airflow/dags/5.1-orchestration.py
[2024-09-01T23:18:50.061+0000] {processor.py:914} INFO - Processing file /opt/airflow/dags/5.1-orchestration.py for tasks to queue
[2024-09-01T23:18:50.065+0000] {logging_mixin.py:190} INFO - [2024-09-01T23:18:50.065+0000] {dagbag.py:587} INFO - Filling up the DagBag from /opt/airflow/dags/5.1-orchestration.py
[2024-09-01T23:18:50.237+0000] {processor.py:925} INFO - DAG(s) '5.1-orchestration' retrieved from /opt/airflow/dags/5.1-orchestration.py
[2024-09-01T23:18:50.346+0000] {logging_mixin.py:190} INFO - [2024-09-01T23:18:50.345+0000] {dag.py:3211} INFO - Sync 1 DAGs
[2024-09-01T23:18:50.482+0000] {logging_mixin.py:190} INFO - [2024-09-01T23:18:50.481+0000] {dag.py:4138} INFO - Setting next_dagrun for 5.1-orchestration to None, run_after=None
[2024-09-01T23:18:50.532+0000] {processor.py:208} INFO - Processing /opt/airflow/dags/5.1-orchestration.py took 0.539 seconds
[2024-09-01T23:19:20.705+0000] {processor.py:186} INFO - Started process (PID=192) to work on /opt/airflow/dags/5.1-orchestration.py
[2024-09-01T23:19:20.717+0000] {processor.py:914} INFO - Processing file /opt/airflow/dags/5.1-orchestration.py for tasks to queue
[2024-09-01T23:19:20.720+0000] {logging_mixin.py:190} INFO - [2024-09-01T23:19:20.719+0000] {dagbag.py:587} INFO - Filling up the DagBag from /opt/airflow/dags/5.1-orchestration.py
[2024-09-01T23:19:20.737+0000] {processor.py:925} INFO - DAG(s) '5.1-orchestration' retrieved from /opt/airflow/dags/5.1-orchestration.py
[2024-09-01T23:19:20.798+0000] {logging_mixin.py:190} INFO - [2024-09-01T23:19:20.797+0000] {dag.py:3211} INFO - Sync 1 DAGs
[2024-09-01T23:19:20.857+0000] {logging_mixin.py:190} INFO - [2024-09-01T23:19:20.857+0000] {dag.py:4138} INFO - Setting next_dagrun for 5.1-orchestration to None, run_after=None
[2024-09-01T23:19:20.886+0000] {processor.py:208} INFO - Processing /opt/airflow/dags/5.1-orchestration.py took 0.191 seconds
[2024-09-01T23:19:51.381+0000] {processor.py:186} INFO - Started process (PID=203) to work on /opt/airflow/dags/5.1-orchestration.py
[2024-09-01T23:19:51.382+0000] {processor.py:914} INFO - Processing file /opt/airflow/dags/5.1-orchestration.py for tasks to queue
[2024-09-01T23:19:51.385+0000] {logging_mixin.py:190} INFO - [2024-09-01T23:19:51.384+0000] {dagbag.py:587} INFO - Filling up the DagBag from /opt/airflow/dags/5.1-orchestration.py
[2024-09-01T23:19:51.403+0000] {processor.py:925} INFO - DAG(s) '5.1-orchestration' retrieved from /opt/airflow/dags/5.1-orchestration.py
[2024-09-01T23:19:51.461+0000] {logging_mixin.py:190} INFO - [2024-09-01T23:19:51.460+0000] {dag.py:3211} INFO - Sync 1 DAGs
[2024-09-01T23:19:51.519+0000] {logging_mixin.py:190} INFO - [2024-09-01T23:19:51.519+0000] {dag.py:4138} INFO - Setting next_dagrun for 5.1-orchestration to None, run_after=None
[2024-09-01T23:19:51.553+0000] {processor.py:208} INFO - Processing /opt/airflow/dags/5.1-orchestration.py took 0.182 seconds
[2024-09-01T23:20:22.266+0000] {processor.py:186} INFO - Started process (PID=215) to work on /opt/airflow/dags/5.1-orchestration.py
[2024-09-01T23:20:22.268+0000] {processor.py:914} INFO - Processing file /opt/airflow/dags/5.1-orchestration.py for tasks to queue
[2024-09-01T23:20:22.273+0000] {logging_mixin.py:190} INFO - [2024-09-01T23:20:22.272+0000] {dagbag.py:587} INFO - Filling up the DagBag from /opt/airflow/dags/5.1-orchestration.py
[2024-09-01T23:20:22.305+0000] {processor.py:925} INFO - DAG(s) '5.1-orchestration' retrieved from /opt/airflow/dags/5.1-orchestration.py
[2024-09-01T23:20:22.371+0000] {logging_mixin.py:190} INFO - [2024-09-01T23:20:22.370+0000] {dag.py:3211} INFO - Sync 1 DAGs
[2024-09-01T23:20:22.440+0000] {logging_mixin.py:190} INFO - [2024-09-01T23:20:22.439+0000] {dag.py:4138} INFO - Setting next_dagrun for 5.1-orchestration to None, run_after=None
[2024-09-01T23:20:22.483+0000] {processor.py:208} INFO - Processing /opt/airflow/dags/5.1-orchestration.py took 0.231 seconds
[2024-09-01T23:20:53.198+0000] {processor.py:186} INFO - Started process (PID=227) to work on /opt/airflow/dags/5.1-orchestration.py
[2024-09-01T23:20:53.200+0000] {processor.py:914} INFO - Processing file /opt/airflow/dags/5.1-orchestration.py for tasks to queue
[2024-09-01T23:20:53.208+0000] {logging_mixin.py:190} INFO - [2024-09-01T23:20:53.208+0000] {dagbag.py:587} INFO - Filling up the DagBag from /opt/airflow/dags/5.1-orchestration.py
[2024-09-01T23:20:53.260+0000] {processor.py:925} INFO - DAG(s) '5.1-orchestration' retrieved from /opt/airflow/dags/5.1-orchestration.py
[2024-09-01T23:20:53.327+0000] {logging_mixin.py:190} INFO - [2024-09-01T23:20:53.326+0000] {dag.py:3211} INFO - Sync 1 DAGs
[2024-09-01T23:20:53.378+0000] {logging_mixin.py:190} INFO - [2024-09-01T23:20:53.378+0000] {dag.py:4138} INFO - Setting next_dagrun for 5.1-orchestration to None, run_after=None
[2024-09-01T23:20:53.412+0000] {processor.py:208} INFO - Processing /opt/airflow/dags/5.1-orchestration.py took 0.242 seconds
[2024-09-01T23:21:23.552+0000] {processor.py:186} INFO - Started process (PID=239) to work on /opt/airflow/dags/5.1-orchestration.py
[2024-09-01T23:21:23.553+0000] {processor.py:914} INFO - Processing file /opt/airflow/dags/5.1-orchestration.py for tasks to queue
[2024-09-01T23:21:23.558+0000] {logging_mixin.py:190} INFO - [2024-09-01T23:21:23.557+0000] {dagbag.py:587} INFO - Filling up the DagBag from /opt/airflow/dags/5.1-orchestration.py
[2024-09-01T23:21:23.588+0000] {processor.py:925} INFO - DAG(s) '5.1-orchestration' retrieved from /opt/airflow/dags/5.1-orchestration.py
[2024-09-01T23:21:23.656+0000] {logging_mixin.py:190} INFO - [2024-09-01T23:21:23.655+0000] {dag.py:3211} INFO - Sync 1 DAGs
[2024-09-01T23:21:23.727+0000] {logging_mixin.py:190} INFO - [2024-09-01T23:21:23.726+0000] {dag.py:4138} INFO - Setting next_dagrun for 5.1-orchestration to None, run_after=None
[2024-09-01T23:21:23.796+0000] {processor.py:208} INFO - Processing /opt/airflow/dags/5.1-orchestration.py took 0.259 seconds
[2024-09-01T23:21:53.956+0000] {processor.py:186} INFO - Started process (PID=251) to work on /opt/airflow/dags/5.1-orchestration.py
[2024-09-01T23:21:53.958+0000] {processor.py:914} INFO - Processing file /opt/airflow/dags/5.1-orchestration.py for tasks to queue
[2024-09-01T23:21:53.963+0000] {logging_mixin.py:190} INFO - [2024-09-01T23:21:53.962+0000] {dagbag.py:587} INFO - Filling up the DagBag from /opt/airflow/dags/5.1-orchestration.py
[2024-09-01T23:21:53.994+0000] {processor.py:925} INFO - DAG(s) '5.1-orchestration' retrieved from /opt/airflow/dags/5.1-orchestration.py
[2024-09-01T23:21:54.080+0000] {logging_mixin.py:190} INFO - [2024-09-01T23:21:54.079+0000] {dag.py:3211} INFO - Sync 1 DAGs
[2024-09-01T23:21:54.159+0000] {logging_mixin.py:190} INFO - [2024-09-01T23:21:54.159+0000] {dag.py:4138} INFO - Setting next_dagrun for 5.1-orchestration to None, run_after=None
[2024-09-01T23:21:54.220+0000] {processor.py:208} INFO - Processing /opt/airflow/dags/5.1-orchestration.py took 0.280 seconds
[2024-09-01T23:22:25.178+0000] {processor.py:186} INFO - Started process (PID=268) to work on /opt/airflow/dags/5.1-orchestration.py
[2024-09-01T23:22:25.246+0000] {processor.py:914} INFO - Processing file /opt/airflow/dags/5.1-orchestration.py for tasks to queue
[2024-09-01T23:22:25.251+0000] {logging_mixin.py:190} INFO - [2024-09-01T23:22:25.251+0000] {dagbag.py:587} INFO - Filling up the DagBag from /opt/airflow/dags/5.1-orchestration.py
[2024-09-01T23:22:25.277+0000] {processor.py:925} INFO - DAG(s) '5.1-orchestration' retrieved from /opt/airflow/dags/5.1-orchestration.py
[2024-09-01T23:22:25.327+0000] {logging_mixin.py:190} INFO - [2024-09-01T23:22:25.327+0000] {dag.py:3211} INFO - Sync 1 DAGs
[2024-09-01T23:22:25.380+0000] {logging_mixin.py:190} INFO - [2024-09-01T23:22:25.379+0000] {dag.py:4138} INFO - Setting next_dagrun for 5.1-orchestration to None, run_after=None
[2024-09-01T23:22:25.407+0000] {processor.py:208} INFO - Processing /opt/airflow/dags/5.1-orchestration.py took 0.245 seconds
[2024-09-01T23:22:55.469+0000] {processor.py:186} INFO - Started process (PID=280) to work on /opt/airflow/dags/5.1-orchestration.py
[2024-09-01T23:22:55.471+0000] {processor.py:914} INFO - Processing file /opt/airflow/dags/5.1-orchestration.py for tasks to queue
[2024-09-01T23:22:55.475+0000] {logging_mixin.py:190} INFO - [2024-09-01T23:22:55.475+0000] {dagbag.py:587} INFO - Filling up the DagBag from /opt/airflow/dags/5.1-orchestration.py
[2024-09-01T23:22:55.499+0000] {processor.py:925} INFO - DAG(s) '5.1-orchestration' retrieved from /opt/airflow/dags/5.1-orchestration.py
[2024-09-01T23:22:55.552+0000] {logging_mixin.py:190} INFO - [2024-09-01T23:22:55.551+0000] {dag.py:3211} INFO - Sync 1 DAGs
[2024-09-01T23:22:55.605+0000] {logging_mixin.py:190} INFO - [2024-09-01T23:22:55.605+0000] {dag.py:4138} INFO - Setting next_dagrun for 5.1-orchestration to None, run_after=None
[2024-09-01T23:22:55.634+0000] {processor.py:208} INFO - Processing /opt/airflow/dags/5.1-orchestration.py took 0.176 seconds
[2024-09-01T23:23:26.271+0000] {processor.py:186} INFO - Started process (PID=292) to work on /opt/airflow/dags/5.1-orchestration.py
[2024-09-01T23:23:26.288+0000] {processor.py:914} INFO - Processing file /opt/airflow/dags/5.1-orchestration.py for tasks to queue
[2024-09-01T23:23:26.293+0000] {logging_mixin.py:190} INFO - [2024-09-01T23:23:26.293+0000] {dagbag.py:587} INFO - Filling up the DagBag from /opt/airflow/dags/5.1-orchestration.py
[2024-09-01T23:23:26.313+0000] {processor.py:925} INFO - DAG(s) '5.1-orchestration' retrieved from /opt/airflow/dags/5.1-orchestration.py
[2024-09-01T23:23:26.360+0000] {logging_mixin.py:190} INFO - [2024-09-01T23:23:26.360+0000] {dag.py:3211} INFO - Sync 1 DAGs
[2024-09-01T23:23:26.409+0000] {logging_mixin.py:190} INFO - [2024-09-01T23:23:26.408+0000] {dag.py:4138} INFO - Setting next_dagrun for 5.1-orchestration to None, run_after=None
[2024-09-01T23:23:26.441+0000] {processor.py:208} INFO - Processing /opt/airflow/dags/5.1-orchestration.py took 0.181 seconds
[2024-09-01T23:23:56.982+0000] {processor.py:186} INFO - Started process (PID=304) to work on /opt/airflow/dags/5.1-orchestration.py
[2024-09-01T23:23:56.983+0000] {processor.py:914} INFO - Processing file /opt/airflow/dags/5.1-orchestration.py for tasks to queue
[2024-09-01T23:23:56.988+0000] {logging_mixin.py:190} INFO - [2024-09-01T23:23:56.987+0000] {dagbag.py:587} INFO - Filling up the DagBag from /opt/airflow/dags/5.1-orchestration.py
[2024-09-01T23:23:57.015+0000] {processor.py:925} INFO - DAG(s) '5.1-orchestration' retrieved from /opt/airflow/dags/5.1-orchestration.py
[2024-09-01T23:23:57.059+0000] {logging_mixin.py:190} INFO - [2024-09-01T23:23:57.059+0000] {dag.py:3211} INFO - Sync 1 DAGs
[2024-09-01T23:23:57.101+0000] {logging_mixin.py:190} INFO - [2024-09-01T23:23:57.101+0000] {dag.py:4138} INFO - Setting next_dagrun for 5.1-orchestration to None, run_after=None
[2024-09-01T23:23:57.138+0000] {processor.py:208} INFO - Processing /opt/airflow/dags/5.1-orchestration.py took 0.170 seconds
[2024-09-01T23:24:27.739+0000] {processor.py:186} INFO - Started process (PID=316) to work on /opt/airflow/dags/5.1-orchestration.py
[2024-09-01T23:24:27.928+0000] {processor.py:914} INFO - Processing file /opt/airflow/dags/5.1-orchestration.py for tasks to queue
[2024-09-01T23:24:27.932+0000] {logging_mixin.py:190} INFO - [2024-09-01T23:24:27.931+0000] {dagbag.py:587} INFO - Filling up the DagBag from /opt/airflow/dags/5.1-orchestration.py
[2024-09-01T23:24:27.960+0000] {processor.py:925} INFO - DAG(s) '5.1-orchestration' retrieved from /opt/airflow/dags/5.1-orchestration.py
[2024-09-01T23:24:28.012+0000] {logging_mixin.py:190} INFO - [2024-09-01T23:24:28.011+0000] {dag.py:3211} INFO - Sync 1 DAGs
[2024-09-01T23:24:28.061+0000] {logging_mixin.py:190} INFO - [2024-09-01T23:24:28.060+0000] {dag.py:4138} INFO - Setting next_dagrun for 5.1-orchestration to None, run_after=None
[2024-09-01T23:24:28.094+0000] {processor.py:208} INFO - Processing /opt/airflow/dags/5.1-orchestration.py took 0.365 seconds
[2024-09-01T23:24:58.508+0000] {processor.py:186} INFO - Started process (PID=328) to work on /opt/airflow/dags/5.1-orchestration.py
[2024-09-01T23:24:58.510+0000] {processor.py:914} INFO - Processing file /opt/airflow/dags/5.1-orchestration.py for tasks to queue
[2024-09-01T23:24:58.516+0000] {logging_mixin.py:190} INFO - [2024-09-01T23:24:58.515+0000] {dagbag.py:587} INFO - Filling up the DagBag from /opt/airflow/dags/5.1-orchestration.py
[2024-09-01T23:24:58.544+0000] {processor.py:925} INFO - DAG(s) '5.1-orchestration' retrieved from /opt/airflow/dags/5.1-orchestration.py
[2024-09-01T23:24:58.607+0000] {logging_mixin.py:190} INFO - [2024-09-01T23:24:58.606+0000] {dag.py:3211} INFO - Sync 1 DAGs
[2024-09-01T23:24:58.673+0000] {logging_mixin.py:190} INFO - [2024-09-01T23:24:58.673+0000] {dag.py:4138} INFO - Setting next_dagrun for 5.1-orchestration to None, run_after=None
[2024-09-01T23:24:58.706+0000] {processor.py:208} INFO - Processing /opt/airflow/dags/5.1-orchestration.py took 0.212 seconds
[2024-09-01T23:25:29.355+0000] {processor.py:186} INFO - Started process (PID=340) to work on /opt/airflow/dags/5.1-orchestration.py
[2024-09-01T23:25:29.421+0000] {processor.py:914} INFO - Processing file /opt/airflow/dags/5.1-orchestration.py for tasks to queue
[2024-09-01T23:25:29.426+0000] {logging_mixin.py:190} INFO - [2024-09-01T23:25:29.425+0000] {dagbag.py:587} INFO - Filling up the DagBag from /opt/airflow/dags/5.1-orchestration.py
[2024-09-01T23:25:29.477+0000] {processor.py:925} INFO - DAG(s) '5.1-orchestration' retrieved from /opt/airflow/dags/5.1-orchestration.py
[2024-09-01T23:25:29.550+0000] {logging_mixin.py:190} INFO - [2024-09-01T23:25:29.549+0000] {dag.py:3211} INFO - Sync 1 DAGs
[2024-09-01T23:25:29.597+0000] {logging_mixin.py:190} INFO - [2024-09-01T23:25:29.597+0000] {dag.py:4138} INFO - Setting next_dagrun for 5.1-orchestration to None, run_after=None
[2024-09-01T23:25:29.641+0000] {processor.py:208} INFO - Processing /opt/airflow/dags/5.1-orchestration.py took 0.300 seconds
[2024-09-01T23:26:00.271+0000] {processor.py:186} INFO - Started process (PID=352) to work on /opt/airflow/dags/5.1-orchestration.py
[2024-09-01T23:26:00.344+0000] {processor.py:914} INFO - Processing file /opt/airflow/dags/5.1-orchestration.py for tasks to queue
[2024-09-01T23:26:00.349+0000] {logging_mixin.py:190} INFO - [2024-09-01T23:26:00.348+0000] {dagbag.py:587} INFO - Filling up the DagBag from /opt/airflow/dags/5.1-orchestration.py
[2024-09-01T23:26:00.378+0000] {processor.py:925} INFO - DAG(s) '5.1-orchestration' retrieved from /opt/airflow/dags/5.1-orchestration.py
[2024-09-01T23:26:00.440+0000] {logging_mixin.py:190} INFO - [2024-09-01T23:26:00.439+0000] {dag.py:3211} INFO - Sync 1 DAGs
[2024-09-01T23:26:00.518+0000] {logging_mixin.py:190} INFO - [2024-09-01T23:26:00.515+0000] {dag.py:4138} INFO - Setting next_dagrun for 5.1-orchestration to None, run_after=None
[2024-09-01T23:26:00.568+0000] {processor.py:208} INFO - Processing /opt/airflow/dags/5.1-orchestration.py took 0.312 seconds
[2024-09-01T23:26:30.667+0000] {processor.py:186} INFO - Started process (PID=362) to work on /opt/airflow/dags/5.1-orchestration.py
[2024-09-01T23:26:30.785+0000] {processor.py:914} INFO - Processing file /opt/airflow/dags/5.1-orchestration.py for tasks to queue
[2024-09-01T23:26:30.789+0000] {logging_mixin.py:190} INFO - [2024-09-01T23:26:30.789+0000] {dagbag.py:587} INFO - Filling up the DagBag from /opt/airflow/dags/5.1-orchestration.py
[2024-09-01T23:26:30.806+0000] {processor.py:925} INFO - DAG(s) '5.1-orchestration' retrieved from /opt/airflow/dags/5.1-orchestration.py
[2024-09-01T23:26:30.843+0000] {logging_mixin.py:190} INFO - [2024-09-01T23:26:30.842+0000] {dag.py:3211} INFO - Sync 1 DAGs
[2024-09-01T23:26:30.889+0000] {logging_mixin.py:190} INFO - [2024-09-01T23:26:30.889+0000] {dag.py:4138} INFO - Setting next_dagrun for 5.1-orchestration to None, run_after=None
[2024-09-01T23:26:30.926+0000] {processor.py:208} INFO - Processing /opt/airflow/dags/5.1-orchestration.py took 0.268 seconds
[2024-09-01T23:27:00.986+0000] {processor.py:186} INFO - Started process (PID=374) to work on /opt/airflow/dags/5.1-orchestration.py
[2024-09-01T23:27:01.010+0000] {processor.py:914} INFO - Processing file /opt/airflow/dags/5.1-orchestration.py for tasks to queue
[2024-09-01T23:27:01.014+0000] {logging_mixin.py:190} INFO - [2024-09-01T23:27:01.014+0000] {dagbag.py:587} INFO - Filling up the DagBag from /opt/airflow/dags/5.1-orchestration.py
[2024-09-01T23:27:01.038+0000] {processor.py:925} INFO - DAG(s) '5.1-orchestration' retrieved from /opt/airflow/dags/5.1-orchestration.py
[2024-09-01T23:27:01.084+0000] {logging_mixin.py:190} INFO - [2024-09-01T23:27:01.083+0000] {dag.py:3211} INFO - Sync 1 DAGs
[2024-09-01T23:27:01.132+0000] {logging_mixin.py:190} INFO - [2024-09-01T23:27:01.132+0000] {dag.py:4138} INFO - Setting next_dagrun for 5.1-orchestration to None, run_after=None
[2024-09-01T23:27:01.160+0000] {processor.py:208} INFO - Processing /opt/airflow/dags/5.1-orchestration.py took 0.185 seconds
[2024-09-01T23:27:31.841+0000] {processor.py:186} INFO - Started process (PID=387) to work on /opt/airflow/dags/5.1-orchestration.py
[2024-09-01T23:27:31.846+0000] {processor.py:914} INFO - Processing file /opt/airflow/dags/5.1-orchestration.py for tasks to queue
[2024-09-01T23:27:31.850+0000] {logging_mixin.py:190} INFO - [2024-09-01T23:27:31.850+0000] {dagbag.py:587} INFO - Filling up the DagBag from /opt/airflow/dags/5.1-orchestration.py
[2024-09-01T23:27:31.878+0000] {processor.py:925} INFO - DAG(s) '5.1-orchestration' retrieved from /opt/airflow/dags/5.1-orchestration.py
[2024-09-01T23:27:31.925+0000] {logging_mixin.py:190} INFO - [2024-09-01T23:27:31.924+0000] {dag.py:3211} INFO - Sync 1 DAGs
[2024-09-01T23:27:31.971+0000] {logging_mixin.py:190} INFO - [2024-09-01T23:27:31.971+0000] {dag.py:4138} INFO - Setting next_dagrun for 5.1-orchestration to None, run_after=None
[2024-09-01T23:27:32.000+0000] {processor.py:208} INFO - Processing /opt/airflow/dags/5.1-orchestration.py took 0.173 seconds
[2024-09-01T23:28:02.554+0000] {processor.py:186} INFO - Started process (PID=399) to work on /opt/airflow/dags/5.1-orchestration.py
[2024-09-01T23:28:02.559+0000] {processor.py:914} INFO - Processing file /opt/airflow/dags/5.1-orchestration.py for tasks to queue
[2024-09-01T23:28:02.564+0000] {logging_mixin.py:190} INFO - [2024-09-01T23:28:02.563+0000] {dagbag.py:587} INFO - Filling up the DagBag from /opt/airflow/dags/5.1-orchestration.py
[2024-09-01T23:28:02.595+0000] {processor.py:925} INFO - DAG(s) '5.1-orchestration' retrieved from /opt/airflow/dags/5.1-orchestration.py
[2024-09-01T23:28:02.693+0000] {logging_mixin.py:190} INFO - [2024-09-01T23:28:02.693+0000] {dag.py:3211} INFO - Sync 1 DAGs
[2024-09-01T23:28:02.754+0000] {logging_mixin.py:190} INFO - [2024-09-01T23:28:02.753+0000] {dag.py:4138} INFO - Setting next_dagrun for 5.1-orchestration to None, run_after=None
[2024-09-01T23:28:02.802+0000] {processor.py:208} INFO - Processing /opt/airflow/dags/5.1-orchestration.py took 0.261 seconds
[2024-09-01T23:28:33.340+0000] {processor.py:186} INFO - Started process (PID=410) to work on /opt/airflow/dags/5.1-orchestration.py
[2024-09-01T23:28:33.342+0000] {processor.py:914} INFO - Processing file /opt/airflow/dags/5.1-orchestration.py for tasks to queue
[2024-09-01T23:28:33.347+0000] {logging_mixin.py:190} INFO - [2024-09-01T23:28:33.346+0000] {dagbag.py:587} INFO - Filling up the DagBag from /opt/airflow/dags/5.1-orchestration.py
[2024-09-01T23:28:33.380+0000] {processor.py:925} INFO - DAG(s) '5.1-orchestration' retrieved from /opt/airflow/dags/5.1-orchestration.py
[2024-09-01T23:28:33.439+0000] {logging_mixin.py:190} INFO - [2024-09-01T23:28:33.439+0000] {dag.py:3211} INFO - Sync 1 DAGs
[2024-09-01T23:28:33.501+0000] {logging_mixin.py:190} INFO - [2024-09-01T23:28:33.501+0000] {dag.py:4138} INFO - Setting next_dagrun for 5.1-orchestration to None, run_after=None
[2024-09-01T23:28:33.529+0000] {processor.py:208} INFO - Processing /opt/airflow/dags/5.1-orchestration.py took 0.202 seconds
[2024-09-01T23:29:03.675+0000] {processor.py:186} INFO - Started process (PID=423) to work on /opt/airflow/dags/5.1-orchestration.py
[2024-09-01T23:29:03.677+0000] {processor.py:914} INFO - Processing file /opt/airflow/dags/5.1-orchestration.py for tasks to queue
[2024-09-01T23:29:03.682+0000] {logging_mixin.py:190} INFO - [2024-09-01T23:29:03.682+0000] {dagbag.py:587} INFO - Filling up the DagBag from /opt/airflow/dags/5.1-orchestration.py
[2024-09-01T23:29:03.761+0000] {processor.py:925} INFO - DAG(s) '5.1-orchestration' retrieved from /opt/airflow/dags/5.1-orchestration.py
[2024-09-01T23:29:03.841+0000] {logging_mixin.py:190} INFO - [2024-09-01T23:29:03.841+0000] {dag.py:3211} INFO - Sync 1 DAGs
[2024-09-01T23:29:03.917+0000] {logging_mixin.py:190} INFO - [2024-09-01T23:29:03.917+0000] {dag.py:4138} INFO - Setting next_dagrun for 5.1-orchestration to None, run_after=None
[2024-09-01T23:29:03.967+0000] {processor.py:208} INFO - Processing /opt/airflow/dags/5.1-orchestration.py took 0.310 seconds
[2024-09-01T23:29:34.833+0000] {processor.py:186} INFO - Started process (PID=434) to work on /opt/airflow/dags/5.1-orchestration.py
[2024-09-01T23:29:34.834+0000] {processor.py:914} INFO - Processing file /opt/airflow/dags/5.1-orchestration.py for tasks to queue
[2024-09-01T23:29:34.838+0000] {logging_mixin.py:190} INFO - [2024-09-01T23:29:34.838+0000] {dagbag.py:587} INFO - Filling up the DagBag from /opt/airflow/dags/5.1-orchestration.py
[2024-09-01T23:29:34.860+0000] {processor.py:925} INFO - DAG(s) '5.1-orchestration' retrieved from /opt/airflow/dags/5.1-orchestration.py
[2024-09-01T23:29:34.939+0000] {logging_mixin.py:190} INFO - [2024-09-01T23:29:34.938+0000] {dag.py:3211} INFO - Sync 1 DAGs
[2024-09-01T23:29:35.006+0000] {logging_mixin.py:190} INFO - [2024-09-01T23:29:35.005+0000] {dag.py:4138} INFO - Setting next_dagrun for 5.1-orchestration to None, run_after=None
[2024-09-01T23:29:35.045+0000] {processor.py:208} INFO - Processing /opt/airflow/dags/5.1-orchestration.py took 0.227 seconds
[2024-09-01T23:30:05.805+0000] {processor.py:186} INFO - Started process (PID=446) to work on /opt/airflow/dags/5.1-orchestration.py
[2024-09-01T23:30:05.806+0000] {processor.py:914} INFO - Processing file /opt/airflow/dags/5.1-orchestration.py for tasks to queue
[2024-09-01T23:30:05.811+0000] {logging_mixin.py:190} INFO - [2024-09-01T23:30:05.810+0000] {dagbag.py:587} INFO - Filling up the DagBag from /opt/airflow/dags/5.1-orchestration.py
[2024-09-01T23:30:05.830+0000] {processor.py:925} INFO - DAG(s) '5.1-orchestration' retrieved from /opt/airflow/dags/5.1-orchestration.py
[2024-09-01T23:30:05.885+0000] {logging_mixin.py:190} INFO - [2024-09-01T23:30:05.885+0000] {dag.py:3211} INFO - Sync 1 DAGs
[2024-09-01T23:30:05.982+0000] {logging_mixin.py:190} INFO - [2024-09-01T23:30:05.980+0000] {dag.py:4138} INFO - Setting next_dagrun for 5.1-orchestration to None, run_after=None
[2024-09-01T23:30:06.038+0000] {processor.py:208} INFO - Processing /opt/airflow/dags/5.1-orchestration.py took 0.244 seconds
[2024-09-01T23:30:36.768+0000] {processor.py:186} INFO - Started process (PID=458) to work on /opt/airflow/dags/5.1-orchestration.py
[2024-09-01T23:30:36.769+0000] {processor.py:914} INFO - Processing file /opt/airflow/dags/5.1-orchestration.py for tasks to queue
[2024-09-01T23:30:36.775+0000] {logging_mixin.py:190} INFO - [2024-09-01T23:30:36.774+0000] {dagbag.py:587} INFO - Filling up the DagBag from /opt/airflow/dags/5.1-orchestration.py
[2024-09-01T23:30:36.800+0000] {processor.py:925} INFO - DAG(s) '5.1-orchestration' retrieved from /opt/airflow/dags/5.1-orchestration.py
[2024-09-01T23:30:36.847+0000] {logging_mixin.py:190} INFO - [2024-09-01T23:30:36.846+0000] {dag.py:3211} INFO - Sync 1 DAGs
[2024-09-01T23:30:36.899+0000] {logging_mixin.py:190} INFO - [2024-09-01T23:30:36.899+0000] {dag.py:4138} INFO - Setting next_dagrun for 5.1-orchestration to None, run_after=None
[2024-09-01T23:30:36.932+0000] {processor.py:208} INFO - Processing /opt/airflow/dags/5.1-orchestration.py took 0.193 seconds
[2024-09-01T23:31:07.563+0000] {processor.py:186} INFO - Started process (PID=470) to work on /opt/airflow/dags/5.1-orchestration.py
[2024-09-01T23:31:07.564+0000] {processor.py:914} INFO - Processing file /opt/airflow/dags/5.1-orchestration.py for tasks to queue
[2024-09-01T23:31:07.568+0000] {logging_mixin.py:190} INFO - [2024-09-01T23:31:07.568+0000] {dagbag.py:587} INFO - Filling up the DagBag from /opt/airflow/dags/5.1-orchestration.py
[2024-09-01T23:31:07.597+0000] {processor.py:925} INFO - DAG(s) '5.1-orchestration' retrieved from /opt/airflow/dags/5.1-orchestration.py
[2024-09-01T23:31:07.656+0000] {logging_mixin.py:190} INFO - [2024-09-01T23:31:07.656+0000] {dag.py:3211} INFO - Sync 1 DAGs
[2024-09-01T23:31:07.700+0000] {logging_mixin.py:190} INFO - [2024-09-01T23:31:07.700+0000] {dag.py:4138} INFO - Setting next_dagrun for 5.1-orchestration to None, run_after=None
[2024-09-01T23:31:07.737+0000] {processor.py:208} INFO - Processing /opt/airflow/dags/5.1-orchestration.py took 0.187 seconds
[2024-09-01T23:31:38.256+0000] {processor.py:186} INFO - Started process (PID=482) to work on /opt/airflow/dags/5.1-orchestration.py
[2024-09-01T23:31:38.261+0000] {processor.py:914} INFO - Processing file /opt/airflow/dags/5.1-orchestration.py for tasks to queue
[2024-09-01T23:31:38.266+0000] {logging_mixin.py:190} INFO - [2024-09-01T23:31:38.265+0000] {dagbag.py:587} INFO - Filling up the DagBag from /opt/airflow/dags/5.1-orchestration.py
[2024-09-01T23:31:38.298+0000] {processor.py:925} INFO - DAG(s) '5.1-orchestration' retrieved from /opt/airflow/dags/5.1-orchestration.py
[2024-09-01T23:31:38.367+0000] {logging_mixin.py:190} INFO - [2024-09-01T23:31:38.367+0000] {dag.py:3211} INFO - Sync 1 DAGs
[2024-09-01T23:31:38.430+0000] {logging_mixin.py:190} INFO - [2024-09-01T23:31:38.430+0000] {dag.py:4138} INFO - Setting next_dagrun for 5.1-orchestration to None, run_after=None
[2024-09-01T23:31:38.481+0000] {processor.py:208} INFO - Processing /opt/airflow/dags/5.1-orchestration.py took 0.250 seconds
[2024-09-01T23:32:08.597+0000] {processor.py:186} INFO - Started process (PID=493) to work on /opt/airflow/dags/5.1-orchestration.py
[2024-09-01T23:32:08.598+0000] {processor.py:914} INFO - Processing file /opt/airflow/dags/5.1-orchestration.py for tasks to queue
[2024-09-01T23:32:08.603+0000] {logging_mixin.py:190} INFO - [2024-09-01T23:32:08.602+0000] {dagbag.py:587} INFO - Filling up the DagBag from /opt/airflow/dags/5.1-orchestration.py
[2024-09-01T23:32:08.623+0000] {processor.py:925} INFO - DAG(s) '5.1-orchestration' retrieved from /opt/airflow/dags/5.1-orchestration.py
[2024-09-01T23:32:08.669+0000] {logging_mixin.py:190} INFO - [2024-09-01T23:32:08.669+0000] {dag.py:3211} INFO - Sync 1 DAGs
[2024-09-01T23:32:08.714+0000] {logging_mixin.py:190} INFO - [2024-09-01T23:32:08.714+0000] {dag.py:4138} INFO - Setting next_dagrun for 5.1-orchestration to None, run_after=None
[2024-09-01T23:32:08.740+0000] {processor.py:208} INFO - Processing /opt/airflow/dags/5.1-orchestration.py took 0.154 seconds
[2024-09-01T23:32:38.866+0000] {processor.py:186} INFO - Started process (PID=505) to work on /opt/airflow/dags/5.1-orchestration.py
[2024-09-01T23:32:38.870+0000] {processor.py:914} INFO - Processing file /opt/airflow/dags/5.1-orchestration.py for tasks to queue
[2024-09-01T23:32:38.876+0000] {logging_mixin.py:190} INFO - [2024-09-01T23:32:38.875+0000] {dagbag.py:587} INFO - Filling up the DagBag from /opt/airflow/dags/5.1-orchestration.py
[2024-09-01T23:32:38.913+0000] {processor.py:925} INFO - DAG(s) '5.1-orchestration' retrieved from /opt/airflow/dags/5.1-orchestration.py
[2024-09-01T23:32:39.032+0000] {logging_mixin.py:190} INFO - [2024-09-01T23:32:39.032+0000] {dag.py:3211} INFO - Sync 1 DAGs
[2024-09-01T23:32:39.131+0000] {logging_mixin.py:190} INFO - [2024-09-01T23:32:39.131+0000] {dag.py:4138} INFO - Setting next_dagrun for 5.1-orchestration to None, run_after=None
[2024-09-01T23:32:39.241+0000] {processor.py:208} INFO - Processing /opt/airflow/dags/5.1-orchestration.py took 0.421 seconds
[2024-09-01T23:33:09.337+0000] {processor.py:186} INFO - Started process (PID=517) to work on /opt/airflow/dags/5.1-orchestration.py
[2024-09-01T23:33:09.339+0000] {processor.py:914} INFO - Processing file /opt/airflow/dags/5.1-orchestration.py for tasks to queue
[2024-09-01T23:33:09.349+0000] {logging_mixin.py:190} INFO - [2024-09-01T23:33:09.348+0000] {dagbag.py:587} INFO - Filling up the DagBag from /opt/airflow/dags/5.1-orchestration.py
[2024-09-01T23:33:09.376+0000] {processor.py:925} INFO - DAG(s) '5.1-orchestration' retrieved from /opt/airflow/dags/5.1-orchestration.py
[2024-09-01T23:33:09.437+0000] {logging_mixin.py:190} INFO - [2024-09-01T23:33:09.436+0000] {dag.py:3211} INFO - Sync 1 DAGs
[2024-09-01T23:33:09.513+0000] {logging_mixin.py:190} INFO - [2024-09-01T23:33:09.513+0000] {dag.py:4138} INFO - Setting next_dagrun for 5.1-orchestration to None, run_after=None
[2024-09-01T23:33:09.553+0000] {processor.py:208} INFO - Processing /opt/airflow/dags/5.1-orchestration.py took 0.235 seconds
[2024-09-01T23:33:40.353+0000] {processor.py:186} INFO - Started process (PID=529) to work on /opt/airflow/dags/5.1-orchestration.py
[2024-09-01T23:33:40.372+0000] {processor.py:914} INFO - Processing file /opt/airflow/dags/5.1-orchestration.py for tasks to queue
[2024-09-01T23:33:40.377+0000] {logging_mixin.py:190} INFO - [2024-09-01T23:33:40.376+0000] {dagbag.py:587} INFO - Filling up the DagBag from /opt/airflow/dags/5.1-orchestration.py
[2024-09-01T23:33:40.439+0000] {processor.py:925} INFO - DAG(s) '5.1-orchestration' retrieved from /opt/airflow/dags/5.1-orchestration.py
[2024-09-01T23:33:40.515+0000] {logging_mixin.py:190} INFO - [2024-09-01T23:33:40.514+0000] {dag.py:3211} INFO - Sync 1 DAGs
[2024-09-01T23:33:40.604+0000] {logging_mixin.py:190} INFO - [2024-09-01T23:33:40.604+0000] {dag.py:4138} INFO - Setting next_dagrun for 5.1-orchestration to None, run_after=None
[2024-09-01T23:33:40.655+0000] {processor.py:208} INFO - Processing /opt/airflow/dags/5.1-orchestration.py took 0.313 seconds
[2024-09-01T23:34:10.910+0000] {processor.py:186} INFO - Started process (PID=540) to work on /opt/airflow/dags/5.1-orchestration.py
[2024-09-01T23:34:10.930+0000] {processor.py:914} INFO - Processing file /opt/airflow/dags/5.1-orchestration.py for tasks to queue
[2024-09-01T23:34:10.938+0000] {logging_mixin.py:190} INFO - [2024-09-01T23:34:10.937+0000] {dagbag.py:587} INFO - Filling up the DagBag from /opt/airflow/dags/5.1-orchestration.py
[2024-09-01T23:34:10.992+0000] {processor.py:925} INFO - DAG(s) '5.1-orchestration' retrieved from /opt/airflow/dags/5.1-orchestration.py
[2024-09-01T23:34:11.072+0000] {logging_mixin.py:190} INFO - [2024-09-01T23:34:11.072+0000] {dag.py:3211} INFO - Sync 1 DAGs
[2024-09-01T23:34:11.159+0000] {logging_mixin.py:190} INFO - [2024-09-01T23:34:11.159+0000] {dag.py:4138} INFO - Setting next_dagrun for 5.1-orchestration to None, run_after=None
[2024-09-01T23:34:11.265+0000] {processor.py:208} INFO - Processing /opt/airflow/dags/5.1-orchestration.py took 0.389 seconds
[2024-09-01T23:34:41.682+0000] {processor.py:186} INFO - Started process (PID=552) to work on /opt/airflow/dags/5.1-orchestration.py
[2024-09-01T23:34:41.696+0000] {processor.py:914} INFO - Processing file /opt/airflow/dags/5.1-orchestration.py for tasks to queue
[2024-09-01T23:34:41.702+0000] {logging_mixin.py:190} INFO - [2024-09-01T23:34:41.701+0000] {dagbag.py:587} INFO - Filling up the DagBag from /opt/airflow/dags/5.1-orchestration.py
[2024-09-01T23:34:41.733+0000] {processor.py:925} INFO - DAG(s) '5.1-orchestration' retrieved from /opt/airflow/dags/5.1-orchestration.py
[2024-09-01T23:34:41.801+0000] {logging_mixin.py:190} INFO - [2024-09-01T23:34:41.801+0000] {dag.py:3211} INFO - Sync 1 DAGs
[2024-09-01T23:34:41.955+0000] {logging_mixin.py:190} INFO - [2024-09-01T23:34:41.954+0000] {dag.py:4138} INFO - Setting next_dagrun for 5.1-orchestration to None, run_after=None
[2024-09-01T23:34:42.101+0000] {processor.py:208} INFO - Processing /opt/airflow/dags/5.1-orchestration.py took 0.438 seconds
[2024-09-01T23:35:12.179+0000] {processor.py:186} INFO - Started process (PID=564) to work on /opt/airflow/dags/5.1-orchestration.py
[2024-09-01T23:35:12.197+0000] {processor.py:914} INFO - Processing file /opt/airflow/dags/5.1-orchestration.py for tasks to queue
[2024-09-01T23:35:12.203+0000] {logging_mixin.py:190} INFO - [2024-09-01T23:35:12.202+0000] {dagbag.py:587} INFO - Filling up the DagBag from /opt/airflow/dags/5.1-orchestration.py
[2024-09-01T23:35:12.228+0000] {processor.py:925} INFO - DAG(s) '5.1-orchestration' retrieved from /opt/airflow/dags/5.1-orchestration.py
[2024-09-01T23:35:12.278+0000] {logging_mixin.py:190} INFO - [2024-09-01T23:35:12.277+0000] {dag.py:3211} INFO - Sync 1 DAGs
[2024-09-01T23:35:12.332+0000] {logging_mixin.py:190} INFO - [2024-09-01T23:35:12.332+0000] {dag.py:4138} INFO - Setting next_dagrun for 5.1-orchestration to None, run_after=None
[2024-09-01T23:35:12.366+0000] {processor.py:208} INFO - Processing /opt/airflow/dags/5.1-orchestration.py took 0.200 seconds
[2024-09-01T23:35:42.440+0000] {processor.py:186} INFO - Started process (PID=576) to work on /opt/airflow/dags/5.1-orchestration.py
[2024-09-01T23:35:42.489+0000] {processor.py:914} INFO - Processing file /opt/airflow/dags/5.1-orchestration.py for tasks to queue
[2024-09-01T23:35:42.494+0000] {logging_mixin.py:190} INFO - [2024-09-01T23:35:42.493+0000] {dagbag.py:587} INFO - Filling up the DagBag from /opt/airflow/dags/5.1-orchestration.py
[2024-09-01T23:35:42.526+0000] {processor.py:925} INFO - DAG(s) '5.1-orchestration' retrieved from /opt/airflow/dags/5.1-orchestration.py
[2024-09-01T23:35:42.599+0000] {logging_mixin.py:190} INFO - [2024-09-01T23:35:42.599+0000] {dag.py:3211} INFO - Sync 1 DAGs
[2024-09-01T23:35:42.668+0000] {logging_mixin.py:190} INFO - [2024-09-01T23:35:42.667+0000] {dag.py:4138} INFO - Setting next_dagrun for 5.1-orchestration to None, run_after=None
[2024-09-01T23:35:42.714+0000] {processor.py:208} INFO - Processing /opt/airflow/dags/5.1-orchestration.py took 0.290 seconds
[2024-09-01T23:36:12.931+0000] {processor.py:186} INFO - Started process (PID=588) to work on /opt/airflow/dags/5.1-orchestration.py
[2024-09-01T23:36:13.047+0000] {processor.py:914} INFO - Processing file /opt/airflow/dags/5.1-orchestration.py for tasks to queue
[2024-09-01T23:36:13.052+0000] {logging_mixin.py:190} INFO - [2024-09-01T23:36:13.051+0000] {dagbag.py:587} INFO - Filling up the DagBag from /opt/airflow/dags/5.1-orchestration.py
[2024-09-01T23:36:13.081+0000] {processor.py:925} INFO - DAG(s) '5.1-orchestration' retrieved from /opt/airflow/dags/5.1-orchestration.py
[2024-09-01T23:36:13.145+0000] {logging_mixin.py:190} INFO - [2024-09-01T23:36:13.145+0000] {dag.py:3211} INFO - Sync 1 DAGs
[2024-09-01T23:36:13.203+0000] {logging_mixin.py:190} INFO - [2024-09-01T23:36:13.203+0000] {dag.py:4138} INFO - Setting next_dagrun for 5.1-orchestration to None, run_after=None
[2024-09-01T23:36:13.236+0000] {processor.py:208} INFO - Processing /opt/airflow/dags/5.1-orchestration.py took 0.319 seconds
[2024-09-01T23:36:43.374+0000] {processor.py:186} INFO - Started process (PID=600) to work on /opt/airflow/dags/5.1-orchestration.py
[2024-09-01T23:36:43.397+0000] {processor.py:914} INFO - Processing file /opt/airflow/dags/5.1-orchestration.py for tasks to queue
[2024-09-01T23:36:43.401+0000] {logging_mixin.py:190} INFO - [2024-09-01T23:36:43.400+0000] {dagbag.py:587} INFO - Filling up the DagBag from /opt/airflow/dags/5.1-orchestration.py
[2024-09-01T23:36:43.419+0000] {processor.py:925} INFO - DAG(s) '5.1-orchestration' retrieved from /opt/airflow/dags/5.1-orchestration.py
[2024-09-01T23:36:43.466+0000] {logging_mixin.py:190} INFO - [2024-09-01T23:36:43.465+0000] {dag.py:3211} INFO - Sync 1 DAGs
[2024-09-01T23:36:43.512+0000] {logging_mixin.py:190} INFO - [2024-09-01T23:36:43.512+0000] {dag.py:4138} INFO - Setting next_dagrun for 5.1-orchestration to None, run_after=None
[2024-09-01T23:36:43.541+0000] {processor.py:208} INFO - Processing /opt/airflow/dags/5.1-orchestration.py took 0.178 seconds
[2024-09-01T23:37:13.848+0000] {processor.py:186} INFO - Started process (PID=613) to work on /opt/airflow/dags/5.1-orchestration.py
[2024-09-01T23:37:13.881+0000] {processor.py:914} INFO - Processing file /opt/airflow/dags/5.1-orchestration.py for tasks to queue
[2024-09-01T23:37:13.898+0000] {logging_mixin.py:190} INFO - [2024-09-01T23:37:13.897+0000] {dagbag.py:587} INFO - Filling up the DagBag from /opt/airflow/dags/5.1-orchestration.py
[2024-09-01T23:37:13.974+0000] {processor.py:925} INFO - DAG(s) '5.1-orchestration' retrieved from /opt/airflow/dags/5.1-orchestration.py
[2024-09-01T23:37:14.080+0000] {logging_mixin.py:190} INFO - [2024-09-01T23:37:14.079+0000] {dag.py:3211} INFO - Sync 1 DAGs
[2024-09-01T23:37:14.152+0000] {logging_mixin.py:190} INFO - [2024-09-01T23:37:14.152+0000] {dag.py:4138} INFO - Setting next_dagrun for 5.1-orchestration to None, run_after=None
[2024-09-01T23:37:14.213+0000] {processor.py:208} INFO - Processing /opt/airflow/dags/5.1-orchestration.py took 0.401 seconds
[2024-09-01T23:37:44.306+0000] {processor.py:186} INFO - Started process (PID=625) to work on /opt/airflow/dags/5.1-orchestration.py
[2024-09-01T23:37:44.324+0000] {processor.py:914} INFO - Processing file /opt/airflow/dags/5.1-orchestration.py for tasks to queue
[2024-09-01T23:37:44.328+0000] {logging_mixin.py:190} INFO - [2024-09-01T23:37:44.328+0000] {dagbag.py:587} INFO - Filling up the DagBag from /opt/airflow/dags/5.1-orchestration.py
[2024-09-01T23:37:44.353+0000] {processor.py:925} INFO - DAG(s) '5.1-orchestration' retrieved from /opt/airflow/dags/5.1-orchestration.py
[2024-09-01T23:37:44.410+0000] {logging_mixin.py:190} INFO - [2024-09-01T23:37:44.409+0000] {dag.py:3211} INFO - Sync 1 DAGs
[2024-09-01T23:37:44.469+0000] {logging_mixin.py:190} INFO - [2024-09-01T23:37:44.469+0000] {dag.py:4138} INFO - Setting next_dagrun for 5.1-orchestration to None, run_after=None
[2024-09-01T23:37:44.505+0000] {processor.py:208} INFO - Processing /opt/airflow/dags/5.1-orchestration.py took 0.209 seconds
[2024-09-01T23:38:15.326+0000] {processor.py:186} INFO - Started process (PID=637) to work on /opt/airflow/dags/5.1-orchestration.py
[2024-09-01T23:38:15.337+0000] {processor.py:914} INFO - Processing file /opt/airflow/dags/5.1-orchestration.py for tasks to queue
[2024-09-01T23:38:15.342+0000] {logging_mixin.py:190} INFO - [2024-09-01T23:38:15.341+0000] {dagbag.py:587} INFO - Filling up the DagBag from /opt/airflow/dags/5.1-orchestration.py
[2024-09-01T23:38:15.360+0000] {processor.py:925} INFO - DAG(s) '5.1-orchestration' retrieved from /opt/airflow/dags/5.1-orchestration.py
[2024-09-01T23:38:15.402+0000] {logging_mixin.py:190} INFO - [2024-09-01T23:38:15.401+0000] {dag.py:3211} INFO - Sync 1 DAGs
[2024-09-01T23:38:15.449+0000] {logging_mixin.py:190} INFO - [2024-09-01T23:38:15.448+0000] {dag.py:4138} INFO - Setting next_dagrun for 5.1-orchestration to None, run_after=None
[2024-09-01T23:38:15.482+0000] {processor.py:208} INFO - Processing /opt/airflow/dags/5.1-orchestration.py took 0.165 seconds
[2024-09-01T23:38:46.257+0000] {processor.py:186} INFO - Started process (PID=649) to work on /opt/airflow/dags/5.1-orchestration.py
[2024-09-01T23:38:46.259+0000] {processor.py:914} INFO - Processing file /opt/airflow/dags/5.1-orchestration.py for tasks to queue
[2024-09-01T23:38:46.265+0000] {logging_mixin.py:190} INFO - [2024-09-01T23:38:46.264+0000] {dagbag.py:587} INFO - Filling up the DagBag from /opt/airflow/dags/5.1-orchestration.py
[2024-09-01T23:38:46.293+0000] {processor.py:925} INFO - DAG(s) '5.1-orchestration' retrieved from /opt/airflow/dags/5.1-orchestration.py
[2024-09-01T23:38:46.350+0000] {logging_mixin.py:190} INFO - [2024-09-01T23:38:46.349+0000] {dag.py:3211} INFO - Sync 1 DAGs
[2024-09-01T23:38:46.406+0000] {logging_mixin.py:190} INFO - [2024-09-01T23:38:46.406+0000] {dag.py:4138} INFO - Setting next_dagrun for 5.1-orchestration to None, run_after=None
[2024-09-01T23:38:46.441+0000] {processor.py:208} INFO - Processing /opt/airflow/dags/5.1-orchestration.py took 0.198 seconds
[2024-09-01T23:39:17.042+0000] {processor.py:186} INFO - Started process (PID=661) to work on /opt/airflow/dags/5.1-orchestration.py
[2024-09-01T23:39:17.044+0000] {processor.py:914} INFO - Processing file /opt/airflow/dags/5.1-orchestration.py for tasks to queue
[2024-09-01T23:39:17.049+0000] {logging_mixin.py:190} INFO - [2024-09-01T23:39:17.049+0000] {dagbag.py:587} INFO - Filling up the DagBag from /opt/airflow/dags/5.1-orchestration.py
[2024-09-01T23:39:17.085+0000] {processor.py:925} INFO - DAG(s) '5.1-orchestration' retrieved from /opt/airflow/dags/5.1-orchestration.py
[2024-09-01T23:39:17.145+0000] {logging_mixin.py:190} INFO - [2024-09-01T23:39:17.144+0000] {dag.py:3211} INFO - Sync 1 DAGs
[2024-09-01T23:39:17.210+0000] {logging_mixin.py:190} INFO - [2024-09-01T23:39:17.210+0000] {dag.py:4138} INFO - Setting next_dagrun for 5.1-orchestration to None, run_after=None
[2024-09-01T23:39:17.256+0000] {processor.py:208} INFO - Processing /opt/airflow/dags/5.1-orchestration.py took 0.228 seconds
[2024-09-01T23:39:47.964+0000] {processor.py:186} INFO - Started process (PID=673) to work on /opt/airflow/dags/5.1-orchestration.py
[2024-09-01T23:39:47.965+0000] {processor.py:914} INFO - Processing file /opt/airflow/dags/5.1-orchestration.py for tasks to queue
[2024-09-01T23:39:47.970+0000] {logging_mixin.py:190} INFO - [2024-09-01T23:39:47.969+0000] {dagbag.py:587} INFO - Filling up the DagBag from /opt/airflow/dags/5.1-orchestration.py
[2024-09-01T23:39:47.994+0000] {processor.py:925} INFO - DAG(s) '5.1-orchestration' retrieved from /opt/airflow/dags/5.1-orchestration.py
[2024-09-01T23:39:48.038+0000] {logging_mixin.py:190} INFO - [2024-09-01T23:39:48.038+0000] {dag.py:3211} INFO - Sync 1 DAGs
[2024-09-01T23:39:48.085+0000] {logging_mixin.py:190} INFO - [2024-09-01T23:39:48.084+0000] {dag.py:4138} INFO - Setting next_dagrun for 5.1-orchestration to None, run_after=None
[2024-09-01T23:39:48.112+0000] {processor.py:208} INFO - Processing /opt/airflow/dags/5.1-orchestration.py took 0.158 seconds
[2024-09-01T23:40:18.650+0000] {processor.py:186} INFO - Started process (PID=686) to work on /opt/airflow/dags/5.1-orchestration.py
[2024-09-01T23:40:18.652+0000] {processor.py:914} INFO - Processing file /opt/airflow/dags/5.1-orchestration.py for tasks to queue
[2024-09-01T23:40:18.657+0000] {logging_mixin.py:190} INFO - [2024-09-01T23:40:18.656+0000] {dagbag.py:587} INFO - Filling up the DagBag from /opt/airflow/dags/5.1-orchestration.py
[2024-09-01T23:40:18.701+0000] {processor.py:925} INFO - DAG(s) '5.1-orchestration' retrieved from /opt/airflow/dags/5.1-orchestration.py
[2024-09-01T23:40:18.775+0000] {logging_mixin.py:190} INFO - [2024-09-01T23:40:18.774+0000] {dag.py:3211} INFO - Sync 1 DAGs
[2024-09-01T23:40:18.849+0000] {logging_mixin.py:190} INFO - [2024-09-01T23:40:18.849+0000] {dag.py:4138} INFO - Setting next_dagrun for 5.1-orchestration to None, run_after=None
[2024-09-01T23:40:18.906+0000] {processor.py:208} INFO - Processing /opt/airflow/dags/5.1-orchestration.py took 0.267 seconds
[2024-09-01T23:40:49.522+0000] {processor.py:186} INFO - Started process (PID=698) to work on /opt/airflow/dags/5.1-orchestration.py
[2024-09-01T23:40:49.524+0000] {processor.py:914} INFO - Processing file /opt/airflow/dags/5.1-orchestration.py for tasks to queue
[2024-09-01T23:40:49.529+0000] {logging_mixin.py:190} INFO - [2024-09-01T23:40:49.528+0000] {dagbag.py:587} INFO - Filling up the DagBag from /opt/airflow/dags/5.1-orchestration.py
[2024-09-01T23:40:49.558+0000] {processor.py:925} INFO - DAG(s) '5.1-orchestration' retrieved from /opt/airflow/dags/5.1-orchestration.py
[2024-09-01T23:40:49.626+0000] {logging_mixin.py:190} INFO - [2024-09-01T23:40:49.625+0000] {dag.py:3211} INFO - Sync 1 DAGs
[2024-09-01T23:40:49.685+0000] {logging_mixin.py:190} INFO - [2024-09-01T23:40:49.685+0000] {dag.py:4138} INFO - Setting next_dagrun for 5.1-orchestration to None, run_after=None
[2024-09-01T23:40:49.721+0000] {processor.py:208} INFO - Processing /opt/airflow/dags/5.1-orchestration.py took 0.212 seconds
[2024-09-01T23:41:20.369+0000] {processor.py:186} INFO - Started process (PID=709) to work on /opt/airflow/dags/5.1-orchestration.py
[2024-09-01T23:41:20.371+0000] {processor.py:914} INFO - Processing file /opt/airflow/dags/5.1-orchestration.py for tasks to queue
[2024-09-01T23:41:20.376+0000] {logging_mixin.py:190} INFO - [2024-09-01T23:41:20.375+0000] {dagbag.py:587} INFO - Filling up the DagBag from /opt/airflow/dags/5.1-orchestration.py
[2024-09-01T23:41:20.398+0000] {processor.py:925} INFO - DAG(s) '5.1-orchestration' retrieved from /opt/airflow/dags/5.1-orchestration.py
[2024-09-01T23:41:20.456+0000] {logging_mixin.py:190} INFO - [2024-09-01T23:41:20.455+0000] {dag.py:3211} INFO - Sync 1 DAGs
[2024-09-01T23:41:20.507+0000] {logging_mixin.py:190} INFO - [2024-09-01T23:41:20.507+0000] {dag.py:4138} INFO - Setting next_dagrun for 5.1-orchestration to None, run_after=None
[2024-09-01T23:41:20.545+0000] {processor.py:208} INFO - Processing /opt/airflow/dags/5.1-orchestration.py took 0.185 seconds
[2024-09-01T23:41:51.303+0000] {processor.py:186} INFO - Started process (PID=721) to work on /opt/airflow/dags/5.1-orchestration.py
[2024-09-01T23:41:51.305+0000] {processor.py:914} INFO - Processing file /opt/airflow/dags/5.1-orchestration.py for tasks to queue
[2024-09-01T23:41:51.309+0000] {logging_mixin.py:190} INFO - [2024-09-01T23:41:51.308+0000] {dagbag.py:587} INFO - Filling up the DagBag from /opt/airflow/dags/5.1-orchestration.py
[2024-09-01T23:41:51.330+0000] {processor.py:925} INFO - DAG(s) '5.1-orchestration' retrieved from /opt/airflow/dags/5.1-orchestration.py
[2024-09-01T23:41:51.378+0000] {logging_mixin.py:190} INFO - [2024-09-01T23:41:51.378+0000] {dag.py:3211} INFO - Sync 1 DAGs
[2024-09-01T23:41:51.420+0000] {logging_mixin.py:190} INFO - [2024-09-01T23:41:51.419+0000] {dag.py:4138} INFO - Setting next_dagrun for 5.1-orchestration to None, run_after=None
[2024-09-01T23:41:51.448+0000] {processor.py:208} INFO - Processing /opt/airflow/dags/5.1-orchestration.py took 0.159 seconds
[2024-09-01T23:42:22.002+0000] {processor.py:186} INFO - Started process (PID=733) to work on /opt/airflow/dags/5.1-orchestration.py
[2024-09-01T23:42:22.003+0000] {processor.py:914} INFO - Processing file /opt/airflow/dags/5.1-orchestration.py for tasks to queue
[2024-09-01T23:42:22.007+0000] {logging_mixin.py:190} INFO - [2024-09-01T23:42:22.007+0000] {dagbag.py:587} INFO - Filling up the DagBag from /opt/airflow/dags/5.1-orchestration.py
[2024-09-01T23:42:22.028+0000] {processor.py:925} INFO - DAG(s) '5.1-orchestration' retrieved from /opt/airflow/dags/5.1-orchestration.py
[2024-09-01T23:42:22.078+0000] {logging_mixin.py:190} INFO - [2024-09-01T23:42:22.077+0000] {dag.py:3211} INFO - Sync 1 DAGs
[2024-09-01T23:42:22.124+0000] {logging_mixin.py:190} INFO - [2024-09-01T23:42:22.124+0000] {dag.py:4138} INFO - Setting next_dagrun for 5.1-orchestration to None, run_after=None
[2024-09-01T23:42:22.158+0000] {processor.py:208} INFO - Processing /opt/airflow/dags/5.1-orchestration.py took 0.168 seconds
[2024-09-01T23:42:52.728+0000] {processor.py:186} INFO - Started process (PID=745) to work on /opt/airflow/dags/5.1-orchestration.py
[2024-09-01T23:42:52.729+0000] {processor.py:914} INFO - Processing file /opt/airflow/dags/5.1-orchestration.py for tasks to queue
[2024-09-01T23:42:52.733+0000] {logging_mixin.py:190} INFO - [2024-09-01T23:42:52.733+0000] {dagbag.py:587} INFO - Filling up the DagBag from /opt/airflow/dags/5.1-orchestration.py
[2024-09-01T23:42:52.757+0000] {processor.py:925} INFO - DAG(s) '5.1-orchestration' retrieved from /opt/airflow/dags/5.1-orchestration.py
[2024-09-01T23:42:52.811+0000] {logging_mixin.py:190} INFO - [2024-09-01T23:42:52.811+0000] {dag.py:3211} INFO - Sync 1 DAGs
[2024-09-01T23:42:52.865+0000] {logging_mixin.py:190} INFO - [2024-09-01T23:42:52.865+0000] {dag.py:4138} INFO - Setting next_dagrun for 5.1-orchestration to None, run_after=None
[2024-09-01T23:42:52.901+0000] {processor.py:208} INFO - Processing /opt/airflow/dags/5.1-orchestration.py took 0.187 seconds
[2024-09-01T23:43:23.575+0000] {processor.py:186} INFO - Started process (PID=757) to work on /opt/airflow/dags/5.1-orchestration.py
[2024-09-01T23:43:23.577+0000] {processor.py:914} INFO - Processing file /opt/airflow/dags/5.1-orchestration.py for tasks to queue
[2024-09-01T23:43:23.582+0000] {logging_mixin.py:190} INFO - [2024-09-01T23:43:23.581+0000] {dagbag.py:587} INFO - Filling up the DagBag from /opt/airflow/dags/5.1-orchestration.py
[2024-09-01T23:43:23.609+0000] {processor.py:925} INFO - DAG(s) '5.1-orchestration' retrieved from /opt/airflow/dags/5.1-orchestration.py
[2024-09-01T23:43:23.679+0000] {logging_mixin.py:190} INFO - [2024-09-01T23:43:23.678+0000] {dag.py:3211} INFO - Sync 1 DAGs
[2024-09-01T23:43:23.745+0000] {logging_mixin.py:190} INFO - [2024-09-01T23:43:23.745+0000] {dag.py:4138} INFO - Setting next_dagrun for 5.1-orchestration to None, run_after=None
[2024-09-01T23:43:23.790+0000] {processor.py:208} INFO - Processing /opt/airflow/dags/5.1-orchestration.py took 0.229 seconds
[2024-09-01T23:43:54.455+0000] {processor.py:186} INFO - Started process (PID=768) to work on /opt/airflow/dags/5.1-orchestration.py
[2024-09-01T23:43:54.456+0000] {processor.py:914} INFO - Processing file /opt/airflow/dags/5.1-orchestration.py for tasks to queue
[2024-09-01T23:43:54.460+0000] {logging_mixin.py:190} INFO - [2024-09-01T23:43:54.459+0000] {dagbag.py:587} INFO - Filling up the DagBag from /opt/airflow/dags/5.1-orchestration.py
[2024-09-01T23:43:54.478+0000] {processor.py:925} INFO - DAG(s) '5.1-orchestration' retrieved from /opt/airflow/dags/5.1-orchestration.py
[2024-09-01T23:43:54.519+0000] {logging_mixin.py:190} INFO - [2024-09-01T23:43:54.519+0000] {dag.py:3211} INFO - Sync 1 DAGs
[2024-09-01T23:43:54.563+0000] {logging_mixin.py:190} INFO - [2024-09-01T23:43:54.563+0000] {dag.py:4138} INFO - Setting next_dagrun for 5.1-orchestration to None, run_after=None
[2024-09-01T23:43:54.593+0000] {processor.py:208} INFO - Processing /opt/airflow/dags/5.1-orchestration.py took 0.148 seconds
[2024-09-01T23:44:25.305+0000] {processor.py:186} INFO - Started process (PID=780) to work on /opt/airflow/dags/5.1-orchestration.py
[2024-09-01T23:44:25.309+0000] {processor.py:914} INFO - Processing file /opt/airflow/dags/5.1-orchestration.py for tasks to queue
[2024-09-01T23:44:25.314+0000] {logging_mixin.py:190} INFO - [2024-09-01T23:44:25.313+0000] {dagbag.py:587} INFO - Filling up the DagBag from /opt/airflow/dags/5.1-orchestration.py
[2024-09-01T23:44:25.340+0000] {processor.py:925} INFO - DAG(s) '5.1-orchestration' retrieved from /opt/airflow/dags/5.1-orchestration.py
[2024-09-01T23:44:25.393+0000] {logging_mixin.py:190} INFO - [2024-09-01T23:44:25.392+0000] {dag.py:3211} INFO - Sync 1 DAGs
[2024-09-01T23:44:25.444+0000] {logging_mixin.py:190} INFO - [2024-09-01T23:44:25.443+0000] {dag.py:4138} INFO - Setting next_dagrun for 5.1-orchestration to None, run_after=None
[2024-09-01T23:44:25.477+0000] {processor.py:208} INFO - Processing /opt/airflow/dags/5.1-orchestration.py took 0.186 seconds
[2024-09-01T23:44:56.055+0000] {processor.py:186} INFO - Started process (PID=791) to work on /opt/airflow/dags/5.1-orchestration.py
[2024-09-01T23:44:56.057+0000] {processor.py:914} INFO - Processing file /opt/airflow/dags/5.1-orchestration.py for tasks to queue
[2024-09-01T23:44:56.062+0000] {logging_mixin.py:190} INFO - [2024-09-01T23:44:56.062+0000] {dagbag.py:587} INFO - Filling up the DagBag from /opt/airflow/dags/5.1-orchestration.py
[2024-09-01T23:44:56.090+0000] {processor.py:925} INFO - DAG(s) '5.1-orchestration' retrieved from /opt/airflow/dags/5.1-orchestration.py
[2024-09-01T23:44:56.153+0000] {logging_mixin.py:190} INFO - [2024-09-01T23:44:56.153+0000] {dag.py:3211} INFO - Sync 1 DAGs
[2024-09-01T23:44:56.217+0000] {logging_mixin.py:190} INFO - [2024-09-01T23:44:56.217+0000] {dag.py:4138} INFO - Setting next_dagrun for 5.1-orchestration to None, run_after=None
[2024-09-01T23:44:56.255+0000] {processor.py:208} INFO - Processing /opt/airflow/dags/5.1-orchestration.py took 0.214 seconds
[2024-09-01T23:45:27.055+0000] {processor.py:186} INFO - Started process (PID=803) to work on /opt/airflow/dags/5.1-orchestration.py
[2024-09-01T23:45:27.057+0000] {processor.py:914} INFO - Processing file /opt/airflow/dags/5.1-orchestration.py for tasks to queue
[2024-09-01T23:45:27.061+0000] {logging_mixin.py:190} INFO - [2024-09-01T23:45:27.061+0000] {dagbag.py:587} INFO - Filling up the DagBag from /opt/airflow/dags/5.1-orchestration.py
[2024-09-01T23:45:27.086+0000] {processor.py:925} INFO - DAG(s) '5.1-orchestration' retrieved from /opt/airflow/dags/5.1-orchestration.py
[2024-09-01T23:45:27.138+0000] {logging_mixin.py:190} INFO - [2024-09-01T23:45:27.137+0000] {dag.py:3211} INFO - Sync 1 DAGs
[2024-09-01T23:45:27.197+0000] {logging_mixin.py:190} INFO - [2024-09-01T23:45:27.196+0000] {dag.py:4138} INFO - Setting next_dagrun for 5.1-orchestration to None, run_after=None
[2024-09-01T23:45:27.231+0000] {processor.py:208} INFO - Processing /opt/airflow/dags/5.1-orchestration.py took 0.189 seconds
[2024-09-01T23:45:57.838+0000] {processor.py:186} INFO - Started process (PID=814) to work on /opt/airflow/dags/5.1-orchestration.py
[2024-09-01T23:45:57.840+0000] {processor.py:914} INFO - Processing file /opt/airflow/dags/5.1-orchestration.py for tasks to queue
[2024-09-01T23:45:57.845+0000] {logging_mixin.py:190} INFO - [2024-09-01T23:45:57.844+0000] {dagbag.py:587} INFO - Filling up the DagBag from /opt/airflow/dags/5.1-orchestration.py
[2024-09-01T23:45:57.866+0000] {processor.py:925} INFO - DAG(s) '5.1-orchestration' retrieved from /opt/airflow/dags/5.1-orchestration.py
[2024-09-01T23:45:57.922+0000] {logging_mixin.py:190} INFO - [2024-09-01T23:45:57.922+0000] {dag.py:3211} INFO - Sync 1 DAGs
[2024-09-01T23:45:57.983+0000] {logging_mixin.py:190} INFO - [2024-09-01T23:45:57.983+0000] {dag.py:4138} INFO - Setting next_dagrun for 5.1-orchestration to None, run_after=None
[2024-09-01T23:45:58.012+0000] {processor.py:208} INFO - Processing /opt/airflow/dags/5.1-orchestration.py took 0.184 seconds
[2024-09-01T23:46:28.504+0000] {processor.py:186} INFO - Started process (PID=825) to work on /opt/airflow/dags/5.1-orchestration.py
[2024-09-01T23:46:28.506+0000] {processor.py:914} INFO - Processing file /opt/airflow/dags/5.1-orchestration.py for tasks to queue
[2024-09-01T23:46:28.510+0000] {logging_mixin.py:190} INFO - [2024-09-01T23:46:28.510+0000] {dagbag.py:587} INFO - Filling up the DagBag from /opt/airflow/dags/5.1-orchestration.py
[2024-09-01T23:46:28.534+0000] {processor.py:925} INFO - DAG(s) '5.1-orchestration' retrieved from /opt/airflow/dags/5.1-orchestration.py
[2024-09-01T23:46:28.584+0000] {logging_mixin.py:190} INFO - [2024-09-01T23:46:28.583+0000] {dag.py:3211} INFO - Sync 1 DAGs
[2024-09-01T23:46:28.636+0000] {logging_mixin.py:190} INFO - [2024-09-01T23:46:28.636+0000] {dag.py:4138} INFO - Setting next_dagrun for 5.1-orchestration to None, run_after=None
[2024-09-01T23:46:28.665+0000] {processor.py:208} INFO - Processing /opt/airflow/dags/5.1-orchestration.py took 0.175 seconds
[2024-09-01T23:46:59.297+0000] {processor.py:186} INFO - Started process (PID=836) to work on /opt/airflow/dags/5.1-orchestration.py
[2024-09-01T23:46:59.298+0000] {processor.py:914} INFO - Processing file /opt/airflow/dags/5.1-orchestration.py for tasks to queue
[2024-09-01T23:46:59.304+0000] {logging_mixin.py:190} INFO - [2024-09-01T23:46:59.303+0000] {dagbag.py:587} INFO - Filling up the DagBag from /opt/airflow/dags/5.1-orchestration.py
[2024-09-01T23:46:59.330+0000] {processor.py:925} INFO - DAG(s) '5.1-orchestration' retrieved from /opt/airflow/dags/5.1-orchestration.py
[2024-09-01T23:46:59.384+0000] {logging_mixin.py:190} INFO - [2024-09-01T23:46:59.383+0000] {dag.py:3211} INFO - Sync 1 DAGs
[2024-09-01T23:46:59.439+0000] {logging_mixin.py:190} INFO - [2024-09-01T23:46:59.439+0000] {dag.py:4138} INFO - Setting next_dagrun for 5.1-orchestration to None, run_after=None
[2024-09-01T23:46:59.477+0000] {processor.py:208} INFO - Processing /opt/airflow/dags/5.1-orchestration.py took 0.193 seconds
[2024-09-01T23:47:30.065+0000] {processor.py:186} INFO - Started process (PID=848) to work on /opt/airflow/dags/5.1-orchestration.py
[2024-09-01T23:47:30.070+0000] {processor.py:914} INFO - Processing file /opt/airflow/dags/5.1-orchestration.py for tasks to queue
[2024-09-01T23:47:30.076+0000] {logging_mixin.py:190} INFO - [2024-09-01T23:47:30.075+0000] {dagbag.py:587} INFO - Filling up the DagBag from /opt/airflow/dags/5.1-orchestration.py
[2024-09-01T23:47:30.108+0000] {processor.py:925} INFO - DAG(s) '5.1-orchestration' retrieved from /opt/airflow/dags/5.1-orchestration.py
[2024-09-01T23:47:30.167+0000] {logging_mixin.py:190} INFO - [2024-09-01T23:47:30.166+0000] {dag.py:3211} INFO - Sync 1 DAGs
[2024-09-01T23:47:30.228+0000] {logging_mixin.py:190} INFO - [2024-09-01T23:47:30.227+0000] {dag.py:4138} INFO - Setting next_dagrun for 5.1-orchestration to None, run_after=None
[2024-09-01T23:47:30.271+0000] {processor.py:208} INFO - Processing /opt/airflow/dags/5.1-orchestration.py took 0.220 seconds
[2024-09-01T23:48:00.470+0000] {processor.py:186} INFO - Started process (PID=860) to work on /opt/airflow/dags/5.1-orchestration.py
[2024-09-01T23:48:00.471+0000] {processor.py:914} INFO - Processing file /opt/airflow/dags/5.1-orchestration.py for tasks to queue
[2024-09-01T23:48:00.474+0000] {logging_mixin.py:190} INFO - [2024-09-01T23:48:00.474+0000] {dagbag.py:587} INFO - Filling up the DagBag from /opt/airflow/dags/5.1-orchestration.py
[2024-09-01T23:48:00.493+0000] {processor.py:925} INFO - DAG(s) '5.1-orchestration' retrieved from /opt/airflow/dags/5.1-orchestration.py
[2024-09-01T23:48:00.532+0000] {logging_mixin.py:190} INFO - [2024-09-01T23:48:00.532+0000] {dag.py:3211} INFO - Sync 1 DAGs
[2024-09-01T23:48:00.586+0000] {logging_mixin.py:190} INFO - [2024-09-01T23:48:00.586+0000] {dag.py:4138} INFO - Setting next_dagrun for 5.1-orchestration to None, run_after=None
[2024-09-01T23:48:00.615+0000] {processor.py:208} INFO - Processing /opt/airflow/dags/5.1-orchestration.py took 0.158 seconds
[2024-09-01T23:48:30.662+0000] {processor.py:186} INFO - Started process (PID=872) to work on /opt/airflow/dags/5.1-orchestration.py
[2024-09-01T23:48:30.665+0000] {processor.py:914} INFO - Processing file /opt/airflow/dags/5.1-orchestration.py for tasks to queue
[2024-09-01T23:48:30.670+0000] {logging_mixin.py:190} INFO - [2024-09-01T23:48:30.669+0000] {dagbag.py:587} INFO - Filling up the DagBag from /opt/airflow/dags/5.1-orchestration.py
[2024-09-01T23:48:30.702+0000] {processor.py:925} INFO - DAG(s) '5.1-orchestration' retrieved from /opt/airflow/dags/5.1-orchestration.py
[2024-09-01T23:48:30.764+0000] {logging_mixin.py:190} INFO - [2024-09-01T23:48:30.764+0000] {dag.py:3211} INFO - Sync 1 DAGs
[2024-09-01T23:48:30.828+0000] {logging_mixin.py:190} INFO - [2024-09-01T23:48:30.828+0000] {dag.py:4138} INFO - Setting next_dagrun for 5.1-orchestration to None, run_after=None
[2024-09-01T23:48:30.872+0000] {processor.py:208} INFO - Processing /opt/airflow/dags/5.1-orchestration.py took 0.223 seconds
[2024-09-01T23:49:00.942+0000] {processor.py:186} INFO - Started process (PID=884) to work on /opt/airflow/dags/5.1-orchestration.py
[2024-09-01T23:49:00.943+0000] {processor.py:914} INFO - Processing file /opt/airflow/dags/5.1-orchestration.py for tasks to queue
[2024-09-01T23:49:00.946+0000] {logging_mixin.py:190} INFO - [2024-09-01T23:49:00.946+0000] {dagbag.py:587} INFO - Filling up the DagBag from /opt/airflow/dags/5.1-orchestration.py
[2024-09-01T23:49:00.965+0000] {processor.py:925} INFO - DAG(s) '5.1-orchestration' retrieved from /opt/airflow/dags/5.1-orchestration.py
[2024-09-01T23:49:01.011+0000] {logging_mixin.py:190} INFO - [2024-09-01T23:49:01.011+0000] {dag.py:3211} INFO - Sync 1 DAGs
[2024-09-01T23:49:01.055+0000] {logging_mixin.py:190} INFO - [2024-09-01T23:49:01.055+0000] {dag.py:4138} INFO - Setting next_dagrun for 5.1-orchestration to None, run_after=None
[2024-09-01T23:49:01.088+0000] {processor.py:208} INFO - Processing /opt/airflow/dags/5.1-orchestration.py took 0.159 seconds
[2024-09-01T23:49:31.878+0000] {processor.py:186} INFO - Started process (PID=903) to work on /opt/airflow/dags/5.1-orchestration.py
[2024-09-01T23:49:31.921+0000] {processor.py:914} INFO - Processing file /opt/airflow/dags/5.1-orchestration.py for tasks to queue
[2024-09-01T23:49:31.926+0000] {logging_mixin.py:190} INFO - [2024-09-01T23:49:31.926+0000] {dagbag.py:587} INFO - Filling up the DagBag from /opt/airflow/dags/5.1-orchestration.py
[2024-09-01T23:49:31.948+0000] {processor.py:925} INFO - DAG(s) '5.1-orchestration' retrieved from /opt/airflow/dags/5.1-orchestration.py
[2024-09-01T23:49:32.000+0000] {logging_mixin.py:190} INFO - [2024-09-01T23:49:32.000+0000] {dag.py:3211} INFO - Sync 1 DAGs
[2024-09-01T23:49:32.059+0000] {logging_mixin.py:190} INFO - [2024-09-01T23:49:32.058+0000] {dag.py:4138} INFO - Setting next_dagrun for 5.1-orchestration to None, run_after=None
[2024-09-01T23:49:32.092+0000] {processor.py:208} INFO - Processing /opt/airflow/dags/5.1-orchestration.py took 0.228 seconds
[2024-09-01T23:50:02.698+0000] {processor.py:186} INFO - Started process (PID=915) to work on /opt/airflow/dags/5.1-orchestration.py
[2024-09-01T23:50:02.700+0000] {processor.py:914} INFO - Processing file /opt/airflow/dags/5.1-orchestration.py for tasks to queue
[2024-09-01T23:50:02.704+0000] {logging_mixin.py:190} INFO - [2024-09-01T23:50:02.704+0000] {dagbag.py:587} INFO - Filling up the DagBag from /opt/airflow/dags/5.1-orchestration.py
[2024-09-01T23:50:02.731+0000] {processor.py:925} INFO - DAG(s) '5.1-orchestration' retrieved from /opt/airflow/dags/5.1-orchestration.py
[2024-09-01T23:50:02.786+0000] {logging_mixin.py:190} INFO - [2024-09-01T23:50:02.785+0000] {dag.py:3211} INFO - Sync 1 DAGs
[2024-09-01T23:50:02.844+0000] {logging_mixin.py:190} INFO - [2024-09-01T23:50:02.843+0000] {dag.py:4138} INFO - Setting next_dagrun for 5.1-orchestration to None, run_after=None
[2024-09-01T23:50:02.882+0000] {processor.py:208} INFO - Processing /opt/airflow/dags/5.1-orchestration.py took 0.198 seconds
[2024-09-01T23:50:33.329+0000] {processor.py:186} INFO - Started process (PID=928) to work on /opt/airflow/dags/5.1-orchestration.py
[2024-09-01T23:50:33.346+0000] {processor.py:914} INFO - Processing file /opt/airflow/dags/5.1-orchestration.py for tasks to queue
[2024-09-01T23:50:33.351+0000] {logging_mixin.py:190} INFO - [2024-09-01T23:50:33.350+0000] {dagbag.py:587} INFO - Filling up the DagBag from /opt/airflow/dags/5.1-orchestration.py
[2024-09-01T23:50:33.375+0000] {processor.py:925} INFO - DAG(s) '5.1-orchestration' retrieved from /opt/airflow/dags/5.1-orchestration.py
[2024-09-01T23:50:33.428+0000] {logging_mixin.py:190} INFO - [2024-09-01T23:50:33.428+0000] {dag.py:3211} INFO - Sync 1 DAGs
[2024-09-01T23:50:33.492+0000] {logging_mixin.py:190} INFO - [2024-09-01T23:50:33.491+0000] {dag.py:4138} INFO - Setting next_dagrun for 5.1-orchestration to None, run_after=None
[2024-09-01T23:50:33.522+0000] {processor.py:208} INFO - Processing /opt/airflow/dags/5.1-orchestration.py took 0.206 seconds
[2024-09-01T23:51:04.176+0000] {processor.py:186} INFO - Started process (PID=940) to work on /opt/airflow/dags/5.1-orchestration.py
[2024-09-01T23:51:04.186+0000] {processor.py:914} INFO - Processing file /opt/airflow/dags/5.1-orchestration.py for tasks to queue
[2024-09-01T23:51:04.192+0000] {logging_mixin.py:190} INFO - [2024-09-01T23:51:04.191+0000] {dagbag.py:587} INFO - Filling up the DagBag from /opt/airflow/dags/5.1-orchestration.py
[2024-09-01T23:51:04.224+0000] {processor.py:925} INFO - DAG(s) '5.1-orchestration' retrieved from /opt/airflow/dags/5.1-orchestration.py
[2024-09-01T23:51:04.284+0000] {logging_mixin.py:190} INFO - [2024-09-01T23:51:04.283+0000] {dag.py:3211} INFO - Sync 1 DAGs
[2024-09-01T23:51:04.345+0000] {logging_mixin.py:190} INFO - [2024-09-01T23:51:04.345+0000] {dag.py:4138} INFO - Setting next_dagrun for 5.1-orchestration to None, run_after=None
[2024-09-01T23:51:04.386+0000] {processor.py:208} INFO - Processing /opt/airflow/dags/5.1-orchestration.py took 0.224 seconds
[2024-09-01T23:51:35.081+0000] {processor.py:186} INFO - Started process (PID=952) to work on /opt/airflow/dags/5.1-orchestration.py
[2024-09-01T23:51:35.098+0000] {processor.py:914} INFO - Processing file /opt/airflow/dags/5.1-orchestration.py for tasks to queue
[2024-09-01T23:51:35.104+0000] {logging_mixin.py:190} INFO - [2024-09-01T23:51:35.103+0000] {dagbag.py:587} INFO - Filling up the DagBag from /opt/airflow/dags/5.1-orchestration.py
[2024-09-01T23:51:35.131+0000] {processor.py:925} INFO - DAG(s) '5.1-orchestration' retrieved from /opt/airflow/dags/5.1-orchestration.py
[2024-09-01T23:51:35.202+0000] {logging_mixin.py:190} INFO - [2024-09-01T23:51:35.202+0000] {dag.py:3211} INFO - Sync 1 DAGs
[2024-09-01T23:51:35.267+0000] {logging_mixin.py:190} INFO - [2024-09-01T23:51:35.266+0000] {dag.py:4138} INFO - Setting next_dagrun for 5.1-orchestration to None, run_after=None
[2024-09-01T23:51:35.326+0000] {processor.py:208} INFO - Processing /opt/airflow/dags/5.1-orchestration.py took 0.258 seconds
[2024-09-01T23:52:06.128+0000] {processor.py:186} INFO - Started process (PID=964) to work on /opt/airflow/dags/5.1-orchestration.py
[2024-09-01T23:52:06.130+0000] {processor.py:914} INFO - Processing file /opt/airflow/dags/5.1-orchestration.py for tasks to queue
[2024-09-01T23:52:06.138+0000] {logging_mixin.py:190} INFO - [2024-09-01T23:52:06.137+0000] {dagbag.py:587} INFO - Filling up the DagBag from /opt/airflow/dags/5.1-orchestration.py
[2024-09-01T23:52:06.165+0000] {processor.py:925} INFO - DAG(s) '5.1-orchestration' retrieved from /opt/airflow/dags/5.1-orchestration.py
[2024-09-01T23:52:06.254+0000] {logging_mixin.py:190} INFO - [2024-09-01T23:52:06.254+0000] {dag.py:3211} INFO - Sync 1 DAGs
[2024-09-01T23:52:06.340+0000] {logging_mixin.py:190} INFO - [2024-09-01T23:52:06.340+0000] {dag.py:4138} INFO - Setting next_dagrun for 5.1-orchestration to None, run_after=None
[2024-09-01T23:52:06.386+0000] {processor.py:208} INFO - Processing /opt/airflow/dags/5.1-orchestration.py took 0.274 seconds
[2024-09-01T23:52:36.461+0000] {processor.py:186} INFO - Started process (PID=976) to work on /opt/airflow/dags/5.1-orchestration.py
[2024-09-01T23:52:36.463+0000] {processor.py:914} INFO - Processing file /opt/airflow/dags/5.1-orchestration.py for tasks to queue
[2024-09-01T23:52:36.467+0000] {logging_mixin.py:190} INFO - [2024-09-01T23:52:36.466+0000] {dagbag.py:587} INFO - Filling up the DagBag from /opt/airflow/dags/5.1-orchestration.py
[2024-09-01T23:52:36.492+0000] {processor.py:925} INFO - DAG(s) '5.1-orchestration' retrieved from /opt/airflow/dags/5.1-orchestration.py
[2024-09-01T23:52:36.545+0000] {logging_mixin.py:190} INFO - [2024-09-01T23:52:36.545+0000] {dag.py:3211} INFO - Sync 1 DAGs
[2024-09-01T23:52:36.606+0000] {logging_mixin.py:190} INFO - [2024-09-01T23:52:36.605+0000] {dag.py:4138} INFO - Setting next_dagrun for 5.1-orchestration to None, run_after=None
[2024-09-01T23:52:36.651+0000] {processor.py:208} INFO - Processing /opt/airflow/dags/5.1-orchestration.py took 0.204 seconds
[2024-09-01T23:53:06.871+0000] {processor.py:186} INFO - Started process (PID=988) to work on /opt/airflow/dags/5.1-orchestration.py
[2024-09-01T23:53:06.893+0000] {processor.py:914} INFO - Processing file /opt/airflow/dags/5.1-orchestration.py for tasks to queue
[2024-09-01T23:53:06.897+0000] {logging_mixin.py:190} INFO - [2024-09-01T23:53:06.897+0000] {dagbag.py:587} INFO - Filling up the DagBag from /opt/airflow/dags/5.1-orchestration.py
[2024-09-01T23:53:06.922+0000] {processor.py:925} INFO - DAG(s) '5.1-orchestration' retrieved from /opt/airflow/dags/5.1-orchestration.py
[2024-09-01T23:53:06.973+0000] {logging_mixin.py:190} INFO - [2024-09-01T23:53:06.972+0000] {dag.py:3211} INFO - Sync 1 DAGs
[2024-09-01T23:53:07.034+0000] {logging_mixin.py:190} INFO - [2024-09-01T23:53:07.034+0000] {dag.py:4138} INFO - Setting next_dagrun for 5.1-orchestration to None, run_after=None
[2024-09-01T23:53:07.073+0000] {processor.py:208} INFO - Processing /opt/airflow/dags/5.1-orchestration.py took 0.211 seconds
[2024-09-01T23:53:37.571+0000] {processor.py:186} INFO - Started process (PID=1000) to work on /opt/airflow/dags/5.1-orchestration.py
[2024-09-01T23:53:37.583+0000] {processor.py:914} INFO - Processing file /opt/airflow/dags/5.1-orchestration.py for tasks to queue
[2024-09-01T23:53:37.589+0000] {logging_mixin.py:190} INFO - [2024-09-01T23:53:37.588+0000] {dagbag.py:587} INFO - Filling up the DagBag from /opt/airflow/dags/5.1-orchestration.py
[2024-09-01T23:53:37.615+0000] {processor.py:925} INFO - DAG(s) '5.1-orchestration' retrieved from /opt/airflow/dags/5.1-orchestration.py
[2024-09-01T23:53:37.670+0000] {logging_mixin.py:190} INFO - [2024-09-01T23:53:37.669+0000] {dag.py:3211} INFO - Sync 1 DAGs
[2024-09-01T23:53:37.721+0000] {logging_mixin.py:190} INFO - [2024-09-01T23:53:37.720+0000] {dag.py:4138} INFO - Setting next_dagrun for 5.1-orchestration to None, run_after=None
[2024-09-01T23:53:37.747+0000] {processor.py:208} INFO - Processing /opt/airflow/dags/5.1-orchestration.py took 0.190 seconds
[2024-09-01T23:54:08.398+0000] {processor.py:186} INFO - Started process (PID=1012) to work on /opt/airflow/dags/5.1-orchestration.py
[2024-09-01T23:54:08.418+0000] {processor.py:914} INFO - Processing file /opt/airflow/dags/5.1-orchestration.py for tasks to queue
[2024-09-01T23:54:08.422+0000] {logging_mixin.py:190} INFO - [2024-09-01T23:54:08.421+0000] {dagbag.py:587} INFO - Filling up the DagBag from /opt/airflow/dags/5.1-orchestration.py
[2024-09-01T23:54:08.440+0000] {processor.py:925} INFO - DAG(s) '5.1-orchestration' retrieved from /opt/airflow/dags/5.1-orchestration.py
[2024-09-01T23:54:08.490+0000] {logging_mixin.py:190} INFO - [2024-09-01T23:54:08.489+0000] {dag.py:3211} INFO - Sync 1 DAGs
[2024-09-01T23:54:08.540+0000] {logging_mixin.py:190} INFO - [2024-09-01T23:54:08.540+0000] {dag.py:4138} INFO - Setting next_dagrun for 5.1-orchestration to None, run_after=None
[2024-09-01T23:54:08.573+0000] {processor.py:208} INFO - Processing /opt/airflow/dags/5.1-orchestration.py took 0.188 seconds
[2024-09-01T23:54:39.084+0000] {processor.py:186} INFO - Started process (PID=1023) to work on /opt/airflow/dags/5.1-orchestration.py
[2024-09-01T23:54:39.098+0000] {processor.py:914} INFO - Processing file /opt/airflow/dags/5.1-orchestration.py for tasks to queue
[2024-09-01T23:54:39.101+0000] {logging_mixin.py:190} INFO - [2024-09-01T23:54:39.100+0000] {dagbag.py:587} INFO - Filling up the DagBag from /opt/airflow/dags/5.1-orchestration.py
[2024-09-01T23:54:39.122+0000] {processor.py:925} INFO - DAG(s) '5.1-orchestration' retrieved from /opt/airflow/dags/5.1-orchestration.py
[2024-09-01T23:54:39.178+0000] {logging_mixin.py:190} INFO - [2024-09-01T23:54:39.177+0000] {dag.py:3211} INFO - Sync 1 DAGs
[2024-09-01T23:54:39.239+0000] {logging_mixin.py:190} INFO - [2024-09-01T23:54:39.239+0000] {dag.py:4138} INFO - Setting next_dagrun for 5.1-orchestration to None, run_after=None
[2024-09-01T23:54:39.277+0000] {processor.py:208} INFO - Processing /opt/airflow/dags/5.1-orchestration.py took 0.206 seconds
[2024-09-01T23:55:09.809+0000] {processor.py:186} INFO - Started process (PID=1034) to work on /opt/airflow/dags/5.1-orchestration.py
[2024-09-01T23:55:09.817+0000] {processor.py:914} INFO - Processing file /opt/airflow/dags/5.1-orchestration.py for tasks to queue
[2024-09-01T23:55:09.822+0000] {logging_mixin.py:190} INFO - [2024-09-01T23:55:09.821+0000] {dagbag.py:587} INFO - Filling up the DagBag from /opt/airflow/dags/5.1-orchestration.py
[2024-09-01T23:55:09.851+0000] {processor.py:925} INFO - DAG(s) '5.1-orchestration' retrieved from /opt/airflow/dags/5.1-orchestration.py
[2024-09-01T23:55:09.926+0000] {logging_mixin.py:190} INFO - [2024-09-01T23:55:09.925+0000] {dag.py:3211} INFO - Sync 1 DAGs
[2024-09-01T23:55:09.994+0000] {logging_mixin.py:190} INFO - [2024-09-01T23:55:09.994+0000] {dag.py:4138} INFO - Setting next_dagrun for 5.1-orchestration to None, run_after=None
[2024-09-01T23:55:10.032+0000] {processor.py:208} INFO - Processing /opt/airflow/dags/5.1-orchestration.py took 0.238 seconds
[2024-09-01T23:55:40.772+0000] {processor.py:186} INFO - Started process (PID=1046) to work on /opt/airflow/dags/5.1-orchestration.py
[2024-09-01T23:55:40.792+0000] {processor.py:914} INFO - Processing file /opt/airflow/dags/5.1-orchestration.py for tasks to queue
[2024-09-01T23:55:40.798+0000] {logging_mixin.py:190} INFO - [2024-09-01T23:55:40.797+0000] {dagbag.py:587} INFO - Filling up the DagBag from /opt/airflow/dags/5.1-orchestration.py
[2024-09-01T23:55:40.826+0000] {processor.py:925} INFO - DAG(s) '5.1-orchestration' retrieved from /opt/airflow/dags/5.1-orchestration.py
[2024-09-01T23:55:40.901+0000] {logging_mixin.py:190} INFO - [2024-09-01T23:55:40.900+0000] {dag.py:3211} INFO - Sync 1 DAGs
[2024-09-01T23:55:40.973+0000] {logging_mixin.py:190} INFO - [2024-09-01T23:55:40.972+0000] {dag.py:4138} INFO - Setting next_dagrun for 5.1-orchestration to None, run_after=None
[2024-09-01T23:55:41.020+0000] {processor.py:208} INFO - Processing /opt/airflow/dags/5.1-orchestration.py took 0.262 seconds
[2024-09-01T23:56:11.175+0000] {processor.py:186} INFO - Started process (PID=1057) to work on /opt/airflow/dags/5.1-orchestration.py
[2024-09-01T23:56:11.177+0000] {processor.py:914} INFO - Processing file /opt/airflow/dags/5.1-orchestration.py for tasks to queue
[2024-09-01T23:56:11.180+0000] {logging_mixin.py:190} INFO - [2024-09-01T23:56:11.180+0000] {dagbag.py:587} INFO - Filling up the DagBag from /opt/airflow/dags/5.1-orchestration.py
[2024-09-01T23:56:11.206+0000] {processor.py:925} INFO - DAG(s) '5.1-orchestration' retrieved from /opt/airflow/dags/5.1-orchestration.py
[2024-09-01T23:56:11.256+0000] {logging_mixin.py:190} INFO - [2024-09-01T23:56:11.256+0000] {dag.py:3211} INFO - Sync 1 DAGs
[2024-09-01T23:56:11.307+0000] {logging_mixin.py:190} INFO - [2024-09-01T23:56:11.306+0000] {dag.py:4138} INFO - Setting next_dagrun for 5.1-orchestration to None, run_after=None
[2024-09-01T23:56:11.343+0000] {processor.py:208} INFO - Processing /opt/airflow/dags/5.1-orchestration.py took 0.178 seconds
[2024-09-01T23:56:41.490+0000] {processor.py:186} INFO - Started process (PID=1068) to work on /opt/airflow/dags/5.1-orchestration.py
[2024-09-01T23:56:41.492+0000] {processor.py:914} INFO - Processing file /opt/airflow/dags/5.1-orchestration.py for tasks to queue
[2024-09-01T23:56:41.497+0000] {logging_mixin.py:190} INFO - [2024-09-01T23:56:41.496+0000] {dagbag.py:587} INFO - Filling up the DagBag from /opt/airflow/dags/5.1-orchestration.py
[2024-09-01T23:56:41.526+0000] {processor.py:925} INFO - DAG(s) '5.1-orchestration' retrieved from /opt/airflow/dags/5.1-orchestration.py
[2024-09-01T23:56:41.581+0000] {logging_mixin.py:190} INFO - [2024-09-01T23:56:41.581+0000] {dag.py:3211} INFO - Sync 1 DAGs
[2024-09-01T23:56:41.635+0000] {logging_mixin.py:190} INFO - [2024-09-01T23:56:41.634+0000] {dag.py:4138} INFO - Setting next_dagrun for 5.1-orchestration to None, run_after=None
[2024-09-01T23:56:41.674+0000] {processor.py:208} INFO - Processing /opt/airflow/dags/5.1-orchestration.py took 0.200 seconds
[2024-09-01T23:57:11.881+0000] {processor.py:186} INFO - Started process (PID=1079) to work on /opt/airflow/dags/5.1-orchestration.py
[2024-09-01T23:57:11.883+0000] {processor.py:914} INFO - Processing file /opt/airflow/dags/5.1-orchestration.py for tasks to queue
[2024-09-01T23:57:11.887+0000] {logging_mixin.py:190} INFO - [2024-09-01T23:57:11.886+0000] {dagbag.py:587} INFO - Filling up the DagBag from /opt/airflow/dags/5.1-orchestration.py
[2024-09-01T23:57:11.916+0000] {processor.py:925} INFO - DAG(s) '5.1-orchestration' retrieved from /opt/airflow/dags/5.1-orchestration.py
[2024-09-01T23:57:11.992+0000] {logging_mixin.py:190} INFO - [2024-09-01T23:57:11.992+0000] {dag.py:3211} INFO - Sync 1 DAGs
[2024-09-01T23:57:12.050+0000] {logging_mixin.py:190} INFO - [2024-09-01T23:57:12.050+0000] {dag.py:4138} INFO - Setting next_dagrun for 5.1-orchestration to None, run_after=None
[2024-09-01T23:57:12.091+0000] {processor.py:208} INFO - Processing /opt/airflow/dags/5.1-orchestration.py took 0.223 seconds
[2024-09-01T23:57:42.995+0000] {processor.py:186} INFO - Started process (PID=1091) to work on /opt/airflow/dags/5.1-orchestration.py
[2024-09-01T23:57:42.997+0000] {processor.py:914} INFO - Processing file /opt/airflow/dags/5.1-orchestration.py for tasks to queue
[2024-09-01T23:57:43.002+0000] {logging_mixin.py:190} INFO - [2024-09-01T23:57:43.001+0000] {dagbag.py:587} INFO - Filling up the DagBag from /opt/airflow/dags/5.1-orchestration.py
[2024-09-01T23:57:43.030+0000] {processor.py:925} INFO - DAG(s) '5.1-orchestration' retrieved from /opt/airflow/dags/5.1-orchestration.py
[2024-09-01T23:57:43.084+0000] {logging_mixin.py:190} INFO - [2024-09-01T23:57:43.083+0000] {dag.py:3211} INFO - Sync 1 DAGs
[2024-09-01T23:57:43.146+0000] {logging_mixin.py:190} INFO - [2024-09-01T23:57:43.146+0000] {dag.py:4138} INFO - Setting next_dagrun for 5.1-orchestration to None, run_after=None
[2024-09-01T23:57:43.185+0000] {processor.py:208} INFO - Processing /opt/airflow/dags/5.1-orchestration.py took 0.203 seconds
[2024-09-01T23:58:13.258+0000] {processor.py:186} INFO - Started process (PID=1103) to work on /opt/airflow/dags/5.1-orchestration.py
[2024-09-01T23:58:13.259+0000] {processor.py:914} INFO - Processing file /opt/airflow/dags/5.1-orchestration.py for tasks to queue
[2024-09-01T23:58:13.266+0000] {logging_mixin.py:190} INFO - [2024-09-01T23:58:13.265+0000] {dagbag.py:587} INFO - Filling up the DagBag from /opt/airflow/dags/5.1-orchestration.py
[2024-09-01T23:58:13.296+0000] {processor.py:925} INFO - DAG(s) '5.1-orchestration' retrieved from /opt/airflow/dags/5.1-orchestration.py
[2024-09-01T23:58:13.361+0000] {logging_mixin.py:190} INFO - [2024-09-01T23:58:13.360+0000] {dag.py:3211} INFO - Sync 1 DAGs
[2024-09-01T23:58:13.425+0000] {logging_mixin.py:190} INFO - [2024-09-01T23:58:13.425+0000] {dag.py:4138} INFO - Setting next_dagrun for 5.1-orchestration to None, run_after=None
[2024-09-01T23:58:13.472+0000] {processor.py:208} INFO - Processing /opt/airflow/dags/5.1-orchestration.py took 0.228 seconds
[2024-09-01T23:58:44.275+0000] {processor.py:186} INFO - Started process (PID=1115) to work on /opt/airflow/dags/5.1-orchestration.py
[2024-09-01T23:58:44.277+0000] {processor.py:914} INFO - Processing file /opt/airflow/dags/5.1-orchestration.py for tasks to queue
[2024-09-01T23:58:44.282+0000] {logging_mixin.py:190} INFO - [2024-09-01T23:58:44.282+0000] {dagbag.py:587} INFO - Filling up the DagBag from /opt/airflow/dags/5.1-orchestration.py
[2024-09-01T23:58:44.307+0000] {processor.py:925} INFO - DAG(s) '5.1-orchestration' retrieved from /opt/airflow/dags/5.1-orchestration.py
[2024-09-01T23:58:44.347+0000] {logging_mixin.py:190} INFO - [2024-09-01T23:58:44.346+0000] {dag.py:3211} INFO - Sync 1 DAGs
[2024-09-01T23:58:44.391+0000] {logging_mixin.py:190} INFO - [2024-09-01T23:58:44.391+0000] {dag.py:4138} INFO - Setting next_dagrun for 5.1-orchestration to None, run_after=None
[2024-09-01T23:58:44.418+0000] {processor.py:208} INFO - Processing /opt/airflow/dags/5.1-orchestration.py took 0.157 seconds
[2024-09-01T23:59:15.265+0000] {processor.py:186} INFO - Started process (PID=1127) to work on /opt/airflow/dags/5.1-orchestration.py
[2024-09-01T23:59:15.266+0000] {processor.py:914} INFO - Processing file /opt/airflow/dags/5.1-orchestration.py for tasks to queue
[2024-09-01T23:59:15.270+0000] {logging_mixin.py:190} INFO - [2024-09-01T23:59:15.270+0000] {dagbag.py:587} INFO - Filling up the DagBag from /opt/airflow/dags/5.1-orchestration.py
[2024-09-01T23:59:15.292+0000] {processor.py:925} INFO - DAG(s) '5.1-orchestration' retrieved from /opt/airflow/dags/5.1-orchestration.py
[2024-09-01T23:59:15.336+0000] {logging_mixin.py:190} INFO - [2024-09-01T23:59:15.336+0000] {dag.py:3211} INFO - Sync 1 DAGs
[2024-09-01T23:59:15.400+0000] {logging_mixin.py:190} INFO - [2024-09-01T23:59:15.400+0000] {dag.py:4138} INFO - Setting next_dagrun for 5.1-orchestration to None, run_after=None
[2024-09-01T23:59:15.445+0000] {processor.py:208} INFO - Processing /opt/airflow/dags/5.1-orchestration.py took 0.191 seconds
[2024-09-01T23:59:45.997+0000] {processor.py:186} INFO - Started process (PID=1138) to work on /opt/airflow/dags/5.1-orchestration.py
[2024-09-01T23:59:45.998+0000] {processor.py:914} INFO - Processing file /opt/airflow/dags/5.1-orchestration.py for tasks to queue
[2024-09-01T23:59:46.002+0000] {logging_mixin.py:190} INFO - [2024-09-01T23:59:46.002+0000] {dagbag.py:587} INFO - Filling up the DagBag from /opt/airflow/dags/5.1-orchestration.py
[2024-09-01T23:59:46.027+0000] {processor.py:925} INFO - DAG(s) '5.1-orchestration' retrieved from /opt/airflow/dags/5.1-orchestration.py
[2024-09-01T23:59:46.069+0000] {logging_mixin.py:190} INFO - [2024-09-01T23:59:46.069+0000] {dag.py:3211} INFO - Sync 1 DAGs
[2024-09-01T23:59:46.123+0000] {logging_mixin.py:190} INFO - [2024-09-01T23:59:46.122+0000] {dag.py:4138} INFO - Setting next_dagrun for 5.1-orchestration to None, run_after=None
[2024-09-01T23:59:46.153+0000] {processor.py:208} INFO - Processing /opt/airflow/dags/5.1-orchestration.py took 0.167 seconds
