[2024-09-01T23:13:40.665+0000] {processor.py:186} INFO - Started process (PID=61) to work on /opt/airflow/dags/5.2-orchestration.py
[2024-09-01T23:13:40.666+0000] {processor.py:914} INFO - Processing file /opt/airflow/dags/5.2-orchestration.py for tasks to queue
[2024-09-01T23:13:40.670+0000] {logging_mixin.py:190} INFO - [2024-09-01T23:13:40.669+0000] {dagbag.py:587} INFO - Filling up the DagBag from /opt/airflow/dags/5.2-orchestration.py
[2024-09-01T23:13:40.693+0000] {processor.py:925} INFO - DAG(s) '5.2-orchestration' retrieved from /opt/airflow/dags/5.2-orchestration.py
[2024-09-01T23:13:40.758+0000] {logging_mixin.py:190} INFO - [2024-09-01T23:13:40.757+0000] {dag.py:3211} INFO - Sync 1 DAGs
[2024-09-01T23:13:40.822+0000] {logging_mixin.py:190} INFO - [2024-09-01T23:13:40.821+0000] {dag.py:4138} INFO - Setting next_dagrun for 5.2-orchestration to None, run_after=None
[2024-09-01T23:13:40.863+0000] {processor.py:208} INFO - Processing /opt/airflow/dags/5.2-orchestration.py took 0.236 seconds
[2024-09-01T23:14:11.578+0000] {processor.py:186} INFO - Started process (PID=73) to work on /opt/airflow/dags/5.2-orchestration.py
[2024-09-01T23:14:11.624+0000] {processor.py:914} INFO - Processing file /opt/airflow/dags/5.2-orchestration.py for tasks to queue
[2024-09-01T23:14:11.628+0000] {logging_mixin.py:190} INFO - [2024-09-01T23:14:11.627+0000] {dagbag.py:587} INFO - Filling up the DagBag from /opt/airflow/dags/5.2-orchestration.py
[2024-09-01T23:14:11.651+0000] {processor.py:925} INFO - DAG(s) '5.2-orchestration' retrieved from /opt/airflow/dags/5.2-orchestration.py
[2024-09-01T23:14:11.699+0000] {logging_mixin.py:190} INFO - [2024-09-01T23:14:11.698+0000] {dag.py:3211} INFO - Sync 1 DAGs
[2024-09-01T23:14:11.759+0000] {logging_mixin.py:190} INFO - [2024-09-01T23:14:11.759+0000] {dag.py:4138} INFO - Setting next_dagrun for 5.2-orchestration to None, run_after=None
[2024-09-01T23:14:11.792+0000] {processor.py:208} INFO - Processing /opt/airflow/dags/5.2-orchestration.py took 0.225 seconds
[2024-09-01T23:14:42.411+0000] {processor.py:186} INFO - Started process (PID=85) to work on /opt/airflow/dags/5.2-orchestration.py
[2024-09-01T23:14:42.412+0000] {processor.py:914} INFO - Processing file /opt/airflow/dags/5.2-orchestration.py for tasks to queue
[2024-09-01T23:14:42.416+0000] {logging_mixin.py:190} INFO - [2024-09-01T23:14:42.416+0000] {dagbag.py:587} INFO - Filling up the DagBag from /opt/airflow/dags/5.2-orchestration.py
[2024-09-01T23:14:42.442+0000] {processor.py:925} INFO - DAG(s) '5.2-orchestration' retrieved from /opt/airflow/dags/5.2-orchestration.py
[2024-09-01T23:14:42.486+0000] {logging_mixin.py:190} INFO - [2024-09-01T23:14:42.485+0000] {dag.py:3211} INFO - Sync 1 DAGs
[2024-09-01T23:14:42.551+0000] {logging_mixin.py:190} INFO - [2024-09-01T23:14:42.551+0000] {dag.py:4138} INFO - Setting next_dagrun for 5.2-orchestration to None, run_after=None
[2024-09-01T23:14:42.598+0000] {processor.py:208} INFO - Processing /opt/airflow/dags/5.2-orchestration.py took 0.200 seconds
[2024-09-01T23:15:13.265+0000] {processor.py:186} INFO - Started process (PID=97) to work on /opt/airflow/dags/5.2-orchestration.py
[2024-09-01T23:15:13.266+0000] {processor.py:914} INFO - Processing file /opt/airflow/dags/5.2-orchestration.py for tasks to queue
[2024-09-01T23:15:13.269+0000] {logging_mixin.py:190} INFO - [2024-09-01T23:15:13.268+0000] {dagbag.py:587} INFO - Filling up the DagBag from /opt/airflow/dags/5.2-orchestration.py
[2024-09-01T23:15:13.287+0000] {processor.py:925} INFO - DAG(s) '5.2-orchestration' retrieved from /opt/airflow/dags/5.2-orchestration.py
[2024-09-01T23:15:13.328+0000] {logging_mixin.py:190} INFO - [2024-09-01T23:15:13.328+0000] {dag.py:3211} INFO - Sync 1 DAGs
[2024-09-01T23:15:13.376+0000] {logging_mixin.py:190} INFO - [2024-09-01T23:15:13.375+0000] {dag.py:4138} INFO - Setting next_dagrun for 5.2-orchestration to None, run_after=None
[2024-09-01T23:15:13.405+0000] {processor.py:208} INFO - Processing /opt/airflow/dags/5.2-orchestration.py took 0.149 seconds
[2024-09-01T23:15:43.986+0000] {processor.py:186} INFO - Started process (PID=108) to work on /opt/airflow/dags/5.2-orchestration.py
[2024-09-01T23:15:44.183+0000] {processor.py:914} INFO - Processing file /opt/airflow/dags/5.2-orchestration.py for tasks to queue
[2024-09-01T23:15:44.188+0000] {logging_mixin.py:190} INFO - [2024-09-01T23:15:44.188+0000] {dagbag.py:587} INFO - Filling up the DagBag from /opt/airflow/dags/5.2-orchestration.py
[2024-09-01T23:15:44.213+0000] {processor.py:925} INFO - DAG(s) '5.2-orchestration' retrieved from /opt/airflow/dags/5.2-orchestration.py
[2024-09-01T23:15:44.270+0000] {logging_mixin.py:190} INFO - [2024-09-01T23:15:44.270+0000] {dag.py:3211} INFO - Sync 1 DAGs
[2024-09-01T23:15:44.334+0000] {logging_mixin.py:190} INFO - [2024-09-01T23:15:44.333+0000] {dag.py:4138} INFO - Setting next_dagrun for 5.2-orchestration to None, run_after=None
[2024-09-01T23:15:44.402+0000] {processor.py:208} INFO - Processing /opt/airflow/dags/5.2-orchestration.py took 0.430 seconds
[2024-09-01T23:16:14.638+0000] {processor.py:186} INFO - Started process (PID=121) to work on /opt/airflow/dags/5.2-orchestration.py
[2024-09-01T23:16:14.639+0000] {processor.py:914} INFO - Processing file /opt/airflow/dags/5.2-orchestration.py for tasks to queue
[2024-09-01T23:16:14.642+0000] {logging_mixin.py:190} INFO - [2024-09-01T23:16:14.642+0000] {dagbag.py:587} INFO - Filling up the DagBag from /opt/airflow/dags/5.2-orchestration.py
[2024-09-01T23:16:14.660+0000] {processor.py:925} INFO - DAG(s) '5.2-orchestration' retrieved from /opt/airflow/dags/5.2-orchestration.py
[2024-09-01T23:16:14.705+0000] {logging_mixin.py:190} INFO - [2024-09-01T23:16:14.705+0000] {dag.py:3211} INFO - Sync 1 DAGs
[2024-09-01T23:16:14.962+0000] {logging_mixin.py:190} INFO - [2024-09-01T23:16:14.962+0000] {dag.py:4138} INFO - Setting next_dagrun for 5.2-orchestration to None, run_after=None
[2024-09-01T23:16:14.991+0000] {processor.py:208} INFO - Processing /opt/airflow/dags/5.2-orchestration.py took 0.362 seconds
[2024-09-01T23:16:45.315+0000] {processor.py:186} INFO - Started process (PID=133) to work on /opt/airflow/dags/5.2-orchestration.py
[2024-09-01T23:16:45.354+0000] {processor.py:914} INFO - Processing file /opt/airflow/dags/5.2-orchestration.py for tasks to queue
[2024-09-01T23:16:45.357+0000] {logging_mixin.py:190} INFO - [2024-09-01T23:16:45.357+0000] {dagbag.py:587} INFO - Filling up the DagBag from /opt/airflow/dags/5.2-orchestration.py
[2024-09-01T23:16:45.384+0000] {processor.py:925} INFO - DAG(s) '5.2-orchestration' retrieved from /opt/airflow/dags/5.2-orchestration.py
[2024-09-01T23:16:45.435+0000] {logging_mixin.py:190} INFO - [2024-09-01T23:16:45.434+0000] {dag.py:3211} INFO - Sync 1 DAGs
[2024-09-01T23:16:45.715+0000] {logging_mixin.py:190} INFO - [2024-09-01T23:16:45.714+0000] {dag.py:4138} INFO - Setting next_dagrun for 5.2-orchestration to None, run_after=None
[2024-09-01T23:16:45.760+0000] {processor.py:208} INFO - Processing /opt/airflow/dags/5.2-orchestration.py took 0.458 seconds
[2024-09-01T23:17:16.680+0000] {processor.py:186} INFO - Started process (PID=145) to work on /opt/airflow/dags/5.2-orchestration.py
[2024-09-01T23:17:16.682+0000] {processor.py:914} INFO - Processing file /opt/airflow/dags/5.2-orchestration.py for tasks to queue
[2024-09-01T23:17:16.686+0000] {logging_mixin.py:190} INFO - [2024-09-01T23:17:16.686+0000] {dagbag.py:587} INFO - Filling up the DagBag from /opt/airflow/dags/5.2-orchestration.py
[2024-09-01T23:17:16.710+0000] {processor.py:925} INFO - DAG(s) '5.2-orchestration' retrieved from /opt/airflow/dags/5.2-orchestration.py
[2024-09-01T23:17:16.988+0000] {logging_mixin.py:190} INFO - [2024-09-01T23:17:16.987+0000] {dag.py:3211} INFO - Sync 1 DAGs
[2024-09-01T23:17:17.048+0000] {logging_mixin.py:190} INFO - [2024-09-01T23:17:17.047+0000] {dag.py:4138} INFO - Setting next_dagrun for 5.2-orchestration to None, run_after=None
[2024-09-01T23:17:17.105+0000] {processor.py:208} INFO - Processing /opt/airflow/dags/5.2-orchestration.py took 0.438 seconds
[2024-09-01T23:17:47.532+0000] {processor.py:186} INFO - Started process (PID=157) to work on /opt/airflow/dags/5.2-orchestration.py
[2024-09-01T23:17:47.533+0000] {processor.py:914} INFO - Processing file /opt/airflow/dags/5.2-orchestration.py for tasks to queue
[2024-09-01T23:17:47.536+0000] {logging_mixin.py:190} INFO - [2024-09-01T23:17:47.536+0000] {dagbag.py:587} INFO - Filling up the DagBag from /opt/airflow/dags/5.2-orchestration.py
[2024-09-01T23:17:47.737+0000] {processor.py:925} INFO - DAG(s) '5.2-orchestration' retrieved from /opt/airflow/dags/5.2-orchestration.py
[2024-09-01T23:17:47.775+0000] {logging_mixin.py:190} INFO - [2024-09-01T23:17:47.774+0000] {dag.py:3211} INFO - Sync 1 DAGs
[2024-09-01T23:17:47.818+0000] {logging_mixin.py:190} INFO - [2024-09-01T23:17:47.818+0000] {dag.py:4138} INFO - Setting next_dagrun for 5.2-orchestration to None, run_after=None
[2024-09-01T23:17:47.857+0000] {processor.py:208} INFO - Processing /opt/airflow/dags/5.2-orchestration.py took 0.335 seconds
[2024-09-01T23:18:18.229+0000] {processor.py:186} INFO - Started process (PID=168) to work on /opt/airflow/dags/5.2-orchestration.py
[2024-09-01T23:18:18.266+0000] {processor.py:914} INFO - Processing file /opt/airflow/dags/5.2-orchestration.py for tasks to queue
[2024-09-01T23:18:18.271+0000] {logging_mixin.py:190} INFO - [2024-09-01T23:18:18.270+0000] {dagbag.py:587} INFO - Filling up the DagBag from /opt/airflow/dags/5.2-orchestration.py
[2024-09-01T23:18:18.299+0000] {processor.py:925} INFO - DAG(s) '5.2-orchestration' retrieved from /opt/airflow/dags/5.2-orchestration.py
[2024-09-01T23:18:18.361+0000] {logging_mixin.py:190} INFO - [2024-09-01T23:18:18.361+0000] {dag.py:3211} INFO - Sync 1 DAGs
[2024-09-01T23:18:18.415+0000] {logging_mixin.py:190} INFO - [2024-09-01T23:18:18.415+0000] {dag.py:4138} INFO - Setting next_dagrun for 5.2-orchestration to None, run_after=None
[2024-09-01T23:18:18.448+0000] {processor.py:208} INFO - Processing /opt/airflow/dags/5.2-orchestration.py took 0.232 seconds
[2024-09-01T23:18:49.320+0000] {processor.py:186} INFO - Started process (PID=179) to work on /opt/airflow/dags/5.2-orchestration.py
[2024-09-01T23:18:49.322+0000] {processor.py:914} INFO - Processing file /opt/airflow/dags/5.2-orchestration.py for tasks to queue
[2024-09-01T23:18:49.341+0000] {logging_mixin.py:190} INFO - [2024-09-01T23:18:49.340+0000] {dagbag.py:587} INFO - Filling up the DagBag from /opt/airflow/dags/5.2-orchestration.py
[2024-09-01T23:18:49.427+0000] {processor.py:925} INFO - DAG(s) '5.2-orchestration' retrieved from /opt/airflow/dags/5.2-orchestration.py
[2024-09-01T23:18:49.567+0000] {logging_mixin.py:190} INFO - [2024-09-01T23:18:49.567+0000] {dag.py:3211} INFO - Sync 1 DAGs
[2024-09-01T23:18:49.743+0000] {logging_mixin.py:190} INFO - [2024-09-01T23:18:49.742+0000] {dag.py:4138} INFO - Setting next_dagrun for 5.2-orchestration to None, run_after=None
[2024-09-01T23:18:49.836+0000] {processor.py:208} INFO - Processing /opt/airflow/dags/5.2-orchestration.py took 0.573 seconds
[2024-09-01T23:19:20.468+0000] {processor.py:186} INFO - Started process (PID=191) to work on /opt/airflow/dags/5.2-orchestration.py
[2024-09-01T23:19:20.473+0000] {processor.py:914} INFO - Processing file /opt/airflow/dags/5.2-orchestration.py for tasks to queue
[2024-09-01T23:19:20.480+0000] {logging_mixin.py:190} INFO - [2024-09-01T23:19:20.480+0000] {dagbag.py:587} INFO - Filling up the DagBag from /opt/airflow/dags/5.2-orchestration.py
[2024-09-01T23:19:20.522+0000] {processor.py:925} INFO - DAG(s) '5.2-orchestration' retrieved from /opt/airflow/dags/5.2-orchestration.py
[2024-09-01T23:19:20.578+0000] {logging_mixin.py:190} INFO - [2024-09-01T23:19:20.578+0000] {dag.py:3211} INFO - Sync 1 DAGs
[2024-09-01T23:19:20.632+0000] {logging_mixin.py:190} INFO - [2024-09-01T23:19:20.632+0000] {dag.py:4138} INFO - Setting next_dagrun for 5.2-orchestration to None, run_after=None
[2024-09-01T23:19:20.669+0000] {processor.py:208} INFO - Processing /opt/airflow/dags/5.2-orchestration.py took 0.222 seconds
[2024-09-01T23:19:51.193+0000] {processor.py:186} INFO - Started process (PID=202) to work on /opt/airflow/dags/5.2-orchestration.py
[2024-09-01T23:19:51.195+0000] {processor.py:914} INFO - Processing file /opt/airflow/dags/5.2-orchestration.py for tasks to queue
[2024-09-01T23:19:51.200+0000] {logging_mixin.py:190} INFO - [2024-09-01T23:19:51.199+0000] {dagbag.py:587} INFO - Filling up the DagBag from /opt/airflow/dags/5.2-orchestration.py
[2024-09-01T23:19:51.226+0000] {processor.py:925} INFO - DAG(s) '5.2-orchestration' retrieved from /opt/airflow/dags/5.2-orchestration.py
[2024-09-01T23:19:51.269+0000] {logging_mixin.py:190} INFO - [2024-09-01T23:19:51.269+0000] {dag.py:3211} INFO - Sync 1 DAGs
[2024-09-01T23:19:51.309+0000] {logging_mixin.py:190} INFO - [2024-09-01T23:19:51.309+0000] {dag.py:4138} INFO - Setting next_dagrun for 5.2-orchestration to None, run_after=None
[2024-09-01T23:19:51.344+0000] {processor.py:208} INFO - Processing /opt/airflow/dags/5.2-orchestration.py took 0.166 seconds
[2024-09-01T23:20:21.958+0000] {processor.py:186} INFO - Started process (PID=214) to work on /opt/airflow/dags/5.2-orchestration.py
[2024-09-01T23:20:21.962+0000] {processor.py:914} INFO - Processing file /opt/airflow/dags/5.2-orchestration.py for tasks to queue
[2024-09-01T23:20:21.966+0000] {logging_mixin.py:190} INFO - [2024-09-01T23:20:21.965+0000] {dagbag.py:587} INFO - Filling up the DagBag from /opt/airflow/dags/5.2-orchestration.py
[2024-09-01T23:20:21.998+0000] {processor.py:925} INFO - DAG(s) '5.2-orchestration' retrieved from /opt/airflow/dags/5.2-orchestration.py
[2024-09-01T23:20:22.073+0000] {logging_mixin.py:190} INFO - [2024-09-01T23:20:22.073+0000] {dag.py:3211} INFO - Sync 1 DAGs
[2024-09-01T23:20:22.161+0000] {logging_mixin.py:190} INFO - [2024-09-01T23:20:22.160+0000] {dag.py:4138} INFO - Setting next_dagrun for 5.2-orchestration to None, run_after=None
[2024-09-01T23:20:22.205+0000] {processor.py:208} INFO - Processing /opt/airflow/dags/5.2-orchestration.py took 0.262 seconds
[2024-09-01T23:20:52.882+0000] {processor.py:186} INFO - Started process (PID=226) to work on /opt/airflow/dags/5.2-orchestration.py
[2024-09-01T23:20:52.883+0000] {processor.py:914} INFO - Processing file /opt/airflow/dags/5.2-orchestration.py for tasks to queue
[2024-09-01T23:20:52.889+0000] {logging_mixin.py:190} INFO - [2024-09-01T23:20:52.888+0000] {dagbag.py:587} INFO - Filling up the DagBag from /opt/airflow/dags/5.2-orchestration.py
[2024-09-01T23:20:52.924+0000] {processor.py:925} INFO - DAG(s) '5.2-orchestration' retrieved from /opt/airflow/dags/5.2-orchestration.py
[2024-09-01T23:20:53.080+0000] {logging_mixin.py:190} INFO - [2024-09-01T23:20:53.080+0000] {dag.py:3211} INFO - Sync 1 DAGs
[2024-09-01T23:20:53.155+0000] {logging_mixin.py:190} INFO - [2024-09-01T23:20:53.154+0000] {dag.py:4138} INFO - Setting next_dagrun for 5.2-orchestration to None, run_after=None
[2024-09-01T23:20:53.239+0000] {processor.py:208} INFO - Processing /opt/airflow/dags/5.2-orchestration.py took 0.383 seconds
[2024-09-01T23:21:23.550+0000] {processor.py:186} INFO - Started process (PID=238) to work on /opt/airflow/dags/5.2-orchestration.py
[2024-09-01T23:21:23.553+0000] {processor.py:914} INFO - Processing file /opt/airflow/dags/5.2-orchestration.py for tasks to queue
[2024-09-01T23:21:23.558+0000] {logging_mixin.py:190} INFO - [2024-09-01T23:21:23.557+0000] {dagbag.py:587} INFO - Filling up the DagBag from /opt/airflow/dags/5.2-orchestration.py
[2024-09-01T23:21:23.593+0000] {processor.py:925} INFO - DAG(s) '5.2-orchestration' retrieved from /opt/airflow/dags/5.2-orchestration.py
[2024-09-01T23:21:23.658+0000] {logging_mixin.py:190} INFO - [2024-09-01T23:21:23.657+0000] {dag.py:3211} INFO - Sync 1 DAGs
[2024-09-01T23:21:23.737+0000] {logging_mixin.py:190} INFO - [2024-09-01T23:21:23.736+0000] {dag.py:4138} INFO - Setting next_dagrun for 5.2-orchestration to None, run_after=None
[2024-09-01T23:21:23.788+0000] {processor.py:208} INFO - Processing /opt/airflow/dags/5.2-orchestration.py took 0.263 seconds
[2024-09-01T23:21:53.949+0000] {processor.py:186} INFO - Started process (PID=250) to work on /opt/airflow/dags/5.2-orchestration.py
[2024-09-01T23:21:53.951+0000] {processor.py:914} INFO - Processing file /opt/airflow/dags/5.2-orchestration.py for tasks to queue
[2024-09-01T23:21:53.956+0000] {logging_mixin.py:190} INFO - [2024-09-01T23:21:53.955+0000] {dagbag.py:587} INFO - Filling up the DagBag from /opt/airflow/dags/5.2-orchestration.py
[2024-09-01T23:21:53.984+0000] {processor.py:925} INFO - DAG(s) '5.2-orchestration' retrieved from /opt/airflow/dags/5.2-orchestration.py
[2024-09-01T23:21:54.060+0000] {logging_mixin.py:190} INFO - [2024-09-01T23:21:54.059+0000] {dag.py:3211} INFO - Sync 1 DAGs
[2024-09-01T23:21:54.191+0000] {logging_mixin.py:190} INFO - [2024-09-01T23:21:54.190+0000] {dag.py:4138} INFO - Setting next_dagrun for 5.2-orchestration to None, run_after=None
[2024-09-01T23:21:54.248+0000] {processor.py:208} INFO - Processing /opt/airflow/dags/5.2-orchestration.py took 0.313 seconds
[2024-09-01T23:22:25.165+0000] {processor.py:186} INFO - Started process (PID=267) to work on /opt/airflow/dags/5.2-orchestration.py
[2024-09-01T23:22:25.189+0000] {processor.py:914} INFO - Processing file /opt/airflow/dags/5.2-orchestration.py for tasks to queue
[2024-09-01T23:22:25.193+0000] {logging_mixin.py:190} INFO - [2024-09-01T23:22:25.193+0000] {dagbag.py:587} INFO - Filling up the DagBag from /opt/airflow/dags/5.2-orchestration.py
[2024-09-01T23:22:25.218+0000] {processor.py:925} INFO - DAG(s) '5.2-orchestration' retrieved from /opt/airflow/dags/5.2-orchestration.py
[2024-09-01T23:22:25.279+0000] {logging_mixin.py:190} INFO - [2024-09-01T23:22:25.278+0000] {dag.py:3211} INFO - Sync 1 DAGs
[2024-09-01T23:22:25.332+0000] {logging_mixin.py:190} INFO - [2024-09-01T23:22:25.332+0000] {dag.py:4138} INFO - Setting next_dagrun for 5.2-orchestration to None, run_after=None
[2024-09-01T23:22:25.364+0000] {processor.py:208} INFO - Processing /opt/airflow/dags/5.2-orchestration.py took 0.214 seconds
[2024-09-01T23:22:55.460+0000] {processor.py:186} INFO - Started process (PID=279) to work on /opt/airflow/dags/5.2-orchestration.py
[2024-09-01T23:22:55.461+0000] {processor.py:914} INFO - Processing file /opt/airflow/dags/5.2-orchestration.py for tasks to queue
[2024-09-01T23:22:55.464+0000] {logging_mixin.py:190} INFO - [2024-09-01T23:22:55.464+0000] {dagbag.py:587} INFO - Filling up the DagBag from /opt/airflow/dags/5.2-orchestration.py
[2024-09-01T23:22:55.486+0000] {processor.py:925} INFO - DAG(s) '5.2-orchestration' retrieved from /opt/airflow/dags/5.2-orchestration.py
[2024-09-01T23:22:55.531+0000] {logging_mixin.py:190} INFO - [2024-09-01T23:22:55.530+0000] {dag.py:3211} INFO - Sync 1 DAGs
[2024-09-01T23:22:55.585+0000] {logging_mixin.py:190} INFO - [2024-09-01T23:22:55.584+0000] {dag.py:4138} INFO - Setting next_dagrun for 5.2-orchestration to None, run_after=None
[2024-09-01T23:22:55.615+0000] {processor.py:208} INFO - Processing /opt/airflow/dags/5.2-orchestration.py took 0.168 seconds
[2024-09-01T23:23:26.261+0000] {processor.py:186} INFO - Started process (PID=291) to work on /opt/airflow/dags/5.2-orchestration.py
[2024-09-01T23:23:26.288+0000] {processor.py:914} INFO - Processing file /opt/airflow/dags/5.2-orchestration.py for tasks to queue
[2024-09-01T23:23:26.294+0000] {logging_mixin.py:190} INFO - [2024-09-01T23:23:26.293+0000] {dagbag.py:587} INFO - Filling up the DagBag from /opt/airflow/dags/5.2-orchestration.py
[2024-09-01T23:23:26.312+0000] {processor.py:925} INFO - DAG(s) '5.2-orchestration' retrieved from /opt/airflow/dags/5.2-orchestration.py
[2024-09-01T23:23:26.358+0000] {logging_mixin.py:190} INFO - [2024-09-01T23:23:26.358+0000] {dag.py:3211} INFO - Sync 1 DAGs
[2024-09-01T23:23:26.407+0000] {logging_mixin.py:190} INFO - [2024-09-01T23:23:26.407+0000] {dag.py:4138} INFO - Setting next_dagrun for 5.2-orchestration to None, run_after=None
[2024-09-01T23:23:26.441+0000] {processor.py:208} INFO - Processing /opt/airflow/dags/5.2-orchestration.py took 0.191 seconds
[2024-09-01T23:23:56.968+0000] {processor.py:186} INFO - Started process (PID=303) to work on /opt/airflow/dags/5.2-orchestration.py
[2024-09-01T23:23:56.970+0000] {processor.py:914} INFO - Processing file /opt/airflow/dags/5.2-orchestration.py for tasks to queue
[2024-09-01T23:23:56.975+0000] {logging_mixin.py:190} INFO - [2024-09-01T23:23:56.974+0000] {dagbag.py:587} INFO - Filling up the DagBag from /opt/airflow/dags/5.2-orchestration.py
[2024-09-01T23:23:57.001+0000] {processor.py:925} INFO - DAG(s) '5.2-orchestration' retrieved from /opt/airflow/dags/5.2-orchestration.py
[2024-09-01T23:23:57.047+0000] {logging_mixin.py:190} INFO - [2024-09-01T23:23:57.046+0000] {dag.py:3211} INFO - Sync 1 DAGs
[2024-09-01T23:23:57.092+0000] {logging_mixin.py:190} INFO - [2024-09-01T23:23:57.091+0000] {dag.py:4138} INFO - Setting next_dagrun for 5.2-orchestration to None, run_after=None
[2024-09-01T23:23:57.124+0000] {processor.py:208} INFO - Processing /opt/airflow/dags/5.2-orchestration.py took 0.167 seconds
[2024-09-01T23:24:27.731+0000] {processor.py:186} INFO - Started process (PID=315) to work on /opt/airflow/dags/5.2-orchestration.py
[2024-09-01T23:24:27.750+0000] {processor.py:914} INFO - Processing file /opt/airflow/dags/5.2-orchestration.py for tasks to queue
[2024-09-01T23:24:27.756+0000] {logging_mixin.py:190} INFO - [2024-09-01T23:24:27.755+0000] {dagbag.py:587} INFO - Filling up the DagBag from /opt/airflow/dags/5.2-orchestration.py
[2024-09-01T23:24:27.772+0000] {processor.py:925} INFO - DAG(s) '5.2-orchestration' retrieved from /opt/airflow/dags/5.2-orchestration.py
[2024-09-01T23:24:27.821+0000] {logging_mixin.py:190} INFO - [2024-09-01T23:24:27.820+0000] {dag.py:3211} INFO - Sync 1 DAGs
[2024-09-01T23:24:27.883+0000] {logging_mixin.py:190} INFO - [2024-09-01T23:24:27.882+0000] {dag.py:4138} INFO - Setting next_dagrun for 5.2-orchestration to None, run_after=None
[2024-09-01T23:24:27.911+0000] {processor.py:208} INFO - Processing /opt/airflow/dags/5.2-orchestration.py took 0.194 seconds
[2024-09-01T23:24:58.495+0000] {processor.py:186} INFO - Started process (PID=327) to work on /opt/airflow/dags/5.2-orchestration.py
[2024-09-01T23:24:58.496+0000] {processor.py:914} INFO - Processing file /opt/airflow/dags/5.2-orchestration.py for tasks to queue
[2024-09-01T23:24:58.501+0000] {logging_mixin.py:190} INFO - [2024-09-01T23:24:58.500+0000] {dagbag.py:587} INFO - Filling up the DagBag from /opt/airflow/dags/5.2-orchestration.py
[2024-09-01T23:24:58.519+0000] {processor.py:925} INFO - DAG(s) '5.2-orchestration' retrieved from /opt/airflow/dags/5.2-orchestration.py
[2024-09-01T23:24:58.562+0000] {logging_mixin.py:190} INFO - [2024-09-01T23:24:58.562+0000] {dag.py:3211} INFO - Sync 1 DAGs
[2024-09-01T23:24:58.616+0000] {logging_mixin.py:190} INFO - [2024-09-01T23:24:58.616+0000] {dag.py:4138} INFO - Setting next_dagrun for 5.2-orchestration to None, run_after=None
[2024-09-01T23:24:58.651+0000] {processor.py:208} INFO - Processing /opt/airflow/dags/5.2-orchestration.py took 0.168 seconds
[2024-09-01T23:25:29.346+0000] {processor.py:186} INFO - Started process (PID=339) to work on /opt/airflow/dags/5.2-orchestration.py
[2024-09-01T23:25:29.364+0000] {processor.py:914} INFO - Processing file /opt/airflow/dags/5.2-orchestration.py for tasks to queue
[2024-09-01T23:25:29.370+0000] {logging_mixin.py:190} INFO - [2024-09-01T23:25:29.369+0000] {dagbag.py:587} INFO - Filling up the DagBag from /opt/airflow/dags/5.2-orchestration.py
[2024-09-01T23:25:29.394+0000] {processor.py:925} INFO - DAG(s) '5.2-orchestration' retrieved from /opt/airflow/dags/5.2-orchestration.py
[2024-09-01T23:25:29.498+0000] {logging_mixin.py:190} INFO - [2024-09-01T23:25:29.497+0000] {dag.py:3211} INFO - Sync 1 DAGs
[2024-09-01T23:25:29.554+0000] {logging_mixin.py:190} INFO - [2024-09-01T23:25:29.553+0000] {dag.py:4138} INFO - Setting next_dagrun for 5.2-orchestration to None, run_after=None
[2024-09-01T23:25:29.584+0000] {processor.py:208} INFO - Processing /opt/airflow/dags/5.2-orchestration.py took 0.253 seconds
[2024-09-01T23:26:00.259+0000] {processor.py:186} INFO - Started process (PID=351) to work on /opt/airflow/dags/5.2-orchestration.py
[2024-09-01T23:26:00.476+0000] {processor.py:914} INFO - Processing file /opt/airflow/dags/5.2-orchestration.py for tasks to queue
[2024-09-01T23:26:00.481+0000] {logging_mixin.py:190} INFO - [2024-09-01T23:26:00.480+0000] {dagbag.py:587} INFO - Filling up the DagBag from /opt/airflow/dags/5.2-orchestration.py
[2024-09-01T23:26:00.511+0000] {processor.py:925} INFO - DAG(s) '5.2-orchestration' retrieved from /opt/airflow/dags/5.2-orchestration.py
[2024-09-01T23:26:00.564+0000] {logging_mixin.py:190} INFO - [2024-09-01T23:26:00.563+0000] {dag.py:3211} INFO - Sync 1 DAGs
[2024-09-01T23:26:00.625+0000] {logging_mixin.py:190} INFO - [2024-09-01T23:26:00.625+0000] {dag.py:4138} INFO - Setting next_dagrun for 5.2-orchestration to None, run_after=None
[2024-09-01T23:26:00.664+0000] {processor.py:208} INFO - Processing /opt/airflow/dags/5.2-orchestration.py took 0.420 seconds
[2024-09-01T23:26:30.965+0000] {processor.py:186} INFO - Started process (PID=363) to work on /opt/airflow/dags/5.2-orchestration.py
[2024-09-01T23:26:31.018+0000] {processor.py:914} INFO - Processing file /opt/airflow/dags/5.2-orchestration.py for tasks to queue
[2024-09-01T23:26:31.023+0000] {logging_mixin.py:190} INFO - [2024-09-01T23:26:31.022+0000] {dagbag.py:587} INFO - Filling up the DagBag from /opt/airflow/dags/5.2-orchestration.py
[2024-09-01T23:26:31.039+0000] {processor.py:925} INFO - DAG(s) '5.2-orchestration' retrieved from /opt/airflow/dags/5.2-orchestration.py
[2024-09-01T23:26:31.077+0000] {logging_mixin.py:190} INFO - [2024-09-01T23:26:31.076+0000] {dag.py:3211} INFO - Sync 1 DAGs
[2024-09-01T23:26:31.115+0000] {logging_mixin.py:190} INFO - [2024-09-01T23:26:31.115+0000] {dag.py:4138} INFO - Setting next_dagrun for 5.2-orchestration to None, run_after=None
[2024-09-01T23:26:31.140+0000] {processor.py:208} INFO - Processing /opt/airflow/dags/5.2-orchestration.py took 0.184 seconds
[2024-09-01T23:27:01.202+0000] {processor.py:186} INFO - Started process (PID=375) to work on /opt/airflow/dags/5.2-orchestration.py
[2024-09-01T23:27:01.204+0000] {processor.py:914} INFO - Processing file /opt/airflow/dags/5.2-orchestration.py for tasks to queue
[2024-09-01T23:27:01.208+0000] {logging_mixin.py:190} INFO - [2024-09-01T23:27:01.207+0000] {dagbag.py:587} INFO - Filling up the DagBag from /opt/airflow/dags/5.2-orchestration.py
[2024-09-01T23:27:01.232+0000] {processor.py:925} INFO - DAG(s) '5.2-orchestration' retrieved from /opt/airflow/dags/5.2-orchestration.py
[2024-09-01T23:27:01.279+0000] {logging_mixin.py:190} INFO - [2024-09-01T23:27:01.279+0000] {dag.py:3211} INFO - Sync 1 DAGs
[2024-09-01T23:27:01.320+0000] {logging_mixin.py:190} INFO - [2024-09-01T23:27:01.320+0000] {dag.py:4138} INFO - Setting next_dagrun for 5.2-orchestration to None, run_after=None
[2024-09-01T23:27:01.352+0000] {processor.py:208} INFO - Processing /opt/airflow/dags/5.2-orchestration.py took 0.160 seconds
[2024-09-01T23:27:31.831+0000] {processor.py:186} INFO - Started process (PID=386) to work on /opt/airflow/dags/5.2-orchestration.py
[2024-09-01T23:27:31.846+0000] {processor.py:914} INFO - Processing file /opt/airflow/dags/5.2-orchestration.py for tasks to queue
[2024-09-01T23:27:31.850+0000] {logging_mixin.py:190} INFO - [2024-09-01T23:27:31.850+0000] {dagbag.py:587} INFO - Filling up the DagBag from /opt/airflow/dags/5.2-orchestration.py
[2024-09-01T23:27:31.875+0000] {processor.py:925} INFO - DAG(s) '5.2-orchestration' retrieved from /opt/airflow/dags/5.2-orchestration.py
[2024-09-01T23:27:31.922+0000] {logging_mixin.py:190} INFO - [2024-09-01T23:27:31.922+0000] {dag.py:3211} INFO - Sync 1 DAGs
[2024-09-01T23:27:31.970+0000] {logging_mixin.py:190} INFO - [2024-09-01T23:27:31.970+0000] {dag.py:4138} INFO - Setting next_dagrun for 5.2-orchestration to None, run_after=None
[2024-09-01T23:27:32.000+0000] {processor.py:208} INFO - Processing /opt/airflow/dags/5.2-orchestration.py took 0.186 seconds
[2024-09-01T23:28:02.546+0000] {processor.py:186} INFO - Started process (PID=398) to work on /opt/airflow/dags/5.2-orchestration.py
[2024-09-01T23:28:02.560+0000] {processor.py:914} INFO - Processing file /opt/airflow/dags/5.2-orchestration.py for tasks to queue
[2024-09-01T23:28:02.568+0000] {logging_mixin.py:190} INFO - [2024-09-01T23:28:02.567+0000] {dagbag.py:587} INFO - Filling up the DagBag from /opt/airflow/dags/5.2-orchestration.py
[2024-09-01T23:28:02.613+0000] {processor.py:925} INFO - DAG(s) '5.2-orchestration' retrieved from /opt/airflow/dags/5.2-orchestration.py
[2024-09-01T23:28:02.689+0000] {logging_mixin.py:190} INFO - [2024-09-01T23:28:02.689+0000] {dag.py:3211} INFO - Sync 1 DAGs
[2024-09-01T23:28:02.765+0000] {logging_mixin.py:190} INFO - [2024-09-01T23:28:02.765+0000] {dag.py:4138} INFO - Setting next_dagrun for 5.2-orchestration to None, run_after=None
[2024-09-01T23:28:02.807+0000] {processor.py:208} INFO - Processing /opt/airflow/dags/5.2-orchestration.py took 0.275 seconds
[2024-09-01T23:28:33.328+0000] {processor.py:186} INFO - Started process (PID=409) to work on /opt/airflow/dags/5.2-orchestration.py
[2024-09-01T23:28:33.339+0000] {processor.py:914} INFO - Processing file /opt/airflow/dags/5.2-orchestration.py for tasks to queue
[2024-09-01T23:28:33.349+0000] {logging_mixin.py:190} INFO - [2024-09-01T23:28:33.348+0000] {dagbag.py:587} INFO - Filling up the DagBag from /opt/airflow/dags/5.2-orchestration.py
[2024-09-01T23:28:33.372+0000] {processor.py:925} INFO - DAG(s) '5.2-orchestration' retrieved from /opt/airflow/dags/5.2-orchestration.py
[2024-09-01T23:28:33.420+0000] {logging_mixin.py:190} INFO - [2024-09-01T23:28:33.420+0000] {dag.py:3211} INFO - Sync 1 DAGs
[2024-09-01T23:28:33.464+0000] {logging_mixin.py:190} INFO - [2024-09-01T23:28:33.464+0000] {dag.py:4138} INFO - Setting next_dagrun for 5.2-orchestration to None, run_after=None
[2024-09-01T23:28:33.494+0000] {processor.py:208} INFO - Processing /opt/airflow/dags/5.2-orchestration.py took 0.178 seconds
[2024-09-01T23:29:03.673+0000] {processor.py:186} INFO - Started process (PID=422) to work on /opt/airflow/dags/5.2-orchestration.py
[2024-09-01T23:29:03.683+0000] {processor.py:914} INFO - Processing file /opt/airflow/dags/5.2-orchestration.py for tasks to queue
[2024-09-01T23:29:03.695+0000] {logging_mixin.py:190} INFO - [2024-09-01T23:29:03.695+0000] {dagbag.py:587} INFO - Filling up the DagBag from /opt/airflow/dags/5.2-orchestration.py
[2024-09-01T23:29:03.763+0000] {processor.py:925} INFO - DAG(s) '5.2-orchestration' retrieved from /opt/airflow/dags/5.2-orchestration.py
[2024-09-01T23:29:03.914+0000] {logging_mixin.py:190} INFO - [2024-09-01T23:29:03.914+0000] {dag.py:3211} INFO - Sync 1 DAGs
[2024-09-01T23:29:04.048+0000] {logging_mixin.py:190} INFO - [2024-09-01T23:29:04.048+0000] {dag.py:4138} INFO - Setting next_dagrun for 5.2-orchestration to None, run_after=None
[2024-09-01T23:29:04.101+0000] {processor.py:208} INFO - Processing /opt/airflow/dags/5.2-orchestration.py took 0.462 seconds
[2024-09-01T23:29:34.819+0000] {processor.py:186} INFO - Started process (PID=433) to work on /opt/airflow/dags/5.2-orchestration.py
[2024-09-01T23:29:34.821+0000] {processor.py:914} INFO - Processing file /opt/airflow/dags/5.2-orchestration.py for tasks to queue
[2024-09-01T23:29:34.825+0000] {logging_mixin.py:190} INFO - [2024-09-01T23:29:34.824+0000] {dagbag.py:587} INFO - Filling up the DagBag from /opt/airflow/dags/5.2-orchestration.py
[2024-09-01T23:29:34.843+0000] {processor.py:925} INFO - DAG(s) '5.2-orchestration' retrieved from /opt/airflow/dags/5.2-orchestration.py
[2024-09-01T23:29:34.898+0000] {logging_mixin.py:190} INFO - [2024-09-01T23:29:34.897+0000] {dag.py:3211} INFO - Sync 1 DAGs
[2024-09-01T23:29:34.968+0000] {logging_mixin.py:190} INFO - [2024-09-01T23:29:34.968+0000] {dag.py:4138} INFO - Setting next_dagrun for 5.2-orchestration to None, run_after=None
[2024-09-01T23:29:35.026+0000] {processor.py:208} INFO - Processing /opt/airflow/dags/5.2-orchestration.py took 0.219 seconds
[2024-09-01T23:30:05.799+0000] {processor.py:186} INFO - Started process (PID=445) to work on /opt/airflow/dags/5.2-orchestration.py
[2024-09-01T23:30:05.801+0000] {processor.py:914} INFO - Processing file /opt/airflow/dags/5.2-orchestration.py for tasks to queue
[2024-09-01T23:30:05.805+0000] {logging_mixin.py:190} INFO - [2024-09-01T23:30:05.805+0000] {dagbag.py:587} INFO - Filling up the DagBag from /opt/airflow/dags/5.2-orchestration.py
[2024-09-01T23:30:05.830+0000] {processor.py:925} INFO - DAG(s) '5.2-orchestration' retrieved from /opt/airflow/dags/5.2-orchestration.py
[2024-09-01T23:30:05.873+0000] {logging_mixin.py:190} INFO - [2024-09-01T23:30:05.873+0000] {dag.py:3211} INFO - Sync 1 DAGs
[2024-09-01T23:30:05.934+0000] {logging_mixin.py:190} INFO - [2024-09-01T23:30:05.933+0000] {dag.py:4138} INFO - Setting next_dagrun for 5.2-orchestration to None, run_after=None
[2024-09-01T23:30:06.019+0000] {processor.py:208} INFO - Processing /opt/airflow/dags/5.2-orchestration.py took 0.234 seconds
[2024-09-01T23:30:36.728+0000] {processor.py:186} INFO - Started process (PID=457) to work on /opt/airflow/dags/5.2-orchestration.py
[2024-09-01T23:30:36.733+0000] {processor.py:914} INFO - Processing file /opt/airflow/dags/5.2-orchestration.py for tasks to queue
[2024-09-01T23:30:36.749+0000] {logging_mixin.py:190} INFO - [2024-09-01T23:30:36.748+0000] {dagbag.py:587} INFO - Filling up the DagBag from /opt/airflow/dags/5.2-orchestration.py
[2024-09-01T23:30:36.781+0000] {processor.py:925} INFO - DAG(s) '5.2-orchestration' retrieved from /opt/airflow/dags/5.2-orchestration.py
[2024-09-01T23:30:36.828+0000] {logging_mixin.py:190} INFO - [2024-09-01T23:30:36.827+0000] {dag.py:3211} INFO - Sync 1 DAGs
[2024-09-01T23:30:36.887+0000] {logging_mixin.py:190} INFO - [2024-09-01T23:30:36.886+0000] {dag.py:4138} INFO - Setting next_dagrun for 5.2-orchestration to None, run_after=None
[2024-09-01T23:30:36.920+0000] {processor.py:208} INFO - Processing /opt/airflow/dags/5.2-orchestration.py took 0.224 seconds
[2024-09-01T23:31:07.552+0000] {processor.py:186} INFO - Started process (PID=469) to work on /opt/airflow/dags/5.2-orchestration.py
[2024-09-01T23:31:07.554+0000] {processor.py:914} INFO - Processing file /opt/airflow/dags/5.2-orchestration.py for tasks to queue
[2024-09-01T23:31:07.558+0000] {logging_mixin.py:190} INFO - [2024-09-01T23:31:07.557+0000] {dagbag.py:587} INFO - Filling up the DagBag from /opt/airflow/dags/5.2-orchestration.py
[2024-09-01T23:31:07.576+0000] {processor.py:925} INFO - DAG(s) '5.2-orchestration' retrieved from /opt/airflow/dags/5.2-orchestration.py
[2024-09-01T23:31:07.635+0000] {logging_mixin.py:190} INFO - [2024-09-01T23:31:07.634+0000] {dag.py:3211} INFO - Sync 1 DAGs
[2024-09-01T23:31:07.697+0000] {logging_mixin.py:190} INFO - [2024-09-01T23:31:07.696+0000] {dag.py:4138} INFO - Setting next_dagrun for 5.2-orchestration to None, run_after=None
[2024-09-01T23:31:07.730+0000] {processor.py:208} INFO - Processing /opt/airflow/dags/5.2-orchestration.py took 0.190 seconds
[2024-09-01T23:31:38.251+0000] {processor.py:186} INFO - Started process (PID=481) to work on /opt/airflow/dags/5.2-orchestration.py
[2024-09-01T23:31:38.253+0000] {processor.py:914} INFO - Processing file /opt/airflow/dags/5.2-orchestration.py for tasks to queue
[2024-09-01T23:31:38.257+0000] {logging_mixin.py:190} INFO - [2024-09-01T23:31:38.257+0000] {dagbag.py:587} INFO - Filling up the DagBag from /opt/airflow/dags/5.2-orchestration.py
[2024-09-01T23:31:38.282+0000] {processor.py:925} INFO - DAG(s) '5.2-orchestration' retrieved from /opt/airflow/dags/5.2-orchestration.py
[2024-09-01T23:31:38.442+0000] {logging_mixin.py:190} INFO - [2024-09-01T23:31:38.441+0000] {dag.py:3211} INFO - Sync 1 DAGs
[2024-09-01T23:31:38.529+0000] {logging_mixin.py:190} INFO - [2024-09-01T23:31:38.529+0000] {dag.py:4138} INFO - Setting next_dagrun for 5.2-orchestration to None, run_after=None
[2024-09-01T23:31:38.578+0000] {processor.py:208} INFO - Processing /opt/airflow/dags/5.2-orchestration.py took 0.357 seconds
[2024-09-01T23:32:08.783+0000] {processor.py:186} INFO - Started process (PID=494) to work on /opt/airflow/dags/5.2-orchestration.py
[2024-09-01T23:32:08.785+0000] {processor.py:914} INFO - Processing file /opt/airflow/dags/5.2-orchestration.py for tasks to queue
[2024-09-01T23:32:08.789+0000] {logging_mixin.py:190} INFO - [2024-09-01T23:32:08.788+0000] {dagbag.py:587} INFO - Filling up the DagBag from /opt/airflow/dags/5.2-orchestration.py
[2024-09-01T23:32:08.810+0000] {processor.py:925} INFO - DAG(s) '5.2-orchestration' retrieved from /opt/airflow/dags/5.2-orchestration.py
[2024-09-01T23:32:08.863+0000] {logging_mixin.py:190} INFO - [2024-09-01T23:32:08.863+0000] {dag.py:3211} INFO - Sync 1 DAGs
[2024-09-01T23:32:08.915+0000] {logging_mixin.py:190} INFO - [2024-09-01T23:32:08.915+0000] {dag.py:4138} INFO - Setting next_dagrun for 5.2-orchestration to None, run_after=None
[2024-09-01T23:32:08.948+0000] {processor.py:208} INFO - Processing /opt/airflow/dags/5.2-orchestration.py took 0.178 seconds
[2024-09-01T23:32:39.343+0000] {processor.py:186} INFO - Started process (PID=506) to work on /opt/airflow/dags/5.2-orchestration.py
[2024-09-01T23:32:39.357+0000] {processor.py:914} INFO - Processing file /opt/airflow/dags/5.2-orchestration.py for tasks to queue
[2024-09-01T23:32:39.363+0000] {logging_mixin.py:190} INFO - [2024-09-01T23:32:39.362+0000] {dagbag.py:587} INFO - Filling up the DagBag from /opt/airflow/dags/5.2-orchestration.py
[2024-09-01T23:32:39.394+0000] {processor.py:925} INFO - DAG(s) '5.2-orchestration' retrieved from /opt/airflow/dags/5.2-orchestration.py
[2024-09-01T23:32:39.477+0000] {logging_mixin.py:190} INFO - [2024-09-01T23:32:39.477+0000] {dag.py:3211} INFO - Sync 1 DAGs
[2024-09-01T23:32:39.562+0000] {logging_mixin.py:190} INFO - [2024-09-01T23:32:39.562+0000] {dag.py:4138} INFO - Setting next_dagrun for 5.2-orchestration to None, run_after=None
[2024-09-01T23:32:39.628+0000] {processor.py:208} INFO - Processing /opt/airflow/dags/5.2-orchestration.py took 0.317 seconds
[2024-09-01T23:33:10.353+0000] {processor.py:186} INFO - Started process (PID=518) to work on /opt/airflow/dags/5.2-orchestration.py
[2024-09-01T23:33:10.381+0000] {processor.py:914} INFO - Processing file /opt/airflow/dags/5.2-orchestration.py for tasks to queue
[2024-09-01T23:33:10.386+0000] {logging_mixin.py:190} INFO - [2024-09-01T23:33:10.385+0000] {dagbag.py:587} INFO - Filling up the DagBag from /opt/airflow/dags/5.2-orchestration.py
[2024-09-01T23:33:10.413+0000] {processor.py:925} INFO - DAG(s) '5.2-orchestration' retrieved from /opt/airflow/dags/5.2-orchestration.py
[2024-09-01T23:33:10.473+0000] {logging_mixin.py:190} INFO - [2024-09-01T23:33:10.472+0000] {dag.py:3211} INFO - Sync 1 DAGs
[2024-09-01T23:33:10.574+0000] {logging_mixin.py:190} INFO - [2024-09-01T23:33:10.574+0000] {dag.py:4138} INFO - Setting next_dagrun for 5.2-orchestration to None, run_after=None
[2024-09-01T23:33:10.628+0000] {processor.py:208} INFO - Processing /opt/airflow/dags/5.2-orchestration.py took 0.290 seconds
[2024-09-01T23:33:40.746+0000] {processor.py:186} INFO - Started process (PID=530) to work on /opt/airflow/dags/5.2-orchestration.py
[2024-09-01T23:33:40.763+0000] {processor.py:914} INFO - Processing file /opt/airflow/dags/5.2-orchestration.py for tasks to queue
[2024-09-01T23:33:40.768+0000] {logging_mixin.py:190} INFO - [2024-09-01T23:33:40.767+0000] {dagbag.py:587} INFO - Filling up the DagBag from /opt/airflow/dags/5.2-orchestration.py
[2024-09-01T23:33:40.794+0000] {processor.py:925} INFO - DAG(s) '5.2-orchestration' retrieved from /opt/airflow/dags/5.2-orchestration.py
[2024-09-01T23:33:40.856+0000] {logging_mixin.py:190} INFO - [2024-09-01T23:33:40.855+0000] {dag.py:3211} INFO - Sync 1 DAGs
[2024-09-01T23:33:40.937+0000] {logging_mixin.py:190} INFO - [2024-09-01T23:33:40.936+0000] {dag.py:4138} INFO - Setting next_dagrun for 5.2-orchestration to None, run_after=None
[2024-09-01T23:33:40.988+0000] {processor.py:208} INFO - Processing /opt/airflow/dags/5.2-orchestration.py took 0.271 seconds
[2024-09-01T23:34:11.372+0000] {processor.py:186} INFO - Started process (PID=541) to work on /opt/airflow/dags/5.2-orchestration.py
[2024-09-01T23:34:11.385+0000] {processor.py:914} INFO - Processing file /opt/airflow/dags/5.2-orchestration.py for tasks to queue
[2024-09-01T23:34:11.395+0000] {logging_mixin.py:190} INFO - [2024-09-01T23:34:11.394+0000] {dagbag.py:587} INFO - Filling up the DagBag from /opt/airflow/dags/5.2-orchestration.py
[2024-09-01T23:34:11.488+0000] {processor.py:925} INFO - DAG(s) '5.2-orchestration' retrieved from /opt/airflow/dags/5.2-orchestration.py
[2024-09-01T23:34:11.588+0000] {logging_mixin.py:190} INFO - [2024-09-01T23:34:11.587+0000] {dag.py:3211} INFO - Sync 1 DAGs
[2024-09-01T23:34:11.669+0000] {logging_mixin.py:190} INFO - [2024-09-01T23:34:11.669+0000] {dag.py:4138} INFO - Setting next_dagrun for 5.2-orchestration to None, run_after=None
[2024-09-01T23:34:11.720+0000] {processor.py:208} INFO - Processing /opt/airflow/dags/5.2-orchestration.py took 0.382 seconds
[2024-09-01T23:34:41.817+0000] {processor.py:186} INFO - Started process (PID=553) to work on /opt/airflow/dags/5.2-orchestration.py
[2024-09-01T23:34:41.819+0000] {processor.py:914} INFO - Processing file /opt/airflow/dags/5.2-orchestration.py for tasks to queue
[2024-09-01T23:34:41.825+0000] {logging_mixin.py:190} INFO - [2024-09-01T23:34:41.824+0000] {dagbag.py:587} INFO - Filling up the DagBag from /opt/airflow/dags/5.2-orchestration.py
[2024-09-01T23:34:41.902+0000] {processor.py:925} INFO - DAG(s) '5.2-orchestration' retrieved from /opt/airflow/dags/5.2-orchestration.py
[2024-09-01T23:34:42.098+0000] {logging_mixin.py:190} INFO - [2024-09-01T23:34:42.098+0000] {dag.py:3211} INFO - Sync 1 DAGs
[2024-09-01T23:34:42.211+0000] {logging_mixin.py:190} INFO - [2024-09-01T23:34:42.210+0000] {dag.py:4138} INFO - Setting next_dagrun for 5.2-orchestration to None, run_after=None
[2024-09-01T23:34:42.256+0000] {processor.py:208} INFO - Processing /opt/airflow/dags/5.2-orchestration.py took 0.465 seconds
[2024-09-01T23:35:12.410+0000] {processor.py:186} INFO - Started process (PID=565) to work on /opt/airflow/dags/5.2-orchestration.py
[2024-09-01T23:35:12.412+0000] {processor.py:914} INFO - Processing file /opt/airflow/dags/5.2-orchestration.py for tasks to queue
[2024-09-01T23:35:12.417+0000] {logging_mixin.py:190} INFO - [2024-09-01T23:35:12.416+0000] {dagbag.py:587} INFO - Filling up the DagBag from /opt/airflow/dags/5.2-orchestration.py
[2024-09-01T23:35:12.443+0000] {processor.py:925} INFO - DAG(s) '5.2-orchestration' retrieved from /opt/airflow/dags/5.2-orchestration.py
[2024-09-01T23:35:12.498+0000] {logging_mixin.py:190} INFO - [2024-09-01T23:35:12.498+0000] {dag.py:3211} INFO - Sync 1 DAGs
[2024-09-01T23:35:12.591+0000] {logging_mixin.py:190} INFO - [2024-09-01T23:35:12.590+0000] {dag.py:4138} INFO - Setting next_dagrun for 5.2-orchestration to None, run_after=None
[2024-09-01T23:35:12.663+0000] {processor.py:208} INFO - Processing /opt/airflow/dags/5.2-orchestration.py took 0.266 seconds
[2024-09-01T23:35:42.774+0000] {processor.py:186} INFO - Started process (PID=577) to work on /opt/airflow/dags/5.2-orchestration.py
[2024-09-01T23:35:42.776+0000] {processor.py:914} INFO - Processing file /opt/airflow/dags/5.2-orchestration.py for tasks to queue
[2024-09-01T23:35:42.781+0000] {logging_mixin.py:190} INFO - [2024-09-01T23:35:42.780+0000] {dagbag.py:587} INFO - Filling up the DagBag from /opt/airflow/dags/5.2-orchestration.py
[2024-09-01T23:35:42.825+0000] {processor.py:925} INFO - DAG(s) '5.2-orchestration' retrieved from /opt/airflow/dags/5.2-orchestration.py
[2024-09-01T23:35:42.913+0000] {logging_mixin.py:190} INFO - [2024-09-01T23:35:42.911+0000] {dag.py:3211} INFO - Sync 1 DAGs
[2024-09-01T23:35:43.030+0000] {logging_mixin.py:190} INFO - [2024-09-01T23:35:43.030+0000] {dag.py:4138} INFO - Setting next_dagrun for 5.2-orchestration to None, run_after=None
[2024-09-01T23:35:43.109+0000] {processor.py:208} INFO - Processing /opt/airflow/dags/5.2-orchestration.py took 0.352 seconds
[2024-09-01T23:36:13.271+0000] {processor.py:186} INFO - Started process (PID=589) to work on /opt/airflow/dags/5.2-orchestration.py
[2024-09-01T23:36:13.328+0000] {processor.py:914} INFO - Processing file /opt/airflow/dags/5.2-orchestration.py for tasks to queue
[2024-09-01T23:36:13.332+0000] {logging_mixin.py:190} INFO - [2024-09-01T23:36:13.332+0000] {dagbag.py:587} INFO - Filling up the DagBag from /opt/airflow/dags/5.2-orchestration.py
[2024-09-01T23:36:13.359+0000] {processor.py:925} INFO - DAG(s) '5.2-orchestration' retrieved from /opt/airflow/dags/5.2-orchestration.py
[2024-09-01T23:36:13.414+0000] {logging_mixin.py:190} INFO - [2024-09-01T23:36:13.413+0000] {dag.py:3211} INFO - Sync 1 DAGs
[2024-09-01T23:36:13.475+0000] {logging_mixin.py:190} INFO - [2024-09-01T23:36:13.474+0000] {dag.py:4138} INFO - Setting next_dagrun for 5.2-orchestration to None, run_after=None
[2024-09-01T23:36:13.532+0000] {processor.py:208} INFO - Processing /opt/airflow/dags/5.2-orchestration.py took 0.271 seconds
[2024-09-01T23:36:43.582+0000] {processor.py:186} INFO - Started process (PID=601) to work on /opt/airflow/dags/5.2-orchestration.py
[2024-09-01T23:36:43.583+0000] {processor.py:914} INFO - Processing file /opt/airflow/dags/5.2-orchestration.py for tasks to queue
[2024-09-01T23:36:43.587+0000] {logging_mixin.py:190} INFO - [2024-09-01T23:36:43.586+0000] {dagbag.py:587} INFO - Filling up the DagBag from /opt/airflow/dags/5.2-orchestration.py
[2024-09-01T23:36:43.603+0000] {processor.py:925} INFO - DAG(s) '5.2-orchestration' retrieved from /opt/airflow/dags/5.2-orchestration.py
[2024-09-01T23:36:43.647+0000] {logging_mixin.py:190} INFO - [2024-09-01T23:36:43.646+0000] {dag.py:3211} INFO - Sync 1 DAGs
[2024-09-01T23:36:43.693+0000] {logging_mixin.py:190} INFO - [2024-09-01T23:36:43.693+0000] {dag.py:4138} INFO - Setting next_dagrun for 5.2-orchestration to None, run_after=None
[2024-09-01T23:36:43.727+0000] {processor.py:208} INFO - Processing /opt/airflow/dags/5.2-orchestration.py took 0.158 seconds
[2024-09-01T23:37:13.810+0000] {processor.py:186} INFO - Started process (PID=612) to work on /opt/airflow/dags/5.2-orchestration.py
[2024-09-01T23:37:13.817+0000] {processor.py:914} INFO - Processing file /opt/airflow/dags/5.2-orchestration.py for tasks to queue
[2024-09-01T23:37:13.822+0000] {logging_mixin.py:190} INFO - [2024-09-01T23:37:13.821+0000] {dagbag.py:587} INFO - Filling up the DagBag from /opt/airflow/dags/5.2-orchestration.py
[2024-09-01T23:37:13.857+0000] {processor.py:925} INFO - DAG(s) '5.2-orchestration' retrieved from /opt/airflow/dags/5.2-orchestration.py
[2024-09-01T23:37:13.923+0000] {logging_mixin.py:190} INFO - [2024-09-01T23:37:13.922+0000] {dag.py:3211} INFO - Sync 1 DAGs
[2024-09-01T23:37:13.989+0000] {logging_mixin.py:190} INFO - [2024-09-01T23:37:13.988+0000] {dag.py:4138} INFO - Setting next_dagrun for 5.2-orchestration to None, run_after=None
[2024-09-01T23:37:14.052+0000] {processor.py:208} INFO - Processing /opt/airflow/dags/5.2-orchestration.py took 0.281 seconds
[2024-09-01T23:37:44.125+0000] {processor.py:186} INFO - Started process (PID=624) to work on /opt/airflow/dags/5.2-orchestration.py
[2024-09-01T23:37:44.128+0000] {processor.py:914} INFO - Processing file /opt/airflow/dags/5.2-orchestration.py for tasks to queue
[2024-09-01T23:37:44.132+0000] {logging_mixin.py:190} INFO - [2024-09-01T23:37:44.132+0000] {dagbag.py:587} INFO - Filling up the DagBag from /opt/airflow/dags/5.2-orchestration.py
[2024-09-01T23:37:44.149+0000] {processor.py:925} INFO - DAG(s) '5.2-orchestration' retrieved from /opt/airflow/dags/5.2-orchestration.py
[2024-09-01T23:37:44.194+0000] {logging_mixin.py:190} INFO - [2024-09-01T23:37:44.193+0000] {dag.py:3211} INFO - Sync 1 DAGs
[2024-09-01T23:37:44.236+0000] {logging_mixin.py:190} INFO - [2024-09-01T23:37:44.235+0000] {dag.py:4138} INFO - Setting next_dagrun for 5.2-orchestration to None, run_after=None
[2024-09-01T23:37:44.265+0000] {processor.py:208} INFO - Processing /opt/airflow/dags/5.2-orchestration.py took 0.150 seconds
[2024-09-01T23:38:14.317+0000] {processor.py:186} INFO - Started process (PID=636) to work on /opt/airflow/dags/5.2-orchestration.py
[2024-09-01T23:38:14.318+0000] {processor.py:914} INFO - Processing file /opt/airflow/dags/5.2-orchestration.py for tasks to queue
[2024-09-01T23:38:14.323+0000] {logging_mixin.py:190} INFO - [2024-09-01T23:38:14.322+0000] {dagbag.py:587} INFO - Filling up the DagBag from /opt/airflow/dags/5.2-orchestration.py
[2024-09-01T23:38:14.340+0000] {processor.py:925} INFO - DAG(s) '5.2-orchestration' retrieved from /opt/airflow/dags/5.2-orchestration.py
[2024-09-01T23:38:14.393+0000] {logging_mixin.py:190} INFO - [2024-09-01T23:38:14.392+0000] {dag.py:3211} INFO - Sync 1 DAGs
[2024-09-01T23:38:14.445+0000] {logging_mixin.py:190} INFO - [2024-09-01T23:38:14.444+0000] {dag.py:4138} INFO - Setting next_dagrun for 5.2-orchestration to None, run_after=None
[2024-09-01T23:38:14.478+0000] {processor.py:208} INFO - Processing /opt/airflow/dags/5.2-orchestration.py took 0.175 seconds
[2024-09-01T23:38:45.015+0000] {processor.py:186} INFO - Started process (PID=648) to work on /opt/airflow/dags/5.2-orchestration.py
[2024-09-01T23:38:45.036+0000] {processor.py:914} INFO - Processing file /opt/airflow/dags/5.2-orchestration.py for tasks to queue
[2024-09-01T23:38:45.041+0000] {logging_mixin.py:190} INFO - [2024-09-01T23:38:45.041+0000] {dagbag.py:587} INFO - Filling up the DagBag from /opt/airflow/dags/5.2-orchestration.py
[2024-09-01T23:38:45.069+0000] {processor.py:925} INFO - DAG(s) '5.2-orchestration' retrieved from /opt/airflow/dags/5.2-orchestration.py
[2024-09-01T23:38:45.141+0000] {logging_mixin.py:190} INFO - [2024-09-01T23:38:45.140+0000] {dag.py:3211} INFO - Sync 1 DAGs
[2024-09-01T23:38:45.205+0000] {logging_mixin.py:190} INFO - [2024-09-01T23:38:45.204+0000] {dag.py:4138} INFO - Setting next_dagrun for 5.2-orchestration to None, run_after=None
[2024-09-01T23:38:45.240+0000] {processor.py:208} INFO - Processing /opt/airflow/dags/5.2-orchestration.py took 0.239 seconds
[2024-09-01T23:39:15.827+0000] {processor.py:186} INFO - Started process (PID=660) to work on /opt/airflow/dags/5.2-orchestration.py
[2024-09-01T23:39:15.850+0000] {processor.py:914} INFO - Processing file /opt/airflow/dags/5.2-orchestration.py for tasks to queue
[2024-09-01T23:39:15.856+0000] {logging_mixin.py:190} INFO - [2024-09-01T23:39:15.855+0000] {dagbag.py:587} INFO - Filling up the DagBag from /opt/airflow/dags/5.2-orchestration.py
[2024-09-01T23:39:15.878+0000] {processor.py:925} INFO - DAG(s) '5.2-orchestration' retrieved from /opt/airflow/dags/5.2-orchestration.py
[2024-09-01T23:39:15.926+0000] {logging_mixin.py:190} INFO - [2024-09-01T23:39:15.925+0000] {dag.py:3211} INFO - Sync 1 DAGs
[2024-09-01T23:39:15.969+0000] {logging_mixin.py:190} INFO - [2024-09-01T23:39:15.968+0000] {dag.py:4138} INFO - Setting next_dagrun for 5.2-orchestration to None, run_after=None
[2024-09-01T23:39:16.004+0000] {processor.py:208} INFO - Processing /opt/airflow/dags/5.2-orchestration.py took 0.191 seconds
[2024-09-01T23:39:46.942+0000] {processor.py:186} INFO - Started process (PID=672) to work on /opt/airflow/dags/5.2-orchestration.py
[2024-09-01T23:39:46.963+0000] {processor.py:914} INFO - Processing file /opt/airflow/dags/5.2-orchestration.py for tasks to queue
[2024-09-01T23:39:46.966+0000] {logging_mixin.py:190} INFO - [2024-09-01T23:39:46.966+0000] {dagbag.py:587} INFO - Filling up the DagBag from /opt/airflow/dags/5.2-orchestration.py
[2024-09-01T23:39:46.982+0000] {processor.py:925} INFO - DAG(s) '5.2-orchestration' retrieved from /opt/airflow/dags/5.2-orchestration.py
[2024-09-01T23:39:47.030+0000] {logging_mixin.py:190} INFO - [2024-09-01T23:39:47.029+0000] {dag.py:3211} INFO - Sync 1 DAGs
[2024-09-01T23:39:47.075+0000] {logging_mixin.py:190} INFO - [2024-09-01T23:39:47.074+0000] {dag.py:4138} INFO - Setting next_dagrun for 5.2-orchestration to None, run_after=None
[2024-09-01T23:39:47.101+0000] {processor.py:208} INFO - Processing /opt/airflow/dags/5.2-orchestration.py took 0.171 seconds
[2024-09-01T23:40:17.443+0000] {processor.py:186} INFO - Started process (PID=685) to work on /opt/airflow/dags/5.2-orchestration.py
[2024-09-01T23:40:17.465+0000] {processor.py:914} INFO - Processing file /opt/airflow/dags/5.2-orchestration.py for tasks to queue
[2024-09-01T23:40:17.468+0000] {logging_mixin.py:190} INFO - [2024-09-01T23:40:17.468+0000] {dagbag.py:587} INFO - Filling up the DagBag from /opt/airflow/dags/5.2-orchestration.py
[2024-09-01T23:40:17.485+0000] {processor.py:925} INFO - DAG(s) '5.2-orchestration' retrieved from /opt/airflow/dags/5.2-orchestration.py
[2024-09-01T23:40:17.539+0000] {logging_mixin.py:190} INFO - [2024-09-01T23:40:17.538+0000] {dag.py:3211} INFO - Sync 1 DAGs
[2024-09-01T23:40:17.580+0000] {logging_mixin.py:190} INFO - [2024-09-01T23:40:17.579+0000] {dag.py:4138} INFO - Setting next_dagrun for 5.2-orchestration to None, run_after=None
[2024-09-01T23:40:17.614+0000] {processor.py:208} INFO - Processing /opt/airflow/dags/5.2-orchestration.py took 0.184 seconds
[2024-09-01T23:40:48.378+0000] {processor.py:186} INFO - Started process (PID=697) to work on /opt/airflow/dags/5.2-orchestration.py
[2024-09-01T23:40:48.391+0000] {processor.py:914} INFO - Processing file /opt/airflow/dags/5.2-orchestration.py for tasks to queue
[2024-09-01T23:40:48.395+0000] {logging_mixin.py:190} INFO - [2024-09-01T23:40:48.394+0000] {dagbag.py:587} INFO - Filling up the DagBag from /opt/airflow/dags/5.2-orchestration.py
[2024-09-01T23:40:48.418+0000] {processor.py:925} INFO - DAG(s) '5.2-orchestration' retrieved from /opt/airflow/dags/5.2-orchestration.py
[2024-09-01T23:40:48.479+0000] {logging_mixin.py:190} INFO - [2024-09-01T23:40:48.478+0000] {dag.py:3211} INFO - Sync 1 DAGs
[2024-09-01T23:40:48.544+0000] {logging_mixin.py:190} INFO - [2024-09-01T23:40:48.544+0000] {dag.py:4138} INFO - Setting next_dagrun for 5.2-orchestration to None, run_after=None
[2024-09-01T23:40:48.580+0000] {processor.py:208} INFO - Processing /opt/airflow/dags/5.2-orchestration.py took 0.216 seconds
[2024-09-01T23:41:19.298+0000] {processor.py:186} INFO - Started process (PID=708) to work on /opt/airflow/dags/5.2-orchestration.py
[2024-09-01T23:41:19.304+0000] {processor.py:914} INFO - Processing file /opt/airflow/dags/5.2-orchestration.py for tasks to queue
[2024-09-01T23:41:19.308+0000] {logging_mixin.py:190} INFO - [2024-09-01T23:41:19.307+0000] {dagbag.py:587} INFO - Filling up the DagBag from /opt/airflow/dags/5.2-orchestration.py
[2024-09-01T23:41:19.325+0000] {processor.py:925} INFO - DAG(s) '5.2-orchestration' retrieved from /opt/airflow/dags/5.2-orchestration.py
[2024-09-01T23:41:19.370+0000] {logging_mixin.py:190} INFO - [2024-09-01T23:41:19.369+0000] {dag.py:3211} INFO - Sync 1 DAGs
[2024-09-01T23:41:19.414+0000] {logging_mixin.py:190} INFO - [2024-09-01T23:41:19.414+0000] {dag.py:4138} INFO - Setting next_dagrun for 5.2-orchestration to None, run_after=None
[2024-09-01T23:41:19.448+0000] {processor.py:208} INFO - Processing /opt/airflow/dags/5.2-orchestration.py took 0.159 seconds
[2024-09-01T23:41:50.276+0000] {processor.py:186} INFO - Started process (PID=720) to work on /opt/airflow/dags/5.2-orchestration.py
[2024-09-01T23:41:50.295+0000] {processor.py:914} INFO - Processing file /opt/airflow/dags/5.2-orchestration.py for tasks to queue
[2024-09-01T23:41:50.300+0000] {logging_mixin.py:190} INFO - [2024-09-01T23:41:50.300+0000] {dagbag.py:587} INFO - Filling up the DagBag from /opt/airflow/dags/5.2-orchestration.py
[2024-09-01T23:41:50.356+0000] {processor.py:925} INFO - DAG(s) '5.2-orchestration' retrieved from /opt/airflow/dags/5.2-orchestration.py
[2024-09-01T23:41:50.415+0000] {logging_mixin.py:190} INFO - [2024-09-01T23:41:50.414+0000] {dag.py:3211} INFO - Sync 1 DAGs
[2024-09-01T23:41:50.477+0000] {logging_mixin.py:190} INFO - [2024-09-01T23:41:50.476+0000] {dag.py:4138} INFO - Setting next_dagrun for 5.2-orchestration to None, run_after=None
[2024-09-01T23:41:50.513+0000] {processor.py:208} INFO - Processing /opt/airflow/dags/5.2-orchestration.py took 0.251 seconds
[2024-09-01T23:42:20.979+0000] {processor.py:186} INFO - Started process (PID=732) to work on /opt/airflow/dags/5.2-orchestration.py
[2024-09-01T23:42:20.997+0000] {processor.py:914} INFO - Processing file /opt/airflow/dags/5.2-orchestration.py for tasks to queue
[2024-09-01T23:42:21.002+0000] {logging_mixin.py:190} INFO - [2024-09-01T23:42:21.001+0000] {dagbag.py:587} INFO - Filling up the DagBag from /opt/airflow/dags/5.2-orchestration.py
[2024-09-01T23:42:21.026+0000] {processor.py:925} INFO - DAG(s) '5.2-orchestration' retrieved from /opt/airflow/dags/5.2-orchestration.py
[2024-09-01T23:42:21.082+0000] {logging_mixin.py:190} INFO - [2024-09-01T23:42:21.082+0000] {dag.py:3211} INFO - Sync 1 DAGs
[2024-09-01T23:42:21.143+0000] {logging_mixin.py:190} INFO - [2024-09-01T23:42:21.142+0000] {dag.py:4138} INFO - Setting next_dagrun for 5.2-orchestration to None, run_after=None
[2024-09-01T23:42:21.179+0000] {processor.py:208} INFO - Processing /opt/airflow/dags/5.2-orchestration.py took 0.215 seconds
[2024-09-01T23:42:51.627+0000] {processor.py:186} INFO - Started process (PID=744) to work on /opt/airflow/dags/5.2-orchestration.py
[2024-09-01T23:42:51.641+0000] {processor.py:914} INFO - Processing file /opt/airflow/dags/5.2-orchestration.py for tasks to queue
[2024-09-01T23:42:51.646+0000] {logging_mixin.py:190} INFO - [2024-09-01T23:42:51.645+0000] {dagbag.py:587} INFO - Filling up the DagBag from /opt/airflow/dags/5.2-orchestration.py
[2024-09-01T23:42:51.675+0000] {processor.py:925} INFO - DAG(s) '5.2-orchestration' retrieved from /opt/airflow/dags/5.2-orchestration.py
[2024-09-01T23:42:51.736+0000] {logging_mixin.py:190} INFO - [2024-09-01T23:42:51.736+0000] {dag.py:3211} INFO - Sync 1 DAGs
[2024-09-01T23:42:51.798+0000] {logging_mixin.py:190} INFO - [2024-09-01T23:42:51.798+0000] {dag.py:4138} INFO - Setting next_dagrun for 5.2-orchestration to None, run_after=None
[2024-09-01T23:42:51.836+0000] {processor.py:208} INFO - Processing /opt/airflow/dags/5.2-orchestration.py took 0.223 seconds
[2024-09-01T23:43:22.545+0000] {processor.py:186} INFO - Started process (PID=756) to work on /opt/airflow/dags/5.2-orchestration.py
[2024-09-01T23:43:22.566+0000] {processor.py:914} INFO - Processing file /opt/airflow/dags/5.2-orchestration.py for tasks to queue
[2024-09-01T23:43:22.571+0000] {logging_mixin.py:190} INFO - [2024-09-01T23:43:22.571+0000] {dagbag.py:587} INFO - Filling up the DagBag from /opt/airflow/dags/5.2-orchestration.py
[2024-09-01T23:43:22.596+0000] {processor.py:925} INFO - DAG(s) '5.2-orchestration' retrieved from /opt/airflow/dags/5.2-orchestration.py
[2024-09-01T23:43:22.654+0000] {logging_mixin.py:190} INFO - [2024-09-01T23:43:22.654+0000] {dag.py:3211} INFO - Sync 1 DAGs
[2024-09-01T23:43:22.717+0000] {logging_mixin.py:190} INFO - [2024-09-01T23:43:22.716+0000] {dag.py:4138} INFO - Setting next_dagrun for 5.2-orchestration to None, run_after=None
[2024-09-01T23:43:22.754+0000] {processor.py:208} INFO - Processing /opt/airflow/dags/5.2-orchestration.py took 0.222 seconds
[2024-09-01T23:43:53.398+0000] {processor.py:186} INFO - Started process (PID=767) to work on /opt/airflow/dags/5.2-orchestration.py
[2024-09-01T23:43:53.412+0000] {processor.py:914} INFO - Processing file /opt/airflow/dags/5.2-orchestration.py for tasks to queue
[2024-09-01T23:43:53.417+0000] {logging_mixin.py:190} INFO - [2024-09-01T23:43:53.416+0000] {dagbag.py:587} INFO - Filling up the DagBag from /opt/airflow/dags/5.2-orchestration.py
[2024-09-01T23:43:53.436+0000] {processor.py:925} INFO - DAG(s) '5.2-orchestration' retrieved from /opt/airflow/dags/5.2-orchestration.py
[2024-09-01T23:43:53.485+0000] {logging_mixin.py:190} INFO - [2024-09-01T23:43:53.485+0000] {dag.py:3211} INFO - Sync 1 DAGs
[2024-09-01T23:43:53.534+0000] {logging_mixin.py:190} INFO - [2024-09-01T23:43:53.533+0000] {dag.py:4138} INFO - Setting next_dagrun for 5.2-orchestration to None, run_after=None
[2024-09-01T23:43:53.560+0000] {processor.py:208} INFO - Processing /opt/airflow/dags/5.2-orchestration.py took 0.173 seconds
[2024-09-01T23:44:24.108+0000] {processor.py:186} INFO - Started process (PID=779) to work on /opt/airflow/dags/5.2-orchestration.py
[2024-09-01T23:44:24.127+0000] {processor.py:914} INFO - Processing file /opt/airflow/dags/5.2-orchestration.py for tasks to queue
[2024-09-01T23:44:24.133+0000] {logging_mixin.py:190} INFO - [2024-09-01T23:44:24.132+0000] {dagbag.py:587} INFO - Filling up the DagBag from /opt/airflow/dags/5.2-orchestration.py
[2024-09-01T23:44:24.154+0000] {processor.py:925} INFO - DAG(s) '5.2-orchestration' retrieved from /opt/airflow/dags/5.2-orchestration.py
[2024-09-01T23:44:24.200+0000] {logging_mixin.py:190} INFO - [2024-09-01T23:44:24.199+0000] {dag.py:3211} INFO - Sync 1 DAGs
[2024-09-01T23:44:24.247+0000] {logging_mixin.py:190} INFO - [2024-09-01T23:44:24.246+0000] {dag.py:4138} INFO - Setting next_dagrun for 5.2-orchestration to None, run_after=None
[2024-09-01T23:44:24.284+0000] {processor.py:208} INFO - Processing /opt/airflow/dags/5.2-orchestration.py took 0.190 seconds
[2024-09-01T23:44:54.993+0000] {processor.py:186} INFO - Started process (PID=790) to work on /opt/airflow/dags/5.2-orchestration.py
[2024-09-01T23:44:54.995+0000] {processor.py:914} INFO - Processing file /opt/airflow/dags/5.2-orchestration.py for tasks to queue
[2024-09-01T23:44:54.999+0000] {logging_mixin.py:190} INFO - [2024-09-01T23:44:54.999+0000] {dagbag.py:587} INFO - Filling up the DagBag from /opt/airflow/dags/5.2-orchestration.py
[2024-09-01T23:44:55.025+0000] {processor.py:925} INFO - DAG(s) '5.2-orchestration' retrieved from /opt/airflow/dags/5.2-orchestration.py
[2024-09-01T23:44:55.087+0000] {logging_mixin.py:190} INFO - [2024-09-01T23:44:55.086+0000] {dag.py:3211} INFO - Sync 1 DAGs
[2024-09-01T23:44:55.150+0000] {logging_mixin.py:190} INFO - [2024-09-01T23:44:55.150+0000] {dag.py:4138} INFO - Setting next_dagrun for 5.2-orchestration to None, run_after=None
[2024-09-01T23:44:55.187+0000] {processor.py:208} INFO - Processing /opt/airflow/dags/5.2-orchestration.py took 0.208 seconds
[2024-09-01T23:45:25.998+0000] {processor.py:186} INFO - Started process (PID=802) to work on /opt/airflow/dags/5.2-orchestration.py
[2024-09-01T23:45:25.999+0000] {processor.py:914} INFO - Processing file /opt/airflow/dags/5.2-orchestration.py for tasks to queue
[2024-09-01T23:45:26.005+0000] {logging_mixin.py:190} INFO - [2024-09-01T23:45:26.004+0000] {dagbag.py:587} INFO - Filling up the DagBag from /opt/airflow/dags/5.2-orchestration.py
[2024-09-01T23:45:26.025+0000] {processor.py:925} INFO - DAG(s) '5.2-orchestration' retrieved from /opt/airflow/dags/5.2-orchestration.py
[2024-09-01T23:45:26.067+0000] {logging_mixin.py:190} INFO - [2024-09-01T23:45:26.066+0000] {dag.py:3211} INFO - Sync 1 DAGs
[2024-09-01T23:45:26.118+0000] {logging_mixin.py:190} INFO - [2024-09-01T23:45:26.117+0000] {dag.py:4138} INFO - Setting next_dagrun for 5.2-orchestration to None, run_after=None
[2024-09-01T23:45:26.143+0000] {processor.py:208} INFO - Processing /opt/airflow/dags/5.2-orchestration.py took 0.155 seconds
[2024-09-01T23:45:56.639+0000] {processor.py:186} INFO - Started process (PID=813) to work on /opt/airflow/dags/5.2-orchestration.py
[2024-09-01T23:45:56.641+0000] {processor.py:914} INFO - Processing file /opt/airflow/dags/5.2-orchestration.py for tasks to queue
[2024-09-01T23:45:56.645+0000] {logging_mixin.py:190} INFO - [2024-09-01T23:45:56.645+0000] {dagbag.py:587} INFO - Filling up the DagBag from /opt/airflow/dags/5.2-orchestration.py
[2024-09-01T23:45:56.667+0000] {processor.py:925} INFO - DAG(s) '5.2-orchestration' retrieved from /opt/airflow/dags/5.2-orchestration.py
[2024-09-01T23:45:56.720+0000] {logging_mixin.py:190} INFO - [2024-09-01T23:45:56.720+0000] {dag.py:3211} INFO - Sync 1 DAGs
[2024-09-01T23:45:56.764+0000] {logging_mixin.py:190} INFO - [2024-09-01T23:45:56.764+0000] {dag.py:4138} INFO - Setting next_dagrun for 5.2-orchestration to None, run_after=None
[2024-09-01T23:45:56.794+0000] {processor.py:208} INFO - Processing /opt/airflow/dags/5.2-orchestration.py took 0.168 seconds
[2024-09-01T23:46:27.443+0000] {processor.py:186} INFO - Started process (PID=824) to work on /opt/airflow/dags/5.2-orchestration.py
[2024-09-01T23:46:27.444+0000] {processor.py:914} INFO - Processing file /opt/airflow/dags/5.2-orchestration.py for tasks to queue
[2024-09-01T23:46:27.449+0000] {logging_mixin.py:190} INFO - [2024-09-01T23:46:27.448+0000] {dagbag.py:587} INFO - Filling up the DagBag from /opt/airflow/dags/5.2-orchestration.py
[2024-09-01T23:46:27.472+0000] {processor.py:925} INFO - DAG(s) '5.2-orchestration' retrieved from /opt/airflow/dags/5.2-orchestration.py
[2024-09-01T23:46:27.519+0000] {logging_mixin.py:190} INFO - [2024-09-01T23:46:27.519+0000] {dag.py:3211} INFO - Sync 1 DAGs
[2024-09-01T23:46:27.570+0000] {logging_mixin.py:190} INFO - [2024-09-01T23:46:27.570+0000] {dag.py:4138} INFO - Setting next_dagrun for 5.2-orchestration to None, run_after=None
[2024-09-01T23:46:27.599+0000] {processor.py:208} INFO - Processing /opt/airflow/dags/5.2-orchestration.py took 0.165 seconds
[2024-09-01T23:46:58.105+0000] {processor.py:186} INFO - Started process (PID=835) to work on /opt/airflow/dags/5.2-orchestration.py
[2024-09-01T23:46:58.128+0000] {processor.py:914} INFO - Processing file /opt/airflow/dags/5.2-orchestration.py for tasks to queue
[2024-09-01T23:46:58.133+0000] {logging_mixin.py:190} INFO - [2024-09-01T23:46:58.132+0000] {dagbag.py:587} INFO - Filling up the DagBag from /opt/airflow/dags/5.2-orchestration.py
[2024-09-01T23:46:58.150+0000] {processor.py:925} INFO - DAG(s) '5.2-orchestration' retrieved from /opt/airflow/dags/5.2-orchestration.py
[2024-09-01T23:46:58.195+0000] {logging_mixin.py:190} INFO - [2024-09-01T23:46:58.194+0000] {dag.py:3211} INFO - Sync 1 DAGs
[2024-09-01T23:46:58.243+0000] {logging_mixin.py:190} INFO - [2024-09-01T23:46:58.242+0000] {dag.py:4138} INFO - Setting next_dagrun for 5.2-orchestration to None, run_after=None
[2024-09-01T23:46:58.271+0000] {processor.py:208} INFO - Processing /opt/airflow/dags/5.2-orchestration.py took 0.176 seconds
[2024-09-01T23:47:28.994+0000] {processor.py:186} INFO - Started process (PID=847) to work on /opt/airflow/dags/5.2-orchestration.py
[2024-09-01T23:47:29.007+0000] {processor.py:914} INFO - Processing file /opt/airflow/dags/5.2-orchestration.py for tasks to queue
[2024-09-01T23:47:29.012+0000] {logging_mixin.py:190} INFO - [2024-09-01T23:47:29.011+0000] {dagbag.py:587} INFO - Filling up the DagBag from /opt/airflow/dags/5.2-orchestration.py
[2024-09-01T23:47:29.036+0000] {processor.py:925} INFO - DAG(s) '5.2-orchestration' retrieved from /opt/airflow/dags/5.2-orchestration.py
[2024-09-01T23:47:29.084+0000] {logging_mixin.py:190} INFO - [2024-09-01T23:47:29.084+0000] {dag.py:3211} INFO - Sync 1 DAGs
[2024-09-01T23:47:29.140+0000] {logging_mixin.py:190} INFO - [2024-09-01T23:47:29.140+0000] {dag.py:4138} INFO - Setting next_dagrun for 5.2-orchestration to None, run_after=None
[2024-09-01T23:47:29.174+0000] {processor.py:208} INFO - Processing /opt/airflow/dags/5.2-orchestration.py took 0.195 seconds
[2024-09-01T23:47:59.246+0000] {processor.py:186} INFO - Started process (PID=859) to work on /opt/airflow/dags/5.2-orchestration.py
[2024-09-01T23:47:59.275+0000] {processor.py:914} INFO - Processing file /opt/airflow/dags/5.2-orchestration.py for tasks to queue
[2024-09-01T23:47:59.280+0000] {logging_mixin.py:190} INFO - [2024-09-01T23:47:59.279+0000] {dagbag.py:587} INFO - Filling up the DagBag from /opt/airflow/dags/5.2-orchestration.py
[2024-09-01T23:47:59.297+0000] {processor.py:925} INFO - DAG(s) '5.2-orchestration' retrieved from /opt/airflow/dags/5.2-orchestration.py
[2024-09-01T23:47:59.342+0000] {logging_mixin.py:190} INFO - [2024-09-01T23:47:59.341+0000] {dag.py:3211} INFO - Sync 1 DAGs
[2024-09-01T23:47:59.392+0000] {logging_mixin.py:190} INFO - [2024-09-01T23:47:59.392+0000] {dag.py:4138} INFO - Setting next_dagrun for 5.2-orchestration to None, run_after=None
[2024-09-01T23:47:59.419+0000] {processor.py:208} INFO - Processing /opt/airflow/dags/5.2-orchestration.py took 0.187 seconds
[2024-09-01T23:48:29.643+0000] {processor.py:186} INFO - Started process (PID=871) to work on /opt/airflow/dags/5.2-orchestration.py
[2024-09-01T23:48:29.655+0000] {processor.py:914} INFO - Processing file /opt/airflow/dags/5.2-orchestration.py for tasks to queue
[2024-09-01T23:48:29.659+0000] {logging_mixin.py:190} INFO - [2024-09-01T23:48:29.659+0000] {dagbag.py:587} INFO - Filling up the DagBag from /opt/airflow/dags/5.2-orchestration.py
[2024-09-01T23:48:29.685+0000] {processor.py:925} INFO - DAG(s) '5.2-orchestration' retrieved from /opt/airflow/dags/5.2-orchestration.py
[2024-09-01T23:48:29.729+0000] {logging_mixin.py:190} INFO - [2024-09-01T23:48:29.728+0000] {dag.py:3211} INFO - Sync 1 DAGs
[2024-09-01T23:48:29.790+0000] {logging_mixin.py:190} INFO - [2024-09-01T23:48:29.789+0000] {dag.py:4138} INFO - Setting next_dagrun for 5.2-orchestration to None, run_after=None
[2024-09-01T23:48:29.818+0000] {processor.py:208} INFO - Processing /opt/airflow/dags/5.2-orchestration.py took 0.190 seconds
[2024-09-01T23:48:59.927+0000] {processor.py:186} INFO - Started process (PID=883) to work on /opt/airflow/dags/5.2-orchestration.py
[2024-09-01T23:48:59.929+0000] {processor.py:914} INFO - Processing file /opt/airflow/dags/5.2-orchestration.py for tasks to queue
[2024-09-01T23:48:59.932+0000] {logging_mixin.py:190} INFO - [2024-09-01T23:48:59.931+0000] {dagbag.py:587} INFO - Filling up the DagBag from /opt/airflow/dags/5.2-orchestration.py
[2024-09-01T23:48:59.948+0000] {processor.py:925} INFO - DAG(s) '5.2-orchestration' retrieved from /opt/airflow/dags/5.2-orchestration.py
[2024-09-01T23:48:59.995+0000] {logging_mixin.py:190} INFO - [2024-09-01T23:48:59.995+0000] {dag.py:3211} INFO - Sync 1 DAGs
[2024-09-01T23:49:00.043+0000] {logging_mixin.py:190} INFO - [2024-09-01T23:49:00.043+0000] {dag.py:4138} INFO - Setting next_dagrun for 5.2-orchestration to None, run_after=None
[2024-09-01T23:49:00.072+0000] {processor.py:208} INFO - Processing /opt/airflow/dags/5.2-orchestration.py took 0.155 seconds
[2024-09-01T23:49:30.807+0000] {processor.py:186} INFO - Started process (PID=895) to work on /opt/airflow/dags/5.2-orchestration.py
[2024-09-01T23:49:30.809+0000] {processor.py:914} INFO - Processing file /opt/airflow/dags/5.2-orchestration.py for tasks to queue
[2024-09-01T23:49:30.814+0000] {logging_mixin.py:190} INFO - [2024-09-01T23:49:30.813+0000] {dagbag.py:587} INFO - Filling up the DagBag from /opt/airflow/dags/5.2-orchestration.py
[2024-09-01T23:49:30.832+0000] {processor.py:925} INFO - DAG(s) '5.2-orchestration' retrieved from /opt/airflow/dags/5.2-orchestration.py
[2024-09-01T23:49:30.876+0000] {logging_mixin.py:190} INFO - [2024-09-01T23:49:30.875+0000] {dag.py:3211} INFO - Sync 1 DAGs
[2024-09-01T23:49:30.924+0000] {logging_mixin.py:190} INFO - [2024-09-01T23:49:30.924+0000] {dag.py:4138} INFO - Setting next_dagrun for 5.2-orchestration to None, run_after=None
[2024-09-01T23:49:30.951+0000] {processor.py:208} INFO - Processing /opt/airflow/dags/5.2-orchestration.py took 0.154 seconds
[2024-09-01T23:50:01.590+0000] {processor.py:186} INFO - Started process (PID=908) to work on /opt/airflow/dags/5.2-orchestration.py
[2024-09-01T23:50:01.592+0000] {processor.py:914} INFO - Processing file /opt/airflow/dags/5.2-orchestration.py for tasks to queue
[2024-09-01T23:50:01.596+0000] {logging_mixin.py:190} INFO - [2024-09-01T23:50:01.596+0000] {dagbag.py:587} INFO - Filling up the DagBag from /opt/airflow/dags/5.2-orchestration.py
[2024-09-01T23:50:01.617+0000] {processor.py:925} INFO - DAG(s) '5.2-orchestration' retrieved from /opt/airflow/dags/5.2-orchestration.py
[2024-09-01T23:50:01.666+0000] {logging_mixin.py:190} INFO - [2024-09-01T23:50:01.665+0000] {dag.py:3211} INFO - Sync 1 DAGs
[2024-09-01T23:50:01.793+0000] {logging_mixin.py:190} INFO - [2024-09-01T23:50:01.792+0000] {dag.py:4138} INFO - Setting next_dagrun for 5.2-orchestration to None, run_after=None
[2024-09-01T23:50:01.827+0000] {processor.py:208} INFO - Processing /opt/airflow/dags/5.2-orchestration.py took 0.249 seconds
[2024-09-01T23:50:32.310+0000] {processor.py:186} INFO - Started process (PID=927) to work on /opt/airflow/dags/5.2-orchestration.py
[2024-09-01T23:50:32.311+0000] {processor.py:914} INFO - Processing file /opt/airflow/dags/5.2-orchestration.py for tasks to queue
[2024-09-01T23:50:32.316+0000] {logging_mixin.py:190} INFO - [2024-09-01T23:50:32.315+0000] {dagbag.py:587} INFO - Filling up the DagBag from /opt/airflow/dags/5.2-orchestration.py
[2024-09-01T23:50:32.334+0000] {processor.py:925} INFO - DAG(s) '5.2-orchestration' retrieved from /opt/airflow/dags/5.2-orchestration.py
[2024-09-01T23:50:32.378+0000] {logging_mixin.py:190} INFO - [2024-09-01T23:50:32.378+0000] {dag.py:3211} INFO - Sync 1 DAGs
[2024-09-01T23:50:32.425+0000] {logging_mixin.py:190} INFO - [2024-09-01T23:50:32.425+0000] {dag.py:4138} INFO - Setting next_dagrun for 5.2-orchestration to None, run_after=None
[2024-09-01T23:50:32.454+0000] {processor.py:208} INFO - Processing /opt/airflow/dags/5.2-orchestration.py took 0.153 seconds
[2024-09-01T23:51:03.110+0000] {processor.py:186} INFO - Started process (PID=939) to work on /opt/airflow/dags/5.2-orchestration.py
[2024-09-01T23:51:03.144+0000] {processor.py:914} INFO - Processing file /opt/airflow/dags/5.2-orchestration.py for tasks to queue
[2024-09-01T23:51:03.149+0000] {logging_mixin.py:190} INFO - [2024-09-01T23:51:03.148+0000] {dagbag.py:587} INFO - Filling up the DagBag from /opt/airflow/dags/5.2-orchestration.py
[2024-09-01T23:51:03.171+0000] {processor.py:925} INFO - DAG(s) '5.2-orchestration' retrieved from /opt/airflow/dags/5.2-orchestration.py
[2024-09-01T23:51:03.216+0000] {logging_mixin.py:190} INFO - [2024-09-01T23:51:03.215+0000] {dag.py:3211} INFO - Sync 1 DAGs
[2024-09-01T23:51:03.306+0000] {logging_mixin.py:190} INFO - [2024-09-01T23:51:03.306+0000] {dag.py:4138} INFO - Setting next_dagrun for 5.2-orchestration to None, run_after=None
[2024-09-01T23:51:03.345+0000] {processor.py:208} INFO - Processing /opt/airflow/dags/5.2-orchestration.py took 0.249 seconds
[2024-09-01T23:51:34.020+0000] {processor.py:186} INFO - Started process (PID=951) to work on /opt/airflow/dags/5.2-orchestration.py
[2024-09-01T23:51:34.075+0000] {processor.py:914} INFO - Processing file /opt/airflow/dags/5.2-orchestration.py for tasks to queue
[2024-09-01T23:51:34.080+0000] {logging_mixin.py:190} INFO - [2024-09-01T23:51:34.080+0000] {dagbag.py:587} INFO - Filling up the DagBag from /opt/airflow/dags/5.2-orchestration.py
[2024-09-01T23:51:34.097+0000] {processor.py:925} INFO - DAG(s) '5.2-orchestration' retrieved from /opt/airflow/dags/5.2-orchestration.py
[2024-09-01T23:51:34.145+0000] {logging_mixin.py:190} INFO - [2024-09-01T23:51:34.145+0000] {dag.py:3211} INFO - Sync 1 DAGs
[2024-09-01T23:51:34.194+0000] {logging_mixin.py:190} INFO - [2024-09-01T23:51:34.194+0000] {dag.py:4138} INFO - Setting next_dagrun for 5.2-orchestration to None, run_after=None
[2024-09-01T23:51:34.225+0000] {processor.py:208} INFO - Processing /opt/airflow/dags/5.2-orchestration.py took 0.213 seconds
[2024-09-01T23:52:05.071+0000] {processor.py:186} INFO - Started process (PID=963) to work on /opt/airflow/dags/5.2-orchestration.py
[2024-09-01T23:52:05.102+0000] {processor.py:914} INFO - Processing file /opt/airflow/dags/5.2-orchestration.py for tasks to queue
[2024-09-01T23:52:05.105+0000] {logging_mixin.py:190} INFO - [2024-09-01T23:52:05.105+0000] {dagbag.py:587} INFO - Filling up the DagBag from /opt/airflow/dags/5.2-orchestration.py
[2024-09-01T23:52:05.137+0000] {processor.py:925} INFO - DAG(s) '5.2-orchestration' retrieved from /opt/airflow/dags/5.2-orchestration.py
[2024-09-01T23:52:05.200+0000] {logging_mixin.py:190} INFO - [2024-09-01T23:52:05.199+0000] {dag.py:3211} INFO - Sync 1 DAGs
[2024-09-01T23:52:05.262+0000] {logging_mixin.py:190} INFO - [2024-09-01T23:52:05.262+0000] {dag.py:4138} INFO - Setting next_dagrun for 5.2-orchestration to None, run_after=None
[2024-09-01T23:52:05.303+0000] {processor.py:208} INFO - Processing /opt/airflow/dags/5.2-orchestration.py took 0.280 seconds
[2024-09-01T23:52:35.448+0000] {processor.py:186} INFO - Started process (PID=975) to work on /opt/airflow/dags/5.2-orchestration.py
[2024-09-01T23:52:35.449+0000] {processor.py:914} INFO - Processing file /opt/airflow/dags/5.2-orchestration.py for tasks to queue
[2024-09-01T23:52:35.454+0000] {logging_mixin.py:190} INFO - [2024-09-01T23:52:35.453+0000] {dagbag.py:587} INFO - Filling up the DagBag from /opt/airflow/dags/5.2-orchestration.py
[2024-09-01T23:52:35.474+0000] {processor.py:925} INFO - DAG(s) '5.2-orchestration' retrieved from /opt/airflow/dags/5.2-orchestration.py
[2024-09-01T23:52:35.519+0000] {logging_mixin.py:190} INFO - [2024-09-01T23:52:35.519+0000] {dag.py:3211} INFO - Sync 1 DAGs
[2024-09-01T23:52:35.574+0000] {logging_mixin.py:190} INFO - [2024-09-01T23:52:35.574+0000] {dag.py:4138} INFO - Setting next_dagrun for 5.2-orchestration to None, run_after=None
[2024-09-01T23:52:35.605+0000] {processor.py:208} INFO - Processing /opt/airflow/dags/5.2-orchestration.py took 0.170 seconds
[2024-09-01T23:53:05.855+0000] {processor.py:186} INFO - Started process (PID=987) to work on /opt/airflow/dags/5.2-orchestration.py
[2024-09-01T23:53:05.856+0000] {processor.py:914} INFO - Processing file /opt/airflow/dags/5.2-orchestration.py for tasks to queue
[2024-09-01T23:53:05.860+0000] {logging_mixin.py:190} INFO - [2024-09-01T23:53:05.860+0000] {dagbag.py:587} INFO - Filling up the DagBag from /opt/airflow/dags/5.2-orchestration.py
[2024-09-01T23:53:05.879+0000] {processor.py:925} INFO - DAG(s) '5.2-orchestration' retrieved from /opt/airflow/dags/5.2-orchestration.py
[2024-09-01T23:53:05.924+0000] {logging_mixin.py:190} INFO - [2024-09-01T23:53:05.923+0000] {dag.py:3211} INFO - Sync 1 DAGs
[2024-09-01T23:53:05.977+0000] {logging_mixin.py:190} INFO - [2024-09-01T23:53:05.976+0000] {dag.py:4138} INFO - Setting next_dagrun for 5.2-orchestration to None, run_after=None
[2024-09-01T23:53:06.007+0000] {processor.py:208} INFO - Processing /opt/airflow/dags/5.2-orchestration.py took 0.162 seconds
[2024-09-01T23:53:36.550+0000] {processor.py:186} INFO - Started process (PID=999) to work on /opt/airflow/dags/5.2-orchestration.py
[2024-09-01T23:53:36.552+0000] {processor.py:914} INFO - Processing file /opt/airflow/dags/5.2-orchestration.py for tasks to queue
[2024-09-01T23:53:36.556+0000] {logging_mixin.py:190} INFO - [2024-09-01T23:53:36.555+0000] {dagbag.py:587} INFO - Filling up the DagBag from /opt/airflow/dags/5.2-orchestration.py
[2024-09-01T23:53:36.573+0000] {processor.py:925} INFO - DAG(s) '5.2-orchestration' retrieved from /opt/airflow/dags/5.2-orchestration.py
[2024-09-01T23:53:36.613+0000] {logging_mixin.py:190} INFO - [2024-09-01T23:53:36.612+0000] {dag.py:3211} INFO - Sync 1 DAGs
[2024-09-01T23:53:36.654+0000] {logging_mixin.py:190} INFO - [2024-09-01T23:53:36.654+0000] {dag.py:4138} INFO - Setting next_dagrun for 5.2-orchestration to None, run_after=None
[2024-09-01T23:53:36.680+0000] {processor.py:208} INFO - Processing /opt/airflow/dags/5.2-orchestration.py took 0.140 seconds
[2024-09-01T23:54:07.222+0000] {processor.py:186} INFO - Started process (PID=1011) to work on /opt/airflow/dags/5.2-orchestration.py
[2024-09-01T23:54:07.223+0000] {processor.py:914} INFO - Processing file /opt/airflow/dags/5.2-orchestration.py for tasks to queue
[2024-09-01T23:54:07.227+0000] {logging_mixin.py:190} INFO - [2024-09-01T23:54:07.226+0000] {dagbag.py:587} INFO - Filling up the DagBag from /opt/airflow/dags/5.2-orchestration.py
[2024-09-01T23:54:07.243+0000] {processor.py:925} INFO - DAG(s) '5.2-orchestration' retrieved from /opt/airflow/dags/5.2-orchestration.py
[2024-09-01T23:54:07.294+0000] {logging_mixin.py:190} INFO - [2024-09-01T23:54:07.293+0000] {dag.py:3211} INFO - Sync 1 DAGs
[2024-09-01T23:54:07.345+0000] {logging_mixin.py:190} INFO - [2024-09-01T23:54:07.344+0000] {dag.py:4138} INFO - Setting next_dagrun for 5.2-orchestration to None, run_after=None
[2024-09-01T23:54:07.374+0000] {processor.py:208} INFO - Processing /opt/airflow/dags/5.2-orchestration.py took 0.162 seconds
[2024-09-01T23:54:37.873+0000] {processor.py:186} INFO - Started process (PID=1022) to work on /opt/airflow/dags/5.2-orchestration.py
[2024-09-01T23:54:37.875+0000] {processor.py:914} INFO - Processing file /opt/airflow/dags/5.2-orchestration.py for tasks to queue
[2024-09-01T23:54:37.878+0000] {logging_mixin.py:190} INFO - [2024-09-01T23:54:37.878+0000] {dagbag.py:587} INFO - Filling up the DagBag from /opt/airflow/dags/5.2-orchestration.py
[2024-09-01T23:54:37.894+0000] {processor.py:925} INFO - DAG(s) '5.2-orchestration' retrieved from /opt/airflow/dags/5.2-orchestration.py
[2024-09-01T23:54:37.945+0000] {logging_mixin.py:190} INFO - [2024-09-01T23:54:37.945+0000] {dag.py:3211} INFO - Sync 1 DAGs
[2024-09-01T23:54:38.001+0000] {logging_mixin.py:190} INFO - [2024-09-01T23:54:38.000+0000] {dag.py:4138} INFO - Setting next_dagrun for 5.2-orchestration to None, run_after=None
[2024-09-01T23:54:38.042+0000] {processor.py:208} INFO - Processing /opt/airflow/dags/5.2-orchestration.py took 0.178 seconds
[2024-09-01T23:55:08.609+0000] {processor.py:186} INFO - Started process (PID=1033) to work on /opt/airflow/dags/5.2-orchestration.py
[2024-09-01T23:55:08.612+0000] {processor.py:914} INFO - Processing file /opt/airflow/dags/5.2-orchestration.py for tasks to queue
[2024-09-01T23:55:08.622+0000] {logging_mixin.py:190} INFO - [2024-09-01T23:55:08.622+0000] {dagbag.py:587} INFO - Filling up the DagBag from /opt/airflow/dags/5.2-orchestration.py
[2024-09-01T23:55:08.642+0000] {processor.py:925} INFO - DAG(s) '5.2-orchestration' retrieved from /opt/airflow/dags/5.2-orchestration.py
[2024-09-01T23:55:08.696+0000] {logging_mixin.py:190} INFO - [2024-09-01T23:55:08.696+0000] {dag.py:3211} INFO - Sync 1 DAGs
[2024-09-01T23:55:08.745+0000] {logging_mixin.py:190} INFO - [2024-09-01T23:55:08.745+0000] {dag.py:4138} INFO - Setting next_dagrun for 5.2-orchestration to None, run_after=None
[2024-09-01T23:55:08.789+0000] {processor.py:208} INFO - Processing /opt/airflow/dags/5.2-orchestration.py took 0.194 seconds
[2024-09-01T23:55:39.690+0000] {processor.py:186} INFO - Started process (PID=1045) to work on /opt/airflow/dags/5.2-orchestration.py
[2024-09-01T23:55:39.691+0000] {processor.py:914} INFO - Processing file /opt/airflow/dags/5.2-orchestration.py for tasks to queue
[2024-09-01T23:55:39.700+0000] {logging_mixin.py:190} INFO - [2024-09-01T23:55:39.698+0000] {dagbag.py:587} INFO - Filling up the DagBag from /opt/airflow/dags/5.2-orchestration.py
[2024-09-01T23:55:39.728+0000] {processor.py:925} INFO - DAG(s) '5.2-orchestration' retrieved from /opt/airflow/dags/5.2-orchestration.py
[2024-09-01T23:55:39.791+0000] {logging_mixin.py:190} INFO - [2024-09-01T23:55:39.791+0000] {dag.py:3211} INFO - Sync 1 DAGs
[2024-09-01T23:55:39.877+0000] {logging_mixin.py:190} INFO - [2024-09-01T23:55:39.877+0000] {dag.py:4138} INFO - Setting next_dagrun for 5.2-orchestration to None, run_after=None
[2024-09-01T23:55:39.955+0000] {processor.py:208} INFO - Processing /opt/airflow/dags/5.2-orchestration.py took 0.284 seconds
[2024-09-01T23:56:10.987+0000] {processor.py:186} INFO - Started process (PID=1056) to work on /opt/airflow/dags/5.2-orchestration.py
[2024-09-01T23:56:10.989+0000] {processor.py:914} INFO - Processing file /opt/airflow/dags/5.2-orchestration.py for tasks to queue
[2024-09-01T23:56:10.992+0000] {logging_mixin.py:190} INFO - [2024-09-01T23:56:10.992+0000] {dagbag.py:587} INFO - Filling up the DagBag from /opt/airflow/dags/5.2-orchestration.py
[2024-09-01T23:56:11.013+0000] {processor.py:925} INFO - DAG(s) '5.2-orchestration' retrieved from /opt/airflow/dags/5.2-orchestration.py
[2024-09-01T23:56:11.058+0000] {logging_mixin.py:190} INFO - [2024-09-01T23:56:11.057+0000] {dag.py:3211} INFO - Sync 1 DAGs
[2024-09-01T23:56:11.113+0000] {logging_mixin.py:190} INFO - [2024-09-01T23:56:11.112+0000] {dag.py:4138} INFO - Setting next_dagrun for 5.2-orchestration to None, run_after=None
[2024-09-01T23:56:11.140+0000] {processor.py:208} INFO - Processing /opt/airflow/dags/5.2-orchestration.py took 0.164 seconds
[2024-09-01T23:56:41.257+0000] {processor.py:186} INFO - Started process (PID=1067) to work on /opt/airflow/dags/5.2-orchestration.py
[2024-09-01T23:56:41.259+0000] {processor.py:914} INFO - Processing file /opt/airflow/dags/5.2-orchestration.py for tasks to queue
[2024-09-01T23:56:41.263+0000] {logging_mixin.py:190} INFO - [2024-09-01T23:56:41.263+0000] {dagbag.py:587} INFO - Filling up the DagBag from /opt/airflow/dags/5.2-orchestration.py
[2024-09-01T23:56:41.283+0000] {processor.py:925} INFO - DAG(s) '5.2-orchestration' retrieved from /opt/airflow/dags/5.2-orchestration.py
[2024-09-01T23:56:41.335+0000] {logging_mixin.py:190} INFO - [2024-09-01T23:56:41.335+0000] {dag.py:3211} INFO - Sync 1 DAGs
[2024-09-01T23:56:41.403+0000] {logging_mixin.py:190} INFO - [2024-09-01T23:56:41.402+0000] {dag.py:4138} INFO - Setting next_dagrun for 5.2-orchestration to None, run_after=None
[2024-09-01T23:56:41.442+0000] {processor.py:208} INFO - Processing /opt/airflow/dags/5.2-orchestration.py took 0.198 seconds
[2024-09-01T23:57:11.662+0000] {processor.py:186} INFO - Started process (PID=1078) to work on /opt/airflow/dags/5.2-orchestration.py
[2024-09-01T23:57:11.668+0000] {processor.py:914} INFO - Processing file /opt/airflow/dags/5.2-orchestration.py for tasks to queue
[2024-09-01T23:57:11.672+0000] {logging_mixin.py:190} INFO - [2024-09-01T23:57:11.671+0000] {dagbag.py:587} INFO - Filling up the DagBag from /opt/airflow/dags/5.2-orchestration.py
[2024-09-01T23:57:11.694+0000] {processor.py:925} INFO - DAG(s) '5.2-orchestration' retrieved from /opt/airflow/dags/5.2-orchestration.py
[2024-09-01T23:57:11.745+0000] {logging_mixin.py:190} INFO - [2024-09-01T23:57:11.744+0000] {dag.py:3211} INFO - Sync 1 DAGs
[2024-09-01T23:57:11.798+0000] {logging_mixin.py:190} INFO - [2024-09-01T23:57:11.798+0000] {dag.py:4138} INFO - Setting next_dagrun for 5.2-orchestration to None, run_after=None
[2024-09-01T23:57:11.831+0000] {processor.py:208} INFO - Processing /opt/airflow/dags/5.2-orchestration.py took 0.181 seconds
[2024-09-01T23:57:41.872+0000] {processor.py:186} INFO - Started process (PID=1090) to work on /opt/airflow/dags/5.2-orchestration.py
[2024-09-01T23:57:41.881+0000] {processor.py:914} INFO - Processing file /opt/airflow/dags/5.2-orchestration.py for tasks to queue
[2024-09-01T23:57:41.886+0000] {logging_mixin.py:190} INFO - [2024-09-01T23:57:41.885+0000] {dagbag.py:587} INFO - Filling up the DagBag from /opt/airflow/dags/5.2-orchestration.py
[2024-09-01T23:57:41.906+0000] {processor.py:925} INFO - DAG(s) '5.2-orchestration' retrieved from /opt/airflow/dags/5.2-orchestration.py
[2024-09-01T23:57:41.969+0000] {logging_mixin.py:190} INFO - [2024-09-01T23:57:41.969+0000] {dag.py:3211} INFO - Sync 1 DAGs
[2024-09-01T23:57:42.025+0000] {logging_mixin.py:190} INFO - [2024-09-01T23:57:42.025+0000] {dag.py:4138} INFO - Setting next_dagrun for 5.2-orchestration to None, run_after=None
[2024-09-01T23:57:42.060+0000] {processor.py:208} INFO - Processing /opt/airflow/dags/5.2-orchestration.py took 0.199 seconds
[2024-09-01T23:58:12.241+0000] {processor.py:186} INFO - Started process (PID=1102) to work on /opt/airflow/dags/5.2-orchestration.py
[2024-09-01T23:58:12.250+0000] {processor.py:914} INFO - Processing file /opt/airflow/dags/5.2-orchestration.py for tasks to queue
[2024-09-01T23:58:12.256+0000] {logging_mixin.py:190} INFO - [2024-09-01T23:58:12.255+0000] {dagbag.py:587} INFO - Filling up the DagBag from /opt/airflow/dags/5.2-orchestration.py
[2024-09-01T23:58:12.276+0000] {processor.py:925} INFO - DAG(s) '5.2-orchestration' retrieved from /opt/airflow/dags/5.2-orchestration.py
[2024-09-01T23:58:12.316+0000] {logging_mixin.py:190} INFO - [2024-09-01T23:58:12.315+0000] {dag.py:3211} INFO - Sync 1 DAGs
[2024-09-01T23:58:12.368+0000] {logging_mixin.py:190} INFO - [2024-09-01T23:58:12.367+0000] {dag.py:4138} INFO - Setting next_dagrun for 5.2-orchestration to None, run_after=None
[2024-09-01T23:58:12.408+0000] {processor.py:208} INFO - Processing /opt/airflow/dags/5.2-orchestration.py took 0.181 seconds
[2024-09-01T23:58:43.238+0000] {processor.py:186} INFO - Started process (PID=1114) to work on /opt/airflow/dags/5.2-orchestration.py
[2024-09-01T23:58:43.263+0000] {processor.py:914} INFO - Processing file /opt/airflow/dags/5.2-orchestration.py for tasks to queue
[2024-09-01T23:58:43.267+0000] {logging_mixin.py:190} INFO - [2024-09-01T23:58:43.267+0000] {dagbag.py:587} INFO - Filling up the DagBag from /opt/airflow/dags/5.2-orchestration.py
[2024-09-01T23:58:43.285+0000] {processor.py:925} INFO - DAG(s) '5.2-orchestration' retrieved from /opt/airflow/dags/5.2-orchestration.py
[2024-09-01T23:58:43.338+0000] {logging_mixin.py:190} INFO - [2024-09-01T23:58:43.338+0000] {dag.py:3211} INFO - Sync 1 DAGs
[2024-09-01T23:58:43.394+0000] {logging_mixin.py:190} INFO - [2024-09-01T23:58:43.394+0000] {dag.py:4138} INFO - Setting next_dagrun for 5.2-orchestration to None, run_after=None
[2024-09-01T23:58:43.429+0000] {processor.py:208} INFO - Processing /opt/airflow/dags/5.2-orchestration.py took 0.205 seconds
[2024-09-01T23:59:14.244+0000] {processor.py:186} INFO - Started process (PID=1126) to work on /opt/airflow/dags/5.2-orchestration.py
[2024-09-01T23:59:14.245+0000] {processor.py:914} INFO - Processing file /opt/airflow/dags/5.2-orchestration.py for tasks to queue
[2024-09-01T23:59:14.248+0000] {logging_mixin.py:190} INFO - [2024-09-01T23:59:14.248+0000] {dagbag.py:587} INFO - Filling up the DagBag from /opt/airflow/dags/5.2-orchestration.py
[2024-09-01T23:59:14.266+0000] {processor.py:925} INFO - DAG(s) '5.2-orchestration' retrieved from /opt/airflow/dags/5.2-orchestration.py
[2024-09-01T23:59:14.311+0000] {logging_mixin.py:190} INFO - [2024-09-01T23:59:14.311+0000] {dag.py:3211} INFO - Sync 1 DAGs
[2024-09-01T23:59:14.355+0000] {logging_mixin.py:190} INFO - [2024-09-01T23:59:14.355+0000] {dag.py:4138} INFO - Setting next_dagrun for 5.2-orchestration to None, run_after=None
[2024-09-01T23:59:14.383+0000] {processor.py:208} INFO - Processing /opt/airflow/dags/5.2-orchestration.py took 0.148 seconds
[2024-09-01T23:59:44.984+0000] {processor.py:186} INFO - Started process (PID=1137) to work on /opt/airflow/dags/5.2-orchestration.py
[2024-09-01T23:59:44.986+0000] {processor.py:914} INFO - Processing file /opt/airflow/dags/5.2-orchestration.py for tasks to queue
[2024-09-01T23:59:44.991+0000] {logging_mixin.py:190} INFO - [2024-09-01T23:59:44.990+0000] {dagbag.py:587} INFO - Filling up the DagBag from /opt/airflow/dags/5.2-orchestration.py
[2024-09-01T23:59:45.007+0000] {processor.py:925} INFO - DAG(s) '5.2-orchestration' retrieved from /opt/airflow/dags/5.2-orchestration.py
[2024-09-01T23:59:45.053+0000] {logging_mixin.py:190} INFO - [2024-09-01T23:59:45.053+0000] {dag.py:3211} INFO - Sync 1 DAGs
[2024-09-01T23:59:45.103+0000] {logging_mixin.py:190} INFO - [2024-09-01T23:59:45.102+0000] {dag.py:4138} INFO - Setting next_dagrun for 5.2-orchestration to None, run_after=None
[2024-09-01T23:59:45.132+0000] {processor.py:208} INFO - Processing /opt/airflow/dags/5.2-orchestration.py took 0.159 seconds
