[2024-09-01T23:13:40.651+0000] {processor.py:186} INFO - Started process (PID=60) to work on /opt/airflow/dags/5.3-orchestration.py
[2024-09-01T23:13:40.652+0000] {processor.py:914} INFO - Processing file /opt/airflow/dags/5.3-orchestration.py for tasks to queue
[2024-09-01T23:13:40.657+0000] {logging_mixin.py:190} INFO - [2024-09-01T23:13:40.657+0000] {dagbag.py:587} INFO - Filling up the DagBag from /opt/airflow/dags/5.3-orchestration.py
[2024-09-01T23:13:40.690+0000] {processor.py:925} INFO - DAG(s) '5.3-orchestration' retrieved from /opt/airflow/dags/5.3-orchestration.py
[2024-09-01T23:13:40.755+0000] {logging_mixin.py:190} INFO - [2024-09-01T23:13:40.755+0000] {dag.py:3211} INFO - Sync 1 DAGs
[2024-09-01T23:13:40.821+0000] {logging_mixin.py:190} INFO - [2024-09-01T23:13:40.821+0000] {dag.py:4138} INFO - Setting next_dagrun for 5.3-orchestration to None, run_after=None
[2024-09-01T23:13:40.863+0000] {processor.py:208} INFO - Processing /opt/airflow/dags/5.3-orchestration.py took 0.247 seconds
[2024-09-01T23:14:11.572+0000] {processor.py:186} INFO - Started process (PID=72) to work on /opt/airflow/dags/5.3-orchestration.py
[2024-09-01T23:14:11.624+0000] {processor.py:914} INFO - Processing file /opt/airflow/dags/5.3-orchestration.py for tasks to queue
[2024-09-01T23:14:11.627+0000] {logging_mixin.py:190} INFO - [2024-09-01T23:14:11.626+0000] {dagbag.py:587} INFO - Filling up the DagBag from /opt/airflow/dags/5.3-orchestration.py
[2024-09-01T23:14:11.645+0000] {processor.py:925} INFO - DAG(s) '5.3-orchestration' retrieved from /opt/airflow/dags/5.3-orchestration.py
[2024-09-01T23:14:11.694+0000] {logging_mixin.py:190} INFO - [2024-09-01T23:14:11.693+0000] {dag.py:3211} INFO - Sync 1 DAGs
[2024-09-01T23:14:11.740+0000] {logging_mixin.py:190} INFO - [2024-09-01T23:14:11.739+0000] {dag.py:4138} INFO - Setting next_dagrun for 5.3-orchestration to None, run_after=None
[2024-09-01T23:14:11.777+0000] {processor.py:208} INFO - Processing /opt/airflow/dags/5.3-orchestration.py took 0.218 seconds
[2024-09-01T23:14:42.400+0000] {processor.py:186} INFO - Started process (PID=84) to work on /opt/airflow/dags/5.3-orchestration.py
[2024-09-01T23:14:42.401+0000] {processor.py:914} INFO - Processing file /opt/airflow/dags/5.3-orchestration.py for tasks to queue
[2024-09-01T23:14:42.406+0000] {logging_mixin.py:190} INFO - [2024-09-01T23:14:42.405+0000] {dagbag.py:587} INFO - Filling up the DagBag from /opt/airflow/dags/5.3-orchestration.py
[2024-09-01T23:14:42.433+0000] {processor.py:925} INFO - DAG(s) '5.3-orchestration' retrieved from /opt/airflow/dags/5.3-orchestration.py
[2024-09-01T23:14:42.483+0000] {logging_mixin.py:190} INFO - [2024-09-01T23:14:42.483+0000] {dag.py:3211} INFO - Sync 1 DAGs
[2024-09-01T23:14:42.543+0000] {logging_mixin.py:190} INFO - [2024-09-01T23:14:42.543+0000] {dag.py:4138} INFO - Setting next_dagrun for 5.3-orchestration to None, run_after=None
[2024-09-01T23:14:42.584+0000] {processor.py:208} INFO - Processing /opt/airflow/dags/5.3-orchestration.py took 0.196 seconds
[2024-09-01T23:15:13.258+0000] {processor.py:186} INFO - Started process (PID=96) to work on /opt/airflow/dags/5.3-orchestration.py
[2024-09-01T23:15:13.259+0000] {processor.py:914} INFO - Processing file /opt/airflow/dags/5.3-orchestration.py for tasks to queue
[2024-09-01T23:15:13.262+0000] {logging_mixin.py:190} INFO - [2024-09-01T23:15:13.261+0000] {dagbag.py:587} INFO - Filling up the DagBag from /opt/airflow/dags/5.3-orchestration.py
[2024-09-01T23:15:13.279+0000] {processor.py:925} INFO - DAG(s) '5.3-orchestration' retrieved from /opt/airflow/dags/5.3-orchestration.py
[2024-09-01T23:15:13.323+0000] {logging_mixin.py:190} INFO - [2024-09-01T23:15:13.322+0000] {dag.py:3211} INFO - Sync 1 DAGs
[2024-09-01T23:15:13.369+0000] {logging_mixin.py:190} INFO - [2024-09-01T23:15:13.369+0000] {dag.py:4138} INFO - Setting next_dagrun for 5.3-orchestration to None, run_after=None
[2024-09-01T23:15:13.398+0000] {processor.py:208} INFO - Processing /opt/airflow/dags/5.3-orchestration.py took 0.150 seconds
[2024-09-01T23:15:43.976+0000] {processor.py:186} INFO - Started process (PID=107) to work on /opt/airflow/dags/5.3-orchestration.py
[2024-09-01T23:15:44.183+0000] {processor.py:914} INFO - Processing file /opt/airflow/dags/5.3-orchestration.py for tasks to queue
[2024-09-01T23:15:44.188+0000] {logging_mixin.py:190} INFO - [2024-09-01T23:15:44.188+0000] {dagbag.py:587} INFO - Filling up the DagBag from /opt/airflow/dags/5.3-orchestration.py
[2024-09-01T23:15:44.213+0000] {processor.py:925} INFO - DAG(s) '5.3-orchestration' retrieved from /opt/airflow/dags/5.3-orchestration.py
[2024-09-01T23:15:44.276+0000] {logging_mixin.py:190} INFO - [2024-09-01T23:15:44.275+0000] {dag.py:3211} INFO - Sync 1 DAGs
[2024-09-01T23:15:44.341+0000] {logging_mixin.py:190} INFO - [2024-09-01T23:15:44.341+0000] {dag.py:4138} INFO - Setting next_dagrun for 5.3-orchestration to None, run_after=None
[2024-09-01T23:15:44.407+0000] {processor.py:208} INFO - Processing /opt/airflow/dags/5.3-orchestration.py took 0.444 seconds
[2024-09-01T23:16:14.638+0000] {processor.py:186} INFO - Started process (PID=120) to work on /opt/airflow/dags/5.3-orchestration.py
[2024-09-01T23:16:14.639+0000] {processor.py:914} INFO - Processing file /opt/airflow/dags/5.3-orchestration.py for tasks to queue
[2024-09-01T23:16:14.642+0000] {logging_mixin.py:190} INFO - [2024-09-01T23:16:14.642+0000] {dagbag.py:587} INFO - Filling up the DagBag from /opt/airflow/dags/5.3-orchestration.py
[2024-09-01T23:16:14.660+0000] {processor.py:925} INFO - DAG(s) '5.3-orchestration' retrieved from /opt/airflow/dags/5.3-orchestration.py
[2024-09-01T23:16:14.706+0000] {logging_mixin.py:190} INFO - [2024-09-01T23:16:14.706+0000] {dag.py:3211} INFO - Sync 1 DAGs
[2024-09-01T23:16:14.960+0000] {logging_mixin.py:190} INFO - [2024-09-01T23:16:14.959+0000] {dag.py:4138} INFO - Setting next_dagrun for 5.3-orchestration to None, run_after=None
[2024-09-01T23:16:14.986+0000] {processor.py:208} INFO - Processing /opt/airflow/dags/5.3-orchestration.py took 0.358 seconds
[2024-09-01T23:16:45.303+0000] {processor.py:186} INFO - Started process (PID=132) to work on /opt/airflow/dags/5.3-orchestration.py
[2024-09-01T23:16:45.344+0000] {processor.py:914} INFO - Processing file /opt/airflow/dags/5.3-orchestration.py for tasks to queue
[2024-09-01T23:16:45.348+0000] {logging_mixin.py:190} INFO - [2024-09-01T23:16:45.347+0000] {dagbag.py:587} INFO - Filling up the DagBag from /opt/airflow/dags/5.3-orchestration.py
[2024-09-01T23:16:45.367+0000] {processor.py:925} INFO - DAG(s) '5.3-orchestration' retrieved from /opt/airflow/dags/5.3-orchestration.py
[2024-09-01T23:16:45.419+0000] {logging_mixin.py:190} INFO - [2024-09-01T23:16:45.418+0000] {dag.py:3211} INFO - Sync 1 DAGs
[2024-09-01T23:16:45.697+0000] {logging_mixin.py:190} INFO - [2024-09-01T23:16:45.696+0000] {dag.py:4138} INFO - Setting next_dagrun for 5.3-orchestration to None, run_after=None
[2024-09-01T23:16:45.747+0000] {processor.py:208} INFO - Processing /opt/airflow/dags/5.3-orchestration.py took 0.459 seconds
[2024-09-01T23:17:16.680+0000] {processor.py:186} INFO - Started process (PID=144) to work on /opt/airflow/dags/5.3-orchestration.py
[2024-09-01T23:17:16.682+0000] {processor.py:914} INFO - Processing file /opt/airflow/dags/5.3-orchestration.py for tasks to queue
[2024-09-01T23:17:16.686+0000] {logging_mixin.py:190} INFO - [2024-09-01T23:17:16.686+0000] {dagbag.py:587} INFO - Filling up the DagBag from /opt/airflow/dags/5.3-orchestration.py
[2024-09-01T23:17:16.711+0000] {processor.py:925} INFO - DAG(s) '5.3-orchestration' retrieved from /opt/airflow/dags/5.3-orchestration.py
[2024-09-01T23:17:16.990+0000] {logging_mixin.py:190} INFO - [2024-09-01T23:17:16.989+0000] {dag.py:3211} INFO - Sync 1 DAGs
[2024-09-01T23:17:17.057+0000] {logging_mixin.py:190} INFO - [2024-09-01T23:17:17.056+0000] {dag.py:4138} INFO - Setting next_dagrun for 5.3-orchestration to None, run_after=None
[2024-09-01T23:17:17.094+0000] {processor.py:208} INFO - Processing /opt/airflow/dags/5.3-orchestration.py took 0.427 seconds
[2024-09-01T23:17:47.524+0000] {processor.py:186} INFO - Started process (PID=156) to work on /opt/airflow/dags/5.3-orchestration.py
[2024-09-01T23:17:47.525+0000] {processor.py:914} INFO - Processing file /opt/airflow/dags/5.3-orchestration.py for tasks to queue
[2024-09-01T23:17:47.528+0000] {logging_mixin.py:190} INFO - [2024-09-01T23:17:47.528+0000] {dagbag.py:587} INFO - Filling up the DagBag from /opt/airflow/dags/5.3-orchestration.py
[2024-09-01T23:17:47.725+0000] {processor.py:925} INFO - DAG(s) '5.3-orchestration' retrieved from /opt/airflow/dags/5.3-orchestration.py
[2024-09-01T23:17:47.778+0000] {logging_mixin.py:190} INFO - [2024-09-01T23:17:47.777+0000] {dag.py:3211} INFO - Sync 1 DAGs
[2024-09-01T23:17:47.834+0000] {logging_mixin.py:190} INFO - [2024-09-01T23:17:47.834+0000] {dag.py:4138} INFO - Setting next_dagrun for 5.3-orchestration to None, run_after=None
[2024-09-01T23:17:47.869+0000] {processor.py:208} INFO - Processing /opt/airflow/dags/5.3-orchestration.py took 0.354 seconds
[2024-09-01T23:18:18.220+0000] {processor.py:186} INFO - Started process (PID=167) to work on /opt/airflow/dags/5.3-orchestration.py
[2024-09-01T23:18:18.266+0000] {processor.py:914} INFO - Processing file /opt/airflow/dags/5.3-orchestration.py for tasks to queue
[2024-09-01T23:18:18.271+0000] {logging_mixin.py:190} INFO - [2024-09-01T23:18:18.270+0000] {dagbag.py:587} INFO - Filling up the DagBag from /opt/airflow/dags/5.3-orchestration.py
[2024-09-01T23:18:18.298+0000] {processor.py:925} INFO - DAG(s) '5.3-orchestration' retrieved from /opt/airflow/dags/5.3-orchestration.py
[2024-09-01T23:18:18.357+0000] {logging_mixin.py:190} INFO - [2024-09-01T23:18:18.357+0000] {dag.py:3211} INFO - Sync 1 DAGs
[2024-09-01T23:18:18.414+0000] {logging_mixin.py:190} INFO - [2024-09-01T23:18:18.414+0000] {dag.py:4138} INFO - Setting next_dagrun for 5.3-orchestration to None, run_after=None
[2024-09-01T23:18:18.448+0000] {processor.py:208} INFO - Processing /opt/airflow/dags/5.3-orchestration.py took 0.243 seconds
[2024-09-01T23:18:49.274+0000] {processor.py:186} INFO - Started process (PID=178) to work on /opt/airflow/dags/5.3-orchestration.py
[2024-09-01T23:18:49.275+0000] {processor.py:914} INFO - Processing file /opt/airflow/dags/5.3-orchestration.py for tasks to queue
[2024-09-01T23:18:49.305+0000] {logging_mixin.py:190} INFO - [2024-09-01T23:18:49.292+0000] {dagbag.py:587} INFO - Filling up the DagBag from /opt/airflow/dags/5.3-orchestration.py
[2024-09-01T23:18:49.409+0000] {processor.py:925} INFO - DAG(s) '5.3-orchestration' retrieved from /opt/airflow/dags/5.3-orchestration.py
[2024-09-01T23:18:49.594+0000] {logging_mixin.py:190} INFO - [2024-09-01T23:18:49.593+0000] {dag.py:3211} INFO - Sync 1 DAGs
[2024-09-01T23:18:49.786+0000] {logging_mixin.py:190} INFO - [2024-09-01T23:18:49.785+0000] {dag.py:4138} INFO - Setting next_dagrun for 5.3-orchestration to None, run_after=None
[2024-09-01T23:18:49.889+0000] {processor.py:208} INFO - Processing /opt/airflow/dags/5.3-orchestration.py took 0.666 seconds
[2024-09-01T23:19:20.439+0000] {processor.py:186} INFO - Started process (PID=190) to work on /opt/airflow/dags/5.3-orchestration.py
[2024-09-01T23:19:20.461+0000] {processor.py:914} INFO - Processing file /opt/airflow/dags/5.3-orchestration.py for tasks to queue
[2024-09-01T23:19:20.466+0000] {logging_mixin.py:190} INFO - [2024-09-01T23:19:20.465+0000] {dagbag.py:587} INFO - Filling up the DagBag from /opt/airflow/dags/5.3-orchestration.py
[2024-09-01T23:19:20.505+0000] {processor.py:925} INFO - DAG(s) '5.3-orchestration' retrieved from /opt/airflow/dags/5.3-orchestration.py
[2024-09-01T23:19:20.567+0000] {logging_mixin.py:190} INFO - [2024-09-01T23:19:20.566+0000] {dag.py:3211} INFO - Sync 1 DAGs
[2024-09-01T23:19:20.630+0000] {logging_mixin.py:190} INFO - [2024-09-01T23:19:20.630+0000] {dag.py:4138} INFO - Setting next_dagrun for 5.3-orchestration to None, run_after=None
[2024-09-01T23:19:20.665+0000] {processor.py:208} INFO - Processing /opt/airflow/dags/5.3-orchestration.py took 0.244 seconds
[2024-09-01T23:19:51.179+0000] {processor.py:186} INFO - Started process (PID=201) to work on /opt/airflow/dags/5.3-orchestration.py
[2024-09-01T23:19:51.181+0000] {processor.py:914} INFO - Processing file /opt/airflow/dags/5.3-orchestration.py for tasks to queue
[2024-09-01T23:19:51.187+0000] {logging_mixin.py:190} INFO - [2024-09-01T23:19:51.187+0000] {dagbag.py:587} INFO - Filling up the DagBag from /opt/airflow/dags/5.3-orchestration.py
[2024-09-01T23:19:51.214+0000] {processor.py:925} INFO - DAG(s) '5.3-orchestration' retrieved from /opt/airflow/dags/5.3-orchestration.py
[2024-09-01T23:19:51.265+0000] {logging_mixin.py:190} INFO - [2024-09-01T23:19:51.264+0000] {dag.py:3211} INFO - Sync 1 DAGs
[2024-09-01T23:19:51.309+0000] {logging_mixin.py:190} INFO - [2024-09-01T23:19:51.309+0000] {dag.py:4138} INFO - Setting next_dagrun for 5.3-orchestration to None, run_after=None
[2024-09-01T23:19:51.342+0000] {processor.py:208} INFO - Processing /opt/airflow/dags/5.3-orchestration.py took 0.175 seconds
[2024-09-01T23:20:21.941+0000] {processor.py:186} INFO - Started process (PID=213) to work on /opt/airflow/dags/5.3-orchestration.py
[2024-09-01T23:20:21.961+0000] {processor.py:914} INFO - Processing file /opt/airflow/dags/5.3-orchestration.py for tasks to queue
[2024-09-01T23:20:21.966+0000] {logging_mixin.py:190} INFO - [2024-09-01T23:20:21.965+0000] {dagbag.py:587} INFO - Filling up the DagBag from /opt/airflow/dags/5.3-orchestration.py
[2024-09-01T23:20:22.001+0000] {processor.py:925} INFO - DAG(s) '5.3-orchestration' retrieved from /opt/airflow/dags/5.3-orchestration.py
[2024-09-01T23:20:22.088+0000] {logging_mixin.py:190} INFO - [2024-09-01T23:20:22.088+0000] {dag.py:3211} INFO - Sync 1 DAGs
[2024-09-01T23:20:22.174+0000] {logging_mixin.py:190} INFO - [2024-09-01T23:20:22.172+0000] {dag.py:4138} INFO - Setting next_dagrun for 5.3-orchestration to None, run_after=None
[2024-09-01T23:20:22.226+0000] {processor.py:208} INFO - Processing /opt/airflow/dags/5.3-orchestration.py took 0.302 seconds
[2024-09-01T23:20:52.863+0000] {processor.py:186} INFO - Started process (PID=225) to work on /opt/airflow/dags/5.3-orchestration.py
[2024-09-01T23:20:52.865+0000] {processor.py:914} INFO - Processing file /opt/airflow/dags/5.3-orchestration.py for tasks to queue
[2024-09-01T23:20:52.870+0000] {logging_mixin.py:190} INFO - [2024-09-01T23:20:52.869+0000] {dagbag.py:587} INFO - Filling up the DagBag from /opt/airflow/dags/5.3-orchestration.py
[2024-09-01T23:20:52.891+0000] {processor.py:925} INFO - DAG(s) '5.3-orchestration' retrieved from /opt/airflow/dags/5.3-orchestration.py
[2024-09-01T23:20:52.986+0000] {logging_mixin.py:190} INFO - [2024-09-01T23:20:52.986+0000] {dag.py:3211} INFO - Sync 1 DAGs
[2024-09-01T23:20:53.057+0000] {logging_mixin.py:190} INFO - [2024-09-01T23:20:53.057+0000] {dag.py:4138} INFO - Setting next_dagrun for 5.3-orchestration to None, run_after=None
[2024-09-01T23:20:53.109+0000] {processor.py:208} INFO - Processing /opt/airflow/dags/5.3-orchestration.py took 0.259 seconds
[2024-09-01T23:21:23.276+0000] {processor.py:186} INFO - Started process (PID=237) to work on /opt/airflow/dags/5.3-orchestration.py
[2024-09-01T23:21:23.298+0000] {processor.py:914} INFO - Processing file /opt/airflow/dags/5.3-orchestration.py for tasks to queue
[2024-09-01T23:21:23.304+0000] {logging_mixin.py:190} INFO - [2024-09-01T23:21:23.303+0000] {dagbag.py:587} INFO - Filling up the DagBag from /opt/airflow/dags/5.3-orchestration.py
[2024-09-01T23:21:23.335+0000] {processor.py:925} INFO - DAG(s) '5.3-orchestration' retrieved from /opt/airflow/dags/5.3-orchestration.py
[2024-09-01T23:21:23.397+0000] {logging_mixin.py:190} INFO - [2024-09-01T23:21:23.396+0000] {dag.py:3211} INFO - Sync 1 DAGs
[2024-09-01T23:21:23.455+0000] {logging_mixin.py:190} INFO - [2024-09-01T23:21:23.455+0000] {dag.py:4138} INFO - Setting next_dagrun for 5.3-orchestration to None, run_after=None
[2024-09-01T23:21:23.493+0000] {processor.py:208} INFO - Processing /opt/airflow/dags/5.3-orchestration.py took 0.228 seconds
[2024-09-01T23:21:53.639+0000] {processor.py:186} INFO - Started process (PID=249) to work on /opt/airflow/dags/5.3-orchestration.py
[2024-09-01T23:21:53.645+0000] {processor.py:914} INFO - Processing file /opt/airflow/dags/5.3-orchestration.py for tasks to queue
[2024-09-01T23:21:53.650+0000] {logging_mixin.py:190} INFO - [2024-09-01T23:21:53.649+0000] {dagbag.py:587} INFO - Filling up the DagBag from /opt/airflow/dags/5.3-orchestration.py
[2024-09-01T23:21:53.689+0000] {processor.py:925} INFO - DAG(s) '5.3-orchestration' retrieved from /opt/airflow/dags/5.3-orchestration.py
[2024-09-01T23:21:53.777+0000] {logging_mixin.py:190} INFO - [2024-09-01T23:21:53.776+0000] {dag.py:3211} INFO - Sync 1 DAGs
[2024-09-01T23:21:53.852+0000] {logging_mixin.py:190} INFO - [2024-09-01T23:21:53.851+0000] {dag.py:4138} INFO - Setting next_dagrun for 5.3-orchestration to None, run_after=None
[2024-09-01T23:21:53.896+0000] {processor.py:208} INFO - Processing /opt/airflow/dags/5.3-orchestration.py took 0.272 seconds
[2024-09-01T23:22:23.957+0000] {processor.py:186} INFO - Started process (PID=260) to work on /opt/airflow/dags/5.3-orchestration.py
[2024-09-01T23:22:23.958+0000] {processor.py:914} INFO - Processing file /opt/airflow/dags/5.3-orchestration.py for tasks to queue
[2024-09-01T23:22:23.964+0000] {logging_mixin.py:190} INFO - [2024-09-01T23:22:23.963+0000] {dagbag.py:587} INFO - Filling up the DagBag from /opt/airflow/dags/5.3-orchestration.py
[2024-09-01T23:22:23.992+0000] {processor.py:925} INFO - DAG(s) '5.3-orchestration' retrieved from /opt/airflow/dags/5.3-orchestration.py
[2024-09-01T23:22:24.054+0000] {logging_mixin.py:190} INFO - [2024-09-01T23:22:24.053+0000] {dag.py:3211} INFO - Sync 1 DAGs
[2024-09-01T23:22:24.116+0000] {logging_mixin.py:190} INFO - [2024-09-01T23:22:24.115+0000] {dag.py:4138} INFO - Setting next_dagrun for 5.3-orchestration to None, run_after=None
[2024-09-01T23:22:24.164+0000] {processor.py:208} INFO - Processing /opt/airflow/dags/5.3-orchestration.py took 0.222 seconds
[2024-09-01T23:22:54.241+0000] {processor.py:186} INFO - Started process (PID=272) to work on /opt/airflow/dags/5.3-orchestration.py
[2024-09-01T23:22:54.265+0000] {processor.py:914} INFO - Processing file /opt/airflow/dags/5.3-orchestration.py for tasks to queue
[2024-09-01T23:22:54.268+0000] {logging_mixin.py:190} INFO - [2024-09-01T23:22:54.268+0000] {dagbag.py:587} INFO - Filling up the DagBag from /opt/airflow/dags/5.3-orchestration.py
[2024-09-01T23:22:54.286+0000] {processor.py:925} INFO - DAG(s) '5.3-orchestration' retrieved from /opt/airflow/dags/5.3-orchestration.py
[2024-09-01T23:22:54.333+0000] {logging_mixin.py:190} INFO - [2024-09-01T23:22:54.332+0000] {dag.py:3211} INFO - Sync 1 DAGs
[2024-09-01T23:22:54.378+0000] {logging_mixin.py:190} INFO - [2024-09-01T23:22:54.378+0000] {dag.py:4138} INFO - Setting next_dagrun for 5.3-orchestration to None, run_after=None
[2024-09-01T23:22:54.405+0000] {processor.py:208} INFO - Processing /opt/airflow/dags/5.3-orchestration.py took 0.173 seconds
[2024-09-01T23:23:25.074+0000] {processor.py:186} INFO - Started process (PID=284) to work on /opt/airflow/dags/5.3-orchestration.py
[2024-09-01T23:23:25.076+0000] {processor.py:914} INFO - Processing file /opt/airflow/dags/5.3-orchestration.py for tasks to queue
[2024-09-01T23:23:25.088+0000] {logging_mixin.py:190} INFO - [2024-09-01T23:23:25.087+0000] {dagbag.py:587} INFO - Filling up the DagBag from /opt/airflow/dags/5.3-orchestration.py
[2024-09-01T23:23:25.120+0000] {processor.py:925} INFO - DAG(s) '5.3-orchestration' retrieved from /opt/airflow/dags/5.3-orchestration.py
[2024-09-01T23:23:25.180+0000] {logging_mixin.py:190} INFO - [2024-09-01T23:23:25.179+0000] {dag.py:3211} INFO - Sync 1 DAGs
[2024-09-01T23:23:25.228+0000] {logging_mixin.py:190} INFO - [2024-09-01T23:23:25.228+0000] {dag.py:4138} INFO - Setting next_dagrun for 5.3-orchestration to None, run_after=None
[2024-09-01T23:23:25.265+0000] {processor.py:208} INFO - Processing /opt/airflow/dags/5.3-orchestration.py took 0.206 seconds
[2024-09-01T23:23:55.808+0000] {processor.py:186} INFO - Started process (PID=302) to work on /opt/airflow/dags/5.3-orchestration.py
[2024-09-01T23:23:55.831+0000] {processor.py:914} INFO - Processing file /opt/airflow/dags/5.3-orchestration.py for tasks to queue
[2024-09-01T23:23:55.835+0000] {logging_mixin.py:190} INFO - [2024-09-01T23:23:55.835+0000] {dagbag.py:587} INFO - Filling up the DagBag from /opt/airflow/dags/5.3-orchestration.py
[2024-09-01T23:23:55.856+0000] {processor.py:925} INFO - DAG(s) '5.3-orchestration' retrieved from /opt/airflow/dags/5.3-orchestration.py
[2024-09-01T23:23:55.926+0000] {logging_mixin.py:190} INFO - [2024-09-01T23:23:55.925+0000] {dag.py:3211} INFO - Sync 1 DAGs
[2024-09-01T23:23:56.005+0000] {logging_mixin.py:190} INFO - [2024-09-01T23:23:56.005+0000] {dag.py:4138} INFO - Setting next_dagrun for 5.3-orchestration to None, run_after=None
[2024-09-01T23:23:56.032+0000] {processor.py:208} INFO - Processing /opt/airflow/dags/5.3-orchestration.py took 0.234 seconds
[2024-09-01T23:24:26.708+0000] {processor.py:186} INFO - Started process (PID=314) to work on /opt/airflow/dags/5.3-orchestration.py
[2024-09-01T23:24:26.711+0000] {processor.py:914} INFO - Processing file /opt/airflow/dags/5.3-orchestration.py for tasks to queue
[2024-09-01T23:24:26.715+0000] {logging_mixin.py:190} INFO - [2024-09-01T23:24:26.715+0000] {dagbag.py:587} INFO - Filling up the DagBag from /opt/airflow/dags/5.3-orchestration.py
[2024-09-01T23:24:26.734+0000] {processor.py:925} INFO - DAG(s) '5.3-orchestration' retrieved from /opt/airflow/dags/5.3-orchestration.py
[2024-09-01T23:24:26.776+0000] {logging_mixin.py:190} INFO - [2024-09-01T23:24:26.776+0000] {dag.py:3211} INFO - Sync 1 DAGs
[2024-09-01T23:24:26.818+0000] {logging_mixin.py:190} INFO - [2024-09-01T23:24:26.817+0000] {dag.py:4138} INFO - Setting next_dagrun for 5.3-orchestration to None, run_after=None
[2024-09-01T23:24:26.846+0000] {processor.py:208} INFO - Processing /opt/airflow/dags/5.3-orchestration.py took 0.146 seconds
[2024-09-01T23:24:57.359+0000] {processor.py:186} INFO - Started process (PID=326) to work on /opt/airflow/dags/5.3-orchestration.py
[2024-09-01T23:24:57.361+0000] {processor.py:914} INFO - Processing file /opt/airflow/dags/5.3-orchestration.py for tasks to queue
[2024-09-01T23:24:57.365+0000] {logging_mixin.py:190} INFO - [2024-09-01T23:24:57.364+0000] {dagbag.py:587} INFO - Filling up the DagBag from /opt/airflow/dags/5.3-orchestration.py
[2024-09-01T23:24:57.381+0000] {processor.py:925} INFO - DAG(s) '5.3-orchestration' retrieved from /opt/airflow/dags/5.3-orchestration.py
[2024-09-01T23:24:57.430+0000] {logging_mixin.py:190} INFO - [2024-09-01T23:24:57.430+0000] {dag.py:3211} INFO - Sync 1 DAGs
[2024-09-01T23:24:57.494+0000] {logging_mixin.py:190} INFO - [2024-09-01T23:24:57.493+0000] {dag.py:4138} INFO - Setting next_dagrun for 5.3-orchestration to None, run_after=None
[2024-09-01T23:24:57.547+0000] {processor.py:208} INFO - Processing /opt/airflow/dags/5.3-orchestration.py took 0.200 seconds
[2024-09-01T23:25:28.175+0000] {processor.py:186} INFO - Started process (PID=338) to work on /opt/airflow/dags/5.3-orchestration.py
[2024-09-01T23:25:28.177+0000] {processor.py:914} INFO - Processing file /opt/airflow/dags/5.3-orchestration.py for tasks to queue
[2024-09-01T23:25:28.181+0000] {logging_mixin.py:190} INFO - [2024-09-01T23:25:28.180+0000] {dagbag.py:587} INFO - Filling up the DagBag from /opt/airflow/dags/5.3-orchestration.py
[2024-09-01T23:25:28.202+0000] {processor.py:925} INFO - DAG(s) '5.3-orchestration' retrieved from /opt/airflow/dags/5.3-orchestration.py
[2024-09-01T23:25:28.258+0000] {logging_mixin.py:190} INFO - [2024-09-01T23:25:28.258+0000] {dag.py:3211} INFO - Sync 1 DAGs
[2024-09-01T23:25:28.321+0000] {logging_mixin.py:190} INFO - [2024-09-01T23:25:28.321+0000] {dag.py:4138} INFO - Setting next_dagrun for 5.3-orchestration to None, run_after=None
[2024-09-01T23:25:28.353+0000] {processor.py:208} INFO - Processing /opt/airflow/dags/5.3-orchestration.py took 0.190 seconds
[2024-09-01T23:25:59.070+0000] {processor.py:186} INFO - Started process (PID=350) to work on /opt/airflow/dags/5.3-orchestration.py
[2024-09-01T23:25:59.223+0000] {processor.py:914} INFO - Processing file /opt/airflow/dags/5.3-orchestration.py for tasks to queue
[2024-09-01T23:25:59.228+0000] {logging_mixin.py:190} INFO - [2024-09-01T23:25:59.227+0000] {dagbag.py:587} INFO - Filling up the DagBag from /opt/airflow/dags/5.3-orchestration.py
[2024-09-01T23:25:59.269+0000] {processor.py:925} INFO - DAG(s) '5.3-orchestration' retrieved from /opt/airflow/dags/5.3-orchestration.py
[2024-09-01T23:25:59.331+0000] {logging_mixin.py:190} INFO - [2024-09-01T23:25:59.331+0000] {dag.py:3211} INFO - Sync 1 DAGs
[2024-09-01T23:25:59.397+0000] {logging_mixin.py:190} INFO - [2024-09-01T23:25:59.396+0000] {dag.py:4138} INFO - Setting next_dagrun for 5.3-orchestration to None, run_after=None
[2024-09-01T23:25:59.444+0000] {processor.py:208} INFO - Processing /opt/airflow/dags/5.3-orchestration.py took 0.398 seconds
[2024-09-01T23:26:29.655+0000] {processor.py:186} INFO - Started process (PID=361) to work on /opt/airflow/dags/5.3-orchestration.py
[2024-09-01T23:26:29.775+0000] {processor.py:914} INFO - Processing file /opt/airflow/dags/5.3-orchestration.py for tasks to queue
[2024-09-01T23:26:29.779+0000] {logging_mixin.py:190} INFO - [2024-09-01T23:26:29.778+0000] {dagbag.py:587} INFO - Filling up the DagBag from /opt/airflow/dags/5.3-orchestration.py
[2024-09-01T23:26:29.796+0000] {processor.py:925} INFO - DAG(s) '5.3-orchestration' retrieved from /opt/airflow/dags/5.3-orchestration.py
[2024-09-01T23:26:29.840+0000] {logging_mixin.py:190} INFO - [2024-09-01T23:26:29.839+0000] {dag.py:3211} INFO - Sync 1 DAGs
[2024-09-01T23:26:29.895+0000] {logging_mixin.py:190} INFO - [2024-09-01T23:26:29.895+0000] {dag.py:4138} INFO - Setting next_dagrun for 5.3-orchestration to None, run_after=None
[2024-09-01T23:26:29.920+0000] {processor.py:208} INFO - Processing /opt/airflow/dags/5.3-orchestration.py took 0.273 seconds
[2024-09-01T23:26:59.969+0000] {processor.py:186} INFO - Started process (PID=373) to work on /opt/airflow/dags/5.3-orchestration.py
[2024-09-01T23:27:00.011+0000] {processor.py:914} INFO - Processing file /opt/airflow/dags/5.3-orchestration.py for tasks to queue
[2024-09-01T23:27:00.015+0000] {logging_mixin.py:190} INFO - [2024-09-01T23:27:00.014+0000] {dagbag.py:587} INFO - Filling up the DagBag from /opt/airflow/dags/5.3-orchestration.py
[2024-09-01T23:27:00.037+0000] {processor.py:925} INFO - DAG(s) '5.3-orchestration' retrieved from /opt/airflow/dags/5.3-orchestration.py
[2024-09-01T23:27:00.085+0000] {logging_mixin.py:190} INFO - [2024-09-01T23:27:00.084+0000] {dag.py:3211} INFO - Sync 1 DAGs
[2024-09-01T23:27:00.134+0000] {logging_mixin.py:190} INFO - [2024-09-01T23:27:00.134+0000] {dag.py:4138} INFO - Setting next_dagrun for 5.3-orchestration to None, run_after=None
[2024-09-01T23:27:00.163+0000] {processor.py:208} INFO - Processing /opt/airflow/dags/5.3-orchestration.py took 0.206 seconds
[2024-09-01T23:27:30.692+0000] {processor.py:186} INFO - Started process (PID=385) to work on /opt/airflow/dags/5.3-orchestration.py
[2024-09-01T23:27:30.724+0000] {processor.py:914} INFO - Processing file /opt/airflow/dags/5.3-orchestration.py for tasks to queue
[2024-09-01T23:27:30.728+0000] {logging_mixin.py:190} INFO - [2024-09-01T23:27:30.728+0000] {dagbag.py:587} INFO - Filling up the DagBag from /opt/airflow/dags/5.3-orchestration.py
[2024-09-01T23:27:30.751+0000] {processor.py:925} INFO - DAG(s) '5.3-orchestration' retrieved from /opt/airflow/dags/5.3-orchestration.py
[2024-09-01T23:27:30.794+0000] {logging_mixin.py:190} INFO - [2024-09-01T23:27:30.794+0000] {dag.py:3211} INFO - Sync 1 DAGs
[2024-09-01T23:27:30.834+0000] {logging_mixin.py:190} INFO - [2024-09-01T23:27:30.834+0000] {dag.py:4138} INFO - Setting next_dagrun for 5.3-orchestration to None, run_after=None
[2024-09-01T23:27:30.860+0000] {processor.py:208} INFO - Processing /opt/airflow/dags/5.3-orchestration.py took 0.178 seconds
[2024-09-01T23:28:01.389+0000] {processor.py:186} INFO - Started process (PID=397) to work on /opt/airflow/dags/5.3-orchestration.py
[2024-09-01T23:28:01.405+0000] {processor.py:914} INFO - Processing file /opt/airflow/dags/5.3-orchestration.py for tasks to queue
[2024-09-01T23:28:01.413+0000] {logging_mixin.py:190} INFO - [2024-09-01T23:28:01.409+0000] {dagbag.py:587} INFO - Filling up the DagBag from /opt/airflow/dags/5.3-orchestration.py
[2024-09-01T23:28:01.448+0000] {processor.py:925} INFO - DAG(s) '5.3-orchestration' retrieved from /opt/airflow/dags/5.3-orchestration.py
[2024-09-01T23:28:01.504+0000] {logging_mixin.py:190} INFO - [2024-09-01T23:28:01.504+0000] {dag.py:3211} INFO - Sync 1 DAGs
[2024-09-01T23:28:01.566+0000] {logging_mixin.py:190} INFO - [2024-09-01T23:28:01.565+0000] {dag.py:4138} INFO - Setting next_dagrun for 5.3-orchestration to None, run_after=None
[2024-09-01T23:28:01.609+0000] {processor.py:208} INFO - Processing /opt/airflow/dags/5.3-orchestration.py took 0.236 seconds
[2024-09-01T23:28:32.152+0000] {processor.py:186} INFO - Started process (PID=408) to work on /opt/airflow/dags/5.3-orchestration.py
[2024-09-01T23:28:32.185+0000] {processor.py:914} INFO - Processing file /opt/airflow/dags/5.3-orchestration.py for tasks to queue
[2024-09-01T23:28:32.188+0000] {logging_mixin.py:190} INFO - [2024-09-01T23:28:32.188+0000] {dagbag.py:587} INFO - Filling up the DagBag from /opt/airflow/dags/5.3-orchestration.py
[2024-09-01T23:28:32.206+0000] {processor.py:925} INFO - DAG(s) '5.3-orchestration' retrieved from /opt/airflow/dags/5.3-orchestration.py
[2024-09-01T23:28:32.254+0000] {logging_mixin.py:190} INFO - [2024-09-01T23:28:32.254+0000] {dag.py:3211} INFO - Sync 1 DAGs
[2024-09-01T23:28:32.298+0000] {logging_mixin.py:190} INFO - [2024-09-01T23:28:32.298+0000] {dag.py:4138} INFO - Setting next_dagrun for 5.3-orchestration to None, run_after=None
[2024-09-01T23:28:32.327+0000] {processor.py:208} INFO - Processing /opt/airflow/dags/5.3-orchestration.py took 0.185 seconds
[2024-09-01T23:29:02.439+0000] {processor.py:186} INFO - Started process (PID=421) to work on /opt/airflow/dags/5.3-orchestration.py
[2024-09-01T23:29:02.454+0000] {processor.py:914} INFO - Processing file /opt/airflow/dags/5.3-orchestration.py for tasks to queue
[2024-09-01T23:29:02.460+0000] {logging_mixin.py:190} INFO - [2024-09-01T23:29:02.459+0000] {dagbag.py:587} INFO - Filling up the DagBag from /opt/airflow/dags/5.3-orchestration.py
[2024-09-01T23:29:02.479+0000] {processor.py:925} INFO - DAG(s) '5.3-orchestration' retrieved from /opt/airflow/dags/5.3-orchestration.py
[2024-09-01T23:29:02.517+0000] {logging_mixin.py:190} INFO - [2024-09-01T23:29:02.516+0000] {dag.py:3211} INFO - Sync 1 DAGs
[2024-09-01T23:29:02.563+0000] {logging_mixin.py:190} INFO - [2024-09-01T23:29:02.562+0000] {dag.py:4138} INFO - Setting next_dagrun for 5.3-orchestration to None, run_after=None
[2024-09-01T23:29:02.591+0000] {processor.py:208} INFO - Processing /opt/airflow/dags/5.3-orchestration.py took 0.161 seconds
[2024-09-01T23:29:32.804+0000] {processor.py:186} INFO - Started process (PID=432) to work on /opt/airflow/dags/5.3-orchestration.py
[2024-09-01T23:29:32.813+0000] {processor.py:914} INFO - Processing file /opt/airflow/dags/5.3-orchestration.py for tasks to queue
[2024-09-01T23:29:32.817+0000] {logging_mixin.py:190} INFO - [2024-09-01T23:29:32.816+0000] {dagbag.py:587} INFO - Filling up the DagBag from /opt/airflow/dags/5.3-orchestration.py
[2024-09-01T23:29:32.833+0000] {processor.py:925} INFO - DAG(s) '5.3-orchestration' retrieved from /opt/airflow/dags/5.3-orchestration.py
[2024-09-01T23:29:32.877+0000] {logging_mixin.py:190} INFO - [2024-09-01T23:29:32.877+0000] {dag.py:3211} INFO - Sync 1 DAGs
[2024-09-01T23:29:32.930+0000] {logging_mixin.py:190} INFO - [2024-09-01T23:29:32.930+0000] {dag.py:4138} INFO - Setting next_dagrun for 5.3-orchestration to None, run_after=None
[2024-09-01T23:29:32.964+0000] {processor.py:208} INFO - Processing /opt/airflow/dags/5.3-orchestration.py took 0.173 seconds
[2024-09-01T23:30:03.585+0000] {processor.py:186} INFO - Started process (PID=444) to work on /opt/airflow/dags/5.3-orchestration.py
[2024-09-01T23:30:03.603+0000] {processor.py:914} INFO - Processing file /opt/airflow/dags/5.3-orchestration.py for tasks to queue
[2024-09-01T23:30:03.607+0000] {logging_mixin.py:190} INFO - [2024-09-01T23:30:03.607+0000] {dagbag.py:587} INFO - Filling up the DagBag from /opt/airflow/dags/5.3-orchestration.py
[2024-09-01T23:30:03.624+0000] {processor.py:925} INFO - DAG(s) '5.3-orchestration' retrieved from /opt/airflow/dags/5.3-orchestration.py
[2024-09-01T23:30:03.676+0000] {logging_mixin.py:190} INFO - [2024-09-01T23:30:03.675+0000] {dag.py:3211} INFO - Sync 1 DAGs
[2024-09-01T23:30:03.740+0000] {logging_mixin.py:190} INFO - [2024-09-01T23:30:03.739+0000] {dag.py:4138} INFO - Setting next_dagrun for 5.3-orchestration to None, run_after=None
[2024-09-01T23:30:03.774+0000] {processor.py:208} INFO - Processing /opt/airflow/dags/5.3-orchestration.py took 0.201 seconds
[2024-09-01T23:30:34.531+0000] {processor.py:186} INFO - Started process (PID=456) to work on /opt/airflow/dags/5.3-orchestration.py
[2024-09-01T23:30:34.553+0000] {processor.py:914} INFO - Processing file /opt/airflow/dags/5.3-orchestration.py for tasks to queue
[2024-09-01T23:30:34.558+0000] {logging_mixin.py:190} INFO - [2024-09-01T23:30:34.557+0000] {dagbag.py:587} INFO - Filling up the DagBag from /opt/airflow/dags/5.3-orchestration.py
[2024-09-01T23:30:34.583+0000] {processor.py:925} INFO - DAG(s) '5.3-orchestration' retrieved from /opt/airflow/dags/5.3-orchestration.py
[2024-09-01T23:30:34.633+0000] {logging_mixin.py:190} INFO - [2024-09-01T23:30:34.632+0000] {dag.py:3211} INFO - Sync 1 DAGs
[2024-09-01T23:30:34.687+0000] {logging_mixin.py:190} INFO - [2024-09-01T23:30:34.686+0000] {dag.py:4138} INFO - Setting next_dagrun for 5.3-orchestration to None, run_after=None
[2024-09-01T23:30:34.716+0000] {processor.py:208} INFO - Processing /opt/airflow/dags/5.3-orchestration.py took 0.197 seconds
[2024-09-01T23:31:05.401+0000] {processor.py:186} INFO - Started process (PID=468) to work on /opt/airflow/dags/5.3-orchestration.py
[2024-09-01T23:31:05.421+0000] {processor.py:914} INFO - Processing file /opt/airflow/dags/5.3-orchestration.py for tasks to queue
[2024-09-01T23:31:05.425+0000] {logging_mixin.py:190} INFO - [2024-09-01T23:31:05.424+0000] {dagbag.py:587} INFO - Filling up the DagBag from /opt/airflow/dags/5.3-orchestration.py
[2024-09-01T23:31:05.445+0000] {processor.py:925} INFO - DAG(s) '5.3-orchestration' retrieved from /opt/airflow/dags/5.3-orchestration.py
[2024-09-01T23:31:05.495+0000] {logging_mixin.py:190} INFO - [2024-09-01T23:31:05.495+0000] {dag.py:3211} INFO - Sync 1 DAGs
[2024-09-01T23:31:05.548+0000] {logging_mixin.py:190} INFO - [2024-09-01T23:31:05.548+0000] {dag.py:4138} INFO - Setting next_dagrun for 5.3-orchestration to None, run_after=None
[2024-09-01T23:31:05.576+0000] {processor.py:208} INFO - Processing /opt/airflow/dags/5.3-orchestration.py took 0.183 seconds
[2024-09-01T23:31:36.080+0000] {processor.py:186} INFO - Started process (PID=480) to work on /opt/airflow/dags/5.3-orchestration.py
[2024-09-01T23:31:36.111+0000] {processor.py:914} INFO - Processing file /opt/airflow/dags/5.3-orchestration.py for tasks to queue
[2024-09-01T23:31:36.115+0000] {logging_mixin.py:190} INFO - [2024-09-01T23:31:36.114+0000] {dagbag.py:587} INFO - Filling up the DagBag from /opt/airflow/dags/5.3-orchestration.py
[2024-09-01T23:31:36.132+0000] {processor.py:925} INFO - DAG(s) '5.3-orchestration' retrieved from /opt/airflow/dags/5.3-orchestration.py
[2024-09-01T23:31:36.171+0000] {logging_mixin.py:190} INFO - [2024-09-01T23:31:36.171+0000] {dag.py:3211} INFO - Sync 1 DAGs
[2024-09-01T23:31:36.226+0000] {logging_mixin.py:190} INFO - [2024-09-01T23:31:36.226+0000] {dag.py:4138} INFO - Setting next_dagrun for 5.3-orchestration to None, run_after=None
[2024-09-01T23:31:36.262+0000] {processor.py:208} INFO - Processing /opt/airflow/dags/5.3-orchestration.py took 0.192 seconds
[2024-09-01T23:32:06.370+0000] {processor.py:186} INFO - Started process (PID=492) to work on /opt/airflow/dags/5.3-orchestration.py
[2024-09-01T23:32:06.391+0000] {processor.py:914} INFO - Processing file /opt/airflow/dags/5.3-orchestration.py for tasks to queue
[2024-09-01T23:32:06.395+0000] {logging_mixin.py:190} INFO - [2024-09-01T23:32:06.394+0000] {dagbag.py:587} INFO - Filling up the DagBag from /opt/airflow/dags/5.3-orchestration.py
[2024-09-01T23:32:06.414+0000] {processor.py:925} INFO - DAG(s) '5.3-orchestration' retrieved from /opt/airflow/dags/5.3-orchestration.py
[2024-09-01T23:32:06.463+0000] {logging_mixin.py:190} INFO - [2024-09-01T23:32:06.462+0000] {dag.py:3211} INFO - Sync 1 DAGs
[2024-09-01T23:32:06.513+0000] {logging_mixin.py:190} INFO - [2024-09-01T23:32:06.513+0000] {dag.py:4138} INFO - Setting next_dagrun for 5.3-orchestration to None, run_after=None
[2024-09-01T23:32:06.543+0000] {processor.py:208} INFO - Processing /opt/airflow/dags/5.3-orchestration.py took 0.181 seconds
[2024-09-01T23:32:36.610+0000] {processor.py:186} INFO - Started process (PID=504) to work on /opt/airflow/dags/5.3-orchestration.py
[2024-09-01T23:32:36.627+0000] {processor.py:914} INFO - Processing file /opt/airflow/dags/5.3-orchestration.py for tasks to queue
[2024-09-01T23:32:36.631+0000] {logging_mixin.py:190} INFO - [2024-09-01T23:32:36.631+0000] {dagbag.py:587} INFO - Filling up the DagBag from /opt/airflow/dags/5.3-orchestration.py
[2024-09-01T23:32:36.649+0000] {processor.py:925} INFO - DAG(s) '5.3-orchestration' retrieved from /opt/airflow/dags/5.3-orchestration.py
[2024-09-01T23:32:36.693+0000] {logging_mixin.py:190} INFO - [2024-09-01T23:32:36.693+0000] {dag.py:3211} INFO - Sync 1 DAGs
[2024-09-01T23:32:36.746+0000] {logging_mixin.py:190} INFO - [2024-09-01T23:32:36.745+0000] {dag.py:4138} INFO - Setting next_dagrun for 5.3-orchestration to None, run_after=None
[2024-09-01T23:32:36.773+0000] {processor.py:208} INFO - Processing /opt/airflow/dags/5.3-orchestration.py took 0.174 seconds
[2024-09-01T23:33:06.977+0000] {processor.py:186} INFO - Started process (PID=516) to work on /opt/airflow/dags/5.3-orchestration.py
[2024-09-01T23:33:07.085+0000] {processor.py:914} INFO - Processing file /opt/airflow/dags/5.3-orchestration.py for tasks to queue
[2024-09-01T23:33:07.089+0000] {logging_mixin.py:190} INFO - [2024-09-01T23:33:07.089+0000] {dagbag.py:587} INFO - Filling up the DagBag from /opt/airflow/dags/5.3-orchestration.py
[2024-09-01T23:33:07.105+0000] {processor.py:925} INFO - DAG(s) '5.3-orchestration' retrieved from /opt/airflow/dags/5.3-orchestration.py
[2024-09-01T23:33:07.152+0000] {logging_mixin.py:190} INFO - [2024-09-01T23:33:07.151+0000] {dag.py:3211} INFO - Sync 1 DAGs
[2024-09-01T23:33:07.225+0000] {logging_mixin.py:190} INFO - [2024-09-01T23:33:07.224+0000] {dag.py:4138} INFO - Setting next_dagrun for 5.3-orchestration to None, run_after=None
[2024-09-01T23:33:07.272+0000] {processor.py:208} INFO - Processing /opt/airflow/dags/5.3-orchestration.py took 0.304 seconds
[2024-09-01T23:33:37.326+0000] {processor.py:186} INFO - Started process (PID=528) to work on /opt/airflow/dags/5.3-orchestration.py
[2024-09-01T23:33:37.343+0000] {processor.py:914} INFO - Processing file /opt/airflow/dags/5.3-orchestration.py for tasks to queue
[2024-09-01T23:33:37.348+0000] {logging_mixin.py:190} INFO - [2024-09-01T23:33:37.347+0000] {dagbag.py:587} INFO - Filling up the DagBag from /opt/airflow/dags/5.3-orchestration.py
[2024-09-01T23:33:37.368+0000] {processor.py:925} INFO - DAG(s) '5.3-orchestration' retrieved from /opt/airflow/dags/5.3-orchestration.py
[2024-09-01T23:33:37.412+0000] {logging_mixin.py:190} INFO - [2024-09-01T23:33:37.411+0000] {dag.py:3211} INFO - Sync 1 DAGs
[2024-09-01T23:33:37.455+0000] {logging_mixin.py:190} INFO - [2024-09-01T23:33:37.454+0000] {dag.py:4138} INFO - Setting next_dagrun for 5.3-orchestration to None, run_after=None
[2024-09-01T23:33:37.488+0000] {processor.py:208} INFO - Processing /opt/airflow/dags/5.3-orchestration.py took 0.171 seconds
[2024-09-01T23:34:07.610+0000] {processor.py:186} INFO - Started process (PID=539) to work on /opt/airflow/dags/5.3-orchestration.py
[2024-09-01T23:34:07.624+0000] {processor.py:914} INFO - Processing file /opt/airflow/dags/5.3-orchestration.py for tasks to queue
[2024-09-01T23:34:07.630+0000] {logging_mixin.py:190} INFO - [2024-09-01T23:34:07.628+0000] {dagbag.py:587} INFO - Filling up the DagBag from /opt/airflow/dags/5.3-orchestration.py
[2024-09-01T23:34:07.665+0000] {processor.py:925} INFO - DAG(s) '5.3-orchestration' retrieved from /opt/airflow/dags/5.3-orchestration.py
[2024-09-01T23:34:07.725+0000] {logging_mixin.py:190} INFO - [2024-09-01T23:34:07.725+0000] {dag.py:3211} INFO - Sync 1 DAGs
[2024-09-01T23:34:07.796+0000] {logging_mixin.py:190} INFO - [2024-09-01T23:34:07.796+0000] {dag.py:4138} INFO - Setting next_dagrun for 5.3-orchestration to None, run_after=None
[2024-09-01T23:34:07.830+0000] {processor.py:208} INFO - Processing /opt/airflow/dags/5.3-orchestration.py took 0.241 seconds
[2024-09-01T23:34:38.536+0000] {processor.py:186} INFO - Started process (PID=551) to work on /opt/airflow/dags/5.3-orchestration.py
[2024-09-01T23:34:38.558+0000] {processor.py:914} INFO - Processing file /opt/airflow/dags/5.3-orchestration.py for tasks to queue
[2024-09-01T23:34:38.561+0000] {logging_mixin.py:190} INFO - [2024-09-01T23:34:38.561+0000] {dagbag.py:587} INFO - Filling up the DagBag from /opt/airflow/dags/5.3-orchestration.py
[2024-09-01T23:34:38.580+0000] {processor.py:925} INFO - DAG(s) '5.3-orchestration' retrieved from /opt/airflow/dags/5.3-orchestration.py
[2024-09-01T23:34:38.629+0000] {logging_mixin.py:190} INFO - [2024-09-01T23:34:38.628+0000] {dag.py:3211} INFO - Sync 1 DAGs
[2024-09-01T23:34:38.685+0000] {logging_mixin.py:190} INFO - [2024-09-01T23:34:38.685+0000] {dag.py:4138} INFO - Setting next_dagrun for 5.3-orchestration to None, run_after=None
[2024-09-01T23:34:38.724+0000] {processor.py:208} INFO - Processing /opt/airflow/dags/5.3-orchestration.py took 0.198 seconds
[2024-09-01T23:35:08.936+0000] {processor.py:186} INFO - Started process (PID=563) to work on /opt/airflow/dags/5.3-orchestration.py
[2024-09-01T23:35:08.949+0000] {processor.py:914} INFO - Processing file /opt/airflow/dags/5.3-orchestration.py for tasks to queue
[2024-09-01T23:35:08.953+0000] {logging_mixin.py:190} INFO - [2024-09-01T23:35:08.952+0000] {dagbag.py:587} INFO - Filling up the DagBag from /opt/airflow/dags/5.3-orchestration.py
[2024-09-01T23:35:08.972+0000] {processor.py:925} INFO - DAG(s) '5.3-orchestration' retrieved from /opt/airflow/dags/5.3-orchestration.py
[2024-09-01T23:35:09.028+0000] {logging_mixin.py:190} INFO - [2024-09-01T23:35:09.028+0000] {dag.py:3211} INFO - Sync 1 DAGs
[2024-09-01T23:35:09.083+0000] {logging_mixin.py:190} INFO - [2024-09-01T23:35:09.083+0000] {dag.py:4138} INFO - Setting next_dagrun for 5.3-orchestration to None, run_after=None
[2024-09-01T23:35:09.116+0000] {processor.py:208} INFO - Processing /opt/airflow/dags/5.3-orchestration.py took 0.191 seconds
[2024-09-01T23:35:39.205+0000] {processor.py:186} INFO - Started process (PID=575) to work on /opt/airflow/dags/5.3-orchestration.py
[2024-09-01T23:35:39.219+0000] {processor.py:914} INFO - Processing file /opt/airflow/dags/5.3-orchestration.py for tasks to queue
[2024-09-01T23:35:39.225+0000] {logging_mixin.py:190} INFO - [2024-09-01T23:35:39.224+0000] {dagbag.py:587} INFO - Filling up the DagBag from /opt/airflow/dags/5.3-orchestration.py
[2024-09-01T23:35:39.262+0000] {processor.py:925} INFO - DAG(s) '5.3-orchestration' retrieved from /opt/airflow/dags/5.3-orchestration.py
[2024-09-01T23:35:39.344+0000] {logging_mixin.py:190} INFO - [2024-09-01T23:35:39.343+0000] {dag.py:3211} INFO - Sync 1 DAGs
[2024-09-01T23:35:39.440+0000] {logging_mixin.py:190} INFO - [2024-09-01T23:35:39.440+0000] {dag.py:4138} INFO - Setting next_dagrun for 5.3-orchestration to None, run_after=None
[2024-09-01T23:35:39.513+0000] {processor.py:208} INFO - Processing /opt/airflow/dags/5.3-orchestration.py took 0.326 seconds
[2024-09-01T23:36:09.900+0000] {processor.py:186} INFO - Started process (PID=587) to work on /opt/airflow/dags/5.3-orchestration.py
[2024-09-01T23:36:09.943+0000] {processor.py:914} INFO - Processing file /opt/airflow/dags/5.3-orchestration.py for tasks to queue
[2024-09-01T23:36:09.947+0000] {logging_mixin.py:190} INFO - [2024-09-01T23:36:09.947+0000] {dagbag.py:587} INFO - Filling up the DagBag from /opt/airflow/dags/5.3-orchestration.py
[2024-09-01T23:36:09.966+0000] {processor.py:925} INFO - DAG(s) '5.3-orchestration' retrieved from /opt/airflow/dags/5.3-orchestration.py
[2024-09-01T23:36:10.011+0000] {logging_mixin.py:190} INFO - [2024-09-01T23:36:10.010+0000] {dag.py:3211} INFO - Sync 1 DAGs
[2024-09-01T23:36:10.058+0000] {logging_mixin.py:190} INFO - [2024-09-01T23:36:10.057+0000] {dag.py:4138} INFO - Setting next_dagrun for 5.3-orchestration to None, run_after=None
[2024-09-01T23:36:10.088+0000] {processor.py:208} INFO - Processing /opt/airflow/dags/5.3-orchestration.py took 0.197 seconds
[2024-09-01T23:36:40.130+0000] {processor.py:186} INFO - Started process (PID=599) to work on /opt/airflow/dags/5.3-orchestration.py
[2024-09-01T23:36:40.148+0000] {processor.py:914} INFO - Processing file /opt/airflow/dags/5.3-orchestration.py for tasks to queue
[2024-09-01T23:36:40.152+0000] {logging_mixin.py:190} INFO - [2024-09-01T23:36:40.152+0000] {dagbag.py:587} INFO - Filling up the DagBag from /opt/airflow/dags/5.3-orchestration.py
[2024-09-01T23:36:40.170+0000] {processor.py:925} INFO - DAG(s) '5.3-orchestration' retrieved from /opt/airflow/dags/5.3-orchestration.py
[2024-09-01T23:36:40.221+0000] {logging_mixin.py:190} INFO - [2024-09-01T23:36:40.221+0000] {dag.py:3211} INFO - Sync 1 DAGs
[2024-09-01T23:36:40.280+0000] {logging_mixin.py:190} INFO - [2024-09-01T23:36:40.280+0000] {dag.py:4138} INFO - Setting next_dagrun for 5.3-orchestration to None, run_after=None
[2024-09-01T23:36:40.316+0000] {processor.py:208} INFO - Processing /opt/airflow/dags/5.3-orchestration.py took 0.196 seconds
[2024-09-01T23:37:10.494+0000] {processor.py:186} INFO - Started process (PID=611) to work on /opt/airflow/dags/5.3-orchestration.py
[2024-09-01T23:37:10.518+0000] {processor.py:914} INFO - Processing file /opt/airflow/dags/5.3-orchestration.py for tasks to queue
[2024-09-01T23:37:10.523+0000] {logging_mixin.py:190} INFO - [2024-09-01T23:37:10.522+0000] {dagbag.py:587} INFO - Filling up the DagBag from /opt/airflow/dags/5.3-orchestration.py
[2024-09-01T23:37:10.548+0000] {processor.py:925} INFO - DAG(s) '5.3-orchestration' retrieved from /opt/airflow/dags/5.3-orchestration.py
[2024-09-01T23:37:10.604+0000] {logging_mixin.py:190} INFO - [2024-09-01T23:37:10.604+0000] {dag.py:3211} INFO - Sync 1 DAGs
[2024-09-01T23:37:10.667+0000] {logging_mixin.py:190} INFO - [2024-09-01T23:37:10.666+0000] {dag.py:4138} INFO - Setting next_dagrun for 5.3-orchestration to None, run_after=None
[2024-09-01T23:37:10.711+0000] {processor.py:208} INFO - Processing /opt/airflow/dags/5.3-orchestration.py took 0.246 seconds
[2024-09-01T23:37:40.886+0000] {processor.py:186} INFO - Started process (PID=623) to work on /opt/airflow/dags/5.3-orchestration.py
[2024-09-01T23:37:40.909+0000] {processor.py:914} INFO - Processing file /opt/airflow/dags/5.3-orchestration.py for tasks to queue
[2024-09-01T23:37:40.913+0000] {logging_mixin.py:190} INFO - [2024-09-01T23:37:40.912+0000] {dagbag.py:587} INFO - Filling up the DagBag from /opt/airflow/dags/5.3-orchestration.py
[2024-09-01T23:37:40.931+0000] {processor.py:925} INFO - DAG(s) '5.3-orchestration' retrieved from /opt/airflow/dags/5.3-orchestration.py
[2024-09-01T23:37:40.983+0000] {logging_mixin.py:190} INFO - [2024-09-01T23:37:40.983+0000] {dag.py:3211} INFO - Sync 1 DAGs
[2024-09-01T23:37:41.031+0000] {logging_mixin.py:190} INFO - [2024-09-01T23:37:41.031+0000] {dag.py:4138} INFO - Setting next_dagrun for 5.3-orchestration to None, run_after=None
[2024-09-01T23:37:41.066+0000] {processor.py:208} INFO - Processing /opt/airflow/dags/5.3-orchestration.py took 0.190 seconds
[2024-09-01T23:38:11.279+0000] {processor.py:186} INFO - Started process (PID=635) to work on /opt/airflow/dags/5.3-orchestration.py
[2024-09-01T23:38:11.289+0000] {processor.py:914} INFO - Processing file /opt/airflow/dags/5.3-orchestration.py for tasks to queue
[2024-09-01T23:38:11.295+0000] {logging_mixin.py:190} INFO - [2024-09-01T23:38:11.294+0000] {dagbag.py:587} INFO - Filling up the DagBag from /opt/airflow/dags/5.3-orchestration.py
[2024-09-01T23:38:11.316+0000] {processor.py:925} INFO - DAG(s) '5.3-orchestration' retrieved from /opt/airflow/dags/5.3-orchestration.py
[2024-09-01T23:38:11.369+0000] {logging_mixin.py:190} INFO - [2024-09-01T23:38:11.368+0000] {dag.py:3211} INFO - Sync 1 DAGs
[2024-09-01T23:38:11.426+0000] {logging_mixin.py:190} INFO - [2024-09-01T23:38:11.425+0000] {dag.py:4138} INFO - Setting next_dagrun for 5.3-orchestration to None, run_after=None
[2024-09-01T23:38:11.458+0000] {processor.py:208} INFO - Processing /opt/airflow/dags/5.3-orchestration.py took 0.189 seconds
[2024-09-01T23:38:41.923+0000] {processor.py:186} INFO - Started process (PID=647) to work on /opt/airflow/dags/5.3-orchestration.py
[2024-09-01T23:38:41.937+0000] {processor.py:914} INFO - Processing file /opt/airflow/dags/5.3-orchestration.py for tasks to queue
[2024-09-01T23:38:41.942+0000] {logging_mixin.py:190} INFO - [2024-09-01T23:38:41.941+0000] {dagbag.py:587} INFO - Filling up the DagBag from /opt/airflow/dags/5.3-orchestration.py
[2024-09-01T23:38:41.973+0000] {processor.py:925} INFO - DAG(s) '5.3-orchestration' retrieved from /opt/airflow/dags/5.3-orchestration.py
[2024-09-01T23:38:42.032+0000] {logging_mixin.py:190} INFO - [2024-09-01T23:38:42.032+0000] {dag.py:3211} INFO - Sync 1 DAGs
[2024-09-01T23:38:42.117+0000] {logging_mixin.py:190} INFO - [2024-09-01T23:38:42.116+0000] {dag.py:4138} INFO - Setting next_dagrun for 5.3-orchestration to None, run_after=None
[2024-09-01T23:38:42.166+0000] {processor.py:208} INFO - Processing /opt/airflow/dags/5.3-orchestration.py took 0.258 seconds
[2024-09-01T23:39:12.800+0000] {processor.py:186} INFO - Started process (PID=659) to work on /opt/airflow/dags/5.3-orchestration.py
[2024-09-01T23:39:12.817+0000] {processor.py:914} INFO - Processing file /opt/airflow/dags/5.3-orchestration.py for tasks to queue
[2024-09-01T23:39:12.821+0000] {logging_mixin.py:190} INFO - [2024-09-01T23:39:12.820+0000] {dagbag.py:587} INFO - Filling up the DagBag from /opt/airflow/dags/5.3-orchestration.py
[2024-09-01T23:39:12.839+0000] {processor.py:925} INFO - DAG(s) '5.3-orchestration' retrieved from /opt/airflow/dags/5.3-orchestration.py
[2024-09-01T23:39:12.886+0000] {logging_mixin.py:190} INFO - [2024-09-01T23:39:12.885+0000] {dag.py:3211} INFO - Sync 1 DAGs
[2024-09-01T23:39:12.929+0000] {logging_mixin.py:190} INFO - [2024-09-01T23:39:12.928+0000] {dag.py:4138} INFO - Setting next_dagrun for 5.3-orchestration to None, run_after=None
[2024-09-01T23:39:12.962+0000] {processor.py:208} INFO - Processing /opt/airflow/dags/5.3-orchestration.py took 0.175 seconds
[2024-09-01T23:39:43.706+0000] {processor.py:186} INFO - Started process (PID=671) to work on /opt/airflow/dags/5.3-orchestration.py
[2024-09-01T23:39:43.731+0000] {processor.py:914} INFO - Processing file /opt/airflow/dags/5.3-orchestration.py for tasks to queue
[2024-09-01T23:39:43.735+0000] {logging_mixin.py:190} INFO - [2024-09-01T23:39:43.734+0000] {dagbag.py:587} INFO - Filling up the DagBag from /opt/airflow/dags/5.3-orchestration.py
[2024-09-01T23:39:43.751+0000] {processor.py:925} INFO - DAG(s) '5.3-orchestration' retrieved from /opt/airflow/dags/5.3-orchestration.py
[2024-09-01T23:39:43.797+0000] {logging_mixin.py:190} INFO - [2024-09-01T23:39:43.797+0000] {dag.py:3211} INFO - Sync 1 DAGs
[2024-09-01T23:39:43.849+0000] {logging_mixin.py:190} INFO - [2024-09-01T23:39:43.848+0000] {dag.py:4138} INFO - Setting next_dagrun for 5.3-orchestration to None, run_after=None
[2024-09-01T23:39:43.882+0000] {processor.py:208} INFO - Processing /opt/airflow/dags/5.3-orchestration.py took 0.185 seconds
[2024-09-01T23:40:14.412+0000] {processor.py:186} INFO - Started process (PID=684) to work on /opt/airflow/dags/5.3-orchestration.py
[2024-09-01T23:40:14.433+0000] {processor.py:914} INFO - Processing file /opt/airflow/dags/5.3-orchestration.py for tasks to queue
[2024-09-01T23:40:14.438+0000] {logging_mixin.py:190} INFO - [2024-09-01T23:40:14.437+0000] {dagbag.py:587} INFO - Filling up the DagBag from /opt/airflow/dags/5.3-orchestration.py
[2024-09-01T23:40:14.457+0000] {processor.py:925} INFO - DAG(s) '5.3-orchestration' retrieved from /opt/airflow/dags/5.3-orchestration.py
[2024-09-01T23:40:14.497+0000] {logging_mixin.py:190} INFO - [2024-09-01T23:40:14.496+0000] {dag.py:3211} INFO - Sync 1 DAGs
[2024-09-01T23:40:14.543+0000] {logging_mixin.py:190} INFO - [2024-09-01T23:40:14.542+0000] {dag.py:4138} INFO - Setting next_dagrun for 5.3-orchestration to None, run_after=None
[2024-09-01T23:40:14.575+0000] {processor.py:208} INFO - Processing /opt/airflow/dags/5.3-orchestration.py took 0.173 seconds
[2024-09-01T23:40:45.183+0000] {processor.py:186} INFO - Started process (PID=696) to work on /opt/airflow/dags/5.3-orchestration.py
[2024-09-01T23:40:45.196+0000] {processor.py:914} INFO - Processing file /opt/airflow/dags/5.3-orchestration.py for tasks to queue
[2024-09-01T23:40:45.201+0000] {logging_mixin.py:190} INFO - [2024-09-01T23:40:45.200+0000] {dagbag.py:587} INFO - Filling up the DagBag from /opt/airflow/dags/5.3-orchestration.py
[2024-09-01T23:40:45.229+0000] {processor.py:925} INFO - DAG(s) '5.3-orchestration' retrieved from /opt/airflow/dags/5.3-orchestration.py
[2024-09-01T23:40:45.326+0000] {logging_mixin.py:190} INFO - [2024-09-01T23:40:45.326+0000] {dag.py:3211} INFO - Sync 1 DAGs
[2024-09-01T23:40:45.394+0000] {logging_mixin.py:190} INFO - [2024-09-01T23:40:45.393+0000] {dag.py:4138} INFO - Setting next_dagrun for 5.3-orchestration to None, run_after=None
[2024-09-01T23:40:45.432+0000] {processor.py:208} INFO - Processing /opt/airflow/dags/5.3-orchestration.py took 0.268 seconds
[2024-09-01T23:41:16.139+0000] {processor.py:186} INFO - Started process (PID=707) to work on /opt/airflow/dags/5.3-orchestration.py
[2024-09-01T23:41:16.154+0000] {processor.py:914} INFO - Processing file /opt/airflow/dags/5.3-orchestration.py for tasks to queue
[2024-09-01T23:41:16.158+0000] {logging_mixin.py:190} INFO - [2024-09-01T23:41:16.158+0000] {dagbag.py:587} INFO - Filling up the DagBag from /opt/airflow/dags/5.3-orchestration.py
[2024-09-01T23:41:16.177+0000] {processor.py:925} INFO - DAG(s) '5.3-orchestration' retrieved from /opt/airflow/dags/5.3-orchestration.py
[2024-09-01T23:41:16.226+0000] {logging_mixin.py:190} INFO - [2024-09-01T23:41:16.225+0000] {dag.py:3211} INFO - Sync 1 DAGs
[2024-09-01T23:41:16.276+0000] {logging_mixin.py:190} INFO - [2024-09-01T23:41:16.275+0000] {dag.py:4138} INFO - Setting next_dagrun for 5.3-orchestration to None, run_after=None
[2024-09-01T23:41:16.303+0000] {processor.py:208} INFO - Processing /opt/airflow/dags/5.3-orchestration.py took 0.174 seconds
[2024-09-01T23:41:47.081+0000] {processor.py:186} INFO - Started process (PID=719) to work on /opt/airflow/dags/5.3-orchestration.py
[2024-09-01T23:41:47.100+0000] {processor.py:914} INFO - Processing file /opt/airflow/dags/5.3-orchestration.py for tasks to queue
[2024-09-01T23:41:47.104+0000] {logging_mixin.py:190} INFO - [2024-09-01T23:41:47.103+0000] {dagbag.py:587} INFO - Filling up the DagBag from /opt/airflow/dags/5.3-orchestration.py
[2024-09-01T23:41:47.123+0000] {processor.py:925} INFO - DAG(s) '5.3-orchestration' retrieved from /opt/airflow/dags/5.3-orchestration.py
[2024-09-01T23:41:47.165+0000] {logging_mixin.py:190} INFO - [2024-09-01T23:41:47.165+0000] {dag.py:3211} INFO - Sync 1 DAGs
[2024-09-01T23:41:47.208+0000] {logging_mixin.py:190} INFO - [2024-09-01T23:41:47.207+0000] {dag.py:4138} INFO - Setting next_dagrun for 5.3-orchestration to None, run_after=None
[2024-09-01T23:41:47.232+0000] {processor.py:208} INFO - Processing /opt/airflow/dags/5.3-orchestration.py took 0.161 seconds
[2024-09-01T23:42:17.761+0000] {processor.py:186} INFO - Started process (PID=731) to work on /opt/airflow/dags/5.3-orchestration.py
[2024-09-01T23:42:17.781+0000] {processor.py:914} INFO - Processing file /opt/airflow/dags/5.3-orchestration.py for tasks to queue
[2024-09-01T23:42:17.784+0000] {logging_mixin.py:190} INFO - [2024-09-01T23:42:17.784+0000] {dagbag.py:587} INFO - Filling up the DagBag from /opt/airflow/dags/5.3-orchestration.py
[2024-09-01T23:42:17.802+0000] {processor.py:925} INFO - DAG(s) '5.3-orchestration' retrieved from /opt/airflow/dags/5.3-orchestration.py
[2024-09-01T23:42:17.842+0000] {logging_mixin.py:190} INFO - [2024-09-01T23:42:17.841+0000] {dag.py:3211} INFO - Sync 1 DAGs
[2024-09-01T23:42:17.894+0000] {logging_mixin.py:190} INFO - [2024-09-01T23:42:17.894+0000] {dag.py:4138} INFO - Setting next_dagrun for 5.3-orchestration to None, run_after=None
[2024-09-01T23:42:17.930+0000] {processor.py:208} INFO - Processing /opt/airflow/dags/5.3-orchestration.py took 0.178 seconds
[2024-09-01T23:42:48.456+0000] {processor.py:186} INFO - Started process (PID=743) to work on /opt/airflow/dags/5.3-orchestration.py
[2024-09-01T23:42:48.494+0000] {processor.py:914} INFO - Processing file /opt/airflow/dags/5.3-orchestration.py for tasks to queue
[2024-09-01T23:42:48.498+0000] {logging_mixin.py:190} INFO - [2024-09-01T23:42:48.497+0000] {dagbag.py:587} INFO - Filling up the DagBag from /opt/airflow/dags/5.3-orchestration.py
[2024-09-01T23:42:48.516+0000] {processor.py:925} INFO - DAG(s) '5.3-orchestration' retrieved from /opt/airflow/dags/5.3-orchestration.py
[2024-09-01T23:42:48.566+0000] {logging_mixin.py:190} INFO - [2024-09-01T23:42:48.566+0000] {dag.py:3211} INFO - Sync 1 DAGs
[2024-09-01T23:42:48.626+0000] {logging_mixin.py:190} INFO - [2024-09-01T23:42:48.625+0000] {dag.py:4138} INFO - Setting next_dagrun for 5.3-orchestration to None, run_after=None
[2024-09-01T23:42:48.653+0000] {processor.py:208} INFO - Processing /opt/airflow/dags/5.3-orchestration.py took 0.209 seconds
[2024-09-01T23:43:19.330+0000] {processor.py:186} INFO - Started process (PID=755) to work on /opt/airflow/dags/5.3-orchestration.py
[2024-09-01T23:43:19.351+0000] {processor.py:914} INFO - Processing file /opt/airflow/dags/5.3-orchestration.py for tasks to queue
[2024-09-01T23:43:19.354+0000] {logging_mixin.py:190} INFO - [2024-09-01T23:43:19.354+0000] {dagbag.py:587} INFO - Filling up the DagBag from /opt/airflow/dags/5.3-orchestration.py
[2024-09-01T23:43:19.371+0000] {processor.py:925} INFO - DAG(s) '5.3-orchestration' retrieved from /opt/airflow/dags/5.3-orchestration.py
[2024-09-01T23:43:19.418+0000] {logging_mixin.py:190} INFO - [2024-09-01T23:43:19.417+0000] {dag.py:3211} INFO - Sync 1 DAGs
[2024-09-01T23:43:19.472+0000] {logging_mixin.py:190} INFO - [2024-09-01T23:43:19.471+0000] {dag.py:4138} INFO - Setting next_dagrun for 5.3-orchestration to None, run_after=None
[2024-09-01T23:43:19.503+0000] {processor.py:208} INFO - Processing /opt/airflow/dags/5.3-orchestration.py took 0.183 seconds
[2024-09-01T23:43:50.216+0000] {processor.py:186} INFO - Started process (PID=766) to work on /opt/airflow/dags/5.3-orchestration.py
[2024-09-01T23:43:50.242+0000] {processor.py:914} INFO - Processing file /opt/airflow/dags/5.3-orchestration.py for tasks to queue
[2024-09-01T23:43:50.247+0000] {logging_mixin.py:190} INFO - [2024-09-01T23:43:50.246+0000] {dagbag.py:587} INFO - Filling up the DagBag from /opt/airflow/dags/5.3-orchestration.py
[2024-09-01T23:43:50.263+0000] {processor.py:925} INFO - DAG(s) '5.3-orchestration' retrieved from /opt/airflow/dags/5.3-orchestration.py
[2024-09-01T23:43:50.311+0000] {logging_mixin.py:190} INFO - [2024-09-01T23:43:50.310+0000] {dag.py:3211} INFO - Sync 1 DAGs
[2024-09-01T23:43:50.354+0000] {logging_mixin.py:190} INFO - [2024-09-01T23:43:50.354+0000] {dag.py:4138} INFO - Setting next_dagrun for 5.3-orchestration to None, run_after=None
[2024-09-01T23:43:50.386+0000] {processor.py:208} INFO - Processing /opt/airflow/dags/5.3-orchestration.py took 0.182 seconds
[2024-09-01T23:44:21.074+0000] {processor.py:186} INFO - Started process (PID=778) to work on /opt/airflow/dags/5.3-orchestration.py
[2024-09-01T23:44:21.089+0000] {processor.py:914} INFO - Processing file /opt/airflow/dags/5.3-orchestration.py for tasks to queue
[2024-09-01T23:44:21.094+0000] {logging_mixin.py:190} INFO - [2024-09-01T23:44:21.093+0000] {dagbag.py:587} INFO - Filling up the DagBag from /opt/airflow/dags/5.3-orchestration.py
[2024-09-01T23:44:21.113+0000] {processor.py:925} INFO - DAG(s) '5.3-orchestration' retrieved from /opt/airflow/dags/5.3-orchestration.py
[2024-09-01T23:44:21.152+0000] {logging_mixin.py:190} INFO - [2024-09-01T23:44:21.152+0000] {dag.py:3211} INFO - Sync 1 DAGs
[2024-09-01T23:44:21.199+0000] {logging_mixin.py:190} INFO - [2024-09-01T23:44:21.198+0000] {dag.py:4138} INFO - Setting next_dagrun for 5.3-orchestration to None, run_after=None
[2024-09-01T23:44:21.233+0000] {processor.py:208} INFO - Processing /opt/airflow/dags/5.3-orchestration.py took 0.169 seconds
[2024-09-01T23:44:51.792+0000] {processor.py:186} INFO - Started process (PID=789) to work on /opt/airflow/dags/5.3-orchestration.py
[2024-09-01T23:44:51.813+0000] {processor.py:914} INFO - Processing file /opt/airflow/dags/5.3-orchestration.py for tasks to queue
[2024-09-01T23:44:51.816+0000] {logging_mixin.py:190} INFO - [2024-09-01T23:44:51.816+0000] {dagbag.py:587} INFO - Filling up the DagBag from /opt/airflow/dags/5.3-orchestration.py
[2024-09-01T23:44:51.834+0000] {processor.py:925} INFO - DAG(s) '5.3-orchestration' retrieved from /opt/airflow/dags/5.3-orchestration.py
[2024-09-01T23:44:51.880+0000] {logging_mixin.py:190} INFO - [2024-09-01T23:44:51.879+0000] {dag.py:3211} INFO - Sync 1 DAGs
[2024-09-01T23:44:51.939+0000] {logging_mixin.py:190} INFO - [2024-09-01T23:44:51.938+0000] {dag.py:4138} INFO - Setting next_dagrun for 5.3-orchestration to None, run_after=None
[2024-09-01T23:44:51.971+0000] {processor.py:208} INFO - Processing /opt/airflow/dags/5.3-orchestration.py took 0.189 seconds
[2024-09-01T23:45:22.802+0000] {processor.py:186} INFO - Started process (PID=801) to work on /opt/airflow/dags/5.3-orchestration.py
[2024-09-01T23:45:22.826+0000] {processor.py:914} INFO - Processing file /opt/airflow/dags/5.3-orchestration.py for tasks to queue
[2024-09-01T23:45:22.830+0000] {logging_mixin.py:190} INFO - [2024-09-01T23:45:22.829+0000] {dagbag.py:587} INFO - Filling up the DagBag from /opt/airflow/dags/5.3-orchestration.py
[2024-09-01T23:45:22.848+0000] {processor.py:925} INFO - DAG(s) '5.3-orchestration' retrieved from /opt/airflow/dags/5.3-orchestration.py
[2024-09-01T23:45:22.905+0000] {logging_mixin.py:190} INFO - [2024-09-01T23:45:22.904+0000] {dag.py:3211} INFO - Sync 1 DAGs
[2024-09-01T23:45:22.953+0000] {logging_mixin.py:190} INFO - [2024-09-01T23:45:22.953+0000] {dag.py:4138} INFO - Setting next_dagrun for 5.3-orchestration to None, run_after=None
[2024-09-01T23:45:22.983+0000] {processor.py:208} INFO - Processing /opt/airflow/dags/5.3-orchestration.py took 0.189 seconds
[2024-09-01T23:45:53.607+0000] {processor.py:186} INFO - Started process (PID=812) to work on /opt/airflow/dags/5.3-orchestration.py
[2024-09-01T23:45:53.628+0000] {processor.py:914} INFO - Processing file /opt/airflow/dags/5.3-orchestration.py for tasks to queue
[2024-09-01T23:45:53.632+0000] {logging_mixin.py:190} INFO - [2024-09-01T23:45:53.631+0000] {dagbag.py:587} INFO - Filling up the DagBag from /opt/airflow/dags/5.3-orchestration.py
[2024-09-01T23:45:53.648+0000] {processor.py:925} INFO - DAG(s) '5.3-orchestration' retrieved from /opt/airflow/dags/5.3-orchestration.py
[2024-09-01T23:45:53.692+0000] {logging_mixin.py:190} INFO - [2024-09-01T23:45:53.692+0000] {dag.py:3211} INFO - Sync 1 DAGs
[2024-09-01T23:45:53.735+0000] {logging_mixin.py:190} INFO - [2024-09-01T23:45:53.735+0000] {dag.py:4138} INFO - Setting next_dagrun for 5.3-orchestration to None, run_after=None
[2024-09-01T23:45:53.763+0000] {processor.py:208} INFO - Processing /opt/airflow/dags/5.3-orchestration.py took 0.165 seconds
[2024-09-01T23:46:24.272+0000] {processor.py:186} INFO - Started process (PID=823) to work on /opt/airflow/dags/5.3-orchestration.py
[2024-09-01T23:46:24.286+0000] {processor.py:914} INFO - Processing file /opt/airflow/dags/5.3-orchestration.py for tasks to queue
[2024-09-01T23:46:24.290+0000] {logging_mixin.py:190} INFO - [2024-09-01T23:46:24.289+0000] {dagbag.py:587} INFO - Filling up the DagBag from /opt/airflow/dags/5.3-orchestration.py
[2024-09-01T23:46:24.308+0000] {processor.py:925} INFO - DAG(s) '5.3-orchestration' retrieved from /opt/airflow/dags/5.3-orchestration.py
[2024-09-01T23:46:24.351+0000] {logging_mixin.py:190} INFO - [2024-09-01T23:46:24.350+0000] {dag.py:3211} INFO - Sync 1 DAGs
[2024-09-01T23:46:24.394+0000] {logging_mixin.py:190} INFO - [2024-09-01T23:46:24.393+0000] {dag.py:4138} INFO - Setting next_dagrun for 5.3-orchestration to None, run_after=None
[2024-09-01T23:46:24.427+0000] {processor.py:208} INFO - Processing /opt/airflow/dags/5.3-orchestration.py took 0.166 seconds
[2024-09-01T23:46:55.076+0000] {processor.py:186} INFO - Started process (PID=834) to work on /opt/airflow/dags/5.3-orchestration.py
[2024-09-01T23:46:55.093+0000] {processor.py:914} INFO - Processing file /opt/airflow/dags/5.3-orchestration.py for tasks to queue
[2024-09-01T23:46:55.097+0000] {logging_mixin.py:190} INFO - [2024-09-01T23:46:55.097+0000] {dagbag.py:587} INFO - Filling up the DagBag from /opt/airflow/dags/5.3-orchestration.py
[2024-09-01T23:46:55.117+0000] {processor.py:925} INFO - DAG(s) '5.3-orchestration' retrieved from /opt/airflow/dags/5.3-orchestration.py
[2024-09-01T23:46:55.159+0000] {logging_mixin.py:190} INFO - [2024-09-01T23:46:55.159+0000] {dag.py:3211} INFO - Sync 1 DAGs
[2024-09-01T23:46:55.204+0000] {logging_mixin.py:190} INFO - [2024-09-01T23:46:55.203+0000] {dag.py:4138} INFO - Setting next_dagrun for 5.3-orchestration to None, run_after=None
[2024-09-01T23:46:55.231+0000] {processor.py:208} INFO - Processing /opt/airflow/dags/5.3-orchestration.py took 0.164 seconds
[2024-09-01T23:47:25.808+0000] {processor.py:186} INFO - Started process (PID=846) to work on /opt/airflow/dags/5.3-orchestration.py
[2024-09-01T23:47:25.828+0000] {processor.py:914} INFO - Processing file /opt/airflow/dags/5.3-orchestration.py for tasks to queue
[2024-09-01T23:47:25.831+0000] {logging_mixin.py:190} INFO - [2024-09-01T23:47:25.831+0000] {dagbag.py:587} INFO - Filling up the DagBag from /opt/airflow/dags/5.3-orchestration.py
[2024-09-01T23:47:25.848+0000] {processor.py:925} INFO - DAG(s) '5.3-orchestration' retrieved from /opt/airflow/dags/5.3-orchestration.py
[2024-09-01T23:47:25.888+0000] {logging_mixin.py:190} INFO - [2024-09-01T23:47:25.888+0000] {dag.py:3211} INFO - Sync 1 DAGs
[2024-09-01T23:47:25.941+0000] {logging_mixin.py:190} INFO - [2024-09-01T23:47:25.940+0000] {dag.py:4138} INFO - Setting next_dagrun for 5.3-orchestration to None, run_after=None
[2024-09-01T23:47:25.976+0000] {processor.py:208} INFO - Processing /opt/airflow/dags/5.3-orchestration.py took 0.181 seconds
[2024-09-01T23:47:56.027+0000] {processor.py:186} INFO - Started process (PID=858) to work on /opt/airflow/dags/5.3-orchestration.py
[2024-09-01T23:47:56.040+0000] {processor.py:914} INFO - Processing file /opt/airflow/dags/5.3-orchestration.py for tasks to queue
[2024-09-01T23:47:56.046+0000] {logging_mixin.py:190} INFO - [2024-09-01T23:47:56.046+0000] {dagbag.py:587} INFO - Filling up the DagBag from /opt/airflow/dags/5.3-orchestration.py
[2024-09-01T23:47:56.068+0000] {processor.py:925} INFO - DAG(s) '5.3-orchestration' retrieved from /opt/airflow/dags/5.3-orchestration.py
[2024-09-01T23:47:56.108+0000] {logging_mixin.py:190} INFO - [2024-09-01T23:47:56.108+0000] {dag.py:3211} INFO - Sync 1 DAGs
[2024-09-01T23:47:56.154+0000] {logging_mixin.py:190} INFO - [2024-09-01T23:47:56.153+0000] {dag.py:4138} INFO - Setting next_dagrun for 5.3-orchestration to None, run_after=None
[2024-09-01T23:47:56.181+0000] {processor.py:208} INFO - Processing /opt/airflow/dags/5.3-orchestration.py took 0.163 seconds
[2024-09-01T23:48:26.407+0000] {processor.py:186} INFO - Started process (PID=870) to work on /opt/airflow/dags/5.3-orchestration.py
[2024-09-01T23:48:26.431+0000] {processor.py:914} INFO - Processing file /opt/airflow/dags/5.3-orchestration.py for tasks to queue
[2024-09-01T23:48:26.434+0000] {logging_mixin.py:190} INFO - [2024-09-01T23:48:26.434+0000] {dagbag.py:587} INFO - Filling up the DagBag from /opt/airflow/dags/5.3-orchestration.py
[2024-09-01T23:48:26.451+0000] {processor.py:925} INFO - DAG(s) '5.3-orchestration' retrieved from /opt/airflow/dags/5.3-orchestration.py
[2024-09-01T23:48:26.493+0000] {logging_mixin.py:190} INFO - [2024-09-01T23:48:26.492+0000] {dag.py:3211} INFO - Sync 1 DAGs
[2024-09-01T23:48:26.542+0000] {logging_mixin.py:190} INFO - [2024-09-01T23:48:26.542+0000] {dag.py:4138} INFO - Setting next_dagrun for 5.3-orchestration to None, run_after=None
[2024-09-01T23:48:26.579+0000] {processor.py:208} INFO - Processing /opt/airflow/dags/5.3-orchestration.py took 0.181 seconds
[2024-09-01T23:48:56.702+0000] {processor.py:186} INFO - Started process (PID=882) to work on /opt/airflow/dags/5.3-orchestration.py
[2024-09-01T23:48:56.717+0000] {processor.py:914} INFO - Processing file /opt/airflow/dags/5.3-orchestration.py for tasks to queue
[2024-09-01T23:48:56.720+0000] {logging_mixin.py:190} INFO - [2024-09-01T23:48:56.720+0000] {dagbag.py:587} INFO - Filling up the DagBag from /opt/airflow/dags/5.3-orchestration.py
[2024-09-01T23:48:56.737+0000] {processor.py:925} INFO - DAG(s) '5.3-orchestration' retrieved from /opt/airflow/dags/5.3-orchestration.py
[2024-09-01T23:48:56.783+0000] {logging_mixin.py:190} INFO - [2024-09-01T23:48:56.783+0000] {dag.py:3211} INFO - Sync 1 DAGs
[2024-09-01T23:48:56.831+0000] {logging_mixin.py:190} INFO - [2024-09-01T23:48:56.831+0000] {dag.py:4138} INFO - Setting next_dagrun for 5.3-orchestration to None, run_after=None
[2024-09-01T23:48:56.859+0000] {processor.py:208} INFO - Processing /opt/airflow/dags/5.3-orchestration.py took 0.166 seconds
[2024-09-01T23:49:27.622+0000] {processor.py:186} INFO - Started process (PID=894) to work on /opt/airflow/dags/5.3-orchestration.py
[2024-09-01T23:49:27.640+0000] {processor.py:914} INFO - Processing file /opt/airflow/dags/5.3-orchestration.py for tasks to queue
[2024-09-01T23:49:27.644+0000] {logging_mixin.py:190} INFO - [2024-09-01T23:49:27.644+0000] {dagbag.py:587} INFO - Filling up the DagBag from /opt/airflow/dags/5.3-orchestration.py
[2024-09-01T23:49:27.668+0000] {processor.py:925} INFO - DAG(s) '5.3-orchestration' retrieved from /opt/airflow/dags/5.3-orchestration.py
[2024-09-01T23:49:27.715+0000] {logging_mixin.py:190} INFO - [2024-09-01T23:49:27.714+0000] {dag.py:3211} INFO - Sync 1 DAGs
[2024-09-01T23:49:27.771+0000] {logging_mixin.py:190} INFO - [2024-09-01T23:49:27.771+0000] {dag.py:4138} INFO - Setting next_dagrun for 5.3-orchestration to None, run_after=None
[2024-09-01T23:49:27.805+0000] {processor.py:208} INFO - Processing /opt/airflow/dags/5.3-orchestration.py took 0.194 seconds
[2024-09-01T23:49:58.406+0000] {processor.py:186} INFO - Started process (PID=907) to work on /opt/airflow/dags/5.3-orchestration.py
[2024-09-01T23:49:58.419+0000] {processor.py:914} INFO - Processing file /opt/airflow/dags/5.3-orchestration.py for tasks to queue
[2024-09-01T23:49:58.424+0000] {logging_mixin.py:190} INFO - [2024-09-01T23:49:58.423+0000] {dagbag.py:587} INFO - Filling up the DagBag from /opt/airflow/dags/5.3-orchestration.py
[2024-09-01T23:49:58.440+0000] {processor.py:925} INFO - DAG(s) '5.3-orchestration' retrieved from /opt/airflow/dags/5.3-orchestration.py
[2024-09-01T23:49:58.489+0000] {logging_mixin.py:190} INFO - [2024-09-01T23:49:58.488+0000] {dag.py:3211} INFO - Sync 1 DAGs
[2024-09-01T23:49:58.581+0000] {logging_mixin.py:190} INFO - [2024-09-01T23:49:58.581+0000] {dag.py:4138} INFO - Setting next_dagrun for 5.3-orchestration to None, run_after=None
[2024-09-01T23:49:58.623+0000] {processor.py:208} INFO - Processing /opt/airflow/dags/5.3-orchestration.py took 0.225 seconds
[2024-09-01T23:50:29.284+0000] {processor.py:186} INFO - Started process (PID=919) to work on /opt/airflow/dags/5.3-orchestration.py
[2024-09-01T23:50:29.298+0000] {processor.py:914} INFO - Processing file /opt/airflow/dags/5.3-orchestration.py for tasks to queue
[2024-09-01T23:50:29.302+0000] {logging_mixin.py:190} INFO - [2024-09-01T23:50:29.302+0000] {dagbag.py:587} INFO - Filling up the DagBag from /opt/airflow/dags/5.3-orchestration.py
[2024-09-01T23:50:29.324+0000] {processor.py:925} INFO - DAG(s) '5.3-orchestration' retrieved from /opt/airflow/dags/5.3-orchestration.py
[2024-09-01T23:50:29.372+0000] {logging_mixin.py:190} INFO - [2024-09-01T23:50:29.371+0000] {dag.py:3211} INFO - Sync 1 DAGs
[2024-09-01T23:50:29.421+0000] {logging_mixin.py:190} INFO - [2024-09-01T23:50:29.421+0000] {dag.py:4138} INFO - Setting next_dagrun for 5.3-orchestration to None, run_after=None
[2024-09-01T23:50:29.455+0000] {processor.py:208} INFO - Processing /opt/airflow/dags/5.3-orchestration.py took 0.184 seconds
[2024-09-01T23:50:59.928+0000] {processor.py:186} INFO - Started process (PID=932) to work on /opt/airflow/dags/5.3-orchestration.py
[2024-09-01T23:50:59.945+0000] {processor.py:914} INFO - Processing file /opt/airflow/dags/5.3-orchestration.py for tasks to queue
[2024-09-01T23:50:59.948+0000] {logging_mixin.py:190} INFO - [2024-09-01T23:50:59.948+0000] {dagbag.py:587} INFO - Filling up the DagBag from /opt/airflow/dags/5.3-orchestration.py
[2024-09-01T23:50:59.966+0000] {processor.py:925} INFO - DAG(s) '5.3-orchestration' retrieved from /opt/airflow/dags/5.3-orchestration.py
[2024-09-01T23:51:00.018+0000] {logging_mixin.py:190} INFO - [2024-09-01T23:51:00.017+0000] {dag.py:3211} INFO - Sync 1 DAGs
[2024-09-01T23:51:00.074+0000] {logging_mixin.py:190} INFO - [2024-09-01T23:51:00.074+0000] {dag.py:4138} INFO - Setting next_dagrun for 5.3-orchestration to None, run_after=None
[2024-09-01T23:51:00.105+0000] {processor.py:208} INFO - Processing /opt/airflow/dags/5.3-orchestration.py took 0.187 seconds
[2024-09-01T23:51:30.829+0000] {processor.py:186} INFO - Started process (PID=944) to work on /opt/airflow/dags/5.3-orchestration.py
[2024-09-01T23:51:30.846+0000] {processor.py:914} INFO - Processing file /opt/airflow/dags/5.3-orchestration.py for tasks to queue
[2024-09-01T23:51:30.850+0000] {logging_mixin.py:190} INFO - [2024-09-01T23:51:30.849+0000] {dagbag.py:587} INFO - Filling up the DagBag from /opt/airflow/dags/5.3-orchestration.py
[2024-09-01T23:51:30.869+0000] {processor.py:925} INFO - DAG(s) '5.3-orchestration' retrieved from /opt/airflow/dags/5.3-orchestration.py
[2024-09-01T23:51:30.913+0000] {logging_mixin.py:190} INFO - [2024-09-01T23:51:30.913+0000] {dag.py:3211} INFO - Sync 1 DAGs
[2024-09-01T23:51:30.959+0000] {logging_mixin.py:190} INFO - [2024-09-01T23:51:30.959+0000] {dag.py:4138} INFO - Setting next_dagrun for 5.3-orchestration to None, run_after=None
[2024-09-01T23:51:30.994+0000] {processor.py:208} INFO - Processing /opt/airflow/dags/5.3-orchestration.py took 0.176 seconds
[2024-09-01T23:52:01.788+0000] {processor.py:186} INFO - Started process (PID=956) to work on /opt/airflow/dags/5.3-orchestration.py
[2024-09-01T23:52:01.803+0000] {processor.py:914} INFO - Processing file /opt/airflow/dags/5.3-orchestration.py for tasks to queue
[2024-09-01T23:52:01.807+0000] {logging_mixin.py:190} INFO - [2024-09-01T23:52:01.807+0000] {dagbag.py:587} INFO - Filling up the DagBag from /opt/airflow/dags/5.3-orchestration.py
[2024-09-01T23:52:01.824+0000] {processor.py:925} INFO - DAG(s) '5.3-orchestration' retrieved from /opt/airflow/dags/5.3-orchestration.py
[2024-09-01T23:52:01.892+0000] {logging_mixin.py:190} INFO - [2024-09-01T23:52:01.889+0000] {dag.py:3211} INFO - Sync 1 DAGs
[2024-09-01T23:52:01.983+0000] {logging_mixin.py:190} INFO - [2024-09-01T23:52:01.983+0000] {dag.py:4138} INFO - Setting next_dagrun for 5.3-orchestration to None, run_after=None
[2024-09-01T23:52:02.041+0000] {processor.py:208} INFO - Processing /opt/airflow/dags/5.3-orchestration.py took 0.265 seconds
[2024-09-01T23:52:32.195+0000] {processor.py:186} INFO - Started process (PID=968) to work on /opt/airflow/dags/5.3-orchestration.py
[2024-09-01T23:52:32.216+0000] {processor.py:914} INFO - Processing file /opt/airflow/dags/5.3-orchestration.py for tasks to queue
[2024-09-01T23:52:32.220+0000] {logging_mixin.py:190} INFO - [2024-09-01T23:52:32.219+0000] {dagbag.py:587} INFO - Filling up the DagBag from /opt/airflow/dags/5.3-orchestration.py
[2024-09-01T23:52:32.238+0000] {processor.py:925} INFO - DAG(s) '5.3-orchestration' retrieved from /opt/airflow/dags/5.3-orchestration.py
[2024-09-01T23:52:32.281+0000] {logging_mixin.py:190} INFO - [2024-09-01T23:52:32.280+0000] {dag.py:3211} INFO - Sync 1 DAGs
[2024-09-01T23:52:32.342+0000] {logging_mixin.py:190} INFO - [2024-09-01T23:52:32.342+0000] {dag.py:4138} INFO - Setting next_dagrun for 5.3-orchestration to None, run_after=None
[2024-09-01T23:52:32.372+0000] {processor.py:208} INFO - Processing /opt/airflow/dags/5.3-orchestration.py took 0.189 seconds
[2024-09-01T23:53:02.833+0000] {processor.py:186} INFO - Started process (PID=986) to work on /opt/airflow/dags/5.3-orchestration.py
[2024-09-01T23:53:02.866+0000] {processor.py:914} INFO - Processing file /opt/airflow/dags/5.3-orchestration.py for tasks to queue
[2024-09-01T23:53:02.870+0000] {logging_mixin.py:190} INFO - [2024-09-01T23:53:02.869+0000] {dagbag.py:587} INFO - Filling up the DagBag from /opt/airflow/dags/5.3-orchestration.py
[2024-09-01T23:53:02.887+0000] {processor.py:925} INFO - DAG(s) '5.3-orchestration' retrieved from /opt/airflow/dags/5.3-orchestration.py
[2024-09-01T23:53:02.973+0000] {logging_mixin.py:190} INFO - [2024-09-01T23:53:02.973+0000] {dag.py:3211} INFO - Sync 1 DAGs
[2024-09-01T23:53:03.062+0000] {logging_mixin.py:190} INFO - [2024-09-01T23:53:03.062+0000] {dag.py:4138} INFO - Setting next_dagrun for 5.3-orchestration to None, run_after=None
[2024-09-01T23:53:03.094+0000] {processor.py:208} INFO - Processing /opt/airflow/dags/5.3-orchestration.py took 0.275 seconds
[2024-09-01T23:53:33.510+0000] {processor.py:186} INFO - Started process (PID=998) to work on /opt/airflow/dags/5.3-orchestration.py
[2024-09-01T23:53:33.546+0000] {processor.py:914} INFO - Processing file /opt/airflow/dags/5.3-orchestration.py for tasks to queue
[2024-09-01T23:53:33.549+0000] {logging_mixin.py:190} INFO - [2024-09-01T23:53:33.549+0000] {dagbag.py:587} INFO - Filling up the DagBag from /opt/airflow/dags/5.3-orchestration.py
[2024-09-01T23:53:33.566+0000] {processor.py:925} INFO - DAG(s) '5.3-orchestration' retrieved from /opt/airflow/dags/5.3-orchestration.py
[2024-09-01T23:53:33.607+0000] {logging_mixin.py:190} INFO - [2024-09-01T23:53:33.607+0000] {dag.py:3211} INFO - Sync 1 DAGs
[2024-09-01T23:53:33.656+0000] {logging_mixin.py:190} INFO - [2024-09-01T23:53:33.656+0000] {dag.py:4138} INFO - Setting next_dagrun for 5.3-orchestration to None, run_after=None
[2024-09-01T23:53:33.685+0000] {processor.py:208} INFO - Processing /opt/airflow/dags/5.3-orchestration.py took 0.186 seconds
[2024-09-01T23:54:04.142+0000] {processor.py:186} INFO - Started process (PID=1010) to work on /opt/airflow/dags/5.3-orchestration.py
[2024-09-01T23:54:04.159+0000] {processor.py:914} INFO - Processing file /opt/airflow/dags/5.3-orchestration.py for tasks to queue
[2024-09-01T23:54:04.165+0000] {logging_mixin.py:190} INFO - [2024-09-01T23:54:04.164+0000] {dagbag.py:587} INFO - Filling up the DagBag from /opt/airflow/dags/5.3-orchestration.py
[2024-09-01T23:54:04.193+0000] {processor.py:925} INFO - DAG(s) '5.3-orchestration' retrieved from /opt/airflow/dags/5.3-orchestration.py
[2024-09-01T23:54:04.253+0000] {logging_mixin.py:190} INFO - [2024-09-01T23:54:04.252+0000] {dag.py:3211} INFO - Sync 1 DAGs
[2024-09-01T23:54:04.295+0000] {logging_mixin.py:190} INFO - [2024-09-01T23:54:04.294+0000] {dag.py:4138} INFO - Setting next_dagrun for 5.3-orchestration to None, run_after=None
[2024-09-01T23:54:04.325+0000] {processor.py:208} INFO - Processing /opt/airflow/dags/5.3-orchestration.py took 0.196 seconds
[2024-09-01T23:54:34.848+0000] {processor.py:186} INFO - Started process (PID=1021) to work on /opt/airflow/dags/5.3-orchestration.py
[2024-09-01T23:54:34.860+0000] {processor.py:914} INFO - Processing file /opt/airflow/dags/5.3-orchestration.py for tasks to queue
[2024-09-01T23:54:34.865+0000] {logging_mixin.py:190} INFO - [2024-09-01T23:54:34.865+0000] {dagbag.py:587} INFO - Filling up the DagBag from /opt/airflow/dags/5.3-orchestration.py
[2024-09-01T23:54:34.890+0000] {processor.py:925} INFO - DAG(s) '5.3-orchestration' retrieved from /opt/airflow/dags/5.3-orchestration.py
[2024-09-01T23:54:34.933+0000] {logging_mixin.py:190} INFO - [2024-09-01T23:54:34.932+0000] {dag.py:3211} INFO - Sync 1 DAGs
[2024-09-01T23:54:34.980+0000] {logging_mixin.py:190} INFO - [2024-09-01T23:54:34.980+0000] {dag.py:4138} INFO - Setting next_dagrun for 5.3-orchestration to None, run_after=None
[2024-09-01T23:54:35.009+0000] {processor.py:208} INFO - Processing /opt/airflow/dags/5.3-orchestration.py took 0.174 seconds
[2024-09-01T23:55:05.566+0000] {processor.py:186} INFO - Started process (PID=1032) to work on /opt/airflow/dags/5.3-orchestration.py
[2024-09-01T23:55:05.583+0000] {processor.py:914} INFO - Processing file /opt/airflow/dags/5.3-orchestration.py for tasks to queue
[2024-09-01T23:55:05.588+0000] {logging_mixin.py:190} INFO - [2024-09-01T23:55:05.587+0000] {dagbag.py:587} INFO - Filling up the DagBag from /opt/airflow/dags/5.3-orchestration.py
[2024-09-01T23:55:05.608+0000] {processor.py:925} INFO - DAG(s) '5.3-orchestration' retrieved from /opt/airflow/dags/5.3-orchestration.py
[2024-09-01T23:55:05.651+0000] {logging_mixin.py:190} INFO - [2024-09-01T23:55:05.651+0000] {dag.py:3211} INFO - Sync 1 DAGs
[2024-09-01T23:55:05.698+0000] {logging_mixin.py:190} INFO - [2024-09-01T23:55:05.698+0000] {dag.py:4138} INFO - Setting next_dagrun for 5.3-orchestration to None, run_after=None
[2024-09-01T23:55:05.729+0000] {processor.py:208} INFO - Processing /opt/airflow/dags/5.3-orchestration.py took 0.187 seconds
[2024-09-01T23:55:36.513+0000] {processor.py:186} INFO - Started process (PID=1044) to work on /opt/airflow/dags/5.3-orchestration.py
[2024-09-01T23:55:36.529+0000] {processor.py:914} INFO - Processing file /opt/airflow/dags/5.3-orchestration.py for tasks to queue
[2024-09-01T23:55:36.533+0000] {logging_mixin.py:190} INFO - [2024-09-01T23:55:36.532+0000] {dagbag.py:587} INFO - Filling up the DagBag from /opt/airflow/dags/5.3-orchestration.py
[2024-09-01T23:55:36.553+0000] {processor.py:925} INFO - DAG(s) '5.3-orchestration' retrieved from /opt/airflow/dags/5.3-orchestration.py
[2024-09-01T23:55:36.606+0000] {logging_mixin.py:190} INFO - [2024-09-01T23:55:36.606+0000] {dag.py:3211} INFO - Sync 1 DAGs
[2024-09-01T23:55:36.657+0000] {logging_mixin.py:190} INFO - [2024-09-01T23:55:36.657+0000] {dag.py:4138} INFO - Setting next_dagrun for 5.3-orchestration to None, run_after=None
[2024-09-01T23:55:36.687+0000] {processor.py:208} INFO - Processing /opt/airflow/dags/5.3-orchestration.py took 0.188 seconds
[2024-09-01T23:56:06.759+0000] {processor.py:186} INFO - Started process (PID=1055) to work on /opt/airflow/dags/5.3-orchestration.py
[2024-09-01T23:56:06.776+0000] {processor.py:914} INFO - Processing file /opt/airflow/dags/5.3-orchestration.py for tasks to queue
[2024-09-01T23:56:06.780+0000] {logging_mixin.py:190} INFO - [2024-09-01T23:56:06.780+0000] {dagbag.py:587} INFO - Filling up the DagBag from /opt/airflow/dags/5.3-orchestration.py
[2024-09-01T23:56:06.797+0000] {processor.py:925} INFO - DAG(s) '5.3-orchestration' retrieved from /opt/airflow/dags/5.3-orchestration.py
[2024-09-01T23:56:06.850+0000] {logging_mixin.py:190} INFO - [2024-09-01T23:56:06.850+0000] {dag.py:3211} INFO - Sync 1 DAGs
[2024-09-01T23:56:06.899+0000] {logging_mixin.py:190} INFO - [2024-09-01T23:56:06.898+0000] {dag.py:4138} INFO - Setting next_dagrun for 5.3-orchestration to None, run_after=None
[2024-09-01T23:56:06.925+0000] {processor.py:208} INFO - Processing /opt/airflow/dags/5.3-orchestration.py took 0.175 seconds
[2024-09-01T23:56:37.006+0000] {processor.py:186} INFO - Started process (PID=1066) to work on /opt/airflow/dags/5.3-orchestration.py
[2024-09-01T23:56:37.023+0000] {processor.py:914} INFO - Processing file /opt/airflow/dags/5.3-orchestration.py for tasks to queue
[2024-09-01T23:56:37.028+0000] {logging_mixin.py:190} INFO - [2024-09-01T23:56:37.028+0000] {dagbag.py:587} INFO - Filling up the DagBag from /opt/airflow/dags/5.3-orchestration.py
[2024-09-01T23:56:37.049+0000] {processor.py:925} INFO - DAG(s) '5.3-orchestration' retrieved from /opt/airflow/dags/5.3-orchestration.py
[2024-09-01T23:56:37.098+0000] {logging_mixin.py:190} INFO - [2024-09-01T23:56:37.098+0000] {dag.py:3211} INFO - Sync 1 DAGs
[2024-09-01T23:56:37.155+0000] {logging_mixin.py:190} INFO - [2024-09-01T23:56:37.154+0000] {dag.py:4138} INFO - Setting next_dagrun for 5.3-orchestration to None, run_after=None
[2024-09-01T23:56:37.189+0000] {processor.py:208} INFO - Processing /opt/airflow/dags/5.3-orchestration.py took 0.194 seconds
[2024-09-01T23:57:07.415+0000] {processor.py:186} INFO - Started process (PID=1077) to work on /opt/airflow/dags/5.3-orchestration.py
[2024-09-01T23:57:07.436+0000] {processor.py:914} INFO - Processing file /opt/airflow/dags/5.3-orchestration.py for tasks to queue
[2024-09-01T23:57:07.439+0000] {logging_mixin.py:190} INFO - [2024-09-01T23:57:07.439+0000] {dagbag.py:587} INFO - Filling up the DagBag from /opt/airflow/dags/5.3-orchestration.py
[2024-09-01T23:57:07.459+0000] {processor.py:925} INFO - DAG(s) '5.3-orchestration' retrieved from /opt/airflow/dags/5.3-orchestration.py
[2024-09-01T23:57:07.514+0000] {logging_mixin.py:190} INFO - [2024-09-01T23:57:07.513+0000] {dag.py:3211} INFO - Sync 1 DAGs
[2024-09-01T23:57:07.566+0000] {logging_mixin.py:190} INFO - [2024-09-01T23:57:07.565+0000] {dag.py:4138} INFO - Setting next_dagrun for 5.3-orchestration to None, run_after=None
[2024-09-01T23:57:07.598+0000] {processor.py:208} INFO - Processing /opt/airflow/dags/5.3-orchestration.py took 0.194 seconds
[2024-09-01T23:57:37.713+0000] {processor.py:186} INFO - Started process (PID=1089) to work on /opt/airflow/dags/5.3-orchestration.py
[2024-09-01T23:57:37.727+0000] {processor.py:914} INFO - Processing file /opt/airflow/dags/5.3-orchestration.py for tasks to queue
[2024-09-01T23:57:37.734+0000] {logging_mixin.py:190} INFO - [2024-09-01T23:57:37.734+0000] {dagbag.py:587} INFO - Filling up the DagBag from /opt/airflow/dags/5.3-orchestration.py
[2024-09-01T23:57:37.760+0000] {processor.py:925} INFO - DAG(s) '5.3-orchestration' retrieved from /opt/airflow/dags/5.3-orchestration.py
[2024-09-01T23:57:37.815+0000] {logging_mixin.py:190} INFO - [2024-09-01T23:57:37.814+0000] {dag.py:3211} INFO - Sync 1 DAGs
[2024-09-01T23:57:37.872+0000] {logging_mixin.py:190} INFO - [2024-09-01T23:57:37.872+0000] {dag.py:4138} INFO - Setting next_dagrun for 5.3-orchestration to None, run_after=None
[2024-09-01T23:57:37.910+0000] {processor.py:208} INFO - Processing /opt/airflow/dags/5.3-orchestration.py took 0.209 seconds
[2024-09-01T23:58:07.963+0000] {processor.py:186} INFO - Started process (PID=1101) to work on /opt/airflow/dags/5.3-orchestration.py
[2024-09-01T23:58:07.985+0000] {processor.py:914} INFO - Processing file /opt/airflow/dags/5.3-orchestration.py for tasks to queue
[2024-09-01T23:58:07.991+0000] {logging_mixin.py:190} INFO - [2024-09-01T23:58:07.990+0000] {dagbag.py:587} INFO - Filling up the DagBag from /opt/airflow/dags/5.3-orchestration.py
[2024-09-01T23:58:08.025+0000] {processor.py:925} INFO - DAG(s) '5.3-orchestration' retrieved from /opt/airflow/dags/5.3-orchestration.py
[2024-09-01T23:58:08.079+0000] {logging_mixin.py:190} INFO - [2024-09-01T23:58:08.079+0000] {dag.py:3211} INFO - Sync 1 DAGs
[2024-09-01T23:58:08.139+0000] {logging_mixin.py:190} INFO - [2024-09-01T23:58:08.139+0000] {dag.py:4138} INFO - Setting next_dagrun for 5.3-orchestration to None, run_after=None
[2024-09-01T23:58:08.172+0000] {processor.py:208} INFO - Processing /opt/airflow/dags/5.3-orchestration.py took 0.224 seconds
[2024-09-01T23:58:38.962+0000] {processor.py:186} INFO - Started process (PID=1113) to work on /opt/airflow/dags/5.3-orchestration.py
[2024-09-01T23:58:38.976+0000] {processor.py:914} INFO - Processing file /opt/airflow/dags/5.3-orchestration.py for tasks to queue
[2024-09-01T23:58:38.981+0000] {logging_mixin.py:190} INFO - [2024-09-01T23:58:38.980+0000] {dagbag.py:587} INFO - Filling up the DagBag from /opt/airflow/dags/5.3-orchestration.py
[2024-09-01T23:58:38.998+0000] {processor.py:925} INFO - DAG(s) '5.3-orchestration' retrieved from /opt/airflow/dags/5.3-orchestration.py
[2024-09-01T23:58:39.048+0000] {logging_mixin.py:190} INFO - [2024-09-01T23:58:39.048+0000] {dag.py:3211} INFO - Sync 1 DAGs
[2024-09-01T23:58:39.100+0000] {logging_mixin.py:190} INFO - [2024-09-01T23:58:39.099+0000] {dag.py:4138} INFO - Setting next_dagrun for 5.3-orchestration to None, run_after=None
[2024-09-01T23:58:39.134+0000] {processor.py:208} INFO - Processing /opt/airflow/dags/5.3-orchestration.py took 0.181 seconds
[2024-09-01T23:59:09.199+0000] {processor.py:186} INFO - Started process (PID=1125) to work on /opt/airflow/dags/5.3-orchestration.py
[2024-09-01T23:59:09.217+0000] {processor.py:914} INFO - Processing file /opt/airflow/dags/5.3-orchestration.py for tasks to queue
[2024-09-01T23:59:09.220+0000] {logging_mixin.py:190} INFO - [2024-09-01T23:59:09.220+0000] {dagbag.py:587} INFO - Filling up the DagBag from /opt/airflow/dags/5.3-orchestration.py
[2024-09-01T23:59:09.245+0000] {processor.py:925} INFO - DAG(s) '5.3-orchestration' retrieved from /opt/airflow/dags/5.3-orchestration.py
[2024-09-01T23:59:09.295+0000] {logging_mixin.py:190} INFO - [2024-09-01T23:59:09.294+0000] {dag.py:3211} INFO - Sync 1 DAGs
[2024-09-01T23:59:09.345+0000] {logging_mixin.py:190} INFO - [2024-09-01T23:59:09.345+0000] {dag.py:4138} INFO - Setting next_dagrun for 5.3-orchestration to None, run_after=None
[2024-09-01T23:59:09.374+0000] {processor.py:208} INFO - Processing /opt/airflow/dags/5.3-orchestration.py took 0.188 seconds
[2024-09-01T23:59:39.928+0000] {processor.py:186} INFO - Started process (PID=1136) to work on /opt/airflow/dags/5.3-orchestration.py
[2024-09-01T23:59:39.952+0000] {processor.py:914} INFO - Processing file /opt/airflow/dags/5.3-orchestration.py for tasks to queue
[2024-09-01T23:59:39.955+0000] {logging_mixin.py:190} INFO - [2024-09-01T23:59:39.955+0000] {dagbag.py:587} INFO - Filling up the DagBag from /opt/airflow/dags/5.3-orchestration.py
[2024-09-01T23:59:39.974+0000] {processor.py:925} INFO - DAG(s) '5.3-orchestration' retrieved from /opt/airflow/dags/5.3-orchestration.py
[2024-09-01T23:59:40.028+0000] {logging_mixin.py:190} INFO - [2024-09-01T23:59:40.027+0000] {dag.py:3211} INFO - Sync 1 DAGs
[2024-09-01T23:59:40.080+0000] {logging_mixin.py:190} INFO - [2024-09-01T23:59:40.079+0000] {dag.py:4138} INFO - Setting next_dagrun for 5.3-orchestration to None, run_after=None
[2024-09-01T23:59:40.114+0000] {processor.py:208} INFO - Processing /opt/airflow/dags/5.3-orchestration.py took 0.196 seconds
