[2024-09-10T19:20:08.478+0000] {processor.py:186} INFO - Started process (PID=12866) to work on /opt/airflow/dags/7.3-fileSensor.py
[2024-09-10T19:20:08.480+0000] {processor.py:914} INFO - Processing file /opt/airflow/dags/7.3-fileSensor.py for tasks to queue
[2024-09-10T19:20:08.483+0000] {logging_mixin.py:190} INFO - [2024-09-10T19:20:08.482+0000] {dagbag.py:587} INFO - Filling up the DagBag from /opt/airflow/dags/7.3-fileSensor.py
[2024-09-10T19:20:08.504+0000] {logging_mixin.py:190} INFO - [2024-09-10T19:20:08.499+0000] {dagbag.py:386} ERROR - Failed to import: /opt/airflow/dags/7.3-fileSensor.py
Traceback (most recent call last):
  File "/home/airflow/.local/lib/python3.12/site-packages/airflow/models/dagbag.py", line 382, in parse
    loader.exec_module(new_module)
  File "<frozen importlib._bootstrap_external>", line 995, in exec_module
  File "<frozen importlib._bootstrap>", line 488, in _call_with_frames_removed
  File "/opt/airflow/dags/7.3-fileSensor.py", line 17, in <module>
    t2 = FileSensor(task_id="waiting_file",
         ^^^^^^^^^^^^^^^^^^^^^^^^^^^^^^^^^^
  File "/home/airflow/.local/lib/python3.12/site-packages/airflow/models/baseoperator.py", line 473, in apply_defaults
    raise AirflowException(f"missing keyword argument {missing_args.pop()!r}")
airflow.exceptions.AirflowException: missing keyword argument 'filepath'
[2024-09-10T19:20:08.506+0000] {processor.py:927} WARNING - No viable dags retrieved from /opt/airflow/dags/7.3-fileSensor.py
[2024-09-10T19:20:08.549+0000] {processor.py:208} INFO - Processing /opt/airflow/dags/7.3-fileSensor.py took 0.084 seconds
[2024-09-10T19:20:10.506+0000] {processor.py:186} INFO - Started process (PID=12867) to work on /opt/airflow/dags/7.3-fileSensor.py
[2024-09-10T19:20:10.508+0000] {processor.py:914} INFO - Processing file /opt/airflow/dags/7.3-fileSensor.py for tasks to queue
[2024-09-10T19:20:10.510+0000] {logging_mixin.py:190} INFO - [2024-09-10T19:20:10.509+0000] {dagbag.py:587} INFO - Filling up the DagBag from /opt/airflow/dags/7.3-fileSensor.py
[2024-09-10T19:20:10.538+0000] {processor.py:925} INFO - DAG(s) '7.3-fileSensor' retrieved from /opt/airflow/dags/7.3-fileSensor.py
[2024-09-10T19:20:10.845+0000] {logging_mixin.py:190} INFO - [2024-09-10T19:20:10.838+0000] {override.py:1858} INFO - Created Permission View: can read on DAG:7.3-fileSensor
[2024-09-10T19:20:10.874+0000] {logging_mixin.py:190} INFO - [2024-09-10T19:20:10.873+0000] {override.py:1858} INFO - Created Permission View: can delete on DAG:7.3-fileSensor
[2024-09-10T19:20:10.895+0000] {logging_mixin.py:190} INFO - [2024-09-10T19:20:10.894+0000] {override.py:1858} INFO - Created Permission View: can edit on DAG:7.3-fileSensor
[2024-09-10T19:20:10.896+0000] {logging_mixin.py:190} INFO - [2024-09-10T19:20:10.895+0000] {dag.py:3211} INFO - Sync 1 DAGs
[2024-09-10T19:20:10.934+0000] {logging_mixin.py:190} INFO - [2024-09-10T19:20:10.933+0000] {dag.py:3234} INFO - Creating ORM DAG for 7.3-fileSensor
[2024-09-10T19:20:10.966+0000] {logging_mixin.py:190} INFO - [2024-09-10T19:20:10.965+0000] {dag.py:4138} INFO - Setting next_dagrun for 7.3-fileSensor to 2024-05-01 00:00:00+00:00, run_after=2024-05-02 00:00:00+00:00
[2024-09-10T19:20:11.011+0000] {processor.py:208} INFO - Processing /opt/airflow/dags/7.3-fileSensor.py took 0.521 seconds
[2024-09-10T19:20:17.225+0000] {processor.py:186} INFO - Started process (PID=12868) to work on /opt/airflow/dags/7.3-fileSensor.py
[2024-09-10T19:20:17.227+0000] {processor.py:914} INFO - Processing file /opt/airflow/dags/7.3-fileSensor.py for tasks to queue
[2024-09-10T19:20:17.239+0000] {logging_mixin.py:190} INFO - [2024-09-10T19:20:17.231+0000] {dagbag.py:587} INFO - Filling up the DagBag from /opt/airflow/dags/7.3-fileSensor.py
[2024-09-10T19:20:17.291+0000] {processor.py:925} INFO - DAG(s) '7.3-fileSensor' retrieved from /opt/airflow/dags/7.3-fileSensor.py
[2024-09-10T19:20:17.358+0000] {logging_mixin.py:190} INFO - [2024-09-10T19:20:17.357+0000] {dag.py:3211} INFO - Sync 1 DAGs
[2024-09-10T19:20:17.549+0000] {logging_mixin.py:190} INFO - [2024-09-10T19:20:17.549+0000] {dag.py:4138} INFO - Setting next_dagrun for 7.3-fileSensor to 2024-05-01 00:00:00+00:00, run_after=2024-05-02 00:00:00+00:00
[2024-09-10T19:20:17.680+0000] {processor.py:208} INFO - Processing /opt/airflow/dags/7.3-fileSensor.py took 0.526 seconds
[2024-09-10T19:20:18.980+0000] {processor.py:186} INFO - Started process (PID=12871) to work on /opt/airflow/dags/7.3-fileSensor.py
[2024-09-10T19:20:18.986+0000] {processor.py:914} INFO - Processing file /opt/airflow/dags/7.3-fileSensor.py for tasks to queue
[2024-09-10T19:20:18.994+0000] {logging_mixin.py:190} INFO - [2024-09-10T19:20:18.988+0000] {dagbag.py:587} INFO - Filling up the DagBag from /opt/airflow/dags/7.3-fileSensor.py
[2024-09-10T19:20:19.079+0000] {processor.py:925} INFO - DAG(s) '7.3-fileSensor' retrieved from /opt/airflow/dags/7.3-fileSensor.py
[2024-09-10T19:20:19.179+0000] {logging_mixin.py:190} INFO - [2024-09-10T19:20:19.178+0000] {dag.py:3211} INFO - Sync 1 DAGs
[2024-09-10T19:20:19.365+0000] {logging_mixin.py:190} INFO - [2024-09-10T19:20:19.364+0000] {dag.py:4138} INFO - Setting next_dagrun for 7.3-fileSensor to 2024-05-01 00:00:00+00:00, run_after=2024-05-02 00:00:00+00:00
[2024-09-10T19:20:19.462+0000] {processor.py:208} INFO - Processing /opt/airflow/dags/7.3-fileSensor.py took 0.510 seconds
[2024-09-10T19:20:24.150+0000] {processor.py:186} INFO - Started process (PID=12877) to work on /opt/airflow/dags/7.3-fileSensor.py
[2024-09-10T19:20:24.152+0000] {processor.py:914} INFO - Processing file /opt/airflow/dags/7.3-fileSensor.py for tasks to queue
[2024-09-10T19:20:24.158+0000] {logging_mixin.py:190} INFO - [2024-09-10T19:20:24.157+0000] {dagbag.py:587} INFO - Filling up the DagBag from /opt/airflow/dags/7.3-fileSensor.py
[2024-09-10T19:20:24.204+0000] {processor.py:925} INFO - DAG(s) '7.3-fileSensor' retrieved from /opt/airflow/dags/7.3-fileSensor.py
[2024-09-10T19:20:24.254+0000] {logging_mixin.py:190} INFO - [2024-09-10T19:20:24.254+0000] {dag.py:3211} INFO - Sync 1 DAGs
[2024-09-10T19:20:24.348+0000] {logging_mixin.py:190} INFO - [2024-09-10T19:20:24.347+0000] {dag.py:4138} INFO - Setting next_dagrun for 7.3-fileSensor to 2024-05-01 00:00:00+00:00, run_after=2024-05-02 00:00:00+00:00
[2024-09-10T19:20:24.416+0000] {processor.py:208} INFO - Processing /opt/airflow/dags/7.3-fileSensor.py took 0.293 seconds
[2024-09-10T19:20:26.570+0000] {processor.py:186} INFO - Started process (PID=12878) to work on /opt/airflow/dags/7.3-fileSensor.py
[2024-09-10T19:20:26.571+0000] {processor.py:914} INFO - Processing file /opt/airflow/dags/7.3-fileSensor.py for tasks to queue
[2024-09-10T19:20:26.576+0000] {logging_mixin.py:190} INFO - [2024-09-10T19:20:26.574+0000] {dagbag.py:587} INFO - Filling up the DagBag from /opt/airflow/dags/7.3-fileSensor.py
[2024-09-10T19:20:26.660+0000] {processor.py:925} INFO - DAG(s) '7.3-fileSensor' retrieved from /opt/airflow/dags/7.3-fileSensor.py
[2024-09-10T19:20:26.715+0000] {logging_mixin.py:190} INFO - [2024-09-10T19:20:26.714+0000] {dag.py:3211} INFO - Sync 1 DAGs
[2024-09-10T19:20:26.870+0000] {logging_mixin.py:190} INFO - [2024-09-10T19:20:26.869+0000] {dag.py:4138} INFO - Setting next_dagrun for 7.3-fileSensor to 2024-05-01 00:00:00+00:00, run_after=2024-05-02 00:00:00+00:00
[2024-09-10T19:20:26.979+0000] {processor.py:208} INFO - Processing /opt/airflow/dags/7.3-fileSensor.py took 0.448 seconds
[2024-09-10T19:20:32.634+0000] {processor.py:186} INFO - Started process (PID=12885) to work on /opt/airflow/dags/7.3-fileSensor.py
[2024-09-10T19:20:32.635+0000] {processor.py:914} INFO - Processing file /opt/airflow/dags/7.3-fileSensor.py for tasks to queue
[2024-09-10T19:20:32.641+0000] {logging_mixin.py:190} INFO - [2024-09-10T19:20:32.640+0000] {dagbag.py:587} INFO - Filling up the DagBag from /opt/airflow/dags/7.3-fileSensor.py
[2024-09-10T19:20:32.672+0000] {processor.py:925} INFO - DAG(s) '7.3-fileSensor' retrieved from /opt/airflow/dags/7.3-fileSensor.py
[2024-09-10T19:20:32.708+0000] {logging_mixin.py:190} INFO - [2024-09-10T19:20:32.708+0000] {dag.py:3211} INFO - Sync 1 DAGs
[2024-09-10T19:20:32.799+0000] {logging_mixin.py:190} INFO - [2024-09-10T19:20:32.798+0000] {dag.py:4138} INFO - Setting next_dagrun for 7.3-fileSensor to 2024-05-01 00:00:00+00:00, run_after=2024-05-02 00:00:00+00:00
[2024-09-10T19:20:32.880+0000] {processor.py:208} INFO - Processing /opt/airflow/dags/7.3-fileSensor.py took 0.263 seconds
[2024-09-10T19:20:34.307+0000] {processor.py:186} INFO - Started process (PID=12887) to work on /opt/airflow/dags/7.3-fileSensor.py
[2024-09-10T19:20:34.308+0000] {processor.py:914} INFO - Processing file /opt/airflow/dags/7.3-fileSensor.py for tasks to queue
[2024-09-10T19:20:34.311+0000] {logging_mixin.py:190} INFO - [2024-09-10T19:20:34.310+0000] {dagbag.py:587} INFO - Filling up the DagBag from /opt/airflow/dags/7.3-fileSensor.py
[2024-09-10T19:20:34.317+0000] {logging_mixin.py:190} INFO - [2024-09-10T19:20:34.315+0000] {dagbag.py:386} ERROR - Failed to import: /opt/airflow/dags/7.3-fileSensor.py
Traceback (most recent call last):
  File "/home/airflow/.local/lib/python3.12/site-packages/airflow/models/dagbag.py", line 382, in parse
    loader.exec_module(new_module)
  File "<frozen importlib._bootstrap_external>", line 991, in exec_module
  File "<frozen importlib._bootstrap_external>", line 1129, in get_code
  File "<frozen importlib._bootstrap_external>", line 1059, in source_to_code
  File "<frozen importlib._bootstrap>", line 488, in _call_with_frames_removed
  File "/opt/airflow/dags/7.3-fileSensor.py", line 20
    t2
IndentationError: unexpected indent
[2024-09-10T19:20:34.319+0000] {processor.py:927} WARNING - No viable dags retrieved from /opt/airflow/dags/7.3-fileSensor.py
[2024-09-10T19:20:34.366+0000] {processor.py:208} INFO - Processing /opt/airflow/dags/7.3-fileSensor.py took 0.071 seconds
[2024-09-10T19:20:37.420+0000] {processor.py:186} INFO - Started process (PID=12888) to work on /opt/airflow/dags/7.3-fileSensor.py
[2024-09-10T19:20:37.427+0000] {processor.py:914} INFO - Processing file /opt/airflow/dags/7.3-fileSensor.py for tasks to queue
[2024-09-10T19:20:37.433+0000] {logging_mixin.py:190} INFO - [2024-09-10T19:20:37.432+0000] {dagbag.py:587} INFO - Filling up the DagBag from /opt/airflow/dags/7.3-fileSensor.py
[2024-09-10T19:20:37.445+0000] {logging_mixin.py:190} INFO - [2024-09-10T19:20:37.443+0000] {dagbag.py:386} ERROR - Failed to import: /opt/airflow/dags/7.3-fileSensor.py
Traceback (most recent call last):
  File "/home/airflow/.local/lib/python3.12/site-packages/airflow/models/dagbag.py", line 382, in parse
    loader.exec_module(new_module)
  File "<frozen importlib._bootstrap_external>", line 991, in exec_module
  File "<frozen importlib._bootstrap_external>", line 1129, in get_code
  File "<frozen importlib._bootstrap_external>", line 1059, in source_to_code
  File "<frozen importlib._bootstrap>", line 488, in _call_with_frames_removed
  File "/opt/airflow/dags/7.3-fileSensor.py", line 20
    t2 = 
IndentationError: unexpected indent
[2024-09-10T19:20:37.452+0000] {processor.py:927} WARNING - No viable dags retrieved from /opt/airflow/dags/7.3-fileSensor.py
[2024-09-10T19:20:37.547+0000] {processor.py:208} INFO - Processing /opt/airflow/dags/7.3-fileSensor.py took 0.163 seconds
[2024-09-10T19:20:39.985+0000] {processor.py:186} INFO - Started process (PID=12891) to work on /opt/airflow/dags/7.3-fileSensor.py
[2024-09-10T19:20:39.997+0000] {processor.py:914} INFO - Processing file /opt/airflow/dags/7.3-fileSensor.py for tasks to queue
[2024-09-10T19:20:40.021+0000] {logging_mixin.py:190} INFO - [2024-09-10T19:20:40.008+0000] {dagbag.py:587} INFO - Filling up the DagBag from /opt/airflow/dags/7.3-fileSensor.py
[2024-09-10T19:20:40.062+0000] {logging_mixin.py:190} INFO - [2024-09-10T19:20:40.035+0000] {dagbag.py:386} ERROR - Failed to import: /opt/airflow/dags/7.3-fileSensor.py
Traceback (most recent call last):
  File "/home/airflow/.local/lib/python3.12/site-packages/airflow/models/dagbag.py", line 382, in parse
    loader.exec_module(new_module)
  File "<frozen importlib._bootstrap_external>", line 991, in exec_module
  File "<frozen importlib._bootstrap_external>", line 1129, in get_code
  File "<frozen importlib._bootstrap_external>", line 1059, in source_to_code
  File "<frozen importlib._bootstrap>", line 488, in _call_with_frames_removed
  File "/opt/airflow/dags/7.3-fileSensor.py", line 20
    t2 = Bash
IndentationError: unexpected indent
[2024-09-10T19:20:40.064+0000] {processor.py:927} WARNING - No viable dags retrieved from /opt/airflow/dags/7.3-fileSensor.py
[2024-09-10T19:20:40.216+0000] {processor.py:208} INFO - Processing /opt/airflow/dags/7.3-fileSensor.py took 0.283 seconds
[2024-09-10T19:20:41.970+0000] {processor.py:186} INFO - Started process (PID=12892) to work on /opt/airflow/dags/7.3-fileSensor.py
[2024-09-10T19:20:41.973+0000] {processor.py:914} INFO - Processing file /opt/airflow/dags/7.3-fileSensor.py for tasks to queue
[2024-09-10T19:20:41.976+0000] {logging_mixin.py:190} INFO - [2024-09-10T19:20:41.975+0000] {dagbag.py:587} INFO - Filling up the DagBag from /opt/airflow/dags/7.3-fileSensor.py
[2024-09-10T19:20:41.983+0000] {logging_mixin.py:190} INFO - [2024-09-10T19:20:41.980+0000] {dagbag.py:386} ERROR - Failed to import: /opt/airflow/dags/7.3-fileSensor.py
Traceback (most recent call last):
  File "/home/airflow/.local/lib/python3.12/site-packages/airflow/models/dagbag.py", line 382, in parse
    loader.exec_module(new_module)
  File "<frozen importlib._bootstrap_external>", line 991, in exec_module
  File "<frozen importlib._bootstrap_external>", line 1129, in get_code
  File "<frozen importlib._bootstrap_external>", line 1059, in source_to_code
  File "<frozen importlib._bootstrap>", line 488, in _call_with_frames_removed
  File "/opt/airflow/dags/7.3-fileSensor.py", line 20
    t2 = BashOperator
IndentationError: unexpected indent
[2024-09-10T19:20:41.984+0000] {processor.py:927} WARNING - No viable dags retrieved from /opt/airflow/dags/7.3-fileSensor.py
[2024-09-10T19:20:42.027+0000] {processor.py:208} INFO - Processing /opt/airflow/dags/7.3-fileSensor.py took 0.073 seconds
[2024-09-10T19:21:08.580+0000] {processor.py:186} INFO - Started process (PID=12912) to work on /opt/airflow/dags/7.3-fileSensor.py
[2024-09-10T19:21:08.582+0000] {processor.py:914} INFO - Processing file /opt/airflow/dags/7.3-fileSensor.py for tasks to queue
[2024-09-10T19:21:08.589+0000] {logging_mixin.py:190} INFO - [2024-09-10T19:21:08.584+0000] {dagbag.py:587} INFO - Filling up the DagBag from /opt/airflow/dags/7.3-fileSensor.py
[2024-09-10T19:21:08.605+0000] {logging_mixin.py:190} INFO - [2024-09-10T19:21:08.600+0000] {dagbag.py:386} ERROR - Failed to import: /opt/airflow/dags/7.3-fileSensor.py
Traceback (most recent call last):
  File "/home/airflow/.local/lib/python3.12/site-packages/airflow/models/dagbag.py", line 382, in parse
    loader.exec_module(new_module)
  File "<frozen importlib._bootstrap_external>", line 991, in exec_module
  File "<frozen importlib._bootstrap_external>", line 1129, in get_code
  File "<frozen importlib._bootstrap_external>", line 1059, in source_to_code
  File "<frozen importlib._bootstrap>", line 488, in _call_with_frames_removed
  File "/opt/airflow/dags/7.3-fileSensor.py", line 20
    t2 = BashOperator
IndentationError: unexpected indent
[2024-09-10T19:21:08.606+0000] {processor.py:927} WARNING - No viable dags retrieved from /opt/airflow/dags/7.3-fileSensor.py
[2024-09-10T19:21:08.714+0000] {processor.py:208} INFO - Processing /opt/airflow/dags/7.3-fileSensor.py took 0.172 seconds
[2024-09-10T19:21:09.820+0000] {processor.py:186} INFO - Started process (PID=12914) to work on /opt/airflow/dags/7.3-fileSensor.py
[2024-09-10T19:21:09.826+0000] {processor.py:914} INFO - Processing file /opt/airflow/dags/7.3-fileSensor.py for tasks to queue
[2024-09-10T19:21:09.829+0000] {logging_mixin.py:190} INFO - [2024-09-10T19:21:09.828+0000] {dagbag.py:587} INFO - Filling up the DagBag from /opt/airflow/dags/7.3-fileSensor.py
[2024-09-10T19:21:09.838+0000] {logging_mixin.py:190} INFO - [2024-09-10T19:21:09.834+0000] {dagbag.py:386} ERROR - Failed to import: /opt/airflow/dags/7.3-fileSensor.py
Traceback (most recent call last):
  File "/home/airflow/.local/lib/python3.12/site-packages/airflow/models/dagbag.py", line 382, in parse
    loader.exec_module(new_module)
  File "<frozen importlib._bootstrap_external>", line 991, in exec_module
  File "<frozen importlib._bootstrap_external>", line 1129, in get_code
  File "<frozen importlib._bootstrap_external>", line 1059, in source_to_code
  File "<frozen importlib._bootstrap>", line 488, in _call_with_frames_removed
  File "/opt/airflow/dags/7.3-fileSensor.py", line 19
    t2 = BashOperator
IndentationError: unexpected indent
[2024-09-10T19:21:09.839+0000] {processor.py:927} WARNING - No viable dags retrieved from /opt/airflow/dags/7.3-fileSensor.py
[2024-09-10T19:21:09.898+0000] {processor.py:208} INFO - Processing /opt/airflow/dags/7.3-fileSensor.py took 0.098 seconds
[2024-09-10T19:21:11.869+0000] {processor.py:186} INFO - Started process (PID=12915) to work on /opt/airflow/dags/7.3-fileSensor.py
[2024-09-10T19:21:11.878+0000] {processor.py:914} INFO - Processing file /opt/airflow/dags/7.3-fileSensor.py for tasks to queue
[2024-09-10T19:21:11.881+0000] {logging_mixin.py:190} INFO - [2024-09-10T19:21:11.880+0000] {dagbag.py:587} INFO - Filling up the DagBag from /opt/airflow/dags/7.3-fileSensor.py
[2024-09-10T19:21:11.888+0000] {logging_mixin.py:190} INFO - [2024-09-10T19:21:11.885+0000] {dagbag.py:386} ERROR - Failed to import: /opt/airflow/dags/7.3-fileSensor.py
Traceback (most recent call last):
  File "/home/airflow/.local/lib/python3.12/site-packages/airflow/models/dagbag.py", line 382, in parse
    loader.exec_module(new_module)
  File "<frozen importlib._bootstrap_external>", line 991, in exec_module
  File "<frozen importlib._bootstrap_external>", line 1129, in get_code
  File "<frozen importlib._bootstrap_external>", line 1059, in source_to_code
  File "<frozen importlib._bootstrap>", line 488, in _call_with_frames_removed
  File "/opt/airflow/dags/7.3-fileSensor.py", line 20
    t2 = BashOperator
IndentationError: unexpected indent
[2024-09-10T19:21:11.890+0000] {processor.py:927} WARNING - No viable dags retrieved from /opt/airflow/dags/7.3-fileSensor.py
[2024-09-10T19:21:11.933+0000] {processor.py:208} INFO - Processing /opt/airflow/dags/7.3-fileSensor.py took 0.087 seconds
[2024-09-10T19:21:16.007+0000] {processor.py:186} INFO - Started process (PID=12916) to work on /opt/airflow/dags/7.3-fileSensor.py
[2024-09-10T19:21:16.015+0000] {processor.py:914} INFO - Processing file /opt/airflow/dags/7.3-fileSensor.py for tasks to queue
[2024-09-10T19:21:16.022+0000] {logging_mixin.py:190} INFO - [2024-09-10T19:21:16.021+0000] {dagbag.py:587} INFO - Filling up the DagBag from /opt/airflow/dags/7.3-fileSensor.py
[2024-09-10T19:21:16.045+0000] {logging_mixin.py:190} INFO - [2024-09-10T19:21:16.042+0000] {dagbag.py:386} ERROR - Failed to import: /opt/airflow/dags/7.3-fileSensor.py
Traceback (most recent call last):
  File "/home/airflow/.local/lib/python3.12/site-packages/airflow/models/dagbag.py", line 382, in parse
    loader.exec_module(new_module)
  File "<frozen importlib._bootstrap_external>", line 991, in exec_module
  File "<frozen importlib._bootstrap_external>", line 1129, in get_code
  File "<frozen importlib._bootstrap_external>", line 1059, in source_to_code
  File "<frozen importlib._bootstrap>", line 488, in _call_with_frames_removed
  File "/opt/airflow/dags/7.3-fileSensor.py", line 20
    t3 = BashOperator
IndentationError: unexpected indent
[2024-09-10T19:21:16.051+0000] {processor.py:927} WARNING - No viable dags retrieved from /opt/airflow/dags/7.3-fileSensor.py
[2024-09-10T19:21:16.170+0000] {processor.py:208} INFO - Processing /opt/airflow/dags/7.3-fileSensor.py took 0.213 seconds
[2024-09-10T19:21:19.750+0000] {processor.py:186} INFO - Started process (PID=12918) to work on /opt/airflow/dags/7.3-fileSensor.py
[2024-09-10T19:21:19.751+0000] {processor.py:914} INFO - Processing file /opt/airflow/dags/7.3-fileSensor.py for tasks to queue
[2024-09-10T19:21:19.768+0000] {logging_mixin.py:190} INFO - [2024-09-10T19:21:19.767+0000] {dagbag.py:587} INFO - Filling up the DagBag from /opt/airflow/dags/7.3-fileSensor.py
[2024-09-10T19:21:19.805+0000] {logging_mixin.py:190} INFO - [2024-09-10T19:21:19.785+0000] {dagbag.py:386} ERROR - Failed to import: /opt/airflow/dags/7.3-fileSensor.py
Traceback (most recent call last):
  File "/home/airflow/.local/lib/python3.12/site-packages/airflow/models/dagbag.py", line 382, in parse
    loader.exec_module(new_module)
  File "<frozen importlib._bootstrap_external>", line 991, in exec_module
  File "<frozen importlib._bootstrap_external>", line 1129, in get_code
  File "<frozen importlib._bootstrap_external>", line 1059, in source_to_code
  File "<frozen importlib._bootstrap>", line 488, in _call_with_frames_removed
  File "/opt/airflow/dags/7.3-fileSensor.py", line 20
    t3 = BashOperator()
IndentationError: unexpected indent
[2024-09-10T19:21:19.826+0000] {processor.py:927} WARNING - No viable dags retrieved from /opt/airflow/dags/7.3-fileSensor.py
[2024-09-10T19:21:19.978+0000] {processor.py:208} INFO - Processing /opt/airflow/dags/7.3-fileSensor.py took 0.291 seconds
[2024-09-10T19:21:27.281+0000] {processor.py:186} INFO - Started process (PID=12925) to work on /opt/airflow/dags/7.3-fileSensor.py
[2024-09-10T19:21:27.283+0000] {processor.py:914} INFO - Processing file /opt/airflow/dags/7.3-fileSensor.py for tasks to queue
[2024-09-10T19:21:27.292+0000] {logging_mixin.py:190} INFO - [2024-09-10T19:21:27.291+0000] {dagbag.py:587} INFO - Filling up the DagBag from /opt/airflow/dags/7.3-fileSensor.py
[2024-09-10T19:21:27.309+0000] {logging_mixin.py:190} INFO - [2024-09-10T19:21:27.302+0000] {dagbag.py:386} ERROR - Failed to import: /opt/airflow/dags/7.3-fileSensor.py
Traceback (most recent call last):
  File "/home/airflow/.local/lib/python3.12/site-packages/airflow/models/dagbag.py", line 382, in parse
    loader.exec_module(new_module)
  File "<frozen importlib._bootstrap_external>", line 991, in exec_module
  File "<frozen importlib._bootstrap_external>", line 1129, in get_code
  File "<frozen importlib._bootstrap_external>", line 1059, in source_to_code
  File "<frozen importlib._bootstrap>", line 488, in _call_with_frames_removed
  File "/opt/airflow/dags/7.3-fileSensor.py", line 20
    t3 = BashOperator(task_id="task")
IndentationError: unexpected indent
[2024-09-10T19:21:27.311+0000] {processor.py:927} WARNING - No viable dags retrieved from /opt/airflow/dags/7.3-fileSensor.py
[2024-09-10T19:21:27.392+0000] {processor.py:208} INFO - Processing /opt/airflow/dags/7.3-fileSensor.py took 0.154 seconds
[2024-09-10T19:21:28.336+0000] {processor.py:186} INFO - Started process (PID=12926) to work on /opt/airflow/dags/7.3-fileSensor.py
[2024-09-10T19:21:28.343+0000] {processor.py:914} INFO - Processing file /opt/airflow/dags/7.3-fileSensor.py for tasks to queue
[2024-09-10T19:21:28.348+0000] {logging_mixin.py:190} INFO - [2024-09-10T19:21:28.348+0000] {dagbag.py:587} INFO - Filling up the DagBag from /opt/airflow/dags/7.3-fileSensor.py
[2024-09-10T19:21:28.362+0000] {logging_mixin.py:190} INFO - [2024-09-10T19:21:28.359+0000] {dagbag.py:386} ERROR - Failed to import: /opt/airflow/dags/7.3-fileSensor.py
Traceback (most recent call last):
  File "/home/airflow/.local/lib/python3.12/site-packages/airflow/models/dagbag.py", line 382, in parse
    loader.exec_module(new_module)
  File "<frozen importlib._bootstrap_external>", line 991, in exec_module
  File "<frozen importlib._bootstrap_external>", line 1129, in get_code
  File "<frozen importlib._bootstrap_external>", line 1059, in source_to_code
  File "<frozen importlib._bootstrap>", line 488, in _call_with_frames_removed
  File "/opt/airflow/dags/7.3-fileSensor.py", line 20
    t3 = BashOperator(task_id="task3")
IndentationError: unexpected indent
[2024-09-10T19:21:28.378+0000] {processor.py:927} WARNING - No viable dags retrieved from /opt/airflow/dags/7.3-fileSensor.py
[2024-09-10T19:21:28.452+0000] {processor.py:208} INFO - Processing /opt/airflow/dags/7.3-fileSensor.py took 0.166 seconds
[2024-09-10T19:21:30.516+0000] {processor.py:186} INFO - Started process (PID=12927) to work on /opt/airflow/dags/7.3-fileSensor.py
[2024-09-10T19:21:30.518+0000] {processor.py:914} INFO - Processing file /opt/airflow/dags/7.3-fileSensor.py for tasks to queue
[2024-09-10T19:21:30.521+0000] {logging_mixin.py:190} INFO - [2024-09-10T19:21:30.520+0000] {dagbag.py:587} INFO - Filling up the DagBag from /opt/airflow/dags/7.3-fileSensor.py
[2024-09-10T19:21:30.529+0000] {logging_mixin.py:190} INFO - [2024-09-10T19:21:30.526+0000] {dagbag.py:386} ERROR - Failed to import: /opt/airflow/dags/7.3-fileSensor.py
Traceback (most recent call last):
  File "/home/airflow/.local/lib/python3.12/site-packages/airflow/models/dagbag.py", line 382, in parse
    loader.exec_module(new_module)
  File "<frozen importlib._bootstrap_external>", line 991, in exec_module
  File "<frozen importlib._bootstrap_external>", line 1129, in get_code
  File "<frozen importlib._bootstrap_external>", line 1059, in source_to_code
  File "<frozen importlib._bootstrap>", line 488, in _call_with_frames_removed
  File "/opt/airflow/dags/7.3-fileSensor.py", line 20
    t3 = BashOperator(task_id="task3",
IndentationError: unexpected indent
[2024-09-10T19:21:30.530+0000] {processor.py:927} WARNING - No viable dags retrieved from /opt/airflow/dags/7.3-fileSensor.py
[2024-09-10T19:21:30.568+0000] {processor.py:208} INFO - Processing /opt/airflow/dags/7.3-fileSensor.py took 0.076 seconds
[2024-09-10T19:21:39.851+0000] {processor.py:186} INFO - Started process (PID=12936) to work on /opt/airflow/dags/7.3-fileSensor.py
[2024-09-10T19:21:39.873+0000] {processor.py:914} INFO - Processing file /opt/airflow/dags/7.3-fileSensor.py for tasks to queue
[2024-09-10T19:21:39.876+0000] {logging_mixin.py:190} INFO - [2024-09-10T19:21:39.875+0000] {dagbag.py:587} INFO - Filling up the DagBag from /opt/airflow/dags/7.3-fileSensor.py
[2024-09-10T19:21:39.896+0000] {logging_mixin.py:190} INFO - [2024-09-10T19:21:39.892+0000] {dagbag.py:386} ERROR - Failed to import: /opt/airflow/dags/7.3-fileSensor.py
Traceback (most recent call last):
  File "/home/airflow/.local/lib/python3.12/site-packages/airflow/models/dagbag.py", line 382, in parse
    loader.exec_module(new_module)
  File "<frozen importlib._bootstrap_external>", line 991, in exec_module
  File "<frozen importlib._bootstrap_external>", line 1129, in get_code
  File "<frozen importlib._bootstrap_external>", line 1059, in source_to_code
  File "<frozen importlib._bootstrap>", line 488, in _call_with_frames_removed
  File "/opt/airflow/dags/7.3-fileSensor.py", line 20
    t3 = BashOperator(task_id="end_task",
IndentationError: unexpected indent
[2024-09-10T19:21:39.910+0000] {processor.py:927} WARNING - No viable dags retrieved from /opt/airflow/dags/7.3-fileSensor.py
[2024-09-10T19:21:40.022+0000] {processor.py:208} INFO - Processing /opt/airflow/dags/7.3-fileSensor.py took 0.188 seconds
[2024-09-10T19:21:49.257+0000] {processor.py:186} INFO - Started process (PID=12938) to work on /opt/airflow/dags/7.3-fileSensor.py
[2024-09-10T19:21:49.284+0000] {processor.py:914} INFO - Processing file /opt/airflow/dags/7.3-fileSensor.py for tasks to queue
[2024-09-10T19:21:49.288+0000] {logging_mixin.py:190} INFO - [2024-09-10T19:21:49.287+0000] {dagbag.py:587} INFO - Filling up the DagBag from /opt/airflow/dags/7.3-fileSensor.py
[2024-09-10T19:21:49.321+0000] {logging_mixin.py:190} INFO - [2024-09-10T19:21:49.307+0000] {dagbag.py:386} ERROR - Failed to import: /opt/airflow/dags/7.3-fileSensor.py
Traceback (most recent call last):
  File "/home/airflow/.local/lib/python3.12/site-packages/airflow/models/dagbag.py", line 382, in parse
    loader.exec_module(new_module)
  File "<frozen importlib._bootstrap_external>", line 991, in exec_module
  File "<frozen importlib._bootstrap_external>", line 1129, in get_code
  File "<frozen importlib._bootstrap_external>", line 1059, in source_to_code
  File "<frozen importlib._bootstrap>", line 488, in _call_with_frames_removed
  File "/opt/airflow/dags/7.3-fileSensor.py", line 20
    t3 = BashOperator(task_id="end_task",
IndentationError: unexpected indent
[2024-09-10T19:21:49.323+0000] {processor.py:927} WARNING - No viable dags retrieved from /opt/airflow/dags/7.3-fileSensor.py
[2024-09-10T19:21:49.385+0000] {processor.py:208} INFO - Processing /opt/airflow/dags/7.3-fileSensor.py took 0.175 seconds
[2024-09-10T19:21:59.625+0000] {processor.py:186} INFO - Started process (PID=12949) to work on /opt/airflow/dags/7.3-fileSensor.py
[2024-09-10T19:21:59.646+0000] {processor.py:914} INFO - Processing file /opt/airflow/dags/7.3-fileSensor.py for tasks to queue
[2024-09-10T19:21:59.649+0000] {logging_mixin.py:190} INFO - [2024-09-10T19:21:59.648+0000] {dagbag.py:587} INFO - Filling up the DagBag from /opt/airflow/dags/7.3-fileSensor.py
[2024-09-10T19:21:59.671+0000] {logging_mixin.py:190} INFO - [2024-09-10T19:21:59.662+0000] {dagbag.py:386} ERROR - Failed to import: /opt/airflow/dags/7.3-fileSensor.py
Traceback (most recent call last):
  File "/home/airflow/.local/lib/python3.12/site-packages/airflow/models/dagbag.py", line 382, in parse
    loader.exec_module(new_module)
  File "<frozen importlib._bootstrap_external>", line 991, in exec_module
  File "<frozen importlib._bootstrap_external>", line 1129, in get_code
  File "<frozen importlib._bootstrap_external>", line 1059, in source_to_code
  File "<frozen importlib._bootstrap>", line 488, in _call_with_frames_removed
  File "/opt/airflow/dags/7.3-fileSensor.py", line 20
    t3 = BashOperator(task_id="end_task",
IndentationError: unexpected indent
[2024-09-10T19:21:59.673+0000] {processor.py:927} WARNING - No viable dags retrieved from /opt/airflow/dags/7.3-fileSensor.py
[2024-09-10T19:21:59.738+0000] {processor.py:208} INFO - Processing /opt/airflow/dags/7.3-fileSensor.py took 0.197 seconds
[2024-09-10T19:22:04.916+0000] {processor.py:186} INFO - Started process (PID=12956) to work on /opt/airflow/dags/7.3-fileSensor.py
[2024-09-10T19:22:04.918+0000] {processor.py:914} INFO - Processing file /opt/airflow/dags/7.3-fileSensor.py for tasks to queue
[2024-09-10T19:22:04.920+0000] {logging_mixin.py:190} INFO - [2024-09-10T19:22:04.920+0000] {dagbag.py:587} INFO - Filling up the DagBag from /opt/airflow/dags/7.3-fileSensor.py
[2024-09-10T19:22:04.926+0000] {logging_mixin.py:190} INFO - [2024-09-10T19:22:04.924+0000] {dagbag.py:386} ERROR - Failed to import: /opt/airflow/dags/7.3-fileSensor.py
Traceback (most recent call last):
  File "/home/airflow/.local/lib/python3.12/site-packages/airflow/models/dagbag.py", line 382, in parse
    loader.exec_module(new_module)
  File "<frozen importlib._bootstrap_external>", line 991, in exec_module
  File "<frozen importlib._bootstrap_external>", line 1129, in get_code
  File "<frozen importlib._bootstrap_external>", line 1059, in source_to_code
  File "<frozen importlib._bootstrap>", line 488, in _call_with_frames_removed
  File "/opt/airflow/dags/7.3-fileSensor.py", line 20
    t3 = BashOperator(task_id="end_task",
IndentationError: unexpected indent
[2024-09-10T19:22:04.927+0000] {processor.py:927} WARNING - No viable dags retrieved from /opt/airflow/dags/7.3-fileSensor.py
[2024-09-10T19:22:04.955+0000] {processor.py:208} INFO - Processing /opt/airflow/dags/7.3-fileSensor.py took 0.048 seconds
[2024-09-10T19:22:12.903+0000] {processor.py:186} INFO - Started process (PID=12960) to work on /opt/airflow/dags/7.3-fileSensor.py
[2024-09-10T19:22:12.904+0000] {processor.py:914} INFO - Processing file /opt/airflow/dags/7.3-fileSensor.py for tasks to queue
[2024-09-10T19:22:12.908+0000] {logging_mixin.py:190} INFO - [2024-09-10T19:22:12.907+0000] {dagbag.py:587} INFO - Filling up the DagBag from /opt/airflow/dags/7.3-fileSensor.py
[2024-09-10T19:22:12.915+0000] {logging_mixin.py:190} INFO - [2024-09-10T19:22:12.913+0000] {dagbag.py:386} ERROR - Failed to import: /opt/airflow/dags/7.3-fileSensor.py
Traceback (most recent call last):
  File "/home/airflow/.local/lib/python3.12/site-packages/airflow/models/dagbag.py", line 382, in parse
    loader.exec_module(new_module)
  File "<frozen importlib._bootstrap_external>", line 991, in exec_module
  File "<frozen importlib._bootstrap_external>", line 1129, in get_code
  File "<frozen importlib._bootstrap_external>", line 1059, in source_to_code
  File "<frozen importlib._bootstrap>", line 488, in _call_with_frames_removed
  File "/opt/airflow/dags/7.3-fileSensor.py", line 20
    t3 = BashOperator(task_id="end_task",
IndentationError: unexpected indent
[2024-09-10T19:22:12.917+0000] {processor.py:927} WARNING - No viable dags retrieved from /opt/airflow/dags/7.3-fileSensor.py
[2024-09-10T19:22:12.958+0000] {processor.py:208} INFO - Processing /opt/airflow/dags/7.3-fileSensor.py took 0.083 seconds
[2024-09-10T19:22:22.102+0000] {processor.py:186} INFO - Started process (PID=12962) to work on /opt/airflow/dags/7.3-fileSensor.py
[2024-09-10T19:22:22.104+0000] {processor.py:914} INFO - Processing file /opt/airflow/dags/7.3-fileSensor.py for tasks to queue
[2024-09-10T19:22:22.109+0000] {logging_mixin.py:190} INFO - [2024-09-10T19:22:22.106+0000] {dagbag.py:587} INFO - Filling up the DagBag from /opt/airflow/dags/7.3-fileSensor.py
[2024-09-10T19:22:22.144+0000] {processor.py:925} INFO - DAG(s) '7.3-fileSensor' retrieved from /opt/airflow/dags/7.3-fileSensor.py
[2024-09-10T19:22:22.618+0000] {logging_mixin.py:190} INFO - [2024-09-10T19:22:22.618+0000] {dag.py:3211} INFO - Sync 1 DAGs
[2024-09-10T19:22:22.699+0000] {logging_mixin.py:190} INFO - [2024-09-10T19:22:22.699+0000] {dag.py:4138} INFO - Setting next_dagrun for 7.3-fileSensor to 2024-05-01 00:00:00+00:00, run_after=2024-05-02 00:00:00+00:00
[2024-09-10T19:22:22.763+0000] {processor.py:208} INFO - Processing /opt/airflow/dags/7.3-fileSensor.py took 0.675 seconds
[2024-09-10T19:22:27.365+0000] {processor.py:186} INFO - Started process (PID=12969) to work on /opt/airflow/dags/7.3-fileSensor.py
[2024-09-10T19:22:27.367+0000] {processor.py:914} INFO - Processing file /opt/airflow/dags/7.3-fileSensor.py for tasks to queue
[2024-09-10T19:22:27.376+0000] {logging_mixin.py:190} INFO - [2024-09-10T19:22:27.375+0000] {dagbag.py:587} INFO - Filling up the DagBag from /opt/airflow/dags/7.3-fileSensor.py
[2024-09-10T19:22:27.403+0000] {processor.py:925} INFO - DAG(s) '7.3-fileSensor' retrieved from /opt/airflow/dags/7.3-fileSensor.py
[2024-09-10T19:22:27.436+0000] {logging_mixin.py:190} INFO - [2024-09-10T19:22:27.435+0000] {dag.py:3211} INFO - Sync 1 DAGs
[2024-09-10T19:22:27.522+0000] {logging_mixin.py:190} INFO - [2024-09-10T19:22:27.521+0000] {dag.py:4138} INFO - Setting next_dagrun for 7.3-fileSensor to 2024-05-01 00:00:00+00:00, run_after=2024-05-02 00:00:00+00:00
[2024-09-10T19:22:27.633+0000] {processor.py:208} INFO - Processing /opt/airflow/dags/7.3-fileSensor.py took 0.287 seconds
[2024-09-10T19:22:46.863+0000] {processor.py:186} INFO - Started process (PID=12979) to work on /opt/airflow/dags/7.3-fileSensor.py
[2024-09-10T19:22:46.875+0000] {processor.py:914} INFO - Processing file /opt/airflow/dags/7.3-fileSensor.py for tasks to queue
[2024-09-10T19:22:46.878+0000] {logging_mixin.py:190} INFO - [2024-09-10T19:22:46.878+0000] {dagbag.py:587} INFO - Filling up the DagBag from /opt/airflow/dags/7.3-fileSensor.py
[2024-09-10T19:22:46.925+0000] {processor.py:925} INFO - DAG(s) '7.3-fileSensor' retrieved from /opt/airflow/dags/7.3-fileSensor.py
[2024-09-10T19:22:46.976+0000] {logging_mixin.py:190} INFO - [2024-09-10T19:22:46.975+0000] {dag.py:3211} INFO - Sync 1 DAGs
[2024-09-10T19:22:47.058+0000] {logging_mixin.py:190} INFO - [2024-09-10T19:22:47.058+0000] {dag.py:4138} INFO - Setting next_dagrun for 7.3-fileSensor to 2024-05-01 00:00:00+00:00, run_after=2024-05-02 00:00:00+00:00
[2024-09-10T19:22:47.126+0000] {processor.py:208} INFO - Processing /opt/airflow/dags/7.3-fileSensor.py took 0.278 seconds
[2024-09-10T19:23:17.354+0000] {processor.py:186} INFO - Started process (PID=13000) to work on /opt/airflow/dags/7.3-fileSensor.py
[2024-09-10T19:23:17.356+0000] {processor.py:914} INFO - Processing file /opt/airflow/dags/7.3-fileSensor.py for tasks to queue
[2024-09-10T19:23:17.359+0000] {logging_mixin.py:190} INFO - [2024-09-10T19:23:17.358+0000] {dagbag.py:587} INFO - Filling up the DagBag from /opt/airflow/dags/7.3-fileSensor.py
[2024-09-10T19:23:17.383+0000] {processor.py:925} INFO - DAG(s) '7.3-fileSensor' retrieved from /opt/airflow/dags/7.3-fileSensor.py
[2024-09-10T19:23:17.706+0000] {logging_mixin.py:190} INFO - [2024-09-10T19:23:17.705+0000] {dag.py:3211} INFO - Sync 1 DAGs
[2024-09-10T19:23:17.780+0000] {logging_mixin.py:190} INFO - [2024-09-10T19:23:17.779+0000] {dag.py:4138} INFO - Setting next_dagrun for 7.3-fileSensor to 2024-05-01 00:00:00+00:00, run_after=2024-05-02 00:00:00+00:00
[2024-09-10T19:23:17.850+0000] {processor.py:208} INFO - Processing /opt/airflow/dags/7.3-fileSensor.py took 0.512 seconds
[2024-09-10T19:23:48.533+0000] {processor.py:186} INFO - Started process (PID=13017) to work on /opt/airflow/dags/7.3-fileSensor.py
[2024-09-10T19:23:48.547+0000] {processor.py:914} INFO - Processing file /opt/airflow/dags/7.3-fileSensor.py for tasks to queue
[2024-09-10T19:23:48.550+0000] {logging_mixin.py:190} INFO - [2024-09-10T19:23:48.550+0000] {dagbag.py:587} INFO - Filling up the DagBag from /opt/airflow/dags/7.3-fileSensor.py
[2024-09-10T19:23:48.582+0000] {processor.py:925} INFO - DAG(s) '7.3-fileSensor' retrieved from /opt/airflow/dags/7.3-fileSensor.py
[2024-09-10T19:23:48.646+0000] {logging_mixin.py:190} INFO - [2024-09-10T19:23:48.645+0000] {dag.py:3211} INFO - Sync 1 DAGs
[2024-09-10T19:23:48.784+0000] {processor.py:208} INFO - Processing /opt/airflow/dags/7.3-fileSensor.py took 0.263 seconds
[2024-09-10T19:24:19.001+0000] {processor.py:186} INFO - Started process (PID=13033) to work on /opt/airflow/dags/7.3-fileSensor.py
[2024-09-10T19:24:19.017+0000] {processor.py:914} INFO - Processing file /opt/airflow/dags/7.3-fileSensor.py for tasks to queue
[2024-09-10T19:24:19.020+0000] {logging_mixin.py:190} INFO - [2024-09-10T19:24:19.019+0000] {dagbag.py:587} INFO - Filling up the DagBag from /opt/airflow/dags/7.3-fileSensor.py
[2024-09-10T19:24:19.051+0000] {processor.py:925} INFO - DAG(s) '7.3-fileSensor' retrieved from /opt/airflow/dags/7.3-fileSensor.py
[2024-09-10T19:24:19.117+0000] {logging_mixin.py:190} INFO - [2024-09-10T19:24:19.116+0000] {dag.py:3211} INFO - Sync 1 DAGs
[2024-09-10T19:24:19.229+0000] {processor.py:208} INFO - Processing /opt/airflow/dags/7.3-fileSensor.py took 0.243 seconds
[2024-09-10T19:24:49.308+0000] {processor.py:186} INFO - Started process (PID=13050) to work on /opt/airflow/dags/7.3-fileSensor.py
[2024-09-10T19:24:49.309+0000] {processor.py:914} INFO - Processing file /opt/airflow/dags/7.3-fileSensor.py for tasks to queue
[2024-09-10T19:24:49.311+0000] {logging_mixin.py:190} INFO - [2024-09-10T19:24:49.311+0000] {dagbag.py:587} INFO - Filling up the DagBag from /opt/airflow/dags/7.3-fileSensor.py
[2024-09-10T19:24:49.328+0000] {processor.py:925} INFO - DAG(s) '7.3-fileSensor' retrieved from /opt/airflow/dags/7.3-fileSensor.py
[2024-09-10T19:24:49.364+0000] {logging_mixin.py:190} INFO - [2024-09-10T19:24:49.363+0000] {dag.py:3211} INFO - Sync 1 DAGs
[2024-09-10T19:24:49.439+0000] {processor.py:208} INFO - Processing /opt/airflow/dags/7.3-fileSensor.py took 0.141 seconds
[2024-09-10T19:25:20.209+0000] {processor.py:186} INFO - Started process (PID=13067) to work on /opt/airflow/dags/7.3-fileSensor.py
[2024-09-10T19:25:20.220+0000] {processor.py:914} INFO - Processing file /opt/airflow/dags/7.3-fileSensor.py for tasks to queue
[2024-09-10T19:25:20.222+0000] {logging_mixin.py:190} INFO - [2024-09-10T19:25:20.221+0000] {dagbag.py:587} INFO - Filling up the DagBag from /opt/airflow/dags/7.3-fileSensor.py
[2024-09-10T19:25:20.240+0000] {processor.py:925} INFO - DAG(s) '7.3-fileSensor' retrieved from /opt/airflow/dags/7.3-fileSensor.py
[2024-09-10T19:25:20.280+0000] {logging_mixin.py:190} INFO - [2024-09-10T19:25:20.279+0000] {dag.py:3211} INFO - Sync 1 DAGs
[2024-09-10T19:25:20.385+0000] {processor.py:208} INFO - Processing /opt/airflow/dags/7.3-fileSensor.py took 0.187 seconds
[2024-09-10T19:25:50.961+0000] {processor.py:186} INFO - Started process (PID=13084) to work on /opt/airflow/dags/7.3-fileSensor.py
[2024-09-10T19:25:50.981+0000] {processor.py:914} INFO - Processing file /opt/airflow/dags/7.3-fileSensor.py for tasks to queue
[2024-09-10T19:25:50.984+0000] {logging_mixin.py:190} INFO - [2024-09-10T19:25:50.983+0000] {dagbag.py:587} INFO - Filling up the DagBag from /opt/airflow/dags/7.3-fileSensor.py
[2024-09-10T19:25:51.006+0000] {processor.py:925} INFO - DAG(s) '7.3-fileSensor' retrieved from /opt/airflow/dags/7.3-fileSensor.py
[2024-09-10T19:25:51.061+0000] {logging_mixin.py:190} INFO - [2024-09-10T19:25:51.061+0000] {dag.py:3211} INFO - Sync 1 DAGs
[2024-09-10T19:25:51.143+0000] {processor.py:208} INFO - Processing /opt/airflow/dags/7.3-fileSensor.py took 0.195 seconds
[2024-09-10T19:26:21.571+0000] {processor.py:186} INFO - Started process (PID=13101) to work on /opt/airflow/dags/7.3-fileSensor.py
[2024-09-10T19:26:21.573+0000] {processor.py:914} INFO - Processing file /opt/airflow/dags/7.3-fileSensor.py for tasks to queue
[2024-09-10T19:26:21.576+0000] {logging_mixin.py:190} INFO - [2024-09-10T19:26:21.576+0000] {dagbag.py:587} INFO - Filling up the DagBag from /opt/airflow/dags/7.3-fileSensor.py
[2024-09-10T19:26:21.594+0000] {processor.py:925} INFO - DAG(s) '7.3-fileSensor' retrieved from /opt/airflow/dags/7.3-fileSensor.py
[2024-09-10T19:26:21.634+0000] {logging_mixin.py:190} INFO - [2024-09-10T19:26:21.634+0000] {dag.py:3211} INFO - Sync 1 DAGs
[2024-09-10T19:26:21.712+0000] {processor.py:208} INFO - Processing /opt/airflow/dags/7.3-fileSensor.py took 0.150 seconds
[2024-09-10T19:26:52.292+0000] {processor.py:186} INFO - Started process (PID=13117) to work on /opt/airflow/dags/7.3-fileSensor.py
[2024-09-10T19:26:52.294+0000] {processor.py:914} INFO - Processing file /opt/airflow/dags/7.3-fileSensor.py for tasks to queue
[2024-09-10T19:26:52.296+0000] {logging_mixin.py:190} INFO - [2024-09-10T19:26:52.295+0000] {dagbag.py:587} INFO - Filling up the DagBag from /opt/airflow/dags/7.3-fileSensor.py
[2024-09-10T19:26:52.315+0000] {processor.py:925} INFO - DAG(s) '7.3-fileSensor' retrieved from /opt/airflow/dags/7.3-fileSensor.py
[2024-09-10T19:26:52.356+0000] {logging_mixin.py:190} INFO - [2024-09-10T19:26:52.355+0000] {dag.py:3211} INFO - Sync 1 DAGs
[2024-09-10T19:26:52.437+0000] {processor.py:208} INFO - Processing /opt/airflow/dags/7.3-fileSensor.py took 0.156 seconds
[2024-09-10T19:27:23.312+0000] {processor.py:186} INFO - Started process (PID=13134) to work on /opt/airflow/dags/7.3-fileSensor.py
[2024-09-10T19:27:23.321+0000] {processor.py:914} INFO - Processing file /opt/airflow/dags/7.3-fileSensor.py for tasks to queue
[2024-09-10T19:27:23.327+0000] {logging_mixin.py:190} INFO - [2024-09-10T19:27:23.327+0000] {dagbag.py:587} INFO - Filling up the DagBag from /opt/airflow/dags/7.3-fileSensor.py
[2024-09-10T19:27:23.369+0000] {processor.py:925} INFO - DAG(s) '7.3-fileSensor' retrieved from /opt/airflow/dags/7.3-fileSensor.py
[2024-09-10T19:27:23.420+0000] {logging_mixin.py:190} INFO - [2024-09-10T19:27:23.420+0000] {dag.py:3211} INFO - Sync 1 DAGs
[2024-09-10T19:27:23.520+0000] {processor.py:208} INFO - Processing /opt/airflow/dags/7.3-fileSensor.py took 0.224 seconds
[2024-09-10T19:27:53.631+0000] {processor.py:186} INFO - Started process (PID=13151) to work on /opt/airflow/dags/7.3-fileSensor.py
[2024-09-10T19:27:53.633+0000] {processor.py:914} INFO - Processing file /opt/airflow/dags/7.3-fileSensor.py for tasks to queue
[2024-09-10T19:27:53.635+0000] {logging_mixin.py:190} INFO - [2024-09-10T19:27:53.635+0000] {dagbag.py:587} INFO - Filling up the DagBag from /opt/airflow/dags/7.3-fileSensor.py
[2024-09-10T19:27:53.652+0000] {processor.py:925} INFO - DAG(s) '7.3-fileSensor' retrieved from /opt/airflow/dags/7.3-fileSensor.py
[2024-09-10T19:27:53.688+0000] {logging_mixin.py:190} INFO - [2024-09-10T19:27:53.687+0000] {dag.py:3211} INFO - Sync 1 DAGs
[2024-09-10T19:27:53.788+0000] {processor.py:208} INFO - Processing /opt/airflow/dags/7.3-fileSensor.py took 0.167 seconds
[2024-09-10T19:28:24.340+0000] {processor.py:186} INFO - Started process (PID=13177) to work on /opt/airflow/dags/7.3-fileSensor.py
[2024-09-10T19:28:24.361+0000] {processor.py:914} INFO - Processing file /opt/airflow/dags/7.3-fileSensor.py for tasks to queue
[2024-09-10T19:28:24.364+0000] {logging_mixin.py:190} INFO - [2024-09-10T19:28:24.363+0000] {dagbag.py:587} INFO - Filling up the DagBag from /opt/airflow/dags/7.3-fileSensor.py
[2024-09-10T19:28:24.381+0000] {processor.py:925} INFO - DAG(s) '7.3-fileSensor' retrieved from /opt/airflow/dags/7.3-fileSensor.py
[2024-09-10T19:28:24.417+0000] {logging_mixin.py:190} INFO - [2024-09-10T19:28:24.416+0000] {dag.py:3211} INFO - Sync 1 DAGs
[2024-09-10T19:28:24.490+0000] {processor.py:208} INFO - Processing /opt/airflow/dags/7.3-fileSensor.py took 0.160 seconds
[2024-09-10T19:28:54.607+0000] {processor.py:186} INFO - Started process (PID=13193) to work on /opt/airflow/dags/7.3-fileSensor.py
[2024-09-10T19:28:54.609+0000] {processor.py:914} INFO - Processing file /opt/airflow/dags/7.3-fileSensor.py for tasks to queue
[2024-09-10T19:28:54.612+0000] {logging_mixin.py:190} INFO - [2024-09-10T19:28:54.611+0000] {dagbag.py:587} INFO - Filling up the DagBag from /opt/airflow/dags/7.3-fileSensor.py
[2024-09-10T19:28:54.639+0000] {processor.py:925} INFO - DAG(s) '7.3-fileSensor' retrieved from /opt/airflow/dags/7.3-fileSensor.py
[2024-09-10T19:28:54.692+0000] {logging_mixin.py:190} INFO - [2024-09-10T19:28:54.692+0000] {dag.py:3211} INFO - Sync 1 DAGs
[2024-09-10T19:28:54.796+0000] {processor.py:208} INFO - Processing /opt/airflow/dags/7.3-fileSensor.py took 0.206 seconds
[2024-09-10T19:29:25.415+0000] {processor.py:186} INFO - Started process (PID=13210) to work on /opt/airflow/dags/7.3-fileSensor.py
[2024-09-10T19:29:25.417+0000] {processor.py:914} INFO - Processing file /opt/airflow/dags/7.3-fileSensor.py for tasks to queue
[2024-09-10T19:29:25.420+0000] {logging_mixin.py:190} INFO - [2024-09-10T19:29:25.419+0000] {dagbag.py:587} INFO - Filling up the DagBag from /opt/airflow/dags/7.3-fileSensor.py
[2024-09-10T19:29:25.438+0000] {processor.py:925} INFO - DAG(s) '7.3-fileSensor' retrieved from /opt/airflow/dags/7.3-fileSensor.py
[2024-09-10T19:29:25.477+0000] {logging_mixin.py:190} INFO - [2024-09-10T19:29:25.476+0000] {dag.py:3211} INFO - Sync 1 DAGs
[2024-09-10T19:29:25.554+0000] {processor.py:208} INFO - Processing /opt/airflow/dags/7.3-fileSensor.py took 0.151 seconds
[2024-09-10T19:29:56.142+0000] {processor.py:186} INFO - Started process (PID=13227) to work on /opt/airflow/dags/7.3-fileSensor.py
[2024-09-10T19:29:56.143+0000] {processor.py:914} INFO - Processing file /opt/airflow/dags/7.3-fileSensor.py for tasks to queue
[2024-09-10T19:29:56.146+0000] {logging_mixin.py:190} INFO - [2024-09-10T19:29:56.145+0000] {dagbag.py:587} INFO - Filling up the DagBag from /opt/airflow/dags/7.3-fileSensor.py
[2024-09-10T19:29:56.169+0000] {processor.py:925} INFO - DAG(s) '7.3-fileSensor' retrieved from /opt/airflow/dags/7.3-fileSensor.py
[2024-09-10T19:29:56.215+0000] {logging_mixin.py:190} INFO - [2024-09-10T19:29:56.215+0000] {dag.py:3211} INFO - Sync 1 DAGs
[2024-09-10T19:29:56.312+0000] {processor.py:208} INFO - Processing /opt/airflow/dags/7.3-fileSensor.py took 0.185 seconds
[2024-09-10T19:30:26.638+0000] {processor.py:186} INFO - Started process (PID=13244) to work on /opt/airflow/dags/7.3-fileSensor.py
[2024-09-10T19:30:26.661+0000] {processor.py:914} INFO - Processing file /opt/airflow/dags/7.3-fileSensor.py for tasks to queue
[2024-09-10T19:30:26.664+0000] {logging_mixin.py:190} INFO - [2024-09-10T19:30:26.663+0000] {dagbag.py:587} INFO - Filling up the DagBag from /opt/airflow/dags/7.3-fileSensor.py
[2024-09-10T19:30:26.722+0000] {processor.py:925} INFO - DAG(s) '7.3-fileSensor' retrieved from /opt/airflow/dags/7.3-fileSensor.py
[2024-09-10T19:30:26.817+0000] {logging_mixin.py:190} INFO - [2024-09-10T19:30:26.816+0000] {dag.py:3211} INFO - Sync 1 DAGs
[2024-09-10T19:30:26.904+0000] {logging_mixin.py:190} INFO - [2024-09-10T19:30:26.904+0000] {dag.py:4138} INFO - Setting next_dagrun for 7.3-fileSensor to 2024-05-27 00:00:00+00:00, run_after=2024-05-28 00:00:00+00:00
[2024-09-10T19:30:26.990+0000] {processor.py:208} INFO - Processing /opt/airflow/dags/7.3-fileSensor.py took 0.370 seconds
[2024-09-10T19:30:57.992+0000] {processor.py:186} INFO - Started process (PID=13260) to work on /opt/airflow/dags/7.3-fileSensor.py
[2024-09-10T19:30:57.994+0000] {processor.py:914} INFO - Processing file /opt/airflow/dags/7.3-fileSensor.py for tasks to queue
[2024-09-10T19:30:57.996+0000] {logging_mixin.py:190} INFO - [2024-09-10T19:30:57.996+0000] {dagbag.py:587} INFO - Filling up the DagBag from /opt/airflow/dags/7.3-fileSensor.py
[2024-09-10T19:30:58.013+0000] {processor.py:925} INFO - DAG(s) '7.3-fileSensor' retrieved from /opt/airflow/dags/7.3-fileSensor.py
[2024-09-10T19:30:58.051+0000] {logging_mixin.py:190} INFO - [2024-09-10T19:30:58.050+0000] {dag.py:3211} INFO - Sync 1 DAGs
[2024-09-10T19:30:58.103+0000] {logging_mixin.py:190} INFO - [2024-09-10T19:30:58.103+0000] {dag.py:4138} INFO - Setting next_dagrun for 7.3-fileSensor to 2024-05-29 00:00:00+00:00, run_after=2024-05-30 00:00:00+00:00
[2024-09-10T19:30:58.137+0000] {processor.py:208} INFO - Processing /opt/airflow/dags/7.3-fileSensor.py took 0.156 seconds
[2024-09-10T19:31:28.206+0000] {processor.py:186} INFO - Started process (PID=13277) to work on /opt/airflow/dags/7.3-fileSensor.py
[2024-09-10T19:31:28.229+0000] {processor.py:914} INFO - Processing file /opt/airflow/dags/7.3-fileSensor.py for tasks to queue
[2024-09-10T19:31:28.231+0000] {logging_mixin.py:190} INFO - [2024-09-10T19:31:28.231+0000] {dagbag.py:587} INFO - Filling up the DagBag from /opt/airflow/dags/7.3-fileSensor.py
[2024-09-10T19:31:28.259+0000] {processor.py:925} INFO - DAG(s) '7.3-fileSensor' retrieved from /opt/airflow/dags/7.3-fileSensor.py
[2024-09-10T19:31:28.305+0000] {logging_mixin.py:190} INFO - [2024-09-10T19:31:28.305+0000] {dag.py:3211} INFO - Sync 1 DAGs
[2024-09-10T19:31:28.411+0000] {processor.py:208} INFO - Processing /opt/airflow/dags/7.3-fileSensor.py took 0.218 seconds
[2024-09-10T19:31:58.706+0000] {processor.py:186} INFO - Started process (PID=13294) to work on /opt/airflow/dags/7.3-fileSensor.py
[2024-09-10T19:31:58.707+0000] {processor.py:914} INFO - Processing file /opt/airflow/dags/7.3-fileSensor.py for tasks to queue
[2024-09-10T19:31:58.710+0000] {logging_mixin.py:190} INFO - [2024-09-10T19:31:58.709+0000] {dagbag.py:587} INFO - Filling up the DagBag from /opt/airflow/dags/7.3-fileSensor.py
[2024-09-10T19:31:58.731+0000] {processor.py:925} INFO - DAG(s) '7.3-fileSensor' retrieved from /opt/airflow/dags/7.3-fileSensor.py
[2024-09-10T19:31:58.780+0000] {logging_mixin.py:190} INFO - [2024-09-10T19:31:58.779+0000] {dag.py:3211} INFO - Sync 1 DAGs
[2024-09-10T19:31:58.844+0000] {logging_mixin.py:190} INFO - [2024-09-10T19:31:58.844+0000] {dag.py:4138} INFO - Setting next_dagrun for 7.3-fileSensor to 2024-06-02 00:00:00+00:00, run_after=2024-06-03 00:00:00+00:00
[2024-09-10T19:31:58.886+0000] {processor.py:208} INFO - Processing /opt/airflow/dags/7.3-fileSensor.py took 0.194 seconds
[2024-09-10T19:32:29.484+0000] {processor.py:186} INFO - Started process (PID=13310) to work on /opt/airflow/dags/7.3-fileSensor.py
[2024-09-10T19:32:29.504+0000] {processor.py:914} INFO - Processing file /opt/airflow/dags/7.3-fileSensor.py for tasks to queue
[2024-09-10T19:32:29.508+0000] {logging_mixin.py:190} INFO - [2024-09-10T19:32:29.507+0000] {dagbag.py:587} INFO - Filling up the DagBag from /opt/airflow/dags/7.3-fileSensor.py
[2024-09-10T19:32:29.524+0000] {processor.py:925} INFO - DAG(s) '7.3-fileSensor' retrieved from /opt/airflow/dags/7.3-fileSensor.py
[2024-09-10T19:32:29.568+0000] {logging_mixin.py:190} INFO - [2024-09-10T19:32:29.567+0000] {dag.py:3211} INFO - Sync 1 DAGs
[2024-09-10T19:32:29.702+0000] {processor.py:208} INFO - Processing /opt/airflow/dags/7.3-fileSensor.py took 0.228 seconds
[2024-09-10T19:33:00.136+0000] {processor.py:186} INFO - Started process (PID=13327) to work on /opt/airflow/dags/7.3-fileSensor.py
[2024-09-10T19:33:00.138+0000] {processor.py:914} INFO - Processing file /opt/airflow/dags/7.3-fileSensor.py for tasks to queue
[2024-09-10T19:33:00.152+0000] {logging_mixin.py:190} INFO - [2024-09-10T19:33:00.151+0000] {dagbag.py:587} INFO - Filling up the DagBag from /opt/airflow/dags/7.3-fileSensor.py
[2024-09-10T19:33:00.177+0000] {processor.py:925} INFO - DAG(s) '7.3-fileSensor' retrieved from /opt/airflow/dags/7.3-fileSensor.py
[2024-09-10T19:33:00.502+0000] {logging_mixin.py:190} INFO - [2024-09-10T19:33:00.501+0000] {dag.py:3211} INFO - Sync 1 DAGs
[2024-09-10T19:33:00.537+0000] {logging_mixin.py:190} INFO - [2024-09-10T19:33:00.536+0000] {dag.py:3234} INFO - Creating ORM DAG for 7.3-fileSensor
[2024-09-10T19:33:00.566+0000] {logging_mixin.py:190} INFO - [2024-09-10T19:33:00.566+0000] {dag.py:4138} INFO - Setting next_dagrun for 7.3-fileSensor to 2024-05-01 00:00:00+00:00, run_after=2024-05-02 00:00:00+00:00
[2024-09-10T19:33:00.607+0000] {processor.py:208} INFO - Processing /opt/airflow/dags/7.3-fileSensor.py took 0.487 seconds
[2024-09-10T19:33:31.405+0000] {processor.py:186} INFO - Started process (PID=13344) to work on /opt/airflow/dags/7.3-fileSensor.py
[2024-09-10T19:33:31.422+0000] {processor.py:914} INFO - Processing file /opt/airflow/dags/7.3-fileSensor.py for tasks to queue
[2024-09-10T19:33:31.425+0000] {logging_mixin.py:190} INFO - [2024-09-10T19:33:31.424+0000] {dagbag.py:587} INFO - Filling up the DagBag from /opt/airflow/dags/7.3-fileSensor.py
[2024-09-10T19:33:31.444+0000] {processor.py:925} INFO - DAG(s) '7.3-fileSensor' retrieved from /opt/airflow/dags/7.3-fileSensor.py
[2024-09-10T19:33:31.511+0000] {logging_mixin.py:190} INFO - [2024-09-10T19:33:31.511+0000] {dag.py:3211} INFO - Sync 1 DAGs
[2024-09-10T19:33:31.622+0000] {processor.py:208} INFO - Processing /opt/airflow/dags/7.3-fileSensor.py took 0.230 seconds
[2024-09-10T19:34:01.745+0000] {processor.py:186} INFO - Started process (PID=13361) to work on /opt/airflow/dags/7.3-fileSensor.py
[2024-09-10T19:34:01.747+0000] {processor.py:914} INFO - Processing file /opt/airflow/dags/7.3-fileSensor.py for tasks to queue
[2024-09-10T19:34:01.750+0000] {logging_mixin.py:190} INFO - [2024-09-10T19:34:01.749+0000] {dagbag.py:587} INFO - Filling up the DagBag from /opt/airflow/dags/7.3-fileSensor.py
[2024-09-10T19:34:01.768+0000] {processor.py:925} INFO - DAG(s) '7.3-fileSensor' retrieved from /opt/airflow/dags/7.3-fileSensor.py
[2024-09-10T19:34:01.808+0000] {logging_mixin.py:190} INFO - [2024-09-10T19:34:01.807+0000] {dag.py:3211} INFO - Sync 1 DAGs
[2024-09-10T19:34:01.897+0000] {processor.py:208} INFO - Processing /opt/airflow/dags/7.3-fileSensor.py took 0.164 seconds
[2024-09-10T19:34:32.041+0000] {processor.py:186} INFO - Started process (PID=13378) to work on /opt/airflow/dags/7.3-fileSensor.py
[2024-09-10T19:34:32.043+0000] {processor.py:914} INFO - Processing file /opt/airflow/dags/7.3-fileSensor.py for tasks to queue
[2024-09-10T19:34:32.046+0000] {logging_mixin.py:190} INFO - [2024-09-10T19:34:32.045+0000] {dagbag.py:587} INFO - Filling up the DagBag from /opt/airflow/dags/7.3-fileSensor.py
[2024-09-10T19:34:32.071+0000] {processor.py:925} INFO - DAG(s) '7.3-fileSensor' retrieved from /opt/airflow/dags/7.3-fileSensor.py
[2024-09-10T19:34:32.125+0000] {logging_mixin.py:190} INFO - [2024-09-10T19:34:32.125+0000] {dag.py:3211} INFO - Sync 1 DAGs
[2024-09-10T19:34:32.249+0000] {processor.py:208} INFO - Processing /opt/airflow/dags/7.3-fileSensor.py took 0.227 seconds
[2024-09-10T19:34:53.581+0000] {processor.py:186} INFO - Started process (PID=13393) to work on /opt/airflow/dags/7.3-fileSensor.py
[2024-09-10T19:34:53.589+0000] {processor.py:914} INFO - Processing file /opt/airflow/dags/7.3-fileSensor.py for tasks to queue
[2024-09-10T19:34:53.593+0000] {logging_mixin.py:190} INFO - [2024-09-10T19:34:53.592+0000] {dagbag.py:587} INFO - Filling up the DagBag from /opt/airflow/dags/7.3-fileSensor.py
[2024-09-10T19:34:53.618+0000] {processor.py:925} INFO - DAG(s) '7.3-fileSensor' retrieved from /opt/airflow/dags/7.3-fileSensor.py
[2024-09-10T19:34:53.748+0000] {logging_mixin.py:190} INFO - [2024-09-10T19:34:53.748+0000] {dag.py:3211} INFO - Sync 1 DAGs
[2024-09-10T19:34:53.885+0000] {processor.py:208} INFO - Processing /opt/airflow/dags/7.3-fileSensor.py took 0.318 seconds
[2024-09-10T19:34:55.807+0000] {processor.py:186} INFO - Started process (PID=13394) to work on /opt/airflow/dags/7.3-fileSensor.py
[2024-09-10T19:34:55.808+0000] {processor.py:914} INFO - Processing file /opt/airflow/dags/7.3-fileSensor.py for tasks to queue
[2024-09-10T19:34:55.818+0000] {logging_mixin.py:190} INFO - [2024-09-10T19:34:55.810+0000] {dagbag.py:587} INFO - Filling up the DagBag from /opt/airflow/dags/7.3-fileSensor.py
[2024-09-10T19:34:55.855+0000] {processor.py:925} INFO - DAG(s) '7.3-fileSensor' retrieved from /opt/airflow/dags/7.3-fileSensor.py
[2024-09-10T19:34:55.926+0000] {logging_mixin.py:190} INFO - [2024-09-10T19:34:55.926+0000] {dag.py:3211} INFO - Sync 1 DAGs
[2024-09-10T19:34:56.067+0000] {processor.py:208} INFO - Processing /opt/airflow/dags/7.3-fileSensor.py took 0.288 seconds
[2024-09-10T19:34:57.168+0000] {processor.py:186} INFO - Started process (PID=13396) to work on /opt/airflow/dags/7.3-fileSensor.py
[2024-09-10T19:34:57.169+0000] {processor.py:914} INFO - Processing file /opt/airflow/dags/7.3-fileSensor.py for tasks to queue
[2024-09-10T19:34:57.172+0000] {logging_mixin.py:190} INFO - [2024-09-10T19:34:57.171+0000] {dagbag.py:587} INFO - Filling up the DagBag from /opt/airflow/dags/7.3-fileSensor.py
[2024-09-10T19:34:57.239+0000] {processor.py:925} INFO - DAG(s) '7.3-fileSensor' retrieved from /opt/airflow/dags/7.3-fileSensor.py
[2024-09-10T19:34:57.329+0000] {logging_mixin.py:190} INFO - [2024-09-10T19:34:57.328+0000] {dag.py:3211} INFO - Sync 1 DAGs
[2024-09-10T19:34:57.598+0000] {processor.py:208} INFO - Processing /opt/airflow/dags/7.3-fileSensor.py took 0.510 seconds
[2024-09-10T19:34:58.615+0000] {processor.py:186} INFO - Started process (PID=13398) to work on /opt/airflow/dags/7.3-fileSensor.py
[2024-09-10T19:34:58.617+0000] {processor.py:914} INFO - Processing file /opt/airflow/dags/7.3-fileSensor.py for tasks to queue
[2024-09-10T19:34:58.620+0000] {logging_mixin.py:190} INFO - [2024-09-10T19:34:58.619+0000] {dagbag.py:587} INFO - Filling up the DagBag from /opt/airflow/dags/7.3-fileSensor.py
[2024-09-10T19:34:58.666+0000] {processor.py:925} INFO - DAG(s) '7.3-fileSensor' retrieved from /opt/airflow/dags/7.3-fileSensor.py
[2024-09-10T19:34:58.731+0000] {logging_mixin.py:190} INFO - [2024-09-10T19:34:58.730+0000] {dag.py:3211} INFO - Sync 1 DAGs
[2024-09-10T19:34:58.850+0000] {processor.py:208} INFO - Processing /opt/airflow/dags/7.3-fileSensor.py took 0.253 seconds
[2024-09-10T19:35:29.344+0000] {processor.py:186} INFO - Started process (PID=13415) to work on /opt/airflow/dags/7.3-fileSensor.py
[2024-09-10T19:35:29.360+0000] {processor.py:914} INFO - Processing file /opt/airflow/dags/7.3-fileSensor.py for tasks to queue
[2024-09-10T19:35:29.363+0000] {logging_mixin.py:190} INFO - [2024-09-10T19:35:29.363+0000] {dagbag.py:587} INFO - Filling up the DagBag from /opt/airflow/dags/7.3-fileSensor.py
[2024-09-10T19:35:29.381+0000] {processor.py:925} INFO - DAG(s) '7.3-fileSensor' retrieved from /opt/airflow/dags/7.3-fileSensor.py
[2024-09-10T19:35:29.432+0000] {logging_mixin.py:190} INFO - [2024-09-10T19:35:29.432+0000] {dag.py:3211} INFO - Sync 1 DAGs
[2024-09-10T19:35:29.557+0000] {processor.py:208} INFO - Processing /opt/airflow/dags/7.3-fileSensor.py took 0.227 seconds
[2024-09-10T19:35:59.666+0000] {processor.py:186} INFO - Started process (PID=13432) to work on /opt/airflow/dags/7.3-fileSensor.py
[2024-09-10T19:35:59.684+0000] {processor.py:914} INFO - Processing file /opt/airflow/dags/7.3-fileSensor.py for tasks to queue
[2024-09-10T19:35:59.687+0000] {logging_mixin.py:190} INFO - [2024-09-10T19:35:59.686+0000] {dagbag.py:587} INFO - Filling up the DagBag from /opt/airflow/dags/7.3-fileSensor.py
[2024-09-10T19:35:59.724+0000] {processor.py:925} INFO - DAG(s) '7.3-fileSensor' retrieved from /opt/airflow/dags/7.3-fileSensor.py
[2024-09-10T19:35:59.799+0000] {logging_mixin.py:190} INFO - [2024-09-10T19:35:59.799+0000] {dag.py:3211} INFO - Sync 1 DAGs
[2024-09-10T19:35:59.935+0000] {processor.py:208} INFO - Processing /opt/airflow/dags/7.3-fileSensor.py took 0.299 seconds
[2024-09-10T19:36:30.271+0000] {processor.py:186} INFO - Started process (PID=13448) to work on /opt/airflow/dags/7.3-fileSensor.py
[2024-09-10T19:36:30.273+0000] {processor.py:914} INFO - Processing file /opt/airflow/dags/7.3-fileSensor.py for tasks to queue
[2024-09-10T19:36:30.280+0000] {logging_mixin.py:190} INFO - [2024-09-10T19:36:30.279+0000] {dagbag.py:587} INFO - Filling up the DagBag from /opt/airflow/dags/7.3-fileSensor.py
[2024-09-10T19:36:30.312+0000] {processor.py:925} INFO - DAG(s) '7.3-fileSensor' retrieved from /opt/airflow/dags/7.3-fileSensor.py
[2024-09-10T19:36:30.381+0000] {logging_mixin.py:190} INFO - [2024-09-10T19:36:30.380+0000] {dag.py:3211} INFO - Sync 1 DAGs
[2024-09-10T19:36:30.537+0000] {processor.py:208} INFO - Processing /opt/airflow/dags/7.3-fileSensor.py took 0.283 seconds
[2024-09-10T19:37:00.693+0000] {processor.py:186} INFO - Started process (PID=13465) to work on /opt/airflow/dags/7.3-fileSensor.py
[2024-09-10T19:37:00.721+0000] {processor.py:914} INFO - Processing file /opt/airflow/dags/7.3-fileSensor.py for tasks to queue
[2024-09-10T19:37:00.724+0000] {logging_mixin.py:190} INFO - [2024-09-10T19:37:00.723+0000] {dagbag.py:587} INFO - Filling up the DagBag from /opt/airflow/dags/7.3-fileSensor.py
[2024-09-10T19:37:00.750+0000] {processor.py:925} INFO - DAG(s) '7.3-fileSensor' retrieved from /opt/airflow/dags/7.3-fileSensor.py
[2024-09-10T19:37:00.792+0000] {logging_mixin.py:190} INFO - [2024-09-10T19:37:00.792+0000] {dag.py:3211} INFO - Sync 1 DAGs
[2024-09-10T19:37:00.867+0000] {processor.py:208} INFO - Processing /opt/airflow/dags/7.3-fileSensor.py took 0.191 seconds
[2024-09-10T19:37:31.505+0000] {processor.py:186} INFO - Started process (PID=13482) to work on /opt/airflow/dags/7.3-fileSensor.py
[2024-09-10T19:37:31.523+0000] {processor.py:914} INFO - Processing file /opt/airflow/dags/7.3-fileSensor.py for tasks to queue
[2024-09-10T19:37:31.525+0000] {logging_mixin.py:190} INFO - [2024-09-10T19:37:31.525+0000] {dagbag.py:587} INFO - Filling up the DagBag from /opt/airflow/dags/7.3-fileSensor.py
[2024-09-10T19:37:31.550+0000] {processor.py:925} INFO - DAG(s) '7.3-fileSensor' retrieved from /opt/airflow/dags/7.3-fileSensor.py
[2024-09-10T19:37:31.604+0000] {logging_mixin.py:190} INFO - [2024-09-10T19:37:31.604+0000] {dag.py:3211} INFO - Sync 1 DAGs
[2024-09-10T19:37:31.713+0000] {processor.py:208} INFO - Processing /opt/airflow/dags/7.3-fileSensor.py took 0.223 seconds
[2024-09-10T19:38:01.936+0000] {processor.py:186} INFO - Started process (PID=13499) to work on /opt/airflow/dags/7.3-fileSensor.py
[2024-09-10T19:38:01.937+0000] {processor.py:914} INFO - Processing file /opt/airflow/dags/7.3-fileSensor.py for tasks to queue
[2024-09-10T19:38:01.939+0000] {logging_mixin.py:190} INFO - [2024-09-10T19:38:01.939+0000] {dagbag.py:587} INFO - Filling up the DagBag from /opt/airflow/dags/7.3-fileSensor.py
[2024-09-10T19:38:01.957+0000] {processor.py:925} INFO - DAG(s) '7.3-fileSensor' retrieved from /opt/airflow/dags/7.3-fileSensor.py
[2024-09-10T19:38:01.991+0000] {logging_mixin.py:190} INFO - [2024-09-10T19:38:01.990+0000] {dag.py:3211} INFO - Sync 1 DAGs
[2024-09-10T19:38:02.063+0000] {processor.py:208} INFO - Processing /opt/airflow/dags/7.3-fileSensor.py took 0.137 seconds
[2024-09-10T19:38:32.226+0000] {processor.py:186} INFO - Started process (PID=13515) to work on /opt/airflow/dags/7.3-fileSensor.py
[2024-09-10T19:38:32.327+0000] {processor.py:914} INFO - Processing file /opt/airflow/dags/7.3-fileSensor.py for tasks to queue
[2024-09-10T19:38:32.331+0000] {logging_mixin.py:190} INFO - [2024-09-10T19:38:32.330+0000] {dagbag.py:587} INFO - Filling up the DagBag from /opt/airflow/dags/7.3-fileSensor.py
[2024-09-10T19:38:32.358+0000] {processor.py:925} INFO - DAG(s) '7.3-fileSensor' retrieved from /opt/airflow/dags/7.3-fileSensor.py
[2024-09-10T19:38:32.419+0000] {logging_mixin.py:190} INFO - [2024-09-10T19:38:32.418+0000] {dag.py:3211} INFO - Sync 1 DAGs
[2024-09-10T19:38:32.529+0000] {processor.py:208} INFO - Processing /opt/airflow/dags/7.3-fileSensor.py took 0.316 seconds
[2024-09-10T19:39:02.708+0000] {processor.py:186} INFO - Started process (PID=13532) to work on /opt/airflow/dags/7.3-fileSensor.py
[2024-09-10T19:39:02.709+0000] {processor.py:914} INFO - Processing file /opt/airflow/dags/7.3-fileSensor.py for tasks to queue
[2024-09-10T19:39:02.711+0000] {logging_mixin.py:190} INFO - [2024-09-10T19:39:02.711+0000] {dagbag.py:587} INFO - Filling up the DagBag from /opt/airflow/dags/7.3-fileSensor.py
[2024-09-10T19:39:02.728+0000] {processor.py:925} INFO - DAG(s) '7.3-fileSensor' retrieved from /opt/airflow/dags/7.3-fileSensor.py
[2024-09-10T19:39:02.762+0000] {logging_mixin.py:190} INFO - [2024-09-10T19:39:02.762+0000] {dag.py:3211} INFO - Sync 1 DAGs
[2024-09-10T19:39:02.834+0000] {processor.py:208} INFO - Processing /opt/airflow/dags/7.3-fileSensor.py took 0.136 seconds
[2024-09-10T19:39:32.962+0000] {processor.py:186} INFO - Started process (PID=13549) to work on /opt/airflow/dags/7.3-fileSensor.py
[2024-09-10T19:39:32.964+0000] {processor.py:914} INFO - Processing file /opt/airflow/dags/7.3-fileSensor.py for tasks to queue
[2024-09-10T19:39:32.966+0000] {logging_mixin.py:190} INFO - [2024-09-10T19:39:32.966+0000] {dagbag.py:587} INFO - Filling up the DagBag from /opt/airflow/dags/7.3-fileSensor.py
[2024-09-10T19:39:32.989+0000] {processor.py:925} INFO - DAG(s) '7.3-fileSensor' retrieved from /opt/airflow/dags/7.3-fileSensor.py
[2024-09-10T19:39:33.037+0000] {logging_mixin.py:190} INFO - [2024-09-10T19:39:33.036+0000] {dag.py:3211} INFO - Sync 1 DAGs
[2024-09-10T19:39:33.138+0000] {processor.py:208} INFO - Processing /opt/airflow/dags/7.3-fileSensor.py took 0.190 seconds
[2024-09-10T19:40:03.202+0000] {processor.py:186} INFO - Started process (PID=13565) to work on /opt/airflow/dags/7.3-fileSensor.py
[2024-09-10T19:40:03.235+0000] {processor.py:914} INFO - Processing file /opt/airflow/dags/7.3-fileSensor.py for tasks to queue
[2024-09-10T19:40:03.238+0000] {logging_mixin.py:190} INFO - [2024-09-10T19:40:03.237+0000] {dagbag.py:587} INFO - Filling up the DagBag from /opt/airflow/dags/7.3-fileSensor.py
[2024-09-10T19:40:03.257+0000] {processor.py:925} INFO - DAG(s) '7.3-fileSensor' retrieved from /opt/airflow/dags/7.3-fileSensor.py
[2024-09-10T19:40:03.291+0000] {logging_mixin.py:190} INFO - [2024-09-10T19:40:03.291+0000] {dag.py:3211} INFO - Sync 1 DAGs
[2024-09-10T19:40:03.376+0000] {processor.py:208} INFO - Processing /opt/airflow/dags/7.3-fileSensor.py took 0.183 seconds
[2024-09-10T19:40:34.167+0000] {processor.py:186} INFO - Started process (PID=13582) to work on /opt/airflow/dags/7.3-fileSensor.py
[2024-09-10T19:40:34.230+0000] {processor.py:914} INFO - Processing file /opt/airflow/dags/7.3-fileSensor.py for tasks to queue
[2024-09-10T19:40:34.234+0000] {logging_mixin.py:190} INFO - [2024-09-10T19:40:34.232+0000] {dagbag.py:587} INFO - Filling up the DagBag from /opt/airflow/dags/7.3-fileSensor.py
[2024-09-10T19:40:34.265+0000] {processor.py:925} INFO - DAG(s) '7.3-fileSensor' retrieved from /opt/airflow/dags/7.3-fileSensor.py
[2024-09-10T19:40:34.331+0000] {logging_mixin.py:190} INFO - [2024-09-10T19:40:34.331+0000] {dag.py:3211} INFO - Sync 1 DAGs
[2024-09-10T19:40:34.471+0000] {processor.py:208} INFO - Processing /opt/airflow/dags/7.3-fileSensor.py took 0.325 seconds
[2024-09-10T19:41:04.688+0000] {processor.py:186} INFO - Started process (PID=13598) to work on /opt/airflow/dags/7.3-fileSensor.py
[2024-09-10T19:41:04.705+0000] {processor.py:914} INFO - Processing file /opt/airflow/dags/7.3-fileSensor.py for tasks to queue
[2024-09-10T19:41:04.708+0000] {logging_mixin.py:190} INFO - [2024-09-10T19:41:04.707+0000] {dagbag.py:587} INFO - Filling up the DagBag from /opt/airflow/dags/7.3-fileSensor.py
[2024-09-10T19:41:04.758+0000] {processor.py:925} INFO - DAG(s) '7.3-fileSensor' retrieved from /opt/airflow/dags/7.3-fileSensor.py
[2024-09-10T19:41:04.818+0000] {logging_mixin.py:190} INFO - [2024-09-10T19:41:04.817+0000] {dag.py:3211} INFO - Sync 1 DAGs
[2024-09-10T19:41:05.040+0000] {processor.py:208} INFO - Processing /opt/airflow/dags/7.3-fileSensor.py took 0.392 seconds
[2024-09-10T19:41:35.221+0000] {processor.py:186} INFO - Started process (PID=13615) to work on /opt/airflow/dags/7.3-fileSensor.py
[2024-09-10T19:41:35.241+0000] {processor.py:914} INFO - Processing file /opt/airflow/dags/7.3-fileSensor.py for tasks to queue
[2024-09-10T19:41:35.243+0000] {logging_mixin.py:190} INFO - [2024-09-10T19:41:35.242+0000] {dagbag.py:587} INFO - Filling up the DagBag from /opt/airflow/dags/7.3-fileSensor.py
[2024-09-10T19:41:35.260+0000] {processor.py:925} INFO - DAG(s) '7.3-fileSensor' retrieved from /opt/airflow/dags/7.3-fileSensor.py
[2024-09-10T19:41:35.296+0000] {logging_mixin.py:190} INFO - [2024-09-10T19:41:35.296+0000] {dag.py:3211} INFO - Sync 1 DAGs
[2024-09-10T19:41:35.393+0000] {processor.py:208} INFO - Processing /opt/airflow/dags/7.3-fileSensor.py took 0.183 seconds
[2024-09-10T19:42:05.640+0000] {processor.py:186} INFO - Started process (PID=13632) to work on /opt/airflow/dags/7.3-fileSensor.py
[2024-09-10T19:42:05.662+0000] {processor.py:914} INFO - Processing file /opt/airflow/dags/7.3-fileSensor.py for tasks to queue
[2024-09-10T19:42:05.665+0000] {logging_mixin.py:190} INFO - [2024-09-10T19:42:05.664+0000] {dagbag.py:587} INFO - Filling up the DagBag from /opt/airflow/dags/7.3-fileSensor.py
[2024-09-10T19:42:05.703+0000] {processor.py:925} INFO - DAG(s) '7.3-fileSensor' retrieved from /opt/airflow/dags/7.3-fileSensor.py
[2024-09-10T19:42:05.850+0000] {logging_mixin.py:190} INFO - [2024-09-10T19:42:05.850+0000] {dag.py:3211} INFO - Sync 1 DAGs
[2024-09-10T19:42:06.072+0000] {processor.py:208} INFO - Processing /opt/airflow/dags/7.3-fileSensor.py took 0.447 seconds
[2024-09-10T19:42:36.484+0000] {processor.py:186} INFO - Started process (PID=13649) to work on /opt/airflow/dags/7.3-fileSensor.py
[2024-09-10T19:42:36.493+0000] {processor.py:914} INFO - Processing file /opt/airflow/dags/7.3-fileSensor.py for tasks to queue
[2024-09-10T19:42:36.503+0000] {logging_mixin.py:190} INFO - [2024-09-10T19:42:36.502+0000] {dagbag.py:587} INFO - Filling up the DagBag from /opt/airflow/dags/7.3-fileSensor.py
[2024-09-10T19:42:36.595+0000] {processor.py:925} INFO - DAG(s) '7.3-fileSensor' retrieved from /opt/airflow/dags/7.3-fileSensor.py
[2024-09-10T19:42:36.707+0000] {logging_mixin.py:190} INFO - [2024-09-10T19:42:36.706+0000] {dag.py:3211} INFO - Sync 1 DAGs
[2024-09-10T19:42:36.880+0000] {processor.py:208} INFO - Processing /opt/airflow/dags/7.3-fileSensor.py took 0.433 seconds
[2024-09-10T19:43:06.951+0000] {processor.py:186} INFO - Started process (PID=13666) to work on /opt/airflow/dags/7.3-fileSensor.py
[2024-09-10T19:43:06.966+0000] {processor.py:914} INFO - Processing file /opt/airflow/dags/7.3-fileSensor.py for tasks to queue
[2024-09-10T19:43:06.969+0000] {logging_mixin.py:190} INFO - [2024-09-10T19:43:06.968+0000] {dagbag.py:587} INFO - Filling up the DagBag from /opt/airflow/dags/7.3-fileSensor.py
[2024-09-10T19:43:06.990+0000] {processor.py:925} INFO - DAG(s) '7.3-fileSensor' retrieved from /opt/airflow/dags/7.3-fileSensor.py
[2024-09-10T19:43:07.035+0000] {logging_mixin.py:190} INFO - [2024-09-10T19:43:07.034+0000] {dag.py:3211} INFO - Sync 1 DAGs
[2024-09-10T19:43:07.161+0000] {processor.py:208} INFO - Processing /opt/airflow/dags/7.3-fileSensor.py took 0.224 seconds
[2024-09-10T19:43:37.833+0000] {processor.py:186} INFO - Started process (PID=13683) to work on /opt/airflow/dags/7.3-fileSensor.py
[2024-09-10T19:43:37.835+0000] {processor.py:914} INFO - Processing file /opt/airflow/dags/7.3-fileSensor.py for tasks to queue
[2024-09-10T19:43:37.838+0000] {logging_mixin.py:190} INFO - [2024-09-10T19:43:37.837+0000] {dagbag.py:587} INFO - Filling up the DagBag from /opt/airflow/dags/7.3-fileSensor.py
[2024-09-10T19:43:37.862+0000] {processor.py:925} INFO - DAG(s) '7.3-fileSensor' retrieved from /opt/airflow/dags/7.3-fileSensor.py
[2024-09-10T19:43:37.904+0000] {logging_mixin.py:190} INFO - [2024-09-10T19:43:37.904+0000] {dag.py:3211} INFO - Sync 1 DAGs
[2024-09-10T19:43:38.073+0000] {processor.py:208} INFO - Processing /opt/airflow/dags/7.3-fileSensor.py took 0.254 seconds
[2024-09-10T19:44:08.327+0000] {processor.py:186} INFO - Started process (PID=13706) to work on /opt/airflow/dags/7.3-fileSensor.py
[2024-09-10T19:44:08.349+0000] {processor.py:914} INFO - Processing file /opt/airflow/dags/7.3-fileSensor.py for tasks to queue
[2024-09-10T19:44:08.356+0000] {logging_mixin.py:190} INFO - [2024-09-10T19:44:08.355+0000] {dagbag.py:587} INFO - Filling up the DagBag from /opt/airflow/dags/7.3-fileSensor.py
[2024-09-10T19:44:08.492+0000] {processor.py:925} INFO - DAG(s) '7.3-fileSensor' retrieved from /opt/airflow/dags/7.3-fileSensor.py
[2024-09-10T19:44:08.673+0000] {logging_mixin.py:190} INFO - [2024-09-10T19:44:08.673+0000] {dag.py:3211} INFO - Sync 1 DAGs
[2024-09-10T19:44:09.018+0000] {processor.py:208} INFO - Processing /opt/airflow/dags/7.3-fileSensor.py took 0.710 seconds
[2024-09-10T19:44:39.629+0000] {processor.py:186} INFO - Started process (PID=13722) to work on /opt/airflow/dags/7.3-fileSensor.py
[2024-09-10T19:44:39.630+0000] {processor.py:914} INFO - Processing file /opt/airflow/dags/7.3-fileSensor.py for tasks to queue
[2024-09-10T19:44:39.635+0000] {logging_mixin.py:190} INFO - [2024-09-10T19:44:39.634+0000] {dagbag.py:587} INFO - Filling up the DagBag from /opt/airflow/dags/7.3-fileSensor.py
[2024-09-10T19:44:39.663+0000] {processor.py:925} INFO - DAG(s) '7.3-fileSensor' retrieved from /opt/airflow/dags/7.3-fileSensor.py
[2024-09-10T19:44:39.751+0000] {logging_mixin.py:190} INFO - [2024-09-10T19:44:39.750+0000] {dag.py:3211} INFO - Sync 1 DAGs
[2024-09-10T19:44:39.867+0000] {processor.py:208} INFO - Processing /opt/airflow/dags/7.3-fileSensor.py took 0.254 seconds
