[2024-08-25T23:21:39.263+0000] {processor.py:186} INFO - Started process (PID=5767) to work on /opt/airflow/dags/4-customoperator.py
[2024-08-25T23:21:39.265+0000] {processor.py:914} INFO - Processing file /opt/airflow/dags/4-customoperator.py for tasks to queue
[2024-08-25T23:21:39.267+0000] {logging_mixin.py:190} INFO - [2024-08-25T23:21:39.266+0000] {dagbag.py:587} INFO - Filling up the DagBag from /opt/airflow/dags/4-customoperator.py
[2024-08-25T23:21:39.286+0000] {processor.py:925} INFO - DAG(s) 'customoperator' retrieved from /opt/airflow/dags/4-customoperator.py
[2024-08-25T23:21:39.535+0000] {logging_mixin.py:190} INFO - [2024-08-25T23:21:39.535+0000] {dag.py:3211} INFO - Sync 1 DAGs
[2024-08-25T23:21:39.573+0000] {logging_mixin.py:190} INFO - [2024-08-25T23:21:39.573+0000] {dag.py:4138} INFO - Setting next_dagrun for customoperator to None, run_after=None
[2024-08-25T23:21:39.606+0000] {processor.py:208} INFO - Processing /opt/airflow/dags/4-customoperator.py took 0.355 seconds
[2024-08-25T23:22:09.792+0000] {processor.py:186} INFO - Started process (PID=5776) to work on /opt/airflow/dags/4-customoperator.py
[2024-08-25T23:22:09.806+0000] {processor.py:914} INFO - Processing file /opt/airflow/dags/4-customoperator.py for tasks to queue
[2024-08-25T23:22:09.809+0000] {logging_mixin.py:190} INFO - [2024-08-25T23:22:09.808+0000] {dagbag.py:587} INFO - Filling up the DagBag from /opt/airflow/dags/4-customoperator.py
[2024-08-25T23:22:09.824+0000] {processor.py:925} INFO - DAG(s) 'customoperator' retrieved from /opt/airflow/dags/4-customoperator.py
[2024-08-25T23:22:09.869+0000] {logging_mixin.py:190} INFO - [2024-08-25T23:22:09.868+0000] {dag.py:3211} INFO - Sync 1 DAGs
[2024-08-25T23:22:09.918+0000] {logging_mixin.py:190} INFO - [2024-08-25T23:22:09.917+0000] {dag.py:4138} INFO - Setting next_dagrun for customoperator to None, run_after=None
[2024-08-25T23:22:09.947+0000] {processor.py:208} INFO - Processing /opt/airflow/dags/4-customoperator.py took 0.165 seconds
[2024-08-25T23:22:40.335+0000] {processor.py:186} INFO - Started process (PID=5786) to work on /opt/airflow/dags/4-customoperator.py
[2024-08-25T23:22:40.342+0000] {processor.py:914} INFO - Processing file /opt/airflow/dags/4-customoperator.py for tasks to queue
[2024-08-25T23:22:40.344+0000] {logging_mixin.py:190} INFO - [2024-08-25T23:22:40.343+0000] {dagbag.py:587} INFO - Filling up the DagBag from /opt/airflow/dags/4-customoperator.py
[2024-08-25T23:22:40.360+0000] {processor.py:925} INFO - DAG(s) 'customoperator' retrieved from /opt/airflow/dags/4-customoperator.py
[2024-08-25T23:22:40.404+0000] {logging_mixin.py:190} INFO - [2024-08-25T23:22:40.404+0000] {dag.py:3211} INFO - Sync 1 DAGs
[2024-08-25T23:22:40.452+0000] {logging_mixin.py:190} INFO - [2024-08-25T23:22:40.452+0000] {dag.py:4138} INFO - Setting next_dagrun for customoperator to None, run_after=None
[2024-08-25T23:22:40.482+0000] {processor.py:208} INFO - Processing /opt/airflow/dags/4-customoperator.py took 0.157 seconds
[2024-08-25T23:23:10.753+0000] {processor.py:186} INFO - Started process (PID=5795) to work on /opt/airflow/dags/4-customoperator.py
[2024-08-25T23:23:10.777+0000] {processor.py:914} INFO - Processing file /opt/airflow/dags/4-customoperator.py for tasks to queue
[2024-08-25T23:23:10.779+0000] {logging_mixin.py:190} INFO - [2024-08-25T23:23:10.778+0000] {dagbag.py:587} INFO - Filling up the DagBag from /opt/airflow/dags/4-customoperator.py
[2024-08-25T23:23:10.794+0000] {processor.py:925} INFO - DAG(s) 'customoperator' retrieved from /opt/airflow/dags/4-customoperator.py
[2024-08-25T23:23:10.835+0000] {logging_mixin.py:190} INFO - [2024-08-25T23:23:10.834+0000] {dag.py:3211} INFO - Sync 1 DAGs
[2024-08-25T23:23:10.889+0000] {logging_mixin.py:190} INFO - [2024-08-25T23:23:10.889+0000] {dag.py:4138} INFO - Setting next_dagrun for customoperator to None, run_after=None
[2024-08-25T23:23:10.915+0000] {processor.py:208} INFO - Processing /opt/airflow/dags/4-customoperator.py took 0.172 seconds
[2024-08-25T23:23:41.209+0000] {processor.py:186} INFO - Started process (PID=5805) to work on /opt/airflow/dags/4-customoperator.py
[2024-08-25T23:23:41.235+0000] {processor.py:914} INFO - Processing file /opt/airflow/dags/4-customoperator.py for tasks to queue
[2024-08-25T23:23:41.239+0000] {logging_mixin.py:190} INFO - [2024-08-25T23:23:41.238+0000] {dagbag.py:587} INFO - Filling up the DagBag from /opt/airflow/dags/4-customoperator.py
[2024-08-25T23:23:41.258+0000] {processor.py:925} INFO - DAG(s) 'customoperator' retrieved from /opt/airflow/dags/4-customoperator.py
[2024-08-25T23:23:41.303+0000] {logging_mixin.py:190} INFO - [2024-08-25T23:23:41.303+0000] {dag.py:3211} INFO - Sync 1 DAGs
[2024-08-25T23:23:41.346+0000] {logging_mixin.py:190} INFO - [2024-08-25T23:23:41.345+0000] {dag.py:4138} INFO - Setting next_dagrun for customoperator to None, run_after=None
[2024-08-25T23:23:41.371+0000] {processor.py:208} INFO - Processing /opt/airflow/dags/4-customoperator.py took 0.172 seconds
[2024-08-25T23:24:11.799+0000] {processor.py:186} INFO - Started process (PID=5815) to work on /opt/airflow/dags/4-customoperator.py
[2024-08-25T23:24:11.816+0000] {processor.py:914} INFO - Processing file /opt/airflow/dags/4-customoperator.py for tasks to queue
[2024-08-25T23:24:11.818+0000] {logging_mixin.py:190} INFO - [2024-08-25T23:24:11.817+0000] {dagbag.py:587} INFO - Filling up the DagBag from /opt/airflow/dags/4-customoperator.py
[2024-08-25T23:24:11.832+0000] {processor.py:925} INFO - DAG(s) 'customoperator' retrieved from /opt/airflow/dags/4-customoperator.py
[2024-08-25T23:24:11.875+0000] {logging_mixin.py:190} INFO - [2024-08-25T23:24:11.875+0000] {dag.py:3211} INFO - Sync 1 DAGs
[2024-08-25T23:24:11.920+0000] {logging_mixin.py:190} INFO - [2024-08-25T23:24:11.919+0000] {dag.py:4138} INFO - Setting next_dagrun for customoperator to None, run_after=None
[2024-08-25T23:24:11.946+0000] {processor.py:208} INFO - Processing /opt/airflow/dags/4-customoperator.py took 0.156 seconds
[2024-08-25T23:24:42.359+0000] {processor.py:186} INFO - Started process (PID=5823) to work on /opt/airflow/dags/4-customoperator.py
[2024-08-25T23:24:42.384+0000] {processor.py:914} INFO - Processing file /opt/airflow/dags/4-customoperator.py for tasks to queue
[2024-08-25T23:24:42.387+0000] {logging_mixin.py:190} INFO - [2024-08-25T23:24:42.386+0000] {dagbag.py:587} INFO - Filling up the DagBag from /opt/airflow/dags/4-customoperator.py
[2024-08-25T23:24:42.408+0000] {processor.py:925} INFO - DAG(s) 'customoperator' retrieved from /opt/airflow/dags/4-customoperator.py
[2024-08-25T23:24:42.467+0000] {logging_mixin.py:190} INFO - [2024-08-25T23:24:42.467+0000] {dag.py:3211} INFO - Sync 1 DAGs
[2024-08-25T23:24:42.534+0000] {logging_mixin.py:190} INFO - [2024-08-25T23:24:42.533+0000] {dag.py:4138} INFO - Setting next_dagrun for customoperator to None, run_after=None
[2024-08-25T23:24:42.572+0000] {processor.py:208} INFO - Processing /opt/airflow/dags/4-customoperator.py took 0.227 seconds
[2024-08-25T23:25:12.850+0000] {processor.py:186} INFO - Started process (PID=5832) to work on /opt/airflow/dags/4-customoperator.py
[2024-08-25T23:25:12.864+0000] {processor.py:914} INFO - Processing file /opt/airflow/dags/4-customoperator.py for tasks to queue
[2024-08-25T23:25:12.867+0000] {logging_mixin.py:190} INFO - [2024-08-25T23:25:12.866+0000] {dagbag.py:587} INFO - Filling up the DagBag from /opt/airflow/dags/4-customoperator.py
[2024-08-25T23:25:12.882+0000] {processor.py:925} INFO - DAG(s) 'customoperator' retrieved from /opt/airflow/dags/4-customoperator.py
[2024-08-25T23:25:12.928+0000] {logging_mixin.py:190} INFO - [2024-08-25T23:25:12.928+0000] {dag.py:3211} INFO - Sync 1 DAGs
[2024-08-25T23:25:12.975+0000] {logging_mixin.py:190} INFO - [2024-08-25T23:25:12.975+0000] {dag.py:4138} INFO - Setting next_dagrun for customoperator to None, run_after=None
[2024-08-25T23:25:13.011+0000] {processor.py:208} INFO - Processing /opt/airflow/dags/4-customoperator.py took 0.172 seconds
[2024-08-25T23:25:43.528+0000] {processor.py:186} INFO - Started process (PID=5840) to work on /opt/airflow/dags/4-customoperator.py
[2024-08-25T23:25:43.544+0000] {processor.py:914} INFO - Processing file /opt/airflow/dags/4-customoperator.py for tasks to queue
[2024-08-25T23:25:43.546+0000] {logging_mixin.py:190} INFO - [2024-08-25T23:25:43.546+0000] {dagbag.py:587} INFO - Filling up the DagBag from /opt/airflow/dags/4-customoperator.py
[2024-08-25T23:25:43.560+0000] {processor.py:925} INFO - DAG(s) 'customoperator' retrieved from /opt/airflow/dags/4-customoperator.py
[2024-08-25T23:25:43.609+0000] {logging_mixin.py:190} INFO - [2024-08-25T23:25:43.608+0000] {dag.py:3211} INFO - Sync 1 DAGs
[2024-08-25T23:25:43.664+0000] {logging_mixin.py:190} INFO - [2024-08-25T23:25:43.663+0000] {dag.py:4138} INFO - Setting next_dagrun for customoperator to None, run_after=None
[2024-08-25T23:25:43.693+0000] {processor.py:208} INFO - Processing /opt/airflow/dags/4-customoperator.py took 0.180 seconds
[2024-08-25T23:26:13.970+0000] {processor.py:186} INFO - Started process (PID=5849) to work on /opt/airflow/dags/4-customoperator.py
[2024-08-25T23:26:13.990+0000] {processor.py:914} INFO - Processing file /opt/airflow/dags/4-customoperator.py for tasks to queue
[2024-08-25T23:26:13.992+0000] {logging_mixin.py:190} INFO - [2024-08-25T23:26:13.991+0000] {dagbag.py:587} INFO - Filling up the DagBag from /opt/airflow/dags/4-customoperator.py
[2024-08-25T23:26:14.008+0000] {processor.py:925} INFO - DAG(s) 'customoperator' retrieved from /opt/airflow/dags/4-customoperator.py
[2024-08-25T23:26:14.053+0000] {logging_mixin.py:190} INFO - [2024-08-25T23:26:14.053+0000] {dag.py:3211} INFO - Sync 1 DAGs
[2024-08-25T23:26:14.111+0000] {logging_mixin.py:190} INFO - [2024-08-25T23:26:14.110+0000] {dag.py:4138} INFO - Setting next_dagrun for customoperator to None, run_after=None
[2024-08-25T23:26:14.136+0000] {processor.py:208} INFO - Processing /opt/airflow/dags/4-customoperator.py took 0.175 seconds
[2024-08-25T23:26:45.066+0000] {processor.py:186} INFO - Started process (PID=5861) to work on /opt/airflow/dags/4-customoperator.py
[2024-08-25T23:26:45.091+0000] {processor.py:914} INFO - Processing file /opt/airflow/dags/4-customoperator.py for tasks to queue
[2024-08-25T23:26:45.094+0000] {logging_mixin.py:190} INFO - [2024-08-25T23:26:45.093+0000] {dagbag.py:587} INFO - Filling up the DagBag from /opt/airflow/dags/4-customoperator.py
[2024-08-25T23:26:45.116+0000] {processor.py:925} INFO - DAG(s) 'customoperator' retrieved from /opt/airflow/dags/4-customoperator.py
[2024-08-25T23:26:45.253+0000] {logging_mixin.py:190} INFO - [2024-08-25T23:26:45.252+0000] {dag.py:3211} INFO - Sync 1 DAGs
[2024-08-25T23:26:45.331+0000] {logging_mixin.py:190} INFO - [2024-08-25T23:26:45.331+0000] {dag.py:4138} INFO - Setting next_dagrun for customoperator to None, run_after=None
[2024-08-25T23:26:45.377+0000] {processor.py:208} INFO - Processing /opt/airflow/dags/4-customoperator.py took 0.325 seconds
[2024-08-25T23:27:15.443+0000] {processor.py:186} INFO - Started process (PID=5877) to work on /opt/airflow/dags/4-customoperator.py
[2024-08-25T23:27:15.449+0000] {processor.py:914} INFO - Processing file /opt/airflow/dags/4-customoperator.py for tasks to queue
[2024-08-25T23:27:15.451+0000] {logging_mixin.py:190} INFO - [2024-08-25T23:27:15.451+0000] {dagbag.py:587} INFO - Filling up the DagBag from /opt/airflow/dags/4-customoperator.py
[2024-08-25T23:27:15.466+0000] {processor.py:925} INFO - DAG(s) 'customoperator' retrieved from /opt/airflow/dags/4-customoperator.py
[2024-08-25T23:27:15.514+0000] {logging_mixin.py:190} INFO - [2024-08-25T23:27:15.513+0000] {dag.py:3211} INFO - Sync 1 DAGs
[2024-08-25T23:27:15.558+0000] {logging_mixin.py:190} INFO - [2024-08-25T23:27:15.558+0000] {dag.py:4138} INFO - Setting next_dagrun for customoperator to None, run_after=None
[2024-08-25T23:27:15.592+0000] {processor.py:208} INFO - Processing /opt/airflow/dags/4-customoperator.py took 0.162 seconds
[2024-08-25T23:27:46.341+0000] {processor.py:186} INFO - Started process (PID=5889) to work on /opt/airflow/dags/4-customoperator.py
[2024-08-25T23:27:46.344+0000] {processor.py:914} INFO - Processing file /opt/airflow/dags/4-customoperator.py for tasks to queue
[2024-08-25T23:27:46.348+0000] {logging_mixin.py:190} INFO - [2024-08-25T23:27:46.347+0000] {dagbag.py:587} INFO - Filling up the DagBag from /opt/airflow/dags/4-customoperator.py
[2024-08-25T23:27:46.370+0000] {processor.py:925} INFO - DAG(s) 'customoperator' retrieved from /opt/airflow/dags/4-customoperator.py
[2024-08-25T23:27:46.449+0000] {logging_mixin.py:190} INFO - [2024-08-25T23:27:46.448+0000] {dag.py:3211} INFO - Sync 1 DAGs
[2024-08-25T23:27:46.530+0000] {logging_mixin.py:190} INFO - [2024-08-25T23:27:46.529+0000] {dag.py:4138} INFO - Setting next_dagrun for customoperator to None, run_after=None
[2024-08-25T23:27:46.571+0000] {processor.py:208} INFO - Processing /opt/airflow/dags/4-customoperator.py took 0.250 seconds
[2024-08-25T23:28:17.085+0000] {processor.py:186} INFO - Started process (PID=5905) to work on /opt/airflow/dags/4-customoperator.py
[2024-08-25T23:28:17.086+0000] {processor.py:914} INFO - Processing file /opt/airflow/dags/4-customoperator.py for tasks to queue
[2024-08-25T23:28:17.089+0000] {logging_mixin.py:190} INFO - [2024-08-25T23:28:17.088+0000] {dagbag.py:587} INFO - Filling up the DagBag from /opt/airflow/dags/4-customoperator.py
[2024-08-25T23:28:17.112+0000] {processor.py:925} INFO - DAG(s) 'customoperator' retrieved from /opt/airflow/dags/4-customoperator.py
[2024-08-25T23:28:17.169+0000] {logging_mixin.py:190} INFO - [2024-08-25T23:28:17.168+0000] {dag.py:3211} INFO - Sync 1 DAGs
[2024-08-25T23:28:17.214+0000] {logging_mixin.py:190} INFO - [2024-08-25T23:28:17.213+0000] {dag.py:4138} INFO - Setting next_dagrun for customoperator to None, run_after=None
[2024-08-25T23:28:17.246+0000] {processor.py:208} INFO - Processing /opt/airflow/dags/4-customoperator.py took 0.176 seconds
[2024-08-25T23:28:47.887+0000] {processor.py:186} INFO - Started process (PID=5915) to work on /opt/airflow/dags/4-customoperator.py
[2024-08-25T23:28:47.978+0000] {processor.py:914} INFO - Processing file /opt/airflow/dags/4-customoperator.py for tasks to queue
[2024-08-25T23:28:47.981+0000] {logging_mixin.py:190} INFO - [2024-08-25T23:28:47.980+0000] {dagbag.py:587} INFO - Filling up the DagBag from /opt/airflow/dags/4-customoperator.py
[2024-08-25T23:28:48.000+0000] {processor.py:925} INFO - DAG(s) 'customoperator' retrieved from /opt/airflow/dags/4-customoperator.py
[2024-08-25T23:28:48.091+0000] {logging_mixin.py:190} INFO - [2024-08-25T23:28:48.091+0000] {dag.py:3211} INFO - Sync 1 DAGs
[2024-08-25T23:28:48.173+0000] {logging_mixin.py:190} INFO - [2024-08-25T23:28:48.173+0000] {dag.py:4138} INFO - Setting next_dagrun for customoperator to None, run_after=None
[2024-08-25T23:28:48.209+0000] {processor.py:208} INFO - Processing /opt/airflow/dags/4-customoperator.py took 0.338 seconds
[2024-08-25T23:29:18.670+0000] {processor.py:186} INFO - Started process (PID=5925) to work on /opt/airflow/dags/4-customoperator.py
[2024-08-25T23:29:18.680+0000] {processor.py:914} INFO - Processing file /opt/airflow/dags/4-customoperator.py for tasks to queue
[2024-08-25T23:29:18.689+0000] {logging_mixin.py:190} INFO - [2024-08-25T23:29:18.684+0000] {dagbag.py:587} INFO - Filling up the DagBag from /opt/airflow/dags/4-customoperator.py
[2024-08-25T23:29:18.743+0000] {processor.py:925} INFO - DAG(s) 'customoperator' retrieved from /opt/airflow/dags/4-customoperator.py
[2024-08-25T23:29:18.887+0000] {logging_mixin.py:190} INFO - [2024-08-25T23:29:18.887+0000] {dag.py:3211} INFO - Sync 1 DAGs
[2024-08-25T23:29:18.984+0000] {logging_mixin.py:190} INFO - [2024-08-25T23:29:18.984+0000] {dag.py:4138} INFO - Setting next_dagrun for customoperator to None, run_after=None
[2024-08-25T23:29:19.055+0000] {processor.py:208} INFO - Processing /opt/airflow/dags/4-customoperator.py took 0.427 seconds
[2024-08-25T23:29:49.676+0000] {processor.py:186} INFO - Started process (PID=5982) to work on /opt/airflow/dags/4-customoperator.py
[2024-08-25T23:29:49.693+0000] {processor.py:914} INFO - Processing file /opt/airflow/dags/4-customoperator.py for tasks to queue
[2024-08-25T23:29:49.696+0000] {logging_mixin.py:190} INFO - [2024-08-25T23:29:49.695+0000] {dagbag.py:587} INFO - Filling up the DagBag from /opt/airflow/dags/4-customoperator.py
[2024-08-25T23:29:49.724+0000] {processor.py:925} INFO - DAG(s) 'customoperator' retrieved from /opt/airflow/dags/4-customoperator.py
[2024-08-25T23:29:49.800+0000] {logging_mixin.py:190} INFO - [2024-08-25T23:29:49.799+0000] {dag.py:3211} INFO - Sync 1 DAGs
[2024-08-25T23:29:49.873+0000] {logging_mixin.py:190} INFO - [2024-08-25T23:29:49.873+0000] {dag.py:4138} INFO - Setting next_dagrun for customoperator to None, run_after=None
[2024-08-25T23:29:49.922+0000] {processor.py:208} INFO - Processing /opt/airflow/dags/4-customoperator.py took 0.270 seconds
[2024-08-25T23:30:20.306+0000] {processor.py:186} INFO - Started process (PID=6005) to work on /opt/airflow/dags/4-customoperator.py
[2024-08-25T23:30:20.314+0000] {processor.py:914} INFO - Processing file /opt/airflow/dags/4-customoperator.py for tasks to queue
[2024-08-25T23:30:20.316+0000] {logging_mixin.py:190} INFO - [2024-08-25T23:30:20.316+0000] {dagbag.py:587} INFO - Filling up the DagBag from /opt/airflow/dags/4-customoperator.py
[2024-08-25T23:30:20.346+0000] {processor.py:925} INFO - DAG(s) 'customoperator' retrieved from /opt/airflow/dags/4-customoperator.py
[2024-08-25T23:30:20.446+0000] {logging_mixin.py:190} INFO - [2024-08-25T23:30:20.446+0000] {dag.py:3211} INFO - Sync 1 DAGs
[2024-08-25T23:30:20.511+0000] {logging_mixin.py:190} INFO - [2024-08-25T23:30:20.511+0000] {dag.py:4138} INFO - Setting next_dagrun for customoperator to None, run_after=None
[2024-08-25T23:30:20.564+0000] {processor.py:208} INFO - Processing /opt/airflow/dags/4-customoperator.py took 0.286 seconds
[2024-08-25T23:30:51.410+0000] {processor.py:186} INFO - Started process (PID=6036) to work on /opt/airflow/dags/4-customoperator.py
[2024-08-25T23:30:51.425+0000] {processor.py:914} INFO - Processing file /opt/airflow/dags/4-customoperator.py for tasks to queue
[2024-08-25T23:30:51.429+0000] {logging_mixin.py:190} INFO - [2024-08-25T23:30:51.427+0000] {dagbag.py:587} INFO - Filling up the DagBag from /opt/airflow/dags/4-customoperator.py
[2024-08-25T23:30:51.493+0000] {processor.py:925} INFO - DAG(s) 'customoperator' retrieved from /opt/airflow/dags/4-customoperator.py
[2024-08-25T23:30:51.601+0000] {logging_mixin.py:190} INFO - [2024-08-25T23:30:51.600+0000] {dag.py:3211} INFO - Sync 1 DAGs
[2024-08-25T23:30:51.704+0000] {logging_mixin.py:190} INFO - [2024-08-25T23:30:51.703+0000] {dag.py:4138} INFO - Setting next_dagrun for customoperator to None, run_after=None
[2024-08-25T23:30:51.810+0000] {processor.py:208} INFO - Processing /opt/airflow/dags/4-customoperator.py took 0.432 seconds
[2024-08-25T23:31:22.240+0000] {processor.py:186} INFO - Started process (PID=6069) to work on /opt/airflow/dags/4-customoperator.py
[2024-08-25T23:31:22.248+0000] {processor.py:914} INFO - Processing file /opt/airflow/dags/4-customoperator.py for tasks to queue
[2024-08-25T23:31:22.251+0000] {logging_mixin.py:190} INFO - [2024-08-25T23:31:22.250+0000] {dagbag.py:587} INFO - Filling up the DagBag from /opt/airflow/dags/4-customoperator.py
[2024-08-25T23:31:22.293+0000] {processor.py:925} INFO - DAG(s) 'customoperator' retrieved from /opt/airflow/dags/4-customoperator.py
[2024-08-25T23:31:22.445+0000] {logging_mixin.py:190} INFO - [2024-08-25T23:31:22.445+0000] {dag.py:3211} INFO - Sync 1 DAGs
[2024-08-25T23:31:22.595+0000] {logging_mixin.py:190} INFO - [2024-08-25T23:31:22.594+0000] {dag.py:4138} INFO - Setting next_dagrun for customoperator to None, run_after=None
[2024-08-25T23:31:22.691+0000] {processor.py:208} INFO - Processing /opt/airflow/dags/4-customoperator.py took 0.503 seconds
[2024-08-25T23:31:52.786+0000] {processor.py:186} INFO - Started process (PID=6088) to work on /opt/airflow/dags/4-customoperator.py
[2024-08-25T23:31:52.806+0000] {processor.py:914} INFO - Processing file /opt/airflow/dags/4-customoperator.py for tasks to queue
[2024-08-25T23:31:52.809+0000] {logging_mixin.py:190} INFO - [2024-08-25T23:31:52.808+0000] {dagbag.py:587} INFO - Filling up the DagBag from /opt/airflow/dags/4-customoperator.py
[2024-08-25T23:31:52.834+0000] {processor.py:925} INFO - DAG(s) 'customoperator' retrieved from /opt/airflow/dags/4-customoperator.py
[2024-08-25T23:31:52.907+0000] {logging_mixin.py:190} INFO - [2024-08-25T23:31:52.907+0000] {dag.py:3211} INFO - Sync 1 DAGs
[2024-08-25T23:31:53.020+0000] {logging_mixin.py:190} INFO - [2024-08-25T23:31:53.020+0000] {dag.py:4138} INFO - Setting next_dagrun for customoperator to None, run_after=None
[2024-08-25T23:31:53.099+0000] {processor.py:208} INFO - Processing /opt/airflow/dags/4-customoperator.py took 0.333 seconds
[2024-08-25T23:32:23.289+0000] {processor.py:186} INFO - Started process (PID=6098) to work on /opt/airflow/dags/4-customoperator.py
[2024-08-25T23:32:23.309+0000] {processor.py:914} INFO - Processing file /opt/airflow/dags/4-customoperator.py for tasks to queue
[2024-08-25T23:32:23.312+0000] {logging_mixin.py:190} INFO - [2024-08-25T23:32:23.311+0000] {dagbag.py:587} INFO - Filling up the DagBag from /opt/airflow/dags/4-customoperator.py
[2024-08-25T23:32:23.339+0000] {processor.py:925} INFO - DAG(s) 'customoperator' retrieved from /opt/airflow/dags/4-customoperator.py
[2024-08-25T23:32:23.404+0000] {logging_mixin.py:190} INFO - [2024-08-25T23:32:23.404+0000] {dag.py:3211} INFO - Sync 1 DAGs
[2024-08-25T23:32:23.502+0000] {logging_mixin.py:190} INFO - [2024-08-25T23:32:23.501+0000] {dag.py:4138} INFO - Setting next_dagrun for customoperator to None, run_after=None
[2024-08-25T23:32:23.553+0000] {processor.py:208} INFO - Processing /opt/airflow/dags/4-customoperator.py took 0.294 seconds
[2024-08-25T23:32:53.764+0000] {processor.py:186} INFO - Started process (PID=6108) to work on /opt/airflow/dags/4-customoperator.py
[2024-08-25T23:32:53.778+0000] {processor.py:914} INFO - Processing file /opt/airflow/dags/4-customoperator.py for tasks to queue
[2024-08-25T23:32:53.780+0000] {logging_mixin.py:190} INFO - [2024-08-25T23:32:53.779+0000] {dagbag.py:587} INFO - Filling up the DagBag from /opt/airflow/dags/4-customoperator.py
[2024-08-25T23:32:53.797+0000] {processor.py:925} INFO - DAG(s) 'customoperator' retrieved from /opt/airflow/dags/4-customoperator.py
[2024-08-25T23:32:53.851+0000] {logging_mixin.py:190} INFO - [2024-08-25T23:32:53.851+0000] {dag.py:3211} INFO - Sync 1 DAGs
[2024-08-25T23:32:53.904+0000] {logging_mixin.py:190} INFO - [2024-08-25T23:32:53.904+0000] {dag.py:4138} INFO - Setting next_dagrun for customoperator to None, run_after=None
[2024-08-25T23:32:53.939+0000] {processor.py:208} INFO - Processing /opt/airflow/dags/4-customoperator.py took 0.192 seconds
[2024-08-25T23:33:24.568+0000] {processor.py:186} INFO - Started process (PID=6120) to work on /opt/airflow/dags/4-customoperator.py
[2024-08-25T23:33:24.580+0000] {processor.py:914} INFO - Processing file /opt/airflow/dags/4-customoperator.py for tasks to queue
[2024-08-25T23:33:24.583+0000] {logging_mixin.py:190} INFO - [2024-08-25T23:33:24.582+0000] {dagbag.py:587} INFO - Filling up the DagBag from /opt/airflow/dags/4-customoperator.py
[2024-08-25T23:33:24.602+0000] {processor.py:925} INFO - DAG(s) 'customoperator' retrieved from /opt/airflow/dags/4-customoperator.py
[2024-08-25T23:33:24.673+0000] {logging_mixin.py:190} INFO - [2024-08-25T23:33:24.672+0000] {dag.py:3211} INFO - Sync 1 DAGs
[2024-08-25T23:33:24.735+0000] {logging_mixin.py:190} INFO - [2024-08-25T23:33:24.734+0000] {dag.py:4138} INFO - Setting next_dagrun for customoperator to None, run_after=None
[2024-08-25T23:33:24.774+0000] {processor.py:208} INFO - Processing /opt/airflow/dags/4-customoperator.py took 0.224 seconds
[2024-08-25T23:33:55.257+0000] {processor.py:186} INFO - Started process (PID=6131) to work on /opt/airflow/dags/4-customoperator.py
[2024-08-25T23:33:55.271+0000] {processor.py:914} INFO - Processing file /opt/airflow/dags/4-customoperator.py for tasks to queue
[2024-08-25T23:33:55.275+0000] {logging_mixin.py:190} INFO - [2024-08-25T23:33:55.273+0000] {dagbag.py:587} INFO - Filling up the DagBag from /opt/airflow/dags/4-customoperator.py
[2024-08-25T23:33:55.294+0000] {processor.py:925} INFO - DAG(s) 'customoperator' retrieved from /opt/airflow/dags/4-customoperator.py
[2024-08-25T23:33:55.358+0000] {logging_mixin.py:190} INFO - [2024-08-25T23:33:55.357+0000] {dag.py:3211} INFO - Sync 1 DAGs
[2024-08-25T23:33:55.416+0000] {logging_mixin.py:190} INFO - [2024-08-25T23:33:55.416+0000] {dag.py:4138} INFO - Setting next_dagrun for customoperator to None, run_after=None
[2024-08-25T23:33:55.463+0000] {processor.py:208} INFO - Processing /opt/airflow/dags/4-customoperator.py took 0.219 seconds
[2024-08-25T23:34:25.983+0000] {processor.py:186} INFO - Started process (PID=6141) to work on /opt/airflow/dags/4-customoperator.py
[2024-08-25T23:34:26.002+0000] {processor.py:914} INFO - Processing file /opt/airflow/dags/4-customoperator.py for tasks to queue
[2024-08-25T23:34:26.004+0000] {logging_mixin.py:190} INFO - [2024-08-25T23:34:26.003+0000] {dagbag.py:587} INFO - Filling up the DagBag from /opt/airflow/dags/4-customoperator.py
[2024-08-25T23:34:26.019+0000] {processor.py:925} INFO - DAG(s) 'customoperator' retrieved from /opt/airflow/dags/4-customoperator.py
[2024-08-25T23:34:26.075+0000] {logging_mixin.py:190} INFO - [2024-08-25T23:34:26.074+0000] {dag.py:3211} INFO - Sync 1 DAGs
[2024-08-25T23:34:26.144+0000] {logging_mixin.py:190} INFO - [2024-08-25T23:34:26.144+0000] {dag.py:4138} INFO - Setting next_dagrun for customoperator to None, run_after=None
[2024-08-25T23:34:26.182+0000] {processor.py:208} INFO - Processing /opt/airflow/dags/4-customoperator.py took 0.209 seconds
[2024-08-25T23:34:56.758+0000] {processor.py:186} INFO - Started process (PID=6150) to work on /opt/airflow/dags/4-customoperator.py
[2024-08-25T23:34:56.771+0000] {processor.py:914} INFO - Processing file /opt/airflow/dags/4-customoperator.py for tasks to queue
[2024-08-25T23:34:56.774+0000] {logging_mixin.py:190} INFO - [2024-08-25T23:34:56.773+0000] {dagbag.py:587} INFO - Filling up the DagBag from /opt/airflow/dags/4-customoperator.py
[2024-08-25T23:34:56.820+0000] {processor.py:925} INFO - DAG(s) 'customoperator' retrieved from /opt/airflow/dags/4-customoperator.py
[2024-08-25T23:34:56.954+0000] {logging_mixin.py:190} INFO - [2024-08-25T23:34:56.953+0000] {dag.py:3211} INFO - Sync 1 DAGs
[2024-08-25T23:34:57.035+0000] {logging_mixin.py:190} INFO - [2024-08-25T23:34:57.034+0000] {dag.py:4138} INFO - Setting next_dagrun for customoperator to None, run_after=None
[2024-08-25T23:34:57.138+0000] {processor.py:208} INFO - Processing /opt/airflow/dags/4-customoperator.py took 0.399 seconds
[2024-08-25T23:35:27.260+0000] {processor.py:186} INFO - Started process (PID=6159) to work on /opt/airflow/dags/4-customoperator.py
[2024-08-25T23:35:27.272+0000] {processor.py:914} INFO - Processing file /opt/airflow/dags/4-customoperator.py for tasks to queue
[2024-08-25T23:35:27.275+0000] {logging_mixin.py:190} INFO - [2024-08-25T23:35:27.274+0000] {dagbag.py:587} INFO - Filling up the DagBag from /opt/airflow/dags/4-customoperator.py
[2024-08-25T23:35:27.292+0000] {processor.py:925} INFO - DAG(s) 'customoperator' retrieved from /opt/airflow/dags/4-customoperator.py
[2024-08-25T23:35:27.347+0000] {logging_mixin.py:190} INFO - [2024-08-25T23:35:27.347+0000] {dag.py:3211} INFO - Sync 1 DAGs
[2024-08-25T23:35:27.403+0000] {logging_mixin.py:190} INFO - [2024-08-25T23:35:27.402+0000] {dag.py:4138} INFO - Setting next_dagrun for customoperator to None, run_after=None
[2024-08-25T23:35:27.441+0000] {processor.py:208} INFO - Processing /opt/airflow/dags/4-customoperator.py took 0.193 seconds
[2024-08-25T23:35:57.963+0000] {processor.py:186} INFO - Started process (PID=6169) to work on /opt/airflow/dags/4-customoperator.py
[2024-08-25T23:35:57.975+0000] {processor.py:914} INFO - Processing file /opt/airflow/dags/4-customoperator.py for tasks to queue
[2024-08-25T23:35:57.978+0000] {logging_mixin.py:190} INFO - [2024-08-25T23:35:57.977+0000] {dagbag.py:587} INFO - Filling up the DagBag from /opt/airflow/dags/4-customoperator.py
[2024-08-25T23:35:57.998+0000] {processor.py:925} INFO - DAG(s) 'customoperator' retrieved from /opt/airflow/dags/4-customoperator.py
[2024-08-25T23:35:58.054+0000] {logging_mixin.py:190} INFO - [2024-08-25T23:35:58.054+0000] {dag.py:3211} INFO - Sync 1 DAGs
[2024-08-25T23:35:58.108+0000] {logging_mixin.py:190} INFO - [2024-08-25T23:35:58.108+0000] {dag.py:4138} INFO - Setting next_dagrun for customoperator to None, run_after=None
[2024-08-25T23:35:58.142+0000] {processor.py:208} INFO - Processing /opt/airflow/dags/4-customoperator.py took 0.192 seconds
[2024-08-25T23:36:28.487+0000] {processor.py:186} INFO - Started process (PID=6180) to work on /opt/airflow/dags/4-customoperator.py
[2024-08-25T23:36:28.503+0000] {processor.py:914} INFO - Processing file /opt/airflow/dags/4-customoperator.py for tasks to queue
[2024-08-25T23:36:28.506+0000] {logging_mixin.py:190} INFO - [2024-08-25T23:36:28.505+0000] {dagbag.py:587} INFO - Filling up the DagBag from /opt/airflow/dags/4-customoperator.py
[2024-08-25T23:36:28.525+0000] {processor.py:925} INFO - DAG(s) 'customoperator' retrieved from /opt/airflow/dags/4-customoperator.py
[2024-08-25T23:36:28.622+0000] {logging_mixin.py:190} INFO - [2024-08-25T23:36:28.622+0000] {dag.py:3211} INFO - Sync 1 DAGs
[2024-08-25T23:36:28.691+0000] {logging_mixin.py:190} INFO - [2024-08-25T23:36:28.690+0000] {dag.py:4138} INFO - Setting next_dagrun for customoperator to None, run_after=None
[2024-08-25T23:36:28.746+0000] {processor.py:208} INFO - Processing /opt/airflow/dags/4-customoperator.py took 0.272 seconds
[2024-08-25T23:36:59.525+0000] {processor.py:186} INFO - Started process (PID=6194) to work on /opt/airflow/dags/4-customoperator.py
[2024-08-25T23:36:59.538+0000] {processor.py:914} INFO - Processing file /opt/airflow/dags/4-customoperator.py for tasks to queue
[2024-08-25T23:36:59.540+0000] {logging_mixin.py:190} INFO - [2024-08-25T23:36:59.540+0000] {dagbag.py:587} INFO - Filling up the DagBag from /opt/airflow/dags/4-customoperator.py
[2024-08-25T23:36:59.555+0000] {processor.py:925} INFO - DAG(s) 'customoperator' retrieved from /opt/airflow/dags/4-customoperator.py
[2024-08-25T23:36:59.602+0000] {logging_mixin.py:190} INFO - [2024-08-25T23:36:59.602+0000] {dag.py:3211} INFO - Sync 1 DAGs
[2024-08-25T23:36:59.650+0000] {logging_mixin.py:190} INFO - [2024-08-25T23:36:59.649+0000] {dag.py:4138} INFO - Setting next_dagrun for customoperator to None, run_after=None
[2024-08-25T23:36:59.675+0000] {processor.py:208} INFO - Processing /opt/airflow/dags/4-customoperator.py took 0.162 seconds
[2024-08-25T23:37:30.263+0000] {processor.py:186} INFO - Started process (PID=6209) to work on /opt/airflow/dags/4-customoperator.py
[2024-08-25T23:37:30.275+0000] {processor.py:914} INFO - Processing file /opt/airflow/dags/4-customoperator.py for tasks to queue
[2024-08-25T23:37:30.279+0000] {logging_mixin.py:190} INFO - [2024-08-25T23:37:30.277+0000] {dagbag.py:587} INFO - Filling up the DagBag from /opt/airflow/dags/4-customoperator.py
[2024-08-25T23:37:30.307+0000] {processor.py:925} INFO - DAG(s) 'customoperator' retrieved from /opt/airflow/dags/4-customoperator.py
[2024-08-25T23:37:30.384+0000] {logging_mixin.py:190} INFO - [2024-08-25T23:37:30.383+0000] {dag.py:3211} INFO - Sync 1 DAGs
[2024-08-25T23:37:30.543+0000] {logging_mixin.py:190} INFO - [2024-08-25T23:37:30.543+0000] {dag.py:4138} INFO - Setting next_dagrun for customoperator to None, run_after=None
[2024-08-25T23:37:30.739+0000] {processor.py:208} INFO - Processing /opt/airflow/dags/4-customoperator.py took 0.507 seconds
[2024-08-25T23:38:00.912+0000] {processor.py:186} INFO - Started process (PID=6233) to work on /opt/airflow/dags/4-customoperator.py
[2024-08-25T23:38:00.932+0000] {processor.py:914} INFO - Processing file /opt/airflow/dags/4-customoperator.py for tasks to queue
[2024-08-25T23:38:00.936+0000] {logging_mixin.py:190} INFO - [2024-08-25T23:38:00.936+0000] {dagbag.py:587} INFO - Filling up the DagBag from /opt/airflow/dags/4-customoperator.py
[2024-08-25T23:38:00.969+0000] {processor.py:925} INFO - DAG(s) 'customoperator' retrieved from /opt/airflow/dags/4-customoperator.py
[2024-08-25T23:38:01.096+0000] {logging_mixin.py:190} INFO - [2024-08-25T23:38:01.096+0000] {dag.py:3211} INFO - Sync 1 DAGs
[2024-08-25T23:38:01.276+0000] {logging_mixin.py:190} INFO - [2024-08-25T23:38:01.275+0000] {dag.py:4138} INFO - Setting next_dagrun for customoperator to None, run_after=None
[2024-08-25T23:38:01.330+0000] {processor.py:208} INFO - Processing /opt/airflow/dags/4-customoperator.py took 0.440 seconds
[2024-08-25T23:38:31.751+0000] {processor.py:186} INFO - Started process (PID=6284) to work on /opt/airflow/dags/4-customoperator.py
[2024-08-25T23:38:31.758+0000] {processor.py:914} INFO - Processing file /opt/airflow/dags/4-customoperator.py for tasks to queue
[2024-08-25T23:38:31.761+0000] {logging_mixin.py:190} INFO - [2024-08-25T23:38:31.760+0000] {dagbag.py:587} INFO - Filling up the DagBag from /opt/airflow/dags/4-customoperator.py
[2024-08-25T23:38:31.794+0000] {processor.py:925} INFO - DAG(s) 'customoperator' retrieved from /opt/airflow/dags/4-customoperator.py
[2024-08-25T23:38:31.883+0000] {logging_mixin.py:190} INFO - [2024-08-25T23:38:31.882+0000] {dag.py:3211} INFO - Sync 1 DAGs
[2024-08-25T23:38:32.048+0000] {logging_mixin.py:190} INFO - [2024-08-25T23:38:32.047+0000] {dag.py:4138} INFO - Setting next_dagrun for customoperator to None, run_after=None
[2024-08-25T23:38:32.186+0000] {processor.py:208} INFO - Processing /opt/airflow/dags/4-customoperator.py took 0.460 seconds
[2024-08-25T23:39:02.681+0000] {processor.py:186} INFO - Started process (PID=6319) to work on /opt/airflow/dags/4-customoperator.py
[2024-08-25T23:39:02.701+0000] {processor.py:914} INFO - Processing file /opt/airflow/dags/4-customoperator.py for tasks to queue
[2024-08-25T23:39:02.704+0000] {logging_mixin.py:190} INFO - [2024-08-25T23:39:02.704+0000] {dagbag.py:587} INFO - Filling up the DagBag from /opt/airflow/dags/4-customoperator.py
[2024-08-25T23:39:02.752+0000] {processor.py:925} INFO - DAG(s) 'customoperator' retrieved from /opt/airflow/dags/4-customoperator.py
[2024-08-25T23:39:02.870+0000] {logging_mixin.py:190} INFO - [2024-08-25T23:39:02.870+0000] {dag.py:3211} INFO - Sync 1 DAGs
[2024-08-25T23:39:02.978+0000] {logging_mixin.py:190} INFO - [2024-08-25T23:39:02.977+0000] {dag.py:4138} INFO - Setting next_dagrun for customoperator to None, run_after=None
[2024-08-25T23:39:03.084+0000] {processor.py:208} INFO - Processing /opt/airflow/dags/4-customoperator.py took 0.428 seconds
[2024-08-25T23:39:33.262+0000] {processor.py:186} INFO - Started process (PID=6357) to work on /opt/airflow/dags/4-customoperator.py
[2024-08-25T23:39:33.264+0000] {processor.py:914} INFO - Processing file /opt/airflow/dags/4-customoperator.py for tasks to queue
[2024-08-25T23:39:33.267+0000] {logging_mixin.py:190} INFO - [2024-08-25T23:39:33.266+0000] {dagbag.py:587} INFO - Filling up the DagBag from /opt/airflow/dags/4-customoperator.py
[2024-08-25T23:39:33.310+0000] {processor.py:925} INFO - DAG(s) 'customoperator' retrieved from /opt/airflow/dags/4-customoperator.py
[2024-08-25T23:39:33.412+0000] {logging_mixin.py:190} INFO - [2024-08-25T23:39:33.412+0000] {dag.py:3211} INFO - Sync 1 DAGs
[2024-08-25T23:39:33.524+0000] {logging_mixin.py:190} INFO - [2024-08-25T23:39:33.524+0000] {dag.py:4138} INFO - Setting next_dagrun for customoperator to None, run_after=None
[2024-08-25T23:39:33.585+0000] {processor.py:208} INFO - Processing /opt/airflow/dags/4-customoperator.py took 0.352 seconds
[2024-08-25T23:40:04.233+0000] {processor.py:186} INFO - Started process (PID=6387) to work on /opt/airflow/dags/4-customoperator.py
[2024-08-25T23:40:04.250+0000] {processor.py:914} INFO - Processing file /opt/airflow/dags/4-customoperator.py for tasks to queue
[2024-08-25T23:40:04.253+0000] {logging_mixin.py:190} INFO - [2024-08-25T23:40:04.252+0000] {dagbag.py:587} INFO - Filling up the DagBag from /opt/airflow/dags/4-customoperator.py
[2024-08-25T23:40:04.295+0000] {processor.py:925} INFO - DAG(s) 'customoperator' retrieved from /opt/airflow/dags/4-customoperator.py
[2024-08-25T23:40:04.404+0000] {logging_mixin.py:190} INFO - [2024-08-25T23:40:04.403+0000] {dag.py:3211} INFO - Sync 1 DAGs
[2024-08-25T23:40:04.529+0000] {logging_mixin.py:190} INFO - [2024-08-25T23:40:04.528+0000] {dag.py:4138} INFO - Setting next_dagrun for customoperator to None, run_after=None
[2024-08-25T23:40:04.592+0000] {processor.py:208} INFO - Processing /opt/airflow/dags/4-customoperator.py took 0.392 seconds
[2024-08-25T23:40:34.662+0000] {processor.py:186} INFO - Started process (PID=6401) to work on /opt/airflow/dags/4-customoperator.py
[2024-08-25T23:40:34.674+0000] {processor.py:914} INFO - Processing file /opt/airflow/dags/4-customoperator.py for tasks to queue
[2024-08-25T23:40:34.676+0000] {logging_mixin.py:190} INFO - [2024-08-25T23:40:34.675+0000] {dagbag.py:587} INFO - Filling up the DagBag from /opt/airflow/dags/4-customoperator.py
[2024-08-25T23:40:34.688+0000] {processor.py:925} INFO - DAG(s) 'customoperator' retrieved from /opt/airflow/dags/4-customoperator.py
[2024-08-25T23:40:34.730+0000] {logging_mixin.py:190} INFO - [2024-08-25T23:40:34.730+0000] {dag.py:3211} INFO - Sync 1 DAGs
[2024-08-25T23:40:34.781+0000] {logging_mixin.py:190} INFO - [2024-08-25T23:40:34.780+0000] {dag.py:4138} INFO - Setting next_dagrun for customoperator to None, run_after=None
[2024-08-25T23:40:34.817+0000] {processor.py:208} INFO - Processing /opt/airflow/dags/4-customoperator.py took 0.170 seconds
[2024-08-25T23:41:05.344+0000] {processor.py:186} INFO - Started process (PID=6411) to work on /opt/airflow/dags/4-customoperator.py
[2024-08-25T23:41:05.365+0000] {processor.py:914} INFO - Processing file /opt/airflow/dags/4-customoperator.py for tasks to queue
[2024-08-25T23:41:05.367+0000] {logging_mixin.py:190} INFO - [2024-08-25T23:41:05.366+0000] {dagbag.py:587} INFO - Filling up the DagBag from /opt/airflow/dags/4-customoperator.py
[2024-08-25T23:41:05.379+0000] {processor.py:925} INFO - DAG(s) 'customoperator' retrieved from /opt/airflow/dags/4-customoperator.py
[2024-08-25T23:41:05.421+0000] {logging_mixin.py:190} INFO - [2024-08-25T23:41:05.420+0000] {dag.py:3211} INFO - Sync 1 DAGs
[2024-08-25T23:41:05.466+0000] {logging_mixin.py:190} INFO - [2024-08-25T23:41:05.465+0000] {dag.py:4138} INFO - Setting next_dagrun for customoperator to None, run_after=None
[2024-08-25T23:41:05.497+0000] {processor.py:208} INFO - Processing /opt/airflow/dags/4-customoperator.py took 0.166 seconds
[2024-08-25T23:41:36.016+0000] {processor.py:186} INFO - Started process (PID=6421) to work on /opt/airflow/dags/4-customoperator.py
[2024-08-25T23:41:36.022+0000] {processor.py:914} INFO - Processing file /opt/airflow/dags/4-customoperator.py for tasks to queue
[2024-08-25T23:41:36.026+0000] {logging_mixin.py:190} INFO - [2024-08-25T23:41:36.025+0000] {dagbag.py:587} INFO - Filling up the DagBag from /opt/airflow/dags/4-customoperator.py
[2024-08-25T23:41:36.041+0000] {processor.py:925} INFO - DAG(s) 'customoperator' retrieved from /opt/airflow/dags/4-customoperator.py
[2024-08-25T23:41:36.088+0000] {logging_mixin.py:190} INFO - [2024-08-25T23:41:36.087+0000] {dag.py:3211} INFO - Sync 1 DAGs
[2024-08-25T23:41:36.135+0000] {logging_mixin.py:190} INFO - [2024-08-25T23:41:36.134+0000] {dag.py:4138} INFO - Setting next_dagrun for customoperator to None, run_after=None
[2024-08-25T23:41:36.163+0000] {processor.py:208} INFO - Processing /opt/airflow/dags/4-customoperator.py took 0.162 seconds
[2024-08-25T23:42:06.865+0000] {processor.py:186} INFO - Started process (PID=6431) to work on /opt/airflow/dags/4-customoperator.py
[2024-08-25T23:42:06.891+0000] {processor.py:914} INFO - Processing file /opt/airflow/dags/4-customoperator.py for tasks to queue
[2024-08-25T23:42:06.894+0000] {logging_mixin.py:190} INFO - [2024-08-25T23:42:06.893+0000] {dagbag.py:587} INFO - Filling up the DagBag from /opt/airflow/dags/4-customoperator.py
[2024-08-25T23:42:06.937+0000] {processor.py:925} INFO - DAG(s) 'customoperator' retrieved from /opt/airflow/dags/4-customoperator.py
[2024-08-25T23:42:07.054+0000] {logging_mixin.py:190} INFO - [2024-08-25T23:42:07.054+0000] {dag.py:3211} INFO - Sync 1 DAGs
[2024-08-25T23:42:07.207+0000] {logging_mixin.py:190} INFO - [2024-08-25T23:42:07.206+0000] {dag.py:4138} INFO - Setting next_dagrun for customoperator to None, run_after=None
[2024-08-25T23:42:07.278+0000] {processor.py:208} INFO - Processing /opt/airflow/dags/4-customoperator.py took 0.473 seconds
[2024-08-25T23:42:37.411+0000] {processor.py:186} INFO - Started process (PID=6471) to work on /opt/airflow/dags/4-customoperator.py
[2024-08-25T23:42:37.423+0000] {processor.py:914} INFO - Processing file /opt/airflow/dags/4-customoperator.py for tasks to queue
[2024-08-25T23:42:37.434+0000] {logging_mixin.py:190} INFO - [2024-08-25T23:42:37.425+0000] {dagbag.py:587} INFO - Filling up the DagBag from /opt/airflow/dags/4-customoperator.py
[2024-08-25T23:42:37.474+0000] {processor.py:925} INFO - DAG(s) 'customoperator' retrieved from /opt/airflow/dags/4-customoperator.py
[2024-08-25T23:42:37.651+0000] {logging_mixin.py:190} INFO - [2024-08-25T23:42:37.650+0000] {dag.py:3211} INFO - Sync 1 DAGs
[2024-08-25T23:42:37.760+0000] {logging_mixin.py:190} INFO - [2024-08-25T23:42:37.759+0000] {dag.py:4138} INFO - Setting next_dagrun for customoperator to None, run_after=None
[2024-08-25T23:42:37.837+0000] {processor.py:208} INFO - Processing /opt/airflow/dags/4-customoperator.py took 0.458 seconds
[2024-08-25T23:43:08.304+0000] {processor.py:186} INFO - Started process (PID=6515) to work on /opt/airflow/dags/4-customoperator.py
[2024-08-25T23:43:08.322+0000] {processor.py:914} INFO - Processing file /opt/airflow/dags/4-customoperator.py for tasks to queue
[2024-08-25T23:43:08.325+0000] {logging_mixin.py:190} INFO - [2024-08-25T23:43:08.324+0000] {dagbag.py:587} INFO - Filling up the DagBag from /opt/airflow/dags/4-customoperator.py
[2024-08-25T23:43:08.400+0000] {processor.py:925} INFO - DAG(s) 'customoperator' retrieved from /opt/airflow/dags/4-customoperator.py
[2024-08-25T23:43:08.551+0000] {logging_mixin.py:190} INFO - [2024-08-25T23:43:08.551+0000] {dag.py:3211} INFO - Sync 1 DAGs
[2024-08-25T23:43:08.648+0000] {logging_mixin.py:190} INFO - [2024-08-25T23:43:08.648+0000] {dag.py:4138} INFO - Setting next_dagrun for customoperator to None, run_after=None
[2024-08-25T23:43:08.704+0000] {processor.py:208} INFO - Processing /opt/airflow/dags/4-customoperator.py took 0.420 seconds
[2024-08-25T23:43:39.094+0000] {processor.py:186} INFO - Started process (PID=6529) to work on /opt/airflow/dags/4-customoperator.py
[2024-08-25T23:43:39.114+0000] {processor.py:914} INFO - Processing file /opt/airflow/dags/4-customoperator.py for tasks to queue
[2024-08-25T23:43:39.117+0000] {logging_mixin.py:190} INFO - [2024-08-25T23:43:39.116+0000] {dagbag.py:587} INFO - Filling up the DagBag from /opt/airflow/dags/4-customoperator.py
[2024-08-25T23:43:39.133+0000] {processor.py:925} INFO - DAG(s) 'customoperator' retrieved from /opt/airflow/dags/4-customoperator.py
[2024-08-25T23:43:39.179+0000] {logging_mixin.py:190} INFO - [2024-08-25T23:43:39.179+0000] {dag.py:3211} INFO - Sync 1 DAGs
[2024-08-25T23:43:39.226+0000] {logging_mixin.py:190} INFO - [2024-08-25T23:43:39.226+0000] {dag.py:4138} INFO - Setting next_dagrun for customoperator to None, run_after=None
[2024-08-25T23:43:39.261+0000] {processor.py:208} INFO - Processing /opt/airflow/dags/4-customoperator.py took 0.177 seconds
[2024-08-25T23:44:09.587+0000] {processor.py:186} INFO - Started process (PID=6539) to work on /opt/airflow/dags/4-customoperator.py
[2024-08-25T23:44:09.605+0000] {processor.py:914} INFO - Processing file /opt/airflow/dags/4-customoperator.py for tasks to queue
[2024-08-25T23:44:09.607+0000] {logging_mixin.py:190} INFO - [2024-08-25T23:44:09.606+0000] {dagbag.py:587} INFO - Filling up the DagBag from /opt/airflow/dags/4-customoperator.py
[2024-08-25T23:44:09.619+0000] {processor.py:925} INFO - DAG(s) 'customoperator' retrieved from /opt/airflow/dags/4-customoperator.py
[2024-08-25T23:44:09.671+0000] {logging_mixin.py:190} INFO - [2024-08-25T23:44:09.671+0000] {dag.py:3211} INFO - Sync 1 DAGs
[2024-08-25T23:44:09.717+0000] {logging_mixin.py:190} INFO - [2024-08-25T23:44:09.717+0000] {dag.py:4138} INFO - Setting next_dagrun for customoperator to None, run_after=None
[2024-08-25T23:44:09.748+0000] {processor.py:208} INFO - Processing /opt/airflow/dags/4-customoperator.py took 0.170 seconds
[2024-08-25T23:44:40.260+0000] {processor.py:186} INFO - Started process (PID=6549) to work on /opt/airflow/dags/4-customoperator.py
[2024-08-25T23:44:40.280+0000] {processor.py:914} INFO - Processing file /opt/airflow/dags/4-customoperator.py for tasks to queue
[2024-08-25T23:44:40.285+0000] {logging_mixin.py:190} INFO - [2024-08-25T23:44:40.284+0000] {dagbag.py:587} INFO - Filling up the DagBag from /opt/airflow/dags/4-customoperator.py
[2024-08-25T23:44:40.303+0000] {processor.py:925} INFO - DAG(s) 'customoperator' retrieved from /opt/airflow/dags/4-customoperator.py
[2024-08-25T23:44:40.361+0000] {logging_mixin.py:190} INFO - [2024-08-25T23:44:40.360+0000] {dag.py:3211} INFO - Sync 1 DAGs
[2024-08-25T23:44:40.421+0000] {logging_mixin.py:190} INFO - [2024-08-25T23:44:40.420+0000] {dag.py:4138} INFO - Setting next_dagrun for customoperator to None, run_after=None
[2024-08-25T23:44:40.460+0000] {processor.py:208} INFO - Processing /opt/airflow/dags/4-customoperator.py took 0.215 seconds
[2024-08-25T23:45:11.030+0000] {processor.py:186} INFO - Started process (PID=6559) to work on /opt/airflow/dags/4-customoperator.py
[2024-08-25T23:45:11.044+0000] {processor.py:914} INFO - Processing file /opt/airflow/dags/4-customoperator.py for tasks to queue
[2024-08-25T23:45:11.047+0000] {logging_mixin.py:190} INFO - [2024-08-25T23:45:11.046+0000] {dagbag.py:587} INFO - Filling up the DagBag from /opt/airflow/dags/4-customoperator.py
[2024-08-25T23:45:11.123+0000] {processor.py:925} INFO - DAG(s) 'customoperator' retrieved from /opt/airflow/dags/4-customoperator.py
[2024-08-25T23:45:11.246+0000] {logging_mixin.py:190} INFO - [2024-08-25T23:45:11.246+0000] {dag.py:3211} INFO - Sync 1 DAGs
[2024-08-25T23:45:11.365+0000] {logging_mixin.py:190} INFO - [2024-08-25T23:45:11.364+0000] {dag.py:4138} INFO - Setting next_dagrun for customoperator to None, run_after=None
[2024-08-25T23:45:11.440+0000] {processor.py:208} INFO - Processing /opt/airflow/dags/4-customoperator.py took 0.453 seconds
[2024-08-25T23:45:41.896+0000] {processor.py:186} INFO - Started process (PID=6604) to work on /opt/airflow/dags/4-customoperator.py
[2024-08-25T23:45:41.918+0000] {processor.py:914} INFO - Processing file /opt/airflow/dags/4-customoperator.py for tasks to queue
[2024-08-25T23:45:41.921+0000] {logging_mixin.py:190} INFO - [2024-08-25T23:45:41.920+0000] {dagbag.py:587} INFO - Filling up the DagBag from /opt/airflow/dags/4-customoperator.py
[2024-08-25T23:45:41.972+0000] {processor.py:925} INFO - DAG(s) 'customoperator' retrieved from /opt/airflow/dags/4-customoperator.py
[2024-08-25T23:45:42.068+0000] {logging_mixin.py:190} INFO - [2024-08-25T23:45:42.067+0000] {dag.py:3211} INFO - Sync 1 DAGs
[2024-08-25T23:45:42.154+0000] {logging_mixin.py:190} INFO - [2024-08-25T23:45:42.154+0000] {dag.py:4138} INFO - Setting next_dagrun for customoperator to None, run_after=None
[2024-08-25T23:45:42.238+0000] {processor.py:208} INFO - Processing /opt/airflow/dags/4-customoperator.py took 0.400 seconds
[2024-08-25T23:46:12.961+0000] {processor.py:186} INFO - Started process (PID=6630) to work on /opt/airflow/dags/4-customoperator.py
[2024-08-25T23:46:12.974+0000] {processor.py:914} INFO - Processing file /opt/airflow/dags/4-customoperator.py for tasks to queue
[2024-08-25T23:46:12.976+0000] {logging_mixin.py:190} INFO - [2024-08-25T23:46:12.976+0000] {dagbag.py:587} INFO - Filling up the DagBag from /opt/airflow/dags/4-customoperator.py
[2024-08-25T23:46:13.054+0000] {processor.py:925} INFO - DAG(s) 'customoperator' retrieved from /opt/airflow/dags/4-customoperator.py
[2024-08-25T23:46:13.163+0000] {logging_mixin.py:190} INFO - [2024-08-25T23:46:13.163+0000] {dag.py:3211} INFO - Sync 1 DAGs
[2024-08-25T23:46:13.271+0000] {logging_mixin.py:190} INFO - [2024-08-25T23:46:13.270+0000] {dag.py:4138} INFO - Setting next_dagrun for customoperator to None, run_after=None
[2024-08-25T23:46:13.372+0000] {processor.py:208} INFO - Processing /opt/airflow/dags/4-customoperator.py took 0.450 seconds
[2024-08-25T23:46:44.234+0000] {processor.py:186} INFO - Started process (PID=6640) to work on /opt/airflow/dags/4-customoperator.py
[2024-08-25T23:46:44.243+0000] {processor.py:914} INFO - Processing file /opt/airflow/dags/4-customoperator.py for tasks to queue
[2024-08-25T23:46:44.245+0000] {logging_mixin.py:190} INFO - [2024-08-25T23:46:44.244+0000] {dagbag.py:587} INFO - Filling up the DagBag from /opt/airflow/dags/4-customoperator.py
[2024-08-25T23:46:44.258+0000] {processor.py:925} INFO - DAG(s) 'customoperator' retrieved from /opt/airflow/dags/4-customoperator.py
[2024-08-25T23:46:44.304+0000] {logging_mixin.py:190} INFO - [2024-08-25T23:46:44.304+0000] {dag.py:3211} INFO - Sync 1 DAGs
[2024-08-25T23:46:44.349+0000] {logging_mixin.py:190} INFO - [2024-08-25T23:46:44.349+0000] {dag.py:4138} INFO - Setting next_dagrun for customoperator to None, run_after=None
[2024-08-25T23:46:44.377+0000] {processor.py:208} INFO - Processing /opt/airflow/dags/4-customoperator.py took 0.152 seconds
[2024-08-25T23:47:14.812+0000] {processor.py:186} INFO - Started process (PID=6650) to work on /opt/airflow/dags/4-customoperator.py
[2024-08-25T23:47:14.829+0000] {processor.py:914} INFO - Processing file /opt/airflow/dags/4-customoperator.py for tasks to queue
[2024-08-25T23:47:14.832+0000] {logging_mixin.py:190} INFO - [2024-08-25T23:47:14.831+0000] {dagbag.py:587} INFO - Filling up the DagBag from /opt/airflow/dags/4-customoperator.py
[2024-08-25T23:47:14.851+0000] {processor.py:925} INFO - DAG(s) 'customoperator' retrieved from /opt/airflow/dags/4-customoperator.py
[2024-08-25T23:47:14.906+0000] {logging_mixin.py:190} INFO - [2024-08-25T23:47:14.905+0000] {dag.py:3211} INFO - Sync 1 DAGs
[2024-08-25T23:47:14.966+0000] {logging_mixin.py:190} INFO - [2024-08-25T23:47:14.965+0000] {dag.py:4138} INFO - Setting next_dagrun for customoperator to None, run_after=None
[2024-08-25T23:47:15.002+0000] {processor.py:208} INFO - Processing /opt/airflow/dags/4-customoperator.py took 0.205 seconds
[2024-08-25T23:47:45.339+0000] {processor.py:186} INFO - Started process (PID=6660) to work on /opt/airflow/dags/4-customoperator.py
[2024-08-25T23:47:45.354+0000] {processor.py:914} INFO - Processing file /opt/airflow/dags/4-customoperator.py for tasks to queue
[2024-08-25T23:47:45.356+0000] {logging_mixin.py:190} INFO - [2024-08-25T23:47:45.356+0000] {dagbag.py:587} INFO - Filling up the DagBag from /opt/airflow/dags/4-customoperator.py
[2024-08-25T23:47:45.368+0000] {processor.py:925} INFO - DAG(s) 'customoperator' retrieved from /opt/airflow/dags/4-customoperator.py
[2024-08-25T23:47:45.410+0000] {logging_mixin.py:190} INFO - [2024-08-25T23:47:45.409+0000] {dag.py:3211} INFO - Sync 1 DAGs
[2024-08-25T23:47:45.459+0000] {logging_mixin.py:190} INFO - [2024-08-25T23:47:45.458+0000] {dag.py:4138} INFO - Setting next_dagrun for customoperator to None, run_after=None
[2024-08-25T23:47:45.486+0000] {processor.py:208} INFO - Processing /opt/airflow/dags/4-customoperator.py took 0.158 seconds
[2024-08-25T23:48:15.802+0000] {processor.py:186} INFO - Started process (PID=6669) to work on /opt/airflow/dags/4-customoperator.py
[2024-08-25T23:48:15.812+0000] {processor.py:914} INFO - Processing file /opt/airflow/dags/4-customoperator.py for tasks to queue
[2024-08-25T23:48:15.814+0000] {logging_mixin.py:190} INFO - [2024-08-25T23:48:15.813+0000] {dagbag.py:587} INFO - Filling up the DagBag from /opt/airflow/dags/4-customoperator.py
[2024-08-25T23:48:15.826+0000] {processor.py:925} INFO - DAG(s) 'customoperator' retrieved from /opt/airflow/dags/4-customoperator.py
[2024-08-25T23:48:15.874+0000] {logging_mixin.py:190} INFO - [2024-08-25T23:48:15.873+0000] {dag.py:3211} INFO - Sync 1 DAGs
[2024-08-25T23:48:15.920+0000] {logging_mixin.py:190} INFO - [2024-08-25T23:48:15.919+0000] {dag.py:4138} INFO - Setting next_dagrun for customoperator to None, run_after=None
[2024-08-25T23:48:15.948+0000] {processor.py:208} INFO - Processing /opt/airflow/dags/4-customoperator.py took 0.157 seconds
[2024-08-25T23:48:46.526+0000] {processor.py:186} INFO - Started process (PID=6679) to work on /opt/airflow/dags/4-customoperator.py
[2024-08-25T23:48:46.536+0000] {processor.py:914} INFO - Processing file /opt/airflow/dags/4-customoperator.py for tasks to queue
[2024-08-25T23:48:46.538+0000] {logging_mixin.py:190} INFO - [2024-08-25T23:48:46.538+0000] {dagbag.py:587} INFO - Filling up the DagBag from /opt/airflow/dags/4-customoperator.py
[2024-08-25T23:48:46.551+0000] {processor.py:925} INFO - DAG(s) 'customoperator' retrieved from /opt/airflow/dags/4-customoperator.py
[2024-08-25T23:48:46.614+0000] {logging_mixin.py:190} INFO - [2024-08-25T23:48:46.613+0000] {dag.py:3211} INFO - Sync 1 DAGs
[2024-08-25T23:48:46.670+0000] {logging_mixin.py:190} INFO - [2024-08-25T23:48:46.669+0000] {dag.py:4138} INFO - Setting next_dagrun for customoperator to None, run_after=None
[2024-08-25T23:48:46.715+0000] {processor.py:208} INFO - Processing /opt/airflow/dags/4-customoperator.py took 0.199 seconds
[2024-08-25T23:49:17.307+0000] {processor.py:186} INFO - Started process (PID=6689) to work on /opt/airflow/dags/4-customoperator.py
[2024-08-25T23:49:17.320+0000] {processor.py:914} INFO - Processing file /opt/airflow/dags/4-customoperator.py for tasks to queue
[2024-08-25T23:49:17.322+0000] {logging_mixin.py:190} INFO - [2024-08-25T23:49:17.322+0000] {dagbag.py:587} INFO - Filling up the DagBag from /opt/airflow/dags/4-customoperator.py
[2024-08-25T23:49:17.337+0000] {processor.py:925} INFO - DAG(s) 'customoperator' retrieved from /opt/airflow/dags/4-customoperator.py
[2024-08-25T23:49:17.384+0000] {logging_mixin.py:190} INFO - [2024-08-25T23:49:17.384+0000] {dag.py:3211} INFO - Sync 1 DAGs
[2024-08-25T23:49:17.443+0000] {logging_mixin.py:190} INFO - [2024-08-25T23:49:17.443+0000] {dag.py:4138} INFO - Setting next_dagrun for customoperator to None, run_after=None
[2024-08-25T23:49:17.476+0000] {processor.py:208} INFO - Processing /opt/airflow/dags/4-customoperator.py took 0.180 seconds
[2024-08-25T23:49:47.915+0000] {processor.py:186} INFO - Started process (PID=6707) to work on /opt/airflow/dags/4-customoperator.py
[2024-08-25T23:49:47.922+0000] {processor.py:914} INFO - Processing file /opt/airflow/dags/4-customoperator.py for tasks to queue
[2024-08-25T23:49:47.925+0000] {logging_mixin.py:190} INFO - [2024-08-25T23:49:47.924+0000] {dagbag.py:587} INFO - Filling up the DagBag from /opt/airflow/dags/4-customoperator.py
[2024-08-25T23:49:47.989+0000] {processor.py:925} INFO - DAG(s) 'customoperator' retrieved from /opt/airflow/dags/4-customoperator.py
[2024-08-25T23:49:48.143+0000] {logging_mixin.py:190} INFO - [2024-08-25T23:49:48.142+0000] {dag.py:3211} INFO - Sync 1 DAGs
[2024-08-25T23:49:48.236+0000] {logging_mixin.py:190} INFO - [2024-08-25T23:49:48.235+0000] {dag.py:4138} INFO - Setting next_dagrun for customoperator to None, run_after=None
[2024-08-25T23:49:48.276+0000] {processor.py:208} INFO - Processing /opt/airflow/dags/4-customoperator.py took 0.374 seconds
[2024-08-25T23:50:18.589+0000] {processor.py:186} INFO - Started process (PID=6740) to work on /opt/airflow/dags/4-customoperator.py
[2024-08-25T23:50:18.603+0000] {processor.py:914} INFO - Processing file /opt/airflow/dags/4-customoperator.py for tasks to queue
[2024-08-25T23:50:18.606+0000] {logging_mixin.py:190} INFO - [2024-08-25T23:50:18.605+0000] {dagbag.py:587} INFO - Filling up the DagBag from /opt/airflow/dags/4-customoperator.py
[2024-08-25T23:50:18.641+0000] {processor.py:925} INFO - DAG(s) 'customoperator' retrieved from /opt/airflow/dags/4-customoperator.py
[2024-08-25T23:50:18.762+0000] {logging_mixin.py:190} INFO - [2024-08-25T23:50:18.760+0000] {dag.py:3211} INFO - Sync 1 DAGs
[2024-08-25T23:50:18.916+0000] {logging_mixin.py:190} INFO - [2024-08-25T23:50:18.915+0000] {dag.py:4138} INFO - Setting next_dagrun for customoperator to None, run_after=None
[2024-08-25T23:50:19.032+0000] {processor.py:208} INFO - Processing /opt/airflow/dags/4-customoperator.py took 0.465 seconds
[2024-08-25T23:50:49.313+0000] {processor.py:186} INFO - Started process (PID=6766) to work on /opt/airflow/dags/4-customoperator.py
[2024-08-25T23:50:49.316+0000] {processor.py:914} INFO - Processing file /opt/airflow/dags/4-customoperator.py for tasks to queue
[2024-08-25T23:50:49.325+0000] {logging_mixin.py:190} INFO - [2024-08-25T23:50:49.324+0000] {dagbag.py:587} INFO - Filling up the DagBag from /opt/airflow/dags/4-customoperator.py
[2024-08-25T23:50:49.365+0000] {processor.py:925} INFO - DAG(s) 'customoperator' retrieved from /opt/airflow/dags/4-customoperator.py
[2024-08-25T23:50:49.514+0000] {logging_mixin.py:190} INFO - [2024-08-25T23:50:49.513+0000] {dag.py:3211} INFO - Sync 1 DAGs
[2024-08-25T23:50:49.673+0000] {logging_mixin.py:190} INFO - [2024-08-25T23:50:49.672+0000] {dag.py:4138} INFO - Setting next_dagrun for customoperator to None, run_after=None
[2024-08-25T23:50:49.744+0000] {processor.py:208} INFO - Processing /opt/airflow/dags/4-customoperator.py took 0.464 seconds
[2024-08-25T23:51:20.286+0000] {processor.py:186} INFO - Started process (PID=6784) to work on /opt/airflow/dags/4-customoperator.py
[2024-08-25T23:51:20.297+0000] {processor.py:914} INFO - Processing file /opt/airflow/dags/4-customoperator.py for tasks to queue
[2024-08-25T23:51:20.300+0000] {logging_mixin.py:190} INFO - [2024-08-25T23:51:20.299+0000] {dagbag.py:587} INFO - Filling up the DagBag from /opt/airflow/dags/4-customoperator.py
[2024-08-25T23:51:20.323+0000] {processor.py:925} INFO - DAG(s) 'customoperator' retrieved from /opt/airflow/dags/4-customoperator.py
[2024-08-25T23:51:20.415+0000] {logging_mixin.py:190} INFO - [2024-08-25T23:51:20.415+0000] {dag.py:3211} INFO - Sync 1 DAGs
[2024-08-25T23:51:20.487+0000] {logging_mixin.py:190} INFO - [2024-08-25T23:51:20.486+0000] {dag.py:4138} INFO - Setting next_dagrun for customoperator to None, run_after=None
[2024-08-25T23:51:20.531+0000] {processor.py:208} INFO - Processing /opt/airflow/dags/4-customoperator.py took 0.261 seconds
[2024-08-25T23:51:50.838+0000] {processor.py:186} INFO - Started process (PID=6798) to work on /opt/airflow/dags/4-customoperator.py
[2024-08-25T23:51:50.855+0000] {processor.py:914} INFO - Processing file /opt/airflow/dags/4-customoperator.py for tasks to queue
[2024-08-25T23:51:50.859+0000] {logging_mixin.py:190} INFO - [2024-08-25T23:51:50.858+0000] {dagbag.py:587} INFO - Filling up the DagBag from /opt/airflow/dags/4-customoperator.py
[2024-08-25T23:51:50.875+0000] {processor.py:925} INFO - DAG(s) 'customoperator' retrieved from /opt/airflow/dags/4-customoperator.py
[2024-08-25T23:51:50.930+0000] {logging_mixin.py:190} INFO - [2024-08-25T23:51:50.929+0000] {dag.py:3211} INFO - Sync 1 DAGs
[2024-08-25T23:51:50.991+0000] {logging_mixin.py:190} INFO - [2024-08-25T23:51:50.991+0000] {dag.py:4138} INFO - Setting next_dagrun for customoperator to None, run_after=None
[2024-08-25T23:51:51.031+0000] {processor.py:208} INFO - Processing /opt/airflow/dags/4-customoperator.py took 0.206 seconds
[2024-08-25T23:52:21.636+0000] {processor.py:186} INFO - Started process (PID=6808) to work on /opt/airflow/dags/4-customoperator.py
[2024-08-25T23:52:21.663+0000] {processor.py:914} INFO - Processing file /opt/airflow/dags/4-customoperator.py for tasks to queue
[2024-08-25T23:52:21.670+0000] {logging_mixin.py:190} INFO - [2024-08-25T23:52:21.665+0000] {dagbag.py:587} INFO - Filling up the DagBag from /opt/airflow/dags/4-customoperator.py
[2024-08-25T23:52:21.707+0000] {processor.py:925} INFO - DAG(s) 'customoperator' retrieved from /opt/airflow/dags/4-customoperator.py
[2024-08-25T23:52:21.819+0000] {logging_mixin.py:190} INFO - [2024-08-25T23:52:21.818+0000] {dag.py:3211} INFO - Sync 1 DAGs
[2024-08-25T23:52:21.901+0000] {logging_mixin.py:190} INFO - [2024-08-25T23:52:21.900+0000] {dag.py:4138} INFO - Setting next_dagrun for customoperator to None, run_after=None
[2024-08-25T23:52:21.975+0000] {processor.py:208} INFO - Processing /opt/airflow/dags/4-customoperator.py took 0.357 seconds
[2024-08-25T23:52:52.418+0000] {processor.py:186} INFO - Started process (PID=6818) to work on /opt/airflow/dags/4-customoperator.py
[2024-08-25T23:52:52.425+0000] {processor.py:914} INFO - Processing file /opt/airflow/dags/4-customoperator.py for tasks to queue
[2024-08-25T23:52:52.427+0000] {logging_mixin.py:190} INFO - [2024-08-25T23:52:52.427+0000] {dagbag.py:587} INFO - Filling up the DagBag from /opt/airflow/dags/4-customoperator.py
[2024-08-25T23:52:52.441+0000] {processor.py:925} INFO - DAG(s) 'customoperator' retrieved from /opt/airflow/dags/4-customoperator.py
[2024-08-25T23:52:52.487+0000] {logging_mixin.py:190} INFO - [2024-08-25T23:52:52.487+0000] {dag.py:3211} INFO - Sync 1 DAGs
[2024-08-25T23:52:52.534+0000] {logging_mixin.py:190} INFO - [2024-08-25T23:52:52.533+0000] {dag.py:4138} INFO - Setting next_dagrun for customoperator to None, run_after=None
[2024-08-25T23:52:52.560+0000] {processor.py:208} INFO - Processing /opt/airflow/dags/4-customoperator.py took 0.151 seconds
[2024-08-25T23:53:22.903+0000] {processor.py:186} INFO - Started process (PID=6828) to work on /opt/airflow/dags/4-customoperator.py
[2024-08-25T23:53:22.907+0000] {processor.py:914} INFO - Processing file /opt/airflow/dags/4-customoperator.py for tasks to queue
[2024-08-25T23:53:22.911+0000] {logging_mixin.py:190} INFO - [2024-08-25T23:53:22.910+0000] {dagbag.py:587} INFO - Filling up the DagBag from /opt/airflow/dags/4-customoperator.py
[2024-08-25T23:53:22.933+0000] {processor.py:925} INFO - DAG(s) 'customoperator' retrieved from /opt/airflow/dags/4-customoperator.py
[2024-08-25T23:53:23.006+0000] {logging_mixin.py:190} INFO - [2024-08-25T23:53:23.006+0000] {dag.py:3211} INFO - Sync 1 DAGs
[2024-08-25T23:53:23.111+0000] {logging_mixin.py:190} INFO - [2024-08-25T23:53:23.110+0000] {dag.py:4138} INFO - Setting next_dagrun for customoperator to None, run_after=None
[2024-08-25T23:53:23.247+0000] {processor.py:208} INFO - Processing /opt/airflow/dags/4-customoperator.py took 0.360 seconds
[2024-08-25T23:53:53.632+0000] {processor.py:186} INFO - Started process (PID=6846) to work on /opt/airflow/dags/4-customoperator.py
[2024-08-25T23:53:53.636+0000] {processor.py:914} INFO - Processing file /opt/airflow/dags/4-customoperator.py for tasks to queue
[2024-08-25T23:53:53.639+0000] {logging_mixin.py:190} INFO - [2024-08-25T23:53:53.638+0000] {dagbag.py:587} INFO - Filling up the DagBag from /opt/airflow/dags/4-customoperator.py
[2024-08-25T23:53:53.662+0000] {processor.py:925} INFO - DAG(s) 'customoperator' retrieved from /opt/airflow/dags/4-customoperator.py
[2024-08-25T23:53:53.732+0000] {logging_mixin.py:190} INFO - [2024-08-25T23:53:53.731+0000] {dag.py:3211} INFO - Sync 1 DAGs
[2024-08-25T23:53:53.804+0000] {logging_mixin.py:190} INFO - [2024-08-25T23:53:53.803+0000] {dag.py:4138} INFO - Setting next_dagrun for customoperator to None, run_after=None
[2024-08-25T23:53:53.856+0000] {processor.py:208} INFO - Processing /opt/airflow/dags/4-customoperator.py took 0.238 seconds
[2024-08-25T23:54:24.670+0000] {processor.py:186} INFO - Started process (PID=6868) to work on /opt/airflow/dags/4-customoperator.py
[2024-08-25T23:54:24.691+0000] {processor.py:914} INFO - Processing file /opt/airflow/dags/4-customoperator.py for tasks to queue
[2024-08-25T23:54:24.693+0000] {logging_mixin.py:190} INFO - [2024-08-25T23:54:24.693+0000] {dagbag.py:587} INFO - Filling up the DagBag from /opt/airflow/dags/4-customoperator.py
[2024-08-25T23:54:24.714+0000] {processor.py:925} INFO - DAG(s) 'customoperator' retrieved from /opt/airflow/dags/4-customoperator.py
[2024-08-25T23:54:24.813+0000] {logging_mixin.py:190} INFO - [2024-08-25T23:54:24.813+0000] {dag.py:3211} INFO - Sync 1 DAGs
[2024-08-25T23:54:24.906+0000] {logging_mixin.py:190} INFO - [2024-08-25T23:54:24.906+0000] {dag.py:4138} INFO - Setting next_dagrun for customoperator to None, run_after=None
[2024-08-25T23:54:24.951+0000] {processor.py:208} INFO - Processing /opt/airflow/dags/4-customoperator.py took 0.299 seconds
[2024-08-25T23:54:55.425+0000] {processor.py:186} INFO - Started process (PID=6886) to work on /opt/airflow/dags/4-customoperator.py
[2024-08-25T23:54:55.435+0000] {processor.py:914} INFO - Processing file /opt/airflow/dags/4-customoperator.py for tasks to queue
[2024-08-25T23:54:55.439+0000] {logging_mixin.py:190} INFO - [2024-08-25T23:54:55.438+0000] {dagbag.py:587} INFO - Filling up the DagBag from /opt/airflow/dags/4-customoperator.py
[2024-08-25T23:54:55.473+0000] {processor.py:925} INFO - DAG(s) 'customoperator' retrieved from /opt/airflow/dags/4-customoperator.py
[2024-08-25T23:54:55.550+0000] {logging_mixin.py:190} INFO - [2024-08-25T23:54:55.550+0000] {dag.py:3211} INFO - Sync 1 DAGs
[2024-08-25T23:54:55.658+0000] {logging_mixin.py:190} INFO - [2024-08-25T23:54:55.657+0000] {dag.py:4138} INFO - Setting next_dagrun for customoperator to None, run_after=None
[2024-08-25T23:54:55.722+0000] {processor.py:208} INFO - Processing /opt/airflow/dags/4-customoperator.py took 0.312 seconds
[2024-08-25T23:55:26.258+0000] {processor.py:186} INFO - Started process (PID=6904) to work on /opt/airflow/dags/4-customoperator.py
[2024-08-25T23:55:26.278+0000] {processor.py:914} INFO - Processing file /opt/airflow/dags/4-customoperator.py for tasks to queue
[2024-08-25T23:55:26.285+0000] {logging_mixin.py:190} INFO - [2024-08-25T23:55:26.280+0000] {dagbag.py:587} INFO - Filling up the DagBag from /opt/airflow/dags/4-customoperator.py
[2024-08-25T23:55:26.309+0000] {processor.py:925} INFO - DAG(s) 'customoperator' retrieved from /opt/airflow/dags/4-customoperator.py
[2024-08-25T23:55:26.369+0000] {logging_mixin.py:190} INFO - [2024-08-25T23:55:26.368+0000] {dag.py:3211} INFO - Sync 1 DAGs
[2024-08-25T23:55:26.448+0000] {logging_mixin.py:190} INFO - [2024-08-25T23:55:26.447+0000] {dag.py:4138} INFO - Setting next_dagrun for customoperator to None, run_after=None
[2024-08-25T23:55:26.519+0000] {processor.py:208} INFO - Processing /opt/airflow/dags/4-customoperator.py took 0.297 seconds
[2024-08-25T23:55:57.159+0000] {processor.py:186} INFO - Started process (PID=6922) to work on /opt/airflow/dags/4-customoperator.py
[2024-08-25T23:55:57.191+0000] {processor.py:914} INFO - Processing file /opt/airflow/dags/4-customoperator.py for tasks to queue
[2024-08-25T23:55:57.194+0000] {logging_mixin.py:190} INFO - [2024-08-25T23:55:57.193+0000] {dagbag.py:587} INFO - Filling up the DagBag from /opt/airflow/dags/4-customoperator.py
[2024-08-25T23:55:57.222+0000] {processor.py:925} INFO - DAG(s) 'customoperator' retrieved from /opt/airflow/dags/4-customoperator.py
[2024-08-25T23:55:57.347+0000] {logging_mixin.py:190} INFO - [2024-08-25T23:55:57.347+0000] {dag.py:3211} INFO - Sync 1 DAGs
[2024-08-25T23:55:57.434+0000] {logging_mixin.py:190} INFO - [2024-08-25T23:55:57.434+0000] {dag.py:4138} INFO - Setting next_dagrun for customoperator to None, run_after=None
[2024-08-25T23:55:57.486+0000] {processor.py:208} INFO - Processing /opt/airflow/dags/4-customoperator.py took 0.342 seconds
[2024-08-25T23:56:28.175+0000] {processor.py:186} INFO - Started process (PID=6945) to work on /opt/airflow/dags/4-customoperator.py
[2024-08-25T23:56:28.249+0000] {processor.py:914} INFO - Processing file /opt/airflow/dags/4-customoperator.py for tasks to queue
[2024-08-25T23:56:28.253+0000] {logging_mixin.py:190} INFO - [2024-08-25T23:56:28.252+0000] {dagbag.py:587} INFO - Filling up the DagBag from /opt/airflow/dags/4-customoperator.py
[2024-08-25T23:56:28.289+0000] {processor.py:925} INFO - DAG(s) 'customoperator' retrieved from /opt/airflow/dags/4-customoperator.py
[2024-08-25T23:56:28.370+0000] {logging_mixin.py:190} INFO - [2024-08-25T23:56:28.370+0000] {dag.py:3211} INFO - Sync 1 DAGs
[2024-08-25T23:56:28.451+0000] {logging_mixin.py:190} INFO - [2024-08-25T23:56:28.450+0000] {dag.py:4138} INFO - Setting next_dagrun for customoperator to None, run_after=None
[2024-08-25T23:56:28.498+0000] {processor.py:208} INFO - Processing /opt/airflow/dags/4-customoperator.py took 0.375 seconds
[2024-08-25T23:56:58.890+0000] {processor.py:186} INFO - Started process (PID=6959) to work on /opt/airflow/dags/4-customoperator.py
[2024-08-25T23:56:58.922+0000] {processor.py:914} INFO - Processing file /opt/airflow/dags/4-customoperator.py for tasks to queue
[2024-08-25T23:56:58.925+0000] {logging_mixin.py:190} INFO - [2024-08-25T23:56:58.924+0000] {dagbag.py:587} INFO - Filling up the DagBag from /opt/airflow/dags/4-customoperator.py
[2024-08-25T23:56:58.974+0000] {processor.py:925} INFO - DAG(s) 'customoperator' retrieved from /opt/airflow/dags/4-customoperator.py
[2024-08-25T23:56:59.178+0000] {logging_mixin.py:190} INFO - [2024-08-25T23:56:59.178+0000] {dag.py:3211} INFO - Sync 1 DAGs
[2024-08-25T23:56:59.272+0000] {logging_mixin.py:190} INFO - [2024-08-25T23:56:59.272+0000] {dag.py:4138} INFO - Setting next_dagrun for customoperator to None, run_after=None
[2024-08-25T23:56:59.350+0000] {processor.py:208} INFO - Processing /opt/airflow/dags/4-customoperator.py took 0.481 seconds
[2024-08-25T23:57:30.121+0000] {processor.py:186} INFO - Started process (PID=6977) to work on /opt/airflow/dags/4-customoperator.py
[2024-08-25T23:57:30.133+0000] {processor.py:914} INFO - Processing file /opt/airflow/dags/4-customoperator.py for tasks to queue
[2024-08-25T23:57:30.136+0000] {logging_mixin.py:190} INFO - [2024-08-25T23:57:30.135+0000] {dagbag.py:587} INFO - Filling up the DagBag from /opt/airflow/dags/4-customoperator.py
[2024-08-25T23:57:30.182+0000] {processor.py:925} INFO - DAG(s) 'customoperator' retrieved from /opt/airflow/dags/4-customoperator.py
[2024-08-25T23:57:30.290+0000] {logging_mixin.py:190} INFO - [2024-08-25T23:57:30.289+0000] {dag.py:3211} INFO - Sync 1 DAGs
[2024-08-25T23:57:30.369+0000] {logging_mixin.py:190} INFO - [2024-08-25T23:57:30.369+0000] {dag.py:4138} INFO - Setting next_dagrun for customoperator to None, run_after=None
[2024-08-25T23:57:30.413+0000] {processor.py:208} INFO - Processing /opt/airflow/dags/4-customoperator.py took 0.327 seconds
[2024-08-25T23:58:00.807+0000] {processor.py:186} INFO - Started process (PID=6995) to work on /opt/airflow/dags/4-customoperator.py
[2024-08-25T23:58:00.824+0000] {processor.py:914} INFO - Processing file /opt/airflow/dags/4-customoperator.py for tasks to queue
[2024-08-25T23:58:00.827+0000] {logging_mixin.py:190} INFO - [2024-08-25T23:58:00.827+0000] {dagbag.py:587} INFO - Filling up the DagBag from /opt/airflow/dags/4-customoperator.py
[2024-08-25T23:58:00.843+0000] {processor.py:925} INFO - DAG(s) 'customoperator' retrieved from /opt/airflow/dags/4-customoperator.py
[2024-08-25T23:58:00.889+0000] {logging_mixin.py:190} INFO - [2024-08-25T23:58:00.888+0000] {dag.py:3211} INFO - Sync 1 DAGs
[2024-08-25T23:58:00.930+0000] {logging_mixin.py:190} INFO - [2024-08-25T23:58:00.930+0000] {dag.py:4138} INFO - Setting next_dagrun for customoperator to None, run_after=None
[2024-08-25T23:58:00.961+0000] {processor.py:208} INFO - Processing /opt/airflow/dags/4-customoperator.py took 0.166 seconds
[2024-08-25T23:58:31.773+0000] {processor.py:186} INFO - Started process (PID=7013) to work on /opt/airflow/dags/4-customoperator.py
[2024-08-25T23:58:31.792+0000] {processor.py:914} INFO - Processing file /opt/airflow/dags/4-customoperator.py for tasks to queue
[2024-08-25T23:58:31.796+0000] {logging_mixin.py:190} INFO - [2024-08-25T23:58:31.795+0000] {dagbag.py:587} INFO - Filling up the DagBag from /opt/airflow/dags/4-customoperator.py
[2024-08-25T23:58:31.821+0000] {processor.py:925} INFO - DAG(s) 'customoperator' retrieved from /opt/airflow/dags/4-customoperator.py
[2024-08-25T23:58:31.886+0000] {logging_mixin.py:190} INFO - [2024-08-25T23:58:31.885+0000] {dag.py:3211} INFO - Sync 1 DAGs
[2024-08-25T23:58:31.953+0000] {logging_mixin.py:190} INFO - [2024-08-25T23:58:31.953+0000] {dag.py:4138} INFO - Setting next_dagrun for customoperator to None, run_after=None
[2024-08-25T23:58:32.010+0000] {processor.py:208} INFO - Processing /opt/airflow/dags/4-customoperator.py took 0.256 seconds
[2024-08-25T23:59:02.864+0000] {processor.py:186} INFO - Started process (PID=7030) to work on /opt/airflow/dags/4-customoperator.py
[2024-08-25T23:59:02.871+0000] {processor.py:914} INFO - Processing file /opt/airflow/dags/4-customoperator.py for tasks to queue
[2024-08-25T23:59:02.874+0000] {logging_mixin.py:190} INFO - [2024-08-25T23:59:02.873+0000] {dagbag.py:587} INFO - Filling up the DagBag from /opt/airflow/dags/4-customoperator.py
[2024-08-25T23:59:02.896+0000] {processor.py:925} INFO - DAG(s) 'customoperator' retrieved from /opt/airflow/dags/4-customoperator.py
[2024-08-25T23:59:02.959+0000] {logging_mixin.py:190} INFO - [2024-08-25T23:59:02.959+0000] {dag.py:3211} INFO - Sync 1 DAGs
[2024-08-25T23:59:03.021+0000] {logging_mixin.py:190} INFO - [2024-08-25T23:59:03.020+0000] {dag.py:4138} INFO - Setting next_dagrun for customoperator to None, run_after=None
[2024-08-25T23:59:03.063+0000] {processor.py:208} INFO - Processing /opt/airflow/dags/4-customoperator.py took 0.215 seconds
[2024-08-25T23:59:33.787+0000] {processor.py:186} INFO - Started process (PID=7048) to work on /opt/airflow/dags/4-customoperator.py
[2024-08-25T23:59:33.796+0000] {processor.py:914} INFO - Processing file /opt/airflow/dags/4-customoperator.py for tasks to queue
[2024-08-25T23:59:33.798+0000] {logging_mixin.py:190} INFO - [2024-08-25T23:59:33.798+0000] {dagbag.py:587} INFO - Filling up the DagBag from /opt/airflow/dags/4-customoperator.py
[2024-08-25T23:59:33.862+0000] {processor.py:925} INFO - DAG(s) 'customoperator' retrieved from /opt/airflow/dags/4-customoperator.py
[2024-08-25T23:59:34.007+0000] {logging_mixin.py:190} INFO - [2024-08-25T23:59:34.006+0000] {dag.py:3211} INFO - Sync 1 DAGs
[2024-08-25T23:59:34.074+0000] {logging_mixin.py:190} INFO - [2024-08-25T23:59:34.074+0000] {dag.py:4138} INFO - Setting next_dagrun for customoperator to None, run_after=None
[2024-08-25T23:59:34.129+0000] {processor.py:208} INFO - Processing /opt/airflow/dags/4-customoperator.py took 0.372 seconds
