[2024-08-25T23:21:39.264+0000] {processor.py:186} INFO - Started process (PID=5766) to work on /opt/airflow/dags/5.1-orquestration.py
[2024-08-25T23:21:39.265+0000] {processor.py:914} INFO - Processing file /opt/airflow/dags/5.1-orquestration.py for tasks to queue
[2024-08-25T23:21:39.267+0000] {logging_mixin.py:190} INFO - [2024-08-25T23:21:39.267+0000] {dagbag.py:587} INFO - Filling up the DagBag from /opt/airflow/dags/5.1-orquestration.py
[2024-08-25T23:21:39.274+0000] {logging_mixin.py:190} INFO - [2024-08-25T23:21:39.271+0000] {dagbag.py:386} ERROR - Failed to import: /opt/airflow/dags/5.1-orquestration.py
Traceback (most recent call last):
  File "/home/airflow/.local/lib/python3.12/site-packages/airflow/models/dagbag.py", line 382, in parse
    loader.exec_module(new_module)
  File "<frozen importlib._bootstrap_external>", line 991, in exec_module
  File "<frozen importlib._bootstrap_external>", line 1129, in get_code
  File "<frozen importlib._bootstrap_external>", line 1059, in source_to_code
  File "<frozen importlib._bootstrap>", line 488, in _call_with_frames_removed
  File "/opt/airflow/dags/5.1-orquestration.py", line 7
    schedule_interval="@daily" #"0 7 * * 1",
                      
SyntaxError: invalid syntax. Perhaps you forgot a comma?
[2024-08-25T23:21:39.275+0000] {processor.py:927} WARNING - No viable dags retrieved from /opt/airflow/dags/5.1-orquestration.py
[2024-08-25T23:21:39.308+0000] {processor.py:208} INFO - Processing /opt/airflow/dags/5.1-orquestration.py took 0.058 seconds
[2024-08-25T23:22:09.784+0000] {processor.py:186} INFO - Started process (PID=5775) to work on /opt/airflow/dags/5.1-orquestration.py
[2024-08-25T23:22:09.806+0000] {processor.py:914} INFO - Processing file /opt/airflow/dags/5.1-orquestration.py for tasks to queue
[2024-08-25T23:22:09.808+0000] {logging_mixin.py:190} INFO - [2024-08-25T23:22:09.808+0000] {dagbag.py:587} INFO - Filling up the DagBag from /opt/airflow/dags/5.1-orquestration.py
[2024-08-25T23:22:09.813+0000] {logging_mixin.py:190} INFO - [2024-08-25T23:22:09.811+0000] {dagbag.py:386} ERROR - Failed to import: /opt/airflow/dags/5.1-orquestration.py
Traceback (most recent call last):
  File "/home/airflow/.local/lib/python3.12/site-packages/airflow/models/dagbag.py", line 382, in parse
    loader.exec_module(new_module)
  File "<frozen importlib._bootstrap_external>", line 991, in exec_module
  File "<frozen importlib._bootstrap_external>", line 1129, in get_code
  File "<frozen importlib._bootstrap_external>", line 1059, in source_to_code
  File "<frozen importlib._bootstrap>", line 488, in _call_with_frames_removed
  File "/opt/airflow/dags/5.1-orquestration.py", line 7
    schedule_interval="@daily" #"0 7 * * 1",
                      
SyntaxError: invalid syntax. Perhaps you forgot a comma?
[2024-08-25T23:22:09.814+0000] {processor.py:927} WARNING - No viable dags retrieved from /opt/airflow/dags/5.1-orquestration.py
[2024-08-25T23:22:09.845+0000] {processor.py:208} INFO - Processing /opt/airflow/dags/5.1-orquestration.py took 0.072 seconds
[2024-08-25T23:22:40.326+0000] {processor.py:186} INFO - Started process (PID=5785) to work on /opt/airflow/dags/5.1-orquestration.py
[2024-08-25T23:22:40.342+0000] {processor.py:914} INFO - Processing file /opt/airflow/dags/5.1-orquestration.py for tasks to queue
[2024-08-25T23:22:40.344+0000] {logging_mixin.py:190} INFO - [2024-08-25T23:22:40.343+0000] {dagbag.py:587} INFO - Filling up the DagBag from /opt/airflow/dags/5.1-orquestration.py
[2024-08-25T23:22:40.348+0000] {logging_mixin.py:190} INFO - [2024-08-25T23:22:40.347+0000] {dagbag.py:386} ERROR - Failed to import: /opt/airflow/dags/5.1-orquestration.py
Traceback (most recent call last):
  File "/home/airflow/.local/lib/python3.12/site-packages/airflow/models/dagbag.py", line 382, in parse
    loader.exec_module(new_module)
  File "<frozen importlib._bootstrap_external>", line 991, in exec_module
  File "<frozen importlib._bootstrap_external>", line 1129, in get_code
  File "<frozen importlib._bootstrap_external>", line 1059, in source_to_code
  File "<frozen importlib._bootstrap>", line 488, in _call_with_frames_removed
  File "/opt/airflow/dags/5.1-orquestration.py", line 7
    schedule_interval="@daily" #"0 7 * * 1",
                      
SyntaxError: invalid syntax. Perhaps you forgot a comma?
[2024-08-25T23:22:40.349+0000] {processor.py:927} WARNING - No viable dags retrieved from /opt/airflow/dags/5.1-orquestration.py
[2024-08-25T23:22:40.381+0000] {processor.py:208} INFO - Processing /opt/airflow/dags/5.1-orquestration.py took 0.064 seconds
[2024-08-25T23:23:10.745+0000] {processor.py:186} INFO - Started process (PID=5794) to work on /opt/airflow/dags/5.1-orquestration.py
[2024-08-25T23:23:10.760+0000] {processor.py:914} INFO - Processing file /opt/airflow/dags/5.1-orquestration.py for tasks to queue
[2024-08-25T23:23:10.762+0000] {logging_mixin.py:190} INFO - [2024-08-25T23:23:10.761+0000] {dagbag.py:587} INFO - Filling up the DagBag from /opt/airflow/dags/5.1-orquestration.py
[2024-08-25T23:23:10.767+0000] {logging_mixin.py:190} INFO - [2024-08-25T23:23:10.765+0000] {dagbag.py:386} ERROR - Failed to import: /opt/airflow/dags/5.1-orquestration.py
Traceback (most recent call last):
  File "/home/airflow/.local/lib/python3.12/site-packages/airflow/models/dagbag.py", line 382, in parse
    loader.exec_module(new_module)
  File "<frozen importlib._bootstrap_external>", line 991, in exec_module
  File "<frozen importlib._bootstrap_external>", line 1129, in get_code
  File "<frozen importlib._bootstrap_external>", line 1059, in source_to_code
  File "<frozen importlib._bootstrap>", line 488, in _call_with_frames_removed
  File "/opt/airflow/dags/5.1-orquestration.py", line 7
    schedule_interval="@daily" #"0 7 * * 1",
                      
SyntaxError: invalid syntax. Perhaps you forgot a comma?
[2024-08-25T23:23:10.768+0000] {processor.py:927} WARNING - No viable dags retrieved from /opt/airflow/dags/5.1-orquestration.py
[2024-08-25T23:23:10.798+0000] {processor.py:208} INFO - Processing /opt/airflow/dags/5.1-orquestration.py took 0.065 seconds
[2024-08-25T23:23:41.200+0000] {processor.py:186} INFO - Started process (PID=5804) to work on /opt/airflow/dags/5.1-orquestration.py
[2024-08-25T23:23:41.217+0000] {processor.py:914} INFO - Processing file /opt/airflow/dags/5.1-orquestration.py for tasks to queue
[2024-08-25T23:23:41.221+0000] {logging_mixin.py:190} INFO - [2024-08-25T23:23:41.220+0000] {dagbag.py:587} INFO - Filling up the DagBag from /opt/airflow/dags/5.1-orquestration.py
[2024-08-25T23:23:41.225+0000] {logging_mixin.py:190} INFO - [2024-08-25T23:23:41.224+0000] {dagbag.py:386} ERROR - Failed to import: /opt/airflow/dags/5.1-orquestration.py
Traceback (most recent call last):
  File "/home/airflow/.local/lib/python3.12/site-packages/airflow/models/dagbag.py", line 382, in parse
    loader.exec_module(new_module)
  File "<frozen importlib._bootstrap_external>", line 991, in exec_module
  File "<frozen importlib._bootstrap_external>", line 1129, in get_code
  File "<frozen importlib._bootstrap_external>", line 1059, in source_to_code
  File "<frozen importlib._bootstrap>", line 488, in _call_with_frames_removed
  File "/opt/airflow/dags/5.1-orquestration.py", line 7
    schedule_interval="@daily" #"0 7 * * 1",
                      
SyntaxError: invalid syntax. Perhaps you forgot a comma?
[2024-08-25T23:23:41.226+0000] {processor.py:927} WARNING - No viable dags retrieved from /opt/airflow/dags/5.1-orquestration.py
[2024-08-25T23:23:41.266+0000] {processor.py:208} INFO - Processing /opt/airflow/dags/5.1-orquestration.py took 0.078 seconds
[2024-08-25T23:24:11.793+0000] {processor.py:186} INFO - Started process (PID=5814) to work on /opt/airflow/dags/5.1-orquestration.py
[2024-08-25T23:24:11.808+0000] {processor.py:914} INFO - Processing file /opt/airflow/dags/5.1-orquestration.py for tasks to queue
[2024-08-25T23:24:11.812+0000] {logging_mixin.py:190} INFO - [2024-08-25T23:24:11.811+0000] {dagbag.py:587} INFO - Filling up the DagBag from /opt/airflow/dags/5.1-orquestration.py
[2024-08-25T23:24:11.818+0000] {logging_mixin.py:190} INFO - [2024-08-25T23:24:11.817+0000] {dagbag.py:386} ERROR - Failed to import: /opt/airflow/dags/5.1-orquestration.py
Traceback (most recent call last):
  File "/home/airflow/.local/lib/python3.12/site-packages/airflow/models/dagbag.py", line 382, in parse
    loader.exec_module(new_module)
  File "<frozen importlib._bootstrap_external>", line 991, in exec_module
  File "<frozen importlib._bootstrap_external>", line 1129, in get_code
  File "<frozen importlib._bootstrap_external>", line 1059, in source_to_code
  File "<frozen importlib._bootstrap>", line 488, in _call_with_frames_removed
  File "/opt/airflow/dags/5.1-orquestration.py", line 7
    schedule_interval="@daily" #"0 7 * * 1",
                      
SyntaxError: invalid syntax. Perhaps you forgot a comma?
[2024-08-25T23:24:11.819+0000] {processor.py:927} WARNING - No viable dags retrieved from /opt/airflow/dags/5.1-orquestration.py
[2024-08-25T23:24:11.849+0000] {processor.py:208} INFO - Processing /opt/airflow/dags/5.1-orquestration.py took 0.070 seconds
