[2024-09-15T02:29:43.694+0000] {processor.py:186} INFO - Started process (PID=49) to work on /opt/airflow/dags/satelite/satelite.py
[2024-09-15T02:29:43.695+0000] {processor.py:914} INFO - Processing file /opt/airflow/dags/satelite/satelite.py for tasks to queue
[2024-09-15T02:29:43.700+0000] {logging_mixin.py:190} INFO - [2024-09-15T02:29:43.699+0000] {dagbag.py:587} INFO - Filling up the DagBag from /opt/airflow/dags/satelite/satelite.py
[2024-09-15T02:29:43.784+0000] {processor.py:925} INFO - DAG(s) 'satelite' retrieved from /opt/airflow/dags/satelite/satelite.py
[2024-09-15T02:29:44.034+0000] {logging_mixin.py:190} INFO - [2024-09-15T02:29:44.034+0000] {dag.py:3211} INFO - Sync 1 DAGs
[2024-09-15T02:29:44.287+0000] {logging_mixin.py:190} INFO - [2024-09-15T02:29:44.286+0000] {dag.py:4138} INFO - Setting next_dagrun for satelite to 2024-01-01 00:00:00+00:00, run_after=2024-01-01 00:05:00+00:00
[2024-09-15T02:29:44.528+0000] {processor.py:208} INFO - Processing /opt/airflow/dags/satelite/satelite.py took 0.847 seconds
[2024-09-15T02:30:15.169+0000] {processor.py:186} INFO - Started process (PID=58) to work on /opt/airflow/dags/satelite/satelite.py
[2024-09-15T02:30:15.204+0000] {processor.py:914} INFO - Processing file /opt/airflow/dags/satelite/satelite.py for tasks to queue
[2024-09-15T02:30:15.208+0000] {logging_mixin.py:190} INFO - [2024-09-15T02:30:15.207+0000] {dagbag.py:587} INFO - Filling up the DagBag from /opt/airflow/dags/satelite/satelite.py
[2024-09-15T02:30:15.245+0000] {processor.py:925} INFO - DAG(s) 'satelite' retrieved from /opt/airflow/dags/satelite/satelite.py
[2024-09-15T02:30:15.323+0000] {logging_mixin.py:190} INFO - [2024-09-15T02:30:15.322+0000] {dag.py:3211} INFO - Sync 1 DAGs
[2024-09-15T02:30:15.398+0000] {logging_mixin.py:190} INFO - [2024-09-15T02:30:15.398+0000] {dag.py:4138} INFO - Setting next_dagrun for satelite to 2024-01-01 00:00:00+00:00, run_after=2024-01-01 00:05:00+00:00
[2024-09-15T02:30:15.471+0000] {processor.py:208} INFO - Processing /opt/airflow/dags/satelite/satelite.py took 0.346 seconds
[2024-09-15T02:30:45.794+0000] {processor.py:186} INFO - Started process (PID=66) to work on /opt/airflow/dags/satelite/satelite.py
[2024-09-15T02:30:45.799+0000] {processor.py:914} INFO - Processing file /opt/airflow/dags/satelite/satelite.py for tasks to queue
[2024-09-15T02:30:45.803+0000] {logging_mixin.py:190} INFO - [2024-09-15T02:30:45.802+0000] {dagbag.py:587} INFO - Filling up the DagBag from /opt/airflow/dags/satelite/satelite.py
[2024-09-15T02:30:45.816+0000] {processor.py:925} INFO - DAG(s) 'satelite' retrieved from /opt/airflow/dags/satelite/satelite.py
[2024-09-15T02:30:45.848+0000] {logging_mixin.py:190} INFO - [2024-09-15T02:30:45.848+0000] {dag.py:3211} INFO - Sync 1 DAGs
[2024-09-15T02:30:45.894+0000] {logging_mixin.py:190} INFO - [2024-09-15T02:30:45.893+0000] {dag.py:4138} INFO - Setting next_dagrun for satelite to 2024-01-01 00:00:00+00:00, run_after=2024-01-01 00:05:00+00:00
[2024-09-15T02:30:45.942+0000] {processor.py:208} INFO - Processing /opt/airflow/dags/satelite/satelite.py took 0.158 seconds
[2024-09-15T02:31:16.268+0000] {processor.py:186} INFO - Started process (PID=76) to work on /opt/airflow/dags/satelite/satelite.py
[2024-09-15T02:31:16.285+0000] {processor.py:914} INFO - Processing file /opt/airflow/dags/satelite/satelite.py for tasks to queue
[2024-09-15T02:31:16.290+0000] {logging_mixin.py:190} INFO - [2024-09-15T02:31:16.289+0000] {dagbag.py:587} INFO - Filling up the DagBag from /opt/airflow/dags/satelite/satelite.py
[2024-09-15T02:31:16.307+0000] {processor.py:925} INFO - DAG(s) 'satelite' retrieved from /opt/airflow/dags/satelite/satelite.py
[2024-09-15T02:31:16.341+0000] {logging_mixin.py:190} INFO - [2024-09-15T02:31:16.341+0000] {dag.py:3211} INFO - Sync 1 DAGs
[2024-09-15T02:31:16.390+0000] {logging_mixin.py:190} INFO - [2024-09-15T02:31:16.390+0000] {dag.py:4138} INFO - Setting next_dagrun for satelite to 2024-01-01 00:00:00+00:00, run_after=2024-01-01 00:05:00+00:00
[2024-09-15T02:31:16.465+0000] {processor.py:208} INFO - Processing /opt/airflow/dags/satelite/satelite.py took 0.206 seconds
[2024-09-15T02:31:46.767+0000] {processor.py:186} INFO - Started process (PID=85) to work on /opt/airflow/dags/satelite/satelite.py
[2024-09-15T02:31:46.780+0000] {processor.py:914} INFO - Processing file /opt/airflow/dags/satelite/satelite.py for tasks to queue
[2024-09-15T02:31:46.784+0000] {logging_mixin.py:190} INFO - [2024-09-15T02:31:46.783+0000] {dagbag.py:587} INFO - Filling up the DagBag from /opt/airflow/dags/satelite/satelite.py
[2024-09-15T02:31:46.804+0000] {processor.py:925} INFO - DAG(s) 'satelite' retrieved from /opt/airflow/dags/satelite/satelite.py
[2024-09-15T02:31:46.840+0000] {logging_mixin.py:190} INFO - [2024-09-15T02:31:46.840+0000] {dag.py:3211} INFO - Sync 1 DAGs
[2024-09-15T02:31:46.892+0000] {logging_mixin.py:190} INFO - [2024-09-15T02:31:46.892+0000] {dag.py:4138} INFO - Setting next_dagrun for satelite to 2024-01-01 00:00:00+00:00, run_after=2024-01-01 00:05:00+00:00
[2024-09-15T02:31:46.939+0000] {processor.py:208} INFO - Processing /opt/airflow/dags/satelite/satelite.py took 0.181 seconds
[2024-09-15T02:32:17.440+0000] {processor.py:186} INFO - Started process (PID=94) to work on /opt/airflow/dags/satelite/satelite.py
[2024-09-15T02:32:17.470+0000] {processor.py:914} INFO - Processing file /opt/airflow/dags/satelite/satelite.py for tasks to queue
[2024-09-15T02:32:17.473+0000] {logging_mixin.py:190} INFO - [2024-09-15T02:32:17.473+0000] {dagbag.py:587} INFO - Filling up the DagBag from /opt/airflow/dags/satelite/satelite.py
[2024-09-15T02:32:17.490+0000] {processor.py:925} INFO - DAG(s) 'satelite' retrieved from /opt/airflow/dags/satelite/satelite.py
[2024-09-15T02:32:17.521+0000] {logging_mixin.py:190} INFO - [2024-09-15T02:32:17.520+0000] {dag.py:3211} INFO - Sync 1 DAGs
[2024-09-15T02:32:17.740+0000] {logging_mixin.py:190} INFO - [2024-09-15T02:32:17.739+0000] {dag.py:4138} INFO - Setting next_dagrun for satelite to 2024-01-01 00:00:00+00:00, run_after=2024-01-01 00:05:00+00:00
[2024-09-15T02:32:17.782+0000] {processor.py:208} INFO - Processing /opt/airflow/dags/satelite/satelite.py took 0.352 seconds
[2024-09-15T02:32:48.092+0000] {processor.py:186} INFO - Started process (PID=103) to work on /opt/airflow/dags/satelite/satelite.py
[2024-09-15T02:32:48.115+0000] {processor.py:914} INFO - Processing file /opt/airflow/dags/satelite/satelite.py for tasks to queue
[2024-09-15T02:32:48.119+0000] {logging_mixin.py:190} INFO - [2024-09-15T02:32:48.118+0000] {dagbag.py:587} INFO - Filling up the DagBag from /opt/airflow/dags/satelite/satelite.py
[2024-09-15T02:32:48.132+0000] {processor.py:925} INFO - DAG(s) 'satelite' retrieved from /opt/airflow/dags/satelite/satelite.py
[2024-09-15T02:32:48.172+0000] {logging_mixin.py:190} INFO - [2024-09-15T02:32:48.172+0000] {dag.py:3211} INFO - Sync 1 DAGs
[2024-09-15T02:32:48.404+0000] {logging_mixin.py:190} INFO - [2024-09-15T02:32:48.403+0000] {dag.py:4138} INFO - Setting next_dagrun for satelite to 2024-01-01 00:00:00+00:00, run_after=2024-01-01 00:05:00+00:00
[2024-09-15T02:32:48.442+0000] {processor.py:208} INFO - Processing /opt/airflow/dags/satelite/satelite.py took 0.361 seconds
[2024-09-15T02:33:18.760+0000] {processor.py:186} INFO - Started process (PID=112) to work on /opt/airflow/dags/satelite/satelite.py
[2024-09-15T02:33:18.783+0000] {processor.py:914} INFO - Processing file /opt/airflow/dags/satelite/satelite.py for tasks to queue
[2024-09-15T02:33:18.787+0000] {logging_mixin.py:190} INFO - [2024-09-15T02:33:18.786+0000] {dagbag.py:587} INFO - Filling up the DagBag from /opt/airflow/dags/satelite/satelite.py
[2024-09-15T02:33:18.800+0000] {processor.py:925} INFO - DAG(s) 'satelite' retrieved from /opt/airflow/dags/satelite/satelite.py
[2024-09-15T02:33:19.021+0000] {logging_mixin.py:190} INFO - [2024-09-15T02:33:19.020+0000] {dag.py:3211} INFO - Sync 1 DAGs
[2024-09-15T02:33:19.068+0000] {logging_mixin.py:190} INFO - [2024-09-15T02:33:19.068+0000] {dag.py:4138} INFO - Setting next_dagrun for satelite to 2024-01-01 00:00:00+00:00, run_after=2024-01-01 00:05:00+00:00
[2024-09-15T02:33:19.130+0000] {processor.py:208} INFO - Processing /opt/airflow/dags/satelite/satelite.py took 0.380 seconds
[2024-09-15T02:33:49.621+0000] {processor.py:186} INFO - Started process (PID=121) to work on /opt/airflow/dags/satelite/satelite.py
[2024-09-15T02:33:49.657+0000] {processor.py:914} INFO - Processing file /opt/airflow/dags/satelite/satelite.py for tasks to queue
[2024-09-15T02:33:49.661+0000] {logging_mixin.py:190} INFO - [2024-09-15T02:33:49.661+0000] {dagbag.py:587} INFO - Filling up the DagBag from /opt/airflow/dags/satelite/satelite.py
[2024-09-15T02:33:49.682+0000] {processor.py:925} INFO - DAG(s) 'satelite' retrieved from /opt/airflow/dags/satelite/satelite.py
[2024-09-15T02:33:49.732+0000] {logging_mixin.py:190} INFO - [2024-09-15T02:33:49.731+0000] {dag.py:3211} INFO - Sync 1 DAGs
[2024-09-15T02:33:49.824+0000] {logging_mixin.py:190} INFO - [2024-09-15T02:33:49.824+0000] {dag.py:4138} INFO - Setting next_dagrun for satelite to 2024-01-01 00:00:00+00:00, run_after=2024-01-01 00:05:00+00:00
[2024-09-15T02:33:49.895+0000] {processor.py:208} INFO - Processing /opt/airflow/dags/satelite/satelite.py took 0.287 seconds
[2024-09-15T02:34:20.201+0000] {processor.py:186} INFO - Started process (PID=130) to work on /opt/airflow/dags/satelite/satelite.py
[2024-09-15T02:34:20.358+0000] {processor.py:914} INFO - Processing file /opt/airflow/dags/satelite/satelite.py for tasks to queue
[2024-09-15T02:34:20.364+0000] {logging_mixin.py:190} INFO - [2024-09-15T02:34:20.363+0000] {dagbag.py:587} INFO - Filling up the DagBag from /opt/airflow/dags/satelite/satelite.py
[2024-09-15T02:34:20.420+0000] {processor.py:925} INFO - DAG(s) 'satelite' retrieved from /opt/airflow/dags/satelite/satelite.py
[2024-09-15T02:34:20.479+0000] {logging_mixin.py:190} INFO - [2024-09-15T02:34:20.478+0000] {dag.py:3211} INFO - Sync 1 DAGs
[2024-09-15T02:34:20.569+0000] {logging_mixin.py:190} INFO - [2024-09-15T02:34:20.568+0000] {dag.py:4138} INFO - Setting next_dagrun for satelite to 2024-01-01 00:00:00+00:00, run_after=2024-01-01 00:05:00+00:00
[2024-09-15T02:34:20.613+0000] {processor.py:208} INFO - Processing /opt/airflow/dags/satelite/satelite.py took 0.425 seconds
[2024-09-15T02:34:50.930+0000] {processor.py:186} INFO - Started process (PID=145) to work on /opt/airflow/dags/satelite/satelite.py
[2024-09-15T02:34:51.092+0000] {processor.py:914} INFO - Processing file /opt/airflow/dags/satelite/satelite.py for tasks to queue
[2024-09-15T02:34:51.099+0000] {logging_mixin.py:190} INFO - [2024-09-15T02:34:51.098+0000] {dagbag.py:587} INFO - Filling up the DagBag from /opt/airflow/dags/satelite/satelite.py
[2024-09-15T02:34:51.120+0000] {processor.py:925} INFO - DAG(s) 'satelite' retrieved from /opt/airflow/dags/satelite/satelite.py
[2024-09-15T02:34:51.157+0000] {logging_mixin.py:190} INFO - [2024-09-15T02:34:51.157+0000] {dag.py:3211} INFO - Sync 1 DAGs
[2024-09-15T02:34:51.211+0000] {logging_mixin.py:190} INFO - [2024-09-15T02:34:51.211+0000] {dag.py:4138} INFO - Setting next_dagrun for satelite to 2024-01-01 00:00:00+00:00, run_after=2024-01-01 00:05:00+00:00
[2024-09-15T02:34:51.253+0000] {processor.py:208} INFO - Processing /opt/airflow/dags/satelite/satelite.py took 0.334 seconds
[2024-09-15T02:35:21.560+0000] {processor.py:186} INFO - Started process (PID=154) to work on /opt/airflow/dags/satelite/satelite.py
[2024-09-15T02:35:21.893+0000] {processor.py:914} INFO - Processing file /opt/airflow/dags/satelite/satelite.py for tasks to queue
[2024-09-15T02:35:21.902+0000] {logging_mixin.py:190} INFO - [2024-09-15T02:35:21.897+0000] {dagbag.py:587} INFO - Filling up the DagBag from /opt/airflow/dags/satelite/satelite.py
[2024-09-15T02:35:21.931+0000] {processor.py:925} INFO - DAG(s) 'satelite' retrieved from /opt/airflow/dags/satelite/satelite.py
[2024-09-15T02:35:21.982+0000] {logging_mixin.py:190} INFO - [2024-09-15T02:35:21.981+0000] {dag.py:3211} INFO - Sync 1 DAGs
[2024-09-15T02:35:22.069+0000] {logging_mixin.py:190} INFO - [2024-09-15T02:35:22.068+0000] {dag.py:4138} INFO - Setting next_dagrun for satelite to 2024-01-01 00:00:00+00:00, run_after=2024-01-01 00:05:00+00:00
[2024-09-15T02:35:22.162+0000] {processor.py:208} INFO - Processing /opt/airflow/dags/satelite/satelite.py took 0.630 seconds
[2024-09-15T02:35:52.431+0000] {processor.py:186} INFO - Started process (PID=164) to work on /opt/airflow/dags/satelite/satelite.py
[2024-09-15T02:35:52.505+0000] {processor.py:914} INFO - Processing file /opt/airflow/dags/satelite/satelite.py for tasks to queue
[2024-09-15T02:35:52.510+0000] {logging_mixin.py:190} INFO - [2024-09-15T02:35:52.509+0000] {dagbag.py:587} INFO - Filling up the DagBag from /opt/airflow/dags/satelite/satelite.py
[2024-09-15T02:35:52.525+0000] {processor.py:925} INFO - DAG(s) 'satelite' retrieved from /opt/airflow/dags/satelite/satelite.py
[2024-09-15T02:35:52.559+0000] {logging_mixin.py:190} INFO - [2024-09-15T02:35:52.558+0000] {dag.py:3211} INFO - Sync 1 DAGs
[2024-09-15T02:35:52.604+0000] {logging_mixin.py:190} INFO - [2024-09-15T02:35:52.604+0000] {dag.py:4138} INFO - Setting next_dagrun for satelite to 2024-01-01 00:00:00+00:00, run_after=2024-01-01 00:05:00+00:00
[2024-09-15T02:35:52.631+0000] {processor.py:208} INFO - Processing /opt/airflow/dags/satelite/satelite.py took 0.210 seconds
[2024-09-15T02:36:22.986+0000] {processor.py:186} INFO - Started process (PID=172) to work on /opt/airflow/dags/satelite/satelite.py
[2024-09-15T02:36:23.085+0000] {processor.py:914} INFO - Processing file /opt/airflow/dags/satelite/satelite.py for tasks to queue
[2024-09-15T02:36:23.088+0000] {logging_mixin.py:190} INFO - [2024-09-15T02:36:23.088+0000] {dagbag.py:587} INFO - Filling up the DagBag from /opt/airflow/dags/satelite/satelite.py
[2024-09-15T02:36:23.109+0000] {processor.py:925} INFO - DAG(s) 'satelite' retrieved from /opt/airflow/dags/satelite/satelite.py
[2024-09-15T02:36:23.150+0000] {logging_mixin.py:190} INFO - [2024-09-15T02:36:23.149+0000] {dag.py:3211} INFO - Sync 1 DAGs
[2024-09-15T02:36:23.212+0000] {logging_mixin.py:190} INFO - [2024-09-15T02:36:23.212+0000] {dag.py:4138} INFO - Setting next_dagrun for satelite to 2024-01-01 00:00:00+00:00, run_after=2024-01-01 00:05:00+00:00
[2024-09-15T02:36:23.247+0000] {processor.py:208} INFO - Processing /opt/airflow/dags/satelite/satelite.py took 0.287 seconds
[2024-09-15T02:36:53.549+0000] {processor.py:186} INFO - Started process (PID=181) to work on /opt/airflow/dags/satelite/satelite.py
[2024-09-15T02:36:53.675+0000] {processor.py:914} INFO - Processing file /opt/airflow/dags/satelite/satelite.py for tasks to queue
[2024-09-15T02:36:53.680+0000] {logging_mixin.py:190} INFO - [2024-09-15T02:36:53.680+0000] {dagbag.py:587} INFO - Filling up the DagBag from /opt/airflow/dags/satelite/satelite.py
[2024-09-15T02:36:53.704+0000] {processor.py:925} INFO - DAG(s) 'satelite' retrieved from /opt/airflow/dags/satelite/satelite.py
[2024-09-15T02:36:53.840+0000] {logging_mixin.py:190} INFO - [2024-09-15T02:36:53.840+0000] {dag.py:3211} INFO - Sync 1 DAGs
[2024-09-15T02:36:53.945+0000] {logging_mixin.py:190} INFO - [2024-09-15T02:36:53.944+0000] {dag.py:4138} INFO - Setting next_dagrun for satelite to 2024-01-01 00:00:00+00:00, run_after=2024-01-01 00:05:00+00:00
[2024-09-15T02:36:54.066+0000] {processor.py:208} INFO - Processing /opt/airflow/dags/satelite/satelite.py took 0.541 seconds
[2024-09-15T02:37:24.366+0000] {processor.py:186} INFO - Started process (PID=190) to work on /opt/airflow/dags/satelite/satelite.py
[2024-09-15T02:37:24.587+0000] {processor.py:914} INFO - Processing file /opt/airflow/dags/satelite/satelite.py for tasks to queue
[2024-09-15T02:37:24.594+0000] {logging_mixin.py:190} INFO - [2024-09-15T02:37:24.593+0000] {dagbag.py:587} INFO - Filling up the DagBag from /opt/airflow/dags/satelite/satelite.py
[2024-09-15T02:37:24.631+0000] {processor.py:925} INFO - DAG(s) 'satelite' retrieved from /opt/airflow/dags/satelite/satelite.py
[2024-09-15T02:37:24.710+0000] {logging_mixin.py:190} INFO - [2024-09-15T02:37:24.710+0000] {dag.py:3211} INFO - Sync 1 DAGs
[2024-09-15T02:37:24.804+0000] {logging_mixin.py:190} INFO - [2024-09-15T02:37:24.804+0000] {dag.py:4138} INFO - Setting next_dagrun for satelite to 2024-01-01 00:00:00+00:00, run_after=2024-01-01 00:05:00+00:00
[2024-09-15T02:37:24.869+0000] {processor.py:208} INFO - Processing /opt/airflow/dags/satelite/satelite.py took 0.520 seconds
[2024-09-15T02:37:55.140+0000] {processor.py:186} INFO - Started process (PID=198) to work on /opt/airflow/dags/satelite/satelite.py
[2024-09-15T02:37:55.240+0000] {processor.py:914} INFO - Processing file /opt/airflow/dags/satelite/satelite.py for tasks to queue
[2024-09-15T02:37:55.245+0000] {logging_mixin.py:190} INFO - [2024-09-15T02:37:55.244+0000] {dagbag.py:587} INFO - Filling up the DagBag from /opt/airflow/dags/satelite/satelite.py
[2024-09-15T02:37:55.270+0000] {processor.py:925} INFO - DAG(s) 'satelite' retrieved from /opt/airflow/dags/satelite/satelite.py
[2024-09-15T02:37:55.326+0000] {logging_mixin.py:190} INFO - [2024-09-15T02:37:55.326+0000] {dag.py:3211} INFO - Sync 1 DAGs
[2024-09-15T02:37:55.406+0000] {logging_mixin.py:190} INFO - [2024-09-15T02:37:55.406+0000] {dag.py:4138} INFO - Setting next_dagrun for satelite to 2024-01-01 00:00:00+00:00, run_after=2024-01-01 00:05:00+00:00
[2024-09-15T02:37:55.466+0000] {processor.py:208} INFO - Processing /opt/airflow/dags/satelite/satelite.py took 0.337 seconds
[2024-09-15T02:38:25.758+0000] {processor.py:186} INFO - Started process (PID=207) to work on /opt/airflow/dags/satelite/satelite.py
[2024-09-15T02:38:25.777+0000] {processor.py:914} INFO - Processing file /opt/airflow/dags/satelite/satelite.py for tasks to queue
[2024-09-15T02:38:25.782+0000] {logging_mixin.py:190} INFO - [2024-09-15T02:38:25.781+0000] {dagbag.py:587} INFO - Filling up the DagBag from /opt/airflow/dags/satelite/satelite.py
[2024-09-15T02:38:25.803+0000] {processor.py:925} INFO - DAG(s) 'satelite' retrieved from /opt/airflow/dags/satelite/satelite.py
[2024-09-15T02:38:25.855+0000] {logging_mixin.py:190} INFO - [2024-09-15T02:38:25.854+0000] {dag.py:3211} INFO - Sync 1 DAGs
[2024-09-15T02:38:25.917+0000] {logging_mixin.py:190} INFO - [2024-09-15T02:38:25.916+0000] {dag.py:4138} INFO - Setting next_dagrun for satelite to 2024-01-01 00:00:00+00:00, run_after=2024-01-01 00:05:00+00:00
[2024-09-15T02:38:25.947+0000] {processor.py:208} INFO - Processing /opt/airflow/dags/satelite/satelite.py took 0.210 seconds
[2024-09-15T02:38:56.219+0000] {processor.py:186} INFO - Started process (PID=216) to work on /opt/airflow/dags/satelite/satelite.py
[2024-09-15T02:38:56.290+0000] {processor.py:914} INFO - Processing file /opt/airflow/dags/satelite/satelite.py for tasks to queue
[2024-09-15T02:38:56.295+0000] {logging_mixin.py:190} INFO - [2024-09-15T02:38:56.294+0000] {dagbag.py:587} INFO - Filling up the DagBag from /opt/airflow/dags/satelite/satelite.py
[2024-09-15T02:38:56.315+0000] {processor.py:925} INFO - DAG(s) 'satelite' retrieved from /opt/airflow/dags/satelite/satelite.py
[2024-09-15T02:38:56.357+0000] {logging_mixin.py:190} INFO - [2024-09-15T02:38:56.356+0000] {dag.py:3211} INFO - Sync 1 DAGs
[2024-09-15T02:38:56.405+0000] {logging_mixin.py:190} INFO - [2024-09-15T02:38:56.405+0000] {dag.py:4138} INFO - Setting next_dagrun for satelite to 2024-01-01 00:00:00+00:00, run_after=2024-01-01 00:05:00+00:00
[2024-09-15T02:38:56.434+0000] {processor.py:208} INFO - Processing /opt/airflow/dags/satelite/satelite.py took 0.238 seconds
[2024-09-15T02:39:26.512+0000] {processor.py:186} INFO - Started process (PID=225) to work on /opt/airflow/dags/satelite/satelite.py
[2024-09-15T02:39:26.538+0000] {processor.py:914} INFO - Processing file /opt/airflow/dags/satelite/satelite.py for tasks to queue
[2024-09-15T02:39:26.552+0000] {logging_mixin.py:190} INFO - [2024-09-15T02:39:26.550+0000] {dagbag.py:587} INFO - Filling up the DagBag from /opt/airflow/dags/satelite/satelite.py
[2024-09-15T02:39:26.636+0000] {processor.py:925} INFO - DAG(s) 'satelite' retrieved from /opt/airflow/dags/satelite/satelite.py
[2024-09-15T02:39:26.707+0000] {logging_mixin.py:190} INFO - [2024-09-15T02:39:26.707+0000] {dag.py:3211} INFO - Sync 1 DAGs
[2024-09-15T02:39:26.775+0000] {logging_mixin.py:190} INFO - [2024-09-15T02:39:26.775+0000] {dag.py:4138} INFO - Setting next_dagrun for satelite to 2024-01-01 00:00:00+00:00, run_after=2024-01-01 00:05:00+00:00
[2024-09-15T02:39:26.852+0000] {processor.py:208} INFO - Processing /opt/airflow/dags/satelite/satelite.py took 0.365 seconds
[2024-09-15T02:39:57.172+0000] {processor.py:186} INFO - Started process (PID=234) to work on /opt/airflow/dags/satelite/satelite.py
[2024-09-15T02:39:57.253+0000] {processor.py:914} INFO - Processing file /opt/airflow/dags/satelite/satelite.py for tasks to queue
[2024-09-15T02:39:57.256+0000] {logging_mixin.py:190} INFO - [2024-09-15T02:39:57.256+0000] {dagbag.py:587} INFO - Filling up the DagBag from /opt/airflow/dags/satelite/satelite.py
[2024-09-15T02:39:57.277+0000] {processor.py:925} INFO - DAG(s) 'satelite' retrieved from /opt/airflow/dags/satelite/satelite.py
[2024-09-15T02:39:57.329+0000] {logging_mixin.py:190} INFO - [2024-09-15T02:39:57.327+0000] {dag.py:3211} INFO - Sync 1 DAGs
[2024-09-15T02:39:57.419+0000] {logging_mixin.py:190} INFO - [2024-09-15T02:39:57.419+0000] {dag.py:4138} INFO - Setting next_dagrun for satelite to 2024-01-01 00:00:00+00:00, run_after=2024-01-01 00:05:00+00:00
[2024-09-15T02:39:57.461+0000] {processor.py:208} INFO - Processing /opt/airflow/dags/satelite/satelite.py took 0.301 seconds
[2024-09-15T02:40:27.708+0000] {processor.py:186} INFO - Started process (PID=243) to work on /opt/airflow/dags/satelite/satelite.py
[2024-09-15T02:40:27.744+0000] {processor.py:914} INFO - Processing file /opt/airflow/dags/satelite/satelite.py for tasks to queue
[2024-09-15T02:40:27.748+0000] {logging_mixin.py:190} INFO - [2024-09-15T02:40:27.748+0000] {dagbag.py:587} INFO - Filling up the DagBag from /opt/airflow/dags/satelite/satelite.py
[2024-09-15T02:40:27.768+0000] {processor.py:925} INFO - DAG(s) 'satelite' retrieved from /opt/airflow/dags/satelite/satelite.py
[2024-09-15T02:40:27.811+0000] {logging_mixin.py:190} INFO - [2024-09-15T02:40:27.810+0000] {dag.py:3211} INFO - Sync 1 DAGs
[2024-09-15T02:40:27.881+0000] {logging_mixin.py:190} INFO - [2024-09-15T02:40:27.881+0000] {dag.py:4138} INFO - Setting next_dagrun for satelite to 2024-01-01 00:00:00+00:00, run_after=2024-01-01 00:05:00+00:00
[2024-09-15T02:40:27.921+0000] {processor.py:208} INFO - Processing /opt/airflow/dags/satelite/satelite.py took 0.224 seconds
[2024-09-15T02:40:58.252+0000] {processor.py:186} INFO - Started process (PID=252) to work on /opt/airflow/dags/satelite/satelite.py
[2024-09-15T02:40:58.268+0000] {processor.py:914} INFO - Processing file /opt/airflow/dags/satelite/satelite.py for tasks to queue
[2024-09-15T02:40:58.272+0000] {logging_mixin.py:190} INFO - [2024-09-15T02:40:58.271+0000] {dagbag.py:587} INFO - Filling up the DagBag from /opt/airflow/dags/satelite/satelite.py
[2024-09-15T02:40:58.286+0000] {processor.py:925} INFO - DAG(s) 'satelite' retrieved from /opt/airflow/dags/satelite/satelite.py
[2024-09-15T02:40:58.330+0000] {logging_mixin.py:190} INFO - [2024-09-15T02:40:58.330+0000] {dag.py:3211} INFO - Sync 1 DAGs
[2024-09-15T02:40:58.401+0000] {logging_mixin.py:190} INFO - [2024-09-15T02:40:58.400+0000] {dag.py:4138} INFO - Setting next_dagrun for satelite to 2024-01-01 00:00:00+00:00, run_after=2024-01-01 00:05:00+00:00
[2024-09-15T02:40:58.464+0000] {processor.py:208} INFO - Processing /opt/airflow/dags/satelite/satelite.py took 0.225 seconds
[2024-09-15T02:41:28.755+0000] {processor.py:186} INFO - Started process (PID=261) to work on /opt/airflow/dags/satelite/satelite.py
[2024-09-15T02:41:28.792+0000] {processor.py:914} INFO - Processing file /opt/airflow/dags/satelite/satelite.py for tasks to queue
[2024-09-15T02:41:28.798+0000] {logging_mixin.py:190} INFO - [2024-09-15T02:41:28.797+0000] {dagbag.py:587} INFO - Filling up the DagBag from /opt/airflow/dags/satelite/satelite.py
[2024-09-15T02:41:28.818+0000] {processor.py:925} INFO - DAG(s) 'satelite' retrieved from /opt/airflow/dags/satelite/satelite.py
[2024-09-15T02:41:28.875+0000] {logging_mixin.py:190} INFO - [2024-09-15T02:41:28.875+0000] {dag.py:3211} INFO - Sync 1 DAGs
[2024-09-15T02:41:28.950+0000] {logging_mixin.py:190} INFO - [2024-09-15T02:41:28.949+0000] {dag.py:4138} INFO - Setting next_dagrun for satelite to 2024-01-01 00:00:00+00:00, run_after=2024-01-01 00:05:00+00:00
[2024-09-15T02:41:28.983+0000] {processor.py:208} INFO - Processing /opt/airflow/dags/satelite/satelite.py took 0.241 seconds
[2024-09-15T02:41:59.247+0000] {processor.py:186} INFO - Started process (PID=270) to work on /opt/airflow/dags/satelite/satelite.py
[2024-09-15T02:41:59.288+0000] {processor.py:914} INFO - Processing file /opt/airflow/dags/satelite/satelite.py for tasks to queue
[2024-09-15T02:41:59.294+0000] {logging_mixin.py:190} INFO - [2024-09-15T02:41:59.293+0000] {dagbag.py:587} INFO - Filling up the DagBag from /opt/airflow/dags/satelite/satelite.py
[2024-09-15T02:41:59.312+0000] {processor.py:925} INFO - DAG(s) 'satelite' retrieved from /opt/airflow/dags/satelite/satelite.py
[2024-09-15T02:41:59.352+0000] {logging_mixin.py:190} INFO - [2024-09-15T02:41:59.351+0000] {dag.py:3211} INFO - Sync 1 DAGs
[2024-09-15T02:41:59.405+0000] {logging_mixin.py:190} INFO - [2024-09-15T02:41:59.405+0000] {dag.py:4138} INFO - Setting next_dagrun for satelite to 2024-01-01 00:00:00+00:00, run_after=2024-01-01 00:05:00+00:00
[2024-09-15T02:41:59.435+0000] {processor.py:208} INFO - Processing /opt/airflow/dags/satelite/satelite.py took 0.198 seconds
[2024-09-15T02:42:29.742+0000] {processor.py:186} INFO - Started process (PID=278) to work on /opt/airflow/dags/satelite/satelite.py
[2024-09-15T02:42:29.757+0000] {processor.py:914} INFO - Processing file /opt/airflow/dags/satelite/satelite.py for tasks to queue
[2024-09-15T02:42:29.761+0000] {logging_mixin.py:190} INFO - [2024-09-15T02:42:29.761+0000] {dagbag.py:587} INFO - Filling up the DagBag from /opt/airflow/dags/satelite/satelite.py
[2024-09-15T02:42:29.834+0000] {processor.py:925} INFO - DAG(s) 'satelite' retrieved from /opt/airflow/dags/satelite/satelite.py
[2024-09-15T02:42:30.011+0000] {logging_mixin.py:190} INFO - [2024-09-15T02:42:30.010+0000] {dag.py:3211} INFO - Sync 1 DAGs
[2024-09-15T02:42:30.100+0000] {logging_mixin.py:190} INFO - [2024-09-15T02:42:30.099+0000] {dag.py:4138} INFO - Setting next_dagrun for satelite to 2024-01-01 00:00:00+00:00, run_after=2024-01-01 00:05:00+00:00
[2024-09-15T02:42:30.139+0000] {processor.py:208} INFO - Processing /opt/airflow/dags/satelite/satelite.py took 0.420 seconds
[2024-09-15T02:43:00.426+0000] {processor.py:186} INFO - Started process (PID=287) to work on /opt/airflow/dags/satelite/satelite.py
[2024-09-15T02:43:00.470+0000] {processor.py:914} INFO - Processing file /opt/airflow/dags/satelite/satelite.py for tasks to queue
[2024-09-15T02:43:00.474+0000] {logging_mixin.py:190} INFO - [2024-09-15T02:43:00.474+0000] {dagbag.py:587} INFO - Filling up the DagBag from /opt/airflow/dags/satelite/satelite.py
[2024-09-15T02:43:00.496+0000] {processor.py:925} INFO - DAG(s) 'satelite' retrieved from /opt/airflow/dags/satelite/satelite.py
[2024-09-15T02:43:00.572+0000] {logging_mixin.py:190} INFO - [2024-09-15T02:43:00.572+0000] {dag.py:3211} INFO - Sync 1 DAGs
[2024-09-15T02:43:00.657+0000] {logging_mixin.py:190} INFO - [2024-09-15T02:43:00.656+0000] {dag.py:4138} INFO - Setting next_dagrun for satelite to 2024-01-01 00:00:00+00:00, run_after=2024-01-01 00:05:00+00:00
[2024-09-15T02:43:00.716+0000] {processor.py:208} INFO - Processing /opt/airflow/dags/satelite/satelite.py took 0.326 seconds
[2024-09-15T02:43:31.018+0000] {processor.py:186} INFO - Started process (PID=296) to work on /opt/airflow/dags/satelite/satelite.py
[2024-09-15T02:43:31.019+0000] {processor.py:914} INFO - Processing file /opt/airflow/dags/satelite/satelite.py for tasks to queue
[2024-09-15T02:43:31.022+0000] {logging_mixin.py:190} INFO - [2024-09-15T02:43:31.021+0000] {dagbag.py:587} INFO - Filling up the DagBag from /opt/airflow/dags/satelite/satelite.py
[2024-09-15T02:43:31.041+0000] {processor.py:925} INFO - DAG(s) 'satelite' retrieved from /opt/airflow/dags/satelite/satelite.py
[2024-09-15T02:43:31.090+0000] {logging_mixin.py:190} INFO - [2024-09-15T02:43:31.089+0000] {dag.py:3211} INFO - Sync 1 DAGs
[2024-09-15T02:43:31.167+0000] {logging_mixin.py:190} INFO - [2024-09-15T02:43:31.167+0000] {dag.py:4138} INFO - Setting next_dagrun for satelite to 2024-01-01 00:00:00+00:00, run_after=2024-01-01 00:05:00+00:00
[2024-09-15T02:43:31.211+0000] {processor.py:208} INFO - Processing /opt/airflow/dags/satelite/satelite.py took 0.205 seconds
[2024-09-15T02:44:01.501+0000] {processor.py:186} INFO - Started process (PID=305) to work on /opt/airflow/dags/satelite/satelite.py
[2024-09-15T02:44:01.502+0000] {processor.py:914} INFO - Processing file /opt/airflow/dags/satelite/satelite.py for tasks to queue
[2024-09-15T02:44:01.508+0000] {logging_mixin.py:190} INFO - [2024-09-15T02:44:01.507+0000] {dagbag.py:587} INFO - Filling up the DagBag from /opt/airflow/dags/satelite/satelite.py
[2024-09-15T02:44:01.526+0000] {processor.py:925} INFO - DAG(s) 'satelite' retrieved from /opt/airflow/dags/satelite/satelite.py
[2024-09-15T02:44:01.575+0000] {logging_mixin.py:190} INFO - [2024-09-15T02:44:01.574+0000] {dag.py:3211} INFO - Sync 1 DAGs
[2024-09-15T02:44:01.640+0000] {logging_mixin.py:190} INFO - [2024-09-15T02:44:01.639+0000] {dag.py:4138} INFO - Setting next_dagrun for satelite to 2024-01-01 00:00:00+00:00, run_after=2024-01-01 00:05:00+00:00
[2024-09-15T02:44:01.677+0000] {processor.py:208} INFO - Processing /opt/airflow/dags/satelite/satelite.py took 0.189 seconds
[2024-09-15T02:44:31.980+0000] {processor.py:186} INFO - Started process (PID=314) to work on /opt/airflow/dags/satelite/satelite.py
[2024-09-15T02:44:31.998+0000] {processor.py:914} INFO - Processing file /opt/airflow/dags/satelite/satelite.py for tasks to queue
[2024-09-15T02:44:32.003+0000] {logging_mixin.py:190} INFO - [2024-09-15T02:44:32.002+0000] {dagbag.py:587} INFO - Filling up the DagBag from /opt/airflow/dags/satelite/satelite.py
[2024-09-15T02:44:32.017+0000] {processor.py:925} INFO - DAG(s) 'satelite' retrieved from /opt/airflow/dags/satelite/satelite.py
[2024-09-15T02:44:32.053+0000] {logging_mixin.py:190} INFO - [2024-09-15T02:44:32.052+0000] {dag.py:3211} INFO - Sync 1 DAGs
[2024-09-15T02:44:32.107+0000] {logging_mixin.py:190} INFO - [2024-09-15T02:44:32.106+0000] {dag.py:4138} INFO - Setting next_dagrun for satelite to 2024-01-01 00:00:00+00:00, run_after=2024-01-01 00:05:00+00:00
[2024-09-15T02:44:32.139+0000] {processor.py:208} INFO - Processing /opt/airflow/dags/satelite/satelite.py took 0.171 seconds
[2024-09-15T02:45:02.502+0000] {processor.py:186} INFO - Started process (PID=323) to work on /opt/airflow/dags/satelite/satelite.py
[2024-09-15T02:45:02.503+0000] {processor.py:914} INFO - Processing file /opt/airflow/dags/satelite/satelite.py for tasks to queue
[2024-09-15T02:45:02.510+0000] {logging_mixin.py:190} INFO - [2024-09-15T02:45:02.508+0000] {dagbag.py:587} INFO - Filling up the DagBag from /opt/airflow/dags/satelite/satelite.py
[2024-09-15T02:45:02.539+0000] {processor.py:925} INFO - DAG(s) 'satelite' retrieved from /opt/airflow/dags/satelite/satelite.py
[2024-09-15T02:45:02.595+0000] {logging_mixin.py:190} INFO - [2024-09-15T02:45:02.594+0000] {dag.py:3211} INFO - Sync 1 DAGs
[2024-09-15T02:45:02.677+0000] {logging_mixin.py:190} INFO - [2024-09-15T02:45:02.676+0000] {dag.py:4138} INFO - Setting next_dagrun for satelite to 2024-01-01 00:00:00+00:00, run_after=2024-01-01 00:05:00+00:00
[2024-09-15T02:45:02.725+0000] {processor.py:208} INFO - Processing /opt/airflow/dags/satelite/satelite.py took 0.242 seconds
[2024-09-15T02:45:33.037+0000] {processor.py:186} INFO - Started process (PID=332) to work on /opt/airflow/dags/satelite/satelite.py
[2024-09-15T02:45:33.058+0000] {processor.py:914} INFO - Processing file /opt/airflow/dags/satelite/satelite.py for tasks to queue
[2024-09-15T02:45:33.065+0000] {logging_mixin.py:190} INFO - [2024-09-15T02:45:33.064+0000] {dagbag.py:587} INFO - Filling up the DagBag from /opt/airflow/dags/satelite/satelite.py
[2024-09-15T02:45:33.088+0000] {processor.py:925} INFO - DAG(s) 'satelite' retrieved from /opt/airflow/dags/satelite/satelite.py
[2024-09-15T02:45:33.136+0000] {logging_mixin.py:190} INFO - [2024-09-15T02:45:33.136+0000] {dag.py:3211} INFO - Sync 1 DAGs
[2024-09-15T02:45:33.207+0000] {logging_mixin.py:190} INFO - [2024-09-15T02:45:33.207+0000] {dag.py:4138} INFO - Setting next_dagrun for satelite to 2024-01-01 00:00:00+00:00, run_after=2024-01-01 00:05:00+00:00
[2024-09-15T02:45:33.250+0000] {processor.py:208} INFO - Processing /opt/airflow/dags/satelite/satelite.py took 0.233 seconds
[2024-09-15T02:46:03.626+0000] {processor.py:186} INFO - Started process (PID=341) to work on /opt/airflow/dags/satelite/satelite.py
[2024-09-15T02:46:03.641+0000] {processor.py:914} INFO - Processing file /opt/airflow/dags/satelite/satelite.py for tasks to queue
[2024-09-15T02:46:03.665+0000] {logging_mixin.py:190} INFO - [2024-09-15T02:46:03.664+0000] {dagbag.py:587} INFO - Filling up the DagBag from /opt/airflow/dags/satelite/satelite.py
[2024-09-15T02:46:03.703+0000] {processor.py:925} INFO - DAG(s) 'satelite' retrieved from /opt/airflow/dags/satelite/satelite.py
[2024-09-15T02:46:03.795+0000] {logging_mixin.py:190} INFO - [2024-09-15T02:46:03.794+0000] {dag.py:3211} INFO - Sync 1 DAGs
[2024-09-15T02:46:03.907+0000] {logging_mixin.py:190} INFO - [2024-09-15T02:46:03.907+0000] {dag.py:4138} INFO - Setting next_dagrun for satelite to 2024-01-01 00:00:00+00:00, run_after=2024-01-01 00:05:00+00:00
[2024-09-15T02:46:04.006+0000] {processor.py:208} INFO - Processing /opt/airflow/dags/satelite/satelite.py took 0.399 seconds
[2024-09-15T02:46:34.351+0000] {processor.py:186} INFO - Started process (PID=350) to work on /opt/airflow/dags/satelite/satelite.py
[2024-09-15T02:46:34.365+0000] {processor.py:914} INFO - Processing file /opt/airflow/dags/satelite/satelite.py for tasks to queue
[2024-09-15T02:46:34.372+0000] {logging_mixin.py:190} INFO - [2024-09-15T02:46:34.372+0000] {dagbag.py:587} INFO - Filling up the DagBag from /opt/airflow/dags/satelite/satelite.py
[2024-09-15T02:46:34.403+0000] {processor.py:925} INFO - DAG(s) 'satelite' retrieved from /opt/airflow/dags/satelite/satelite.py
[2024-09-15T02:46:34.466+0000] {logging_mixin.py:190} INFO - [2024-09-15T02:46:34.465+0000] {dag.py:3211} INFO - Sync 1 DAGs
[2024-09-15T02:46:34.535+0000] {logging_mixin.py:190} INFO - [2024-09-15T02:46:34.535+0000] {dag.py:4138} INFO - Setting next_dagrun for satelite to 2024-01-01 00:00:00+00:00, run_after=2024-01-01 00:05:00+00:00
[2024-09-15T02:46:34.582+0000] {processor.py:208} INFO - Processing /opt/airflow/dags/satelite/satelite.py took 0.247 seconds
[2024-09-15T02:47:04.951+0000] {processor.py:186} INFO - Started process (PID=358) to work on /opt/airflow/dags/satelite/satelite.py
[2024-09-15T02:47:05.090+0000] {processor.py:914} INFO - Processing file /opt/airflow/dags/satelite/satelite.py for tasks to queue
[2024-09-15T02:47:05.095+0000] {logging_mixin.py:190} INFO - [2024-09-15T02:47:05.094+0000] {dagbag.py:587} INFO - Filling up the DagBag from /opt/airflow/dags/satelite/satelite.py
[2024-09-15T02:47:05.110+0000] {processor.py:925} INFO - DAG(s) 'satelite' retrieved from /opt/airflow/dags/satelite/satelite.py
[2024-09-15T02:47:05.141+0000] {logging_mixin.py:190} INFO - [2024-09-15T02:47:05.140+0000] {dag.py:3211} INFO - Sync 1 DAGs
[2024-09-15T02:47:05.197+0000] {logging_mixin.py:190} INFO - [2024-09-15T02:47:05.196+0000] {dag.py:4138} INFO - Setting next_dagrun for satelite to 2024-01-01 00:00:00+00:00, run_after=2024-01-01 00:05:00+00:00
[2024-09-15T02:47:05.237+0000] {processor.py:208} INFO - Processing /opt/airflow/dags/satelite/satelite.py took 0.302 seconds
[2024-09-15T02:47:35.544+0000] {processor.py:186} INFO - Started process (PID=367) to work on /opt/airflow/dags/satelite/satelite.py
[2024-09-15T02:47:35.546+0000] {processor.py:914} INFO - Processing file /opt/airflow/dags/satelite/satelite.py for tasks to queue
[2024-09-15T02:47:35.555+0000] {logging_mixin.py:190} INFO - [2024-09-15T02:47:35.555+0000] {dagbag.py:587} INFO - Filling up the DagBag from /opt/airflow/dags/satelite/satelite.py
[2024-09-15T02:47:35.579+0000] {processor.py:925} INFO - DAG(s) 'satelite' retrieved from /opt/airflow/dags/satelite/satelite.py
[2024-09-15T02:47:35.643+0000] {logging_mixin.py:190} INFO - [2024-09-15T02:47:35.643+0000] {dag.py:3211} INFO - Sync 1 DAGs
[2024-09-15T02:47:35.709+0000] {logging_mixin.py:190} INFO - [2024-09-15T02:47:35.709+0000] {dag.py:4138} INFO - Setting next_dagrun for satelite to 2024-01-01 00:00:00+00:00, run_after=2024-01-01 00:05:00+00:00
[2024-09-15T02:47:35.753+0000] {processor.py:208} INFO - Processing /opt/airflow/dags/satelite/satelite.py took 0.225 seconds
[2024-09-15T02:48:06.063+0000] {processor.py:186} INFO - Started process (PID=376) to work on /opt/airflow/dags/satelite/satelite.py
[2024-09-15T02:48:06.082+0000] {processor.py:914} INFO - Processing file /opt/airflow/dags/satelite/satelite.py for tasks to queue
[2024-09-15T02:48:06.087+0000] {logging_mixin.py:190} INFO - [2024-09-15T02:48:06.087+0000] {dagbag.py:587} INFO - Filling up the DagBag from /opt/airflow/dags/satelite/satelite.py
[2024-09-15T02:48:06.102+0000] {processor.py:925} INFO - DAG(s) 'satelite' retrieved from /opt/airflow/dags/satelite/satelite.py
[2024-09-15T02:48:06.141+0000] {logging_mixin.py:190} INFO - [2024-09-15T02:48:06.141+0000] {dag.py:3211} INFO - Sync 1 DAGs
[2024-09-15T02:48:06.209+0000] {logging_mixin.py:190} INFO - [2024-09-15T02:48:06.208+0000] {dag.py:4138} INFO - Setting next_dagrun for satelite to 2024-01-01 00:00:00+00:00, run_after=2024-01-01 00:05:00+00:00
[2024-09-15T02:48:06.247+0000] {processor.py:208} INFO - Processing /opt/airflow/dags/satelite/satelite.py took 0.195 seconds
[2024-09-15T02:48:36.518+0000] {processor.py:186} INFO - Started process (PID=385) to work on /opt/airflow/dags/satelite/satelite.py
[2024-09-15T02:48:36.520+0000] {processor.py:914} INFO - Processing file /opt/airflow/dags/satelite/satelite.py for tasks to queue
[2024-09-15T02:48:36.528+0000] {logging_mixin.py:190} INFO - [2024-09-15T02:48:36.527+0000] {dagbag.py:587} INFO - Filling up the DagBag from /opt/airflow/dags/satelite/satelite.py
[2024-09-15T02:48:36.548+0000] {processor.py:925} INFO - DAG(s) 'satelite' retrieved from /opt/airflow/dags/satelite/satelite.py
[2024-09-15T02:48:36.604+0000] {logging_mixin.py:190} INFO - [2024-09-15T02:48:36.604+0000] {dag.py:3211} INFO - Sync 1 DAGs
[2024-09-15T02:48:36.711+0000] {logging_mixin.py:190} INFO - [2024-09-15T02:48:36.711+0000] {dag.py:4138} INFO - Setting next_dagrun for satelite to 2024-01-01 00:00:00+00:00, run_after=2024-01-01 00:05:00+00:00
[2024-09-15T02:48:36.752+0000] {processor.py:208} INFO - Processing /opt/airflow/dags/satelite/satelite.py took 0.248 seconds
[2024-09-15T02:49:07.070+0000] {processor.py:186} INFO - Started process (PID=394) to work on /opt/airflow/dags/satelite/satelite.py
[2024-09-15T02:49:07.087+0000] {processor.py:914} INFO - Processing file /opt/airflow/dags/satelite/satelite.py for tasks to queue
[2024-09-15T02:49:07.092+0000] {logging_mixin.py:190} INFO - [2024-09-15T02:49:07.092+0000] {dagbag.py:587} INFO - Filling up the DagBag from /opt/airflow/dags/satelite/satelite.py
[2024-09-15T02:49:07.112+0000] {processor.py:925} INFO - DAG(s) 'satelite' retrieved from /opt/airflow/dags/satelite/satelite.py
[2024-09-15T02:49:07.154+0000] {logging_mixin.py:190} INFO - [2024-09-15T02:49:07.154+0000] {dag.py:3211} INFO - Sync 1 DAGs
[2024-09-15T02:49:07.215+0000] {logging_mixin.py:190} INFO - [2024-09-15T02:49:07.215+0000] {dag.py:4138} INFO - Setting next_dagrun for satelite to 2024-01-01 00:00:00+00:00, run_after=2024-01-01 00:05:00+00:00
[2024-09-15T02:49:07.254+0000] {processor.py:208} INFO - Processing /opt/airflow/dags/satelite/satelite.py took 0.203 seconds
[2024-09-15T02:49:37.546+0000] {processor.py:186} INFO - Started process (PID=402) to work on /opt/airflow/dags/satelite/satelite.py
[2024-09-15T02:49:37.549+0000] {processor.py:914} INFO - Processing file /opt/airflow/dags/satelite/satelite.py for tasks to queue
[2024-09-15T02:49:37.554+0000] {logging_mixin.py:190} INFO - [2024-09-15T02:49:37.553+0000] {dagbag.py:587} INFO - Filling up the DagBag from /opt/airflow/dags/satelite/satelite.py
[2024-09-15T02:49:37.582+0000] {processor.py:925} INFO - DAG(s) 'satelite' retrieved from /opt/airflow/dags/satelite/satelite.py
[2024-09-15T02:49:37.639+0000] {logging_mixin.py:190} INFO - [2024-09-15T02:49:37.638+0000] {dag.py:3211} INFO - Sync 1 DAGs
[2024-09-15T02:49:37.742+0000] {logging_mixin.py:190} INFO - [2024-09-15T02:49:37.742+0000] {dag.py:4138} INFO - Setting next_dagrun for satelite to 2024-01-01 00:00:00+00:00, run_after=2024-01-01 00:05:00+00:00
[2024-09-15T02:49:37.786+0000] {processor.py:208} INFO - Processing /opt/airflow/dags/satelite/satelite.py took 0.255 seconds
[2024-09-15T02:50:08.117+0000] {processor.py:186} INFO - Started process (PID=411) to work on /opt/airflow/dags/satelite/satelite.py
[2024-09-15T02:50:08.133+0000] {processor.py:914} INFO - Processing file /opt/airflow/dags/satelite/satelite.py for tasks to queue
[2024-09-15T02:50:08.142+0000] {logging_mixin.py:190} INFO - [2024-09-15T02:50:08.141+0000] {dagbag.py:587} INFO - Filling up the DagBag from /opt/airflow/dags/satelite/satelite.py
[2024-09-15T02:50:08.165+0000] {processor.py:925} INFO - DAG(s) 'satelite' retrieved from /opt/airflow/dags/satelite/satelite.py
[2024-09-15T02:50:08.209+0000] {logging_mixin.py:190} INFO - [2024-09-15T02:50:08.208+0000] {dag.py:3211} INFO - Sync 1 DAGs
[2024-09-15T02:50:08.308+0000] {logging_mixin.py:190} INFO - [2024-09-15T02:50:08.307+0000] {dag.py:4138} INFO - Setting next_dagrun for satelite to 2024-01-01 00:00:00+00:00, run_after=2024-01-01 00:05:00+00:00
[2024-09-15T02:50:08.357+0000] {processor.py:208} INFO - Processing /opt/airflow/dags/satelite/satelite.py took 0.252 seconds
[2024-09-15T02:50:38.617+0000] {processor.py:186} INFO - Started process (PID=419) to work on /opt/airflow/dags/satelite/satelite.py
[2024-09-15T02:50:38.618+0000] {processor.py:914} INFO - Processing file /opt/airflow/dags/satelite/satelite.py for tasks to queue
[2024-09-15T02:50:38.623+0000] {logging_mixin.py:190} INFO - [2024-09-15T02:50:38.622+0000] {dagbag.py:587} INFO - Filling up the DagBag from /opt/airflow/dags/satelite/satelite.py
[2024-09-15T02:50:38.644+0000] {processor.py:925} INFO - DAG(s) 'satelite' retrieved from /opt/airflow/dags/satelite/satelite.py
[2024-09-15T02:50:38.688+0000] {logging_mixin.py:190} INFO - [2024-09-15T02:50:38.687+0000] {dag.py:3211} INFO - Sync 1 DAGs
[2024-09-15T02:50:38.757+0000] {logging_mixin.py:190} INFO - [2024-09-15T02:50:38.757+0000] {dag.py:4138} INFO - Setting next_dagrun for satelite to 2024-01-01 00:00:00+00:00, run_after=2024-01-01 00:05:00+00:00
[2024-09-15T02:50:38.786+0000] {processor.py:208} INFO - Processing /opt/airflow/dags/satelite/satelite.py took 0.182 seconds
[2024-09-15T02:51:09.067+0000] {processor.py:186} INFO - Started process (PID=428) to work on /opt/airflow/dags/satelite/satelite.py
[2024-09-15T02:51:09.082+0000] {processor.py:914} INFO - Processing file /opt/airflow/dags/satelite/satelite.py for tasks to queue
[2024-09-15T02:51:09.087+0000] {logging_mixin.py:190} INFO - [2024-09-15T02:51:09.086+0000] {dagbag.py:587} INFO - Filling up the DagBag from /opt/airflow/dags/satelite/satelite.py
[2024-09-15T02:51:09.114+0000] {processor.py:925} INFO - DAG(s) 'satelite' retrieved from /opt/airflow/dags/satelite/satelite.py
[2024-09-15T02:51:09.160+0000] {logging_mixin.py:190} INFO - [2024-09-15T02:51:09.160+0000] {dag.py:3211} INFO - Sync 1 DAGs
[2024-09-15T02:51:09.256+0000] {logging_mixin.py:190} INFO - [2024-09-15T02:51:09.256+0000] {dag.py:4138} INFO - Setting next_dagrun for satelite to 2024-01-01 00:00:00+00:00, run_after=2024-01-01 00:05:00+00:00
[2024-09-15T02:51:09.315+0000] {processor.py:208} INFO - Processing /opt/airflow/dags/satelite/satelite.py took 0.260 seconds
[2024-09-15T02:51:39.617+0000] {processor.py:186} INFO - Started process (PID=437) to work on /opt/airflow/dags/satelite/satelite.py
[2024-09-15T02:51:39.628+0000] {processor.py:914} INFO - Processing file /opt/airflow/dags/satelite/satelite.py for tasks to queue
[2024-09-15T02:51:39.641+0000] {logging_mixin.py:190} INFO - [2024-09-15T02:51:39.640+0000] {dagbag.py:587} INFO - Filling up the DagBag from /opt/airflow/dags/satelite/satelite.py
[2024-09-15T02:51:39.699+0000] {processor.py:925} INFO - DAG(s) 'satelite' retrieved from /opt/airflow/dags/satelite/satelite.py
[2024-09-15T02:51:39.803+0000] {logging_mixin.py:190} INFO - [2024-09-15T02:51:39.803+0000] {dag.py:3211} INFO - Sync 1 DAGs
[2024-09-15T02:51:39.964+0000] {logging_mixin.py:190} INFO - [2024-09-15T02:51:39.963+0000] {dag.py:4138} INFO - Setting next_dagrun for satelite to 2024-01-01 00:00:00+00:00, run_after=2024-01-01 00:05:00+00:00
[2024-09-15T02:51:40.012+0000] {processor.py:208} INFO - Processing /opt/airflow/dags/satelite/satelite.py took 0.414 seconds
[2024-09-15T02:52:10.301+0000] {processor.py:186} INFO - Started process (PID=447) to work on /opt/airflow/dags/satelite/satelite.py
[2024-09-15T02:52:10.303+0000] {processor.py:914} INFO - Processing file /opt/airflow/dags/satelite/satelite.py for tasks to queue
[2024-09-15T02:52:10.308+0000] {logging_mixin.py:190} INFO - [2024-09-15T02:52:10.308+0000] {dagbag.py:587} INFO - Filling up the DagBag from /opt/airflow/dags/satelite/satelite.py
[2024-09-15T02:52:10.333+0000] {processor.py:925} INFO - DAG(s) 'satelite' retrieved from /opt/airflow/dags/satelite/satelite.py
[2024-09-15T02:52:10.380+0000] {logging_mixin.py:190} INFO - [2024-09-15T02:52:10.380+0000] {dag.py:3211} INFO - Sync 1 DAGs
[2024-09-15T02:52:10.447+0000] {logging_mixin.py:190} INFO - [2024-09-15T02:52:10.447+0000] {dag.py:4138} INFO - Setting next_dagrun for satelite to 2024-01-01 00:00:00+00:00, run_after=2024-01-01 00:05:00+00:00
[2024-09-15T02:52:10.497+0000] {processor.py:208} INFO - Processing /opt/airflow/dags/satelite/satelite.py took 0.212 seconds
[2024-09-15T02:52:40.812+0000] {processor.py:186} INFO - Started process (PID=456) to work on /opt/airflow/dags/satelite/satelite.py
[2024-09-15T02:52:40.834+0000] {processor.py:914} INFO - Processing file /opt/airflow/dags/satelite/satelite.py for tasks to queue
[2024-09-15T02:52:40.839+0000] {logging_mixin.py:190} INFO - [2024-09-15T02:52:40.838+0000] {dagbag.py:587} INFO - Filling up the DagBag from /opt/airflow/dags/satelite/satelite.py
[2024-09-15T02:52:40.867+0000] {processor.py:925} INFO - DAG(s) 'satelite' retrieved from /opt/airflow/dags/satelite/satelite.py
[2024-09-15T02:52:40.915+0000] {logging_mixin.py:190} INFO - [2024-09-15T02:52:40.914+0000] {dag.py:3211} INFO - Sync 1 DAGs
[2024-09-15T02:52:41.005+0000] {logging_mixin.py:190} INFO - [2024-09-15T02:52:41.004+0000] {dag.py:4138} INFO - Setting next_dagrun for satelite to 2024-01-01 00:00:00+00:00, run_after=2024-01-01 00:05:00+00:00
[2024-09-15T02:52:41.055+0000] {processor.py:208} INFO - Processing /opt/airflow/dags/satelite/satelite.py took 0.262 seconds
[2024-09-15T02:53:11.514+0000] {processor.py:186} INFO - Started process (PID=465) to work on /opt/airflow/dags/satelite/satelite.py
[2024-09-15T02:53:11.515+0000] {processor.py:914} INFO - Processing file /opt/airflow/dags/satelite/satelite.py for tasks to queue
[2024-09-15T02:53:11.519+0000] {logging_mixin.py:190} INFO - [2024-09-15T02:53:11.519+0000] {dagbag.py:587} INFO - Filling up the DagBag from /opt/airflow/dags/satelite/satelite.py
[2024-09-15T02:53:11.539+0000] {processor.py:925} INFO - DAG(s) 'satelite' retrieved from /opt/airflow/dags/satelite/satelite.py
[2024-09-15T02:53:11.594+0000] {logging_mixin.py:190} INFO - [2024-09-15T02:53:11.593+0000] {dag.py:3211} INFO - Sync 1 DAGs
[2024-09-15T02:53:11.663+0000] {logging_mixin.py:190} INFO - [2024-09-15T02:53:11.663+0000] {dag.py:4138} INFO - Setting next_dagrun for satelite to 2024-01-01 00:00:00+00:00, run_after=2024-01-01 00:05:00+00:00
[2024-09-15T02:53:11.710+0000] {processor.py:208} INFO - Processing /opt/airflow/dags/satelite/satelite.py took 0.210 seconds
[2024-09-15T02:53:42.006+0000] {processor.py:186} INFO - Started process (PID=474) to work on /opt/airflow/dags/satelite/satelite.py
[2024-09-15T02:53:42.023+0000] {processor.py:914} INFO - Processing file /opt/airflow/dags/satelite/satelite.py for tasks to queue
[2024-09-15T02:53:42.027+0000] {logging_mixin.py:190} INFO - [2024-09-15T02:53:42.026+0000] {dagbag.py:587} INFO - Filling up the DagBag from /opt/airflow/dags/satelite/satelite.py
[2024-09-15T02:53:42.046+0000] {processor.py:925} INFO - DAG(s) 'satelite' retrieved from /opt/airflow/dags/satelite/satelite.py
[2024-09-15T02:53:42.089+0000] {logging_mixin.py:190} INFO - [2024-09-15T02:53:42.089+0000] {dag.py:3211} INFO - Sync 1 DAGs
[2024-09-15T02:53:42.152+0000] {logging_mixin.py:190} INFO - [2024-09-15T02:53:42.152+0000] {dag.py:4138} INFO - Setting next_dagrun for satelite to 2024-01-01 00:00:00+00:00, run_after=2024-01-01 00:05:00+00:00
[2024-09-15T02:53:42.191+0000] {processor.py:208} INFO - Processing /opt/airflow/dags/satelite/satelite.py took 0.197 seconds
[2024-09-15T02:54:12.510+0000] {processor.py:186} INFO - Started process (PID=483) to work on /opt/airflow/dags/satelite/satelite.py
[2024-09-15T02:54:12.512+0000] {processor.py:914} INFO - Processing file /opt/airflow/dags/satelite/satelite.py for tasks to queue
[2024-09-15T02:54:12.526+0000] {logging_mixin.py:190} INFO - [2024-09-15T02:54:12.524+0000] {dagbag.py:587} INFO - Filling up the DagBag from /opt/airflow/dags/satelite/satelite.py
[2024-09-15T02:54:12.553+0000] {processor.py:925} INFO - DAG(s) 'satelite' retrieved from /opt/airflow/dags/satelite/satelite.py
[2024-09-15T02:54:12.625+0000] {logging_mixin.py:190} INFO - [2024-09-15T02:54:12.625+0000] {dag.py:3211} INFO - Sync 1 DAGs
[2024-09-15T02:54:12.700+0000] {logging_mixin.py:190} INFO - [2024-09-15T02:54:12.699+0000] {dag.py:4138} INFO - Setting next_dagrun for satelite to 2024-01-01 00:00:00+00:00, run_after=2024-01-01 00:05:00+00:00
[2024-09-15T02:54:12.745+0000] {processor.py:208} INFO - Processing /opt/airflow/dags/satelite/satelite.py took 0.256 seconds
[2024-09-15T02:54:43.035+0000] {processor.py:186} INFO - Started process (PID=491) to work on /opt/airflow/dags/satelite/satelite.py
[2024-09-15T02:54:43.037+0000] {processor.py:914} INFO - Processing file /opt/airflow/dags/satelite/satelite.py for tasks to queue
[2024-09-15T02:54:43.046+0000] {logging_mixin.py:190} INFO - [2024-09-15T02:54:43.046+0000] {dagbag.py:587} INFO - Filling up the DagBag from /opt/airflow/dags/satelite/satelite.py
[2024-09-15T02:54:43.067+0000] {processor.py:925} INFO - DAG(s) 'satelite' retrieved from /opt/airflow/dags/satelite/satelite.py
[2024-09-15T02:54:43.129+0000] {logging_mixin.py:190} INFO - [2024-09-15T02:54:43.128+0000] {dag.py:3211} INFO - Sync 1 DAGs
[2024-09-15T02:54:43.197+0000] {logging_mixin.py:190} INFO - [2024-09-15T02:54:43.197+0000] {dag.py:4138} INFO - Setting next_dagrun for satelite to 2024-01-01 00:00:00+00:00, run_after=2024-01-01 00:05:00+00:00
[2024-09-15T02:54:43.236+0000] {processor.py:208} INFO - Processing /opt/airflow/dags/satelite/satelite.py took 0.215 seconds
[2024-09-15T02:55:13.591+0000] {processor.py:186} INFO - Started process (PID=500) to work on /opt/airflow/dags/satelite/satelite.py
[2024-09-15T02:55:13.593+0000] {processor.py:914} INFO - Processing file /opt/airflow/dags/satelite/satelite.py for tasks to queue
[2024-09-15T02:55:13.598+0000] {logging_mixin.py:190} INFO - [2024-09-15T02:55:13.597+0000] {dagbag.py:587} INFO - Filling up the DagBag from /opt/airflow/dags/satelite/satelite.py
[2024-09-15T02:55:13.618+0000] {processor.py:925} INFO - DAG(s) 'satelite' retrieved from /opt/airflow/dags/satelite/satelite.py
[2024-09-15T02:55:13.655+0000] {logging_mixin.py:190} INFO - [2024-09-15T02:55:13.655+0000] {dag.py:3211} INFO - Sync 1 DAGs
[2024-09-15T02:55:13.698+0000] {logging_mixin.py:190} INFO - [2024-09-15T02:55:13.697+0000] {dag.py:4138} INFO - Setting next_dagrun for satelite to 2024-01-01 00:00:00+00:00, run_after=2024-01-01 00:05:00+00:00
[2024-09-15T02:55:13.729+0000] {processor.py:208} INFO - Processing /opt/airflow/dags/satelite/satelite.py took 0.150 seconds
[2024-09-15T02:55:44.091+0000] {processor.py:186} INFO - Started process (PID=508) to work on /opt/airflow/dags/satelite/satelite.py
[2024-09-15T02:55:44.094+0000] {processor.py:914} INFO - Processing file /opt/airflow/dags/satelite/satelite.py for tasks to queue
[2024-09-15T02:55:44.106+0000] {logging_mixin.py:190} INFO - [2024-09-15T02:55:44.105+0000] {dagbag.py:587} INFO - Filling up the DagBag from /opt/airflow/dags/satelite/satelite.py
[2024-09-15T02:55:44.164+0000] {processor.py:925} INFO - DAG(s) 'satelite' retrieved from /opt/airflow/dags/satelite/satelite.py
[2024-09-15T02:55:44.265+0000] {logging_mixin.py:190} INFO - [2024-09-15T02:55:44.265+0000] {dag.py:3211} INFO - Sync 1 DAGs
[2024-09-15T02:55:44.392+0000] {logging_mixin.py:190} INFO - [2024-09-15T02:55:44.391+0000] {dag.py:4138} INFO - Setting next_dagrun for satelite to 2024-01-01 00:00:00+00:00, run_after=2024-01-01 00:05:00+00:00
[2024-09-15T02:55:44.464+0000] {processor.py:208} INFO - Processing /opt/airflow/dags/satelite/satelite.py took 0.410 seconds
[2024-09-15T02:56:14.735+0000] {processor.py:186} INFO - Started process (PID=517) to work on /opt/airflow/dags/satelite/satelite.py
[2024-09-15T02:56:14.738+0000] {processor.py:914} INFO - Processing file /opt/airflow/dags/satelite/satelite.py for tasks to queue
[2024-09-15T02:56:14.749+0000] {logging_mixin.py:190} INFO - [2024-09-15T02:56:14.748+0000] {dagbag.py:587} INFO - Filling up the DagBag from /opt/airflow/dags/satelite/satelite.py
[2024-09-15T02:56:14.781+0000] {processor.py:925} INFO - DAG(s) 'satelite' retrieved from /opt/airflow/dags/satelite/satelite.py
[2024-09-15T02:56:14.857+0000] {logging_mixin.py:190} INFO - [2024-09-15T02:56:14.856+0000] {dag.py:3211} INFO - Sync 1 DAGs
[2024-09-15T02:56:14.944+0000] {logging_mixin.py:190} INFO - [2024-09-15T02:56:14.944+0000] {dag.py:4138} INFO - Setting next_dagrun for satelite to 2024-01-01 00:00:00+00:00, run_after=2024-01-01 00:05:00+00:00
[2024-09-15T02:56:14.982+0000] {processor.py:208} INFO - Processing /opt/airflow/dags/satelite/satelite.py took 0.272 seconds
[2024-09-15T02:56:45.274+0000] {processor.py:186} INFO - Started process (PID=526) to work on /opt/airflow/dags/satelite/satelite.py
[2024-09-15T02:56:45.275+0000] {processor.py:914} INFO - Processing file /opt/airflow/dags/satelite/satelite.py for tasks to queue
[2024-09-15T02:56:45.286+0000] {logging_mixin.py:190} INFO - [2024-09-15T02:56:45.286+0000] {dagbag.py:587} INFO - Filling up the DagBag from /opt/airflow/dags/satelite/satelite.py
[2024-09-15T02:56:45.312+0000] {processor.py:925} INFO - DAG(s) 'satelite' retrieved from /opt/airflow/dags/satelite/satelite.py
[2024-09-15T02:56:45.370+0000] {logging_mixin.py:190} INFO - [2024-09-15T02:56:45.369+0000] {dag.py:3211} INFO - Sync 1 DAGs
[2024-09-15T02:56:45.447+0000] {logging_mixin.py:190} INFO - [2024-09-15T02:56:45.446+0000] {dag.py:4138} INFO - Setting next_dagrun for satelite to 2024-01-01 00:00:00+00:00, run_after=2024-01-01 00:05:00+00:00
[2024-09-15T02:56:45.498+0000] {processor.py:208} INFO - Processing /opt/airflow/dags/satelite/satelite.py took 0.244 seconds
[2024-09-15T02:57:15.842+0000] {processor.py:186} INFO - Started process (PID=535) to work on /opt/airflow/dags/satelite/satelite.py
[2024-09-15T02:57:16.087+0000] {processor.py:914} INFO - Processing file /opt/airflow/dags/satelite/satelite.py for tasks to queue
[2024-09-15T02:57:16.092+0000] {logging_mixin.py:190} INFO - [2024-09-15T02:57:16.091+0000] {dagbag.py:587} INFO - Filling up the DagBag from /opt/airflow/dags/satelite/satelite.py
[2024-09-15T02:57:16.139+0000] {processor.py:925} INFO - DAG(s) 'satelite' retrieved from /opt/airflow/dags/satelite/satelite.py
[2024-09-15T02:57:16.205+0000] {logging_mixin.py:190} INFO - [2024-09-15T02:57:16.204+0000] {dag.py:3211} INFO - Sync 1 DAGs
[2024-09-15T02:57:16.315+0000] {logging_mixin.py:190} INFO - [2024-09-15T02:57:16.315+0000] {dag.py:4138} INFO - Setting next_dagrun for satelite to 2024-01-01 00:00:00+00:00, run_after=2024-01-01 00:05:00+00:00
[2024-09-15T02:57:16.382+0000] {processor.py:208} INFO - Processing /opt/airflow/dags/satelite/satelite.py took 0.560 seconds
[2024-09-15T02:57:46.797+0000] {processor.py:186} INFO - Started process (PID=543) to work on /opt/airflow/dags/satelite/satelite.py
[2024-09-15T02:57:46.805+0000] {processor.py:914} INFO - Processing file /opt/airflow/dags/satelite/satelite.py for tasks to queue
[2024-09-15T02:57:46.818+0000] {logging_mixin.py:190} INFO - [2024-09-15T02:57:46.809+0000] {dagbag.py:587} INFO - Filling up the DagBag from /opt/airflow/dags/satelite/satelite.py
[2024-09-15T02:57:46.879+0000] {processor.py:925} INFO - DAG(s) 'satelite' retrieved from /opt/airflow/dags/satelite/satelite.py
[2024-09-15T02:57:46.940+0000] {logging_mixin.py:190} INFO - [2024-09-15T02:57:46.940+0000] {dag.py:3211} INFO - Sync 1 DAGs
[2024-09-15T02:57:47.095+0000] {logging_mixin.py:190} INFO - [2024-09-15T02:57:47.095+0000] {dag.py:4138} INFO - Setting next_dagrun for satelite to 2024-01-01 00:00:00+00:00, run_after=2024-01-01 00:05:00+00:00
[2024-09-15T02:57:47.184+0000] {processor.py:208} INFO - Processing /opt/airflow/dags/satelite/satelite.py took 0.409 seconds
[2024-09-15T02:58:17.464+0000] {processor.py:186} INFO - Started process (PID=552) to work on /opt/airflow/dags/satelite/satelite.py
[2024-09-15T02:58:17.466+0000] {processor.py:914} INFO - Processing file /opt/airflow/dags/satelite/satelite.py for tasks to queue
[2024-09-15T02:58:17.471+0000] {logging_mixin.py:190} INFO - [2024-09-15T02:58:17.470+0000] {dagbag.py:587} INFO - Filling up the DagBag from /opt/airflow/dags/satelite/satelite.py
[2024-09-15T02:58:17.492+0000] {processor.py:925} INFO - DAG(s) 'satelite' retrieved from /opt/airflow/dags/satelite/satelite.py
[2024-09-15T02:58:17.535+0000] {logging_mixin.py:190} INFO - [2024-09-15T02:58:17.535+0000] {dag.py:3211} INFO - Sync 1 DAGs
[2024-09-15T02:58:17.592+0000] {logging_mixin.py:190} INFO - [2024-09-15T02:58:17.592+0000] {dag.py:4138} INFO - Setting next_dagrun for satelite to 2024-01-01 00:00:00+00:00, run_after=2024-01-01 00:05:00+00:00
[2024-09-15T02:58:17.631+0000] {processor.py:208} INFO - Processing /opt/airflow/dags/satelite/satelite.py took 0.179 seconds
[2024-09-15T02:58:47.929+0000] {processor.py:186} INFO - Started process (PID=561) to work on /opt/airflow/dags/satelite/satelite.py
[2024-09-15T02:58:47.947+0000] {processor.py:914} INFO - Processing file /opt/airflow/dags/satelite/satelite.py for tasks to queue
[2024-09-15T02:58:47.955+0000] {logging_mixin.py:190} INFO - [2024-09-15T02:58:47.954+0000] {dagbag.py:587} INFO - Filling up the DagBag from /opt/airflow/dags/satelite/satelite.py
[2024-09-15T02:58:47.983+0000] {processor.py:925} INFO - DAG(s) 'satelite' retrieved from /opt/airflow/dags/satelite/satelite.py
[2024-09-15T02:58:48.046+0000] {logging_mixin.py:190} INFO - [2024-09-15T02:58:48.045+0000] {dag.py:3211} INFO - Sync 1 DAGs
[2024-09-15T02:58:48.136+0000] {logging_mixin.py:190} INFO - [2024-09-15T02:58:48.135+0000] {dag.py:4138} INFO - Setting next_dagrun for satelite to 2024-01-01 00:00:00+00:00, run_after=2024-01-01 00:05:00+00:00
[2024-09-15T02:58:48.177+0000] {processor.py:208} INFO - Processing /opt/airflow/dags/satelite/satelite.py took 0.272 seconds
[2024-09-15T02:59:18.488+0000] {processor.py:186} INFO - Started process (PID=570) to work on /opt/airflow/dags/satelite/satelite.py
[2024-09-15T02:59:18.502+0000] {processor.py:914} INFO - Processing file /opt/airflow/dags/satelite/satelite.py for tasks to queue
[2024-09-15T02:59:18.508+0000] {logging_mixin.py:190} INFO - [2024-09-15T02:59:18.507+0000] {dagbag.py:587} INFO - Filling up the DagBag from /opt/airflow/dags/satelite/satelite.py
[2024-09-15T02:59:18.530+0000] {processor.py:925} INFO - DAG(s) 'satelite' retrieved from /opt/airflow/dags/satelite/satelite.py
[2024-09-15T02:59:18.570+0000] {logging_mixin.py:190} INFO - [2024-09-15T02:59:18.570+0000] {dag.py:3211} INFO - Sync 1 DAGs
[2024-09-15T02:59:18.625+0000] {logging_mixin.py:190} INFO - [2024-09-15T02:59:18.625+0000] {dag.py:4138} INFO - Setting next_dagrun for satelite to 2024-01-01 00:00:00+00:00, run_after=2024-01-01 00:05:00+00:00
[2024-09-15T02:59:18.664+0000] {processor.py:208} INFO - Processing /opt/airflow/dags/satelite/satelite.py took 0.190 seconds
[2024-09-15T02:59:49.014+0000] {processor.py:186} INFO - Started process (PID=579) to work on /opt/airflow/dags/satelite/satelite.py
[2024-09-15T02:59:49.026+0000] {processor.py:914} INFO - Processing file /opt/airflow/dags/satelite/satelite.py for tasks to queue
[2024-09-15T02:59:49.031+0000] {logging_mixin.py:190} INFO - [2024-09-15T02:59:49.030+0000] {dagbag.py:587} INFO - Filling up the DagBag from /opt/airflow/dags/satelite/satelite.py
[2024-09-15T02:59:49.055+0000] {processor.py:925} INFO - DAG(s) 'satelite' retrieved from /opt/airflow/dags/satelite/satelite.py
[2024-09-15T02:59:49.109+0000] {logging_mixin.py:190} INFO - [2024-09-15T02:59:49.108+0000] {dag.py:3211} INFO - Sync 1 DAGs
[2024-09-15T02:59:49.185+0000] {logging_mixin.py:190} INFO - [2024-09-15T02:59:49.185+0000] {dag.py:4138} INFO - Setting next_dagrun for satelite to 2024-01-01 00:00:00+00:00, run_after=2024-01-01 00:05:00+00:00
[2024-09-15T02:59:49.221+0000] {processor.py:208} INFO - Processing /opt/airflow/dags/satelite/satelite.py took 0.221 seconds
[2024-09-15T03:00:19.481+0000] {processor.py:186} INFO - Started process (PID=587) to work on /opt/airflow/dags/satelite/satelite.py
[2024-09-15T03:00:19.483+0000] {processor.py:914} INFO - Processing file /opt/airflow/dags/satelite/satelite.py for tasks to queue
[2024-09-15T03:00:19.488+0000] {logging_mixin.py:190} INFO - [2024-09-15T03:00:19.487+0000] {dagbag.py:587} INFO - Filling up the DagBag from /opt/airflow/dags/satelite/satelite.py
[2024-09-15T03:00:19.504+0000] {processor.py:925} INFO - DAG(s) 'satelite' retrieved from /opt/airflow/dags/satelite/satelite.py
[2024-09-15T03:00:19.550+0000] {logging_mixin.py:190} INFO - [2024-09-15T03:00:19.550+0000] {dag.py:3211} INFO - Sync 1 DAGs
[2024-09-15T03:00:19.611+0000] {logging_mixin.py:190} INFO - [2024-09-15T03:00:19.610+0000] {dag.py:4138} INFO - Setting next_dagrun for satelite to 2024-01-01 00:00:00+00:00, run_after=2024-01-01 00:05:00+00:00
[2024-09-15T03:00:19.641+0000] {processor.py:208} INFO - Processing /opt/airflow/dags/satelite/satelite.py took 0.171 seconds
[2024-09-15T03:00:49.946+0000] {processor.py:186} INFO - Started process (PID=596) to work on /opt/airflow/dags/satelite/satelite.py
[2024-09-15T03:00:49.966+0000] {processor.py:914} INFO - Processing file /opt/airflow/dags/satelite/satelite.py for tasks to queue
[2024-09-15T03:00:49.972+0000] {logging_mixin.py:190} INFO - [2024-09-15T03:00:49.971+0000] {dagbag.py:587} INFO - Filling up the DagBag from /opt/airflow/dags/satelite/satelite.py
[2024-09-15T03:00:50.011+0000] {processor.py:925} INFO - DAG(s) 'satelite' retrieved from /opt/airflow/dags/satelite/satelite.py
[2024-09-15T03:00:50.083+0000] {logging_mixin.py:190} INFO - [2024-09-15T03:00:50.083+0000] {dag.py:3211} INFO - Sync 1 DAGs
[2024-09-15T03:00:50.181+0000] {logging_mixin.py:190} INFO - [2024-09-15T03:00:50.180+0000] {dag.py:4138} INFO - Setting next_dagrun for satelite to 2024-01-01 00:00:00+00:00, run_after=2024-01-01 00:05:00+00:00
[2024-09-15T03:00:50.219+0000] {processor.py:208} INFO - Processing /opt/airflow/dags/satelite/satelite.py took 0.288 seconds
[2024-09-15T03:01:20.473+0000] {processor.py:186} INFO - Started process (PID=604) to work on /opt/airflow/dags/satelite/satelite.py
[2024-09-15T03:01:20.474+0000] {processor.py:914} INFO - Processing file /opt/airflow/dags/satelite/satelite.py for tasks to queue
[2024-09-15T03:01:20.479+0000] {logging_mixin.py:190} INFO - [2024-09-15T03:01:20.478+0000] {dagbag.py:587} INFO - Filling up the DagBag from /opt/airflow/dags/satelite/satelite.py
[2024-09-15T03:01:20.495+0000] {processor.py:925} INFO - DAG(s) 'satelite' retrieved from /opt/airflow/dags/satelite/satelite.py
[2024-09-15T03:01:20.526+0000] {logging_mixin.py:190} INFO - [2024-09-15T03:01:20.525+0000] {dag.py:3211} INFO - Sync 1 DAGs
[2024-09-15T03:01:20.578+0000] {logging_mixin.py:190} INFO - [2024-09-15T03:01:20.578+0000] {dag.py:4138} INFO - Setting next_dagrun for satelite to 2024-01-01 00:00:00+00:00, run_after=2024-01-01 00:05:00+00:00
[2024-09-15T03:01:20.608+0000] {processor.py:208} INFO - Processing /opt/airflow/dags/satelite/satelite.py took 0.147 seconds
[2024-09-15T03:01:50.903+0000] {processor.py:186} INFO - Started process (PID=613) to work on /opt/airflow/dags/satelite/satelite.py
[2024-09-15T03:01:50.905+0000] {processor.py:914} INFO - Processing file /opt/airflow/dags/satelite/satelite.py for tasks to queue
[2024-09-15T03:01:50.909+0000] {logging_mixin.py:190} INFO - [2024-09-15T03:01:50.909+0000] {dagbag.py:587} INFO - Filling up the DagBag from /opt/airflow/dags/satelite/satelite.py
[2024-09-15T03:01:50.926+0000] {processor.py:925} INFO - DAG(s) 'satelite' retrieved from /opt/airflow/dags/satelite/satelite.py
[2024-09-15T03:01:50.961+0000] {logging_mixin.py:190} INFO - [2024-09-15T03:01:50.961+0000] {dag.py:3211} INFO - Sync 1 DAGs
[2024-09-15T03:01:51.022+0000] {logging_mixin.py:190} INFO - [2024-09-15T03:01:51.021+0000] {dag.py:4138} INFO - Setting next_dagrun for satelite to 2024-01-01 00:00:00+00:00, run_after=2024-01-01 00:05:00+00:00
[2024-09-15T03:01:51.057+0000] {processor.py:208} INFO - Processing /opt/airflow/dags/satelite/satelite.py took 0.165 seconds
[2024-09-15T03:02:21.312+0000] {processor.py:186} INFO - Started process (PID=621) to work on /opt/airflow/dags/satelite/satelite.py
[2024-09-15T03:02:21.314+0000] {processor.py:914} INFO - Processing file /opt/airflow/dags/satelite/satelite.py for tasks to queue
[2024-09-15T03:02:21.325+0000] {logging_mixin.py:190} INFO - [2024-09-15T03:02:21.317+0000] {dagbag.py:587} INFO - Filling up the DagBag from /opt/airflow/dags/satelite/satelite.py
[2024-09-15T03:02:21.344+0000] {processor.py:925} INFO - DAG(s) 'satelite' retrieved from /opt/airflow/dags/satelite/satelite.py
[2024-09-15T03:02:21.392+0000] {logging_mixin.py:190} INFO - [2024-09-15T03:02:21.392+0000] {dag.py:3211} INFO - Sync 1 DAGs
[2024-09-15T03:02:21.460+0000] {logging_mixin.py:190} INFO - [2024-09-15T03:02:21.459+0000] {dag.py:4138} INFO - Setting next_dagrun for satelite to 2024-01-01 00:00:00+00:00, run_after=2024-01-01 00:05:00+00:00
[2024-09-15T03:02:21.510+0000] {processor.py:208} INFO - Processing /opt/airflow/dags/satelite/satelite.py took 0.211 seconds
[2024-09-15T03:02:51.805+0000] {processor.py:186} INFO - Started process (PID=630) to work on /opt/airflow/dags/satelite/satelite.py
[2024-09-15T03:02:51.807+0000] {processor.py:914} INFO - Processing file /opt/airflow/dags/satelite/satelite.py for tasks to queue
[2024-09-15T03:02:51.813+0000] {logging_mixin.py:190} INFO - [2024-09-15T03:02:51.812+0000] {dagbag.py:587} INFO - Filling up the DagBag from /opt/airflow/dags/satelite/satelite.py
[2024-09-15T03:02:51.832+0000] {processor.py:925} INFO - DAG(s) 'satelite' retrieved from /opt/airflow/dags/satelite/satelite.py
[2024-09-15T03:02:51.873+0000] {logging_mixin.py:190} INFO - [2024-09-15T03:02:51.873+0000] {dag.py:3211} INFO - Sync 1 DAGs
[2024-09-15T03:02:51.937+0000] {logging_mixin.py:190} INFO - [2024-09-15T03:02:51.937+0000] {dag.py:4138} INFO - Setting next_dagrun for satelite to 2024-01-01 00:00:00+00:00, run_after=2024-01-01 00:05:00+00:00
[2024-09-15T03:02:51.984+0000] {processor.py:208} INFO - Processing /opt/airflow/dags/satelite/satelite.py took 0.192 seconds
[2024-09-15T03:03:22.282+0000] {processor.py:186} INFO - Started process (PID=639) to work on /opt/airflow/dags/satelite/satelite.py
[2024-09-15T03:03:22.298+0000] {processor.py:914} INFO - Processing file /opt/airflow/dags/satelite/satelite.py for tasks to queue
[2024-09-15T03:03:22.302+0000] {logging_mixin.py:190} INFO - [2024-09-15T03:03:22.301+0000] {dagbag.py:587} INFO - Filling up the DagBag from /opt/airflow/dags/satelite/satelite.py
[2024-09-15T03:03:22.322+0000] {processor.py:925} INFO - DAG(s) 'satelite' retrieved from /opt/airflow/dags/satelite/satelite.py
[2024-09-15T03:03:22.369+0000] {logging_mixin.py:190} INFO - [2024-09-15T03:03:22.368+0000] {dag.py:3211} INFO - Sync 1 DAGs
[2024-09-15T03:03:22.444+0000] {logging_mixin.py:190} INFO - [2024-09-15T03:03:22.444+0000] {dag.py:4138} INFO - Setting next_dagrun for satelite to 2024-01-01 00:00:00+00:00, run_after=2024-01-01 00:05:00+00:00
[2024-09-15T03:03:22.541+0000] {processor.py:208} INFO - Processing /opt/airflow/dags/satelite/satelite.py took 0.270 seconds
[2024-09-15T03:03:52.848+0000] {processor.py:186} INFO - Started process (PID=648) to work on /opt/airflow/dags/satelite/satelite.py
[2024-09-15T03:03:52.866+0000] {processor.py:914} INFO - Processing file /opt/airflow/dags/satelite/satelite.py for tasks to queue
[2024-09-15T03:03:52.877+0000] {logging_mixin.py:190} INFO - [2024-09-15T03:03:52.870+0000] {dagbag.py:587} INFO - Filling up the DagBag from /opt/airflow/dags/satelite/satelite.py
[2024-09-15T03:03:52.927+0000] {processor.py:925} INFO - DAG(s) 'satelite' retrieved from /opt/airflow/dags/satelite/satelite.py
[2024-09-15T03:03:53.015+0000] {logging_mixin.py:190} INFO - [2024-09-15T03:03:53.015+0000] {dag.py:3211} INFO - Sync 1 DAGs
[2024-09-15T03:03:53.091+0000] {logging_mixin.py:190} INFO - [2024-09-15T03:03:53.091+0000] {dag.py:4138} INFO - Setting next_dagrun for satelite to 2024-01-01 00:00:00+00:00, run_after=2024-01-01 00:05:00+00:00
[2024-09-15T03:03:53.144+0000] {processor.py:208} INFO - Processing /opt/airflow/dags/satelite/satelite.py took 0.336 seconds
[2024-09-15T03:04:23.521+0000] {processor.py:186} INFO - Started process (PID=656) to work on /opt/airflow/dags/satelite/satelite.py
[2024-09-15T03:04:23.523+0000] {processor.py:914} INFO - Processing file /opt/airflow/dags/satelite/satelite.py for tasks to queue
[2024-09-15T03:04:23.526+0000] {logging_mixin.py:190} INFO - [2024-09-15T03:04:23.526+0000] {dagbag.py:587} INFO - Filling up the DagBag from /opt/airflow/dags/satelite/satelite.py
[2024-09-15T03:04:23.542+0000] {processor.py:925} INFO - DAG(s) 'satelite' retrieved from /opt/airflow/dags/satelite/satelite.py
[2024-09-15T03:04:23.585+0000] {logging_mixin.py:190} INFO - [2024-09-15T03:04:23.585+0000] {dag.py:3211} INFO - Sync 1 DAGs
[2024-09-15T03:04:23.642+0000] {logging_mixin.py:190} INFO - [2024-09-15T03:04:23.641+0000] {dag.py:4138} INFO - Setting next_dagrun for satelite to 2024-01-01 00:00:00+00:00, run_after=2024-01-01 00:05:00+00:00
[2024-09-15T03:04:23.684+0000] {processor.py:208} INFO - Processing /opt/airflow/dags/satelite/satelite.py took 0.174 seconds
[2024-09-15T03:04:53.959+0000] {processor.py:186} INFO - Started process (PID=665) to work on /opt/airflow/dags/satelite/satelite.py
[2024-09-15T03:04:53.960+0000] {processor.py:914} INFO - Processing file /opt/airflow/dags/satelite/satelite.py for tasks to queue
[2024-09-15T03:04:53.965+0000] {logging_mixin.py:190} INFO - [2024-09-15T03:04:53.964+0000] {dagbag.py:587} INFO - Filling up the DagBag from /opt/airflow/dags/satelite/satelite.py
[2024-09-15T03:04:53.979+0000] {processor.py:925} INFO - DAG(s) 'satelite' retrieved from /opt/airflow/dags/satelite/satelite.py
[2024-09-15T03:04:54.010+0000] {logging_mixin.py:190} INFO - [2024-09-15T03:04:54.009+0000] {dag.py:3211} INFO - Sync 1 DAGs
[2024-09-15T03:04:54.068+0000] {logging_mixin.py:190} INFO - [2024-09-15T03:04:54.068+0000] {dag.py:4138} INFO - Setting next_dagrun for satelite to 2024-01-01 00:00:00+00:00, run_after=2024-01-01 00:05:00+00:00
[2024-09-15T03:04:54.125+0000] {processor.py:208} INFO - Processing /opt/airflow/dags/satelite/satelite.py took 0.179 seconds
[2024-09-15T03:05:24.410+0000] {processor.py:186} INFO - Started process (PID=674) to work on /opt/airflow/dags/satelite/satelite.py
[2024-09-15T03:05:24.414+0000] {processor.py:914} INFO - Processing file /opt/airflow/dags/satelite/satelite.py for tasks to queue
[2024-09-15T03:05:24.419+0000] {logging_mixin.py:190} INFO - [2024-09-15T03:05:24.418+0000] {dagbag.py:587} INFO - Filling up the DagBag from /opt/airflow/dags/satelite/satelite.py
[2024-09-15T03:05:24.444+0000] {processor.py:925} INFO - DAG(s) 'satelite' retrieved from /opt/airflow/dags/satelite/satelite.py
[2024-09-15T03:05:24.490+0000] {logging_mixin.py:190} INFO - [2024-09-15T03:05:24.490+0000] {dag.py:3211} INFO - Sync 1 DAGs
[2024-09-15T03:05:24.639+0000] {logging_mixin.py:190} INFO - [2024-09-15T03:05:24.638+0000] {dag.py:4138} INFO - Setting next_dagrun for satelite to 2024-01-01 00:00:00+00:00, run_after=2024-01-01 00:05:00+00:00
[2024-09-15T03:05:24.689+0000] {processor.py:208} INFO - Processing /opt/airflow/dags/satelite/satelite.py took 0.300 seconds
[2024-09-15T03:05:54.936+0000] {processor.py:186} INFO - Started process (PID=682) to work on /opt/airflow/dags/satelite/satelite.py
[2024-09-15T03:05:54.937+0000] {processor.py:914} INFO - Processing file /opt/airflow/dags/satelite/satelite.py for tasks to queue
[2024-09-15T03:05:54.940+0000] {logging_mixin.py:190} INFO - [2024-09-15T03:05:54.939+0000] {dagbag.py:587} INFO - Filling up the DagBag from /opt/airflow/dags/satelite/satelite.py
[2024-09-15T03:05:54.954+0000] {processor.py:925} INFO - DAG(s) 'satelite' retrieved from /opt/airflow/dags/satelite/satelite.py
[2024-09-15T03:05:54.983+0000] {logging_mixin.py:190} INFO - [2024-09-15T03:05:54.983+0000] {dag.py:3211} INFO - Sync 1 DAGs
[2024-09-15T03:05:55.043+0000] {logging_mixin.py:190} INFO - [2024-09-15T03:05:55.043+0000] {dag.py:4138} INFO - Setting next_dagrun for satelite to 2024-01-01 00:00:00+00:00, run_after=2024-01-01 00:05:00+00:00
[2024-09-15T03:05:55.080+0000] {processor.py:208} INFO - Processing /opt/airflow/dags/satelite/satelite.py took 0.156 seconds
[2024-09-15T03:06:25.369+0000] {processor.py:186} INFO - Started process (PID=691) to work on /opt/airflow/dags/satelite/satelite.py
[2024-09-15T03:06:25.388+0000] {processor.py:914} INFO - Processing file /opt/airflow/dags/satelite/satelite.py for tasks to queue
[2024-09-15T03:06:25.393+0000] {logging_mixin.py:190} INFO - [2024-09-15T03:06:25.392+0000] {dagbag.py:587} INFO - Filling up the DagBag from /opt/airflow/dags/satelite/satelite.py
[2024-09-15T03:06:25.410+0000] {processor.py:925} INFO - DAG(s) 'satelite' retrieved from /opt/airflow/dags/satelite/satelite.py
[2024-09-15T03:06:25.440+0000] {logging_mixin.py:190} INFO - [2024-09-15T03:06:25.440+0000] {dag.py:3211} INFO - Sync 1 DAGs
[2024-09-15T03:06:25.502+0000] {logging_mixin.py:190} INFO - [2024-09-15T03:06:25.502+0000] {dag.py:4138} INFO - Setting next_dagrun for satelite to 2024-01-01 00:00:00+00:00, run_after=2024-01-01 00:05:00+00:00
[2024-09-15T03:06:25.540+0000] {processor.py:208} INFO - Processing /opt/airflow/dags/satelite/satelite.py took 0.183 seconds
[2024-09-15T03:06:55.835+0000] {processor.py:186} INFO - Started process (PID=700) to work on /opt/airflow/dags/satelite/satelite.py
[2024-09-15T03:06:55.837+0000] {processor.py:914} INFO - Processing file /opt/airflow/dags/satelite/satelite.py for tasks to queue
[2024-09-15T03:06:55.843+0000] {logging_mixin.py:190} INFO - [2024-09-15T03:06:55.842+0000] {dagbag.py:587} INFO - Filling up the DagBag from /opt/airflow/dags/satelite/satelite.py
[2024-09-15T03:06:55.862+0000] {processor.py:925} INFO - DAG(s) 'satelite' retrieved from /opt/airflow/dags/satelite/satelite.py
[2024-09-15T03:06:55.900+0000] {logging_mixin.py:190} INFO - [2024-09-15T03:06:55.900+0000] {dag.py:3211} INFO - Sync 1 DAGs
[2024-09-15T03:06:55.964+0000] {logging_mixin.py:190} INFO - [2024-09-15T03:06:55.963+0000] {dag.py:4138} INFO - Setting next_dagrun for satelite to 2024-01-01 00:00:00+00:00, run_after=2024-01-01 00:05:00+00:00
[2024-09-15T03:06:55.998+0000] {processor.py:208} INFO - Processing /opt/airflow/dags/satelite/satelite.py took 0.175 seconds
[2024-09-15T03:07:26.277+0000] {processor.py:186} INFO - Started process (PID=708) to work on /opt/airflow/dags/satelite/satelite.py
[2024-09-15T03:07:26.278+0000] {processor.py:914} INFO - Processing file /opt/airflow/dags/satelite/satelite.py for tasks to queue
[2024-09-15T03:07:26.284+0000] {logging_mixin.py:190} INFO - [2024-09-15T03:07:26.283+0000] {dagbag.py:587} INFO - Filling up the DagBag from /opt/airflow/dags/satelite/satelite.py
[2024-09-15T03:07:26.308+0000] {processor.py:925} INFO - DAG(s) 'satelite' retrieved from /opt/airflow/dags/satelite/satelite.py
[2024-09-15T03:07:26.352+0000] {logging_mixin.py:190} INFO - [2024-09-15T03:07:26.352+0000] {dag.py:3211} INFO - Sync 1 DAGs
[2024-09-15T03:07:26.418+0000] {logging_mixin.py:190} INFO - [2024-09-15T03:07:26.418+0000] {dag.py:4138} INFO - Setting next_dagrun for satelite to 2024-01-01 00:00:00+00:00, run_after=2024-01-01 00:05:00+00:00
[2024-09-15T03:07:26.457+0000] {processor.py:208} INFO - Processing /opt/airflow/dags/satelite/satelite.py took 0.193 seconds
[2024-09-15T03:07:56.724+0000] {processor.py:186} INFO - Started process (PID=716) to work on /opt/airflow/dags/satelite/satelite.py
[2024-09-15T03:07:56.726+0000] {processor.py:914} INFO - Processing file /opt/airflow/dags/satelite/satelite.py for tasks to queue
[2024-09-15T03:07:56.730+0000] {logging_mixin.py:190} INFO - [2024-09-15T03:07:56.729+0000] {dagbag.py:587} INFO - Filling up the DagBag from /opt/airflow/dags/satelite/satelite.py
[2024-09-15T03:07:56.751+0000] {processor.py:925} INFO - DAG(s) 'satelite' retrieved from /opt/airflow/dags/satelite/satelite.py
[2024-09-15T03:07:56.785+0000] {logging_mixin.py:190} INFO - [2024-09-15T03:07:56.784+0000] {dag.py:3211} INFO - Sync 1 DAGs
[2024-09-15T03:07:56.849+0000] {logging_mixin.py:190} INFO - [2024-09-15T03:07:56.848+0000] {dag.py:4138} INFO - Setting next_dagrun for satelite to 2024-01-01 00:00:00+00:00, run_after=2024-01-01 00:05:00+00:00
[2024-09-15T03:07:56.885+0000] {processor.py:208} INFO - Processing /opt/airflow/dags/satelite/satelite.py took 0.172 seconds
[2024-09-15T03:08:27.167+0000] {processor.py:186} INFO - Started process (PID=724) to work on /opt/airflow/dags/satelite/satelite.py
[2024-09-15T03:08:27.169+0000] {processor.py:914} INFO - Processing file /opt/airflow/dags/satelite/satelite.py for tasks to queue
[2024-09-15T03:08:27.173+0000] {logging_mixin.py:190} INFO - [2024-09-15T03:08:27.172+0000] {dagbag.py:587} INFO - Filling up the DagBag from /opt/airflow/dags/satelite/satelite.py
[2024-09-15T03:08:27.188+0000] {processor.py:925} INFO - DAG(s) 'satelite' retrieved from /opt/airflow/dags/satelite/satelite.py
[2024-09-15T03:08:27.218+0000] {logging_mixin.py:190} INFO - [2024-09-15T03:08:27.217+0000] {dag.py:3211} INFO - Sync 1 DAGs
[2024-09-15T03:08:27.270+0000] {logging_mixin.py:190} INFO - [2024-09-15T03:08:27.269+0000] {dag.py:4138} INFO - Setting next_dagrun for satelite to 2024-01-01 00:00:00+00:00, run_after=2024-01-01 00:05:00+00:00
[2024-09-15T03:08:27.303+0000] {processor.py:208} INFO - Processing /opt/airflow/dags/satelite/satelite.py took 0.147 seconds
[2024-09-15T03:08:57.603+0000] {processor.py:186} INFO - Started process (PID=732) to work on /opt/airflow/dags/satelite/satelite.py
[2024-09-15T03:08:57.605+0000] {processor.py:914} INFO - Processing file /opt/airflow/dags/satelite/satelite.py for tasks to queue
[2024-09-15T03:08:57.616+0000] {logging_mixin.py:190} INFO - [2024-09-15T03:08:57.615+0000] {dagbag.py:587} INFO - Filling up the DagBag from /opt/airflow/dags/satelite/satelite.py
[2024-09-15T03:08:57.653+0000] {processor.py:925} INFO - DAG(s) 'satelite' retrieved from /opt/airflow/dags/satelite/satelite.py
[2024-09-15T03:08:57.710+0000] {logging_mixin.py:190} INFO - [2024-09-15T03:08:57.709+0000] {dag.py:3211} INFO - Sync 1 DAGs
[2024-09-15T03:08:57.787+0000] {logging_mixin.py:190} INFO - [2024-09-15T03:08:57.785+0000] {dag.py:4138} INFO - Setting next_dagrun for satelite to 2024-01-01 00:00:00+00:00, run_after=2024-01-01 00:05:00+00:00
[2024-09-15T03:08:57.834+0000] {processor.py:208} INFO - Processing /opt/airflow/dags/satelite/satelite.py took 0.247 seconds
